   0.00159      14.22657
   0.00477      13.08896
   0.00794      12.19017
   0.01112      11.59440
   0.01430      11.11162
   0.01747      10.79062
   0.02065      10.33096
   0.02383       9.98685
   0.02700       9.68640
   0.03018       9.36026
   0.03336       8.73881
   0.03653       8.36903
   0.03971       7.96072
   0.04289       7.46510
   0.04606       7.26480
   0.04924       7.11329
   0.05242       6.74863
   0.05559       6.41223
   0.05877       6.15543
   0.06195       5.83700
   0.06512       5.47492
   0.06830       5.25407
   0.07148       5.05120
   0.07465       4.85604
   0.07783       4.76359
   0.08101       4.73791
   0.08418       4.18066
   0.08736       4.17039
   0.09054       3.84169
   0.09371       3.81344
   0.09689       3.65936
   0.10007       3.68504
   0.10324       3.35891
   0.10642       3.29728
   0.10960       3.02507
   0.11277       2.86586
   0.11595       2.86072
   0.11913       2.61420
   0.12230       2.54486
   0.12548       2.49093
   0.12866       2.31118
   0.13183       2.24184
   0.13501       2.18278
   0.13819       2.10831
   0.14136       2.03127
   0.14454       1.89516
   0.14772       1.84894
   0.15089       1.68973
   0.15407       1.76163
   0.15725       1.77704
   0.16042       1.57930
   0.16360       1.53565
   0.16678       1.38671
   0.16995       1.37900
   0.17313       1.45090
   0.17631       1.30453
   0.17948       1.26601
   0.18266       1.11450
   0.18584       1.06571
   0.18901       1.11707
   0.19219       1.02976
   0.19537       1.10936
   0.19854       0.96042
   0.20172       0.91933
   0.20490       0.92190
   0.20807       0.84230
   0.21125       0.68051
   0.21443       0.69592
   0.21760       0.76012
   0.22078       0.68822
   0.22396       0.73444
   0.22713       0.63686
   0.23031       0.66511
   0.23349       0.51103
   0.23666       0.56495
   0.23984       0.60861
   0.24302       0.54441
   0.24619       0.52130
   0.24937       0.53671
   0.25255       0.51103
   0.25572       0.41344
   0.25890       0.42372
   0.26208       0.40317
   0.26525       0.42115
   0.26843       0.34411
   0.27161       0.42628
   0.27478       0.37749
   0.27796       0.29788
   0.28114       0.34411
   0.28431       0.31843
   0.28749       0.31072
   0.29067       0.28248
   0.29384       0.27477
   0.29702       0.27734
   0.30020       0.20287
   0.30337       0.25423
   0.30655       0.26450
   0.30973       0.22341
   0.31290       0.22085
   0.31608       0.24653
