         0.00159        15.35113
         0.00477        14.60245
         0.00794        13.89028
         0.01112        13.21284
         0.01430        12.56845
         0.01747        11.95548
         0.02065        11.37240
         0.02383        10.81776
         0.02700        10.29017
         0.03018         9.78832
         0.03336         9.31093
         0.03653         8.85683
         0.03971         8.42488
         0.04289         8.01400
         0.04606         7.62315
         0.04924         7.25136
         0.05242         6.89771
         0.05559         6.56130
         0.05877         6.24131
         0.06195         5.93691
         0.06512         5.64737
         0.06830         5.37194
         0.07148         5.10995
         0.07465         4.86073
         0.07783         4.62367
         0.08101         4.39817
         0.08418         4.18367
         0.08736         3.97963
         0.09054         3.78554
         0.09371         3.60092
         0.09689         3.42530
         0.10007         3.25825
         0.10324         3.09934
         0.10642         2.94818
         0.10960         2.80440
         0.11277         2.66763
         0.11595         2.53753
         0.11913         2.41377
         0.12230         2.29605
         0.12548         2.18407
         0.12866         2.07755
         0.13183         1.97623
         0.13501         1.87985
         0.13819         1.78816
         0.14136         1.70095
         0.14454         1.61800
         0.14772         1.53909
         0.15089         1.46402
         0.15407         1.39262
         0.15725         1.32470
         0.16042         1.26010
         0.16360         1.19864
         0.16678         1.14018
         0.16995         1.08458
         0.17313         1.03168
         0.17631         0.98137
         0.17948         0.93350
         0.18266         0.88798
         0.18584         0.84467
         0.18901         0.80347
         0.19219         0.76429
         0.19537         0.72701
         0.19854         0.69156
         0.20172         0.65783
         0.20490         0.62575
         0.20807         0.59523
         0.21125         0.56620
         0.21443         0.53858
         0.21760         0.51232
         0.22078         0.48733
         0.22396         0.46356
         0.22713         0.44096
         0.23031         0.41945
         0.23349         0.39899
         0.23666         0.37953
         0.23984         0.36102
         0.24302         0.34342
         0.24619         0.32667
         0.24937         0.31074
         0.25255         0.29558
         0.25572         0.28117
         0.25890         0.26745
         0.26208         0.25441
         0.26525         0.24200
         0.26843         0.23020
         0.27161         0.21897
         0.27478         0.20829
         0.27796         0.19813
         0.28114         0.18847
         0.28431         0.17928
         0.28749         0.17054
         0.29067         0.16222
         0.29384         0.15431
         0.29702         0.14678
         0.30020         0.13962
         0.30337         0.13281
         0.30655         0.12634
         0.30973         0.12017
         0.31290         0.11431
         0.31608         0.10874
