    0.000000000000000         2.557461363564162     
   2.5000000000000000E-002    2.331936360644358     
   5.0000000000000000E-002    1.766581187261075     
   7.5000000000000009E-002    1.088737338070994     
   0.1000000000000000        0.4867843990730377     
   0.1250000000000000        5.4381746457298767E-002
   0.1500000000000000       -0.1955642111925656     
   0.1750000000000000       -0.2974144485207878     
   0.2000000000000000       -0.3026301221617017     
   0.2250000000000000       -0.2597400855877932     
   0.2500000000000000       -0.2043065415137261     
   0.2750000000000000       -0.1567112400793013     
   0.3000000000000000       -0.1247284467614254     
   0.3250000000000000       -0.1078464359176987     
   0.3500000000000000       -0.1015107323373692     
   0.3750000000000000       -0.1002851325045523     
   0.4000000000000000       -9.9605903954548243E-002
   0.4250000000000000       -9.6435709734762209E-002
   0.4500000000000000       -8.9474466221457067E-002
   0.4750000000000000       -7.9084302958958670E-002
   0.5000000000000000       -6.6747796878872805E-002
   0.5250000000000000       -5.4429578723026513E-002
   0.5500000000000000       -4.3947274765463433E-002
   0.5750000000000001       -3.6231122340591737E-002
   0.6000000000000001       -3.1068748012875029E-002
   0.6250000000000000       -2.7605712588712121E-002
   0.6500000000000000       -2.5074922860996951E-002
   0.6750000000000000       -2.3030087474352428E-002
   0.7000000000000001       -2.1135636428990736E-002
   0.7250000000000001       -1.9034124183854670E-002
   0.7500000000000000       -1.6525894789019491E-002
   0.7750000000000000       -1.3610765991708409E-002
   0.8000000000000000       -1.0618102519155803E-002
   0.8250000000000000       -8.0812141947492417E-003
   0.8500000000000000       -6.4121132428109409E-003
   0.8750000000000000       -5.6655232699081557E-003
   0.9000000000000000       -5.5707779678966540E-003
   0.9250000000000000       -5.8614211069469855E-003
   0.9500000000000000       -6.3884501984743114E-003
   0.9750000000000000       -7.1028696562759137E-003
    1.000000000000000       -7.8336577190174630E-003
    1.025000000000000       -8.2044437812242030E-003
    1.050000000000000       -7.9240375361452342E-003
    1.075000000000000       -6.9685768739578382E-003
    1.100000000000000       -5.5184881624603888E-003
    1.125000000000000       -3.8835505462617412E-003
    1.150000000000000       -2.4050327842083314E-003
    1.175000000000000       -1.0958830817910754E-003
    1.200000000000000        3.9588839430788205E-004
    1.225000000000000        2.2776657677779113E-003
    1.250000000000000        4.2347074526332751E-003
    1.275000000000000        5.5753144914542627E-003
    1.300000000000000        5.6178690868251460E-003
    1.325000000000000        4.0631260234903213E-003
    1.350000000000000        1.2309185487730372E-003
    1.375000000000000       -2.0443988141344809E-003
    1.400000000000000       -4.8214244298782809E-003
    1.425000000000000       -6.6180370697920887E-003
    1.450000000000000       -7.7628398944144799E-003
    1.475000000000000       -9.0001522310192872E-003
    1.500000000000000       -1.0598517224560078E-002
    1.525000000000000       -1.2129069667264618E-002
    1.550000000000000       -1.3092423356219995E-002
    1.575000000000000       -1.3441135863534412E-002
    1.600000000000000       -1.3257080493446907E-002
    1.625000000000000       -1.2471912029906760E-002
    1.650000000000000       -1.1096278332208580E-002
    1.675000000000000       -9.3793355211634619E-003
    1.700000000000000       -7.6845624305992306E-003
    1.725000000000000       -6.2759119007846138E-003
    1.750000000000000       -5.2824060648457145E-003
    1.775000000000000       -4.8450903461381243E-003
    1.800000000000000       -5.1414947819135595E-003
    1.825000000000000       -6.1161286762304821E-003
    1.850000000000000       -7.2860086581750894E-003
    1.875000000000000       -7.9921140221585043E-003
    1.900000000000000       -7.9276557888323529E-003
    1.925000000000000       -7.3444861399485823E-003
    1.950000000000000       -6.7072251111250463E-003
    1.975000000000000       -6.4763763817325417E-003
    2.000000000000000       -6.9558991726477162E-003
    2.025000000000000       -8.0552819675980523E-003
    2.050000000000000       -9.0577462991551911E-003
    2.075000000000000       -8.8541962713927340E-003
    2.100000000000000       -6.4741657992647363E-003
    2.125000000000000       -1.7453588929989183E-003
    2.150000000000000        4.3629542257995615E-003
    2.175000000000000        1.0353888349696008E-002
    2.200000000000000        1.5093216576716994E-002
    2.225000000000000        1.8106750979920623E-002
    2.250000000000000        1.9461303860453910E-002
    2.275000000000000        1.9432639862876449E-002
    2.300000000000000        1.8340172681101311E-002
    2.325000000000000        1.6533282044604691E-002
    2.350000000000000        1.4371253345183000E-002
    2.375000000000000        1.2147086559031530E-002
    2.400000000000000        9.9860410099758425E-003
    2.425000000000000        7.9186243443207847E-003
    2.450000000000000        5.9316064383536613E-003
    2.475000000000000        4.1399747997461072E-003
    2.500000000000000        2.8739503289223034E-003
    2.525000000000000        2.4429250916187106E-003
    2.550000000000000        2.8687895546794051E-003
    2.575000000000000        3.7112688967591319E-003
    2.600000000000000        4.2744408042583348E-003
    2.625000000000000        4.2632644959940711E-003
    2.650000000000000        3.8200255810294625E-003
    2.675000000000000        2.9683842295159387E-003
    2.700000000000000        1.5809349653702953E-003
    2.725000000000000       -1.3355825205976291E-004
    2.750000000000000       -1.3939779314226641E-003
    2.775000000000000       -1.4790616963014158E-003
    2.800000000000000       -2.6756879161798519E-004
    2.825000000000000        1.8995554992131897E-003
    2.850000000000000        4.5134733688649664E-003
    2.875000000000000        7.0668552441160237E-003
    2.900000000000000        9.0397860487024868E-003
    2.925000000000000        9.7903748217228141E-003
    2.950000000000000        8.7079000331282135E-003
    2.975000000000000        5.5827562440228586E-003
    3.000000000000000        1.0262550988355357E-003
    3.025000000000000       -3.6005960701927746E-003
    3.050000000000000       -6.7470797081165035E-003
    3.075000000000000       -7.3727001340748100E-003
    3.100000000000000       -5.4501311548505740E-003
    3.125000000000000       -2.0455426004053781E-003
    3.150000000000000        1.2232595072851509E-003
    3.175000000000000        3.0390295863133510E-003
    3.200000000000000        2.7596458805501789E-003
    3.225000000000000        3.4634814701724306E-004
    3.250000000000000       -3.5191911306242707E-003
    3.275000000000000       -7.5875101622932259E-003
    3.300000000000000       -1.0885525747664655E-002
    3.325000000000000       -1.3457721160064493E-002
    3.350000000000000       -1.6008188973515503E-002
    3.375000000000000       -1.8850446665388883E-002
    3.400000000000000       -2.1376789093505568E-002
    3.425000000000000       -2.2438469623946822E-002
    3.450000000000000       -2.1156975619118041E-002
    3.475000000000000       -1.7617137809150485E-002
    3.500000000000000       -1.2837624919049506E-002
    3.525000000000000       -8.1332757751717502E-003
    3.550000000000000       -4.3652709822850957E-003
    3.575000000000000       -1.6046633557754175E-003
    3.600000000000000        4.8543917446048015E-004
    3.625000000000000        2.1880112222374342E-003
    3.650000000000000        3.6262981486936074E-003
    3.675000000000000        4.7126055811127099E-003
    3.700000000000000        5.4173972957987075E-003
    3.725000000000000        6.0900926476434689E-003
    3.750000000000000        7.1372453256830770E-003
    3.775000000000000        8.4151489364682757E-003
    3.800000000000000        9.1342641529352697E-003
    3.825000000000000        8.5069940553696171E-003
    3.850000000000000        6.3095861881861772E-003
    3.875000000000000        2.9182218179751018E-003
    3.900000000000000       -9.1705661241944298E-004
    3.925000000000000       -4.2347216526770417E-003
    3.950000000000000       -6.1121361157690748E-003
    3.975000000000000       -6.1899935526110390E-003
    4.000000000000000       -5.0509955936446769E-003
