    0.000000000000000         2.566078778522094     
   2.5000000000000000E-002    2.341912414058472     
   5.0000000000000000E-002    1.779758224354205     
   7.5000000000000009E-002    1.105494518301670     
   0.1000000000000000        0.5064216236957434     
   0.1250000000000000        7.5751833666504425E-002
   0.1500000000000000       -0.1735282947051372     
   0.1750000000000000       -0.2755402681915986     
   0.2000000000000000       -0.2820562661398529     
   0.2250000000000000       -0.2421797863004675     
   0.2500000000000000       -0.1916597887564834     
   0.2750000000000000       -0.1502877323856503     
   0.3000000000000000       -0.1241310712131603     
   0.3250000000000000       -0.1101675230054871     
   0.3500000000000000       -0.1018747124076828     
   0.3750000000000000       -9.3910899427902059E-002
   0.4000000000000000       -8.4286092057818518E-002
   0.4250000000000000       -7.3745113642323261E-002
   0.4500000000000000       -6.3802674620567448E-002
   0.4750000000000000       -5.5091973828821654E-002
   0.5000000000000000       -4.7119133281115531E-002
   0.5250000000000000       -3.9181473301954121E-002
   0.5500000000000000       -3.1214546414227327E-002
   0.5750000000000001       -2.4049148198025954E-002
   0.6000000000000001       -1.8902237110730965E-002
   0.6250000000000000       -1.6385469506291979E-002
   0.6500000000000000       -1.6161800551316259E-002
   0.6750000000000000       -1.7490718213424388E-002
   0.7000000000000001       -1.9612299364671280E-002
   0.7250000000000001       -2.1794608718696828E-002
   0.7500000000000000       -2.3346320564111274E-002
   0.7750000000000000       -2.3721625594030891E-002
   0.8000000000000000       -2.2803481504260645E-002
   0.8250000000000000       -2.1115629438030235E-002
   0.8500000000000000       -1.9570355472618285E-002
   0.8750000000000000       -1.8914045216790878E-002
   0.9000000000000000       -1.9310991768490645E-002
   0.9250000000000000       -2.0274122225116904E-002
   0.9500000000000000       -2.1109626629041318E-002
   0.9750000000000000       -2.1463165905198509E-002
    1.000000000000000       -2.1517689609910984E-002
    1.025000000000000       -2.1702360806410304E-002
    1.050000000000000       -2.2258204304599762E-002
    1.075000000000000       -2.2753484605680834E-002
    1.100000000000000       -2.2084359942169414E-002
    1.125000000000000       -1.9446181677308980E-002
    1.150000000000000       -1.5028709583655671E-002
    1.175000000000000       -9.7695031417962337E-003
    1.200000000000000       -4.6453962154131272E-003
    1.225000000000000       -1.6421844116420480E-004
    1.250000000000000        3.7304106615398207E-003
    1.275000000000000        7.2912046863137547E-003
    1.300000000000000        1.0452229340712713E-002
    1.325000000000000        1.2779617219217287E-002
    1.350000000000000        1.3849361206692117E-002
    1.375000000000000        1.3390010549636611E-002
    1.400000000000000        1.1347077351147747E-002
    1.425000000000000        8.0295419806783190E-003
    1.450000000000000        4.0821489976658185E-003
    1.475000000000000        3.1420588881087297E-004
    1.500000000000000       -2.7779198546554671E-003
    1.525000000000000       -5.3061639421537299E-003
    1.550000000000000       -7.6255562841465343E-003
    1.575000000000000       -9.9351930831350330E-003
    1.600000000000000       -1.2168744270365319E-002
    1.625000000000000       -1.3887237776872896E-002
    1.650000000000000       -1.4405334545942797E-002
    1.675000000000000       -1.3254819281384020E-002
    1.700000000000000       -1.0483996291046813E-002
    1.725000000000000       -6.5789854892527071E-003
    1.750000000000000       -2.2680182293161582E-003
    1.775000000000000        1.7392639953886180E-003
    1.800000000000000        5.1051677616248785E-003
    1.825000000000000        7.8244439272490753E-003
    1.850000000000000        9.8750215592597801E-003
    1.875000000000000        1.1026863267057514E-002
    1.900000000000000        1.0939531593475391E-002
    1.925000000000000        9.4852448469293584E-003
    1.950000000000000        7.0473049825340777E-003
    1.975000000000000        4.4761860454656066E-003
    2.000000000000000        2.7430323958479921E-003
    2.025000000000000        2.5855304797102296E-003
    2.050000000000000        4.0510206705963974E-003
    2.075000000000000        6.3455323593606376E-003
    2.100000000000000        8.3294143253776127E-003
    2.125000000000000        9.1365380027299015E-003
    2.150000000000000        8.3507385967429926E-003
    2.175000000000000        5.8875689235946709E-003
    2.200000000000000        2.0490466816835777E-003
    2.225000000000000       -2.5350437787108921E-003
    2.250000000000000       -6.9395474206496823E-003
    2.275000000000000       -1.0136340065224090E-002
    2.300000000000000       -1.1473755165201640E-002
    2.325000000000000       -1.0909365350009375E-002
    2.350000000000000       -8.7605757300223619E-003
    2.375000000000000       -5.3359674154333785E-003
    2.400000000000000       -1.1738808442520470E-003
    2.425000000000000        2.8557903965613637E-003
    2.450000000000000        5.9583086679145740E-003
    2.475000000000000        7.7063948955295114E-003
    2.500000000000000        8.1608786620928679E-003
    2.525000000000000        7.6914026886644962E-003
    2.550000000000000        6.6718033075600713E-003
    2.575000000000000        5.3121803890283790E-003
    2.600000000000000        3.6686340421148076E-003
    2.625000000000000        1.6199170610556733E-003
    2.650000000000000       -9.9802602129523095E-004
    2.675000000000000       -4.1273504151763500E-003
    2.700000000000000       -7.3942846740749903E-003
    2.725000000000000       -1.0280788918421542E-002
    2.750000000000000       -1.2299307415798766E-002
    2.775000000000000       -1.3138976876592068E-002
    2.800000000000000       -1.2815612403224719E-002
    2.825000000000000       -1.1645392925212419E-002
    2.850000000000000       -1.0116556729926607E-002
    2.875000000000000       -8.7131816574093204E-003
    2.900000000000000       -7.6265581325981104E-003
    2.925000000000000       -6.4370180098952137E-003
    2.950000000000000       -4.2808837133663937E-003
    2.975000000000000       -6.8425560939623464E-004
    3.000000000000000        3.7420314376246266E-003
    3.025000000000000        7.6149726364704859E-003
    3.050000000000000        9.7974667402022355E-003
    3.075000000000000        9.9551141810449515E-003
    3.100000000000000        8.2516384226080959E-003
    3.125000000000000        4.9544935200301898E-003
    3.150000000000000        6.8550775373392181E-004
    3.175000000000000       -3.4249668428667359E-003
    3.200000000000000       -6.1435365369594317E-003
    3.225000000000000       -6.6838546055264949E-003
    3.250000000000000       -4.9622169657512636E-003
    3.275000000000000       -1.4971430424629091E-003
    3.300000000000000        2.7775960734275049E-003
    3.325000000000000        6.7429803187189599E-003
    3.350000000000000        9.4185242389717612E-003
    3.375000000000000        1.0413743551597985E-002
    3.400000000000000        1.0227760007533466E-002
    3.425000000000000        9.7672614582711201E-003
    3.450000000000000        9.6767201838465873E-003
    3.475000000000000        1.0059783467157775E-002
    3.500000000000000        1.0779914406752347E-002
    3.525000000000000        1.1959554539653501E-002
    3.550000000000000        1.3731596614662513E-002
    3.575000000000000        1.5594890833819441E-002
    3.600000000000000        1.6535009019608808E-002
    3.625000000000000        1.5650771722859423E-002
    3.650000000000000        1.2613113542822243E-002
    3.675000000000000        7.9854271261886804E-003
    3.700000000000000        2.9925850460377127E-003
    3.725000000000000       -1.1930986329018887E-003
    3.750000000000000       -3.9345351658742889E-003
    3.775000000000000       -5.3503207435972406E-003
    3.800000000000000       -6.0710878907516701E-003
    3.825000000000000       -6.8930794296633131E-003
    3.850000000000000       -8.3829502358360273E-003
    3.875000000000000       -1.0360669124331043E-002
    3.900000000000000       -1.2067660081816340E-002
    3.925000000000000       -1.2897423496808205E-002
    3.950000000000000       -1.2702393371054643E-002
    3.975000000000000       -1.1639995067208946E-002
    4.000000000000000       -1.0014756352352057E-002
