    0.000000000000000         2.566183706846296     
   2.5000000000000000E-002    2.341659503000701     
   5.0000000000000000E-002    1.778428746444744     
   7.5000000000000009E-002    1.102309876574040     
   0.1000000000000000        0.5006710909535488     
   0.1250000000000000        6.7076317597926005E-002
   0.1500000000000000       -0.1847860563562410     
   0.1750000000000000       -0.2880737361445375     
   0.2000000000000000       -0.2937456425157132     
   0.2250000000000000       -0.2511108499902090     
   0.2500000000000000       -0.1971893827935553     
   0.2750000000000000       -0.1531411623603241     
   0.3000000000000000       -0.1258474620448115     
   0.3250000000000000       -0.1125566473941122     
   0.3500000000000000       -0.1065249754118326     
   0.3750000000000000       -0.1015545633425222     
   0.4000000000000000       -9.4140155466374775E-002
   0.4250000000000000       -8.3660474861747218E-002
   0.4500000000000000       -7.1531623017626265E-002
   0.4750000000000000       -5.9762524211176782E-002
   0.5000000000000000       -4.9693912592772529E-002
   0.5250000000000000       -4.1427916653651948E-002
   0.5500000000000000       -3.4199159997576052E-002
   0.5750000000000001       -2.7205175756468893E-002
   0.6000000000000001       -2.0224688569190539E-002
   0.6250000000000000       -1.3892538035449209E-002
   0.6500000000000000       -9.2604198573540906E-003
   0.6750000000000000       -6.7737709276579920E-003
   0.7000000000000001       -5.9962638020295138E-003
   0.7250000000000001       -6.2018697885847800E-003
   0.7500000000000000       -6.8820153554009860E-003
   0.7750000000000000       -7.7361557485846477E-003
   0.8000000000000000       -8.3954026628934493E-003
   0.8250000000000000       -8.3210833123597574E-003
   0.8500000000000000       -6.9309231129845772E-003
   0.8750000000000000       -3.8931179128369129E-003
   0.9000000000000000        3.3583599291804256E-004
   0.9250000000000000        4.4129414825555715E-003
   0.9500000000000000        6.8544645262145121E-003
   0.9750000000000000        6.8430084764236563E-003
    1.000000000000000        4.5713520172661397E-003
    1.025000000000000        1.0553590691154944E-003
    1.050000000000000       -2.5898655703179458E-003
    1.075000000000000       -5.8601717865294090E-003
    1.100000000000000       -8.7165902402765951E-003
    1.125000000000000       -1.1041927188547072E-002
    1.150000000000000       -1.2687941583306528E-002
    1.175000000000000       -1.3838947683345235E-002
    1.200000000000000       -1.4790364853195703E-002
    1.225000000000000       -1.5425440867870286E-002
    1.250000000000000       -1.5082580740770313E-002
    1.275000000000000       -1.2968150022352989E-002
    1.300000000000000       -8.7572450608192458E-003
    1.325000000000000       -3.0509431174189290E-003
    1.350000000000000        2.6710575309631093E-003
    1.375000000000000        6.8147442193499863E-003
    1.400000000000000        8.5813491774752375E-003
    1.425000000000000        8.1345646215434364E-003
    1.450000000000000        6.0434287669131903E-003
    1.475000000000000        2.9357482201511234E-003
    1.500000000000000       -5.1338876347445375E-004
    1.525000000000000       -3.6971667567681332E-003
    1.550000000000000       -6.2920533453492506E-003
    1.575000000000000       -8.3197070527544206E-003
    1.600000000000000       -9.9125847802172586E-003
    1.625000000000000       -1.1019978524981946E-002
    1.650000000000000       -1.1380605877722425E-002
    1.675000000000000       -1.0772607955983489E-002
    1.700000000000000       -9.4947411408325326E-003
    1.725000000000000       -8.3510679512630972E-003
    1.750000000000000       -7.9487593028297336E-003
    1.775000000000000       -8.3630514877810391E-003
    1.800000000000000       -9.1938660111276498E-003
    1.825000000000000       -9.5657100412261507E-003
    1.850000000000000       -8.4654452594829390E-003
    1.875000000000000       -5.4777962408902381E-003
    1.900000000000000       -1.1141975092247336E-003
    1.925000000000000        3.5342939722909938E-003
    1.950000000000000        7.3571447233560416E-003
    1.975000000000000        9.5516113563337299E-003
    2.000000000000000        9.5488436479350227E-003
    2.025000000000000        7.2375753095307358E-003
    2.050000000000000        3.4033555782417491E-003
    2.075000000000000       -5.5997055938879114E-004
    2.100000000000000       -3.3123470340284782E-003
    2.125000000000000       -3.9942984762973364E-003
    2.150000000000000       -2.6333330649282334E-003
    2.175000000000000       -1.0589924044251533E-004
    2.200000000000000        2.5409306987628795E-003
    2.225000000000000        4.5890624064801608E-003
    2.250000000000000        5.8893632895988057E-003
    2.275000000000000        6.7987490970677422E-003
    2.300000000000000        7.6597643436082929E-003
    2.325000000000000        8.3630104951310731E-003
    2.350000000000000        8.4401782211207141E-003
    2.375000000000000        7.5519719413494215E-003
    2.400000000000000        5.7237208270694664E-003
    2.425000000000000        3.2114254356443386E-003
    2.450000000000000        3.9703545931796103E-004
    2.475000000000000       -2.2508083031892889E-003
    2.500000000000000       -4.3524127405762840E-003
    2.525000000000000       -5.7428731379604656E-003
    2.550000000000000       -6.5531703530921330E-003
    2.575000000000000       -6.8660418748845657E-003
    2.600000000000000       -6.3773675879814062E-003
    2.625000000000000       -4.7540395858133930E-003
    2.650000000000000       -2.0284166660869909E-003
    2.675000000000000        1.5965729559561597E-003
    2.700000000000000        5.8506789133130734E-003
    2.725000000000000        1.0167146425213338E-002
    2.750000000000000        1.3545254237418907E-002
    2.775000000000000        1.5061204113468056E-002
    2.800000000000000        1.4448492691747283E-002
    2.825000000000000        1.2081407027297291E-002
    2.850000000000000        8.6089700877454352E-003
    2.875000000000000        4.6845553502362138E-003
    2.900000000000000        9.7145300593237423E-004
    2.925000000000000       -1.7823950717388040E-003
    2.950000000000000       -2.9015912145434557E-003
    2.975000000000000       -2.2861930018088175E-003
    3.000000000000000       -6.5762933254338591E-004
    3.025000000000000        7.5349511454861755E-004
    3.050000000000000        9.1658345469811717E-004
    3.075000000000000       -4.5392205782204904E-004
    3.100000000000000       -2.7992314433408021E-003
    3.125000000000000       -4.9208010052123194E-003
    3.150000000000000       -5.6556516667388292E-003
    3.175000000000000       -4.5769788980654340E-003
    3.200000000000000       -1.9652477413381241E-003
    3.225000000000000        1.5987378994702716E-003
    3.250000000000000        5.3615658115654838E-003
    3.275000000000000        8.3561340359015528E-003
    3.300000000000000        9.3993864889303520E-003
    3.325000000000000        7.6154296969099988E-003
    3.350000000000000        3.1786995942539442E-003
    3.375000000000000       -2.6709354409363195E-003
    3.400000000000000       -8.1405713140788585E-003
    3.425000000000000       -1.1528821720518632E-002
    3.450000000000000       -1.1878974945571350E-002
    3.475000000000000       -9.2512483411816930E-003
    3.500000000000000       -4.6538145273222034E-003
    3.525000000000000        4.3096011287317193E-004
    3.550000000000000        4.6768090988368138E-003
    3.575000000000000        7.2257798791790506E-003
    3.600000000000000        7.8086102938196937E-003
    3.625000000000000        6.7103970576815701E-003
    3.650000000000000        4.5958689368824581E-003
    3.675000000000000        2.2317999855480948E-003
    3.700000000000000        2.2646301209239015E-004
    3.725000000000000       -1.1386523037625409E-003
    3.750000000000000       -1.8276118814835080E-003
    3.775000000000000       -1.8488130215233289E-003
    3.800000000000000       -1.1112212545123472E-003
    3.825000000000000        5.1649360902083181E-004
    3.850000000000000        2.9959085320414989E-003
    3.875000000000000        5.9379161587258871E-003
    3.900000000000000        8.6724367097931641E-003
    3.925000000000000        1.0593131808340246E-002
    3.950000000000000        1.1440576416110513E-002
    3.975000000000000        1.1187008423275642E-002
    4.000000000000000        9.7613277537144167E-003
