    0.000000000000000         2.566577531578177     
   2.5000000000000000E-002    2.341990983113735     
   5.0000000000000000E-002    1.778622519251999     
   7.5000000000000009E-002    1.102352459752357     
   0.1000000000000000        0.5005492855308549     
   0.1250000000000000        6.6813129861144098E-002
   0.1500000000000000       -0.1850451993788617     
   0.1750000000000000       -0.2881580995146761     
   0.2000000000000000       -0.2933858575352536     
   0.2250000000000000       -0.2495399502582126     
   0.2500000000000000       -0.1929880461846134     
   0.2750000000000000       -0.1447820673384425     
   0.3000000000000000       -0.1128786711024793     
   0.3250000000000000       -9.6583877013898149E-002
   0.3500000000000000       -9.0823890100747882E-002
   0.3750000000000000       -8.9519936263415616E-002
   0.4000000000000000       -8.7854994989450379E-002
   0.4250000000000000       -8.3246718167439351E-002
   0.4500000000000000       -7.5214850553962798E-002
   0.4750000000000000       -6.4849714129295304E-002
   0.5000000000000000       -5.3881038544560536E-002
   0.5250000000000000       -4.3874211999956056E-002
   0.5500000000000000       -3.5736616182529235E-002
   0.5750000000000001       -2.9583187987137975E-002
   0.6000000000000001       -2.5031068158206566E-002
   0.6250000000000000       -2.1447294458102424E-002
   0.6500000000000000       -1.8288543898329481E-002
   0.6750000000000000       -1.5540627098280135E-002
   0.7000000000000001       -1.3480888767023755E-002
   0.7250000000000001       -1.2228556774464701E-002
   0.7500000000000000       -1.1581680093018158E-002
   0.7750000000000000       -1.1255339978276706E-002
   0.8000000000000000       -1.1246140010130314E-002
   0.8250000000000000       -1.1815213183630160E-002
   0.8500000000000000       -1.2985895920066648E-002
   0.8750000000000000       -1.3977932149317844E-002
   0.9000000000000000       -1.3756263343703579E-002
   0.9250000000000000       -1.2136934764637020E-002
   0.9500000000000000       -9.8906904083720271E-003
   0.9750000000000000       -8.0895635478852750E-003
    1.000000000000000       -7.4663580754387606E-003
    1.025000000000000       -8.0315606286354875E-003
    1.050000000000000       -9.2473434639070220E-003
    1.075000000000000       -1.0567382534535070E-002
    1.100000000000000       -1.1706409744445925E-002
    1.125000000000000       -1.2521811183951455E-002
    1.150000000000000       -1.2964573714811167E-002
    1.175000000000000       -1.3134878477291041E-002
    1.200000000000000       -1.3300171208129230E-002
    1.225000000000000       -1.3675179164804936E-002
    1.250000000000000       -1.4251163740458608E-002
    1.275000000000000       -1.4858584673665487E-002
    1.300000000000000       -1.5215010209574844E-002
    1.325000000000000       -1.5023199679779955E-002
    1.350000000000000       -1.4212753858339418E-002
    1.375000000000000       -1.2947858282163460E-002
    1.400000000000000       -1.1307556429944554E-002
    1.425000000000000       -8.9368255464301765E-003
    1.450000000000000       -5.2621032657253064E-003
    1.475000000000000       -2.2266840566092441E-004
    1.500000000000000        5.4067923426614755E-003
    1.525000000000000        1.0350664473687776E-002
    1.550000000000000        1.3370223209450418E-002
    1.575000000000000        1.3727743614231322E-002
    1.600000000000000        1.1645775735303989E-002
    1.625000000000000        8.2460716796145679E-003
    1.650000000000000        4.8740545900800534E-003
    1.675000000000000        2.3404133472907427E-003
    1.700000000000000        7.6821935756178625E-004
    1.725000000000000        6.6674782812810749E-006
    1.750000000000000       -4.0482921073916129E-005
    1.775000000000000        6.3709034485930625E-004
    1.800000000000000        1.9838620535646079E-003
    1.825000000000000        3.7564460526243462E-003
    1.850000000000000        5.5428538086622972E-003
    1.875000000000000        6.9012044906522689E-003
    1.900000000000000        7.5358419639990188E-003
    1.925000000000000        7.2184092688288457E-003
    1.950000000000000        5.6066728144831295E-003
    1.975000000000000        2.5781923162881903E-003
    2.000000000000000       -1.2643695882902590E-003
    2.025000000000000       -4.8265962883404505E-003
    2.050000000000000       -7.1791758179789378E-003
    2.075000000000000       -7.9718268853967622E-003
    2.100000000000000       -7.5216261425986808E-003
    2.125000000000000       -6.4711020658941276E-003
    2.150000000000000       -5.1983546705507990E-003
    2.175000000000000       -3.7530452372646321E-003
    2.200000000000000       -2.0979783455174537E-003
    2.225000000000000       -3.3267424396673162E-004
    2.250000000000000        1.0886733086147613E-003
    2.275000000000000        1.4658755145553322E-003
    2.300000000000000        3.7186497236687992E-004
    2.325000000000000       -1.9501664460874579E-003
    2.350000000000000       -4.4403608379603190E-003
    2.375000000000000       -5.5924292925318895E-003
    2.400000000000000       -4.4331986698582195E-003
    2.425000000000000       -1.2086946416561362E-003
    2.450000000000000        2.8735473911360025E-003
    2.475000000000000        6.3920111822091030E-003
    2.500000000000000        8.3792068596030891E-003
    2.525000000000000        8.4509771624973400E-003
    2.550000000000000        6.5884452125525863E-003
    2.575000000000000        3.2079855300695037E-003
    2.600000000000000       -7.9855537697180168E-004
    2.625000000000000       -4.3576426050487003E-003
    2.650000000000000       -6.7134951386788710E-003
    2.675000000000000       -7.6744570308652049E-003
    2.700000000000000       -7.4532711184303269E-003
    2.725000000000000       -6.5239642057042175E-003
    2.750000000000000       -5.5960374014251144E-003
    2.775000000000000       -5.2932953560183025E-003
    2.800000000000000       -5.6755519884482020E-003
    2.825000000000000       -6.3109151484429793E-003
    2.850000000000000       -6.7796846931519106E-003
    2.875000000000000       -6.8511212497597116E-003
    2.900000000000000       -6.3907038767693614E-003
    2.925000000000000       -5.3598468399223451E-003
    2.950000000000000       -3.8076235573835229E-003
    2.975000000000000       -1.8144391741869415E-003
    3.000000000000000        4.4482909988578960E-004
    3.025000000000000        2.5218820364742673E-003
    3.050000000000000        3.8551133310819043E-003
    3.075000000000000        4.2111867699563668E-003
    3.100000000000000        3.7154063568909068E-003
    3.125000000000000        2.5951139980942495E-003
    3.150000000000000        1.0094550384458880E-003
    3.175000000000000       -8.3289880026199565E-004
    3.200000000000000       -2.5809800025244325E-003
    3.225000000000000       -3.9507745735583581E-003
    3.250000000000000       -4.8142446361424014E-003
    3.275000000000000       -5.1717012125853064E-003
    3.300000000000000       -5.1861285267331141E-003
    3.325000000000000       -5.0390290587273707E-003
    3.350000000000000       -4.7746195803157301E-003
    3.375000000000000       -4.2868944020690645E-003
    3.400000000000000       -3.3914592245891551E-003
    3.425000000000000       -2.0817775906462939E-003
    3.450000000000000       -6.2047093782951235E-004
    3.475000000000000        6.4839681214850291E-004
    3.500000000000000        1.3193976140374537E-003
    3.525000000000000        1.2580987947472813E-003
    3.550000000000000        6.8950404203117017E-004
    3.575000000000000       -2.5811408251821018E-004
    3.600000000000000       -1.6997746819542112E-003
    3.625000000000000       -3.7020257434986652E-003
    3.650000000000000       -5.9650698892925664E-003
    3.675000000000000       -7.7253997274248087E-003
    3.700000000000000       -8.0728095345510695E-003
    3.725000000000000       -6.6611705491145585E-003
    3.750000000000000       -4.1078906384987004E-003
    3.775000000000000       -1.5649076561474152E-003
    3.800000000000000        4.6409857642018579E-005
    3.825000000000000        6.6468276298665465E-004
    3.850000000000000        1.0860437990540481E-003
    3.875000000000000        2.3563301654335227E-003
    3.900000000000000        4.9197158239760306E-003
    3.925000000000000        8.1886805828057874E-003
    3.950000000000000        1.0766016277293058E-002
    3.975000000000000        1.1176666133021924E-002
    4.000000000000000        8.6516469842195871E-003
