    0.000000000000000         2.570218344201748     
   2.5000000000000000E-002    2.346018374229333     
   5.0000000000000000E-002    1.783469708557043     
   7.5000000000000009E-002    1.107734396025003     
   0.1000000000000000        0.5059536342461668     
   0.1250000000000000        7.1882078182784319E-002
   0.1500000000000000       -0.1804388888189762     
   0.1750000000000000       -0.2839568001885493     
   0.2000000000000000       -0.2896490499793718     
   0.2250000000000000       -0.2466784375831495     
   0.2500000000000000       -0.1917191904314119     
   0.2750000000000000       -0.1456555221234588     
   0.3000000000000000       -0.1154387932584214     
   0.3250000000000000       -9.8938286253984646E-002
   0.3500000000000000       -9.0403583225966262E-002
   0.3750000000000000       -8.4492895445480016E-002
   0.4000000000000000       -7.7919980902385007E-002
   0.4250000000000000       -6.9317506162812057E-002
   0.4500000000000000       -5.8664298753944717E-002
   0.4750000000000000       -4.6830356169166585E-002
   0.5000000000000000       -3.5140349758142446E-002
   0.5250000000000000       -2.5101755019233907E-002
   0.5500000000000000       -1.8034562970117797E-002
   0.5750000000000001       -1.4626386281539425E-002
   0.6000000000000001       -1.4569134161349795E-002
   0.6250000000000000       -1.6504676009814316E-002
   0.6500000000000000       -1.8614692462713606E-002
   0.6750000000000000       -1.9590405300690094E-002
   0.7000000000000001       -1.9180328427056049E-002
   0.7250000000000001       -1.7991529898784286E-002
   0.7500000000000000       -1.6715373299492811E-002
   0.7750000000000000       -1.5478376336190811E-002
   0.8000000000000000       -1.3916468186273756E-002
   0.8250000000000000       -1.1746122160716241E-002
   0.8500000000000000       -9.0780392346716141E-003
   0.8750000000000000       -6.2611989917756272E-003
   0.9000000000000000       -3.6721563631395893E-003
   0.9250000000000000       -1.5890608114643634E-003
   0.9500000000000000       -7.8915847681172702E-005
   0.9750000000000000        8.3944098779449572E-004
    1.000000000000000        1.0947275404317791E-003
    1.025000000000000        7.7992240568798543E-004
    1.050000000000000        3.0841748574541628E-004
    1.075000000000000        2.6532440700146038E-004
    1.100000000000000        1.1080014506467104E-003
    1.125000000000000        2.8359156205809285E-003
    1.150000000000000        5.0138364105058280E-003
    1.175000000000000        7.0177274979958426E-003
    1.200000000000000        8.1721227680534909E-003
    1.225000000000000        7.9682675926675124E-003
    1.250000000000000        6.2799826398877912E-003
    1.275000000000000        3.6045246237310136E-003
    1.300000000000000        1.0702651990165442E-003
    1.325000000000000       -1.9691936981511011E-004
    1.350000000000000        2.6852143225391605E-004
    1.375000000000000        2.2142782830385426E-003
    1.400000000000000        4.7988323545506404E-003
    1.425000000000000        6.7180177221878630E-003
    1.450000000000000        6.5651163960418968E-003
    1.475000000000000        3.6368899245173756E-003
    1.500000000000000       -1.4601895985993094E-003
    1.525000000000000       -7.0170592082078889E-003
    1.550000000000000       -1.1145863509589462E-002
    1.575000000000000       -1.2800782847320315E-002
    1.600000000000000       -1.2092436819679433E-002
    1.625000000000000       -9.8527752466296477E-003
    1.650000000000000       -6.8476197687758944E-003
    1.675000000000000       -3.2593792858442412E-003
    1.700000000000000        1.0688096656025750E-003
    1.725000000000000        6.0669686816806676E-003
    1.750000000000000        1.0997417261983313E-002
    1.775000000000000        1.4639658760921435E-002
    1.800000000000000        1.5978319259718123E-002
    1.825000000000000        1.4621902669604485E-002
    1.850000000000000        1.0961139648288483E-002
    1.875000000000000        6.2764878021807737E-003
    1.900000000000000        2.2540089822854141E-003
    1.925000000000000        2.5481199826873695E-005
    1.950000000000000       -3.4131665396477540E-004
    1.975000000000000        4.4462228609490335E-004
    2.000000000000000        1.4931265283348480E-003
    2.025000000000000        2.1952831130607713E-003
    2.050000000000000        2.5448570100189190E-003
    2.075000000000000        3.1056991450571232E-003
    2.100000000000000        4.5079092901554754E-003
    2.125000000000000        6.7795774336322445E-003
    2.150000000000000        9.1282986295867019E-003
    2.175000000000000        1.0315088279540228E-002
    2.200000000000000        9.2525782678688699E-003
    2.225000000000000        5.7103550309775279E-003
    2.250000000000000        7.0994725747312692E-004
    2.275000000000000       -3.8704703527859085E-003
    2.300000000000000       -6.4411654191583798E-003
    2.325000000000000       -6.7618218251123956E-003
    2.350000000000000       -5.9839807626124877E-003
    2.375000000000000       -5.5785302402761419E-003
    2.400000000000000       -6.1997192897321343E-003
    2.425000000000000       -7.5461426610244295E-003
    2.450000000000000       -8.8518522552491490E-003
    2.475000000000000       -9.4640808344375209E-003
    2.500000000000000       -9.2603615977703893E-003
    2.525000000000000       -8.5167074199358002E-003
    2.550000000000000       -7.3685748204947537E-003
    2.575000000000000       -5.6429526542253168E-003
    2.600000000000000       -3.3075748277851691E-003
    2.625000000000000       -9.0037004145377910E-004
    2.650000000000000        7.3790743010170248E-004
    2.675000000000000        1.0651582709704808E-003
    2.700000000000000        6.5349728373033447E-005
    2.725000000000000       -1.8170256994050185E-003
    2.750000000000000       -3.8313819173194936E-003
    2.775000000000000       -5.1153260140989376E-003
    2.800000000000000       -5.1510304903045592E-003
    2.825000000000000       -3.9664892805657615E-003
    2.850000000000000       -1.8946979065933387E-003
    2.875000000000000        4.7195545588839476E-004
    2.900000000000000        2.2902450015000424E-003
    2.925000000000000        2.7682149555700115E-003
    2.950000000000000        1.4493864956264016E-003
    2.975000000000000       -1.6070408301612302E-003
    3.000000000000000       -5.6527821205164237E-003
    3.025000000000000       -9.3891719858048077E-003
    3.050000000000000       -1.1573286077519023E-002
    3.075000000000000       -1.1770623152194450E-002
    3.100000000000000       -1.0441725654089093E-002
    3.125000000000000       -8.5274794612397677E-003
    3.150000000000000       -6.9902429344838897E-003
    3.175000000000000       -6.4600013405799173E-003
    3.200000000000000       -7.0083046198291532E-003
    3.225000000000000       -8.1663729610202331E-003
    3.250000000000000       -9.3839801541838597E-003
    3.275000000000000       -1.0289648741878292E-002
    3.300000000000000       -1.0582761565808052E-002
    3.325000000000000       -9.9930396566233917E-003
    3.350000000000000       -8.4968305945374727E-003
    3.375000000000000       -6.4635162969175202E-003
    3.400000000000000       -4.4065073642850177E-003
    3.425000000000000       -2.5899888178531825E-003
    3.450000000000000       -1.0273195548729503E-003
    3.475000000000000        3.8266205908106388E-004
    3.500000000000000        1.8408328555332352E-003
    3.525000000000000        3.5656777007052276E-003
    3.550000000000000        5.5221028870198987E-003
    3.575000000000000        7.2532370267704414E-003
    3.600000000000000        7.9754130699678623E-003
    3.625000000000000        6.8995024623396901E-003
    3.650000000000000        3.8885230450137955E-003
    3.675000000000000       -1.4137287693203122E-004
    3.700000000000000       -3.5592219344419638E-003
    3.725000000000000       -5.1273982302050412E-003
    3.750000000000000       -4.8510714883726616E-003
    3.775000000000000       -3.9586480870139820E-003
    3.800000000000000       -4.0375751853619573E-003
    3.825000000000000       -6.0122440564219630E-003
    3.850000000000000       -9.7600399635954922E-003
    3.875000000000000       -1.4215777040054789E-002
    3.900000000000000       -1.7800853817069029E-002
    3.925000000000000       -1.9146471072080898E-002
    3.950000000000000       -1.7652517443643916E-002
    3.975000000000000       -1.3502443974926921E-002
    4.000000000000000       -7.6041391548893946E-003
