    0.000000000000000         2.567420386070542     
   2.5000000000000000E-002    2.342515506557967     
   5.0000000000000000E-002    1.778538920363052     
   7.5000000000000009E-002    1.101074894283497     
   0.1000000000000000        0.4971225255706170     
   0.1250000000000000        6.1006487757084678E-002
   0.1500000000000000       -0.1921116791259531     
   0.1750000000000000       -0.2947069258358420     
   0.2000000000000000       -0.2982840259486453     
   0.2250000000000000       -0.2531640126470287     
   0.2500000000000000       -0.1969533898351959     
   0.2750000000000000       -0.1506669183403196     
   0.3000000000000000       -0.1210266206554484     
   0.3250000000000000       -0.1059765445597968     
   0.3500000000000000       -9.9799778460503230E-002
   0.3750000000000000       -9.6441849045986352E-002
   0.4000000000000000       -9.1440916091844819E-002
   0.4250000000000000       -8.2774030281162290E-002
   0.4500000000000000       -7.0858046842242937E-002
   0.4750000000000000       -5.7846251055542650E-002
   0.5000000000000000       -4.6200377302079261E-002
   0.5250000000000000       -3.7308472514391946E-002
   0.5500000000000000       -3.1140627425823530E-002
   0.5750000000000001       -2.6943480309815131E-002
   0.6000000000000001       -2.4058203483428922E-002
   0.6250000000000000       -2.2196552607172166E-002
   0.6500000000000000       -2.1187926064812537E-002
   0.6750000000000000       -2.0704231304319380E-002
   0.7000000000000001       -2.0485016091919981E-002
   0.7250000000000001       -2.0534636136639457E-002
   0.7500000000000000       -2.0777295221164502E-002
   0.7750000000000000       -2.0670437190008508E-002
   0.8000000000000000       -1.9477129177722230E-002
   0.8250000000000000       -1.6931520226172880E-002
   0.8500000000000000       -1.3503358986029670E-002
   0.8750000000000000       -1.0151519133283888E-002
   0.9000000000000000       -7.8202611712158561E-003
   0.9250000000000000       -7.0568984479297736E-003
   0.9500000000000000       -8.0189493300318109E-003
   0.9750000000000000       -1.0415708406981159E-002
    1.000000000000000       -1.3467864053801462E-002
    1.025000000000000       -1.6092210340796225E-002
    1.050000000000000       -1.7270317612565742E-002
    1.075000000000000       -1.6474095236799764E-002
    1.100000000000000       -1.3891093500776950E-002
    1.125000000000000       -1.0316294063306422E-002
    1.150000000000000       -6.6836321935340859E-003
    1.175000000000000       -3.6423112094341681E-003
    1.200000000000000       -1.3679480229337142E-003
    1.225000000000000        2.7099532970713125E-004
    1.250000000000000        1.4676390027318131E-003
    1.275000000000000        2.4914336376630155E-003
    1.300000000000000        3.6586117057895935E-003
    1.325000000000000        5.0637599534576747E-003
    1.350000000000000        6.3211290755410534E-003
    1.375000000000000        6.8005341580326073E-003
    1.400000000000000        6.1052940109264782E-003
    1.425000000000000        4.3905842225148488E-003
    1.450000000000000        2.3835966803016939E-003
    1.475000000000000        9.1902232791761360E-004
    1.500000000000000        3.4240245112375844E-004
    1.525000000000000        4.3574653750798333E-004
    1.550000000000000        7.7480389060418862E-004
    1.575000000000000        1.0813111373185091E-003
    1.600000000000000        1.2642434621778520E-003
    1.625000000000000        1.3572244131587770E-003
    1.650000000000000        1.5874509814434646E-003
    1.675000000000000        2.0807881597669944E-003
    1.700000000000000        2.5920762080561985E-003
    1.725000000000000        2.5868204683593845E-003
    1.750000000000000        1.4530195893454794E-003
    1.775000000000000       -1.1353581734530791E-003
    1.800000000000000       -4.9083878478144154E-003
    1.825000000000000       -9.0593335254365712E-003
    1.850000000000000       -1.2792594445632333E-002
    1.875000000000000       -1.5694059885127301E-002
    1.900000000000000       -1.7607962109553590E-002
    1.925000000000000       -1.8256315738165330E-002
    1.950000000000000       -1.7229628901335881E-002
    1.975000000000000       -1.4465575555578248E-002
    2.000000000000000       -1.0316303679671559E-002
    2.025000000000000       -5.4456433461443456E-003
    2.050000000000000       -6.6990231700219018E-004
    2.075000000000000        3.4251816042443659E-003
    2.100000000000000        6.5690858437593498E-003
    2.125000000000000        8.4925004277176885E-003
    2.150000000000000        8.9641550930499250E-003
    2.175000000000000        8.0882127301634998E-003
    2.200000000000000        6.2965965629490555E-003
    2.225000000000000        4.3302559749275158E-003
    2.250000000000000        3.1559710658283411E-003
    2.275000000000000        3.3975981031402180E-003
    2.300000000000000        4.6322624352950728E-003
    2.325000000000000        5.5669555868251823E-003
    2.350000000000000        5.0285721103656567E-003
    2.375000000000000        2.7042520428804613E-003
    2.400000000000000       -8.3746593801632869E-004
    2.425000000000000       -4.5040857454401397E-003
    2.450000000000000       -7.1980178732652886E-003
    2.475000000000000       -8.4179698494905413E-003
    2.500000000000000       -8.3876482999266955E-003
    2.525000000000000       -7.4732328160541774E-003
    2.550000000000000       -5.6103776528200484E-003
    2.575000000000000       -2.6444148215621754E-003
    2.600000000000000        1.0238698940296473E-003
    2.625000000000000        4.4940737719612658E-003
    2.650000000000000        6.8586892072360364E-003
    2.675000000000000        7.5744538585946151E-003
    2.700000000000000        6.5371589719728140E-003
    2.725000000000000        3.9702609327618363E-003
    2.750000000000000        4.3734647082659279E-004
    2.775000000000000       -3.2984294403494721E-003
    2.800000000000000       -6.6244043205301839E-003
    2.825000000000000       -9.1003747546397005E-003
    2.850000000000000       -1.0331378899073540E-002
    2.875000000000000       -1.0053960674185751E-002
    2.900000000000000       -8.5220897080235680E-003
    2.925000000000000       -6.6275832206232792E-003
    2.950000000000000       -5.3148068280552607E-003
    2.975000000000000       -5.0545254711238545E-003
    3.000000000000000       -5.8292245488521370E-003
    3.025000000000000       -7.3572283184383780E-003
    3.050000000000000       -9.1588552514466635E-003
    3.075000000000000       -1.0429312955927192E-002
    3.100000000000000       -1.0223898745827396E-002
    3.125000000000000       -8.1205388606711271E-003
    3.150000000000000       -4.7598350824468740E-003
    3.175000000000000       -1.5811666017096869E-003
    3.200000000000000        8.3067332361296327E-006
    3.225000000000000       -5.0344547958534003E-004
    3.250000000000000       -2.5074284284748667E-003
    3.275000000000000       -4.7779111248076109E-003
    3.300000000000000       -6.1829193600932069E-003
    3.325000000000000       -6.1211551137288414E-003
    3.350000000000000       -4.7049563325666641E-003
    3.375000000000000       -2.5647558022068466E-003
    3.400000000000000       -2.8163447662493812E-004
    3.425000000000000        1.8820430193045333E-003
    3.450000000000000        3.8555967046889608E-003
    3.475000000000000        5.5322367053886516E-003
    3.500000000000000        6.6416205551644083E-003
    3.525000000000000        6.7650221132023223E-003
    3.550000000000000        5.5557846552508714E-003
    3.575000000000000        3.1758414049015316E-003
    3.600000000000000        2.7860773254839262E-004
    3.625000000000000       -2.4093373870429677E-003
    3.650000000000000       -4.4674151681892731E-003
    3.675000000000000       -5.9809768551026004E-003
    3.700000000000000       -7.2709491172063174E-003
    3.725000000000000       -8.3902458891507319E-003
    3.750000000000000       -8.8978526317273605E-003
    3.775000000000000       -8.1055474783936372E-003
    3.800000000000000       -5.5853767502176463E-003
    3.825000000000000       -1.5387750865485208E-003
    3.850000000000000        3.2286442447337609E-003
    3.875000000000000        7.5500507201344815E-003
    3.900000000000000        1.0363326987578483E-002
    3.925000000000000        1.1116270470807561E-002
    3.950000000000000        9.7772685374577293E-003
    3.975000000000000        6.7887692272774007E-003
    4.000000000000000        3.1323921120577971E-003
