    0.000000000000000         2.562330448143897     
   2.5000000000000000E-002    2.339185526827140     
   5.0000000000000000E-002    1.779294913713766     
   7.5000000000000009E-002    1.107255533422731     
   0.1000000000000000        0.5092182207010342     
   0.1250000000000000        7.8065567522307706E-002
   0.1500000000000000       -0.1726467830072440     
   0.1750000000000000       -0.2761282219121873     
   0.2000000000000000       -0.2833606661137777     
   0.2250000000000000       -0.2431214882715309     
   0.2500000000000000       -0.1913782597474751     
   0.2750000000000000       -0.1483625457649330     
   0.3000000000000000       -0.1207919518781770     
   0.3250000000000000       -0.1068793388308916     
   0.3500000000000000       -0.1013403645658910     
   0.3750000000000000       -9.8637629795159008E-002
   0.4000000000000000       -9.4732488749724055E-002
   0.4250000000000000       -8.7766282384162420E-002
   0.4500000000000000       -7.7772163403453849E-002
   0.4750000000000000       -6.5942662114614583E-002
   0.5000000000000000       -5.3952099738031674E-002
   0.5250000000000000       -4.3383767648097606E-002
   0.5500000000000000       -3.5263532560119470E-002
   0.5750000000000001       -2.9677096813978432E-002
   0.6000000000000001       -2.5810034239492294E-002
   0.6250000000000000       -2.2612161269600968E-002
   0.6500000000000000       -1.9617584544167164E-002
   0.6750000000000000       -1.7088930979197581E-002
   0.7000000000000001       -1.5453030130859764E-002
   0.7250000000000001       -1.4711543027320859E-002
   0.7500000000000000       -1.4468243244439098E-002
   0.7750000000000000       -1.4352008445666238E-002
   0.8000000000000000       -1.4159082522560695E-002
   0.8250000000000000       -1.3653567939584732E-002
   0.8500000000000000       -1.2339530909354952E-002
   0.8750000000000000       -9.7114340946697553E-003
   0.9000000000000000       -5.9114458533458070E-003
   0.9250000000000000       -2.0791372897762104E-003
   0.9500000000000000        2.6179345629106017E-004
   0.9750000000000000        1.9413324902797196E-004
    1.000000000000000       -2.3764975069592644E-003
    1.025000000000000       -6.8685058104536125E-003
    1.050000000000000       -1.2234218599934072E-002
    1.075000000000000       -1.7422824798052769E-002
    1.100000000000000       -2.1641741832135315E-002
    1.125000000000000       -2.4324983323520044E-002
    1.150000000000000       -2.5192818501998859E-002
    1.175000000000000       -2.4355300331348069E-002
    1.200000000000000       -2.2258665735741037E-002
    1.225000000000000       -1.9466339300999492E-002
    1.250000000000000       -1.6511454181194305E-002
    1.275000000000000       -1.3758656114914622E-002
    1.300000000000000       -1.1263366978578240E-002
    1.325000000000000       -8.8107807063883392E-003
    1.350000000000000       -6.0205964670815781E-003
    1.375000000000000       -2.6132504835231494E-003
    1.400000000000000        1.3518868858075312E-003
    1.425000000000000        5.5253770671732081E-003
    1.450000000000000        9.3346711406985801E-003
    1.475000000000000        1.2004584390881985E-002
    1.500000000000000        1.2939063211107074E-002
    1.525000000000000        1.2089125658508522E-002
    1.550000000000000        9.7549941779784497E-003
    1.575000000000000        6.3530797085553541E-003
    1.600000000000000        2.5101102995668079E-003
    1.625000000000000       -9.7543704812194765E-004
    1.650000000000000       -3.4070967282247819E-003
    1.675000000000000       -4.4503119302758609E-003
    1.700000000000000       -4.0986126414946602E-003
    1.725000000000000       -2.6539318599320638E-003
    1.750000000000000       -7.8396163664988716E-004
    1.775000000000000        7.2800950803660838E-004
    1.800000000000000        1.3415034693712047E-003
    1.825000000000000        8.7679370990303980E-004
    1.850000000000000       -3.9452644364122955E-004
    1.875000000000000       -1.7383218820158790E-003
    1.900000000000000       -2.3685235527002657E-003
    1.925000000000000       -1.9903461587957485E-003
    1.950000000000000       -8.6553573638958490E-004
    1.975000000000000        4.9485861444741914E-004
    2.000000000000000        1.7774700405119281E-003
    2.025000000000000        3.2024308694371424E-003
    2.050000000000000        4.9903030188742292E-003
    2.075000000000000        6.8429254724319595E-003
    2.100000000000000        8.2546378367822157E-003
    2.125000000000000        8.7698759713036107E-003
    2.150000000000000        7.9836162063114919E-003
    2.175000000000000        5.6878723993466185E-003
    2.200000000000000        2.0770808058538726E-003
    2.225000000000000       -2.1080128877937958E-003
    2.250000000000000       -5.7131897644947580E-003
    2.275000000000000       -7.6960006875741325E-003
    2.300000000000000       -7.8075233880388115E-003
    2.325000000000000       -6.8883478086087093E-003
    2.350000000000000       -6.1926041247333714E-003
    2.375000000000000       -6.1775110637464259E-003
    2.400000000000000       -6.1536171247960736E-003
    2.425000000000000       -5.1736509907550090E-003
    2.450000000000000       -3.0148706310924824E-003
    2.475000000000000       -3.0026148317508476E-004
    2.500000000000000        2.0137453331790480E-003
    2.525000000000000        3.0826308405313041E-003
    2.550000000000000        2.5222778687383904E-003
    2.575000000000000        6.8390167016202019E-004
    2.600000000000000       -1.4839444942184259E-003
    2.625000000000000       -2.9200886669380651E-003
    2.650000000000000       -2.8526327650593988E-003
    2.675000000000000       -9.9349119734462903E-004
    2.700000000000000        2.3574255530400872E-003
    2.725000000000000        6.2108611472680773E-003
    2.750000000000000        9.2913534755982496E-003
    2.775000000000000        1.0776814548233644E-002
    2.800000000000000        1.0630240195842529E-002
    2.825000000000000        9.3825732312065320E-003
    2.850000000000000        7.6156089196119714E-003
    2.875000000000000        5.7695285344399192E-003
    2.900000000000000        4.2367222772831727E-003
    2.925000000000000        3.4858083427246478E-003
    2.950000000000000        3.9998603004434816E-003
    2.975000000000000        5.8216821718160769E-003
    3.000000000000000        8.1330458158567609E-003
    3.025000000000000        9.4541983334285806E-003
    3.050000000000000        8.5472031613114883E-003
    3.075000000000000        5.4071661126168804E-003
    3.100000000000000        1.3012958463743689E-003
    3.125000000000000       -2.1971242552832044E-003
    3.150000000000000       -4.1350415218186729E-003
    3.175000000000000       -4.4323618631155126E-003
    3.200000000000000       -3.6336742335123247E-003
    3.225000000000000       -2.4413459135782136E-003
    3.250000000000000       -1.3657509632165374E-003
    3.275000000000000       -6.5598886643510923E-004
    3.300000000000000       -1.6780196546185011E-004
    3.325000000000000        7.3650046025170912E-004
    3.350000000000000        2.7029554070423152E-003
    3.375000000000000        5.5338045129932434E-003
    3.400000000000000        7.9319955273642346E-003
    3.425000000000000        8.4321497461441766E-003
    3.450000000000000        6.5421071686701300E-003
    3.475000000000000        2.9970533153537255E-003
    3.500000000000000       -7.8453112573272570E-004
    3.525000000000000       -3.5059423619134611E-003
    3.550000000000000       -4.5509278375802822E-003
    3.575000000000000       -4.0221326104528385E-003
    3.600000000000000       -2.4159096983270913E-003
    3.625000000000000       -4.9995592412154197E-004
    3.650000000000000        8.6257520947641773E-004
    3.675000000000000        1.1472792852830525E-003
    3.700000000000000        4.1178021301566456E-004
    3.725000000000000       -8.5563178732562797E-004
    3.750000000000000       -2.2274893955502231E-003
    3.775000000000000       -3.6513951096758159E-003
    3.800000000000000       -5.0141451780712281E-003
    3.825000000000000       -5.9515265887009159E-003
    3.850000000000000       -6.2382362789590502E-003
    3.875000000000000       -5.9358161604027977E-003
    3.900000000000000       -5.1386766008358205E-003
    3.925000000000000       -3.6919439110392513E-003
    3.950000000000000       -1.3857147681388038E-003
    3.975000000000000        1.6905790927408351E-003
    4.000000000000000        5.1259232596026951E-003
