    0.000000000000000         2.566605434573118     
   2.5000000000000000E-002    2.342006052755348     
   5.0000000000000000E-002    1.778966963814757     
   7.5000000000000009E-002    1.103486934242860     
   0.1000000000000000        0.5026623450126432     
   0.1250000000000000        6.9407763723296352E-002
   0.1500000000000000       -0.1832304688806867     
   0.1750000000000000       -0.2884216441450229     
   0.2000000000000000       -0.2964436794355619     
   0.2250000000000000       -0.2554717428940252     
   0.2500000000000000       -0.2014321182991385     
   0.2750000000000000       -0.1549766370223559     
   0.3000000000000000       -0.1233169817447742     
   0.3250000000000000       -0.1047652533673008     
   0.3500000000000000       -9.3796261894635986E-002
   0.3750000000000000       -8.5001241153508165E-002
   0.4000000000000000       -7.5308786202011806E-002
   0.4250000000000000       -6.4304486090944080E-002
   0.4500000000000000       -5.3202577763159908E-002
   0.4750000000000000       -4.3592746170674630E-002
   0.5000000000000000       -3.6450657299664604E-002
   0.5250000000000000       -3.1575013661191913E-002
   0.5500000000000000       -2.7877903926041148E-002
   0.5750000000000001       -2.4295780930901816E-002
   0.6000000000000001       -2.0431427796717125E-002
   0.6250000000000000       -1.6564505126147977E-002
   0.6500000000000000       -1.3128651685874964E-002
   0.6750000000000000       -1.0235318497846715E-002
   0.7000000000000001       -7.7455601435148509E-003
   0.7250000000000001       -5.4173204252152125E-003
   0.7500000000000000       -3.0906952000534016E-003
   0.7750000000000000       -9.4858988132048427E-004
   0.8000000000000000        4.8010662739180860E-004
   0.8250000000000000        6.0406679995123715E-004
   0.8500000000000000       -7.8077604586407059E-004
   0.8750000000000000       -3.2834764180307778E-003
   0.9000000000000000       -6.0651623831226074E-003
   0.9250000000000000       -8.2917488848734280E-003
   0.9500000000000000       -9.6803171938851964E-003
   0.9750000000000000       -1.0513806291143193E-002
    1.000000000000000       -1.1109056966662803E-002
    1.025000000000000       -1.1386162275092155E-002
    1.050000000000000       -1.1082085566582063E-002
    1.075000000000000       -1.0321273220545257E-002
    1.100000000000000       -9.7805549425603502E-003
    1.125000000000000       -1.0149532836398572E-002
    1.150000000000000       -1.1564071568384175E-002
    1.175000000000000       -1.3613353903347913E-002
    1.200000000000000       -1.5589736144894482E-002
    1.225000000000000       -1.6713900885455459E-002
    1.250000000000000       -1.6383143887384666E-002
    1.275000000000000       -1.4458897029378724E-002
    1.300000000000000       -1.1427886191044176E-002
    1.325000000000000       -8.2322283876859199E-003
    1.350000000000000       -5.8314839624011361E-003
    1.375000000000000       -4.8727481961946690E-003
    1.400000000000000       -5.4001365461358208E-003
    1.425000000000000       -6.8885168256463016E-003
    1.450000000000000       -8.5770324009386414E-003
    1.475000000000000       -9.7775014535878402E-003
    1.500000000000000       -1.0116530549490348E-002
    1.525000000000000       -9.7750480356365550E-003
    1.550000000000000       -9.4892506518379793E-003
    1.575000000000000       -1.0004163436200477E-002
    1.600000000000000       -1.1404323113659895E-002
    1.625000000000000       -1.3009578449751811E-002
    1.650000000000000       -1.3915531510759034E-002
    1.675000000000000       -1.3618291487005298E-002
    1.700000000000000       -1.2126272436492316E-002
    1.725000000000000       -9.6901835829229412E-003
    1.750000000000000       -6.8942935679632233E-003
    1.775000000000000       -4.7025850632139070E-003
    1.800000000000000       -4.1241412135339175E-003
    1.825000000000000       -5.4647359924434058E-003
    1.850000000000000       -7.7606837452138686E-003
    1.875000000000000       -9.3075484793378660E-003
    1.900000000000000       -8.8105093185381076E-003
    1.925000000000000       -6.2112213293132870E-003
    1.950000000000000       -2.6079864044611289E-003
    1.975000000000000        6.4334330455613635E-004
    2.000000000000000        2.7087093491610563E-003
    2.025000000000000        3.2813901546338888E-003
    2.050000000000000        2.4375783369956028E-003
    2.075000000000000        5.7369864885724242E-004
    2.100000000000000       -1.8585780273699125E-003
    2.125000000000000       -4.3025855698672073E-003
    2.150000000000000       -5.8783914300661957E-003
    2.175000000000000       -5.7710838380202816E-003
    2.200000000000000       -3.8213247556815286E-003
    2.225000000000000       -7.9538752732233595E-004
    2.250000000000000        1.9433077468281169E-003
    2.275000000000000        3.0725128123908014E-003
    2.300000000000000        1.8734097307665207E-003
    2.325000000000000       -1.6085908397080790E-003
    2.350000000000000       -6.5224388595421630E-003
    2.375000000000000       -1.1360896356209578E-002
    2.400000000000000       -1.4590037363964474E-002
    2.425000000000000       -1.5352730742456679E-002
    2.450000000000000       -1.3638979608636177E-002
    2.475000000000000       -9.9455563182112900E-003
    2.500000000000000       -5.0375136646139715E-003
    2.525000000000000        1.6166758436341713E-004
    2.550000000000000        4.7299580324744186E-003
    2.575000000000000        7.7882420192831914E-003
    2.600000000000000        8.6645821863371513E-003
    2.625000000000000        7.3647258613437891E-003
    2.650000000000000        4.7182041954584717E-003
    2.675000000000000        1.7690855476634537E-003
    2.700000000000000       -9.7987041131622288E-004
    2.725000000000000       -3.6389500754217363E-003
    2.750000000000000       -6.3815594492869545E-003
    2.775000000000000       -9.0820148695718359E-003
    2.800000000000000       -1.1401040008356667E-002
    2.825000000000000       -1.2978715213120060E-002
    2.850000000000000       -1.3680903758508629E-002
    2.875000000000000       -1.3504671641390971E-002
    2.900000000000000       -1.2226872602273218E-002
    2.925000000000000       -9.5648769528723605E-003
    2.950000000000000       -5.7033037492243741E-003
    2.975000000000000       -1.3899703139519488E-003
    3.000000000000000        2.5319466806367821E-003
    3.025000000000000        5.5410421798594554E-003
    3.050000000000000        7.4092274170946437E-003
    3.075000000000000        8.1176079864440513E-003
    3.100000000000000        8.0380692129463522E-003
    3.125000000000000        8.0266821968683786E-003
    3.150000000000000        8.8065296168110780E-003
    3.175000000000000        1.0265536582836441E-002
    3.200000000000000        1.1648850009537695E-002
    3.225000000000000        1.2284580514173362E-002
    3.250000000000000        1.1779221675982685E-002
    3.275000000000000        9.9371071497390044E-003
    3.300000000000000        7.0706705386831157E-003
    3.325000000000000        4.0484783150953154E-003
    3.350000000000000        1.7864048528435572E-003
    3.375000000000000        7.0195385470176479E-004
    3.400000000000000        7.5534903421953112E-004
    3.425000000000000        1.7595552761395485E-003
    3.450000000000000        3.4182628235979440E-003
    3.475000000000000        5.1535175679649345E-003
    3.500000000000000        6.2268547290883722E-003
    3.525000000000000        5.9089785500978174E-003
    3.550000000000000        3.6773698396691579E-003
    3.575000000000000       -5.9713667830763173E-004
    3.600000000000000       -6.3312587191427632E-003
    3.625000000000000       -1.2237836955052275E-002
    3.650000000000000       -1.6951296144186458E-002
    3.675000000000000       -1.9626452261656361E-002
    3.700000000000000       -2.0136987636099608E-002
    3.725000000000000       -1.8918288153712739E-002
    3.750000000000000       -1.6682621936369797E-002
    3.775000000000000       -1.4019047478740680E-002
    3.800000000000000       -1.1199624756792024E-002
    3.825000000000000       -8.3924519521193570E-003
    3.850000000000000       -5.8690961635043806E-003
    3.875000000000000       -4.0528386079869447E-003
    3.900000000000000       -3.3126217820596611E-003
    3.925000000000000       -3.4498514460969467E-003
    3.950000000000000       -3.5412151952903272E-003
    3.975000000000000       -2.4843359242879397E-003
    4.000000000000000        1.8236567003001291E-004
