    0.000000000000000         2.560630741698407     
   2.5000000000000000E-002    2.336870529265970     
   5.0000000000000000E-002    1.775360925619804     
   7.5000000000000009E-002    1.101235583364984     
   0.1000000000000000        0.5015371902754262     
   0.1250000000000000        6.9757514963107674E-002
   0.1500000000000000       -0.1807096400906437     
   0.1750000000000000       -0.2836947937580371     
   0.2000000000000000       -0.2903453762745772     
   0.2250000000000000       -0.2491259794376190     
   0.2500000000000000       -0.1957103289917777     
   0.2750000000000000       -0.1503230236725309     
   0.3000000000000000       -0.1199072993900701     
   0.3250000000000000       -0.1029172246836293     
   0.3500000000000000       -9.4530197698038201E-002
   0.3750000000000000       -9.0173261501638855E-002
   0.4000000000000000       -8.6906111596488280E-002
   0.4250000000000000       -8.3347239571072667E-002
   0.4500000000000000       -7.8979354008147435E-002
   0.4750000000000000       -7.3578312279878224E-002
   0.5000000000000000       -6.7074975668313552E-002
   0.5250000000000000       -5.9708490209686857E-002
   0.5500000000000000       -5.2001077150290627E-002
   0.5750000000000001       -4.4370176813991087E-002
   0.6000000000000001       -3.6947934690198809E-002
   0.6250000000000000       -2.9826991753819261E-002
   0.6500000000000000       -2.3102698101095376E-002
   0.6750000000000000       -1.6753259296000382E-002
   0.7000000000000001       -1.0834806935380545E-002
   0.7250000000000001       -5.7774734942200574E-003
   0.7500000000000000       -2.4168706506134709E-003
   0.7750000000000000       -1.5088869572360364E-003
   0.8000000000000000       -2.9644563317127774E-003
   0.8250000000000000       -5.5732154534046474E-003
   0.8500000000000000       -7.8285429286170940E-003
   0.8750000000000000       -9.2237032716523366E-003
   0.9000000000000000       -1.0489799875051471E-002
   0.9250000000000000       -1.2571238216717309E-002
   0.9500000000000000       -1.5432663742107544E-002
   0.9750000000000000       -1.8069796480120262E-002
    1.000000000000000       -1.9472456629361851E-002
    1.025000000000000       -1.9206093302697349E-002
    1.050000000000000       -1.7218482079985664E-002
    1.075000000000000       -1.3746428072283192E-002
    1.100000000000000       -9.5513366665369794E-003
    1.125000000000000       -5.8297740890177767E-003
    1.150000000000000       -3.7399850483073860E-003
    1.175000000000000       -3.7149923118241004E-003
    1.200000000000000       -5.1406108189748192E-003
    1.225000000000000       -6.9166413493312531E-003
    1.250000000000000       -8.1506157971097011E-003
    1.275000000000000       -8.4426933591817015E-003
    1.300000000000000       -7.8832357694472748E-003
    1.325000000000000       -6.7891854814939778E-003
    1.350000000000000       -5.3438474863599605E-003
    1.375000000000000       -3.6191892290576200E-003
    1.400000000000000       -1.7857010728533851E-003
    1.425000000000000       -6.4377668786477233E-005
    1.450000000000000        1.3651083474382579E-003
    1.475000000000000        2.4687423664282813E-003
    1.500000000000000        3.2598696578467212E-003
    1.525000000000000        3.3612135481915373E-003
    1.550000000000000        2.0360473432855244E-003
    1.575000000000000       -9.9292756413454679E-004
    1.600000000000000       -5.0727773296180700E-003
    1.625000000000000       -9.0550289041630645E-003
    1.650000000000000       -1.1959056275754998E-002
    1.675000000000000       -1.3366825578444177E-002
    1.700000000000000       -1.3355017788596266E-002
    1.725000000000000       -1.2282434994261391E-002
    1.750000000000000       -1.0615227033129608E-002
    1.775000000000000       -8.8182613944896993E-003
    1.800000000000000       -7.4224843112391152E-003
    1.825000000000000       -7.0387336568216829E-003
    1.850000000000000       -7.9869333086159742E-003
    1.875000000000000       -9.8245062646906085E-003
    1.900000000000000       -1.1449171823040740E-002
    1.925000000000000       -1.1740735091118708E-002
    1.950000000000000       -1.0095974604355076E-002
    1.975000000000000       -6.5670786170861870E-003
    2.000000000000000       -1.7504643599846097E-003
    2.025000000000000        3.4829939864294563E-003
    2.050000000000000        8.1999188162718202E-003
    2.075000000000000        1.1507804862291846E-002
    2.100000000000000        1.2949525641907556E-002
    2.125000000000000        1.2774934440443562E-002
    2.150000000000000        1.1572263122593931E-002
    2.175000000000000        9.7054955186178518E-003
    2.200000000000000        7.2757605619365133E-003
    2.225000000000000        4.4966759057447216E-003
    2.250000000000000        1.8499173811914602E-003
    2.275000000000000       -2.9600057762035554E-004
    2.300000000000000       -1.9712637602252517E-003
    2.325000000000000       -3.3202054012820676E-003
    2.350000000000000       -4.2339128003624431E-003
    2.375000000000000       -4.4611141581187566E-003
    2.400000000000000       -4.1739141745203403E-003
    2.425000000000000       -4.0807811327507313E-003
    2.450000000000000       -4.8417262920872677E-003
    2.475000000000000       -6.4001516155595839E-003
    2.500000000000000       -7.9279554541909212E-003
    2.525000000000000       -8.4564724517449186E-003
    2.550000000000000       -7.3640558112037642E-003
    2.575000000000000       -4.6797159460644933E-003
    2.600000000000000       -1.1181162783130540E-003
    2.625000000000000        2.2043088809628220E-003
    2.650000000000000        4.3234572373023070E-003
    2.675000000000000        4.7770323152120868E-003
    2.700000000000000        3.8040656849980756E-003
    2.725000000000000        2.4034714133426860E-003
    2.750000000000000        1.8209557758048645E-003
    2.775000000000000        2.6440737811722723E-003
    2.800000000000000        4.4599761732698830E-003
    2.825000000000000        6.3729256730698225E-003
    2.850000000000000        7.6954174227236063E-003
    2.875000000000000        8.1653829921294623E-003
    2.900000000000000        7.7885681744242810E-003
    2.925000000000000        6.8247163980385324E-003
    2.950000000000000        5.7177174186490163E-003
    2.975000000000000        4.7034399746313129E-003
    3.000000000000000        3.6155578862389302E-003
    3.025000000000000        2.3751352298665225E-003
    3.050000000000000        1.3161685150513587E-003
    3.075000000000000        8.4824823218831558E-004
    3.100000000000000        1.1836152869654311E-003
    3.125000000000000        2.3782866440525692E-003
    3.150000000000000        4.1639168937324182E-003
    3.175000000000000        5.9920122953074291E-003
    3.200000000000000        7.3315946491703645E-003
    3.225000000000000        7.7077680077347193E-003
    3.250000000000000        6.7373114159978806E-003
    3.275000000000000        4.2785031169762817E-003
    3.300000000000000        6.3136951201077185E-004
    3.325000000000000       -3.4504475214316881E-003
    3.350000000000000       -7.1061209050392948E-003
    3.375000000000000       -9.5435818018172522E-003
    3.400000000000000       -1.0116115439369775E-002
    3.425000000000000       -8.6468942582123294E-003
    3.450000000000000       -5.5754130005115616E-003
    3.475000000000000       -1.7024943101066905E-003
    3.500000000000000        2.0754518081797402E-003
    3.525000000000000        4.9799619329593368E-003
    3.550000000000000        6.6069053470555641E-003
    3.575000000000000        7.0236063656987842E-003
    3.600000000000000        6.5321014736496679E-003
    3.625000000000000        5.3894063490800299E-003
    3.650000000000000        3.5905587171473412E-003
    3.675000000000000        9.6622634615848586E-004
    3.700000000000000       -2.3710931643277093E-003
    3.725000000000000       -5.6986830030849394E-003
    3.750000000000000       -8.0755052962574467E-003
    3.775000000000000       -9.0299518746846061E-003
    3.800000000000000       -8.7625902599744574E-003
    3.825000000000000       -7.9539223955001903E-003
    3.850000000000000       -7.4110110279557775E-003
    3.875000000000000       -7.7464746648149516E-003
    3.900000000000000       -9.1692506350488987E-003
    3.925000000000000       -1.1302751734947707E-002
    3.950000000000000       -1.3215803271476112E-002
    3.975000000000000       -1.3968748428859832E-002
    4.000000000000000       -1.3184495895119221E-002
