    0.000000000000000         2.559965674308386     
   2.5000000000000000E-002    2.335172236780669     
   5.0000000000000000E-002    1.771359218458614     
   7.5000000000000009E-002    1.094934591878636     
   0.1000000000000000        0.4940773931467353     
   0.1250000000000000        6.2960674783577630E-002
   0.1500000000000000       -0.1848466869938029     
   0.1750000000000000       -0.2836518024686504     
   0.2000000000000000       -0.2857930933881760     
   0.2250000000000000       -0.2410883067186162     
   0.2500000000000000       -0.1861743297694539     
   0.2750000000000000       -0.1416270304092538     
   0.3000000000000000       -0.1140323315080143     
   0.3250000000000000       -0.1009248822134915     
   0.3500000000000000       -9.6272888871809599E-002
   0.3750000000000000       -9.4290288050111322E-002
   0.4000000000000000       -9.0929326265081212E-002
   0.4250000000000000       -8.4066395713308708E-002
   0.4500000000000000       -7.3480233276574545E-002
   0.4750000000000000       -6.0372370185242712E-002
   0.5000000000000000       -4.6612307794757770E-002
   0.5250000000000000       -3.4061013682856767E-002
   0.5500000000000000       -2.3979307306711513E-002
   0.5750000000000001       -1.6946729246948569E-002
   0.6000000000000001       -1.3116928665633332E-002
   0.6250000000000000       -1.2209437535098011E-002
   0.6500000000000000       -1.3390658070736987E-002
   0.6750000000000000       -1.5424053101500792E-002
   0.7000000000000001       -1.6970879230694933E-002
   0.7250000000000001       -1.7114835464882625E-002
   0.7500000000000000       -1.5901413679157203E-002
   0.7750000000000000       -1.4324294136684554E-002
   0.8000000000000000       -1.3561005648272884E-002
   0.8250000000000000       -1.4082357493332188E-002
   0.8500000000000000       -1.5512036459014831E-002
   0.8750000000000000       -1.7037243598973899E-002
   0.9000000000000000       -1.7946643190529066E-002
   0.9250000000000000       -1.7836381549560921E-002
   0.9500000000000000       -1.6426650843728736E-002
   0.9750000000000000       -1.3573328833294995E-002
    1.000000000000000       -9.5461700856910685E-003
    1.025000000000000       -5.1098801473913031E-003
    1.050000000000000       -1.1741314402647542E-003
    1.075000000000000        1.6953098225702970E-003
    1.100000000000000        3.4261082652910400E-003
    1.125000000000000        4.3108573562307164E-003
    1.150000000000000        4.9205294439839733E-003
    1.175000000000000        5.9930895120784546E-003
    1.200000000000000        7.9092405768007694E-003
    1.225000000000000        1.0243386305223865E-002
    1.250000000000000        1.2057965972581133E-002
    1.275000000000000        1.2509408347179887E-002
    1.300000000000000        1.1272400835440275E-002
    1.325000000000000        8.6970757946572359E-003
    1.350000000000000        5.4901237514578396E-003
    1.375000000000000        2.2663970553646982E-003
    1.400000000000000       -4.6464156059251112E-004
    1.425000000000000       -2.2315360955475558E-003
    1.450000000000000       -2.8055912702547365E-003
    1.475000000000000       -2.4019871941270834E-003
    1.500000000000000       -1.6631574641408680E-003
    1.525000000000000       -1.1871298127547045E-003
    1.550000000000000       -9.0078082624837528E-004
    1.575000000000000       -2.3781939141714696E-004
    1.600000000000000        1.1118242150116671E-003
    1.625000000000000        2.8634313343541891E-003
    1.650000000000000        4.3606223615350395E-003
    1.675000000000000        4.8066462665968617E-003
    1.700000000000000        3.6088099678630101E-003
    1.725000000000000        9.7404180106646585E-004
    1.750000000000000       -1.8680078008436309E-003
    1.775000000000000       -3.4767474790683019E-003
    1.800000000000000       -3.3043711214772924E-003
    1.825000000000000       -1.9884552172858490E-003
    1.850000000000000       -9.7835325584375710E-004
    1.875000000000000       -1.6533649823191769E-003
    1.900000000000000       -4.3184318526820729E-003
    1.925000000000000       -8.0029867999316124E-003
    1.950000000000000       -1.1212305564010649E-002
    1.975000000000000       -1.2784687669179031E-002
    2.000000000000000       -1.2264501383423303E-002
    2.025000000000000       -9.8194354954558580E-003
    2.050000000000000       -6.1564883416306779E-003
    2.075000000000000       -2.5553391751328389E-003
    2.100000000000000       -3.5078985550836599E-004
    2.125000000000000       -1.5120525799645268E-004
    2.150000000000000       -1.6222043956708497E-003
    2.175000000000000       -3.8683287243202367E-003
    2.200000000000000       -6.0573507851885484E-003
    2.225000000000000       -7.6923331047085552E-003
    2.250000000000000       -8.3449239911986144E-003
    2.275000000000000       -7.5359072530376938E-003
    2.300000000000000       -5.0300963713944125E-003
    2.325000000000000       -1.1619877708820756E-003
    2.350000000000000        3.1713252813793638E-003
    2.375000000000000        6.9781378293401639E-003
    2.400000000000000        9.7291022138411183E-003
    2.425000000000000        1.1431833404975860E-002
    2.450000000000000        1.2220807935526738E-002
    2.475000000000000        1.1977175781616021E-002
    2.500000000000000        1.0404458964381083E-002
    2.525000000000000        7.2448710655376019E-003
    2.550000000000000        2.6950223634850383E-003
    2.575000000000000       -2.1730920785289731E-003
    2.600000000000000       -5.6655958122103556E-003
    2.625000000000000       -6.3991964608094989E-003
    2.650000000000000       -4.1983090410352917E-003
    2.675000000000000       -1.0107769508147333E-004
    2.700000000000000        4.3834849486050631E-003
    2.725000000000000        7.9311915440551921E-003
    2.750000000000000        9.6967237018770032E-003
    2.775000000000000        9.4016791346249686E-003
    2.800000000000000        7.4549148074418481E-003
    2.825000000000000        4.7728164984614105E-003
    2.850000000000000        2.3378571000263122E-003
    2.875000000000000        7.3803432623525360E-004
    2.900000000000000       -1.4655701994996169E-004
    2.925000000000000       -9.1999469137364560E-004
    2.950000000000000       -2.1149660194495663E-003
    2.975000000000000       -3.8600489213935528E-003
    3.000000000000000       -5.8713514202435180E-003
    3.025000000000000       -7.6000862767634425E-003
    3.050000000000000       -8.6749564130698928E-003
    3.075000000000000       -9.2269064504820744E-003
    3.100000000000000       -9.7247467211930498E-003
    3.125000000000000       -1.0548430820717183E-002
    3.150000000000000       -1.1689175164702224E-002
    3.175000000000000       -1.2830787185167516E-002
    3.200000000000000       -1.3622778863861795E-002
    3.225000000000000       -1.3751865960561185E-002
    3.250000000000000       -1.2979046656857789E-002
    3.275000000000000       -1.1212449871968573E-002
    3.300000000000000       -8.6860517517502984E-003
    3.325000000000000       -6.0394502153832077E-003
    3.350000000000000       -4.1637019013455943E-003
    3.375000000000000       -3.7783636326688255E-003
    3.400000000000000       -5.0178249440366587E-003
    3.425000000000000       -7.2845046034348657E-003
    3.450000000000000       -9.2556598948244169E-003
    3.475000000000000       -9.4025291278616532E-003
    3.500000000000000       -7.1093745556571575E-003
    3.525000000000000       -3.0170607843946562E-003
    3.550000000000000        1.8193972467869997E-003
    3.575000000000000        6.4490885453181725E-003
    3.600000000000000        9.9656092542694754E-003
    3.625000000000000        1.1538727692902373E-002
    3.650000000000000        1.0628266086757605E-002
    3.675000000000000        7.1259705620153770E-003
    3.700000000000000        1.5783104918530954E-003
    3.725000000000000       -4.5380448675586074E-003
    3.750000000000000       -9.3408241245110375E-003
    3.775000000000000       -1.1607050915976720E-002
    3.800000000000000       -1.1061079885061396E-002
    3.825000000000000       -8.0040581808188627E-003
    3.850000000000000       -3.1117073200511163E-003
    3.875000000000000        2.4980761293726110E-003
    3.900000000000000        7.5020986536159686E-003
    3.925000000000000        1.1050181583877619E-002
    3.950000000000000        1.2845175382604741E-002
    3.975000000000000        1.2673357294692689E-002
    4.000000000000000        1.0342489548691676E-002
