    0.000000000000000         2.561279317651886     
   2.5000000000000000E-002    2.337222125947534     
   5.0000000000000000E-002    1.774936677102249     
   7.5000000000000009E-002    1.099340588418164     
   0.1000000000000000        0.4974858329989604     
   0.1250000000000000        6.3440772102524505E-002
   0.1500000000000000       -0.1884669868096118     
   0.1750000000000000       -0.2914252388799532     
   0.2000000000000000       -0.2967867008525197     
   0.2250000000000000       -0.2538017613316526     
   0.2500000000000000       -0.1991186750608460     
   0.2750000000000000       -0.1539401937277332     
   0.3000000000000000       -0.1258237372140042     
   0.3250000000000000       -0.1128021728018554     
   0.3500000000000000       -0.1084850776649864     
   0.3750000000000000       -0.1064323568592980     
   0.4000000000000000       -0.1023187958981049     
   0.4250000000000000       -9.4271221344908476E-002
   0.4500000000000000       -8.2365765825054105E-002
   0.4750000000000000       -6.8176867038495956E-002
   0.5000000000000000       -5.4234846939263637E-002
   0.5250000000000000       -4.3000195694808809E-002
   0.5500000000000000       -3.5933884534187781E-002
   0.5750000000000001       -3.3001030120576780E-002
   0.6000000000000001       -3.2950866999101813E-002
   0.6250000000000000       -3.4054603444146245E-002
   0.6500000000000000       -3.4610230840625262E-002
   0.6750000000000000       -3.3316422105120229E-002
   0.7000000000000001       -2.9727778358353429E-002
   0.7250000000000001       -2.4472811358808730E-002
   0.7500000000000000       -1.8757529981234697E-002
   0.7750000000000000       -1.3643994331765243E-002
   0.8000000000000000       -9.7205558962877241E-003
   0.8250000000000000       -7.0652885751386973E-003
   0.8500000000000000       -5.3870125758572609E-003
   0.8750000000000000       -4.2698471270426985E-003
   0.9000000000000000       -3.4693663338184044E-003
   0.9250000000000000       -2.9852039200629035E-003
   0.9500000000000000       -2.8583740687773936E-003
   0.9750000000000000       -3.2255895175742428E-003
    1.000000000000000       -4.2861295322352833E-003
    1.025000000000000       -6.0710729789268223E-003
    1.050000000000000       -8.3625707670238310E-003
    1.075000000000000       -1.0765654114003702E-002
    1.100000000000000       -1.2721276225760347E-002
    1.125000000000000       -1.3592106112781353E-002
    1.150000000000000       -1.2826293526534331E-002
    1.175000000000000       -1.0046031666267610E-002
    1.200000000000000       -5.4432506223112824E-003
    1.225000000000000       -2.1602978555862267E-004
    1.250000000000000        3.7743979135834360E-003
    1.275000000000000        4.9806991858158458E-003
    1.300000000000000        2.9279318085349608E-003
    1.325000000000000       -1.8744402925848878E-003
    1.350000000000000       -8.3301407812857917E-003
    1.375000000000000       -1.4895156617556413E-002
    1.400000000000000       -1.9824864101850771E-002
    1.425000000000000       -2.1753598127347713E-002
    1.450000000000000       -2.0300031150860418E-002
    1.475000000000000       -1.6228988979952950E-002
    1.500000000000000       -1.1074650715833265E-002
    1.525000000000000       -6.5032007222526733E-003
    1.550000000000000       -3.6956803705889598E-003
    1.575000000000000       -2.9897861843557489E-003
    1.600000000000000       -3.9088046687813694E-003
    1.625000000000000       -5.5010478625758115E-003
    1.650000000000000       -6.9182676156658252E-003
    1.675000000000000       -7.7158170356422975E-003
    1.700000000000000       -7.8554360956731726E-003
    1.725000000000000       -7.5780018198548573E-003
    1.750000000000000       -7.1634465035267327E-003
    1.775000000000000       -6.7248574846311264E-003
    1.800000000000000       -6.2365002872845974E-003
    1.825000000000000       -5.6911756055701144E-003
    1.850000000000000       -5.1721402321563676E-003
    1.875000000000000       -4.8091933345131670E-003
    1.900000000000000       -4.6705887212638766E-003
    1.925000000000000       -4.7333844752609124E-003
    1.950000000000000       -4.9948220490400708E-003
    1.975000000000000       -5.4311859664117437E-003
    2.000000000000000       -5.7902966104379932E-003
    2.025000000000000       -5.6307004375461167E-003
    2.050000000000000       -4.6352198591693252E-003
    2.075000000000000       -2.8178002288305040E-003
    2.100000000000000       -3.4456491386216435E-004
    2.125000000000000        2.6973962051192575E-003
    2.150000000000000        6.1210846027999484E-003
    2.175000000000000        9.3764621012817599E-003
    2.200000000000000        1.1733060073366355E-002
    2.225000000000000        1.2730996106868102E-002
    2.250000000000000        1.2475455268514533E-002
    2.275000000000000        1.1435100947888028E-002
    2.300000000000000        9.9504445861538660E-003
    2.325000000000000        8.1282250310991735E-003
    2.350000000000000        5.9820187192404681E-003
    2.375000000000000        3.6972015000368001E-003
    2.400000000000000        1.8666710284538343E-003
    2.425000000000000        1.0432127950537580E-003
    2.450000000000000        1.1868705434949325E-003
    2.475000000000000        1.7119570556755943E-003
    2.500000000000000        1.8403181754415508E-003
    2.525000000000000        1.1161020738182612E-003
    2.550000000000000       -2.1587508571003933E-004
    2.575000000000000       -1.0745574464852363E-003
    2.600000000000000       -2.8352840630150066E-004
    2.625000000000000        2.2925569354271786E-003
    2.650000000000000        5.5311291110907446E-003
    2.675000000000000        7.8104710473760726E-003
    2.700000000000000        8.0251528385242192E-003
    2.725000000000000        6.1183596574751009E-003
    2.750000000000000        2.7401386844653168E-003
    2.775000000000000       -1.4172243917471008E-003
    2.800000000000000       -5.7752598023373540E-003
    2.825000000000000       -9.7750342375125889E-003
    2.850000000000000       -1.2759639559033435E-002
    2.875000000000000       -1.4117377596343452E-002
    2.900000000000000       -1.3804949475555459E-002
    2.925000000000000       -1.2507901797317640E-002
    2.950000000000000       -1.1099542164915264E-002
    2.975000000000000       -1.0092400717608232E-002
    3.000000000000000       -9.5785166326802322E-003
    3.025000000000000       -9.4567006351191143E-003
    3.050000000000000       -9.6186515997816340E-003
    3.075000000000000       -9.9254164911105356E-003
    3.100000000000000       -1.0104664677213377E-002
    3.125000000000000       -9.7218900730228128E-003
    3.150000000000000       -8.4124440097642079E-003
    3.175000000000000       -6.0923835529010431E-003
    3.200000000000000       -2.8928013788347036E-003
    3.225000000000000        9.0303998770309803E-004
    3.250000000000000        4.7167807148124741E-003
    3.275000000000000        7.8877968464093327E-003
    3.300000000000000        1.0151478363334006E-002
    3.325000000000000        1.1617669435948477E-002
    3.350000000000000        1.2564964003828336E-002
    3.375000000000000        1.3110254737652840E-002
    3.400000000000000        1.3025061621428291E-002
    3.425000000000000        1.1908528077488594E-002
    3.450000000000000        9.4172355814443023E-003
    3.475000000000000        5.4671621641461323E-003
    3.500000000000000        4.4718890082123233E-004
    3.525000000000000       -4.6615851902950389E-003
    3.550000000000000       -8.5752215584732472E-003
    3.575000000000000       -1.0514832634125104E-002
    3.600000000000000       -1.0890363784123216E-002
    3.625000000000000       -1.0865870538716262E-002
    3.650000000000000       -1.1174575671245495E-002
    3.675000000000000       -1.1820506094384595E-002
    3.700000000000000       -1.2434951566707730E-002
    3.725000000000000       -1.2413695806254772E-002
    3.750000000000000       -1.1069414796506363E-002
    3.775000000000000       -8.0928406137065778E-003
    3.800000000000000       -3.9630798898459357E-003
    3.825000000000000        2.5228366189836766E-004
    3.850000000000000        3.5057409609086569E-003
    3.875000000000000        5.4110066357819502E-003
    3.900000000000000        6.3124669226470145E-003
    3.925000000000000        6.6131102389894192E-003
    3.950000000000000        6.3087178610619876E-003
    3.975000000000000        5.3364331510884409E-003
    4.000000000000000        3.9020428935725135E-003
