   0.03573   0.00130   0.00144  -0.00014
   0.10718   0.01159   0.01020   0.00140
   0.17864   0.03182   0.03333  -0.00151
   0.25010   0.06125   0.05920   0.00205
   0.32155   0.09886   0.09329   0.00557
   0.39301   0.14331   0.14360  -0.00029
   0.46447   0.19308   0.19644  -0.00335
   0.53592   0.24650   0.24298   0.00352
   0.60738   0.30177   0.29938   0.00240
   0.67883   0.35715   0.35714   0.00000
   0.75029   0.41089   0.40766   0.00324
   0.82175   0.46141   0.46125   0.00016
   0.89320   0.50728   0.49992   0.00737
   0.96466   0.54731   0.53702   0.01029
   1.03612   0.58054   0.57439   0.00615
   1.10757   0.60629   0.61593  -0.00964
   1.17903   0.62417   0.62264   0.00153
   1.25048   0.63406   0.63031   0.00375
   1.32194   0.63607   0.62750   0.00857
   1.39340   0.63057   0.63537  -0.00480
   1.46485   0.61812   0.63003  -0.01192
   1.53631   0.59942   0.60621  -0.00679
   1.60777   0.57532   0.58411  -0.00879
   1.67922   0.54672   0.55707  -0.01035
   1.75068   0.51456   0.51922  -0.00466
   1.82214   0.47980   0.48438  -0.00458
   1.89359   0.44334   0.44790  -0.00456
   1.96505   0.40605   0.42004  -0.01400
   2.03650   0.36869   0.36282   0.00586
   2.10796   0.33194   0.33647  -0.00453
   2.17942   0.29639   0.29910  -0.00271
   2.25087   0.26250   0.26139   0.00111
   2.32233   0.23063   0.22949   0.00114
   2.39379   0.20103   0.20677  -0.00574
   2.46524   0.17388   0.17282   0.00106
   2.53670   0.14924   0.14681   0.00243
   2.60815   0.12713   0.12984  -0.00271
   2.67961   0.10748   0.11020  -0.00272
   2.75107   0.09020   0.09062  -0.00042
   2.82252   0.07514   0.07310   0.00204
   2.89398   0.06214   0.06413  -0.00199
   2.96544   0.05102   0.05065   0.00037
   3.03689   0.04159   0.03956   0.00203
   3.10835   0.03367   0.03285   0.00081
   3.17980   0.02706   0.02574   0.00132
   3.25126   0.02160   0.01978   0.00182
   3.32272   0.01712   0.01513   0.00199
   3.39417   0.01347   0.01287   0.00061
   3.46563   0.01053   0.00979   0.00075
   3.53709   0.00818   0.00671   0.00147
