   0.8129269   0.00000000
   0.8215448   0.00000000
   0.8301628   0.00000000
   0.8387807   0.00000000
   0.8473986   0.00000000
   0.8560166   0.00000000
   0.8646345   0.00000000
   0.8732524   0.00000000
   0.8818703   0.00000000
   0.8904883   0.00000000
   0.8991062   0.00000000
   0.9077241   0.00098824
   0.9163421   0.00290922
   0.9249600   0.01106415
   0.9335779   0.02744402
   0.9421959   0.06604214
   0.9508138   0.11495183
   0.9594317   0.20367729
   0.9680497   0.33735516
   0.9766676   0.51901660
   0.9852855   0.71327590
   0.9939035   0.93712093
   1.0025214   1.21071986
   1.0111393   1.47210742
   1.0197573   1.77982494
   1.0283752   2.01941334
   1.0369931   2.23028516
   1.0456110   2.40621601
   1.0542290   2.54406584
   1.0628469   2.67894855
   1.0714648   2.74942348
   1.0800828   2.79786017
   1.0887007   2.80955964
   1.0973186   2.78977857
   1.1059366   2.76577665
   1.1145545   2.67220655
   1.1231724   2.63401979
   1.1317904   2.54193368
   1.1404083   2.46382453
   1.1490262   2.39069352
   1.1576442   2.27798988
   1.1662621   2.17852128
   1.1748800   2.10214091
   1.1834980   1.99177514
   1.1921159   1.89819250
   1.2007338   1.81244706
   1.2093517   1.72936181
   1.2179697   1.63471558
   1.2265876   1.55377953
   1.2352055   1.49007879
   1.2438235   1.43101456
   1.2524414   1.37641415
   1.2610593   1.29615756
   1.2696773   1.25103039
   1.2782952   1.20157899
   1.2869131   1.15075429
   1.2955311   1.09789634
   1.3041490   1.04052546
   1.3127669   1.02247922
   1.3213849   0.98680086
   1.3300028   0.94534116
   1.3386207   0.90991929
   1.3472386   0.87964152
   1.3558566   0.85254911
   1.3644745   0.83831496
   1.3730924   0.81357263
   1.3817104   0.78692795
   1.3903283   0.77177912
   1.3989462   0.75090963
   1.4075642   0.72864233
   1.4161821   0.71163037
   1.4248000   0.69843503
   1.4334180   0.68570278
   1.4420359   0.67718883
   1.4506538   0.66476531
   1.4592718   0.63776976
   1.4678897   0.63682203
   1.4765076   0.63697343
   1.4851256   0.62960240
   1.4937435   0.62140062
   1.5023614   0.62092111
   1.5109793   0.62081332
   1.5195973   0.61008921
   1.5282152   0.61769723
   1.5368331   0.60311813
   1.5454511   0.60493374
   1.5540690   0.60405912
   1.5626869   0.61329545
   1.5713049   0.60234041
   1.5799228   0.59941635
   1.5885407   0.61809955
   1.5971587   0.60282861
   1.6057766   0.61405985
   1.6143945   0.60884927
   1.6230125   0.62357550
   1.6316304   0.62568463
   1.6402483   0.62449937
   1.6488663   0.63872909
   1.6574842   0.64562747
   1.6661021   0.66628293
   1.6747200   0.66437892
   1.6833380   0.68173217
   1.6919559   0.69233390
   1.7005738   0.70268625
   1.7091918   0.70868379
   1.7178097   0.72518430
   1.7264276   0.73165649
   1.7350456   0.73705172
   1.7436635   0.76878581
   1.7522814   0.78885589
   1.7608994   0.79162480
   1.7695173   0.80886551
   1.7781352   0.81936149
   1.7867532   0.83742908
   1.7953711   0.86385975
   1.8039890   0.87811356
   1.8126070   0.89202691
   1.8212249   0.90539272
   1.8298428   0.93728457
   1.8384607   0.94514115
   1.8470787   0.96355090
   1.8556966   0.98030773
   1.8643145   0.99926204
   1.8729325   1.01350339
   1.8815504   1.03678654
   1.8901683   1.03874971
   1.8987863   1.06883769
   1.9074042   1.07419675
   1.9160221   1.08956397
   1.9246401   1.11379112
   1.9332580   1.12414506
   1.9418759   1.14053395
   1.9504939   1.14968733
   1.9591118   1.15012311
   1.9677297   1.16772561
   1.9763476   1.17478897
   1.9849656   1.20044078
   1.9935835   1.19976531
   2.0022014   1.20890839
   2.0108194   1.21931104
   2.0194373   1.21516615
   2.0280552   1.22678666
   2.0366732   1.24135735
   2.0452911   1.25481213
   2.0539090   1.25081874
   2.0625270   1.25412188
   2.0711449   1.25689974
   2.0797628   1.25175248
   2.0883808   1.25654253
   2.0969987   1.26093395
   2.1056166   1.25247011
   2.1142346   1.25366580
   2.1228525   1.24538237
   2.1314704   1.24012657
   2.1400883   1.23211465
   2.1487063   1.22458794
   2.1573242   1.22048807
   2.1659421   1.21023105
   2.1745601   1.20939671
   2.1831780   1.20136243
   2.1917959   1.18125515
   2.2004139   1.17046487
   2.2090318   1.15461296
   2.2176497   1.15132745
   2.2262677   1.13261459
   2.2348856   1.11446124
   2.2435035   1.10371154
   2.2521215   1.08574862
   2.2607394   1.07742692
   2.2693573   1.06753988
   2.2779753   1.05781057
   2.2865932   1.02876897
   2.2952111   1.02604287
   2.3038290   1.00971295
   2.3124470   0.99426371
   2.3210649   0.98952035
   2.3296828   0.97414891
   2.3383008   0.96560403
   2.3469187   0.95800820
   2.3555366   0.94857131
   2.3641546   0.93114246
   2.3727725   0.93001344
   2.3813904   0.92126629
   2.3900084   0.91142701
   2.3986263   0.90644635
   2.4072442   0.90191751
   2.4158622   0.89000080
   2.4244801   0.87810921
   2.4330980   0.87428968
   2.4417159   0.86608036
   2.4503339   0.85679497
   2.4589518   0.85458747
   2.4675697   0.85585016
   2.4761877   0.85224391
   2.4848056   0.84779329
   2.4934235   0.84531558
   2.5020415   0.84189255
   2.5106594   0.84502015
   2.5192773   0.83972988
   2.5278953   0.84008277
