   0.8129269   0.00000000
   0.8215448   0.00000000
   0.8301628   0.00000000
   0.8387807   0.00000000
   0.8473986   0.00000000
   0.8560166   0.00000000
   0.8646345   0.00000000
   0.8732524   0.00000000
   0.8818703   0.00000000
   0.8904883   0.00012836
   0.8991062   0.00025182
   0.9077241   0.00098824
   0.9163421   0.00375774
   0.9249600   0.00868476
   0.9335779   0.02662654
   0.9421959   0.05606702
   0.9508138   0.12114414
   0.9594317   0.20423016
   0.9680497   0.33279338
   0.9766676   0.49276699
   0.9852855   0.70625114
   0.9939035   0.94701247
   1.0025214   1.21011223
   1.0111393   1.47001678
   1.0197573   1.75006984
   1.0283752   1.99477461
   1.0369931   2.22962259
   1.0456110   2.40379546
   1.0542290   2.54937761
   1.0628469   2.71003416
   1.0714648   2.75137399
   1.0800828   2.77072528
   1.0887007   2.78122101
   1.0973186   2.80085214
   1.1059366   2.74389011
   1.1145545   2.68351384
   1.1231724   2.60908834
   1.1317904   2.54646292
   1.1404083   2.46327669
   1.1490262   2.36903003
   1.1576442   2.29963584
   1.1662621   2.18413371
   1.1748800   2.06895852
   1.1834980   2.00790758
   1.1921159   1.88730599
   1.2007338   1.81985979
   1.2093517   1.73722602
   1.2179697   1.67073764
   1.2265876   1.58922954
   1.2352055   1.49634972
   1.2438235   1.44568589
   1.2524414   1.38342211
   1.2610593   1.30921450
   1.2696773   1.27376033
   1.2782952   1.21167001
   1.2869131   1.16120228
   1.2955311   1.10869095
   1.3041490   1.07044797
   1.3127669   1.01964425
   1.3213849   0.97718235
   1.3300028   0.95069247
   1.3386207   0.91616757
   1.3472386   0.89382929
   1.3558566   0.85332425
   1.3644745   0.84771826
   1.3730924   0.81098129
   1.3817104   0.77754452
   1.3903283   0.77188443
   1.3989462   0.73275840
   1.4075642   0.73295777
   1.4161821   0.70630152
   1.4248000   0.68108697
   1.4334180   0.67886655
   1.4420359   0.67694409
   1.4506538   0.66302408
   1.4592718   0.64881112
   1.4678897   0.64697830
   1.4765076   0.63898104
   1.4851256   0.63080226
   1.4937435   0.61829863
   1.5023614   0.61095498
   1.5109793   0.60890975
   1.5195973   0.60554914
   1.5282152   0.60083074
   1.5368331   0.59428361
   1.5454511   0.60348480
   1.5540690   0.60131972
   1.5626869   0.60575118
   1.5713049   0.60497881
   1.5799228   0.59953868
   1.5885407   0.60027130
   1.5971587   0.61040986
   1.6057766   0.60138865
   1.6143945   0.61607423
   1.6230125   0.62658943
   1.6316304   0.61604989
   1.6402483   0.63418447
   1.6488663   0.63902859
   1.6574842   0.64740586
   1.6661021   0.65674941
   1.6747200   0.66318131
   1.6833380   0.67390154
   1.6919559   0.67786287
   1.7005738   0.69283139
   1.7091918   0.70843990
   1.7178097   0.73015131
   1.7264276   0.73411526
   1.7350456   0.74898710
   1.7436635   0.75579640
   1.7522814   0.78371774
   1.7608994   0.79461194
   1.7695173   0.80782529
   1.7781352   0.82895484
   1.7867532   0.84284913
   1.7953711   0.86019679
   1.8039890   0.87636209
   1.8126070   0.90057729
   1.8212249   0.90652814
   1.8298428   0.93205599
   1.8384607   0.94872477
   1.8470787   0.97450001
   1.8556966   0.97812046
   1.8643145   1.00561688
   1.8729325   1.01863924
   1.8815504   1.03434271
   1.8901683   1.04846457
   1.8987863   1.06206217
   1.9074042   1.08021176
   1.9160221   1.09729943
   1.9246401   1.11692361
   1.9332580   1.11131807
   1.9418759   1.13605323
   1.9504939   1.15158689
   1.9591118   1.15776072
   1.9677297   1.16801477
   1.9763476   1.17551862
   1.9849656   1.18225424
   1.9935835   1.20696180
   2.0022014   1.21314857
   2.0108194   1.22321288
   2.0194373   1.23243760
   2.0280552   1.21681359
   2.0366732   1.24709926
   2.0452911   1.24809657
   2.0539090   1.24843007
   2.0625270   1.25799802
   2.0711449   1.24906948
   2.0797628   1.25554111
   2.0883808   1.26034663
   2.0969987   1.26192926
   2.1056166   1.25885230
   2.1142346   1.24223489
   2.1228525   1.25159358
   2.1314704   1.23923041
   2.1400883   1.24049305
   2.1487063   1.22729959
   2.1573242   1.22059742
   2.1659421   1.21841063
   2.1745601   1.20076524
   2.1831780   1.18263386
   2.1917959   1.18951834
   2.2004139   1.16056349
   2.2090318   1.14977382
   2.2176497   1.13245221
   2.2262677   1.13292264
   2.2348856   1.11164900
   2.2435035   1.10818067
   2.2521215   1.08619011
   2.2607394   1.07157188
   2.2693573   1.05255867
   2.2779753   1.04645356
   2.2865932   1.04303850
   2.2952111   1.02507680
   2.3038290   1.01049921
   2.3124470   1.00389513
   2.3210649   1.00195218
   2.3296828   0.97962503
   2.3383008   0.97187757
   2.3469187   0.95632657
   2.3555366   0.95552384
   2.3641546   0.93534918
   2.3727725   0.92965186
   2.3813904   0.91913044
   2.3900084   0.91376130
   2.3986263   0.90823316
   2.4072442   0.89638460
   2.4158622   0.87869986
   2.4244801   0.88394468
   2.4330980   0.87800347
   2.4417159   0.86058306
   2.4503339   0.85726964
   2.4589518   0.85990697
   2.4675697   0.85700360
   2.4761877   0.85151350
   2.4848056   0.84508969
   2.4934235   0.84734566
   2.5020415   0.83161684
   2.5106594   0.83621971
   2.5192773   0.83835067
   2.5278953   0.84100660
