   0.8129269   0.00000000
   0.8215448   0.00000000
   0.8301628   0.00000000
   0.8387807   0.00000000
   0.8473986   0.00000000
   0.8560166   0.00000000
   0.8646345   0.00000000
   0.8732524   0.00000000
   0.8818703   0.00000000
   0.8904883   0.00000000
   0.8991062   0.00037773
   0.9077241   0.00123530
   0.9163421   0.00448505
   0.9249600   0.01213487
   0.9335779   0.02837828
   0.9421959   0.05675496
   0.9508138   0.11011056
   0.9594317   0.20478303
   0.9680497   0.34148250
   0.9766676   0.49298041
   0.9852855   0.71935704
   0.9939035   0.92733242
   1.0025214   1.19299707
   1.0111393   1.49092316
   1.0197573   1.75300620
   1.0283752   2.00901888
   1.0369931   2.21665527
   1.0456110   2.41487414
   1.0542290   2.56677826
   1.0628469   2.70751127
   1.0714648   2.79845225
   1.0800828   2.81286725
   1.0887007   2.79805244
   1.0973186   2.78445311
   1.1059366   2.73506892
   1.1145545   2.71751763
   1.1231724   2.65394881
   1.1317904   2.55234298
   1.1404083   2.47540758
   1.1490262   2.36903003
   1.1576442   2.28345833
   1.1662621   2.19281427
   1.1748800   2.08510728
   1.1834980   2.01299439
   1.1921159   1.89790602
   1.2007338   1.81908322
   1.2093517   1.70284618
   1.2179697   1.63636230
   1.2265876   1.56365682
   1.2352055   1.48734360
   1.2438235   1.44423850
   1.2524414   1.36603200
   1.2610593   1.29270131
   1.2696773   1.25254572
   1.2782952   1.16868973
   1.2869131   1.14479279
   1.2955311   1.09595574
   1.3041490   1.04746748
   1.3127669   1.01964425
   1.3213849   0.97712405
   1.3300028   0.94747017
   1.3386207   0.90855603
   1.3472386   0.87941721
   1.3558566   0.85050051
   1.3644745   0.82650617
   1.3730924   0.79807858
   1.3817104   0.79631137
   1.3903283   0.77557035
   1.3989462   0.75033752
   1.4075642   0.72555987
   1.4161821   0.71832951
   1.4248000   0.70485282
   1.4334180   0.68882366
   1.4420359   0.67743357
   1.4506538   0.65900956
   1.4592718   0.65277836
   1.4678897   0.63809747
   1.4765076   0.62866285
   1.4851256   0.62498756
   1.4937435   0.62272352
   1.5023614   0.61871142
   1.5109793   0.61506216
   1.5195973   0.61176419
   1.5282152   0.60545050
   1.5368331   0.60393694
   1.5454511   0.60689407
   1.5540690   0.60110900
   1.5626869   0.59929061
   1.5713049   0.60234041
   1.5799228   0.61054836
   1.5885407   0.59748816
   1.5971587   0.61312314
   1.6057766   0.60513869
   1.6143945   0.61779260
   1.6230125   0.61808859
   1.6316304   0.62297008
   1.6402483   0.63781638
   1.6488663   0.63352521
   1.6574842   0.65207412
   1.6661021   0.65905945
   1.6747200   0.65849978
   1.6833380   0.67896631
   1.6919559   0.68956058
   1.7005738   0.69980018
   1.7091918   0.70816116
   1.7178097   0.72018279
   1.7264276   0.73087104
   1.7350456   0.76112534
   1.7436635   0.76128677
   1.7522814   0.78358514
   1.7608994   0.80140687
   1.7695173   0.81224621
   1.7781352   0.83371931
   1.7867532   0.84941695
   1.7953711   0.86537546
   1.8039890   0.88474414
   1.8126070   0.90311761
   1.8212249   0.90704982
   1.8298428   0.93457908
   1.8384607   0.95014014
   1.8470787   0.96047800
   1.8556966   0.98521429
   1.8643145   0.99211650
   1.8729325   1.01480911
   1.8815504   1.03201389
   1.8901683   1.05507410
   1.8987863   1.06745435
   1.9074042   1.08194632
   1.9160221   1.09818665
   1.9246401   1.09900799
   1.9332580   1.11913409
   1.9418759   1.13586428
   1.9504939   1.14500532
   1.9591118   1.15805243
   1.9677297   1.15841977
   1.9763476   1.18461319
   1.9849656   1.19196751
   1.9935835   1.20862647
   2.0022014   1.20972088
   2.0108194   1.21989002
   2.0194373   1.22312799
   2.0280552   1.23317141
   2.0366732   1.23559090
   2.0452911   1.24950782
   2.0539090   1.25487225
   2.0625270   1.25122674
   2.0711449   1.24740851
   2.0797628   1.25843552
   2.0883808   1.25017125
   2.0969987   1.24433784
   2.1056166   1.26697926
   2.1142346   1.24136960
   2.1228525   1.24730220
   2.1314704   1.24608602
   2.1400883   1.23060342
   2.1487063   1.22255971
   2.1573242   1.22099109
   2.1659421   1.21908323
   2.1745601   1.19071312
   2.1831780   1.19529754
   2.1917959   1.17780156
   2.2004139   1.16264467
   2.2090318   1.15150506
   2.2176497   1.12903728
   2.2262677   1.14084977
   2.2348856   1.11878149
   2.2435035   1.10450021
   2.2521215   1.09353493
   2.2607394   1.07722777
   2.2693573   1.06846880
   2.2779753   1.05467219
   2.2865932   1.04161738
   2.2952111   1.03394531
   2.3038290   1.01283881
   2.3124470   1.01373593
   2.3210649   0.99953383
   2.3296828   0.97508660
   2.3383008   0.96474770
   2.3469187   0.96190735
   2.3555366   0.94332481
   2.3641546   0.93713385
   2.3727725   0.92827787
   2.3813904   0.91782022
   2.3900084   0.90116323
   2.3986263   0.89416862
   2.4072442   0.88340421
   2.4158622   0.87416554
   2.4244801   0.86997071
   2.4330980   0.87162468
   2.4417159   0.86089036
   2.4503339   0.86289786
   2.4589518   0.85059785
   2.4675697   0.85182149
   2.4761877   0.84636740
   2.4848056   0.84680417
   2.4934235   0.84498815
   2.5020415   0.84223399
   2.5106594   0.84397056
   2.5192773   0.84948057
   2.5278953   0.83616445
