   0.8192359   0.00000000
   0.8320598   0.00000000
   0.8448837   0.00000000
   0.8577076   0.00000000
   0.8705315   0.00000000
   0.8833554   0.00000000
   0.8961793   0.00014372
   0.9090032   0.00059369
   0.9218271   0.00444852
   0.9346510   0.01968752
   0.9474749   0.06335706
   0.9602989   0.16115301
   0.9731228   0.33961666
   0.9859467   0.61673618
   0.9987706   0.95843060
   1.0115945   1.36228752
   1.0244184   1.76076212
   1.0372423   2.11080534
   1.0500662   2.42210414
   1.0628901   2.61903070
   1.0757140   2.74581029
   1.0885379   2.81368599
   1.1013619   2.78565649
   1.1141858   2.74400830
   1.1270097   2.61596428
   1.1398336   2.50510474
   1.1526575   2.38725301
   1.1654814   2.22192661
   1.1783053   2.07880151
   1.1911292   1.94731205
   1.2039531   1.81262163
   1.2167770   1.68149008
   1.2296009   1.56235344
   1.2424248   1.45018210
   1.2552488   1.34323402
   1.2680727   1.26197194
   1.2808966   1.18038957
   1.2937205   1.11529493
   1.3065444   1.04861104
   1.3193683   0.99570161
   1.3321922   0.93678810
   1.3450161   0.89648695
   1.3578400   0.84587375
   1.3706639   0.81001398
   1.3834878   0.78068437
   1.3963118   0.75183180
   1.4091357   0.72699087
   1.4219596   0.69671155
   1.4347835   0.67667344
   1.4476074   0.65483683
   1.4604313   0.64180431
   1.4732552   0.62689077
   1.4860791   0.62474217
   1.4989030   0.61444476
   1.5117269   0.60743584
   1.5245508   0.60542926
   1.5373747   0.59595719
   1.5501987   0.59484386
   1.5630226   0.59543483
   1.5758465   0.59827517
   1.5886704   0.60329046
   1.6014943   0.60598756
   1.6143182   0.61252055
   1.6271421   0.61298562
   1.6399660   0.62990614
   1.6527899   0.62806032
   1.6656138   0.64922557
   1.6784377   0.66044395
   1.6912617   0.68012661
   1.7040856   0.69468239
   1.7169095   0.71722619
   1.7297334   0.73873822
   1.7425573   0.76186045
   1.7553812   0.77869594
   1.7682051   0.80625246
   1.7810290   0.82457714
   1.7938529   0.85671715
   1.8066768   0.88805929
   1.8195007   0.91215991
   1.8323246   0.93350718
   1.8451486   0.96102346
   1.8579725   0.98735101
   1.8707964   1.01136000
   1.8836203   1.03900152
   1.8964442   1.05725229
   1.9092681   1.08331968
   1.9220920   1.10294451
   1.9349159   1.12118486
   1.9477398   1.14441118
   1.9605637   1.16097502
   1.9733876   1.17796154
   1.9862116   1.18782343
   1.9990355   1.20556826
   2.0118594   1.21342605
   2.0246833   1.22742971
   2.0375072   1.23334658
   2.0503311   1.24275407
   2.0631550   1.24949423
   2.0759789   1.25098514
   2.0888028   1.26297381
   2.1016267   1.25176304
   2.1144506   1.25019907
   2.1272745   1.24139508
   2.1400985   1.23075220
   2.1529224   1.22166864
   2.1657463   1.20697322
   2.1785702   1.18755251
   2.1913941   1.16876679
   2.2042180   1.15359136
   2.2170419   1.13286392
   2.2298658   1.11479900
   2.2426897   1.09566634
   2.2555136   1.07720180
   2.2683375   1.05654863
   2.2811614   1.03804285
   2.2939854   1.01751476
   2.3068093   0.99564240
   2.3196332   0.97552022
   2.3324571   0.96466374
   2.3452810   0.94711822
   2.3581049   0.93236645
   2.3709288   0.91904800
   2.3837527   0.90567701
   2.3965766   0.89359390
   2.4094005   0.87891248
   2.4222244   0.87262602
   2.4350484   0.85753143
   2.4478723   0.85507150
   2.4606962   0.84120688
   2.4735201   0.84056755
   2.4863440   0.83778203
   2.4991679   0.83335525
   2.5119918   0.83674014
   2.5248157   0.83665908
   2.5376396   0.83766618
   2.5504635   0.83676530
   2.5632874   0.83684184
   2.5761113   0.84305433
   2.5889353   0.84839689
   2.6017592   0.85173049
   2.6145831   0.85864742
   2.6274070   0.86642576
   2.6402309   0.87496080
   2.6530548   0.88282337
   2.6658787   0.89323936
   2.6787026   0.89876690
   2.6915265   0.91015574
   2.7043504   0.92305238
   2.7171743   0.93695541
   2.7299983   0.94381995
   2.7428222   0.95581652
   2.7556461   0.97025513
   2.7684700   0.97423525
   2.7812939   0.98790439
   2.7941178   0.99910504
   2.8069417   1.00745615
   2.8197656   1.02214712
   2.8325895   1.02652943
   2.8454134   1.04116314
   2.8582373   1.04473421
   2.8710612   1.05793225
   2.8838852   1.05956775
   2.8967091   1.06845465
   2.9095330   1.07108318
   2.9223569   1.07510790
   2.9351808   1.07997279
   2.9480047   1.08360683
   2.9608286   1.08692028
   2.9736525   1.08695784
   2.9864764   1.08771500
   2.9993003   1.08822382
   3.0121242   1.08310586
   3.0249482   1.08394218
   3.0377721   1.08524489
   3.0505960   1.07742987
   3.0634199   1.07399386
   3.0762438   1.06927855
   3.0890677   1.06890462
   3.1018916   1.06272696
   3.1147155   1.05834278
   3.1275394   1.05332494
   3.1403633   1.04712170
   3.1531872   1.04272284
   3.1660111   1.03642037
   3.1788351   1.03147624
   3.1916590   1.02343637
   3.2044829   1.01568861
   3.2173068   1.01274581
   3.2301307   1.00730083
   3.2429546   1.00161379
   3.2557785   0.99000396
   3.2686024   0.98602423
   3.2814263   0.98149480
   3.2942502   0.97675061
   3.3070741   0.96993951
   3.3198981   0.96450031
   3.3327220   0.96156333
   3.3455459   0.95543052
   3.3583698   0.95103645
   3.3711937   0.94908600
