   0.8129269   0.00000000
   0.8215448   0.00000000
   0.8301628   0.00000000
   0.8387807   0.00000000
   0.8473986   0.00000000
   0.8560166   0.00000000
   0.8646345   0.00000000
   0.8732524   0.00000000
   0.8818703   0.00000000
   0.8904883   0.00000000
   0.8991062   0.00012591
   0.9077241   0.00098824
   0.9163421   0.00412140
   0.9249600   0.01082621
   0.9335779   0.02872863
   0.9421959   0.05962137
   0.9508138   0.11371336
   0.9594317   0.20323499
   0.9680497   0.33909299
   0.9766676   0.50514486
   0.9852855   0.71788918
   0.9939035   0.94608514
   1.0025214   1.22206245
   1.0111393   1.48136596
   1.0197573   1.75623620
   1.0283752   2.01796967
   1.0369931   2.21391036
   1.0456110   2.41766709
   1.0542290   2.56274863
   1.0628469   2.69931187
   1.0714648   2.75296986
   1.0800828   2.78049733
   1.0887007   2.76602121
   1.0973186   2.79248356
   1.1059366   2.76461159
   1.1145545   2.70031089
   1.1231724   2.61675334
   1.1317904   2.53287521
   1.1404083   2.44191065
   1.1490262   2.36278540
   1.1576442   2.28224312
   1.1662621   2.16527594
   1.1748800   2.11290675
   1.1834980   1.99577192
   1.1921159   1.90191684
   1.2007338   1.80934078
   1.2093517   1.73513818
   1.2179697   1.64528205
   1.2265876   1.57035444
   1.2352055   1.49281399
   1.2438235   1.44246215
   1.2524414   1.36836798
   1.2610593   1.30595027
   1.2696773   1.24863112
   1.2782952   1.20089379
   1.2869131   1.13016560
   1.2955311   1.08170443
   1.3041490   1.06787464
   1.3127669   1.00558752
   1.3213849   0.97088659
   1.3300028   0.93578935
   1.3386207   0.92190462
   1.3472386   0.88995989
   1.3558566   0.86849495
   1.3644745   0.83011441
   1.3730924   0.82242637
   1.3817104   0.79225944
   1.3903283   0.76898835
   1.3989462   0.74113189
   1.4075642   0.72509750
   1.4161821   0.72304935
   1.4248000   0.69708128
   1.4334180   0.69110240
   1.4420359   0.66646932
   1.4506538   0.65988018
   1.4592718   0.65421230
   1.4678897   0.64863165
   1.4765076   0.64509726
   1.4851256   0.63781681
   1.4937435   0.62696594
   1.5023614   0.62349156
   1.5109793   0.62344370
   1.5195973   0.61467337
   1.5282152   0.62423464
   1.5368331   0.61893409
   1.5454511   0.61264723
   1.5540690   0.61657608
   1.5626869   0.60087449
   1.5713049   0.60736987
   1.5799228   0.60312702
   1.5885407   0.59930325
   1.5971587   0.60945222
   1.6057766   0.60399394
   1.6143945   0.61646477
   1.6230125   0.62005924
   1.6316304   0.62140252
   1.6402483   0.63864869
   1.6488663   0.62895778
   1.6574842   0.66096603
   1.6661021   0.65891279
   1.6747200   0.66111273
   1.6833380   0.67584124
   1.6919559   0.67747176
   1.7005738   0.69064925
   1.7091918   0.70227288
   1.7178097   0.72504632
   1.7264276   0.74944846
   1.7350456   0.74702605
   1.7436635   0.77193273
   1.7522814   0.77082263
   1.7608994   0.79142785
   1.7695173   0.81510680
   1.7781352   0.83043569
   1.7867532   0.84253030
   1.7953711   0.85533388
   1.8039890   0.88030291
   1.8126070   0.89081871
   1.8212249   0.90609852
   1.8298428   0.92302756
   1.8384607   0.94715882
   1.8470787   0.95469019
   1.8556966   0.98574633
   1.8643145   0.99539642
   1.8729325   1.01393863
   1.8815504   1.03049009
   1.8901683   1.04601449
   1.8987863   1.06110230
   1.9074042   1.07470033
   1.9160221   1.08058084
   1.9246401   1.10851536
   1.9332580   1.12267445
   1.9418759   1.12593110
   1.9504939   1.14420269
   1.9591118   1.14664906
   1.9677297   1.16349329
   1.9763476   1.18278906
   1.9849656   1.18876420
   1.9935835   1.19387494
   2.0022014   1.20609007
   2.0108194   1.21769996
   2.0194373   1.22851907
   2.0280552   1.23359211
   2.0366732   1.24952853
   2.0452911   1.24469013
   2.0539090   1.24377337
   2.0625270   1.25354764
   2.0711449   1.24710005
   2.0797628   1.24758735
   2.0883808   1.25115144
   2.0969987   1.25206881
   2.1056166   1.24755720
   2.1142346   1.24517231
   2.1228525   1.25312945
   2.1314704   1.25267278
   2.1400883   1.24004858
   2.1487063   1.23832258
   2.1573242   1.22368112
   2.1659421   1.21311669
   2.1745601   1.19230596
   2.1831780   1.20257969
   2.1917959   1.18231453
   2.2004139   1.16146743
   2.2090318   1.16028642
   2.2176497   1.14228307
   2.2262677   1.13175205
   2.2348856   1.11713083
   2.2435035   1.09703819
   2.2521215   1.09768896
   2.2607394   1.08905734
   2.2693573   1.05801357
   2.2779753   1.05210264
   2.2865932   1.03838581
   2.2952111   1.03091186
   2.3038290   1.01933985
   2.3124470   0.99795639
   2.3210649   0.99392250
   2.3296828   0.98266315
   2.3383008   0.96901073
   2.3469187   0.96028116
   2.3555366   0.94945184
   2.3641546   0.93820829
   2.3727725   0.93205635
   2.3813904   0.92078168
   2.3900084   0.91162302
   2.3986263   0.90669403
   2.4072442   0.89410117
   2.4158622   0.88639077
   2.4244801   0.87660272
   2.4330980   0.87454758
   2.4417159   0.86761687
   2.4503339   0.87325583
   2.4589518   0.86741487
   2.4675697   0.86298810
   2.4761877   0.85828643
   2.4848056   0.85000233
   2.4934235   0.85048901
   2.5020415   0.85255847
   2.5106594   0.85009050
   2.5192773   0.84236000
   2.5278953   0.84449487
