   0.8192359   0.00000000
   0.8320598   0.00000000
   0.8448837   0.00000000
   0.8577076   0.00000000
   0.8705315   0.00000000
   0.8833554   0.00000000
   0.8961793   0.00003593
   0.9090032   0.00031431
   0.9218271   0.00424477
   0.9346510   0.01925809
   0.9474749   0.06023903
   0.9602989   0.16084009
   0.9731228   0.33955572
   0.9859467   0.61973437
   0.9987706   0.96745602
   1.0115945   1.37221352
   1.0244184   1.76298940
   1.0372423   2.13092153
   1.0500662   2.41388661
   1.0628901   2.62541640
   1.0757140   2.76219418
   1.0885379   2.80182592
   1.1013619   2.80026325
   1.1141858   2.72529603
   1.1270097   2.63334437
   1.1398336   2.50408305
   1.1526575   2.35667227
   1.1654814   2.21859131
   1.1783053   2.07308589
   1.1911292   1.93634936
   1.2039531   1.79442573
   1.2167770   1.67277779
   1.2296009   1.55679937
   1.2424248   1.45046252
   1.2552488   1.36013799
   1.2680727   1.26121822
   1.2808966   1.18721375
   1.2937205   1.10931225
   1.3065444   1.04891532
   1.3193683   0.99139150
   1.3321922   0.93860919
   1.3450161   0.89229180
   1.3578400   0.85136735
   1.3706639   0.81758636
   1.3834878   0.78112158
   1.3963118   0.75329707
   1.4091357   0.73140877
   1.4219596   0.70243447
   1.4347835   0.68328977
   1.4476074   0.66040007
   1.4604313   0.64271080
   1.4732552   0.63383082
   1.4860791   0.61347873
   1.4989030   0.61259522
   1.5117269   0.60078139
   1.5245508   0.59795513
   1.5373747   0.59585952
   1.5501987   0.59205799
   1.5630226   0.59668688
   1.5758465   0.59284846
   1.5886704   0.59808820
   1.6014943   0.60674139
   1.6143182   0.60953081
   1.6271421   0.61516547
   1.6399660   0.62804994
   1.6527899   0.64062047
   1.6656138   0.65212762
   1.6784377   0.66641577
   1.6912617   0.68168024
   1.7040856   0.69775300
   1.7169095   0.72351095
   1.7297334   0.73949051
   1.7425573   0.75940860
   1.7553812   0.78039099
   1.7682051   0.80673240
   1.7810290   0.83287377
   1.7938529   0.85759598
   1.8066768   0.88187078
   1.8195007   0.90509951
   1.8323246   0.93781325
   1.8451486   0.96148116
   1.8579725   0.98396549
   1.8707964   1.01595251
   1.8836203   1.03706582
   1.8964442   1.05784604
   1.9092681   1.07967824
   1.9220920   1.10648284
   1.9349159   1.12257995
   1.9477398   1.14062312
   1.9605637   1.15825735
   1.9733876   1.17224094
   1.9862116   1.19159051
   1.9990355   1.20452841
   2.0118594   1.21750408
   2.0246833   1.22982310
   2.0375072   1.23564042
   2.0503311   1.23934247
   2.0631550   1.25036198
   2.0759789   1.25666319
   2.0888028   1.25520254
   2.1016267   1.24737261
   2.1144506   1.24728170
   2.1272745   1.24054059
   2.1400985   1.23094752
   2.1529224   1.22042971
   2.1657463   1.20723777
   2.1785702   1.18502929
   2.1913941   1.17013686
   2.2042180   1.15795679
   2.2170419   1.13533555
   2.2298658   1.11198429
   2.2426897   1.09499507
   2.2555136   1.07647575
   2.2683375   1.05148991
   2.2811614   1.03459912
   2.2939854   1.01197081
   2.3068093   0.99446565
   2.3196332   0.97469431
   2.3324571   0.96256327
   2.3452810   0.94780549
   2.3581049   0.93142197
   2.3709288   0.91746688
   2.3837527   0.90042087
   2.3965766   0.89048393
   2.4094005   0.88043356
   2.4222244   0.87038325
   2.4350484   0.86385814
   2.4478723   0.85670407
   2.4606962   0.85196323
   2.4735201   0.84443035
   2.4863440   0.84237997
   2.4991679   0.83944003
   2.5119918   0.83494290
   2.5248157   0.83702575
   2.5376396   0.83514329
   2.5504635   0.83961778
   2.5632874   0.83934523
   2.5761113   0.84702868
   2.5889353   0.85119105
   2.6017592   0.85613843
   2.6145831   0.85665498
   2.6274070   0.87033422
   2.6402309   0.87756466
   2.6530548   0.88347523
   2.6658787   0.89152587
   2.6787026   0.90295743
   2.6915265   0.91035093
   2.7043504   0.91969460
   2.7171743   0.93069392
   2.7299983   0.94100121
   2.7428222   0.95209580
   2.7556461   0.96352883
   2.7684700   0.97520287
   2.7812939   0.99010533
   2.7941178   0.99642896
   2.8069417   1.00862084
   2.8197656   1.01734555
   2.8325895   1.02704733
   2.8454134   1.04022220
   2.8582373   1.04417611
   2.8710612   1.05101821
   2.8838852   1.06277377
   2.8967091   1.06534230
   2.9095330   1.07445109
   2.9223569   1.07695281
   2.9351808   1.07821430
   2.9480047   1.08016023
   2.9608286   1.08446465
   2.9736525   1.08682730
   2.9864764   1.08311423
   2.9993003   1.08447068
   3.0121242   1.08702750
   3.0249482   1.08148548
   3.0377721   1.08368448
   3.0505960   1.07765623
   3.0634199   1.07750851
   3.0762438   1.07278531
   3.0890677   1.06646417
   3.1018916   1.06557314
   3.1147155   1.05941955
   3.1275394   1.05505667
   3.1403633   1.05104268
   3.1531872   1.04614181
   3.1660111   1.04040475
   3.1788351   1.03100505
   3.1916590   1.02540517
   3.2044829   1.01904958
   3.2173068   1.01416203
   3.2301307   1.00747507
   3.2429546   1.00206104
   3.2557785   0.99529072
   3.2686024   0.98663196
   3.2814263   0.97971264
   3.2942502   0.97405693
   3.3070741   0.97001603
   3.3198981   0.96418351
   3.3327220   0.95824039
   3.3455459   0.95381657
   3.3583698   0.95250761
   3.3711937   0.94628281
