   0.8192359   0.00000000
   0.8320598   0.00000000
   0.8448837   0.00000000
   0.8577076   0.00000000
   0.8705315   0.00003808
   0.8833554   0.00000000
   0.8961793   0.00017965
   0.9090032   0.00062862
   0.9218271   0.00499185
   0.9346510   0.02021604
   0.9474749   0.06219985
   0.9602989   0.16421961
   0.9731228   0.34321242
   0.9859467   0.61361926
   0.9987706   0.95981912
   1.0115945   1.35475842
   1.0244184   1.78182505
   1.0372423   2.12064886
   1.0500662   2.41681770
   1.0628901   2.61800899
   1.0757140   2.75478777
   1.0885379   2.79970718
   1.1013619   2.79914515
   1.1141858   2.72085623
   1.1270097   2.63345796
   1.1398336   2.49306652
   1.1526575   2.36568577
   1.1654814   2.21922863
   1.1783053   2.08310381
   1.1911292   1.92520362
   1.2039531   1.81158641
   1.2167770   1.67848853
   1.2296009   1.55424183
   1.2424248   1.46007132
   1.2552488   1.35944206
   1.2680727   1.27325974
   1.2808966   1.18950021
   1.2937205   1.12205346
   1.3065444   1.05576158
   1.3193683   0.99729304
   1.3321922   0.93903194
   1.3450161   0.88259349
   1.3578400   0.85105433
   1.3706639   0.80032195
   1.3834878   0.78216185
   1.3963118   0.74913807
   1.4091357   0.72255844
   1.4219596   0.69919481
   1.4347835   0.67608470
   1.4476074   0.66283743
   1.4604313   0.64888030
   1.4732552   0.63638348
   1.4860791   0.62421951
   1.4989030   0.61285210
   1.5117269   0.60378663
   1.5245508   0.59846417
   1.5373747   0.59443104
   1.5501987   0.59542025
   1.5630226   0.59551751
   1.5758465   0.59942559
   1.5886704   0.60245581
   1.6014943   0.60710142
   1.6143182   0.61314065
   1.6271421   0.62025543
   1.6399660   0.62535684
   1.6527899   0.64126486
   1.6656138   0.65005770
   1.6784377   0.66365009
   1.6912617   0.68041917
   1.7040856   0.69583511
   1.7169095   0.71585568
   1.7297334   0.72935390
   1.7425573   0.75309841
   1.7553812   0.77669183
   1.7682051   0.80160997
   1.7810290   0.83214599
   1.7938529   0.86103056
   1.8066768   0.88107512
   1.8195007   0.90640699
   1.8323246   0.93214058
   1.8451486   0.96171848
   1.8579725   0.98602188
   1.8707964   1.01394896
   1.8836203   1.03318628
   1.8964442   1.05868851
   1.9092681   1.08420629
   1.9220920   1.10302262
   1.9349159   1.12556283
   1.9477398   1.13688070
   1.9605637   1.15979636
   1.9733876   1.17425649
   1.9862116   1.19173680
   1.9990355   1.20747465
   2.0118594   1.21522979
   2.0246833   1.22454356
   2.0375072   1.23991532
   2.0503311   1.24414067
   2.0631550   1.25673453
   2.0759789   1.25377060
   2.0888028   1.25309272
   2.1016267   1.25063930
   2.1144506   1.24466122
   2.1272745   1.23531162
   2.1400985   1.23080891
   2.1529224   1.21688102
   2.1657463   1.20316498
   2.1785702   1.18692018
   2.1913941   1.16588243
   2.2042180   1.15237379
   2.2170419   1.13605180
   2.2298658   1.11552444
   2.2426897   1.09406562
   2.2555136   1.07626020
   2.2683375   1.06289727
   2.2811614   1.03718885
   2.2939854   1.01885276
   2.3068093   0.99749158
   2.3196332   0.97948887
   2.3324571   0.96301943
   2.3452810   0.94740152
   2.3581049   0.93344067
   2.3709288   0.91384778
   2.3837527   0.90317844
   2.3965766   0.89247853
   2.4094005   0.88143768
   2.4222244   0.87262602
   2.4350484   0.86544955
   2.4478723   0.85802843
   2.4606962   0.85126743
   2.4735201   0.84420396
   2.4863440   0.84358897
   2.4991679   0.83904269
   2.5119918   0.83433010
   2.5248157   0.83798543
   2.5376396   0.83605744
   2.5504635   0.83373094
   2.5632874   0.83815502
   2.5761113   0.83586222
   2.5889353   0.84774678
   2.6017592   0.85230599
   2.6145831   0.86245502
   2.6274070   0.86496687
   2.6402309   0.87296962
   2.6530548   0.88239700
   2.6658787   0.89348704
   2.6787026   0.90224962
   2.6915265   0.91328270
   2.7043504   0.92279197
   2.7171743   0.93198374
   2.7299983   0.94281713
   2.7428222   0.95715521
   2.7556461   0.96188716
   2.7684700   0.97667500
   2.7812939   0.98851245
   2.7941178   0.99672096
   2.8069417   1.00875636
   2.8197656   1.01878275
   2.8325895   1.02710847
   2.8454134   1.03613053
   2.8582373   1.04558902
   2.8710612   1.05280360
   2.8838852   1.06308951
   2.8967091   1.06607826
   2.9095330   1.07221491
   2.9223569   1.07383065
   2.9351808   1.07587970
   2.9480047   1.08240484
   2.9608286   1.08639360
   2.9736525   1.08625621
   2.9864764   1.08799648
   2.9993003   1.09116219
   3.0121242   1.08677623
   3.0249482   1.08259872
   3.0377721   1.08324043
   3.0505960   1.07658954
   3.0634199   1.07588494
   3.0762438   1.07308719
   3.0890677   1.06914352
   3.1018916   1.06283193
   3.1147155   1.06150169
   3.1275394   1.05372026
   3.1403633   1.04629361
   3.1531872   1.03921099
   3.1660111   1.03602596
   3.1788351   1.03197599
   3.1916590   1.02551565
   3.2044829   1.01655133
   3.2173068   1.01202934
   3.2301307   1.00734231
   3.2429546   0.99991806
   3.2557785   0.99218727
   3.2686024   0.98625381
   3.2814263   0.97983056
   3.2942502   0.97456482
   3.3070741   0.97150152
   3.3198981   0.96454744
   3.3327220   0.95988497
   3.3455459   0.95296834
   3.3583698   0.94875167
   3.3711937   0.94651133
