   0.8192359   0.00000000
   0.8320598   0.00000000
   0.8448837   0.00000000
   0.8577076   0.00000000
   0.8705315   0.00000000
   0.8833554   0.00000000
   0.8961793   0.00003593
   0.9090032   0.00059369
   0.9218271   0.00380332
   0.9346510   0.01935719
   0.9474749   0.06383923
   0.9602989   0.16662908
   0.9731228   0.34470558
   0.9859467   0.61237248
   0.9987706   0.97029093
   1.0115945   1.35958043
   1.0244184   1.76469424
   1.0372423   2.11879818
   1.0500662   2.42202563
   1.0628901   2.64048665
   1.0757140   2.75955082
   1.0885379   2.81439224
   1.1013619   2.80273736
   1.1141858   2.72755080
   1.1270097   2.62677856
   1.1398336   2.50494927
   1.1526575   2.36924773
   1.1654814   2.21627572
   1.1783053   2.07219218
   1.1911292   1.93382733
   1.2039531   1.81698148
   1.2167770   1.67402519
   1.2296009   1.56388033
   1.2424248   1.44575158
   1.2552488   1.34867333
   1.2680727   1.26378445
   1.2808966   1.18795245
   1.2937205   1.11853626
   1.3065444   1.04541612
   1.3193683   0.98946853
   1.3321922   0.92682088
   1.3450161   0.88319964
   1.3578400   0.85122649
   1.3706639   0.80700346
   1.3834878   0.77450306
   1.3963118   0.74733239
   1.4091357   0.72338680
   1.4219596   0.69870958
   1.4347835   0.67759861
   1.4476074   0.65547027
   1.4604313   0.64211550
   1.4732552   0.63454875
   1.4860791   0.62228565
   1.4989030   0.61714200
   1.5117269   0.60237240
   1.5245508   0.59642803
   1.5373747   0.59589615
   1.5501987   0.58942822
   1.5630226   0.59007225
   1.5758465   0.59935587
   1.5886704   0.59868274
   1.6014943   0.60294974
   1.6143182   0.61060490
   1.6271421   0.61894752
   1.6399660   0.62586113
   1.6527899   0.63888804
   1.6656138   0.64853907
   1.6784377   0.66005471
   1.6912617   0.68429316
   1.7040856   0.70452026
   1.7169095   0.72073078
   1.7297334   0.73911436
   1.7425573   0.75854380
   1.7553812   0.78585076
   1.7682051   0.80586482
   1.7810290   0.83046302
   1.7938529   0.86123681
   1.8066768   0.88198571
   1.8195007   0.91191585
   1.8323246   0.93387676
   1.8451486   0.96266778
   1.8579725   0.99102075
   1.8707964   1.01565569
   1.8836203   1.03848100
   1.8964442   1.06036544
   1.9092681   1.08285262
   1.9220920   1.10809970
   1.9349159   1.12448376
   1.9477398   1.14234220
   1.9605637   1.16026932
   1.9733876   1.17518275
   1.9862116   1.19306808
   1.9990355   1.21344656
   2.0118594   1.21778925
   2.0246833   1.23125209
   2.0375072   1.23344389
   2.0503311   1.25154733
   2.0631550   1.24651811
   2.0759789   1.25332867
   2.0888028   1.25236520
   2.1016267   1.25082877
   2.1144506   1.24273136
   2.1272745   1.23593655
   2.1400985   1.22420589
   2.1529224   1.21578529
   2.1657463   1.20306039
   2.1785702   1.18953460
   2.1913941   1.17003471
   2.2042180   1.15539692
   2.2170419   1.13333946
   2.2298658   1.11943021
   2.2426897   1.09324518
   2.2555136   1.07103035
   2.2683375   1.04973450
   2.2811614   1.03523685
   2.2939854   1.00916867
   2.3068093   0.99721502
   2.3196332   0.97952641
   2.3324571   0.96130086
   2.3452810   0.94749071
   2.3581049   0.93365344
   2.3709288   0.91882212
   2.3837527   0.90502190
   2.3965766   0.89201631
   2.4094005   0.87590014
   2.4222244   0.86969468
   2.4350484   0.86147346
   2.4478723   0.85091062
   2.4606962   0.84881305
   2.4735201   0.84444921
   2.4863440   0.83866427
   2.4991679   0.83502314
   2.5119918   0.83667154
   2.5248157   0.83468088
   2.5376396   0.83233809
   2.5504635   0.83622852
   2.5632874   0.83714488
   2.5761113   0.84092800
   2.5889353   0.84698904
   2.6017592   0.85017875
   2.6145831   0.86215109
   2.6274070   0.87096543
   2.6402309   0.87628964
   2.6530548   0.88427468
   2.6658787   0.89641459
   2.6787026   0.90424434
   2.6915265   0.91675621
   2.7043504   0.92631153
   2.7171743   0.93670526
   2.7299983   0.94299137
   2.7428222   0.95503018
   2.7556461   0.96563412
   2.7684700   0.98169381
   2.7812939   0.99138859
   2.7941178   0.99999953
   2.8069417   1.00784805
   2.8197656   1.01843797
   2.8325895   1.02435713
   2.8454134   1.03739937
   2.8582373   1.04145627
   2.8710612   1.04876370
   2.8838852   1.05833600
   2.8967091   1.06625365
   2.9095330   1.06937878
   2.9223569   1.07401311
   2.9351808   1.07954071
   2.9480047   1.08464612
   2.9608286   1.08943186
   2.9736525   1.08930096
   2.9864764   1.08909329
   2.9993003   1.09166261
   3.0121242   1.08798166
   3.0249482   1.09010442
   3.0377721   1.08740884
   3.0505960   1.08272611
   3.0634199   1.07967020
   3.0762438   1.07485277
   3.0890677   1.07003563
   3.1018916   1.06418454
   3.1147155   1.05605539
   3.1275394   1.05539889
   3.1403633   1.05063303
   3.1531872   1.03800361
   3.1660111   1.03934532
   3.1788351   1.02838636
   3.1916590   1.02249304
   3.2044829   1.01134126
   3.2173068   1.01003605
   3.2301307   1.00098943
   3.2429546   0.99550587
   3.2557785   0.99387783
   3.2686024   0.98344477
   3.2814263   0.97800284
   3.2942502   0.97112924
   3.3070741   0.96495005
   3.3198981   0.96045260
   3.3327220   0.95486549
   3.3455459   0.95368250
   3.3583698   0.94622894
   3.3711937   0.94393159
