   0.8192359   0.00000000
   0.8320598   0.00000000
   0.8448837   0.00000000
   0.8577076   0.00000000
   0.8705315   0.00000000
   0.8833554   0.00000000
   0.8961793   0.00003593
   0.9090032   0.00087308
   0.9218271   0.00421082
   0.9346510   0.01998481
   0.9474749   0.06348563
   0.9602989   0.16193531
   0.9731228   0.34391329
   0.9859467   0.60904776
   0.9987706   0.96109194
   1.0115945   1.36149795
   1.0244184   1.75386030
   1.0372423   2.13733189
   1.0500662   2.40137712
   1.0628901   2.64779189
   1.0757140   2.76915172
   1.0885379   2.79624901
   1.1013619   2.78439565
   1.1141858   2.73536114
   1.1270097   2.61525999
   1.1398336   2.50190640
   1.1526575   2.37002962
   1.1654814   2.20129873
   1.1783053   2.06876281
   1.1911292   1.92441040
   1.2039531   1.81638424
   1.2167770   1.67521411
   1.2296009   1.57245001
   1.2424248   1.46199682
   1.2552488   1.36220749
   1.2680727   1.27437236
   1.2808966   1.19201530
   1.2937205   1.11888109
   1.3065444   1.04984506
   1.3193683   0.99551926
   1.3321922   0.94257656
   1.3450161   0.89165375
   1.3578400   0.84690674
   1.3706639   0.81291698
   1.3834878   0.77821185
   1.3963118   0.74900487
   1.4091357   0.72268924
   1.4219596   0.70076469
   1.4347835   0.68153756
   1.4476074   0.66285120
   1.4604313   0.64892089
   1.4732552   0.63188973
   1.4860791   0.62425871
   1.4989030   0.61179889
   1.5117269   0.60627415
   1.5245508   0.59360971
   1.5373747   0.58969386
   1.5501987   0.59251429
   1.5630226   0.59660420
   1.5758465   0.59177938
   1.5886704   0.59948309
   1.6014943   0.60001319
   1.6143182   0.60541161
   1.6271421   0.60949785
   1.6399660   0.62594697
   1.6527899   0.63328932
   1.6656138   0.64654196
   1.6784377   0.66306623
   1.6912617   0.67648466
   1.7040856   0.69806105
   1.7169095   0.71728493
   1.7297334   0.73823669
   1.7425573   0.75965568
   1.7553812   0.78241382
   1.7682051   0.80371432
   1.7810290   0.82992628
   1.7938529   0.86381050
   1.8066768   0.88813001
   1.8195007   0.91446979
   1.8323246   0.93465031
   1.8451486   0.96353233
   1.8579725   0.98843772
   1.8707964   1.01036234
   1.8836203   1.03958712
   1.8964442   1.06109559
   1.9092681   1.08343050
   1.9220920   1.10574862
   1.9349159   1.12441439
   1.9477398   1.14038732
   1.9605637   1.16040446
   1.9733876   1.16975856
   1.9862116   1.18867925
   1.9990355   1.19700394
   2.0118594   1.21727593
   2.0246833   1.22871791
   2.0375072   1.23885181
   2.0503311   1.24481338
   2.0631550   1.24869427
   2.0759789   1.25407191
   2.0888028   1.25311257
   2.1016267   1.25172384
   2.1144506   1.24785613
   2.1272745   1.24331449
   2.1400985   1.22435710
   2.1529224   1.21672538
   2.1657463   1.20354642
   2.1785702   1.18524817
   2.1913941   1.17791863
   2.2042180   1.15014652
   2.2170419   1.13579935
   2.2298658   1.11658068
   2.2426897   1.09797849
   2.2555136   1.07924950
   2.2683375   1.05611679
   2.2811614   1.03845876
   2.2939854   1.01681833
   2.3068093   1.00321267
   2.3196332   0.98176816
   2.3324571   0.96630805
   2.3452810   0.95088512
   2.3581049   0.93430731
   2.3709288   0.91504388
   2.3837527   0.90465118
   2.3965766   0.89254385
   2.4094005   0.88340116
   2.4222244   0.87262110
   2.4350484   0.86364401
   2.4478723   0.85239390
   2.4606962   0.84396149
   2.4735201   0.84309087
   2.4863440   0.83687645
   2.4991679   0.83382651
   2.5119918   0.83396425
   2.5248157   0.83089648
   2.5376396   0.83445767
   2.5504635   0.83595348
   2.5632874   0.83636312
   2.5761113   0.84180201
   2.5889353   0.84588257
   2.6017592   0.85094609
   2.6145831   0.85925529
   2.6274070   0.86396781
   2.6402309   0.87068866
   2.6530548   0.87930169
   2.6658787   0.88593470
   2.6787026   0.89847735
   2.6915265   0.90987691
   2.7043504   0.92135573
   2.7171743   0.92886473
   2.7299983   0.94258482
   2.7428222   0.95083767
   2.7556461   0.96766341
   2.7684700   0.98024426
   2.7812939   0.98761715
   2.7941178   1.00080531
   2.8069417   1.01214055
   2.8197656   1.02094945
   2.8325895   1.03408212
   2.8454134   1.04158371
   2.8582373   1.04917427
   2.8710612   1.05033205
   2.8838852   1.06252048
   2.8967091   1.06742981
   2.9095330   1.07344890
   2.9223569   1.08052437
   2.9351808   1.07989575
   2.9480047   1.08450999
   2.9608286   1.08639689
   2.9736525   1.09170608
   2.9864764   1.08963038
   2.9993003   1.08705939
   3.0121242   1.08110211
   3.0249482   1.08451930
   3.0377721   1.08207716
   3.0505960   1.07740816
   3.0634199   1.07376016
   3.0762438   1.07218154
   3.0890677   1.06912537
   3.1018916   1.06831136
   3.1147155   1.05997280
   3.1275394   1.05463775
   3.1403633   1.04933676
   3.1531872   1.04245872
   3.1660111   1.03517957
   3.1788351   1.03266422
   3.1916590   1.02328906
   3.2044829   1.02193844
   3.2173068   1.01328665
   3.2301307   1.00411194
   3.2429546   0.99959976
   3.2557785   0.99380433
   3.2686024   0.98679132
   3.2814263   0.97924365
   3.2942502   0.97468714
   3.3070741   0.97360707
   3.3198981   0.96478046
   3.3327220   0.95765063
   3.3455459   0.95489941
   3.3583698   0.95173749
   3.3711937   0.94808051
