   0.8192359   0.00000000
   0.8320598   0.00000000
   0.8448837   0.00000000
   0.8577076   0.00000000
   0.8705315   0.00000000
   0.8833554   0.00000000
   0.8961793   0.00010779
   0.9090032   0.00038415
   0.9218271   0.00376936
   0.9346510   0.01958842
   0.9474749   0.06152481
   0.9602989   0.16647262
   0.9731228   0.34126218
   0.9859467   0.61771579
   0.9987706   0.97263407
   1.0115945   1.37542819
   1.0244184   1.76692152
   1.0372423   2.12386746
   1.0500662   2.42137137
   1.0628901   2.62799623
   1.0757140   2.75189502
   1.0885379   2.81487930
   1.1013619   2.78303965
   1.1141858   2.73780187
   1.1270097   2.63879694
   1.1398336   2.51685422
   1.1526575   2.35502160
   1.1654814   2.21500108
   1.1783053   2.07701408
   1.1911292   1.93203750
   1.2039531   1.81327859
   1.2167770   1.67579883
   1.2296009   1.56151365
   1.2424248   1.45502390
   1.2552488   1.35499171
   1.2680727   1.26335375
   1.2808966   1.18420619
   1.2937205   1.11705353
   1.3065444   1.05334426
   1.3193683   0.99228668
   1.3321922   0.93077200
   1.3450161   0.88790523
   1.3578400   0.84175746
   1.3706639   0.80721850
   1.3834878   0.77579963
   1.3963118   0.74364701
   1.4091357   0.72571201
   1.4219596   0.69418548
   1.4347835   0.67722013
   1.4476074   0.66395283
   1.4604313   0.64530848
   1.4732552   0.62845959
   1.4860791   0.62428484
   1.4989030   0.61268513
   1.5117269   0.60714542
   1.5245508   0.59418082
   1.5373747   0.59122001
   1.5501987   0.58580178
   1.5630226   0.58671769
   1.5758465   0.59093109
   1.5886704   0.59564142
   1.6014943   0.60018196
   1.6143182   0.61118071
   1.6271421   0.61898022
   1.6399660   0.63033532
   1.6527899   0.63548655
   1.6656138   0.65163874
   1.6784377   0.66357839
   1.6912617   0.68141794
   1.7040856   0.69978019
   1.7169095   0.72137687
   1.7297334   0.74087935
   1.7425573   0.76425528
   1.7553812   0.78501728
   1.7682051   0.80274521
   1.7810290   0.83509348
   1.7938529   0.85822371
   1.8066768   0.88305544
   1.8195007   0.90964083
   1.8323246   0.94205057
   1.8451486   0.96050643
   1.8579725   0.98753492
   1.8707964   1.01234941
   1.8836203   1.04502010
   1.8964442   1.06542030
   1.9092681   1.08150688
   1.9220920   1.10850586
   1.9349159   1.12582490
   1.9477398   1.14606179
   1.9605637   1.16671814
   1.9733876   1.17736132
   1.9862116   1.19298762
   1.9990355   1.20405903
   2.0118594   1.21695511
   2.0246833   1.22852081
   2.0375072   1.23905339
   2.0503311   1.24131255
   2.0631550   1.24799600
   2.0759789   1.25160116
   2.0888028   1.25391946
   2.1016267   1.25244905
   2.1144506   1.24500330
   2.1272745   1.23964146
   2.1400985   1.23102943
   2.1529224   1.22188654
   2.1657463   1.20309115
   2.1785702   1.18521169
   2.1913941   1.16534762
   2.2042180   1.15346663
   2.2170419   1.12937076
   2.2298658   1.11618023
   2.2426897   1.09402546
   2.2555136   1.08087178
   2.2683375   1.05782172
   2.2811614   1.03647349
   2.2939854   1.01249723
   2.3068093   0.99352207
   2.3196332   0.97828755
   2.3324571   0.95508431
   2.3452810   0.94051303
   2.3581049   0.92345613
   2.3709288   0.91307775
   2.3837527   0.90079159
   2.3965766   0.88754979
   2.4094005   0.87707823
   2.4222244   0.87017668
   2.4350484   0.86182386
   2.4478723   0.85419502
   2.4606962   0.84711644
   2.4735201   0.84231736
   2.4863440   0.84443854
   2.4991679   0.83740715
   2.5119918   0.84058156
   2.5248157   0.83685374
   2.5376396   0.83977680
   2.5504635   0.83715569
   2.5632874   0.84031146
   2.5761113   0.84462841
   2.5889353   0.84989515
   2.6017592   0.85948915
   2.6145831   0.86022619
   2.6274070   0.87221530
   2.6402309   0.87802830
   2.6530548   0.88562350
   2.6658787   0.89420979
   2.6787026   0.90574441
   2.6915265   0.91083690
   2.7043504   0.91878314
   2.7171743   0.92923995
   2.7299983   0.94123739
   2.7428222   0.95107165
   2.7556461   0.96301581
   2.7684700   0.97552290
   2.7812939   0.98824386
   2.7941178   0.99828447
   2.8069417   1.00867578
   2.8197656   1.01967556
   2.8325895   1.03308589
   2.8454134   1.04088870
   2.8582373   1.05016330
   2.8710612   1.05496709
   2.8838852   1.06420676
   2.8967091   1.06941415
   2.9095330   1.07218423
   2.9223569   1.07556406
   2.9351808   1.08226720
   2.9480047   1.08167103
   2.9608286   1.08650223
   2.9736525   1.09077927
   2.9864764   1.08342483
   2.9993003   1.08383232
   3.0121242   1.08331896
   3.0249482   1.08133411
   3.0377721   1.08236485
   3.0505960   1.08099894
   3.0634199   1.07548213
   3.0762438   1.07192539
   3.0890677   1.06710831
   3.1018916   1.06113742
   3.1147155   1.05742069
   3.1275394   1.05175546
   3.1403633   1.04740261
   3.1531872   1.04676872
   3.1660111   1.03647219
   3.1788351   1.03069949
   3.1916590   1.02301428
   3.2044829   1.01691665
   3.2173068   1.01214922
   3.2301307   1.00654025
   3.2429546   0.99731958
   3.2557785   0.99028708
   3.2686024   0.98687235
   3.2814263   0.98236846
   3.2942502   0.97587044
   3.3070741   0.96992368
   3.3198981   0.96367035
   3.3327220   0.95726092
   3.3455459   0.95144720
   3.3583698   0.94941433
   3.3711937   0.94744573
