   0.8192359   0.00000000
   0.8320598   0.00000000
   0.8448837   0.00000000
   0.8577076   0.00000000
   0.8705315   0.00000000
   0.8833554   0.00000000
   0.8961793   0.00003593
   0.9090032   0.00066354
   0.9218271   0.00485602
   0.9346510   0.01896080
   0.9474749   0.06293918
   0.9602989   0.16978956
   0.9731228   0.34321242
   0.9859467   0.61029453
   0.9987706   0.96997272
   1.0115945   1.36180814
   1.0244184   1.76263194
   1.0372423   2.11788624
   1.0500662   2.40742250
   1.0628901   2.60917118
   1.0757140   2.74261830
   1.0885379   2.79451992
   1.1013619   2.79200829
   1.1141858   2.73966147
   1.1270097   2.62948213
   1.1398336   2.51354482
   1.1526575   2.35867044
   1.1654814   2.22844851
   1.1783053   2.07366785
   1.1911292   1.93700021
   1.2039531   1.79810871
   1.2167770   1.67636406
   1.2296009   1.56351770
   1.2424248   1.45489304
   1.2552488   1.36107202
   1.2680727   1.28029442
   1.2808966   1.20063347
   1.2937205   1.12393274
   1.3065444   1.05733369
   1.3193683   0.98723059
   1.3321922   0.94283672
   1.3450161   0.90205390
   1.3578400   0.85119519
   1.3706639   0.81551279
   1.3834878   0.77925212
   1.3963118   0.74579311
   1.4091357   0.72293629
   1.4219596   0.70110721
   1.4347835   0.67762664
   1.4476074   0.66367742
   1.4604313   0.64805500
   1.4732552   0.63202268
   1.4860791   0.62202431
   1.4989030   0.61517686
   1.5117269   0.60348358
   1.5245508   0.59986712
   1.5373747   0.59349093
   1.5501987   0.59256232
   1.5630226   0.58853671
   1.5758465   0.59374322
   1.5886704   0.59350335
   1.6014943   0.59260993
   1.6143182   0.60470293
   1.6271421   0.60972674
   1.6399660   0.62340408
   1.6527899   0.63316256
   1.6656138   0.64968324
   1.6784377   0.65834409
   1.6912617   0.67960201
   1.7040856   0.69784243
   1.7169095   0.71504317
   1.7297334   0.74167022
   1.7425573   0.75643407
   1.7553812   0.78064385
   1.7682051   0.80709236
   1.7810290   0.83002635
   1.7938529   0.85347089
   1.8066768   0.87861740
   1.8195007   0.90828105
   1.8323246   0.93426353
   1.8451486   0.96691421
   1.8579725   0.98556212
   1.8707964   1.01356968
   1.8836203   1.04131136
   1.8964442   1.06082279
   1.9092681   1.08252014
   1.9220920   1.10423331
   1.9349159   1.12624111
   1.9477398   1.14058509
   1.9605637   1.15720632
   1.9733876   1.18037723
   1.9862116   1.19500649
   1.9990355   1.20949658
   2.0118594   1.22128266
   2.0246833   1.23309641
   2.0375072   1.23621736
   2.0503311   1.25169835
   2.0631550   1.24855869
   2.0759789   1.25838401
   2.0888028   1.25513640
   2.1016267   1.25086797
   2.1144506   1.24953427
   2.1272745   1.24724897
   2.1400985   1.22955509
   2.1529224   1.21820089
   2.1657463   1.20301732
   2.1785702   1.18341808
   2.1913941   1.17321952
   2.2042180   1.15330627
   2.2170419   1.13481305
   2.2298658   1.11541417
   2.2426897   1.09308454
   2.2555136   1.07736630
   2.2683375   1.06067076
   2.2811614   1.03263049
   2.2939854   1.01318269
   2.3068093   0.99616841
   2.3196332   0.97513408
   2.3324571   0.95701504
   2.3452810   0.94714969
   2.3581049   0.93257922
   2.3709288   0.91867839
   2.3837527   0.90690091
   2.3965766   0.89750273
   2.4094005   0.87970285
   2.4222244   0.87020619
   2.4350484   0.86248573
   2.4478723   0.85192195
   2.4606962   0.84741668
   2.4735201   0.83942144
   2.4863440   0.83661037
   2.4991679   0.83384499
   2.5119918   0.83613649
   2.5248157   0.83290638
   2.5376396   0.83683716
   2.5504635   0.83678748
   2.5632874   0.83906415
   2.5761113   0.84519369
   2.5889353   0.84018661
   2.6017592   0.85072015
   2.6145831   0.85406311
   2.6274070   0.86376716
   2.6402309   0.87300688
   2.6530548   0.87894091
   2.6658787   0.89063258
   2.6787026   0.90102705
   2.6915265   0.90863011
   2.7043504   0.92177792
   2.7171743   0.93253094
   2.7299983   0.94286359
   2.7428222   0.95693657
   2.7556461   0.96445607
   2.7684700   0.97813207
   2.7812939   0.99067609
   2.7941178   0.99833992
   2.8069417   1.00911529
   2.8197656   1.01884808
   2.8325895   1.02675601
   2.8454134   1.03809082
   2.8582373   1.04757768
   2.8710612   1.05092368
   2.8838852   1.06079256
   2.8967091   1.07063502
   2.9095330   1.07936319
   2.9223569   1.08456561
   2.9351808   1.08363714
   2.9480047   1.08321502
   2.9608286   1.08553446
   2.9736525   1.08700353
   2.9864764   1.08499401
   2.9993003   1.08926637
   3.0121242   1.09047841
   3.0249482   1.08571768
   3.0377721   1.08789666
   3.0505960   1.08025164
   3.0634199   1.07798205
   3.0762438   1.07756365
   3.0890677   1.07303855
   3.1018916   1.06374667
   3.1147155   1.06099305
   3.1275394   1.05656715
   3.1403633   1.05229506
   3.1531872   1.04517533
   3.1660111   1.03732146
   3.1788351   1.02819503
   3.1916590   1.02639665
   3.2044829   1.02055584
   3.2173068   1.00709490
   3.2301307   1.00341498
   3.2429546   0.99754458
   3.2557785   0.99207293
   3.2686024   0.98689936
   3.2814263   0.97994580
   3.2942502   0.97224607
   3.3070741   0.96688410
   3.3198981   0.96082961
   3.3327220   0.95832613
   3.3455459   0.95303022
   3.3583698   0.94701697
   3.3711937   0.94338314
