   0.8192359   0.00000000
   0.8320598   0.00000000
   0.8448837   0.00000000
   0.8577076   0.00000000
   0.8705315   0.00000000
   0.8833554   0.00003698
   0.8961793   0.00007186
   0.9090032   0.00101277
   0.9218271   0.00451644
   0.9346510   0.02014997
   0.9474749   0.06146052
   0.9602989   0.16381282
   0.9731228   0.34056131
   0.9859467   0.62216854
   0.9987706   0.96479468
   1.0115945   1.36713772
   1.0244184   1.75787491
   1.0372423   2.13169936
   1.0500662   2.43359298
   1.0628901   2.64038448
   1.0757140   2.76256824
   1.0885379   2.80579551
   1.1013619   2.78796408
   1.1141858   2.72701617
   1.1270097   2.63198122
   1.1398336   2.50350557
   1.1526575   2.36073377
   1.1654814   2.21319535
   1.1783053   2.08006934
   1.1911292   1.92849853
   1.2039531   1.78556668
   1.2167770   1.67667591
   1.2296009   1.56365130
   1.2424248   1.45115420
   1.2552488   1.35867286
   1.2680727   1.27516197
   1.2808966   1.17627396
   1.2937205   1.11612250
   1.3065444   1.04999720
   1.3193683   0.98845731
   1.3321922   0.93947095
   1.3450161   0.88568802
   1.3578400   0.84617113
   1.3706639   0.81179572
   1.3834878   0.77432214
   1.3963118   0.74586712
   1.4091357   0.71877998
   1.4219596   0.69287249
   1.4347835   0.67965920
   1.4476074   0.65898172
   1.4604313   0.64436141
   1.4732552   0.63609098
   1.4860791   0.62444164
   1.4989030   0.61046311
   1.5117269   0.60766313
   1.5245508   0.60261094
   1.5373747   0.59980310
   1.5501987   0.59835021
   1.5630226   0.59317877
   1.5758465   0.59353406
   1.5886704   0.60234147
   1.6014943   0.60462617
   1.6143182   0.61376074
   1.6271421   0.62104018
   1.6399660   0.63064648
   1.6527899   0.64205713
   1.6656138   0.65247087
   1.6784377   0.67028772
   1.6912617   0.68238643
   1.7040856   0.69850823
   1.7169095   0.72078951
   1.7297334   0.73838136
   1.7425573   0.75894294
   1.7553812   0.78063448
   1.7682051   0.80113926
   1.7810290   0.83089968
   1.7938529   0.85068198
   1.8066768   0.88646796
   1.8195007   0.91374632
   1.8323246   0.93739210
   1.8451486   0.96237960
   1.8579725   0.98776062
   1.8707964   1.01639775
   1.8836203   1.04005884
   1.8964442   1.06219482
   1.9092681   1.08293970
   1.9220920   1.10016383
   1.9349159   1.12772870
   1.9477398   1.14009827
   1.9605637   1.15484151
   1.9733876   1.16785416
   1.9862116   1.18664576
   1.9990355   1.20138720
   2.0118594   1.21288422
   2.0246833   1.22664130
   2.0375072   1.23646065
   2.0503311   1.24523897
   2.0631550   1.24756213
   2.0759789   1.24897640
   2.0888028   1.24542727
   2.1016267   1.24730075
   2.1144506   1.24302181
   2.1272745   1.23907393
   2.1400985   1.23041827
   2.1529224   1.21546778
   2.1657463   1.20187300
   2.1785702   1.18543057
   2.1913941   1.17326159
   2.2042180   1.15260542
   2.2170419   1.13407332
   2.2298658   1.11348740
   2.2426897   1.09639499
   2.2555136   1.06763265
   2.2683375   1.05989681
   2.2811614   1.03752712
   2.2939854   1.01637964
   2.3068093   0.99649378
   2.3196332   0.98410108
   2.3324571   0.96287621
   2.3452810   0.94941613
   2.3581049   0.93169701
   2.3709288   0.91936627
   2.3837527   0.90462578
   2.3965766   0.89513633
   2.4094005   0.87928032
   2.4222244   0.86853394
   2.4350484   0.86341527
   2.4478723   0.85231684
   2.4606962   0.84737379
   2.4735201   0.84328896
   2.4863440   0.84233796
   2.4991679   0.83882092
   2.5119918   0.83739410
   2.5248157   0.83705744
   2.5376396   0.84402941
   2.5504635   0.84111278
   2.5632874   0.84458041
   2.5761113   0.84541546
   2.5889353   0.84983057
   2.6017592   0.85422860
   2.6145831   0.86229462
   2.6274070   0.87117026
   2.6402309   0.87713413
   2.6530548   0.88299556
   2.6658787   0.89299573
   2.6787026   0.90667340
   2.6915265   0.91483224
   2.7043504   0.92311157
   2.7171743   0.93480571
   2.7299983   0.94688650
   2.7428222   0.95676396
   2.7556461   0.96445987
   2.7684700   0.97728117
   2.7812939   0.98923988
   2.7941178   0.99473608
   2.8069417   1.00496562
   2.8197656   1.01486310
   2.8325895   1.02503328
   2.8454134   1.03258061
   2.8582373   1.04287624
   2.8710612   1.04936584
   2.8838852   1.05639296
   2.8967091   1.06152838
   2.9095330   1.06968898
   2.9223569   1.07448279
   2.9351808   1.07683766
   2.9480047   1.07956256
   2.9608286   1.08005045
   2.9736525   1.08239235
   2.9864764   1.08579639
   2.9993003   1.08522772
   3.0121242   1.08349707
   3.0249482   1.08097144
   3.0377721   1.08254622
   3.0505960   1.07420188
   3.0634199   1.07587264
   3.0762438   1.07073309
   3.0890677   1.06696617
   3.1018916   1.06461042
   3.1147155   1.05785496
   3.1275394   1.05089991
   3.1403633   1.04893881
   3.1531872   1.04737531
   3.1660111   1.04221846
   3.1788351   1.03196171
   3.1916590   1.02900850
   3.2044829   1.01957227
   3.2173068   1.01534127
   3.2301307   1.00598157
   3.2429546   1.00090586
   3.2557785   0.99555751
   3.2686024   0.99072668
   3.2814263   0.98397106
   3.2942502   0.97609646
   3.3070741   0.97021128
   3.3198981   0.96525435
   3.3327220   0.96028508
   3.3455459   0.95712439
   3.3583698   0.95070639
   3.3711937   0.94684904
