   0.8192359   0.00000000
   0.8320598   0.00000000
   0.8448837   0.00000000
   0.8577076   0.00000000
   0.8705315   0.00000000
   0.8833554   0.00000000
   0.8961793   0.00003593
   0.9090032   0.00094292
   0.9218271   0.00455040
   0.9346510   0.01882866
   0.9474749   0.06078549
   0.9602989   0.16268631
   0.9731228   0.34558928
   0.9859467   0.60702918
   0.9987706   0.96861312
   1.0115945   1.36290789
   1.0244184   1.76708650
   1.0372423   2.12719333
   1.0500662   2.42848974
   1.0628901   2.62784297
   1.0757140   2.74748110
   1.0885379   2.81419741
   1.1013619   2.80211883
   1.1141858   2.72706266
   1.1270097   2.62936853
   1.1398336   2.50732582
   1.1526575   2.36338352
   1.1654814   2.20335940
   1.1783053   2.06252759
   1.1911292   1.92794937
   1.2039531   1.80240883
   1.2167770   1.67880038
   1.2296009   1.55477624
   1.2424248   1.45352836
   1.2552488   1.36826948
   1.2680727   1.27128572
   1.2808966   1.18833939
   1.2937205   1.12141554
   1.3065444   1.05550802
   1.3193683   0.99402730
   1.3321922   0.94389360
   1.3450161   0.89860845
   1.3578400   0.85676705
   1.3706639   0.81101237
   1.3834878   0.78158895
   1.3963118   0.74733239
   1.4091357   0.71702154
   1.4219596   0.69514167
   1.4347835   0.68205622
   1.4476074   0.65205522
   1.4604313   0.64601202
   1.4732552   0.62711679
   1.4860791   0.61732032
   1.4989030   0.60736770
   1.5117269   0.59699329
   1.5245508   0.59959398
   1.5373747   0.59289268
   1.5501987   0.59854234
   1.5630226   0.59463162
   1.5758465   0.59927452
   1.5886704   0.60103805
   1.6014943   0.60652761
   1.6143182   0.60871140
   1.6271421   0.61649518
   1.6399660   0.62756712
   1.6527899   0.63625770
   1.6656138   0.64807100
   1.6784377   0.66189850
   1.6912617   0.68173068
   1.7040856   0.69415572
   1.7169095   0.71678567
   1.7297334   0.73307676
   1.7425573   0.75494205
   1.7553812   0.78207668
   1.7682051   0.80418503
   1.7810290   0.82643297
   1.7938529   0.86121888
   1.8066768   0.88322341
   1.8195007   0.91145387
   1.8323246   0.94412195
   1.8451486   0.96504104
   1.8579725   0.99583571
   1.8707964   1.01465803
   1.8836203   1.04096976
   1.8964442   1.06350267
   1.9092681   1.08067568
   1.9220920   1.09767997
   1.9349159   1.12224852
   1.9477398   1.14171085
   1.9605637   1.16231132
   1.9733876   1.17831722
   1.9862116   1.19501380
   1.9990355   1.20613873
   2.0118594   1.21789619
   2.0246833   1.22509967
   2.0375072   1.23739904
   2.0503311   1.24386610
   2.0631550   1.25107381
   2.0759789   1.24950537
   2.0888028   1.25571842
   2.1016267   1.24792795
   2.1144506   1.24275718
   2.1272745   1.23983914
   2.1400985   1.22726797
   2.1529224   1.21485143
   2.1657463   1.20157769
   2.1785702   1.18211695
   2.1913941   1.16772722
   2.2042180   1.14851914
   2.2170419   1.12978759
   2.2298658   1.11258205
   2.2426897   1.09520162
   2.2555136   1.07406503
   2.2683375   1.05793950
   2.2811614   1.03585240
   2.2939854   1.01561742
   2.3068093   0.99752954
   2.3196332   0.98020751
   2.3324571   0.96033019
   2.3452810   0.94811503
   2.3581049   0.92866636
   2.3709288   0.91846791
   2.3837527   0.90616962
   2.3965766   0.88978556
   2.4094005   0.88373918
   2.4222244   0.87349165
   2.4350484   0.86617469
   2.4478723   0.85585649
   2.4606962   0.85502762
   2.4735201   0.84258149
   2.4863440   0.84323887
   2.4991679   0.83804473
   2.5119918   0.83655721
   2.5248157   0.84033484
   2.5376396   0.84023836
   2.5504635   0.84302035
   2.5632874   0.84076383
   2.5761113   0.84668951
   2.5889353   0.84914171
   2.6017592   0.85561834
   2.6145831   0.86345547
   2.6274070   0.86738720
   2.6402309   0.87661253
   2.6530548   0.88361053
   2.6658787   0.89054325
   2.6787026   0.90124824
   2.6915265   0.90980521
   2.7043504   0.91897253
   2.7171743   0.93260520
   2.7299983   0.93911559
   2.7428222   0.94876634
   2.7556461   0.96200496
   2.7684700   0.97225108
   2.7812939   0.98662860
   2.7941178   0.99668400
   2.8069417   1.01209660
   2.8197656   1.02265885
   2.8325895   1.02781698
   2.8454134   1.04141620
   2.8582373   1.04642616
   2.8710612   1.05223998
   2.8838852   1.05902995
   2.8967091   1.06516003
   2.9095330   1.07017644
   2.9223569   1.07401987
   2.9351808   1.08034124
   2.9480047   1.07985475
   2.9608286   1.07999779
   2.9736525   1.08296671
   2.9864764   1.08440516
   2.9993003   1.08741225
   3.0121242   1.08451167
   3.0249482   1.08507749
   3.0377721   1.08261502
   3.0505960   1.07894308
   3.0634199   1.07639538
   3.0762438   1.06897666
   3.0890677   1.07483486
   3.1018916   1.06494033
   3.1147155   1.05927380
   3.1275394   1.05150764
   3.1403633   1.04931335
   3.1531872   1.03988143
   3.1660111   1.03841544
   3.1788351   1.03134202
   3.1916590   1.02699154
   3.2044829   1.02057270
   3.2173068   1.01172547
   3.2301307   1.00418938
   3.2429546   0.99910312
   3.2557785   0.99029797
   3.2686024   0.98249131
   3.2814263   0.97778309
   3.2942502   0.97475095
   3.3070741   0.96773898
   3.3198981   0.96264140
   3.3327220   0.96100214
   3.3455459   0.95837224
   3.3583698   0.95371012
   3.3711937   0.94957605
