   0.8192359   0.00000000
   0.8320598   0.00000000
   0.8448837   0.00000000
   0.8577076   0.00000000
   0.8705315   0.00000000
   0.8833554   0.00000000
   0.8961793   0.00000000
   0.9090032   0.00073338
   0.9218271   0.00363353
   0.9346510   0.02054637
   0.9474749   0.06399995
   0.9602989   0.16231081
   0.9731228   0.34302959
   0.9859467   0.61635028
   0.9987706   0.97075377
   1.0115945   1.35608377
   1.0244184   1.76428178
   1.0372423   2.12612047
   1.0500662   2.40608781
   1.0628901   2.62380721
   1.0757140   2.76284256
   1.0885379   2.80618517
   1.1013619   2.78132680
   1.1141858   2.72459868
   1.1270097   2.63782002
   1.1398336   2.49564297
   1.1526575   2.36868303
   1.1654814   2.22521943
   1.1783053   2.06813928
   1.1911292   1.93323750
   1.2039531   1.80899838
   1.2167770   1.68244511
   1.2296009   1.57080860
   1.2424248   1.45485565
   1.2552488   1.35687807
   1.2680727   1.27162668
   1.2808966   1.18346749
   1.2937205   1.11181222
   1.3065444   1.04906746
   1.3193683   0.98880544
   1.3321922   0.94004004
   1.3450161   0.89704524
   1.3578400   0.85413763
   1.3706639   0.81700269
   1.3834878   0.78400117
   1.3963118   0.74740639
   1.4091357   0.72446221
   1.4219596   0.70080750
   1.4347835   0.67744441
   1.4476074   0.65889910
   1.4604313   0.64639085
   1.4732552   0.63412331
   1.4860791   0.62288671
   1.4989030   0.60862642
   1.5117269   0.60597110
   1.5245508   0.59847658
   1.5373747   0.59625022
   1.5501987   0.59813407
   1.5630226   0.59294253
   1.5758465   0.59639267
   1.5886704   0.59680764
   1.6014943   0.60355731
   1.6143182   0.60968584
   1.6271421   0.61516547
   1.6399660   0.62346846
   1.6527899   0.63584572
   1.6656138   0.65156593
   1.6784377   0.66295355
   1.6912617   0.67811900
   1.7040856   0.69908459
   1.7169095   0.71178331
   1.7297334   0.74222961
   1.7425573   0.75396321
   1.7553812   0.78133685
   1.7682051   0.80100081
   1.7810290   0.82889830
   1.7938529   0.85896801
   1.8066768   0.88381574
   1.8195007   0.90667721
   1.8323246   0.93494254
   1.8451486   0.95908248
   1.8579725   0.98416612
   1.8707964   1.00929872
   1.8836203   1.03282028
   1.8964442   1.05590433
   1.9092681   1.08002655
   1.9220920   1.10589703
   1.9349159   1.12392109
   1.9477398   1.14010587
   1.9605637   1.15827237
   1.9733876   1.17627203
   1.9862116   1.19030312
   1.9990355   1.20483170
   2.0118594   1.21932921
   2.0246833   1.23139288
   2.0375072   1.23886571
   2.0503311   1.23895120
   2.0631550   1.25149413
   2.0759789   1.25537759
   2.0888028   1.25242473
   2.1016267   1.25093984
   2.1144506   1.24835312
   2.1272745   1.24310406
   2.1400985   1.22540300
   2.1529224   1.21913475
   2.1657463   1.20726853
   2.1785702   1.19157141
   2.1913941   1.17598370
   2.2042180   1.15315778
   2.2170419   1.13743145
   2.2298658   1.11977262
   2.2426897   1.09799571
   2.2555136   1.07605600
   2.2683375   1.05491661
   2.2811614   1.03687830
   2.2939854   1.02134233
   2.3068093   0.99886898
   2.3196332   0.98065801
   2.3324571   0.95583220
   2.3452810   0.94592729
   2.3581049   0.93090302
   2.3709288   0.91511061
   2.3837527   0.90070526
   2.3965766   0.89229766
   2.4094005   0.88241693
   2.4222244   0.87593116
   2.4350484   0.86351260
   2.4478723   0.85294772
   2.4606962   0.85473691
   2.4735201   0.84359553
   2.4863440   0.84230995
   2.4991679   0.83923674
   2.5119918   0.83751300
   2.5248157   0.83781794
   2.5376396   0.83731217
   2.5504635   0.84007471
   2.5632874   0.83955605
   2.5761113   0.84143676
   2.5889353   0.84490526
   2.6017592   0.85310317
   2.6145831   0.85754989
   2.6274070   0.86909689
   2.6402309   0.87359471
   2.6530548   0.88119987
   2.6658787   0.89259375
   2.6787026   0.89607242
   2.6915265   0.91017566
   2.7043504   0.91762705
   2.7171743   0.93043596
   2.7299983   0.94508220
   2.7428222   0.95410959
   2.7556461   0.96476768
   2.7684700   0.97207035
   2.7812939   0.98846769
   2.7941178   0.99752674
   2.8069417   1.00768323
   2.8197656   1.01591923
   2.8325895   1.02988139
   2.8454134   1.03670436
   2.8582373   1.04245590
   2.8710612   1.04866568
   2.8838852   1.05459218
   2.8967091   1.06116384
   2.9095330   1.06737781
   2.9223569   1.07709473
   2.9351808   1.07799324
   2.9480047   1.08378281
   2.9608286   1.08175557
   2.9736525   1.08514666
   2.9864764   1.08599376
   2.9993003   1.08247220
   3.0121242   1.08297228
   3.0249482   1.08139718
   3.0377721   1.08159559
   3.0505960   1.08054312
   3.0634199   1.07671825
   3.0762438   1.07436792
   3.0890677   1.07110011
   3.1018916   1.06811941
   3.1147155   1.06755776
   3.1275394   1.06047315
   3.1403633   1.05491977
   3.1531872   1.04494894
   3.1660111   1.04162253
   3.1788351   1.03565985
   3.1916590   1.02799435
   3.2044829   1.02028887
   3.2173068   1.01345113
   3.2301307   1.00805864
   3.2429546   1.00073574
   3.2557785   0.99360015
   3.2686024   0.98496543
   3.2814263   0.97912574
   3.2942502   0.97745261
   3.3070741   0.97319810
   3.3198981   0.96345827
   3.3327220   0.96075273
   3.3455459   0.95431674
   3.3583698   0.95291953
   3.3711937   0.94956335
