   0.8129269   0.00000000
   0.8215448   0.00000000
   0.8301628   0.00000000
   0.8387807   0.00000000
   0.8473986   0.00000000
   0.8560166   0.00000000
   0.8646345   0.00000000
   0.8732524   0.00000000
   0.8818703   0.00000000
   0.8904883   0.00025672
   0.8991062   0.00037773
   0.9077241   0.00086471
   0.9163421   0.00472749
   0.9249600   0.01154002
   0.9335779   0.02802793
   0.9421959   0.05893344
   0.9508138   0.11258749
   0.9594317   0.20190811
   0.9680497   0.32519039
   0.9766676   0.50653203
   0.9852855   0.71421953
   0.9939035   0.95443113
   1.0025214   1.22307518
   1.0111393   1.49092316
   1.0197573   1.76122801
   1.0283752   1.98678628
   1.0369931   2.24069688
   1.0456110   2.40854347
   1.0542290   2.54012780
   1.0628469   2.65543161
   1.0714648   2.74011422
   1.0800828   2.76645001
   1.0887007   2.78165039
   1.0973186   2.78639733
   1.1059366   2.76011777
   1.1145545   2.69228108
   1.1231724   2.63272884
   1.1317904   2.52302214
   1.1404083   2.46883342
   1.1490262   2.36625464
   1.1576442   2.27267333
   1.1662621   2.22169959
   1.1748800   2.09358723
   1.1834980   1.99918734
   1.1921159   1.90736009
   1.2007338   1.83249673
   1.2093517   1.73346790
   1.2179697   1.64926163
   1.2265876   1.56974556
   1.2352055   1.50228709
   1.2438235   1.44660697
   1.2524414   1.36116536
   1.2610593   1.31561497
   1.2696773   1.25778624
   1.2782952   1.19809073
   1.2869131   1.15063137
   1.2955311   1.10929738
   1.3041490   1.06272796
   1.3127669   1.02519606
   1.3213849   0.97665770
   1.3300028   0.96243083
   1.3386207   0.92707365
   1.3472386   0.88878225
   1.3558566   0.86500680
   1.3644745   0.83383199
   1.3730924   0.81308675
   1.3817104   0.79860391
   1.3903283   0.76967288
   1.3989462   0.75002547
   1.4075642   0.73311190
   1.4161821   0.71345741
   1.4248000   0.70756032
   1.4334180   0.68079853
   1.4420359   0.68081094
   1.4506538   0.66331428
   1.4592718   0.65287396
   1.4678897   0.64409675
   1.4765076   0.63053039
   1.4851256   0.61986509
   1.4937435   0.61615461
   1.5023614   0.61275881
   1.5109793   0.61613214
   1.5195973   0.60524059
   1.5282152   0.60405586
   1.5368331   0.60622099
   1.5454511   0.59952151
   1.5540690   0.60507059
   1.5626869   0.60212492
   1.5713049   0.60551474
   1.5799228   0.60451342
   1.5885407   0.60196539
   1.5971587   0.61044976
   1.6057766   0.61066507
   1.6143945   0.61283276
   1.6230125   0.61538377
   1.6316304   0.62469057
   1.6402483   0.62385622
   1.6488663   0.63060505
   1.6574842   0.64625732
   1.6661021   0.65843611
   1.6747200   0.67461297
   1.6833380   0.67594900
   1.6919559   0.68781837
   1.7005738   0.70099684
   1.7091918   0.69795249
   1.7178097   0.72032076
   1.7264276   0.74248193
   1.7350456   0.76305258
   1.7436635   0.75740333
   1.7522814   0.77486685
   1.7608994   0.78975374
   1.7695173   0.80961316
   1.7781352   0.82670137
   1.7867532   0.84699387
   1.7953711   0.85508127
   1.8039890   0.87542380
   1.8126070   0.89493900
   1.8212249   0.90198645
   1.8298428   0.93132642
   1.8384607   0.94794179
   1.8470787   0.96719066
   1.8556966   0.98506650
   1.8643145   0.99850063
   1.8729325   1.01788482
   1.8815504   1.04012165
   1.8901683   1.04641334
   1.8987863   1.07151966
   1.9074042   1.07696645
   1.9160221   1.09106115
   1.9246401   1.09749670
   1.9332580   1.11458610
   1.9418759   1.14066891
   1.9504939   1.14289173
   1.9591118   1.14951316
   1.9677297   1.17019665
   1.9763476   1.17932323
   1.9849656   1.19046918
   1.9935835   1.20245439
   2.0022014   1.20261160
   2.0108194   1.20571755
   2.0194373   1.21738748
   2.0280552   1.21216114
   2.0366732   1.23608166
   2.0452911   1.24138101
   2.0539090   1.23959923
   2.0625270   1.24737453
   2.0711449   1.25241513
   2.0797628   1.25222312
   2.0883808   1.25558567
   2.0969987   1.26431336
   2.1056166   1.26656603
   2.1142346   1.25141150
   2.1228525   1.25098376
   2.1314704   1.24055224
   2.1400883   1.23320362
   2.1487063   1.22602093
   2.1573242   1.21803861
   2.1659421   1.21374589
   2.1745601   1.20423074
   2.1831780   1.19595955
   2.1917959   1.17905163
   2.2004139   1.17714987
   2.2090318   1.15961895
   2.2176497   1.14571869
   2.2262677   1.13928898
   2.2348856   1.12509883
   2.2435035   1.10913111
   2.2521215   1.09504001
   2.2607394   1.06786767
   2.2693573   1.06253956
   2.2779753   1.04884658
   2.2865932   1.03503744
   2.2952111   1.02467105
   2.3038290   1.01024990
   2.3124470   1.00385706
   2.3210649   0.98396571
   2.3296828   0.97544293
   2.3383008   0.96618112
   2.3469187   0.95795276
   2.3555366   0.94449885
   2.3641546   0.94541982
   2.3727725   0.93140551
   2.3813904   0.92268420
   2.3900084   0.91094589
   2.3986263   0.90395188
   2.4072442   0.89749118
   2.4158622   0.88541415
   2.4244801   0.88519143
   2.4330980   0.87698906
   2.4417159   0.87120206
   2.4503339   0.86557635
   2.4589518   0.87499010
   2.4675697   0.85708718
   2.4761877   0.84965426
   2.4848056   0.85071120
   2.4934235   0.84785318
   2.5020415   0.84576220
   2.5106594   0.84694171
   2.5192773   0.84362695
   2.5278953   0.84570541
