   0.8129269   0.00000000
   0.8215448   0.00000000
   0.8301628   0.00000000
   0.8387807   0.00000000
   0.8473986   0.00000000
   0.8560166   0.00000000
   0.8646345   0.00000000
   0.8732524   0.00000000
   0.8818703   0.00000000
   0.8904883   0.00012836
   0.8991062   0.00012591
   0.9077241   0.00061765
   0.9163421   0.00412140
   0.9249600   0.01201590
   0.9335779   0.02896220
   0.9421959   0.06134122
   0.9508138   0.10920986
   0.9594317   0.19571596
   0.9680497   0.33333645
   0.9766676   0.49543464
   0.9852855   0.70572690
   0.9939035   0.96349838
   1.0025214   1.19998492
   1.0111393   1.50615494
   1.0197573   1.73969471
   1.0283752   2.00719022
   1.0369931   2.21201732
   1.0456110   2.44773781
   1.0542290   2.56723617
   1.0628469   2.68985104
   1.0714648   2.73630185
   1.0800828   2.82263930
   1.0887007   2.79066722
   1.0973186   2.79434325
   1.1059366   2.77701119
   1.1145545   2.71399435
   1.1231724   2.65653071
   1.1317904   2.56799665
   1.1404083   2.48926029
   1.1490262   2.37612271
   1.1576442   2.28854703
   1.1662621   2.20171933
   1.1748800   2.09004777
   1.1834980   1.96525108
   1.1921159   1.89998305
   1.2007338   1.81167049
   1.2093517   1.70806579
   1.2179697   1.64960470
   1.2265876   1.57610492
   1.2352055   1.49194673
   1.2438235   1.40982994
   1.2524414   1.36207380
   1.2610593   1.29583754
   1.2696773   1.26353186
   1.2782952   1.17361066
   1.2869131   1.15192201
   1.2955311   1.09086165
   1.3041490   1.04926283
   1.3127669   1.01108027
   1.3213849   0.97869799
   1.3300028   0.95023214
   1.3386207   0.91656519
   1.3472386   0.89242733
   1.3558566   0.86489606
   1.3644745   0.83355864
   1.3730924   0.80002208
   1.3817104   0.78021027
   1.3903283   0.76272229
   1.3989462   0.74118389
   1.4075642   0.71836746
   1.4161821   0.69950089
   1.4248000   0.69507573
   1.4334180   0.67693458
   1.4420359   0.67165776
   1.4506538   0.65678465
   1.4592718   0.64417471
   1.4678897   0.63729441
   1.4765076   0.62796252
   1.4851256   0.62955625
   1.4937435   0.61013311
   1.5023614   0.60495727
   1.5109793   0.60957849
   1.5195973   0.60096498
   1.5282152   0.59834653
   1.5368331   0.60747075
   1.5454511   0.59551561
   1.5540690   0.60405912
   1.5626869   0.60437570
   1.5713049   0.60015547
   1.5799228   0.60284158
   1.5885407   0.60733000
   1.5971587   0.60729756
   1.6057766   0.60577028
   1.6143945   0.61857367
   1.6230125   0.62214581
   1.6316304   0.62794038
   1.6402483   0.62699631
   1.6488663   0.63813008
   1.6574842   0.64566452
   1.6661021   0.65260600
   1.6747200   0.67120162
   1.6833380   0.67224920
   1.6919559   0.69325834
   1.7005738   0.70740250
   1.7091918   0.71272545
   1.7178097   0.72994435
   1.7264276   0.74801417
   1.7350456   0.74469307
   1.7436635   0.77159795
   1.7522814   0.78222602
   1.7608994   0.80271989
   1.7695173   0.80213661
   1.7781352   0.83967491
   1.7867532   0.84970389
   1.7953711   0.87020678
   1.8039890   0.88561988
   1.8126070   0.90132080
   1.8212249   0.92721126
   1.8298428   0.93293755
   1.8384607   0.95480788
   1.8470787   0.96793651
   1.8556966   0.98710598
   1.8643145   1.00037487
   1.8729325   1.02859176
   1.8815504   1.04475054
   1.8901683   1.05883469
   1.8987863   1.06189278
   1.9074042   1.08309337
   1.9160221   1.09322376
   1.9246401   1.10318464
   1.9332580   1.11191721
   1.9418759   1.13664706
   1.9504939   1.14112594
   1.9591118   1.17327461
   1.9677297   1.17776751
   1.9763476   1.18265877
   1.9849656   1.19909746
   1.9935835   1.20765328
   2.0022014   1.21071110
   2.0108194   1.22268424
   2.0194373   1.22712139
   2.0280552   1.23497794
   2.0366732   1.24606866
   2.0452911   1.24018876
   2.0539090   1.25586149
   2.0625270   1.25921829
   2.0711449   1.25374391
   2.0797628   1.25255257
   2.0883808   1.25728935
   2.0969987   1.25535562
   2.1056166   1.25797992
   2.1142346   1.25330147
   2.1228525   1.23894529
   2.1314704   1.23965608
   2.1400883   1.23155905
   2.1487063   1.22705709
   2.1573242   1.21981010
   2.1659421   1.19988182
   2.1745601   1.19734278
   2.1831780   1.18641374
   2.1917959   1.18070427
   2.2004139   1.15631704
   2.2090318   1.15206824
   2.2176497   1.14060665
   2.2262677   1.12505711
   2.2348856   1.10172465
   2.2435035   1.09980864
   2.2521215   1.08681221
   2.2607394   1.08065317
   2.2693573   1.05842862
   2.2779753   1.05129843
   2.2865932   1.03219521
   2.2952111   1.01727096
   2.3038290   1.01255116
   2.3124470   1.00301955
   2.3210649   0.98853790
   2.3296828   0.98031892
   2.3383008   0.96800547
   2.3469187   0.96249869
   2.3555366   0.93993109
   2.3641546   0.93392873
   2.3727725   0.92357736
   2.3813904   0.91471517
   2.3900084   0.91153392
   2.3986263   0.89791917
   2.4072442   0.88985049
   2.4158622   0.88733252
   2.4244801   0.87620445
   2.4330980   0.86626031
   2.4417159   0.86170983
   2.4503339   0.86035499
   2.4589518   0.85287042
   2.4675697   0.85421195
   2.4761877   0.84583619
   2.4848056   0.84630961
   2.4934235   0.84053507
   2.5020415   0.83987643
   2.5106594   0.83759225
   2.5192773   0.83179141
   2.5278953   0.83756612
