   0.8129269   0.00000000
   0.8215448   0.00000000
   0.8301628   0.00000000
   0.8387807   0.00000000
   0.8473986   0.00000000
   0.8560166   0.00000000
   0.8646345   0.00000000
   0.8732524   0.00000000
   0.8818703   0.00000000
   0.8904883   0.00000000
   0.8991062   0.00000000
   0.9077241   0.00197648
   0.9163421   0.00303044
   0.9249600   0.00951755
   0.9335779   0.02744402
   0.9421959   0.05916275
   0.9508138   0.11641546
   0.9594317   0.20201868
   0.9680497   0.33941883
   0.9766676   0.49874251
   0.9852855   0.71096926
   0.9939035   0.95628580
   1.0025214   1.20636512
   1.0111393   1.48714010
   1.0197573   1.75418074
   1.0283752   2.00497659
   1.0369931   2.21286919
   1.0456110   2.41887737
   1.0542290   2.56064224
   1.0628469   2.66615389
   1.0714648   2.74277400
   1.0800828   2.80763222
   1.0887007   2.80578115
   1.0973186   2.77050549
   1.1059366   2.71709366
   1.1145545   2.67835182
   1.1231724   2.62853325
   1.1317904   2.52699515
   1.1404083   2.46202446
   1.1490262   2.36664011
   1.1576442   2.23021688
   1.1662621   2.16145949
   1.1748800   2.08016679
   1.1834980   1.99940535
   1.1921159   1.89582898
   1.2007338   1.79091486
   1.2093517   1.71927056
   1.2179697   1.64445869
   1.2265876   1.57894633
   1.2352055   1.51376155
   1.2438235   1.43371198
   1.2524414   1.38017768
   1.2610593   1.31843117
   1.2696773   1.27035084
   1.2782952   1.20008402
   1.2869131   1.16132520
   1.2955311   1.10390008
   1.3041490   1.07320084
   1.3127669   1.03523658
   1.3213849   0.99024020
   1.3300028   0.94338476
   1.3386207   0.94235352
   1.3472386   0.89601633
   1.3558566   0.86218305
   1.3644745   0.85848832
   1.3730924   0.81832342
   1.3817104   0.81998319
   1.3903283   0.77857174
   1.3989462   0.75845097
   1.4075642   0.72920745
   1.4161821   0.73015449
   1.4248000   0.70465226
   1.4334180   0.69774047
   1.4420359   0.67988094
   1.4506538   0.66181488
   1.4592718   0.65994807
   1.4678897   0.65567018
   1.4765076   0.64505057
   1.4851256   0.63550939
   1.4937435   0.62007771
   1.5023614   0.61623117
   1.5109793   0.60645771
   1.5195973   0.60519651
   1.5282152   0.60248688
   1.5368331   0.60389385
   1.5454511   0.60190800
   1.5540690   0.60186760
   1.5626869   0.59749832
   1.5713049   0.60860663
   1.5799228   0.61666486
   1.5885407   0.60720899
   1.5971587   0.60438476
   1.6057766   0.61915202
   1.6143945   0.62083879
   1.6230125   0.62755544
   1.6316304   0.63264305
   1.6402483   0.63410880
   1.6488663   0.63569661
   1.6574842   0.64255235
   1.6661021   0.65344935
   1.6747200   0.65214886
   1.6833380   0.66323320
   1.6919559   0.67924953
   1.7005738   0.68776318
   1.7091918   0.70453761
   1.7178097   0.71445692
   1.7264276   0.72953921
   1.7350456   0.74290107
   1.7436635   0.75305121
   1.7522814   0.76173970
   1.7608994   0.78679942
   1.7695173   0.80701262
   1.7781352   0.81836353
   1.7867532   0.83723779
   1.7953711   0.84873423
   1.8039890   0.86397667
   1.8126070   0.89478410
   1.8212249   0.89772094
   1.8298428   0.92254118
   1.8384607   0.93815460
   1.8470787   0.96459510
   1.8556966   0.98320437
   1.8643145   0.99721209
   1.8729325   1.00836754
   1.8815504   1.02594745
   1.8901683   1.03561588
   1.8987863   1.05762985
   1.9074042   1.08225406
   1.9160221   1.08532194
   1.9246401   1.11656640
   1.9332580   1.12324635
   1.9418759   1.12412262
   1.9504939   1.14821584
   1.9591118   1.17094090
   1.9677297   1.16015475
   1.9763476   1.17267820
   1.9849656   1.17943843
   1.9935835   1.19991897
   2.0022014   1.19862532
   2.0108194   1.21233808
   2.0194373   1.21915955
   2.0280552   1.21958527
   2.0366732   1.24911138
   2.0452911   1.23422748
   2.0539090   1.24833356
   2.0625270   1.24928867
   2.0711449   1.25917764
   2.0797628   1.25817667
   2.0883808   1.26401070
   2.0969987   1.26415133
   2.1056166   1.26250255
   2.1142346   1.25639829
   2.1228525   1.25251962
   2.1314704   1.24032820
   2.1400883   1.23351475
   2.1487063   1.22987897
   2.1573242   1.22418414
   2.1659421   1.21736920
   2.1745601   1.21764074
   2.1831780   1.20228071
   2.1917959   1.18894627
   2.2004139   1.16989727
   2.2090318   1.16112075
   2.2176497   1.14822297
   2.2262677   1.13928898
   2.2348856   1.11817013
   2.2435035   1.11323623
   2.2521215   1.09118699
   2.2607394   1.08786243
   2.2693573   1.06694696
   2.2779753   1.05249494
   2.2865932   1.04475162
   2.2952111   1.03255417
   2.3038290   1.02221642
   2.3124470   1.00741650
   2.3210649   0.99560401
   2.3296828   0.98838307
   2.3383008   0.98704948
   2.3469187   0.96273892
   2.3555366   0.95132297
   2.3641546   0.94283387
   2.3727725   0.92795245
   2.3813904   0.92826611
   2.3900084   0.90798793
   2.3986263   0.90941848
   2.4072442   0.89171236
   2.4158622   0.89102974
   2.4244801   0.88143387
   2.4330980   0.87257033
   2.4417159   0.86928996
   2.4503339   0.87003486
   2.4589518   0.86643851
   2.4675697   0.85899286
   2.4761877   0.85931565
   2.4848056   0.85146953
   2.4934235   0.85156954
   2.5020415   0.83828305
   2.5106594   0.84080563
   2.5192773   0.84720327
   2.5278953   0.84111810
