   0.8129269   0.00000000
   0.8215448   0.00000000
   0.8301628   0.00000000
   0.8387807   0.00000000
   0.8473986   0.00000000
   0.8560166   0.00000000
   0.8646345   0.00000000
   0.8732524   0.00000000
   0.8818703   0.00013088
   0.8904883   0.00000000
   0.8991062   0.00012591
   0.9077241   0.00135883
   0.9163421   0.00278800
   0.9249600   0.00999342
   0.9335779   0.02662654
   0.9421959   0.06008000
   0.9508138   0.10887210
   0.9594317   0.20489360
   0.9680497   0.33833269
   0.9766676   0.49372735
   0.9852855   0.71359044
   0.9939035   0.95144306
   1.0025214   1.21588479
   1.0111393   1.49221736
   1.0197573   1.75232105
   1.0283752   1.99900940
   1.0369931   2.23075842
   1.0456110   2.39634760
   1.0542290   2.56320655
   1.0628469   2.68507557
   1.0714648   2.74472452
   1.0800828   2.81304175
   1.0887007   2.78946498
   1.0973186   2.79121560
   1.1059366   2.74230895
   1.1145545   2.69473919
   1.1231724   2.60965313
   1.1317904   2.53549740
   1.1404083   2.44003232
   1.1490262   2.38367794
   1.1576442   2.26014146
   1.1662621   2.18630385
   1.1748800   2.06217457
   1.1834980   1.97818610
   1.1921159   1.90155873
   1.2007338   1.80256343
   1.2093517   1.71892258
   1.2179697   1.65173172
   1.2265876   1.57204576
   1.2352055   1.50568940
   1.2438235   1.43265933
   1.2524414   1.37900969
   1.2610593   1.31785513
   1.2696773   1.27060339
   1.2782952   1.20886695
   1.2869131   1.15585537
   1.2955311   1.11081348
   1.3041490   1.06685727
   1.3127669   1.02998008
   1.3213849   0.98318663
   1.3300028   0.95218853
   1.3386207   0.92020055
   1.3472386   0.89590418
   1.3558566   0.86107570
   1.3644745   0.83454271
   1.3730924   0.81292479
   1.3817104   0.79700446
   1.3903283   0.77383270
   1.3989462   0.75252191
   1.4075642   0.73316327
   1.4161821   0.70843306
   1.4248000   0.70455198
   1.4334180   0.69927614
   1.4420359   0.68139832
   1.4506538   0.66316918
   1.4592718   0.65832294
   1.4678897   0.64433295
   1.4765076   0.64631116
   1.4851256   0.63518636
   1.4937435   0.62117253
   1.5023614   0.60667090
   1.5109793   0.59589162
   1.5195973   0.60206694
   1.5282152   0.60270479
   1.5368331   0.58820717
   1.5454511   0.58754642
   1.5540690   0.59756885
   1.5626869   0.60224997
   1.5713049   0.60600944
   1.5799228   0.59509402
   1.5885407   0.60410317
   1.5971587   0.60326753
   1.6057766   0.60916506
   1.6143945   0.60576402
   1.6230125   0.61681346
   1.6316304   0.63206956
   1.6402483   0.63751372
   1.6488663   0.64359602
   1.6574842   0.64047757
   1.6661021   0.65920612
   1.6747200   0.66677412
   1.6833380   0.67555388
   1.6919559   0.69645832
   1.7005738   0.69962420
   1.7091918   0.71331776
   1.7178097   0.73046175
   1.7264276   0.73469581
   1.7350456   0.75246966
   1.7436635   0.76577280
   1.7522814   0.77035854
   1.7608994   0.78906440
   1.7695173   0.80792281
   1.7781352   0.81897519
   1.7867532   0.84689822
   1.7953711   0.86313347
   1.8039890   0.87870781
   1.8126070   0.90218822
   1.8212249   0.91067090
   1.8298428   0.92980648
   1.8384607   0.95306124
   1.8470787   0.97011440
   1.8556966   0.97022858
   1.8643145   0.99525000
   1.8729325   1.02435541
   1.8815504   1.01999601
   1.8901683   1.04134224
   1.8987863   1.06372782
   1.9074042   1.07394496
   1.9160221   1.08784497
   1.9246401   1.10639956
   1.9332580   1.10273952
   1.9418759   1.13041183
   1.9504939   1.14323953
   1.9591118   1.15985576
   1.9677297   1.17248368
   1.9763476   1.17942746
   1.9849656   1.19204501
   1.9935835   1.19607742
   2.0022014   1.22104496
   2.0108194   1.22487430
   2.0194373   1.22455064
   2.0280552   1.24467880
   2.0366732   1.24128373
   2.0452911   1.25736697
   2.0539090   1.24707891
   2.0625270   1.24632175
   2.0711449   1.25576079
   2.0797628   1.25356443
   2.0883808   1.25096474
   2.0969987   1.25716106
   2.1056166   1.24943972
   2.1142346   1.25286882
   2.1228525   1.24531461
   2.1314704   1.24568275
   2.1400883   1.23409257
   2.1487063   1.22326518
   2.1573242   1.21462686
   2.1659421   1.21854081
   2.1745601   1.20724423
   2.1831780   1.18940348
   2.1917959   1.18367054
   2.2004139   1.16874106
   2.2090318   1.15734540
   2.2176497   1.13719172
   2.2262677   1.13540757
   2.2348856   1.11299398
   2.2435035   1.10597644
   2.2521215   1.08667174
   2.2607394   1.07991631
   2.2693573   1.06912102
   2.2779753   1.05123959
   2.2865932   1.03914504
   2.2952111   1.02838075
   2.3038290   1.01594551
   2.3124470   1.00372382
   2.3210649   0.99178755
   2.3296828   0.97274238
   2.3383008   0.96655343
   2.3469187   0.95231655
   2.3555366   0.94818608
   2.3641546   0.93961053
   2.3727725   0.93306877
   2.3813904   0.91995606
   2.3900084   0.90290950
   2.3986263   0.90892312
   2.4072442   0.89987999
   2.4158622   0.88626870
   2.4244801   0.88023907
   2.4330980   0.87955089
   2.4417159   0.87558966
   2.4503339   0.86233843
   2.4589518   0.86628700
   2.4675697   0.85767226
   2.4761877   0.85398695
   2.4848056   0.85257405
   2.4934235   0.84659257
   2.5020415   0.85415186
   2.5106594   0.84655417
   2.5192773   0.85026640
   2.5278953   0.83973235
