   0.8129269   0.00000000
   0.8215448   0.00000000
   0.8301628   0.00000000
   0.8387807   0.00000000
   0.8473986   0.00000000
   0.8560166   0.00000000
   0.8646345   0.00000000
   0.8732524   0.00000000
   0.8818703   0.00000000
   0.8904883   0.00012836
   0.8991062   0.00037773
   0.9077241   0.00123530
   0.9163421   0.00375774
   0.9249600   0.01023136
   0.9335779   0.02534192
   0.9421959   0.06065328
   0.9508138   0.11697840
   0.9594317   0.21263378
   0.9680497   0.32801436
   0.9766676   0.48689818
   0.9852855   0.70614629
   0.9939035   0.95134002
   1.0025214   1.19887091
   1.0111393   1.48375526
   1.0197573   1.74155440
   1.0283752   1.96869221
   1.0369931   2.22867607
   1.0456110   2.41096402
   1.0542290   2.59352030
   1.0628469   2.66894709
   1.0714648   2.77788321
   1.0800828   2.80082669
   1.0887007   2.84579872
   1.0973186   2.80414885
   1.1059366   2.76386262
   1.1145545   2.68072799
   1.1231724   2.63692442
   1.1317904   2.54686022
   1.1404083   2.49849542
   1.1490262   2.36972388
   1.1576442   2.25049572
   1.1662621   2.18727667
   1.1748800   2.08591841
   1.1834980   1.98043883
   1.1921159   1.89525601
   1.2007338   1.79776281
   1.2093517   1.72017529
   1.2179697   1.66456243
   1.2265876   1.56149193
   1.2352055   1.49941847
   1.2438235   1.43608045
   1.2524414   1.39549136
   1.2610593   1.31593499
   1.2696773   1.25892273
   1.2782952   1.19242232
   1.2869131   1.14122818
   1.2955311   1.10104982
   1.3041490   1.06069323
   1.3127669   1.01226151
   1.3213849   0.99472884
   1.3300028   0.95938116
   1.3386207   0.89912682
   1.3472386   0.88631482
   1.3558566   0.87126333
   1.3644745   0.82765424
   1.3730924   0.80876785
   1.3817104   0.78991358
   1.3903283   0.76156385
   1.3989462   0.75382214
   1.4075642   0.73295777
   1.4161821   0.70924508
   1.4248000   0.68795600
   1.4334180   0.68287912
   1.4420359   0.66911249
   1.4506538   0.66684512
   1.4592718   0.64240618
   1.4678897   0.63356257
   1.4765076   0.62945655
   1.4851256   0.61755767
   1.4937435   0.63171016
   1.5023614   0.61357053
   1.5109793   0.60806268
   1.5195973   0.60277220
   1.5282152   0.59756204
   1.5368331   0.60518671
   1.5454511   0.59577130
   1.5540690   0.59289079
   1.5626869   0.59433056
   1.5713049   0.60089753
   1.5799228   0.59317752
   1.5885407   0.60071499
   1.5971587   0.60486358
   1.6057766   0.61623093
   1.6143945   0.60759955
   1.6230125   0.61754763
   1.6316304   0.62755805
   1.6402483   0.63047689
   1.6488663   0.64090049
   1.6574842   0.65437119
   1.6661021   0.66048948
   1.6747200   0.66223775
   1.6833380   0.66894453
   1.6919559   0.68472505
   1.7005738   0.70638182
   1.7091918   0.70582675
   1.7178097   0.72570169
   1.7264276   0.73688138
   1.7350456   0.75906285
   1.7436635   0.75696812
   1.7522814   0.76926461
   1.7608994   0.78903157
   1.7695173   0.80711014
   1.7781352   0.81585252
   1.7867532   0.84087241
   1.7953711   0.86496496
   1.8039890   0.88308650
   1.8126070   0.89676679
   1.8212249   0.91137670
   1.8298428   0.93859172
   1.8384607   0.94616504
   1.8470787   0.97008457
   1.8556966   0.99171696
   1.8643145   1.00623186
   1.8729325   1.03216074
   1.8815504   1.03560775
   1.8901683   1.06450407
   1.8987863   1.08357443
   1.9074042   1.09243761
   1.9160221   1.10317728
   1.9246401   1.11563215
   1.9332580   1.12528887
   1.9418759   1.13688999
   1.9504939   1.16418818
   1.9591118   1.15606347
   1.9677297   1.16549116
   1.9763476   1.18362295
   1.9849656   1.19421499
   1.9935835   1.19556522
   2.0022014   1.20954315
   2.0108194   1.22114868
   2.0194373   1.21948401
   2.0280552   1.22965732
   2.0366732   1.23730856
   2.0452911   1.23765826
   2.0539090   1.25675423
   2.0625270   1.25175313
   2.0711449   1.25606926
   2.0797628   1.25189367
   2.0883808   1.26286713
   2.0969987   1.25841097
   2.1056166   1.25375573
   2.1142346   1.23904699
   2.1228525   1.23693512
   2.1314704   1.23728126
   2.1400883   1.23589271
   2.1487063   1.22059762
   2.1573242   1.21615777
   2.1659421   1.21404964
   2.1745601   1.19813920
   2.1831780   1.19057802
   2.1917959   1.17095794
   2.2004139   1.15942830
   2.2090318   1.14956524
   2.2176497   1.13580505
   2.2262677   1.13206010
   2.2348856   1.10496484
   2.2435035   1.10286221
   2.2521215   1.08516665
   2.2607394   1.07844259
   2.2693573   1.06447644
   2.2779753   1.05282839
   2.2865932   1.03937864
   2.2952111   1.02525069
   2.3038290   1.01556196
   2.3124470   1.00151583
   2.3210649   0.98887798
   2.3296828   0.97966254
   2.3383008   0.96106176
   2.3469187   0.95407209
   2.3555366   0.94374673
   2.3641546   0.93303639
   2.3727725   0.92612648
   2.3813904   0.91604334
   2.3900084   0.91356529
   2.3986263   0.90395188
   2.4072442   0.89671833
   2.4158622   0.89014031
   2.4244801   0.88934726
   2.4330980   0.87587148
   2.4417159   0.86799246
   2.4503339   0.86462702
   2.4589518   0.85736506
   2.4675697   0.86081496
   2.4761877   0.85333953
   2.4848056   0.85470066
   2.4934235   0.84655982
   2.5020415   0.84673774
   2.5106594   0.84030505
   2.5192773   0.84215152
   2.5278953   0.84137295
