   0.8129269   0.00000000
   0.8215448   0.00000000
   0.8301628   0.00000000
   0.8387807   0.00000000
   0.8473986   0.00000000
   0.8560166   0.00000000
   0.8646345   0.00000000
   0.8732524   0.00000000
   0.8818703   0.00000000
   0.8904883   0.00000000
   0.8991062   0.00025182
   0.9077241   0.00098824
   0.9163421   0.00412140
   0.9249600   0.01106415
   0.9335779   0.02580905
   0.9421959   0.06374901
   0.9508138   0.10966021
   0.9594317   0.19637941
   0.9680497   0.32953495
   0.9766676   0.50130345
   0.9852855   0.71170319
   0.9939035   0.95401898
   1.0025214   1.21142878
   1.0111393   1.47638825
   1.0197573   1.73411563
   1.0283752   2.02412935
   1.0369931   2.20756868
   1.0456110   2.40258518
   1.0542290   2.56714459
   1.0628469   2.68967083
   1.0714648   2.74073483
   1.0800828   2.77770532
   1.0887007   2.80320492
   1.0973186   2.79400512
   1.1059366   2.76111640
   1.1145545   2.71956605
   1.1231724   2.66338887
   1.1317904   2.54113908
   1.1404083   2.48151216
   1.1490262   2.39331473
   1.1576442   2.26500231
   1.1662621   2.19633140
   1.1748800   2.08864674
   1.1834980   1.99337385
   1.1921159   1.89955332
   1.2007338   1.80884660
   1.2093517   1.72977938
   1.2179697   1.64864411
   1.2265876   1.57150453
   1.2352055   1.48367444
   1.2438235   1.42555393
   1.2524414   1.36142492
   1.2610593   1.31228673
   1.2696773   1.25178806
   1.2782952   1.19696951
   1.2869131   1.15382723
   1.2955311   1.10280849
   1.3041490   1.05823959
   1.3127669   1.01113934
   1.3213849   0.97794017
   1.3300028   0.94349984
   1.3386207   0.91298663
   1.3472386   0.88732422
   1.3558566   0.85481917
   1.3644745   0.82995040
   1.3730924   0.80990156
   1.3817104   0.79316579
   1.3903283   0.76688211
   1.3989462   0.75621457
   1.4075642   0.72812858
   1.4161821   0.71086911
   1.4248000   0.70144337
   1.4334180   0.69194454
   1.4420359   0.66749722
   1.4506538   0.66428164
   1.4592718   0.65115322
   1.4678897   0.64282132
   1.4765076   0.63207112
   1.4851256   0.62766417
   1.4937435   0.61651955
   1.5023614   0.60712186
   1.5109793   0.59861116
   1.5195973   0.59254601
   1.5282152   0.60022058
   1.5368331   0.59010337
   1.5454511   0.60169492
   1.5540690   0.60009753
   1.5626869   0.59845699
   1.5713049   0.59974322
   1.5799228   0.60116974
   1.5885407   0.60539390
   1.5971587   0.60530249
   1.6057766   0.61607303
   1.6143945   0.62880578
   1.6230125   0.62168213
   1.6316304   0.63447824
   1.6402483   0.64496670
   1.6488663   0.64176156
   1.6574842   0.65944700
   1.6661021   0.66866631
   1.6747200   0.66949594
   1.6833380   0.67400930
   1.6919559   0.69101835
   1.7005738   0.70018734
   1.7091918   0.71223766
   1.7178097   0.71704391
   1.7264276   0.72957336
   1.7350456   0.73884372
   1.7436635   0.75937853
   1.7522814   0.76787233
   1.7608994   0.79362717
   1.7695173   0.80782529
   1.7781352   0.83075761
   1.7867532   0.84061735
   1.7953711   0.85969155
   1.8039890   0.88330543
   1.8126070   0.89741736
   1.8212249   0.91315656
   1.8298428   0.93615982
   1.8384607   0.94405703
   1.8470787   0.96787684
   1.8556966   0.99706689
   1.8643145   1.00180983
   1.8729325   1.02267248
   1.8815504   1.03750531
   1.8901683   1.05612820
   1.8987863   1.06626864
   1.9074042   1.08768156
   1.9160221   1.09885207
   1.9246401   1.10958700
   1.9332580   1.12735862
   1.9418759   1.12784756
   1.9504939   1.14995487
   1.9591118   1.15807895
   1.9677297   1.16265208
   1.9763476   1.17661310
   1.9849656   1.18494089
   1.9935835   1.19623109
   2.0022014   1.19986945
   2.0108194   1.21339536
   2.0194373   1.22909313
   2.0280552   1.22995429
   2.0366732   1.24889054
   2.0452911   1.24449548
   2.0539090   1.25629580
   2.0625270   1.25689739
   2.0711449   1.26636724
   2.0797628   1.25954152
   2.0883808   1.25651919
   2.0969987   1.25368907
   2.1056166   1.25591374
   2.1142346   1.25906247
   2.1228525   1.24095547
   2.1314704   1.24250139
   2.1400883   1.23058120
   2.1487063   1.22879872
   2.1573242   1.21003412
   2.1659421   1.20411264
   2.1745601   1.19947375
   2.1831780   1.18724660
   2.1917959   1.18617069
   2.2004139   1.16264467
   2.2090318   1.15963981
   2.2176497   1.13528764
   2.2262677   1.11951223
   2.2348856   1.11713083
   2.2435035   1.10638088
   2.2521215   1.08621018
   2.2607394   1.07748666
   2.2693573   1.05668938
   2.2779753   1.04551205
   2.2865932   1.02999541
   2.2952111   1.02355041
   2.3038290   1.01071016
   2.3124470   1.00829208
   2.3210649   0.99312898
   2.3296828   0.97958752
   2.3383008   0.96444984
   2.3469187   0.95835930
   2.3555366   0.94330646
   2.3641546   0.93150667
   2.3727725   0.92580106
   2.3813904   0.91288445
   2.3900084   0.90957383
   2.3986263   0.90235967
   2.4072442   0.89392553
   2.4158622   0.88515256
   2.4244801   0.88025639
   2.4330980   0.88391804
   2.4417159   0.87087769
   2.4503339   0.86013461
   2.4589518   0.86313907
   2.4675697   0.85645196
   2.4761877   0.85229371
   2.4848056   0.85285430
   2.4934235   0.84693637
   2.5020415   0.84764825
   2.5106594   0.84947689
   2.5192773   0.84510238
   2.5278953   0.84204193
