   0.8129269   0.00000000
   0.8215448   0.00000000
   0.8301628   0.00000000
   0.8387807   0.00000000
   0.8473986   0.00000000
   0.8560166   0.00000000
   0.8646345   0.00000000
   0.8732524   0.00000000
   0.8818703   0.00000000
   0.8904883   0.00012836
   0.8991062   0.00012591
   0.9077241   0.00086471
   0.9163421   0.00230313
   0.9249600   0.01035033
   0.9335779   0.02604262
   0.9421959   0.05881878
   0.9508138   0.11787910
   0.9594317   0.20655221
   0.9680497   0.33550873
   0.9766676   0.50290404
   0.9852855   0.71359044
   0.9939035   0.96133461
   1.0025214   1.22155609
   1.0111393   1.50257099
   1.0197573   1.75300620
   1.0283752   2.00921137
   1.0369931   2.21230128
   1.0456110   2.37456262
   1.0542290   2.57511225
   1.0628469   2.67993968
   1.0714648   2.76023995
   1.0800828   2.80841747
   1.0887007   2.82141033
   1.0973186   2.82130865
   1.1059366   2.77459784
   1.1145545   2.72980816
   1.1231724   2.62748436
   1.1317904   2.53168331
   1.1404083   2.46531155
   1.1490262   2.36124351
   1.1576442   2.25269829
   1.1662621   2.17515382
   1.1748800   2.07847081
   1.1834980   1.98058417
   1.1921159   1.88007219
   1.2007338   1.81414140
   1.2093517   1.71871380
   1.2179697   1.65914197
   1.2265876   1.57657849
   1.2352055   1.51115978
   1.2438235   1.43358040
   1.2524414   1.38705586
   1.2610593   1.31369483
   1.2696773   1.25223003
   1.2782952   1.20924069
   1.2869131   1.16359918
   1.2955311   1.11881847
   1.3041490   1.04621074
   1.3127669   1.00848155
   1.3213849   0.97741552
   1.3300028   0.94349984
   1.3386207   0.91469070
   1.3472386   0.88995989
   1.3558566   0.85930394
   1.3644745   0.83416001
   1.3730924   0.80795806
   1.3817104   0.78954038
   1.3903283   0.77083131
   1.3989462   0.74633281
   1.4075642   0.71595287
   1.4161821   0.71523370
   1.4248000   0.69883615
   1.4334180   0.68164067
   1.4420359   0.67146197
   1.4506538   0.66084753
   1.4592718   0.65445129
   1.4678897   0.63800299
   1.4765076   0.64411679
   1.4851256   0.63703229
   1.4937435   0.61889166
   1.5023614   0.60761791
   1.5109793   0.61381384
   1.5195973   0.60859055
   1.5282152   0.60344570
   1.5368331   0.59773123
   1.5454511   0.59662362
   1.5540690   0.59364940
   1.5626869   0.59207978
   1.5713049   0.58201642
   1.5799228   0.59615422
   1.5885407   0.60095701
   1.5971587   0.59097793
   1.6057766   0.59712544
   1.6143945   0.60947413
   1.6230125   0.60692157
   1.6316304   0.62082903
   1.6402483   0.62631533
   1.6488663   0.63558430
   1.6574842   0.64892489
   1.6661021   0.64626254
   1.6747200   0.65741105
   1.6833380   0.66829797
   1.6919559   0.68166729
   1.7005738   0.70131361
   1.7091918   0.72007708
   1.7178097   0.72414950
   1.7264276   0.74651159
   1.7350456   0.75831901
   1.7436635   0.76553846
   1.7522814   0.77642488
   1.7608994   0.80130839
   1.7695173   0.81543187
   1.7781352   0.82312801
   1.7867532   0.83755661
   1.7953711   0.86281770
   1.8039890   0.87404764
   1.8126070   0.90379916
   1.8212249   0.92073627
   1.8298428   0.92734418
   1.8384607   0.95116404
   1.8470787   0.97002490
   1.8556966   0.98710598
   1.8643145   1.00807682
   1.8729325   1.01692729
   1.8815504   1.04526806
   1.8901683   1.05256703
   1.8987863   1.06062237
   1.9074042   1.08678630
   1.9160221   1.09846391
   1.9246401   1.11277444
   1.9332580   1.11976046
   1.9418759   1.12819846
   1.9504939   1.15067724
   1.9591118   1.16937625
   1.9677297   1.17784637
   1.9763476   1.19428106
   1.9849656   1.18868670
   1.9935835   1.20345319
   2.0022014   1.22429492
   2.0108194   1.23159553
   2.0194373   1.22981693
   2.0280552   1.23247849
   2.0366732   1.24678027
   2.0452911   1.24162433
   2.0539090   1.24869548
   2.0625270   1.25137030
   2.0711449   1.25127619
   2.0797628   1.25132891
   2.0883808   1.25595908
   2.0969987   1.25172161
   2.1056166   1.25410010
   2.1142346   1.25437169
   2.1228525   1.24371099
   2.1314704   1.23631789
   2.1400883   1.22580306
   2.1487063   1.22974670
   2.1573242   1.20828450
   2.1659421   1.21029614
   2.1745601   1.18903418
   2.1831780   1.18496158
   2.1917959   1.17417847
   2.2004139   1.16335942
   2.2090318   1.15561416
   2.2176497   1.14027550
   2.2262677   1.13438073
   2.2348856   1.11474654
   2.2435035   1.10231621
   2.2521215   1.09600327
   2.2607394   1.07547524
   2.2693573   1.07261927
   2.2779753   1.05163189
   2.2865932   1.04412867
   2.2952111   1.02384023
   2.3038290   1.02166028
   2.3124470   1.00568437
   2.3210649   0.99518836
   2.3296828   0.98435100
   2.3383008   0.96050328
   2.3469187   0.95863650
   2.3555366   0.94174719
   2.3641546   0.93125172
   2.3727725   0.93129704
   2.3813904   0.92033298
   2.3900084   0.91208631
   2.3986263   0.90372190
   2.4072442   0.89580496
   2.4158622   0.88668725
   2.4244801   0.87601398
   2.4330980   0.87356755
   2.4417159   0.87729689
   2.4503339   0.86223672
   2.4589518   0.85608568
   2.4675697   0.85591703
   2.4761877   0.84626780
   2.4848056   0.84419948
   2.4934235   0.84066604
   2.5020415   0.83969758
   2.5106594   0.83822201
   2.5192773   0.84165436
   2.5278953   0.84613547
