   0.00021      85.15737
   0.00062      74.42812
   0.00104      88.44381
   0.00145     101.39623
   0.00187      97.23986
   0.00228      82.74087
   0.00269      80.51769
   0.00311      76.65130
   0.00352      81.09765
   0.00394      78.58450
   0.00435      73.65484
   0.00477      72.59158
   0.00518      61.86233
   0.00560      60.99239
   0.00601      61.57235
   0.00643      58.67256
   0.00684      51.03643
   0.00725      53.93622
   0.00767      50.64979
   0.00808      52.00302
   0.00850      47.74999
   0.00891      48.03997
   0.00933      43.11031
   0.00974      42.04705
   0.01016      40.11386
   0.01057      39.43724
   0.01099      35.76416
   0.01140      34.21760
   0.01182      34.12094
   0.01223      29.67459
   0.01264      28.70799
   0.01306      27.93471
   0.01347      30.35121
   0.01389      25.51821
   0.01430      25.51821
   0.01472      23.29504
   0.01513      22.61842
   0.01555      18.46204
   0.01596      19.62196
   0.01638      19.33198
   0.01679      20.68522
   0.01720      17.01214
   0.01762      18.75202
   0.01803      15.85222
   0.01845      15.07894
   0.01886      14.49898
   0.01928      14.78896
   0.01969      14.01568
   0.02011      12.75911
   0.02052      13.91903
   0.02094      14.01568
   0.02135       9.85931
   0.02176       9.76265
   0.02218       8.79605
   0.02259       8.69939
   0.02301       8.40941
   0.02342       9.47267
   0.02384       8.02277
   0.02425       5.89625
   0.02467       6.18623
   0.02508       6.28289
   0.02550       4.92965
   0.02591       4.92965
   0.02633       5.60627
   0.02674       5.99291
   0.02715       4.83299
   0.02757       4.63968
   0.02798       3.86640
   0.02840       4.05972
   0.02881       3.47976
   0.02923       3.18978
   0.02964       2.70648
   0.03006       2.51316
   0.03047       2.22318
   0.03089       1.64322
   0.03130       2.70648
   0.03171       2.12652
   0.03213       2.31984
   0.03254       1.35324
   0.03296       1.54656
   0.03337       1.35324
   0.03379       1.83654
   0.03420       0.96660
   0.03462       0.77328
   0.03503       0.86994
   0.03545       1.06326
   0.03586       0.48330
   0.03627       0.96660
   0.03669       0.86994
   0.03710       0.86994
   0.03752       0.86994
   0.03793       0.28998
   0.03835       0.77328
   0.03876       0.77328
   0.03918       0.77328
   0.03959       0.77328
   0.04001       0.19332
   0.04042       0.48330
   0.04083       0.57996
   0.04125       0.28998
