   0.00102       8.75938
   0.00305       8.68769
   0.00509       8.61973
   0.00713       8.83780
   0.00916       8.71905
   0.01120       8.66080
   0.01323       8.59882
   0.01527       8.56969
   0.01731       8.63392
   0.01934       8.62421
   0.02138       8.51368
   0.02342       8.35759
   0.02545       8.38075
   0.02749       8.42182
   0.02952       8.39867
   0.03156       8.20524
   0.03360       8.34639
   0.03563       7.98792
   0.03767       8.04841
   0.03970       7.90503
   0.04174       7.86768
   0.04378       7.84677
   0.04581       7.75641
   0.04785       7.63094
   0.04988       7.68173
   0.05192       7.45992
   0.05396       7.34641
   0.05599       7.21572
   0.05803       7.04171
   0.06006       7.07457
   0.06210       6.92371
   0.06414       6.71236
   0.06617       6.77136
   0.06821       6.58541
   0.07025       6.45994
   0.07228       6.48981
   0.07432       6.36510
   0.07635       6.32029
   0.07839       6.16644
   0.08043       6.04397
   0.08246       5.92149
   0.08450       5.78706
   0.08653       5.60783
   0.08857       5.51447
   0.09061       5.52866
   0.09264       5.35988
   0.09468       5.31134
   0.09671       5.12762
   0.09875       5.05294
   0.10079       4.92076
   0.10282       4.80649
   0.10486       4.68700
   0.10689       4.66012
   0.10893       4.55034
   0.11097       4.39948
   0.11300       4.31360
   0.11504       4.18141
   0.11708       4.07014
   0.11911       4.06043
   0.12115       3.91405
   0.12318       3.77290
   0.12522       3.66163
   0.12726       3.57948
   0.12929       3.44879
   0.13133       3.34573
   0.13336       3.32183
   0.13540       3.22773
   0.13744       3.19114
   0.13947       2.91481
   0.14151       2.91332
   0.14354       2.87374
   0.14558       2.68778
   0.14762       2.61982
   0.14965       2.52572
   0.15169       2.45627
   0.15373       2.32483
   0.15576       2.25911
   0.15780       2.24866
   0.15983       2.13439
   0.16187       2.06494
   0.16391       1.90363
   0.16594       1.95292
   0.16798       1.82223
   0.17001       1.75576
   0.17205       1.67436
   0.17409       1.53769
   0.17612       1.52126
   0.17816       1.44210
   0.18019       1.43314
   0.18223       1.33680
   0.18427       1.21656
   0.18630       1.18594
   0.18834       1.16354
   0.19037       1.14711
   0.19241       1.04330
   0.19445       1.04405
   0.19648       0.96190
   0.19852       0.91485
   0.20056       0.86033
   0.20259       0.83419
