   0.00102       8.79182
   0.00305       8.63463
   0.00509       8.77962
   0.00713       8.87078
   0.00916       8.73512
   0.01120       8.65904
   0.01323       8.51907
   0.01527       8.65114
   0.01731       8.52338
   0.01934       8.71430
   0.02138       8.61310
   0.02342       8.45519
   0.02545       8.47027
   0.02749       8.39993
   0.02952       8.30088
   0.03156       8.26212
   0.03360       8.23412
   0.03563       8.04607
   0.03767       8.05468
   0.03970       8.01808
   0.04174       7.81065
   0.04378       7.71231
   0.04581       7.71375
   0.04785       7.62618
   0.04988       7.63408
   0.05192       7.58671
   0.05396       7.51995
   0.05599       7.38789
   0.05803       7.27807
   0.06006       7.19194
   0.06210       7.06633
   0.06414       6.91919
   0.06617       6.85172
   0.06821       6.72970
   0.07025       6.69094
   0.07228       6.69310
   0.07432       6.50217
   0.07635       6.36723
   0.07839       6.18779
   0.08043       6.06003
   0.08246       5.91146
   0.08450       5.90572
   0.08653       5.67962
   0.08857       5.69326
   0.09061       5.56909
   0.09264       5.52100
   0.09468       5.29849
   0.09671       5.25256
   0.09875       4.96832
   0.10079       5.17647
   0.10282       4.84918
   0.10486       4.68266
   0.10689       4.61160
   0.10893       4.47594
   0.11097       4.31516
   0.11300       4.27640
   0.11504       4.21827
   0.11708       4.13572
   0.11911       3.96992
   0.12115       3.88379
   0.12318       3.82063
   0.12522       3.65267
   0.12726       3.54357
   0.12929       3.36700
   0.13133       3.38208
   0.13336       3.18972
   0.13540       3.12225
   0.13744       3.03396
   0.13947       2.90333
   0.14151       2.94568
   0.14354       2.71241
   0.14558       2.60187
   0.14762       2.59039
   0.14965       2.45545
   0.15169       2.31836
   0.15373       2.29467
   0.15576       2.14538
   0.15780       2.04705
   0.15983       2.05997
   0.16187       1.97312
   0.16391       1.89847
   0.16594       1.76784
   0.16798       1.69750
   0.17001       1.67381
   0.17205       1.58266
   0.17409       1.48432
   0.17612       1.45059
   0.17816       1.36805
   0.18019       1.33001
   0.18223       1.20440
   0.18427       1.24388
   0.18630       1.16349
   0.18834       1.14554
   0.19037       1.02352
   0.19241       1.00127
   0.19445       0.96180
   0.19648       0.88930
   0.19852       0.82614
   0.20056       0.82614
   0.20259       0.78020
