         0.00102         8.76193
         0.00305         8.75755
         0.00509         8.74880
         0.00713         8.73569
         0.00916         8.71823
         0.01120         8.69646
         0.01323         8.67041
         0.01527         8.64012
         0.01731         8.60563
         0.01934         8.56699
         0.02138         8.52426
         0.02342         8.47751
         0.02545         8.42679
         0.02749         8.37220
         0.02952         8.31380
         0.03156         8.25168
         0.03360         8.18593
         0.03563         8.11664
         0.03767         8.04392
         0.03970         7.96786
         0.04174         7.88858
         0.04378         7.80619
         0.04581         7.72079
         0.04785         7.63251
         0.04988         7.54146
         0.05192         7.44778
         0.05396         7.35159
         0.05599         7.25301
         0.05803         7.15217
         0.06006         7.04922
         0.06210         6.94427
         0.06414         6.83746
         0.06617         6.72893
         0.06821         6.61882
         0.07025         6.50725
         0.07228         6.39436
         0.07432         6.28029
         0.07635         6.16517
         0.07839         6.04914
         0.08043         5.93233
         0.08246         5.81486
         0.08450         5.69687
         0.08653         5.57848
         0.08857         5.45982
         0.09061         5.34102
         0.09264         5.22219
         0.09468         5.10345
         0.09671         4.98492
         0.09875         4.86670
         0.10079         4.74892
         0.10282         4.63166
         0.10486         4.51505
         0.10689         4.39917
         0.10893         4.28413
         0.11097         4.17000
         0.11300         4.05689
         0.11504         3.94487
         0.11708         3.83403
         0.11911         3.72444
         0.12115         3.61617
         0.12318         3.50930
         0.12522         3.40388
         0.12726         3.29998
         0.12929         3.19765
         0.13133         3.09695
         0.13336         2.99791
         0.13540         2.90060
         0.13744         2.80504
         0.13947         2.71127
         0.14151         2.61932
         0.14354         2.52923
         0.14558         2.44102
         0.14762         2.35471
         0.14965         2.27031
         0.15169         2.18784
         0.15373         2.10732
         0.15576         2.02874
         0.15780         1.95212
         0.15983         1.87745
         0.16187         1.80474
         0.16391         1.73397
         0.16594         1.66515
         0.16798         1.59826
         0.17001         1.53329
         0.17205         1.47023
         0.17409         1.40905
         0.17612         1.34975
         0.17816         1.29229
         0.18019         1.23666
         0.18223         1.18284
         0.18427         1.13079
         0.18630         1.08049
         0.18834         1.03192
         0.19037         0.98503
         0.19241         0.93980
         0.19445         0.89621
         0.19648         0.85421
         0.19852         0.81377
         0.20056         0.77485
         0.20259         0.73743
