         0.00021       117.62958
         0.00062       111.89272
         0.00104       106.43564
         0.00145       101.24472
         0.00187        96.30695
         0.00228        91.61001
         0.00269        87.14214
         0.00311        82.89216
         0.00352        78.84946
         0.00394        75.00393
         0.00435        71.34595
         0.00477        67.86636
         0.00518        64.55648
         0.00560        61.40802
         0.00601        58.41312
         0.00643        55.56428
         0.00684        52.85438
         0.00725        50.27664
         0.00767        47.82462
         0.00808        45.49218
         0.00850        43.27350
         0.00891        41.16303
         0.00933        39.15549
         0.00974        37.24585
         0.01016        35.42935
         0.01057        33.70144
         0.01099        32.05780
         0.01140        30.49432
         0.01182        29.00710
         0.01223        27.59240
         0.01264        26.24671
         0.01306        24.96664
         0.01347        23.74900
         0.01389        22.59075
         0.01430        21.48899
         0.01472        20.44096
         0.01513        19.44404
         0.01555        18.49574
         0.01596        17.59369
         0.01638        16.73564
         0.01679        15.91943
         0.01720        15.14303
         0.01762        14.40450
         0.01803        13.70198
         0.01845        13.03373
         0.01886        12.39807
         0.01928        11.79341
         0.01969        11.21823
         0.02011        10.67111
         0.02052        10.15068
         0.02094         9.65562
         0.02135         9.18471
         0.02176         8.73677
         0.02218         8.31067
         0.02259         7.90536
         0.02301         7.51981
         0.02342         7.15306
         0.02384         6.80420
         0.02425         6.47236
         0.02467         6.15670
         0.02508         5.85643
         0.02550         5.57081
         0.02591         5.29912
         0.02633         5.04068
         0.02674         4.79484
         0.02715         4.56099
         0.02757         4.33855
         0.02798         4.12696
         0.02840         3.92568
         0.02881         3.73423
         0.02923         3.55211
         0.02964         3.37887
         0.03006         3.21408
         0.03047         3.05733
         0.03089         2.90822
         0.03130         2.76638
         0.03171         2.63146
         0.03213         2.50313
         0.03254         2.38105
         0.03296         2.26492
         0.03337         2.15446
         0.03379         2.04939
         0.03420         1.94944
         0.03462         1.85436
         0.03503         1.76392
         0.03545         1.67790
         0.03586         1.59606
         0.03627         1.51822
         0.03669         1.44418
         0.03710         1.37374
         0.03752         1.30675
         0.03793         1.24302
         0.03835         1.18239
         0.03876         1.12473
         0.03918         1.06987
         0.03959         1.01770
         0.04001         0.96806
         0.04042         0.92085
         0.04083         0.87594
         0.04125         0.83322
