   1.0630240   0.00000000
   1.1050400   0.00000000
   1.1470560   0.00000000
   1.1890720   0.00000000
   1.2310880   0.00000000
   1.2731040   0.00000000
   1.3151200   0.00000000
   1.3571360   0.00000000
   1.3991520   0.00000000
   1.4411680   0.00000000
   1.4831840   0.00000000
   1.5252000   0.00000000
   1.5672160   0.00000000
   1.6092320   0.00000000
   1.6512480   0.00000000
   1.6932640   0.00000000
   1.7352800   0.00000000
   1.7772960   0.00000000
   1.8193120   0.00000000
   1.8613281   0.00000000
   1.9033441   0.00000000
   1.9453601   0.00000000
   1.9873761   0.00000000
   2.0293921   0.00000000
   2.0714081   0.00000000
   2.1134241   0.00000000
   2.1554401   0.00000000
   2.1974561   0.00000000
   2.2394721   0.00000000
   2.2814881   0.00000000
   2.3235041   0.00000000
   2.3655201   0.00000000
   2.4075361   0.00000000
   2.4495521   0.00000000
   2.4915681   0.00000000
   2.5335841   0.04576598
   2.5756001   0.11387576
   2.6176161   0.45232914
   2.6596321   0.81459862
   2.7016481   1.47283244
   2.7436641   1.85596046
   2.7856801   2.39557229
   2.8276961   2.57711220
   2.8697121   2.85612854
   2.9117281   2.37902982
   2.9537441   2.18147140
   2.9957601   1.66453566
   3.0377761   1.62813296
   3.0797921   1.35260562
   3.1218081   1.20899941
   3.1638241   1.30393107
   3.2058401   1.28692331
   3.2478561   1.11001762
   3.2898721   1.18886763
   3.3318881   1.22485231
   3.3739041   0.98180529
   3.4159201   1.01283115
   3.4579361   0.88974176
   3.4999521   0.92246857
   3.5419682   0.91861055
   3.5839842   0.92676782
   3.6260002   1.00452683
   3.6680162   0.99630653
   3.7100322   1.00588335
   3.7520482   0.89881697
   3.7940642   0.91196518
   3.8360802   0.94143671
   3.8780962   0.94096065
   3.9201122   1.06441325
   3.9621282   0.80897128
   4.0041442   0.90516319
   4.0461602   0.94106502
   4.0881762   1.03268573
   4.1301922   0.80462807
   4.1722082   0.80562168
   4.2142242   0.97797867
   4.2562402   0.96664243
   4.2982562   0.84231971
   4.3402722   0.85583256
   4.3822882   0.89828624
   4.4243042   0.83167156
   4.4663202   0.79190301
   4.5083362   0.91865399
   4.5503522   0.93369118
   4.5923682   0.92126156
   4.6343842   0.89906373
   4.6764002   0.89641455
   4.7184162   0.86732559
   4.7604322   0.91338268
   4.8024482   1.01056422
   4.8444642   0.92712426
   4.8864802   1.01952002
   4.9284962   0.99478162
   4.9705122   0.85853035
   5.0125282   0.91610684
   5.0545442   0.93362969
   5.0965602   1.12422421
   5.1385762   0.97232453
   5.1805922   0.90274616
   5.2226083   0.96067429
   5.2646243   0.95213989
   5.3066403   1.16842218
   5.3486563   1.01157817
   5.3906723   0.92438128
   5.4326883   0.95201577
   5.4747043   0.90770423
   5.5167203   0.89572327
   5.5587363   0.82444137
   5.6007523   0.85065029
   5.6427683   0.89187285
   5.6847843   0.91549010
   5.7268003   0.92123715
   5.7688163   1.09810392
   5.8108323   1.08967686
   5.8528483   1.13559057
   5.8948643   1.06837266
   5.9368803   1.07277239
   5.9788963   0.90394913
   6.0209123   0.91348928
   6.0629283   0.92433456
   6.1049443   0.95360092
   6.1469603   1.03690834
   6.1889763   1.06095244
   6.2309923   1.04501710
   6.2730083   0.99586979
   6.3150243   1.04322682
   6.3570403   0.98685117
   6.3990563   0.85709310
   6.4410723   0.90709876
   6.4830883   0.95768743
   6.5251043   0.96249589
   6.5671203   1.04811691
   6.6091363   1.00009998
   6.6511523   0.95358835
   6.6931683   0.96418451
   6.7351843   0.94511475
   6.7772003   0.91657390
   6.8192163   0.99335440
   6.8612323   0.94975589
   6.9032484   0.99045408
   6.9452644   0.94148587
   6.9872804   0.96462511
   7.0292964   0.97474459
   7.0713124   0.97574338
   7.1133284   0.99037765
   7.1553444   0.90721975
   7.1973604   0.90783893
   7.2393764   0.97985369
   7.2813924   0.93022611
   7.3234084   0.91269672
   7.3654244   0.95809163
   7.4074404   0.96767567
   7.4494564   0.92990554
   7.4914724   0.92526216
   7.5334884   0.94458672
   7.5755044   1.01216858
   7.6175204   1.06818883
   7.6595364   1.10174796
   7.7015524   1.12775592
   7.7435684   1.05570865
   7.7855844   1.01343028
   7.8276004   0.97247587
   7.8696164   0.91996852
   7.9116324   1.01468550
   7.9536484   0.95513225
   7.9956644   0.98050426
   8.0376804   0.90668183
   8.0796964   0.91993827
   8.1217124   0.89950116
   8.1637284   0.90219933
   8.2057444   0.89781439
   8.2477604   0.94788702
   8.2897764   0.98032004
   8.3317924   0.96840223
   8.3738084   0.96547188
   8.4158244   0.97911364
   8.4578404   0.98243436
   8.4998564   0.94445594
   8.5418724   1.00124920
   8.5838885   1.05207501
   8.6259045   0.98502315
   8.6679205   0.99278533
   8.7099365   0.99825003
   8.7519525   1.01813886
   8.7939685   0.96927782
   8.8359845   0.94825574
   8.8780005   0.96267695
   8.9200165   0.97604656
   8.9620325   0.99105708
   9.0040485   0.99018974
   9.0460645   0.98319259
   9.0880805   0.96375665
   9.1300965   0.94740510
   9.1721125   0.93575196
   9.2141285   0.98492564
   9.2561445   0.98450322
   9.2981605   1.01965479
   9.3401765   0.95017475
   9.3821925   0.94154051
   9.4242085   0.96836781
