   1.0515759   0.00000000
   1.0859598   0.00000000
   1.1203437   0.00000000
   1.1547276   0.00000000
   1.1891115   0.00000000
   1.2234954   0.00000000
   1.2578793   0.00000000
   1.2922632   0.00000000
   1.3266471   0.00000000
   1.3610311   0.00000000
   1.3954150   0.00000000
   1.4297989   0.00000000
   1.4641828   0.00000000
   1.4985667   0.00000000
   1.5329506   0.00000000
   1.5673345   0.00000000
   1.6017184   0.00000000
   1.6361023   0.00000000
   1.6704862   0.00000000
   1.7048702   0.00000000
   1.7392541   0.00000000
   1.7736380   0.00000000
   1.8080219   0.00000000
   1.8424058   0.00000000
   1.8767897   0.00000000
   1.9111736   0.00000000
   1.9455575   0.00000000
   1.9799414   0.00000000
   2.0143253   0.00000000
   2.0487093   0.00000000
   2.0830932   0.00000000
   2.1174771   0.00000000
   2.1518610   0.00000000
   2.1862449   0.00000000
   2.2206288   0.00000000
   2.2550127   0.00000000
   2.2893966   0.00000000
   2.3237805   0.00000000
   2.3581644   0.00000000
   2.3925484   0.00000000
   2.4269323   0.00000000
   2.4613162   0.00585122
   2.4957001   0.01173791
   2.5300840   0.03357095
   2.5644679   0.13778146
   2.5988518   0.37984612
   2.6332357   0.87289812
   2.6676196   1.21199015
   2.7020035   1.59251909
   2.7363875   2.12674628
   2.7707714   2.82863072
   2.8051553   3.00606594
   2.8395392   2.98179139
   2.8739231   2.42402630
   2.9083070   2.27851705
   2.9426909   2.22174436
   2.9770748   1.80851751
   3.0114587   1.54612661
   3.0458426   1.31989212
   3.0802266   1.18667923
   3.1146105   1.15788274
   3.1489944   0.98393800
   3.1833783   0.95252273
   3.2177622   0.84625837
   3.2521461   0.87726548
   3.2865300   0.79993362
   3.3209139   0.80273994
   3.3552978   0.80290233
   3.3896817   0.71843881
   3.4240657   0.75018988
   3.4584496   0.81091960
   3.4928335   0.90580703
   3.5272174   0.82377052
   3.5616013   0.75519694
   3.5959852   0.76104084
   3.6303691   0.91596843
   3.6647530   0.80368003
   3.6991369   0.75432287
   3.7335208   0.85667688
   3.7679048   0.83331063
   3.8022887   0.81554936
   3.8366726   0.88347493
   3.8710565   0.91737822
   3.9054404   0.95678276
   3.9398243   0.85080722
   3.9742082   0.91077263
   4.0085921   0.89618045
   4.0429760   0.87964665
   4.0773599   0.89472417
   4.1117439   0.95844861
   4.1461278   1.01955825
   4.1805117   1.00501102
   4.2148956   0.87669350
   4.2492795   0.89851344
   4.2836634   0.98109784
   4.3180473   0.97943748
   4.3524312   1.00554117
   4.3868151   0.94068199
   4.4211990   0.95070244
   4.4555830   0.89300900
   4.4899669   0.99499433
   4.5243508   1.02235523
   4.5587347   0.94260193
   4.5931186   0.96141194
   4.6275025   0.98400967
   4.6618864   0.98952824
   4.6962703   0.96996855
   4.7306542   1.01205134
   4.7650381   1.06072635
   4.7994221   1.14541815
   4.8338060   1.09400369
   4.8681899   1.02027122
   4.9025738   0.94416006
   4.9369577   0.98213845
   4.9713416   1.01153903
   5.0057255   1.05684101
   5.0401094   1.02999897
   5.0744933   1.04972829
   5.1088772   0.98293431
   5.1432612   0.90945156
   5.1776451   0.93708097
   5.2120290   0.93715433
   5.2464129   0.93006216
   5.2807968   0.97614407
   5.3151807   0.93014838
   5.3495646   0.86605162
   5.3839485   0.84715280
   5.4183324   0.83862359
   5.4527163   0.83135917
   5.4871003   0.86328333
   5.5214842   0.87894423
   5.5558681   0.88632922
   5.5902520   0.85638944
   5.6246359   0.88999939
   5.6590198   0.89713489
   5.6934037   0.86316176
   5.7277876   0.83520458
   5.7621715   0.82693487
   5.7965554   0.87181513
   5.8309394   0.92783274
   5.8653233   0.93649939
   5.8997072   0.87399417
   5.9340911   0.84520921
   5.9684750   0.84190479
   6.0028589   0.87311204
   6.0372428   0.89559305
   6.0716267   0.88968506
   6.1060106   0.87446419
   6.1403945   0.88079827
   6.1747785   0.88868063
   6.2091624   0.96822323
   6.2435463   1.01158026
   6.2779302   0.99597665
   6.3123141   0.98259814
   6.3466980   0.93468956
   6.3810819   0.95957497
   6.4154658   0.97752286
   6.4498497   0.97671446
   6.4842336   0.96965046
   6.5186176   1.02597660
   6.5530015   1.02060380
   6.5873854   1.02891876
   6.6217693   1.01144001
   6.6561532   1.01881945
   6.6905371   0.97917359
   6.7249210   0.97785730
   6.7593049   0.98422717
   6.7936888   0.98753820
   6.8280727   0.99591242
   6.8624567   1.04683305
   6.8968406   1.02030572
   6.9312245   1.03091383
   6.9656084   1.00870668
   6.9999923   0.99041172
   7.0343762   1.00721403
   7.0687601   1.02852059
   7.1031440   1.06350751
   7.1375279   1.02949757
   7.1719118   0.99229903
   7.2062958   0.98391894
   7.2406797   0.98118870
   7.2750636   0.95640603
   7.3094475   0.95029047
   7.3438314   0.95336683
   7.3782153   0.96078070
   7.4125992   0.91156751
   7.4469831   0.92925601
   7.4813670   0.94440452
   7.5157509   0.94590229
   7.5501349   0.94515722
   7.5845188   1.00331223
   7.6189027   0.97118607
   7.6532866   0.93505652
   7.6876705   0.92955996
   7.7220544   0.88919952
   7.7564383   0.87982362
   7.7908222   0.89999781
   7.8252061   0.90769988
   7.8595900   0.88955385
   7.8939740   0.91317921
