   1.0621410   0.00000000
   1.1035684   0.00000000
   1.1449957   0.00000000
   1.1864231   0.00000000
   1.2278504   0.00000000
   1.2692778   0.00000000
   1.3107051   0.00000000
   1.3521325   0.00000000
   1.3935598   0.00000000
   1.4349871   0.00000000
   1.4764145   0.00000000
   1.5178418   0.00000000
   1.5592692   0.00000000
   1.6006965   0.00000000
   1.6421239   0.00000000
   1.6835512   0.00000000
   1.7249786   0.00000000
   1.7664059   0.00000000
   1.8078333   0.00000000
   1.8492606   0.00000000
   1.8906880   0.00000000
   1.9321153   0.00000000
   1.9735427   0.00000000
   2.0149700   0.00000000
   2.0563974   0.00000000
   2.0978247   0.00000000
   2.1392521   0.00000000
   2.1806794   0.00000000
   2.2221068   0.00000000
   2.2635341   0.00000000
   2.3049614   0.00000000
   2.3463888   0.00000000
   2.3878161   0.00000000
   2.4292435   0.00000000
   2.4706708   0.00174322
   2.5120982   0.02276374
   2.5535255   0.08730855
   2.5949529   0.24177765
   2.6363802   0.63229235
   2.6778076   1.00984250
   2.7192349   1.46212585
   2.7606623   1.87095351
   2.8020896   2.17857209
   2.8435170   2.27611470
   2.8849443   2.31477671
   2.9263717   2.30002792
   2.9677990   1.91067174
   3.0092264   1.89074246
   3.0506537   1.91063117
   3.0920810   1.71843048
   3.1335084   1.62506720
   3.1749357   1.46945435
   3.2163631   1.23486342
   3.2577904   1.17157334
   3.2992178   1.20197037
   3.3406451   1.14564596
   3.3820725   1.06798104
   3.4234998   0.88567474
   3.4649272   0.86772518
   3.5063545   0.72270770
   3.5477819   0.67591583
   3.5892092   0.68724860
   3.6306366   0.67569094
   3.6720639   0.61475956
   3.7134913   0.61616711
   3.7549186   0.62377836
   3.7963460   0.77858067
   3.8377733   0.78714962
   3.8792007   0.79234834
   3.9206280   0.94010716
   3.9620553   1.09611947
   4.0034827   1.08450675
   4.0449100   1.21427119
   4.0863374   1.33985175
   4.1277647   1.42269926
   4.1691921   1.50506666
   4.2106194   1.56832777
   4.2520468   1.74509109
   4.2934741   1.81837055
   4.3349015   1.86107886
   4.3763288   1.79461913
   4.4177562   1.85844425
   4.4591835   1.73149202
   4.5006109   1.58024616
   4.5420382   1.45328989
   4.5834656   1.38712229
   4.6248929   1.32731030
   4.6663203   1.23542971
   4.7077476   1.06133939
   4.7491749   1.09598100
   4.7906023   1.05114223
   4.8320296   0.91492737
   4.8734570   0.88958184
   4.9148843   0.80989248
   4.9563117   0.82500035
   4.9977390   0.76259912
   5.0391664   0.78196030
   5.0805937   0.78636850
   5.1220211   0.80067260
   5.1634484   0.78468329
   5.2048758   0.80013065
   5.2463031   0.78464452
   5.2877305   0.79808748
   5.3291578   0.80895842
   5.3705852   0.75280785
   5.4120125   0.83578667
   5.4534399   0.81401267
   5.4948672   0.81746812
   5.5362946   0.80267610
   5.5777219   0.69878820
   5.6191492   0.69222972
   5.6605766   0.68728214
   5.7020039   0.62741960
   5.7434313   0.58888433
   5.7848586   0.62467997
   5.8262860   0.56661202
   5.8677133   0.56126656
   5.9091407   0.55845277
   5.9505680   0.56062125
   5.9919954   0.58890617
   6.0334227   0.62060273
   6.0748501   0.64705761
   6.1162774   0.64827790
   6.1577048   0.64716176
   6.1991321   0.68076892
   6.2405595   0.71793807
   6.2819868   0.72360056
   6.3234142   0.79957703
   6.3648415   0.84239377
   6.4062688   0.88403969
   6.4476962   0.97599835
   6.4891235   1.07135644
   6.5305509   1.17432924
   6.5719782   1.22523020
   6.6134056   1.31357386
   6.6548329   1.38773575
   6.6962603   1.52036442
   6.7376876   1.57169610
   6.7791150   1.64250283
   6.8205423   1.69112013
   6.8619697   1.69426566
   6.9033970   1.71005319
   6.9448244   1.68077683
   6.9862517   1.66351880
   7.0276791   1.65990825
   7.0691064   1.67181263
   7.1105338   1.66564835
   7.1519611   1.63080513
   7.1933885   1.60590593
   7.2348158   1.58919385
   7.2762431   1.59657464
   7.3176705   1.52380064
   7.3590978   1.51415944
   7.4005252   1.44586310
   7.4419525   1.41463142
   7.4833799   1.38390578
   7.5248072   1.33723112
   7.5662346   1.28350008
   7.6076619   1.25071389
   7.6490893   1.16754489
   7.6905166   1.07358606
   7.7319440   0.96608269
   7.7733713   0.91125818
   7.8147987   0.82687199
   7.8562260   0.74757236
   7.8976534   0.67244583
   7.9390807   0.59419974
   7.9805081   0.53975987
   8.0219354   0.49302442
   8.0633627   0.47676025
   8.1047901   0.44030931
   8.1462174   0.41635933
   8.1876448   0.42017280
   8.2290721   0.41336010
   8.2704995   0.41039618
   8.3119268   0.38952686
   8.3533542   0.41053036
   8.3947815   0.44952315
   8.4362089   0.47367728
   8.4776362   0.51036839
   8.5190636   0.57132472
   8.5604909   0.66179182
   8.6019183   0.71187975
   8.6433456   0.74139397
   8.6847730   0.77574569
   8.7262003   0.83750231
   8.7676277   0.87930267
   8.8090550   0.95908940
   8.8504824   1.02960381
   8.8919097   1.09089222
   8.9333370   1.07359748
   8.9747644   1.12084790
   9.0161917   1.19663948
   9.0576191   1.23818481
   9.0990464   1.30565963
   9.1404738   1.32792170
   9.1819011   1.34468096
   9.2233285   1.29735370
   9.2647558   1.24356490
   9.3061832   1.24806104
