   1.0514795   0.00000000
   1.0857992   0.00000000
   1.1201189   0.00000000
   1.1544386   0.00000000
   1.1887583   0.00000000
   1.2230780   0.00000000
   1.2573977   0.00000000
   1.2917173   0.00000000
   1.3260370   0.00000000
   1.3603567   0.00000000
   1.3946764   0.00000000
   1.4289961   0.00000000
   1.4633158   0.00000000
   1.4976355   0.00000000
   1.5319552   0.00000000
   1.5662748   0.00000000
   1.6005945   0.00000000
   1.6349142   0.00000000
   1.6692339   0.00000000
   1.7035536   0.00000000
   1.7378733   0.00000000
   1.7721930   0.00000000
   1.8065127   0.00000000
   1.8408323   0.00000000
   1.8751520   0.00000000
   1.9094717   0.00000000
   1.9437914   0.00000000
   1.9781111   0.00000000
   2.0124308   0.00000000
   2.0467505   0.00000000
   2.0810702   0.00000000
   2.1153898   0.00000000
   2.1497095   0.00000000
   2.1840292   0.00000000
   2.2183489   0.00000000
   2.2526686   0.00000000
   2.2869883   0.00000000
   2.3213080   0.00000000
   2.3556277   0.00000000
   2.3899473   0.00000000
   2.4242670   0.00000000
   2.4585867   0.00110160
   2.4929064   0.00982187
   2.5272261   0.04257177
   2.5615458   0.09590092
   2.5958655   0.28162803
   2.6301852   0.77052056
   2.6645048   1.08860464
   2.6988245   1.81120481
   2.7331442   2.40023349
   2.7674639   2.42786976
   2.8017836   2.39434479
   2.8361033   2.55364520
   2.8704230   2.48190155
   2.9047427   2.08398653
   2.9390623   2.12309480
   2.9733820   1.60513982
   3.0077017   1.59215000
   3.0420214   1.51925043
   3.0763411   1.36053536
   3.1106608   1.28617863
   3.1449805   1.15536963
   3.1793002   1.03448994
   3.2136198   0.99703795
   3.2479395   0.92526553
   3.2822592   1.03128381
   3.3165789   0.92883138
   3.3508986   0.80019270
   3.3852183   0.84651468
   3.4195380   0.79439665
   3.4538577   0.80669097
   3.4881773   0.75194801
   3.5224970   0.81706065
   3.5568167   0.86084687
   3.5911364   0.83010035
   3.6254561   0.84029596
   3.6597758   0.80720982
   3.6940955   0.81610958
   3.7284152   0.85376635
   3.7627348   0.82117496
   3.7970545   0.81855993
   3.8313742   0.85446387
   3.8656939   0.91035816
   3.9000136   0.83435635
   3.9343333   0.79756554
   3.9686530   0.81286185
   4.0029727   0.90204236
   4.0372923   0.91434714
   4.0716120   0.89083087
   4.1059317   0.88488813
   4.1402514   0.86691220
   4.1745711   0.97142220
   4.2088908   0.93522123
   4.2432105   0.90055274
   4.2775302   0.95991576
   4.3118498   0.97024443
   4.3461695   1.03976338
   4.3804892   1.05609691
   4.4148089   0.98980393
   4.4491286   1.01344623
   4.4834483   1.01245556
   4.5177680   0.94194083
   4.5520877   0.92821970
   4.5864073   1.00818710
   4.6207270   1.01156310
   4.6550467   1.02522947
   4.6893664   0.95864867
   4.7236861   0.92363075
   4.7580058   0.96133827
   4.7923255   0.99101287
   4.8266452   0.97287300
   4.8609648   0.90902206
   4.8952845   0.96486256
   4.9296042   0.94677077
   4.9639239   0.93129231
   4.9982436   0.95204252
   5.0325633   0.94282657
   5.0668830   0.97107804
   5.1012027   0.92171916
   5.1355223   0.91293371
   5.1698420   0.94993389
   5.2041617   0.96822050
   5.2384814   0.92346424
   5.2728011   0.86497790
   5.3071208   0.91899978
   5.3414405   0.97448369
   5.3757602   0.91592010
   5.4100798   0.93686980
   5.4443995   0.93636541
   5.4787192   0.93446906
   5.5130389   0.90647575
   5.5473586   0.93965334
   5.5816783   0.95955242
   5.6159980   0.92431973
   5.6503177   0.89984630
   5.6846373   0.85982199
   5.7189570   0.87131798
   5.7532767   0.88807861
   5.7875964   0.92442668
   5.8219161   0.88490996
   5.8562358   0.85570255
   5.8905555   0.87217962
   5.9248752   0.88689078
   5.9591948   0.89158064
   5.9935145   0.88961730
   6.0278342   0.86836745
   6.0621539   0.88133332
   6.0964736   0.85835972
   6.1307933   0.88544884
   6.1651130   0.88919566
   6.1994327   0.88454677
   6.2337523   0.91253244
   6.2680720   0.90813179
   6.3023917   0.90293438
   6.3367114   0.91349492
   6.3710311   0.91521808
   6.4053508   0.91065755
   6.4396705   0.89380462
   6.4739902   0.89158218
   6.5083098   0.92789802
   6.5426295   0.96496041
   6.5769492   0.96122758
   6.6112689   0.94322492
   6.6455886   0.96336170
   6.6799083   0.97430589
   6.7142280   0.98544430
   6.7485477   0.96182487
   6.7828673   0.97262046
   6.8171870   0.98317433
   6.8515067   0.97360950
   6.8858264   0.99257817
   6.9201461   0.99559638
   6.9544658   1.00009013
   6.9887855   0.99274600
   7.0231052   0.97712713
   7.0574248   0.98008032
   7.0917445   1.00689548
   7.1260642   0.96957374
   7.1603839   0.97385208
   7.1947036   0.98885348
   7.2290233   0.99804767
   7.2633430   1.01051642
   7.2976627   0.97661061
   7.3319823   0.95916957
   7.3663020   0.96170635
   7.4006217   0.94372938
   7.4349414   0.91742964
   7.4692611   0.92727975
   7.5035808   0.93466461
   7.5379005   0.95133038
   7.5722202   0.93908766
   7.6065398   0.95526136
   7.6408595   0.99218850
   7.6751792   1.00407763
   7.7094989   0.99721197
   7.7438186   0.97094028
   7.7781383   0.97356260
   7.8124580   0.92758823
   7.8467777   0.91819417
   7.8810973   0.91680800
