    0.00500000    0.00006561
    0.03000000    0.00227627
    0.05500000    0.00722641
    0.08000000    0.01423845
    0.10500000    0.02244427
    0.13000000    0.03167516
    0.15500000    0.04154750
    0.18000000    0.05110021
    0.20500000    0.05987264
    0.23000000    0.06824302
    0.25500000    0.07636781
    0.28000000    0.08408317
    0.30500000    0.09147764
    0.33000000    0.09866346
    0.35500000    0.10585411
    0.38000000    0.11278737
    0.40500000    0.11875038
    0.43000000    0.12364650
    0.45500000    0.12819865
    0.48000000    0.13305001
    0.50500000    0.13861825
    0.53000000    0.14479986
    0.55500000    0.15112520
    0.58000000    0.15768456
    0.60500000    0.16480779
    0.63000000    0.17192047
    0.65500000    0.17836921
    0.68000000    0.18458556
    0.70500000    0.19087746
    0.73000000    0.19730303
    0.75500000    0.20383571
    0.78000000    0.21041287
    0.80500000    0.21696135
    0.83000000    0.22335529
    0.85500000    0.22952838
    0.88000000    0.23585113
    0.90500000    0.24218711
    0.93000000    0.24830261
    0.95500000    0.25457351
    0.98000000    0.26088432
    1.00500000    0.26687196
    1.03000000    0.27276070
    1.05500000    0.27862778
    1.08000000    0.28389940
    1.10500000    0.28858365
    1.13000000    0.29280006
    1.15500000    0.29646645
    1.18000000    0.29995909
    1.20500000    0.30352240
    1.23000000    0.30790141
    1.25500000    0.31321221
    1.28000000    0.31866784
    1.30500000    0.32390211
    1.33000000    0.32934688
    1.35500000    0.33499007
    1.38000000    0.34050899
    1.40500000    0.34611981
    1.43000000    0.35173158
    1.45500000    0.35707862
    1.48000000    0.36182700
    1.50500000    0.36570784
    1.53000000    0.36887905
    1.55500000    0.37173112
    1.58000000    0.37517334
    1.60500000    0.37952903
    1.63000000    0.38433910
    1.65500000    0.38948932
    1.68000000    0.39548983
    1.70500000    0.40242482
    1.73000000    0.40986264
    1.75500000    0.41704934
    1.78000000    0.42347039
    1.80500000    0.42935337
    1.83000000    0.43532052
    1.85500000    0.44135438
    1.88000000    0.44713339
    1.90500000    0.45266954
    1.93000000    0.45809582
    1.95500000    0.46312251
    1.98000000    0.46735958
    2.00500000    0.47048082
    2.03000000    0.47241212
    2.05500000    0.47343557
    2.08000000    0.47399384
    2.10500000    0.47528764
    2.13000000    0.47821912
    2.15500000    0.48269209
    2.18000000    0.48853341
    2.20500000    0.49501744
    2.23000000    0.50103330
    2.25500000    0.50610238
    2.28000000    0.51019975
    2.30500000    0.51361708
    2.33000000    0.51781825
    2.35500000    0.52361248
    2.38000000    0.53093269
    2.40500000    0.53982054
    2.43000000    0.55027971
    2.45500000    0.56146868
    2.48000000    0.57156170
    2.50500000    0.57961283
    2.53000000    0.58576863
    2.55500000    0.58984674
    2.58000000    0.59307732
    2.60500000    0.59736807
    2.63000000    0.60389489
    2.65500000    0.61301650
    2.68000000    0.62459060
    2.70500000    0.63822735
    2.73000000    0.65296442
    2.75500000    0.66739509
    2.78000000    0.68022695
    2.80500000    0.69129258
    2.83000000    0.70155889
    2.85500000    0.71176007
    2.88000000    0.72211561
    2.90500000    0.73321609
    2.93000000    0.74577946
    2.95500000    0.76000891
    2.98000000    0.77496996
    3.00500000    0.78940800
    3.03000000    0.80249230
    3.05500000    0.81422862
    3.08000000    0.82505789
    3.10500000    0.83555006
    3.13000000    0.84586972
    3.15500000    0.85526477
    3.18000000    0.86349626
    3.20500000    0.87171494
    3.23000000    0.88055534
    3.25500000    0.88918983
    3.28000000    0.89649574
    3.30500000    0.90288138
    3.33000000    0.90909478
    3.35500000    0.91469522
    3.38000000    0.91841010
    3.40500000    0.92048040
    3.43000000    0.92170988
    3.45500000    0.92238716
    3.48000000    0.92212884
    3.50500000    0.92114721
    3.53000000    0.92094981
    3.55500000    0.92180168
    3.58000000    0.92240018
    3.60500000    0.92144680
    3.63000000    0.91973677
    3.65500000    0.91848541
    3.68000000    0.91785678
    3.70500000    0.91750305
    3.73000000    0.91822956
    3.75500000    0.92175887
    3.78000000    0.92812376
    3.80500000    0.93592470
    3.83000000    0.94401889
    3.85500000    0.95247418
    3.88000000    0.96163155
    3.90500000    0.97155177
    3.93000000    0.98175314
    3.95500000    0.99109364
    3.98000000    0.99857306
    4.00500000    1.00333351
    4.03000000    1.00589018
    4.05500000    1.00794063
    4.08000000    1.01088890
    4.10500000    1.01359333
    4.13000000    1.01514482
    4.15500000    1.01649923
    4.18000000    1.01859983
    4.20500000    1.02167634
    4.23000000    1.02507330
    4.25500000    1.02802043
    4.28000000    1.03100105
    4.30500000    1.03505811
    4.33000000    1.03970822
    4.35500000    1.04416342
    4.38000000    1.04786269
    4.40500000    1.05090111
    4.43000000    1.05413277
    4.45500000    1.05868680
    4.48000000    1.06502284
    4.50500000    1.07305974
    4.53000000    1.08231049
    4.55500000    1.09155211
    4.58000000    1.10056210
    4.60500000    1.11038017
    4.63000000    1.12081454
    4.65500000    1.13041845
    4.68000000    1.13774619
    4.70500000    1.14048754
    4.73000000    1.13883686
    4.75500000    1.13498967
    4.78000000    1.13154094
    4.80500000    1.12996463
    4.83000000    1.13051589
    4.85500000    1.13444141
    4.88000000    1.14323210
    4.90500000    1.15383397
    4.93000000    1.16240875
    4.95500000    1.16633897
    4.98000000    1.16630103
    5.00500000    1.16497913
    5.03000000    1.16400125
    5.05500000    1.16476703
    5.08000000    1.16879739
    5.10500000    1.17517869
    5.13000000    1.18129827
    5.15500000    1.18447955
    5.18000000    1.18379502
    5.20500000    1.17941793
    5.23000000    1.17350820
    5.25500000    1.16880540
    5.28000000    1.16638083
    5.30500000    1.16710951
    5.33000000    1.17087252
    5.35500000    1.17620989
    5.38000000    1.18238529
    5.40500000    1.18888098
    5.43000000    1.19452452
    5.45500000    1.19961628
    5.48000000    1.20620035
    5.50500000    1.21427638
    5.53000000    1.22222472
    5.55500000    1.22988555
    5.58000000    1.23745396
    5.60500000    1.24482044
    5.63000000    1.25243358
    5.65500000    1.26107706
    5.68000000    1.27076122
    5.70500000    1.28003435
    5.73000000    1.28730129
    5.75500000    1.29270489
    5.78000000    1.29678112
    5.80500000    1.29981889
    5.83000000    1.30240074
    5.85500000    1.30532742
    5.88000000    1.30868686
    5.90500000    1.31223804
    5.93000000    1.31614782
    5.95500000    1.32107536
    5.98000000    1.32618518
    6.00500000    1.32984563
    6.03000000    1.33319251
    6.05500000    1.33771136
    6.08000000    1.34303822
    6.10500000    1.34712642
    6.13000000    1.34911318
    6.15500000    1.35049067
    6.18000000    1.35276776
    6.20500000    1.35622218
    6.23000000    1.35942942
    6.25500000    1.36167819
    6.28000000    1.36384520
    6.30500000    1.36764457
    6.33000000    1.37430637
    6.35500000    1.38296278
    6.38000000    1.39273789
    6.40500000    1.40336960
    6.43000000    1.41398455
    6.45500000    1.42399486
    6.48000000    1.43340028
    6.50500000    1.44221618
    6.53000000    1.45025281
    6.55500000    1.45717077
    6.58000000    1.46211857
    6.60500000    1.46522450
    6.63000000    1.46592000
    6.65500000    1.46362740
    6.68000000    1.45974977
    6.70500000    1.45478070
    6.73000000    1.44864561
    6.75500000    1.44353796
    6.78000000    1.44074851
    6.80500000    1.43987465
    6.83000000    1.43994372
    6.85500000    1.44002280
    6.88000000    1.43968294
    6.90500000    1.43862956
    6.93000000    1.43649681
    6.95500000    1.43373049
    6.98000000    1.43086131
    7.00500000    1.42799760
    7.03000000    1.42616168
    7.05500000    1.42685605
    7.08000000    1.42965566
    7.10500000    1.43281849
    7.13000000    1.43608645
    7.15500000    1.44046167
    7.18000000    1.44657577
    7.20500000    1.45437887
    7.23000000    1.46328669
    7.25500000    1.47322512
    7.28000000    1.48371879
    7.30500000    1.49425773
    7.33000000    1.50496641
    7.35500000    1.51484731
    7.38000000    1.52285096
    7.40500000    1.52904552
    7.43000000    1.53438251
    7.45500000    1.53982479
    7.48000000    1.54614501
    7.50500000    1.55545499
    7.53000000    1.56911484
    7.55500000    1.58538496
    7.58000000    1.60138215
    7.60500000    1.61550529
    7.63000000    1.62771393
    7.65500000    1.63826710
    7.68000000    1.64693577
    7.70500000    1.65443087
    7.73000000    1.66235278
    7.75500000    1.67056227
    7.78000000    1.67818877
    7.80500000    1.68539672
    7.83000000    1.69323197
    7.85500000    1.70345244
    7.88000000    1.71689779
    7.90500000    1.73178208
    7.93000000    1.74461728
    7.95500000    1.75289745
    7.98000000    1.75693088
    8.00500000    1.75885445
    8.03000000    1.76083622
    8.05500000    1.76384307
    8.08000000    1.76655244
    8.10500000    1.76613487
    8.13000000    1.76201733
    8.15500000    1.75679139
    8.18000000    1.75344274
    8.20500000    1.75242216
    8.23000000    1.75356003
    8.25500000    1.75784257
    8.28000000    1.76514438
    8.30500000    1.77365997
    8.33000000    1.78112743
    8.35500000    1.78592426
    8.38000000    1.78822650
    8.40500000    1.78979115
    8.43000000    1.79270868
    8.45500000    1.79800153
    8.48000000    1.80432356
    8.50500000    1.81035370
    8.53000000    1.81720662
    8.55500000    1.82532372
    8.58000000    1.83362621
    8.60500000    1.84034498
    8.63000000    1.84366361
    8.65500000    1.84362878
    8.68000000    1.84139894
    8.70500000    1.83825544
    8.73000000    1.83610971
    8.75500000    1.83574330
    8.78000000    1.83717904
    8.80500000    1.84120064
    8.83000000    1.84913988
    8.85500000    1.86093980
    8.88000000    1.87434461
    8.90500000    1.88602699
    8.93000000    1.89427860
    8.95500000    1.90050993
    8.98000000    1.90656330
    9.00500000    1.91317078
    9.03000000    1.92137348
    9.05500000    1.93245281
    9.08000000    1.94655796
    9.10500000    1.96335996
    9.13000000    1.98189554
    9.15500000    1.99936221
    9.18000000    2.01384733
    9.20500000    2.02534242
    9.23000000    2.03442770
    9.25500000    2.04122677
    9.28000000    2.04584577
    9.30500000    2.04735446
    9.33000000    2.04438342
    9.35500000    2.03949181
    9.38000000    2.03602781
    9.40500000    2.03481700
    9.43000000    2.03584962
    9.45500000    2.03905254
    9.48000000    2.04244236
    9.50500000    2.04494677
    9.53000000    2.04673331
    9.55500000    2.04705386
    9.58000000    2.04627238
    9.60500000    2.04596230
    9.63000000    2.04645963
    9.65500000    2.04695612
    9.68000000    2.04790124
    9.70500000    2.05085063
    9.73000000    2.05526618
    9.75500000    2.05907097
    9.78000000    2.06156045
    9.80500000    2.06392990
    9.83000000    2.06614836
    9.85500000    2.06869427
    9.88000000    2.07306346
    9.90500000    2.08084925
    9.93000000    2.08987580
    9.95500000    2.09570449
    9.98000000    2.09888223
   10.00500000    2.10213570
   10.03000000    2.10687886
   10.05500000    2.11557607
   10.08000000    2.12962158
   10.10500000    2.14620630
   10.13000000    2.16117218
   10.15500000    2.17166526
   10.18000000    2.17805294
   10.20500000    2.18240140
   10.23000000    2.18602814
   10.25500000    2.19074986
   10.28000000    2.19764037
   10.30500000    2.20611738
   10.33000000    2.21383171
   10.35500000    2.21934625
   10.38000000    2.22393641
   10.40500000    2.22881850
   10.43000000    2.23636251
   10.45500000    2.24897593
   10.48000000    2.26588682
   10.50500000    2.28336867
   10.53000000    2.29805966
   10.55500000    2.31088976
   10.58000000    2.32534602
   10.60500000    2.34222063
   10.63000000    2.36074237
   10.65500000    2.37787544
   10.68000000    2.38847716
   10.70500000    2.38916106
   10.73000000    2.38261083
   10.75500000    2.37350726
   10.78000000    2.36417591
   10.80500000    2.35650229
   10.83000000    2.35241331
   10.85500000    2.35274299
   10.88000000    2.35727134
   10.90500000    2.36324750
   10.93000000    2.36714567
   10.95500000    2.36816319
   10.98000000    2.36879927
   11.00500000    2.37050936
   11.03000000    2.37376309
   11.05500000    2.38040282
   11.08000000    2.39179583
   11.10500000    2.40759072
   11.13000000    2.42615646
   11.15500000    2.44507899
   11.18000000    2.46150757
   11.20500000    2.47421419
   11.23000000    2.48391016
   11.25500000    2.49153664
   11.28000000    2.49777957
   11.30500000    2.50392598
   11.33000000    2.51167848
   11.35500000    2.52080282
   11.38000000    2.53007941
   11.40500000    2.53873331
   11.43000000    2.54670099
   11.45500000    2.55459676
   11.48000000    2.56170486
   11.50500000    2.56690298
   11.53000000    2.57143120
   11.55500000    2.57776202
   11.58000000    2.58672071
   11.60500000    2.59756410
   11.63000000    2.60903522
   11.65500000    2.61809095
   11.68000000    2.62208321
   11.70500000    2.62140921
   11.73000000    2.61813252
   11.75500000    2.61464880
   11.78000000    2.61253072
   11.80500000    2.61315536
   11.83000000    2.61560757
   11.85500000    2.61796223
   11.88000000    2.61937372
   11.90500000    2.61863397
   11.93000000    2.61377263
   11.95500000    2.60412953
   11.98000000    2.59238989
   12.00500000    2.58215451
   12.03000000    2.57205137
   12.05500000    2.56042688
   12.08000000    2.55052658
   12.10500000    2.54534817
   12.13000000    2.54533433
   12.15500000    2.55045617
   12.18000000    2.56042998
   12.20500000    2.57175925
   12.23000000    2.58127797
   12.25500000    2.58893897
   12.28000000    2.59429994
   12.30500000    2.59711388
   12.33000000    2.59798576
   12.35500000    2.59938557
   12.38000000    2.60231920
   12.40500000    2.60659608
   12.43000000    2.61102215
   12.45500000    2.61269743
   12.48000000    2.60967711
   12.50500000    2.60288887
   12.53000000    2.59372431
   12.55500000    2.58216430
   12.58000000    2.56922596
   12.60500000    2.55766228
   12.63000000    2.54997570
   12.65500000    2.54764268
   12.68000000    2.54967990
   12.70500000    2.55397914
   12.73000000    2.55926934
   12.75500000    2.56361989
   12.78000000    2.56444810
   12.80500000    2.56091060
   12.83000000    2.55547324
   12.85500000    2.55102147
   12.88000000    2.54843088
   12.90500000    2.54695840
   12.93000000    2.54525028
   12.95500000    2.54332364
   12.98000000    2.54215225
   13.00500000    2.54153214
   13.03000000    2.54191197
   13.05500000    2.54556710
   13.08000000    2.55368285
   13.10500000    2.56499902
   13.13000000    2.57719029
   13.15500000    2.58978897
   13.18000000    2.60551271
   13.20500000    2.62554299
   13.23000000    2.64770630
   13.25500000    2.66806912
   13.28000000    2.68371290
   13.30500000    2.69466742
   13.33000000    2.70290976
   13.35500000    2.71107129
   13.38000000    2.72124620
   13.40500000    2.73282829
   13.43000000    2.74361389
   13.45500000    2.75198686
   13.48000000    2.75906758
   13.50500000    2.76750758
   13.53000000    2.77843587
   13.55500000    2.79157404
   13.58000000    2.80670834
   13.60500000    2.82177835
   13.63000000    2.83405008
   13.65500000    2.84364738
   13.68000000    2.85240964
   13.70500000    2.86090579
   13.73000000    2.86785912
   13.75500000    2.87219552
   13.78000000    2.87488257
   13.80500000    2.87939322
   13.83000000    2.88918231
   13.85500000    2.90436137
   13.88000000    2.92286652
   13.90500000    2.94162188
   13.93000000    2.95778424
   13.95500000    2.97047644
   13.98000000    2.98007904
   14.00500000    2.98894793
   14.03000000    2.99934074
   14.05500000    3.01067996
   14.08000000    3.02210016
   14.10500000    3.03298203
   14.13000000    3.04190885
   14.15500000    3.04706845
   14.18000000    3.04728474
   14.20500000    3.04411570
   14.23000000    3.03974630
   14.25500000    3.03821495
   14.28000000    3.04347833
   14.30500000    3.05639805
   14.33000000    3.07420702
   14.35500000    3.09256524
   14.38000000    3.10769594
   14.40500000    3.11838553
   14.43000000    3.12517120
   14.45500000    3.12823998
   14.48000000    3.12681276
   14.50500000    3.12267194
   14.53000000    3.11871291
   14.55500000    3.11546531
   14.58000000    3.11243227
   14.60500000    3.11001561
   14.63000000    3.10758760
   14.65500000    3.10492887
   14.68000000    3.10400263
   14.70500000    3.10761758
   14.73000000    3.11553308
   14.75500000    3.12599048
   14.78000000    3.13693790
   14.80500000    3.14532311
   14.83000000    3.14925074
   14.85500000    3.14869123
   14.88000000    3.14396598
   14.90500000    3.13671881
   14.93000000    3.12914219
   14.95500000    3.12203501
   14.98000000    3.11526134
   15.00500000    3.11043233
   15.03000000    3.11004686
   15.05500000    3.11531154
   15.08000000    3.12496061
   15.10500000    3.13668205
   15.13000000    3.15077954
   15.15500000    3.16943654
   15.18000000    3.19320077
   15.20500000    3.21855139
   15.23000000    3.23986989
   15.25500000    3.25494370
   15.28000000    3.26437790
   15.30500000    3.26824814
   15.33000000    3.26660949
   15.35500000    3.25975995
   15.38000000    3.24946394
   15.40500000    3.23774664
   15.43000000    3.22471452
   15.45500000    3.20977866
   15.48000000    3.19447043
   15.50500000    3.18171346
   15.53000000    3.17539957
   15.55500000    3.17687702
   15.58000000    3.18300369
   15.60500000    3.18932538
   15.63000000    3.19333114
   15.65500000    3.19703489
   15.68000000    3.20372721
   15.70500000    3.21323361
   15.73000000    3.22419775
   15.75500000    3.23607146
   15.78000000    3.24739898
   15.80500000    3.25589567
   15.83000000    3.26059031
   15.85500000    3.26301622
   15.88000000    3.26634501
   15.90500000    3.27255590
   15.93000000    3.28045682
   15.95500000    3.28690102
   15.98000000    3.28912101
   16.00500000    3.28482163
   16.03000000    3.27521251
   16.05500000    3.26555921
   16.08000000    3.25905981
   16.10500000    3.25767041
   16.13000000    3.26078936
   16.15500000    3.26844155
   16.18000000    3.28320612
   16.20500000    3.30708800
   16.23000000    3.33280731
   16.25500000    3.35388466
   16.28000000    3.36690612
   16.30500000    3.37135504
   16.33000000    3.36995881
   16.35500000    3.36648956
   16.38000000    3.36244381
   16.40500000    3.35932160
   16.43000000    3.35817434
   16.45500000    3.35962355
   16.48000000    3.36279756
   16.50500000    3.36576228
   16.53000000    3.36709838
   16.55500000    3.36543058
   16.58000000    3.35903320
   16.60500000    3.34929918
   16.63000000    3.34181164
   16.65500000    3.34012039
   16.68000000    3.34365912
   16.70500000    3.35061129
   16.73000000    3.35805588
   16.75500000    3.36464295
   16.78000000    3.36999139
   16.80500000    3.37308016
   16.83000000    3.37434397
   16.85500000    3.37552766
   16.88000000    3.37601308
   16.90500000    3.37309134
   16.93000000    3.36535445
   16.95500000    3.35450696
   16.98000000    3.34359586
   17.00500000    3.33560427
   17.03000000    3.33317898
   17.05500000    3.33647461
   17.08000000    3.34207958
   17.10500000    3.34563148
   17.13000000    3.34439468
   17.15500000    3.33956504
   17.18000000    3.33487388
   17.20500000    3.33224690
   17.23000000    3.32928062
   17.25500000    3.32545737
   17.28000000    3.32270270
   17.30500000    3.32171390
   17.33000000    3.32173031
   17.35500000    3.32074278
   17.38000000    3.31574405
   17.40500000    3.30780225
   17.43000000    3.30122092
   17.45500000    3.29841124
   17.48000000    3.29998041
   17.50500000    3.30712183
   17.53000000    3.32087110
   17.55500000    3.34058616
   17.58000000    3.36333133
   17.60500000    3.38563157
   17.63000000    3.40603635
   17.65500000    3.42451939
   17.68000000    3.44027573
   17.70500000    3.45405027
   17.73000000    3.46743055
   17.75500000    3.48141731
   17.78000000    3.49655671
   17.80500000    3.51374451
   17.83000000    3.53228186
   17.85500000    3.55211445
   17.88000000    3.57345565
   17.90500000    3.59443827
   17.93000000    3.61246825
   17.95500000    3.62524226
   17.98000000    3.63229008
   18.00500000    3.63558350
   18.03000000    3.63678389
   18.05500000    3.63571391
   18.08000000    3.63494857
   18.10500000    3.63947529
   18.13000000    3.64980637
   18.15500000    3.66031339
   18.18000000    3.66567198
   18.20500000    3.66633924
   18.23000000    3.66595699
   18.25500000    3.66774642
   18.28000000    3.67152728
   18.30500000    3.67472588
   18.33000000    3.67535509
   18.35500000    3.67414154
   18.38000000    3.67221695
   18.40500000    3.67085727
   18.43000000    3.67202686
   18.45500000    3.67697646
   18.48000000    3.68385371
   18.50500000    3.68737423
   18.53000000    3.68505667
   18.55500000    3.67799059
   18.58000000    3.66741862
   18.60500000    3.65526704
   18.63000000    3.64230724
   18.65500000    3.63085246
   18.68000000    3.62441526
   18.70500000    3.62272907
   18.73000000    3.62546742
   18.75500000    3.63315485
   18.78000000    3.64329994
   18.80500000    3.65341101
   18.83000000    3.65792245
   18.85500000    3.65234169
   18.88000000    3.64294825
   18.90500000    3.63638872
   18.93000000    3.63438951
   18.95500000    3.63707382
   18.98000000    3.64386599
   19.00500000    3.65285922
   19.03000000    3.66194317
   19.05500000    3.66866542
   19.08000000    3.67135991
   19.10500000    3.67223430
   19.13000000    3.67470794
   19.15500000    3.67824477
   19.18000000    3.68060243
   19.20500000    3.68110894
   19.23000000    3.68190446
   19.25500000    3.68673805
   19.28000000    3.69574784
   19.30500000    3.70604574
   19.33000000    3.71555633
   19.35500000    3.72294794
   19.38000000    3.72620960
   19.40500000    3.72613222
   19.43000000    3.72586036
   19.45500000    3.72721356
   19.48000000    3.73042755
   19.50500000    3.73185267
   19.53000000    3.72946997
   19.55500000    3.72840921
   19.58000000    3.73220692
   19.60500000    3.74089434
   19.63000000    3.75132917
   19.65500000    3.76073236
   19.68000000    3.76820137
   19.70500000    3.77640666
   19.73000000    3.78838443
   19.75500000    3.80437121
   19.78000000    3.82261893
   19.80500000    3.84002817
   19.83000000    3.85532894
   19.85500000    3.86754888
   19.88000000    3.87651421
   19.90500000    3.88397306
   19.93000000    3.89192112
   19.95500000    3.90082453
   19.98000000    3.91122661
   20.00500000    3.92290845
   20.03000000    3.93452468
   20.05500000    3.94394423
   20.08000000    3.95120696
   20.10500000    3.95821756
   20.13000000    3.96578589
   20.15500000    3.97385222
   20.18000000    3.98258890
   20.20500000    3.99306647
   20.23000000    4.00709105
   20.25500000    4.02453415
   20.28000000    4.04417515
   20.30500000    4.06634222
   20.33000000    4.08964252
   20.35500000    4.11047357
   20.38000000    4.12711746
   20.40500000    4.14097809
   20.43000000    4.15381607
   20.45500000    4.16696030
   20.48000000    4.17958862
   20.50500000    4.18956283
   20.53000000    4.19620591
   20.55500000    4.20192525
   20.58000000    4.20928813
   20.60500000    4.21997741
   20.63000000    4.23609846
   20.65500000    4.25637346
   20.68000000    4.27628626
   20.70500000    4.29118628
   20.73000000    4.29953418
   20.75500000    4.30525814
   20.78000000    4.31026815
   20.80500000    4.31442597
   20.83000000    4.31786582
   20.85500000    4.31925754
   20.88000000    4.31712581
   20.90500000    4.31248874
   20.93000000    4.30792098
   20.95500000    4.30579577
   20.98000000    4.30740180
   21.00500000    4.31304967
   21.03000000    4.32117929
   21.05500000    4.32918873
   21.08000000    4.33688088
   21.10500000    4.34489632
   21.13000000    4.35257762
   21.15500000    4.35969016
   21.18000000    4.36611685
   21.20500000    4.37065307
   21.23000000    4.37169543
   21.25500000    4.36938682
   21.28000000    4.36668935
   21.30500000    4.36431511
   21.33000000    4.36071877
   21.35500000    4.35731653
   21.38000000    4.35742991
   21.40500000    4.36376237
   21.43000000    4.37687300
   21.45500000    4.39486327
   21.48000000    4.41312543
   21.50500000    4.42655888
   21.53000000    4.43446702
   21.55500000    4.44076093
   21.58000000    4.44669931
   21.60500000    4.45104764
   21.63000000    4.45197021
   21.65500000    4.45003680
   21.68000000    4.44850126
   21.70500000    4.45007604
   21.73000000    4.45675099
   21.75500000    4.46789924
   21.78000000    4.48020390
   21.80500000    4.49177322
   21.83000000    4.50254421
   21.85500000    4.51048669
   21.88000000    4.51381943
   21.90500000    4.51511674
   21.93000000    4.52197245
   21.95500000    4.53780787
   21.98000000    4.55976210
   22.00500000    4.58569161
   22.03000000    4.61441746
   22.05500000    4.64203735
   22.08000000    4.66638534
   22.10500000    4.68660332
   22.13000000    4.70089976
   22.15500000    4.71171253
   22.18000000    4.72068251
   22.20500000    4.72750793
   22.23000000    4.73247768
   22.25500000    4.73655286
   22.28000000    4.74046564
   22.30500000    4.74606408
   22.33000000    4.75349255
   22.35500000    4.76069735
   22.38000000    4.76676305
   22.40500000    4.77169561
   22.43000000    4.77551638
   22.45500000    4.77897139
   22.48000000    4.78162142
   22.50500000    4.78352031
   22.53000000    4.78802548
   22.55500000    4.79834566
   22.58000000    4.81315274
   22.60500000    4.82858425
   22.63000000    4.84243611
   22.65500000    4.85333565
   22.68000000    4.85991593
   22.70500000    4.86156067
   22.73000000    4.85886891
   22.75500000    4.85225977
   22.78000000    4.84065409
   22.80500000    4.82537016
   22.83000000    4.81080771
   22.85500000    4.80052105
   22.88000000    4.79353887
   22.90500000    4.78502132
   22.93000000    4.77470581
   22.95500000    4.76457595
   22.98000000    4.75810800
   23.00500000    4.75950914
   23.03000000    4.76757258
   23.05500000    4.78006730
   23.08000000    4.79467371
   23.10500000    4.80804619
   23.13000000    4.81726571
   23.15500000    4.81983284
   23.18000000    4.81691146
   23.20500000    4.81266504
   23.23000000    4.81061237
   23.25500000    4.81396948
   23.28000000    4.82297637
   23.30500000    4.83412732
   23.33000000    4.84551526
   23.35500000    4.85858246
   23.38000000    4.87662120
   23.40500000    4.89874184
   23.43000000    4.92004510
   23.45500000    4.93309907
   23.48000000    4.93284517
   23.50500000    4.92487587
   23.53000000    4.91696473
   23.55500000    4.91238272
   23.58000000    4.91088311
   23.60500000    4.90896676
   23.63000000    4.90515988
   23.65500000    4.90041375
   23.68000000    4.89602540
   23.70500000    4.89373994
   23.73000000    4.89494357
   23.75500000    4.89860249
   23.78000000    4.90088643
   23.80500000    4.89946330
   23.83000000    4.89717639
   23.85500000    4.89728865
   23.88000000    4.90080683
   23.90500000    4.90638573
   23.93000000    4.91101773
   23.95500000    4.91113011
   23.98000000    4.90613495
   24.00500000    4.89997693
   24.03000000    4.89893533
   24.05500000    4.90440511
   24.08000000    4.90843512
   24.10500000    4.90437854
   24.13000000    4.89444702
   24.15500000    4.88285200
   24.18000000    4.87426236
   24.20500000    4.87537118
   24.23000000    4.88546963
   24.25500000    4.89764988
   24.28000000    4.90674922
   24.30500000    4.91008758
   24.33000000    4.90618180
   24.35500000    4.89552538
   24.38000000    4.88203036
   24.40500000    4.87058342
   24.43000000    4.86347480
   24.45500000    4.85989882
   24.48000000    4.85840921
   24.50500000    4.85751740
   24.53000000    4.85399579
   24.55500000    4.84635341
   24.58000000    4.83586137
   24.60500000    4.82657447
   24.63000000    4.82253885
   24.65500000    4.82682639
   24.68000000    4.83897295
   24.70500000    4.85526893
   24.73000000    4.87105656
   24.75500000    4.88074653
   24.78000000    4.88245856
   24.80500000    4.87952080
   24.83000000    4.87598237
   24.85500000    4.87431103
   24.88000000    4.87506876
   24.90500000    4.87998698
   24.93000000    4.88987523
   24.95500000    4.90249444
   24.98000000    4.91588538
   25.00500000    4.92608221
   25.03000000    4.93073313
   25.05500000    4.93058125
   25.08000000    4.92741394
   25.10500000    4.92585039
   25.13000000    4.93052510
   25.15500000    4.94268885
   25.18000000    4.95852538
   25.20500000    4.97349830
   25.23000000    4.98549512
   25.25500000    4.99478348
   25.28000000    5.00214027
   25.30500000    5.00780678
   25.33000000    5.01187943
   25.35500000    5.01494031
   25.38000000    5.01544543
   25.40500000    5.01145437
   25.43000000    5.00698221
   25.45500000    5.00856745
   25.48000000    5.02087968
   25.50500000    5.04256161
   25.53000000    5.06581967
   25.55500000    5.08476555
   25.58000000    5.09791659
   25.60500000    5.10542657
   25.63000000    5.10769914
   25.65500000    5.10458811
   25.68000000    5.09574559
   25.70500000    5.08338679
   25.73000000    5.07254377
   25.75500000    5.06714919
   25.78000000    5.06787518
   25.80500000    5.07298801
   25.83000000    5.07899545
   25.85500000    5.08308116
   25.88000000    5.08413843
   25.90500000    5.08264413
   25.93000000    5.07880998
   25.95500000    5.07386621
   25.98000000    5.07030229
   26.00500000    5.07022715
   26.03000000    5.07628796
   26.05500000    5.08884937
   26.08000000    5.10257481
   26.10500000    5.11110909
   26.13000000    5.11175478
   26.15500000    5.10613946
   26.18000000    5.09789661
   26.20500000    5.08996372
   26.23000000    5.08481952
   26.25500000    5.08591024
   26.28000000    5.09412059
   26.30500000    5.10729956
   26.33000000    5.12509281
   26.35500000    5.14727551
   26.38000000    5.17061054
   26.40500000    5.18939350
   26.43000000    5.19955208
   26.45500000    5.20456883
   26.48000000    5.21051806
   26.50500000    5.21613271
   26.53000000    5.21976625
   26.55500000    5.22341932
   26.58000000    5.23046426
   26.60500000    5.24358862
   26.63000000    5.26267566
   26.65500000    5.28425871
   26.68000000    5.30514602
   26.70500000    5.32278922
   26.73000000    5.33530469
   26.75500000    5.34272950
   26.78000000    5.34703456
   26.80500000    5.35045615
   26.83000000    5.35413228
   26.85500000    5.36135495
   26.88000000    5.37617985
   26.90500000    5.39695782
   26.93000000    5.41824362
   26.95500000    5.43497803
   26.98000000    5.44466074
   27.00500000    5.44746223
   27.03000000    5.44541104
   27.05500000    5.44436436
   27.08000000    5.44973347
   27.10500000    5.46204105
   27.13000000    5.47818285
   27.15500000    5.49710155
   27.18000000    5.51840272
   27.20500000    5.54008945
   27.23000000    5.55984880
   27.25500000    5.57751458
   27.28000000    5.59536133
   27.30500000    5.61332234
   27.33000000    5.62654423
   27.35500000    5.63375445
   27.38000000    5.64149857
   27.40500000    5.65318992
   27.43000000    5.67045108
   27.45500000    5.69466725
   27.48000000    5.72317416
   27.50500000    5.75037547
   27.53000000    5.77399696
   27.55500000    5.79569302
   27.58000000    5.81508149
   27.60500000    5.82810271
   27.63000000    5.82938620
   27.65500000    5.81882238
   27.68000000    5.80380062
   27.70500000    5.79065986
   27.73000000    5.78177685
   27.75500000    5.77708539
   27.78000000    5.77377066
   27.80500000    5.76662910
   27.83000000    5.75505087
   27.85500000    5.74511166
   27.88000000    5.74324556
   27.90500000    5.75091289
   27.93000000    5.76566709
   27.95500000    5.78334254
   27.98000000    5.79844148
   28.00500000    5.80736865
   28.03000000    5.80977230
   28.05500000    5.80607601
   28.08000000    5.79639083
   28.10500000    5.78227997
   28.13000000    5.76761982
   28.15500000    5.75567504
   28.18000000    5.74961264
   28.20500000    5.75092960
   28.23000000    5.75759560
   28.25500000    5.76754701
   28.28000000    5.77885466
   28.30500000    5.79182705
   28.33000000    5.80631725
   28.35500000    5.81874670
   28.38000000    5.82792311
   28.40500000    5.83353434
   28.43000000    5.83321779
   28.45500000    5.83122411
   28.48000000    5.83146591
   28.50500000    5.83420266
   28.53000000    5.83956384
   28.55500000    5.84869280
   28.58000000    5.86022307
   28.60500000    5.87189177
   28.63000000    5.88641610
   28.65500000    5.90518468
   28.68000000    5.92936738
   28.70500000    5.96003429
   28.73000000    5.99263580
   28.75500000    6.01783101
   28.78000000    6.02972089
   28.80500000    6.02979481
   28.83000000    6.02180778
   28.85500000    6.00868446
   28.88000000    5.99377913
   28.90500000    5.97733647
   28.93000000    5.96116162
   28.95500000    5.94944631
   28.98000000    5.94363622
   29.00500000    5.94170473
   29.03000000    5.94248815
   29.05500000    5.94527087
   29.08000000    5.94897566
   29.10500000    5.95209651
   29.13000000    5.95356841
   29.15500000    5.95457606
   29.18000000    5.95749421
   29.20500000    5.96425792
   29.23000000    5.97419377
   29.25500000    5.98495761
   29.28000000    5.99367998
   29.30500000    5.99772460
   29.33000000    5.99766204
   29.35500000    5.99643132
   29.38000000    5.99567222
   29.40500000    5.99544155
   29.43000000    5.99649655
   29.45500000    6.00019874
   29.48000000    6.00696603
   29.50500000    6.01630375
   29.53000000    6.02411654
   29.55500000    6.02605529
   29.58000000    6.02221927
   29.60500000    6.01685588
   29.63000000    6.01408571
   29.65500000    6.01470563
   29.68000000    6.01819203
   29.70500000    6.02201522
   29.73000000    6.02448860
   29.75500000    6.02677443
   29.78000000    6.03180574
   29.80500000    6.03956914
   29.83000000    6.04866313
   29.85500000    6.06014741
   29.88000000    6.07418873
   29.90500000    6.08930729
   29.93000000    6.10490244
   29.95500000    6.11969662
   29.98000000    6.13003392
   30.00500000    6.13278067
   30.03000000    6.12771234
   30.05500000    6.11572886
   30.08000000    6.09950275
   30.10500000    6.08324378
   30.13000000    6.06931404
   30.15500000    6.06064380
   30.18000000    6.06035245
   30.20500000    6.06658414
   30.23000000    6.07354626
   30.25500000    6.07819577
   30.28000000    6.07973773
   30.30500000    6.07837448
   30.33000000    6.07864751
   30.35500000    6.08279544
   30.38000000    6.08768681
   30.40500000    6.08987157
   30.43000000    6.08960373
   30.45500000    6.09220507
   30.48000000    6.10222297
   30.50500000    6.11985625
   30.53000000    6.14168983
   30.55500000    6.16199114
   30.58000000    6.17798251
   30.60500000    6.19287461
   30.63000000    6.21089117
   30.65500000    6.23239332
   30.68000000    6.25226834
   30.70500000    6.26530566
   30.73000000    6.26892906
   30.75500000    6.26414837
   30.78000000    6.25562919
   30.80500000    6.24817544
   30.83000000    6.24377642
   30.85500000    6.24381025
   30.88000000    6.24850477
   30.90500000    6.25687616
   30.93000000    6.26863550
   30.95500000    6.28423305
   30.98000000    6.30533061
   31.00500000    6.33048908
   31.03000000    6.35420415
   31.05500000    6.37137905
   31.08000000    6.37908998
   31.10500000    6.37624469
   31.13000000    6.36666719
   31.15500000    6.35538241
   31.18000000    6.34929234
   31.20500000    6.35808859
   31.23000000    6.38347502
   31.25500000    6.41850173
   31.28000000    6.45212641
   31.30500000    6.47750558
   31.33000000    6.49438028
   31.35500000    6.50545949
   31.38000000    6.51367378
   31.40500000    6.52083226
   31.43000000    6.52648601
   31.45500000    6.53297997
   31.48000000    6.54216357
   31.50500000    6.55129047
   31.53000000    6.55724448
   31.55500000    6.55931464
   31.58000000    6.55831486
   31.60500000    6.55743608
   31.63000000    6.56008755
   31.65500000    6.56467766
   31.68000000    6.57044801
   31.70500000    6.57861592
   31.73000000    6.58820634
   31.75500000    6.59873765
   31.78000000    6.60746525
   31.80500000    6.60819242
   31.83000000    6.60212893
   31.85500000    6.59717901
   31.88000000    6.59783520
   31.90500000    6.60749183
   31.93000000    6.62293618
   31.95500000    6.63549074
   31.98000000    6.64098616
   32.00500000    6.63738756
   32.03000000    6.62719673
   32.05500000    6.61445199
   32.08000000    6.60348510
   32.10500000    6.59886355
   32.13000000    6.60196555
   32.15500000    6.60875603
   32.18000000    6.61380818
   32.20500000    6.61414838
   32.23000000    6.61079668
   32.25500000    6.60572158
   32.28000000    6.60226911
   32.30500000    6.60294317
   32.33000000    6.60757636
   32.35500000    6.61543797
   32.38000000    6.62366513
   32.40500000    6.62934078
   32.43000000    6.63239018
   32.45500000    6.63318104
   32.48000000    6.63346409
   32.50500000    6.63708326
   32.53000000    6.64887648
   32.55500000    6.66774931
   32.58000000    6.68622827
   32.60500000    6.70079896
   32.63000000    6.71134438
   32.65500000    6.71802033
   32.68000000    6.72125814
   32.70500000    6.72193212
   32.73000000    6.72175566
   32.75500000    6.72030446
   32.78000000    6.71658134
   32.80500000    6.71200997
   32.83000000    6.70682144
   32.85500000    6.70302359
   32.88000000    6.70358827
   32.90500000    6.71068908
   32.93000000    6.72375160
   32.95500000    6.73849184
   32.98000000    6.74953057
   33.00500000    6.75517249
   33.03000000    6.75682424
   33.05500000    6.75605910
   33.08000000    6.75325699
   33.10500000    6.74904524
   33.13000000    6.74326435
   33.15500000    6.73564665
   33.18000000    6.72667112
   33.20500000    6.71715066
   33.23000000    6.70598855
   33.25500000    6.69501482
   33.28000000    6.69051422
   33.30500000    6.69650512
   33.33000000    6.71142745
   33.35500000    6.72982195
   33.38000000    6.74827288
   33.40500000    6.76529468
   33.43000000    6.77908646
   33.45500000    6.78909013
   33.48000000    6.79656117
   33.50500000    6.80282320
   33.53000000    6.81002583
   33.55500000    6.81984989
   33.58000000    6.83107352
   33.60500000    6.84024114
   33.63000000    6.84477597
   33.65500000    6.84350692
   33.68000000    6.83833755
   33.70500000    6.83083079
   33.73000000    6.82038406
   33.75500000    6.80666489
   33.78000000    6.79371685
   33.80500000    6.78594692
   33.83000000    6.78118496
   33.85500000    6.77519413
   33.88000000    6.76528555
   33.90500000    6.75141147
   33.93000000    6.73622088
   33.95500000    6.72497048
   33.98000000    6.72154781
   34.00500000    6.72457380
   34.03000000    6.73213850
   34.05500000    6.74370784
   34.08000000    6.75873850
   34.10500000    6.77482493
   34.13000000    6.79047886
   34.15500000    6.80612235
   34.18000000    6.82361379
   34.20500000    6.84361935
   34.23000000    6.86641697
   34.25500000    6.89199076
   34.28000000    6.91757900
   34.30500000    6.93856746
   34.33000000    6.95266371
   34.35500000    6.96174486
   34.38000000    6.96783137
   34.40500000    6.97347506
   34.43000000    6.98473106
   34.45500000    7.00588111
   34.48000000    7.03227054
   34.50500000    7.05597660
   34.53000000    7.07344262
   34.55500000    7.08393735
   34.58000000    7.08835977
   34.60500000    7.08889306
   34.63000000    7.09055677
   34.65500000    7.09973161
   34.68000000    7.11708215
   34.70500000    7.13694411
   34.73000000    7.15459606
   34.75500000    7.16843046
   34.78000000    7.17802583
   34.80500000    7.18293363
   34.83000000    7.18558935
   34.85500000    7.19180842
   34.88000000    7.20482220
   34.90500000    7.22393777
   34.93000000    7.24787066
   34.95500000    7.27505557
   34.98000000    7.30147839
   35.00500000    7.32271724
   35.03000000    7.33642410
   35.05500000    7.34417806
   35.08000000    7.35072034
   35.10500000    7.35900146
   35.13000000    7.36922109
   35.15500000    7.38062452
   35.18000000    7.39368938
   35.20500000    7.40693790
   35.23000000    7.41643751
   35.25500000    7.42037233
   35.28000000    7.42145643
   35.30500000    7.42255958
   35.33000000    7.42480571
   35.35500000    7.43023533
   35.38000000    7.43988702
   35.40500000    7.45402898
   35.43000000    7.47351426
   35.45500000    7.49543021
   35.48000000    7.51631181
   35.50500000    7.53440039
   35.53000000    7.54635883
   35.55500000    7.55342841
   35.58000000    7.56426514
   35.60500000    7.58426851
   35.63000000    7.61197622
   35.65500000    7.64415450
   35.68000000    7.67631359
   35.70500000    7.70239596
   35.73000000    7.71956551
   35.75500000    7.73040300
   35.78000000    7.74076453
   35.80500000    7.75586784
   35.83000000    7.77389500
   35.85500000    7.79022846
   35.88000000    7.80378035
   35.90500000    7.81708253
   35.93000000    7.83303755
   35.95500000    7.85320340
   35.98000000    7.87699353
   36.00500000    7.90169852
   36.03000000    7.92178058
   36.05500000    7.92938426
   36.08000000    7.92475471
   36.10500000    7.91398935
   36.13000000    7.90081923
   36.15500000    7.88528756
   36.18000000    7.86785134
   36.20500000    7.85162861
   36.23000000    7.84170118
   36.25500000    7.84117336
   36.28000000    7.85060512
   36.30500000    7.87088221
   36.33000000    7.90018296
   36.35500000    7.93001516
   36.38000000    7.95557553
   36.40500000    7.97870338
   36.43000000    7.99878672
   36.45500000    8.01006139
   36.48000000    8.01170369
   36.50500000    8.01331482
   36.53000000    8.02153907
   36.55500000    8.03572627
   36.58000000    8.05364940
   36.60500000    8.07302070
   36.63000000    8.09228812
   36.65500000    8.11227247
   36.68000000    8.13360350
   36.70500000    8.15657795
   36.73000000    8.18056357
   36.75500000    8.20007942
   36.78000000    8.20971393
   36.80500000    8.20918297
   36.83000000    8.20251426
   36.85500000    8.19394715
   36.88000000    8.18808055
   36.90500000    8.19109234
   36.93000000    8.20470215
   36.95500000    8.22459880
   36.98000000    8.24621979
   37.00500000    8.26801674
   37.03000000    8.29034583
   37.05500000    8.31373721
   37.08000000    8.33678947
   37.10500000    8.35800934
   37.13000000    8.37697061
   37.15500000    8.39219098
   37.18000000    8.40264543
   37.20500000    8.41016928
   37.23000000    8.41759618
   37.25500000    8.42382685
   37.28000000    8.42746708
   37.30500000    8.42727608
   37.33000000    8.42237436
   37.35500000    8.41466138
   37.38000000    8.40929301
   37.40500000    8.40944527
   37.43000000    8.41680271
   37.45500000    8.43025997
   37.48000000    8.44749567
   37.50500000    8.46826392
   37.53000000    8.49123209
   37.55500000    8.51472491
   37.58000000    8.53842359
   37.60500000    8.55764188
   37.63000000    8.56761678
   37.65500000    8.56951104
   37.68000000    8.56585757
   37.70500000    8.55650530
   37.73000000    8.54253607
   37.75500000    8.52992256
   37.78000000    8.51927564
   37.80500000    8.50902536
   37.83000000    8.49774407
   37.85500000    8.48486582
   37.88000000    8.47611876
   37.90500000    8.47659918
   37.93000000    8.48415212
   37.95500000    8.49444434
   37.98000000    8.50809012
   38.00500000    8.52728615
   38.03000000    8.54997803
   38.05500000    8.57230809
   38.08000000    8.59165556
   38.10500000    8.60709631
   38.13000000    8.61679014
   38.15500000    8.61841841
   38.18000000    8.61285590
   38.20500000    8.60431368
   38.23000000    8.60010011
   38.25500000    8.60569960
   38.28000000    8.61907258
   38.30500000    8.63670786
   38.33000000    8.65680871
   38.35500000    8.67573917
   38.38000000    8.69118673
   38.40500000    8.70179241
   38.43000000    8.70531875
   38.45500000    8.70269334
   38.48000000    8.70090414
   38.50500000    8.70150786
   38.53000000    8.70133632
   38.55500000    8.70062047
   38.58000000    8.70203615
   38.60500000    8.70933029
   38.63000000    8.72558465
   38.65500000    8.75070779
   38.68000000    8.78025731
   38.70500000    8.80740526
   38.73000000    8.82520667
   38.75500000    8.83059761
   38.78000000    8.82625578
   38.80500000    8.81678762
   38.83000000    8.80909982
   38.85500000    8.80657430
   38.88000000    8.80425641
   38.90500000    8.80100807
   38.93000000    8.80219522
   38.95500000    8.81096904
   38.98000000    8.82422670
   39.00500000    8.83963568
   39.03000000    8.85552012
   39.05500000    8.86896889
   39.08000000    8.87733266
   39.10500000    8.87937534
   39.13000000    8.87641490
   39.15500000    8.87102572
   39.18000000    8.86697384
   39.20500000    8.86716154
   39.23000000    8.87014783
   39.25500000    8.87075462
   39.28000000    8.86741615
   39.30500000    8.86387756
   39.33000000    8.86317313
   39.35500000    8.86608157
   39.38000000    8.87428918
   39.40500000    8.88829708
   39.43000000    8.90638237
   39.45500000    8.92666217
   39.48000000    8.94813120
   39.50500000    8.96917202
   39.53000000    8.98619662
   39.55500000    8.99807549
   39.58000000    9.00669192
   39.60500000    9.01472911
   39.63000000    9.02406652
   39.65500000    9.03603940
   39.68000000    9.05271599
   39.70500000    9.07159476
   39.73000000    9.08941645
   39.75500000    9.10679215
   39.78000000    9.12476789
   39.80500000    9.14385947
   39.83000000    9.16363362
   39.85500000    9.18358453
   39.88000000    9.20321490
   39.90500000    9.22179369
   39.93000000    9.23631765
   39.95500000    9.24344630
   39.98000000    9.24651418
   40.00500000    9.25160162
   40.03000000    9.26082152
   40.05500000    9.27418028
   40.08000000    9.29162758
   40.10500000    9.31122222
   40.13000000    9.32800749
   40.15500000    9.33879257
   40.18000000    9.34261963
   40.20500000    9.33906513
   40.23000000    9.33064948
   40.25500000    9.32412901
   40.28000000    9.32710101
   40.30500000    9.34324355
   40.33000000    9.36970539
   40.35500000    9.40073630
   40.38000000    9.42992411
   40.40500000    9.45086328
   40.43000000    9.46109624
   40.45500000    9.46274610
   40.48000000    9.45790255
   40.50500000    9.44929938
   40.53000000    9.44341931
   40.55500000    9.44657086
   40.58000000    9.45806156
   40.60500000    9.47142560
   40.63000000    9.48393786
   40.65500000    9.49397536
   40.68000000    9.49899338
   40.70500000    9.49878295
   40.73000000    9.49625198
   40.75500000    9.49454719
   40.78000000    9.49374628
   40.80500000    9.49361646
   40.83000000    9.49513292
   40.85500000    9.49917739
   40.88000000    9.50584075
   40.90500000    9.51642851
   40.93000000    9.53127329
   40.95500000    9.54875574
   40.98000000    9.56723602
   41.00500000    9.58701086
   41.03000000    9.60759734
   41.05500000    9.62644022
   41.08000000    9.64308159
   41.10500000    9.65708971
   41.13000000    9.67008356
   41.15500000    9.68299010
   41.18000000    9.69613118
   41.20500000    9.70910160
   41.23000000    9.71836386
   41.25500000    9.72205700
   41.28000000    9.72028151
   41.30500000    9.71696761
   41.33000000    9.71393573
   41.35500000    9.71320449
   41.38000000    9.71649323
   41.40500000    9.72254747
   41.43000000    9.72705157
   41.45500000    9.72696164
   41.48000000    9.72325567
   41.50500000    9.71800728
   41.53000000    9.71348314
   41.55500000    9.71092807
   41.58000000    9.70732770
   41.60500000    9.70136481
   41.63000000    9.69633578
   41.65500000    9.69403690
   41.68000000    9.69327458
   41.70500000    9.69179915
   41.73000000    9.68942964
   41.75500000    9.68642299
   41.78000000    9.68329090
   41.80500000    9.68143780
   41.83000000    9.68261507
   41.85500000    9.68828696
   41.88000000    9.70026913
   41.90500000    9.71766964
   41.93000000    9.73549193
   41.95500000    9.74960200
   41.98000000    9.75895966
   42.00500000    9.76500545
   42.03000000    9.77088708
   42.05500000    9.77739923
   42.08000000    9.78476442
   42.10500000    9.79566821
   42.13000000    9.81168276
   42.15500000    9.83025969
   42.18000000    9.84833729
   42.20500000    9.86467164
   42.23000000    9.87964321
   42.25500000    9.89441623
   42.28000000    9.90919024
   42.30500000    9.92307494
   42.33000000    9.93641546
   42.35500000    9.94862174
   42.38000000    9.95537229
   42.40500000    9.95454017
   42.43000000    9.94928477
   42.45500000    9.94286828
   42.48000000    9.93596896
   42.50500000    9.92882288
   42.53000000    9.92569420
   42.55500000    9.93087507
   42.58000000    9.94167160
   42.60500000    9.95361156
   42.63000000    9.96536711
   42.65500000    9.97932374
   42.68000000    9.99623257
   42.70500000   10.01355341
   42.73000000   10.02682597
   42.75500000   10.03236679
   42.78000000   10.03001507
   42.80500000   10.02176565
   42.83000000   10.00994386
   42.85500000    9.99861598
   42.88000000    9.99292065
   42.90500000    9.99181889
   42.93000000    9.99111616
   42.95500000    9.99147938
   42.98000000    9.99212691
   43.00500000    9.98984644
   43.03000000    9.98839938
   43.05500000    9.99020527
   43.08000000    9.99377277
   43.10500000    9.99834388
   43.13000000   10.00460475
   43.15500000   10.01581808
   43.18000000   10.03331897
   43.20500000   10.05308937
   43.23000000   10.07090004
   43.25500000   10.08365568
   43.28000000   10.08770407
   43.30500000   10.08355797
   43.33000000   10.07432884
   43.35500000   10.06128159
   43.38000000   10.04412562
   43.40500000   10.02434699
   43.43000000   10.00526842
   43.45500000    9.99158391
   43.48000000    9.98379142
   43.50500000    9.97734572
   43.53000000    9.96854387
   43.55500000    9.95888430
   43.58000000    9.95423746
   43.60500000    9.95858700
   43.63000000    9.96797435
   43.65500000    9.97985281
   43.68000000    9.99567162
   43.70500000   10.01101154
   43.73000000   10.02129444
   43.75500000   10.02598545
   43.78000000   10.02981307
   43.80500000   10.03592345
   43.83000000   10.04247626
   43.85500000   10.04667289
   43.88000000   10.04921148
   43.90500000   10.05146911
   43.93000000   10.05095636
   43.95500000   10.04187589
   43.98000000   10.02469150
   44.00500000   10.00365463
   44.03000000    9.98124685
   44.05500000    9.96118895
   44.08000000    9.94489653
   44.10500000    9.92949912
   44.13000000    9.91134345
   44.15500000    9.88878141
   44.18000000    9.86330902
   44.20500000    9.83828883
   44.23000000    9.81556722
   44.25500000    9.79717624
   44.28000000    9.78799124
   44.30500000    9.79136578
   44.33000000    9.80718338
   44.35500000    9.83356907
   44.38000000    9.86367522
   44.40500000    9.88960749
   44.43000000    9.90916373
   44.45500000    9.92733666
   44.48000000    9.95008757
   44.50500000    9.97588056
   44.53000000    9.99577484
   44.55500000   10.00229464
   44.58000000    9.99451383
   44.60500000    9.97714891
   44.63000000    9.95658239
   44.65500000    9.93993552
   44.68000000    9.93631672
   44.70500000    9.95046054
   44.73000000    9.97798232
   44.75500000   10.01116062
   44.78000000   10.04068953
   44.80500000   10.05780701
   44.83000000   10.05692741
   44.85500000   10.03782618
   44.88000000   10.00231424
   44.90500000    9.95550256
   44.93000000    9.90655887
   44.95500000    9.86307606
   44.98000000    9.83052502
   45.00500000    9.80841833
   45.03000000    9.79685020
   45.05500000    9.79658205
   45.08000000    9.80614158
   45.10500000    9.82147752
   45.13000000    9.84114173
   45.15500000    9.86386585
   45.18000000    9.88564785
   45.20500000    9.90519435
   45.23000000    9.92390481
   45.25500000    9.94054425
   45.28000000    9.95496160
   45.30500000    9.96785615
   45.33000000    9.97872581
   45.35500000    9.98910708
   45.38000000   10.00160140
   45.40500000   10.01880701
   45.43000000   10.04049477
   45.45500000   10.06211138
   45.48000000   10.08298507
   45.50500000   10.10323164
   45.53000000   10.11789004
   45.55500000   10.12162472
   45.58000000   10.11442573
   45.60500000   10.09935374
   45.63000000   10.07962733
   45.65500000   10.06085336
   45.68000000   10.05134191
   45.70500000   10.05542525
   45.73000000   10.06955818
   45.75500000   10.08674591
   45.78000000   10.10064759
   45.80500000   10.10714721
   45.83000000   10.10741824
   45.85500000   10.10629307
   45.88000000   10.10862322
   45.90500000   10.11479933
   45.93000000   10.11955108
   45.95500000   10.11918154
   45.98000000   10.11416476
   46.00500000   10.10732213
   46.03000000   10.10552324
   46.05500000   10.11523035
   46.08000000   10.13653951
   46.10500000   10.16269477
   46.13000000   10.18669838
   46.15500000   10.20409695
   46.18000000   10.21396551
   46.20500000   10.21841971
   46.23000000   10.21836157
   46.25500000   10.21517104
   46.28000000   10.20774120
   46.30500000   10.19450401
   46.33000000   10.17909802
   46.35500000   10.16725077
   46.38000000   10.16276438
   46.40500000   10.17243204
   46.43000000   10.19923644
   46.45500000   10.23572898
   46.48000000   10.27200182
   46.50500000   10.30499399
   46.53000000   10.33643593
   46.55500000   10.36416752
   46.58000000   10.38172639
   46.60500000   10.38858228
   46.63000000   10.38494265
   46.65500000   10.37264907
   46.68000000   10.35683239
   46.70500000   10.33739786
   46.73000000   10.31601747
   46.75500000   10.29804904
   46.78000000   10.28925663
   46.80500000   10.29072646
   46.83000000   10.29796927
   46.85500000   10.30458025
   46.88000000   10.30943314
   46.90500000   10.31426148
   46.93000000   10.31622982
   46.95500000   10.31730791
   46.98000000   10.31747600
   47.00500000   10.31688083
   47.03000000   10.31951361
   47.05500000   10.32985749
   47.08000000   10.34863382
   47.10500000   10.36838628
   47.13000000   10.38767474
   47.15500000   10.40920468
   47.18000000   10.43363763
   47.20500000   10.46169629
   47.23000000   10.49041061
   47.25500000   10.51260427
   47.28000000   10.52635083
   47.30500000   10.53237765
   47.33000000   10.53057191
   47.35500000   10.52355567
   47.38000000   10.51834467
   47.40500000   10.52163026
   47.43000000   10.53703237
   47.45500000   10.56101957
   47.48000000   10.58484956
   47.50500000   10.60299562
   47.53000000   10.61245720
   47.55500000   10.61262285
   47.58000000   10.60729496
   47.60500000   10.60189684
   47.63000000   10.59810154
   47.65500000   10.59594685
   47.68000000   10.59582721
   47.70500000   10.59873904
   47.73000000   10.60452166
   47.75500000   10.61192927
   47.78000000   10.62115255
   47.80500000   10.63258054
   47.83000000   10.64400284
   47.85500000   10.65243023
   47.88000000   10.65749421
   47.90500000   10.66216317
   47.93000000   10.66730454
   47.95500000   10.67075384
   47.98000000   10.67093764
   48.00500000   10.66925673
   48.03000000   10.66939723
   48.05500000   10.67408411
   48.08000000   10.67776563
   48.10500000   10.67753404
   48.13000000   10.67819876
   48.15500000   10.68159136
   48.18000000   10.68617054
   48.20500000   10.68840995
   48.23000000   10.68475196
   48.25500000   10.67339976
   48.28000000   10.65701677
   48.30500000   10.64107936
   48.33000000   10.62951241
   48.35500000   10.62197338
   48.38000000   10.61760839
   48.40500000   10.61405280
   48.43000000   10.60853639
   48.45500000   10.60229458
   48.48000000   10.59746523
   48.50500000   10.59254830
   48.53000000   10.58852615
   48.55500000   10.58808713
   48.58000000   10.58796420
   48.60500000   10.58788081
   48.63000000   10.59493532
   48.65500000   10.61293843
   48.68000000   10.63816073
   48.70500000   10.66150115
   48.73000000   10.67607307
   48.75500000   10.68175461
   48.78000000   10.68080317
   48.80500000   10.67606094
   48.83000000   10.67067686
   48.85500000   10.66739701
   48.88000000   10.66688904
   48.90500000   10.66732983
   48.93000000   10.66788192
   48.95500000   10.66866659
   48.98000000   10.67007682
   49.00500000   10.66921621
   49.03000000   10.66255199
   49.05500000   10.65255423
   49.08000000   10.64169329
   49.10500000   10.62777081
   49.13000000   10.61399515
   49.15500000   10.60377291
   49.18000000   10.60058029
   49.20500000   10.60652489
   49.23000000   10.61806665
   49.25500000   10.62658378
   49.28000000   10.62729070
   49.30500000   10.62097829
   49.33000000   10.61183977
   49.35500000   10.60630718
   49.38000000   10.60595912
   49.40500000   10.60862438
   49.43000000   10.61253416
   49.45500000   10.61443402
   49.48000000   10.61101872
   49.50500000   10.60380843
   49.53000000   10.59763490
   49.55500000   10.59472227
   49.58000000   10.59791068
   49.60500000   10.60726001
   49.63000000   10.61894891
   49.65500000   10.62823307
   49.68000000   10.63327358
   49.70500000   10.63577183
   49.73000000   10.63990162
   49.75500000   10.64757315
   49.78000000   10.65370975
   49.80500000   10.65315310
   49.83000000   10.64643340
   49.85500000   10.63183859
   49.88000000   10.61074410
   49.90500000   10.59290907
   49.93000000   10.58726914
   49.95500000   10.59163177
   49.98000000   10.59767778
