    0.00500000    0.00006537
    0.03000000    0.00230335
    0.05500000    0.00732893
    0.08000000    0.01412061
    0.10500000    0.02153879
    0.13000000    0.02879740
    0.15500000    0.03616956
    0.18000000    0.04333064
    0.20500000    0.04930217
    0.23000000    0.05424132
    0.25500000    0.05877846
    0.28000000    0.06312130
    0.30500000    0.06739779
    0.33000000    0.07199597
    0.35500000    0.07737831
    0.38000000    0.08362798
    0.40500000    0.09041510
    0.43000000    0.09748761
    0.45500000    0.10473987
    0.48000000    0.11166058
    0.50500000    0.11791430
    0.53000000    0.12332880
    0.55500000    0.12801107
    0.58000000    0.13270272
    0.60500000    0.13798876
    0.63000000    0.14381702
    0.65500000    0.15014036
    0.68000000    0.15720523
    0.70500000    0.16489357
    0.73000000    0.17279026
    0.75500000    0.18040320
    0.78000000    0.18748302
    0.80500000    0.19455009
    0.83000000    0.20162394
    0.85500000    0.20746353
    0.88000000    0.21198200
    0.90500000    0.21641809
    0.93000000    0.22112237
    0.95500000    0.22610416
    0.98000000    0.23125134
    1.00500000    0.23634983
    1.03000000    0.24177635
    1.05500000    0.24775989
    1.08000000    0.25402850
    1.10500000    0.26126166
    1.13000000    0.26975722
    1.15500000    0.27902310
    1.18000000    0.28830741
    1.20500000    0.29711402
    1.23000000    0.30534459
    1.25500000    0.31309406
    1.28000000    0.31985491
    1.30500000    0.32484792
    1.33000000    0.32816953
    1.35500000    0.33040943
    1.38000000    0.33176693
    1.40500000    0.33259779
    1.43000000    0.33386472
    1.45500000    0.33667185
    1.48000000    0.34084040
    1.50500000    0.34517684
    1.53000000    0.34992050
    1.55500000    0.35553422
    1.58000000    0.36072188
    1.60500000    0.36369533
    1.63000000    0.36556795
    1.65500000    0.36794404
    1.68000000    0.37138111
    1.70500000    0.37590413
    1.73000000    0.38101296
    1.75500000    0.38605240
    1.78000000    0.39089291
    1.80500000    0.39511547
    1.83000000    0.39871576
    1.85500000    0.40248825
    1.88000000    0.40642017
    1.90500000    0.41049154
    1.93000000    0.41480400
    1.95500000    0.41932836
    1.98000000    0.42435361
    2.00500000    0.42984484
    2.03000000    0.43496332
    2.05500000    0.43916250
    2.08000000    0.44285397
    2.10500000    0.44658735
    2.13000000    0.45072967
    2.15500000    0.45557883
    2.18000000    0.46074070
    2.20500000    0.46641638
    2.23000000    0.47300067
    2.25500000    0.48033364
    2.28000000    0.48767814
    2.30500000    0.49406989
    2.33000000    0.49899562
    2.35500000    0.50157574
    2.38000000    0.50182512
    2.40500000    0.50094557
    2.43000000    0.50007694
    2.45500000    0.49990021
    2.48000000    0.50044380
    2.50500000    0.50184561
    2.53000000    0.50402354
    2.55500000    0.50630598
    2.58000000    0.50808524
    2.60500000    0.50922719
    2.63000000    0.51043477
    2.65500000    0.51284066
    2.68000000    0.51693401
    2.70500000    0.52216668
    2.73000000    0.52819612
    2.75500000    0.53532423
    2.78000000    0.54408358
    2.80500000    0.55353310
    2.83000000    0.56180898
    2.85500000    0.56790079
    2.88000000    0.57242818
    2.90500000    0.57680459
    2.93000000    0.58164151
    2.95500000    0.58769253
    2.98000000    0.59583730
    3.00500000    0.60588607
    3.03000000    0.61558751
    3.05500000    0.62436259
    3.08000000    0.63370885
    3.10500000    0.64390395
    3.13000000    0.65386199
    3.15500000    0.66215674
    3.18000000    0.66856112
    3.20500000    0.67413102
    3.23000000    0.67929572
    3.25500000    0.68427574
    3.28000000    0.68853180
    3.30500000    0.69084792
    3.33000000    0.69105816
    3.35500000    0.69024861
    3.38000000    0.68949060
    3.40500000    0.68963822
    3.43000000    0.69158549
    3.45500000    0.69519136
    3.48000000    0.69920687
    3.50500000    0.70237738
    3.53000000    0.70427562
    3.55500000    0.70474828
    3.58000000    0.70399248
    3.60500000    0.70317594
    3.63000000    0.70351592
    3.65500000    0.70560705
    3.68000000    0.71008480
    3.70500000    0.71669562
    3.73000000    0.72478011
    3.75500000    0.73362362
    3.78000000    0.74215822
    3.80500000    0.75079468
    3.83000000    0.75953563
    3.85500000    0.76813583
    3.88000000    0.77625435
    3.90500000    0.78361473
    3.93000000    0.79127985
    3.95500000    0.79944420
    3.98000000    0.80725743
    4.00500000    0.81452320
    4.03000000    0.82161300
    4.05500000    0.82974373
    4.08000000    0.83894546
    4.10500000    0.84849899
    4.13000000    0.85858127
    4.15500000    0.86868414
    4.18000000    0.87754974
    4.20500000    0.88465612
    4.23000000    0.89142808
    4.25500000    0.89958265
    4.28000000    0.90880289
    4.30500000    0.91800191
    4.33000000    0.92612855
    4.35500000    0.93204604
    4.38000000    0.93602729
    4.40500000    0.93905857
    4.43000000    0.94206335
    4.45500000    0.94553605
    4.48000000    0.94860225
    4.50500000    0.95048313
    4.53000000    0.95101200
    4.55500000    0.95081984
    4.58000000    0.95161425
    4.60500000    0.95409971
    4.63000000    0.95762983
    4.65500000    0.96075339
    4.68000000    0.96252484
    4.70500000    0.96377058
    4.73000000    0.96685880
    4.75500000    0.97318915
    4.78000000    0.98267241
    4.80500000    0.99477666
    4.83000000    1.00862180
    4.85500000    1.02279587
    4.88000000    1.03612298
    4.90500000    1.04971497
    4.93000000    1.06435996
    4.95500000    1.07934452
    4.98000000    1.09305128
    5.00500000    1.10444543
    5.03000000    1.11307376
    5.05500000    1.11946270
    5.08000000    1.12477638
    5.10500000    1.12935462
    5.13000000    1.13401253
    5.15500000    1.14000213
    5.18000000    1.14742756
    5.20500000    1.15455371
    5.23000000    1.15881271
    5.25500000    1.15853513
    5.28000000    1.15502306
    5.30500000    1.15077073
    5.33000000    1.14792473
    5.35500000    1.14777763
    5.38000000    1.15060609
    5.40500000    1.15553989
    5.43000000    1.16121862
    5.45500000    1.16697305
    5.48000000    1.17380681
    5.50500000    1.18118228
    5.53000000    1.18801413
    5.55500000    1.19365953
    5.58000000    1.19737585
    5.60500000    1.19753139
    5.63000000    1.19411855
    5.65500000    1.18965380
    5.68000000    1.18653643
    5.70500000    1.18667980
    5.73000000    1.18968719
    5.75500000    1.19225868
    5.78000000    1.19283764
    5.80500000    1.19234007
    5.83000000    1.19085952
    5.85500000    1.18877859
    5.88000000    1.18674665
    5.90500000    1.18523055
    5.93000000    1.18610210
    5.95500000    1.19058002
    5.98000000    1.19820054
    6.00500000    1.20755064
    6.03000000    1.21751685
    6.05500000    1.22734531
    6.08000000    1.23528760
    6.10500000    1.24101251
    6.13000000    1.24514536
    6.15500000    1.24813596
    6.18000000    1.25202166
    6.20500000    1.25707567
    6.23000000    1.26082628
    6.25500000    1.26165598
    6.28000000    1.26067231
    6.30500000    1.25889500
    6.33000000    1.25811911
    6.35500000    1.26061184
    6.38000000    1.26658962
    6.40500000    1.27412345
    6.43000000    1.28127519
    6.45500000    1.28783835
    6.48000000    1.29379572
    6.50500000    1.29903757
    6.53000000    1.30391610
    6.55500000    1.30917790
    6.58000000    1.31532900
    6.60500000    1.32153237
    6.63000000    1.32626547
    6.65500000    1.32871239
    6.68000000    1.32960094
    6.70500000    1.32969853
    6.73000000    1.33050406
    6.75500000    1.33283119
    6.78000000    1.33629391
    6.80500000    1.33982666
    6.83000000    1.34255451
    6.85500000    1.34441918
    6.88000000    1.34558620
    6.90500000    1.34522840
    6.93000000    1.34218928
    6.95500000    1.33623524
    6.98000000    1.33052982
    7.00500000    1.32861484
    7.03000000    1.33046951
    7.05500000    1.33419765
    7.08000000    1.33932833
    7.10500000    1.34658062
    7.13000000    1.35600526
    7.15500000    1.36636735
    7.18000000    1.37538733
    7.20500000    1.38041665
    7.23000000    1.38068907
    7.25500000    1.37778657
    7.28000000    1.37434578
    7.30500000    1.37349419
    7.33000000    1.37696732
    7.35500000    1.38438614
    7.38000000    1.39409246
    7.40500000    1.40357234
    7.43000000    1.41168542
    7.45500000    1.41928778
    7.48000000    1.42690091
    7.50500000    1.43390069
    7.53000000    1.43914899
    7.55500000    1.44306632
    7.58000000    1.44812298
    7.60500000    1.45615834
    7.63000000    1.46660492
    7.65500000    1.47819257
    7.68000000    1.48993259
    7.70500000    1.50183247
    7.73000000    1.51518037
    7.75500000    1.53086379
    7.78000000    1.54876193
    7.80500000    1.56682822
    7.83000000    1.58122450
    7.85500000    1.58985205
    7.88000000    1.59400156
    7.90500000    1.59591522
    7.93000000    1.59614978
    7.95500000    1.59582148
    7.98000000    1.59775963
    8.00500000    1.60431207
    8.03000000    1.61590374
    8.05500000    1.63194184
    8.08000000    1.65079545
    8.10500000    1.67120260
    8.13000000    1.69180923
    8.15500000    1.71127625
    8.18000000    1.72833002
    8.20500000    1.74141310
    8.23000000    1.74859218
    8.25500000    1.74977344
    8.28000000    1.74781722
    8.30500000    1.74506678
    8.33000000    1.74234401
    8.35500000    1.73762940
    8.38000000    1.73048462
    8.40500000    1.72355461
    8.43000000    1.71921763
    8.45500000    1.71902966
    8.48000000    1.72304890
    8.50500000    1.73031510
    8.53000000    1.73981842
    8.55500000    1.75013855
    8.58000000    1.76137831
    8.60500000    1.77456580
    8.63000000    1.78922656
    8.65500000    1.80488053
    8.68000000    1.82041256
    8.70500000    1.83454549
    8.73000000    1.84881449
    8.75500000    1.86387573
    8.78000000    1.87822460
    8.80500000    1.88999690
    8.83000000    1.90003471
    8.85500000    1.91025318
    8.88000000    1.91997141
    8.90500000    1.92638295
    8.93000000    1.92692910
    8.95500000    1.92425862
    8.98000000    1.92320941
    9.00500000    1.92669400
    9.03000000    1.93621087
    9.05500000    1.95048100
    9.08000000    1.96553424
    9.10500000    1.97852154
    9.13000000    1.98948749
    9.15500000    2.00069437
    9.18000000    2.01396561
    9.20500000    2.02819411
    9.23000000    2.04093327
    9.25500000    2.05129361
    9.28000000    2.05979990
    9.30500000    2.06807608
    9.33000000    2.07692376
    9.35500000    2.08551150
    9.38000000    2.09325793
    9.40500000    2.10187638
    9.43000000    2.11329127
    9.45500000    2.12670705
    9.48000000    2.13901059
    9.50500000    2.14886379
    9.53000000    2.15801548
    9.55500000    2.16801157
    9.58000000    2.17891601
    9.60500000    2.18977687
    9.63000000    2.20115213
    9.65500000    2.21459827
    9.68000000    2.23047687
    9.70500000    2.24673856
    9.73000000    2.26055258
    9.75500000    2.27075150
    9.78000000    2.27735428
    9.80500000    2.28214936
    9.83000000    2.28805685
    9.85500000    2.29668603
    9.88000000    2.30851859
    9.90500000    2.32368670
    9.93000000    2.34097199
    9.95500000    2.35843271
    9.98000000    2.37707744
   10.00500000    2.39721255
   10.03000000    2.41809080
   10.05500000    2.43858105
   10.08000000    2.45913716
   10.10500000    2.47993817
   10.13000000    2.49845907
   10.15500000    2.51384130
   10.18000000    2.52630848
   10.20500000    2.53608960
   10.23000000    2.54320512
   10.25500000    2.54633866
   10.28000000    2.54541655
   10.30500000    2.54321414
   10.33000000    2.54158726
   10.35500000    2.53986535
   10.38000000    2.53756817
   10.40500000    2.53513406
   10.43000000    2.53251345
   10.45500000    2.52857661
   10.48000000    2.52411370
   10.50500000    2.52098383
   10.53000000    2.52003768
   10.55500000    2.52265776
   10.58000000    2.53023984
   10.60500000    2.54275033
   10.63000000    2.55725307
   10.65500000    2.57109605
   10.68000000    2.58403751
   10.70500000    2.59725348
   10.73000000    2.61176515
   10.75500000    2.62711932
   10.78000000    2.64266614
   10.80500000    2.65810852
   10.83000000    2.67303787
   10.85500000    2.68686152
   10.88000000    2.69975256
   10.90500000    2.71278558
   10.93000000    2.72645597
   10.95500000    2.74165836
   10.98000000    2.75859842
   11.00500000    2.77667604
   11.03000000    2.79334535
   11.05500000    2.80536583
   11.08000000    2.81013072
   11.10500000    2.80546542
   11.13000000    2.79179045
   11.15500000    2.77481706
   11.18000000    2.76033062
   11.20500000    2.75218948
   11.23000000    2.75159434
   11.25500000    2.75626622
   11.28000000    2.76201738
   11.30500000    2.76784251
   11.33000000    2.77475459
   11.35500000    2.78134726
   11.38000000    2.78690206
   11.40500000    2.79334887
   11.43000000    2.80330414
   11.45500000    2.81848033
   11.48000000    2.83683208
   11.50500000    2.85358463
   11.53000000    2.86767350
   11.55500000    2.88041379
   11.58000000    2.89402167
   11.60500000    2.90932480
   11.63000000    2.92556139
   11.65500000    2.94298190
   11.68000000    2.96075349
   11.70500000    2.97802113
   11.73000000    2.99479991
   11.75500000    3.01040488
   11.78000000    3.02430256
   11.80500000    3.03561689
   11.83000000    3.04215685
   11.85500000    3.04432679
   11.88000000    3.04568591
   11.90500000    3.04871597
   11.93000000    3.05649380
   11.95500000    3.06763044
   11.98000000    3.07686304
   12.00500000    3.08244843
   12.03000000    3.08765178
   12.05500000    3.09644131
   12.08000000    3.10868950
   12.10500000    3.12369873
   12.13000000    3.14078638
   12.15500000    3.15861550
   12.18000000    3.17634152
   12.20500000    3.19296947
   12.23000000    3.20727261
   12.25500000    3.21788799
   12.28000000    3.22321117
   12.30500000    3.22384136
   12.33000000    3.22088603
   12.35500000    3.21576953
   12.38000000    3.20990065
   12.40500000    3.20462336
   12.43000000    3.20347143
   12.45500000    3.20853799
   12.48000000    3.21808352
   12.50500000    3.23000427
   12.53000000    3.24374055
   12.55500000    3.25716561
   12.58000000    3.26845319
   12.60500000    3.27936356
   12.63000000    3.29310870
   12.65500000    3.31144966
   12.68000000    3.33259644
   12.70500000    3.35391129
   12.73000000    3.37203636
   12.75500000    3.38598260
   12.78000000    3.39897567
   12.80500000    3.41227038
   12.83000000    3.42411847
   12.85500000    3.43366852
   12.88000000    3.44256457
   12.90500000    3.45213994
   12.93000000    3.46121268
   12.95500000    3.46897818
   12.98000000    3.47527408
   13.00500000    3.48040722
   13.03000000    3.48660239
   13.05500000    3.49553207
   13.08000000    3.50774333
   13.10500000    3.52280587
   13.13000000    3.53718202
   13.15500000    3.54767585
   13.18000000    3.55476503
   13.20500000    3.55884389
   13.23000000    3.55998272
   13.25500000    3.55872533
   13.28000000    3.55624252
   13.30500000    3.55367190
   13.33000000    3.55151507
   13.35500000    3.55024494
   13.38000000    3.54850120
   13.40500000    3.54429346
   13.43000000    3.53859777
   13.45500000    3.53177581
   13.48000000    3.52346604
   13.50500000    3.51521022
   13.53000000    3.50713930
   13.55500000    3.49859512
   13.58000000    3.49137786
   13.60500000    3.48637809
   13.63000000    3.48172703
   13.65500000    3.47777881
   13.68000000    3.47659162
   13.70500000    3.47802635
   13.73000000    3.48286725
   13.75500000    3.49202210
   13.78000000    3.50455694
   13.80500000    3.51831537
   13.83000000    3.53086350
   13.85500000    3.54177154
   13.88000000    3.55352873
   13.90500000    3.56724131
   13.93000000    3.57910109
   13.95500000    3.58543326
   13.98000000    3.58730977
   14.00500000    3.58830121
   14.03000000    3.59265709
   14.05500000    3.60229751
   14.08000000    3.61594447
   14.10500000    3.63279292
   14.13000000    3.65176792
   14.15500000    3.66955719
   14.18000000    3.68348911
   14.20500000    3.69351695
   14.23000000    3.70191372
   14.25500000    3.71311735
   14.28000000    3.73058307
   14.30500000    3.75406178
   14.33000000    3.78159692
   14.35500000    3.81116042
   14.38000000    3.83857293
   14.40500000    3.86046262
   14.43000000    3.87667945
   14.45500000    3.88923052
   14.48000000    3.90038265
   14.50500000    3.91263429
   14.53000000    3.92759632
   14.55500000    3.94495147
   14.58000000    3.96284219
   14.60500000    3.97980122
   14.63000000    3.99405228
   14.65500000    4.00490854
   14.68000000    4.01361087
   14.70500000    4.02205736
   14.73000000    4.03052951
   14.75500000    4.03739849
   14.78000000    4.04322516
   14.80500000    4.05043849
   14.83000000    4.05978574
   14.85500000    4.06995034
   14.88000000    4.08108214
   14.90500000    4.09371629
   14.93000000    4.10765188
   14.95500000    4.12248672
   14.98000000    4.13858633
   15.00500000    4.15355174
   15.03000000    4.16418939
   15.05500000    4.17215716
   15.08000000    4.18090215
   15.10500000    4.19146155
   15.13000000    4.20241517
   15.15500000    4.21199839
   15.18000000    4.21990659
   15.20500000    4.22729489
   15.23000000    4.23476587
   15.25500000    4.24186756
   15.28000000    4.24864852
   15.30500000    4.25615392
   15.33000000    4.26339670
   15.35500000    4.26772543
   15.38000000    4.26727836
   15.40500000    4.26333585
   15.43000000    4.25758701
   15.45500000    4.25130519
   15.48000000    4.24566382
   15.50500000    4.24331619
   15.53000000    4.24449879
   15.55500000    4.24555919
   15.58000000    4.24571578
   15.60500000    4.24838887
   15.63000000    4.25560706
   15.65500000    4.26603017
   15.68000000    4.27636416
   15.70500000    4.28413223
   15.73000000    4.29060917
   15.75500000    4.29806905
   15.78000000    4.30607623
   15.80500000    4.31475443
   15.83000000    4.32555627
   15.85500000    4.33814207
   15.88000000    4.35059480
   15.90500000    4.36114661
   15.93000000    4.36874651
   15.95500000    4.37388791
   15.98000000    4.37689432
   16.00500000    4.37579566
   16.03000000    4.36859468
   16.05500000    4.35812190
   16.08000000    4.34679582
   16.10500000    4.33711175
   16.13000000    4.33019355
   16.15500000    4.32499306
   16.18000000    4.32056237
   16.20500000    4.31702369
   16.23000000    4.31487777
   16.25500000    4.31393225
   16.28000000    4.31374995
   16.30500000    4.31533974
   16.33000000    4.31973981
   16.35500000    4.32701204
   16.38000000    4.33566702
   16.40500000    4.34199368
   16.43000000    4.34351601
   16.45500000    4.34264712
   16.48000000    4.34550235
   16.50500000    4.35596090
   16.53000000    4.37164313
   16.55500000    4.38858530
   16.58000000    4.40102022
   16.60500000    4.40603705
   16.63000000    4.40556857
   16.65500000    4.40410667
   16.68000000    4.40605715
   16.70500000    4.41259306
   16.73000000    4.42189633
   16.75500000    4.43301223
   16.78000000    4.44848023
   16.80500000    4.46959428
   16.83000000    4.49594626
   16.85500000    4.52483704
   16.88000000    4.55326936
   16.90500000    4.57929072
   16.93000000    4.60193110
   16.95500000    4.61929456
   16.98000000    4.62835770
   17.00500000    4.62756302
   17.03000000    4.61781477
   17.05500000    4.60125879
   17.08000000    4.58130753
   17.10500000    4.56182125
   17.13000000    4.54438713
   17.15500000    4.53106422
   17.18000000    4.52447849
   17.20500000    4.52451733
   17.23000000    4.52975997
   17.25500000    4.53977871
   17.28000000    4.55488454
   17.30500000    4.57505936
   17.33000000    4.59707656
   17.35500000    4.61491256
   17.38000000    4.62685251
   17.40500000    4.63624673
   17.43000000    4.64438857
   17.45500000    4.65083928
   17.48000000    4.65740127
   17.50500000    4.66468303
   17.53000000    4.67235424
   17.55500000    4.68009735
   17.58000000    4.68731580
   17.60500000    4.69474115
   17.63000000    4.70481786
   17.65500000    4.72011875
   17.68000000    4.74164469
   17.70500000    4.76833362
   17.73000000    4.79680389
   17.75500000    4.82324933
   17.78000000    4.84602452
   17.80500000    4.86634235
   17.83000000    4.88305351
   17.85500000    4.89425138
   17.88000000    4.90448080
   17.90500000    4.91861947
   17.93000000    4.93649607
   17.95500000    4.95351470
   17.98000000    4.96462188
   18.00500000    4.97031237
   18.03000000    4.97339060
   18.05500000    4.97518127
   18.08000000    4.97681826
   18.10500000    4.97893679
   18.13000000    4.98051520
   18.15500000    4.98057049
   18.18000000    4.97908531
   18.20500000    4.97585828
   18.23000000    4.96944285
   18.25500000    4.96012559
   18.28000000    4.95140388
   18.30500000    4.94608827
   18.33000000    4.94339739
   18.35500000    4.94280407
   18.38000000    4.94746235
   18.40500000    4.95617167
   18.43000000    4.96371123
   18.45500000    4.96860502
   18.48000000    4.97249412
   18.50500000    4.97636028
   18.53000000    4.98009605
   18.55500000    4.98424772
   18.58000000    4.98981988
   18.60500000    4.99658643
   18.63000000    5.00304887
   18.65500000    5.00712001
   18.68000000    5.00899380
   18.70500000    5.01090317
   18.73000000    5.01455067
   18.75500000    5.01758831
   18.78000000    5.01696672
   18.80500000    5.01155586
   18.83000000    5.00001212
   18.85500000    4.98529204
   18.88000000    4.97321525
   18.90500000    4.96579645
   18.93000000    4.96297375
   18.95500000    4.96533424
   18.98000000    4.97411668
   19.00500000    4.98845798
   19.03000000    5.00485151
   19.05500000    5.01920606
   19.08000000    5.02962406
   19.10500000    5.03967511
   19.13000000    5.05232812
   19.15500000    5.06544736
   19.18000000    5.07515810
   19.20500000    5.07914313
   19.23000000    5.07927988
   19.25500000    5.07897940
   19.28000000    5.07943943
   19.30500000    5.07867710
   19.33000000    5.07633045
   19.35500000    5.07360388
   19.38000000    5.06949069
   19.40500000    5.06363885
   19.43000000    5.05776447
   19.45500000    5.05459777
   19.48000000    5.05493431
   19.50500000    5.05540299
   19.53000000    5.04939979
   19.55500000    5.03534216
   19.58000000    5.01787913
   19.60500000    5.00154035
   19.63000000    4.98750250
   19.65500000    4.97499407
   19.68000000    4.96336406
   19.70500000    4.95133552
   19.73000000    4.94069144
   19.75500000    4.93435202
   19.78000000    4.93163533
   19.80500000    4.92987883
   19.83000000    4.92952435
   19.85500000    4.93325456
   19.88000000    4.94097321
   19.90500000    4.95041675
   19.93000000    4.96173485
   19.95500000    4.97569758
   19.98000000    4.98958123
   20.00500000    5.00267817
   20.03000000    5.01572461
   20.05500000    5.02643392
   20.08000000    5.03498471
   20.10500000    5.04178637
   20.13000000    5.04621250
   20.15500000    5.04715662
   20.18000000    5.04492710
   20.20500000    5.04319021
   20.23000000    5.04593124
   20.25500000    5.05325593
   20.28000000    5.06318087
   20.30500000    5.07503819
   20.33000000    5.08852662
   20.35500000    5.10123154
   20.38000000    5.11519802
   20.40500000    5.13370009
   20.43000000    5.15624565
   20.45500000    5.18037423
   20.48000000    5.20371377
   20.50500000    5.22542307
   20.53000000    5.24489312
   20.55500000    5.26039245
   20.58000000    5.27036731
   20.60500000    5.27436272
   20.63000000    5.27362596
   20.65500000    5.26952866
   20.68000000    5.26341646
   20.70500000    5.25611083
   20.73000000    5.24779374
   20.75500000    5.23970750
   20.78000000    5.23120004
   20.80500000    5.22134342
   20.83000000    5.21089559
   20.85500000    5.19878984
   20.88000000    5.18420507
   20.90500000    5.16890259
   20.93000000    5.15745223
   20.95500000    5.15515648
   20.98000000    5.16275604
   21.00500000    5.17591528
   21.03000000    5.19083939
   21.05500000    5.20979903
   21.08000000    5.23361612
   21.10500000    5.25818662
   21.13000000    5.27988983
   21.15500000    5.29787558
   21.18000000    5.31159692
   21.20500000    5.32063569
   21.23000000    5.32686218
   21.25500000    5.33345934
   21.28000000    5.34087328
   21.30500000    5.34883661
   21.33000000    5.36060022
   21.35500000    5.37760189
   21.38000000    5.39809187
   21.40500000    5.41865909
   21.43000000    5.43465165
   21.45500000    5.44191638
   21.48000000    5.44019055
   21.50500000    5.43407055
   21.53000000    5.42835608
   21.55500000    5.42544809
   21.58000000    5.42432780
   21.60500000    5.42355179
   21.63000000    5.42506819
   21.65500000    5.43198131
   21.68000000    5.44419421
   21.70500000    5.46082157
   21.73000000    5.48050260
   21.75500000    5.50102218
   21.78000000    5.52157747
   21.80500000    5.54098011
   21.83000000    5.55608822
   21.85500000    5.56646842
   21.88000000    5.57419251
   21.90500000    5.57985285
   21.93000000    5.58157736
   21.95500000    5.57850347
   21.98000000    5.57063552
   22.00500000    5.55809598
   22.03000000    5.54341343
   22.05500000    5.53233309
   22.08000000    5.52767581
   22.10500000    5.52933063
   22.13000000    5.53600245
   22.15500000    5.54542094
   22.18000000    5.55404520
   22.20500000    5.55914963
   22.23000000    5.56231905
   22.25500000    5.56503014
   22.28000000    5.56571678
   22.30500000    5.56241382
   22.33000000    5.55586925
   22.35500000    5.54937416
   22.38000000    5.54440608
   22.40500000    5.53838141
   22.43000000    5.52659765
   22.45500000    5.50713726
   22.48000000    5.48446576
   22.50500000    5.46465545
   22.53000000    5.45099688
   22.55500000    5.44452447
   22.58000000    5.44654688
   22.60500000    5.45850793
   22.63000000    5.48077898
   22.65500000    5.50916793
   22.68000000    5.53763525
   22.70500000    5.56558608
   22.73000000    5.59250564
   22.75500000    5.61468639
   22.78000000    5.62848358
   22.80500000    5.63628890
   22.83000000    5.64404629
   22.85500000    5.65205074
   22.88000000    5.65812396
   22.90500000    5.66220166
   22.93000000    5.66465207
   22.95500000    5.66610939
   22.98000000    5.66845765
   23.00500000    5.67230986
   23.03000000    5.67659495
   23.05500000    5.68271818
   23.08000000    5.69272980
   23.10500000    5.70636719
   23.13000000    5.72074114
   23.15500000    5.73213514
   23.18000000    5.73542032
   23.20500000    5.72777500
   23.23000000    5.71493366
   23.25500000    5.70737966
   23.28000000    5.70876744
   23.30500000    5.71507932
   23.33000000    5.72252429
   23.35500000    5.72956031
   23.38000000    5.73353769
   23.40500000    5.73168035
   23.43000000    5.72559539
   23.45500000    5.71944468
   23.48000000    5.71444797
   23.50500000    5.70952884
   23.53000000    5.70569819
   23.55500000    5.70627599
   23.58000000    5.71353491
   23.60500000    5.72657273
   23.63000000    5.74247452
   23.65500000    5.75884207
   23.68000000    5.77256915
   23.70500000    5.78118062
   23.73000000    5.78423878
   23.75500000    5.78148637
   23.78000000    5.77462495
   23.80500000    5.76734751
   23.83000000    5.76341697
   23.85500000    5.76509418
   23.88000000    5.77293758
   23.90500000    5.78338363
   23.93000000    5.78850874
   23.95500000    5.78424780
   23.98000000    5.77537529
   24.00500000    5.76906721
   24.03000000    5.76840233
   24.05500000    5.77380858
   24.08000000    5.78354382
   24.10500000    5.79514793
   24.13000000    5.80858977
   24.15500000    5.82476212
   24.18000000    5.84329025
   24.20500000    5.86215534
   24.23000000    5.87971405
   24.25500000    5.89521069
   24.28000000    5.90850443
   24.30500000    5.92075244
   24.33000000    5.92880488
   24.35500000    5.93045112
   24.38000000    5.92808667
   24.40500000    5.92657619
   24.43000000    5.92688400
   24.45500000    5.92551963
   24.48000000    5.92267822
   24.50500000    5.92419408
   24.53000000    5.93112775
   24.55500000    5.93829635
   24.58000000    5.94044469
   24.60500000    5.93779960
   24.63000000    5.93534030
   24.65500000    5.93451328
   24.68000000    5.93688676
   24.70500000    5.94379929
   24.73000000    5.95411573
   24.75500000    5.96463813
   24.78000000    5.97010890
   24.80500000    5.96891135
   24.83000000    5.96163060
   24.85500000    5.95125356
   24.88000000    5.94121334
   24.90500000    5.93249748
   24.93000000    5.92391057
   24.95500000    5.91436120
   24.98000000    5.90473395
   25.00500000    5.89805031
   25.03000000    5.89732821
   25.05500000    5.90328155
   25.08000000    5.91288730
   25.10500000    5.92188030
   25.13000000    5.92661748
   25.15500000    5.92939252
   25.18000000    5.93438494
   25.20500000    5.94377664
   25.23000000    5.95867144
   25.25500000    5.97780732
   25.28000000    5.99908601
   25.30500000    6.01924087
   25.33000000    6.03463331
   25.35500000    6.04302505
   25.38000000    6.04437686
   25.40500000    6.04010538
   25.43000000    6.03169733
   25.45500000    6.02048606
   25.48000000    6.01128129
   25.50500000    6.01024539
   25.53000000    6.01611492
   25.55500000    6.02307319
   25.58000000    6.02657925
   25.60500000    6.02437734
   25.63000000    6.01856219
   25.65500000    6.01278441
   25.68000000    6.01021856
   25.70500000    6.01347966
   25.73000000    6.02038688
   25.75500000    6.02402614
   25.78000000    6.02335223
   25.80500000    6.02193588
   25.83000000    6.02293919
   25.85500000    6.02874104
   25.88000000    6.03952095
   25.90500000    6.05326838
   25.93000000    6.06654700
   25.95500000    6.07965866
   25.98000000    6.09504263
   26.00500000    6.11111562
   26.03000000    6.12350703
   26.05500000    6.12949666
   26.08000000    6.12986513
   26.10500000    6.12783320
   26.13000000    6.13037460
   26.15500000    6.14148738
   26.18000000    6.15673894
   26.20500000    6.16812808
   26.23000000    6.17154109
   26.25500000    6.16978137
   26.28000000    6.16722556
   26.30500000    6.16648863
   26.33000000    6.16911490
   26.35500000    6.17453711
   26.38000000    6.18099871
   26.40500000    6.18546173
   26.43000000    6.18953084
   26.45500000    6.19643676
   26.48000000    6.20653255
   26.50500000    6.21710645
   26.53000000    6.22661860
   26.55500000    6.23588008
   26.58000000    6.24549256
   26.60500000    6.25730953
   26.63000000    6.27288458
   26.65500000    6.29037698
   26.68000000    6.30443606
   26.70500000    6.30998695
   26.73000000    6.30828586
   26.75500000    6.30419258
   26.78000000    6.30210078
   26.80500000    6.30433457
   26.83000000    6.30928235
   26.85500000    6.31146037
   26.88000000    6.30875024
   26.90500000    6.30525365
   26.93000000    6.30552431
   26.95500000    6.31108503
   26.98000000    6.31935782
   27.00500000    6.32673999
   27.03000000    6.33146740
   27.05500000    6.33283211
   27.08000000    6.33082057
   27.10500000    6.32695975
   27.13000000    6.32408655
   27.15500000    6.32322992
   27.18000000    6.32318473
   27.20500000    6.32339732
   27.23000000    6.32488062
   27.25500000    6.32896034
   27.28000000    6.33687211
   27.30500000    6.35250822
   27.33000000    6.37498775
   27.35500000    6.39636914
   27.38000000    6.40913077
   27.40500000    6.41223829
   27.43000000    6.40968565
   27.45500000    6.40796019
   27.48000000    6.41314610
   27.50500000    6.42763885
   27.53000000    6.44794275
   27.55500000    6.46762799
   27.58000000    6.47973086
   27.60500000    6.48191491
   27.63000000    6.47523269
   27.65500000    6.46173640
   27.68000000    6.44335988
   27.70500000    6.42229099
   27.73000000    6.40452864
   27.75500000    6.39386652
   27.78000000    6.39273587
   27.80500000    6.40059984
   27.83000000    6.41342028
   27.85500000    6.42843790
   27.88000000    6.44563527
   27.90500000    6.46374308
   27.93000000    6.47807378
   27.95500000    6.48501106
   27.98000000    6.48768529
   28.00500000    6.49139533
   28.03000000    6.49855018
   28.05500000    6.51020501
   28.08000000    6.52845327
   28.10500000    6.55094570
   28.13000000    6.57069081
   28.15500000    6.58535395
   28.18000000    6.59505979
   28.20500000    6.60135599
   28.23000000    6.60633481
   28.25500000    6.61096125
   28.28000000    6.61738377
   28.30500000    6.62758941
   28.33000000    6.64163740
   28.35500000    6.66222931
   28.38000000    6.68788173
   28.40500000    6.71044184
   28.43000000    6.72321493
   28.45500000    6.72529213
   28.48000000    6.71995994
   28.50500000    6.71230319
   28.53000000    6.70326876
   28.55500000    6.69382180
   28.58000000    6.68664803
   28.60500000    6.68232829
   28.63000000    6.68091965
   28.65500000    6.67952637
   28.68000000    6.67685423
   28.70500000    6.67471459
   28.73000000    6.67412529
   28.75500000    6.67596560
   28.78000000    6.67860545
   28.80500000    6.67738837
   28.83000000    6.67104345
   28.85500000    6.66289313
   28.88000000    6.65686393
   28.90500000    6.65527360
   28.93000000    6.65988943
   28.95500000    6.67139057
   28.98000000    6.68760980
   29.00500000    6.70456203
   29.03000000    6.71580684
   29.05500000    6.71744100
   29.08000000    6.71123254
   29.10500000    6.70121593
   29.13000000    6.68978727
   29.15500000    6.68058244
   29.18000000    6.67653212
   29.20500000    6.67663657
   29.23000000    6.67937116
   29.25500000    6.68372448
   29.28000000    6.68749375
   29.30500000    6.69027350
   29.33000000    6.69374849
   29.35500000    6.69809103
   29.38000000    6.70294868
   29.40500000    6.70833812
   29.43000000    6.71178696
   29.45500000    6.71192162
   29.48000000    6.71175781
   29.50500000    6.71380510
   29.53000000    6.72002904
   29.55500000    6.73364780
   29.58000000    6.75483827
   29.60500000    6.77867684
   29.63000000    6.79900524
   29.65500000    6.81288389
   29.68000000    6.82199074
   29.70500000    6.82946435
   29.73000000    6.83573393
   29.75500000    6.83889931
   29.78000000    6.83710606
   29.80500000    6.83255736
   29.83000000    6.82719163
   29.85500000    6.81921100
   29.88000000    6.80645902
   29.90500000    6.79207832
   29.93000000    6.78205550
   29.95500000    6.77567613
   29.98000000    6.76933355
   30.00500000    6.76363253
   30.03000000    6.76037894
   30.05500000    6.75975511
   30.08000000    6.76307033
   30.10500000    6.77129872
   30.13000000    6.78185262
   30.15500000    6.79183727
   30.18000000    6.80240895
   30.20500000    6.81571926
   30.23000000    6.83262546
   30.25500000    6.85154219
   30.28000000    6.87117529
   30.30500000    6.89335669
   30.33000000    6.91961713
   30.35500000    6.94620817
   30.38000000    6.96711855
   30.40500000    6.97947461
   30.43000000    6.98296848
   30.45500000    6.98031564
   30.48000000    6.97922436
   30.50500000    6.98474310
   30.53000000    6.99275413
   30.55500000    7.00302153
   30.58000000    7.01551327
   30.60500000    7.02766368
   30.63000000    7.03915747
   30.65500000    7.05047231
   30.68000000    7.05982282
   30.70500000    7.06118667
   30.73000000    7.05750827
   30.75500000    7.05517328
   30.78000000    7.05371615
   30.80500000    7.05097629
   30.83000000    7.04747167
   30.85500000    7.04706193
   30.88000000    7.05163761
   30.90500000    7.05853404
   30.93000000    7.06585782
   30.95500000    7.07341800
   30.98000000    7.07928076
   31.00500000    7.08350766
   31.03000000    7.09162463
   31.05500000    7.10583049
   31.08000000    7.12272347
   31.10500000    7.14264516
   31.13000000    7.16735890
   31.15500000    7.19503749
   31.18000000    7.22179495
   31.20500000    7.24198978
   31.23000000    7.25180608
   31.25500000    7.25409675
   31.28000000    7.25209680
   31.30500000    7.24676313
   31.33000000    7.24230473
   31.35500000    7.24257532
   31.38000000    7.24435968
   31.40500000    7.24478830
   31.43000000    7.24237414
   31.45500000    7.23683268
   31.48000000    7.23057124
   31.50500000    7.22765556
   31.53000000    7.23109813
   31.55500000    7.24104014
   31.58000000    7.25379416
   31.60500000    7.26573639
   31.63000000    7.27538327
   31.65500000    7.28077677
   31.68000000    7.28102924
   31.70500000    7.27896346
   31.73000000    7.28059224
   31.75500000    7.28984091
   31.78000000    7.30339096
   31.80500000    7.31910038
   31.83000000    7.33897142
   31.85500000    7.36639833
   31.88000000    7.40075388
   31.90500000    7.43536152
   31.93000000    7.46518032
   31.95500000    7.48787868
   31.98000000    7.50178704
   32.00500000    7.50569940
   32.03000000    7.50094060
   32.05500000    7.49354309
   32.08000000    7.48891003
   32.10500000    7.48878545
   32.13000000    7.49532793
   32.15500000    7.51086141
   32.18000000    7.53482190
   32.20500000    7.56232804
   32.23000000    7.58727105
   32.25500000    7.60543382
   32.28000000    7.61735026
   32.30500000    7.62509488
   32.33000000    7.63095172
   32.35500000    7.63747866
   32.38000000    7.64574865
   32.40500000    7.65505914
   32.43000000    7.66477150
   32.45500000    7.67568185
   32.48000000    7.68908151
   32.50500000    7.70219919
   32.53000000    7.71173970
   32.55500000    7.71633615
   32.58000000    7.71932596
   32.60500000    7.72505271
   32.63000000    7.73449557
   32.65500000    7.74607096
   32.68000000    7.76003717
   32.70500000    7.77674998
   32.73000000    7.79623229
   32.75500000    7.81788860
   32.78000000    7.84148796
   32.80500000    7.86536645
   32.83000000    7.88777056
   32.85500000    7.90732767
   32.88000000    7.92094351
   32.90500000    7.92647959
   32.93000000    7.92663836
   32.95500000    7.92484790
   32.98000000    7.92587546
   33.00500000    7.93776801
   33.03000000    7.96104131
   33.05500000    7.98790723
   33.08000000    8.01469098
   33.10500000    8.04022880
   33.13000000    8.05868298
   33.15500000    8.06293925
   33.18000000    8.05081115
   33.20500000    8.02632351
   33.23000000    7.99915883
   33.25500000    7.97648566
   33.28000000    7.96185452
   33.30500000    7.95650842
   33.33000000    7.95988747
   33.35500000    7.96688647
   33.38000000    7.96941444
   33.40500000    7.96365451
   33.43000000    7.95246892
   33.45500000    7.94054257
   33.48000000    7.93191628
   33.50500000    7.92695490
   33.53000000    7.92381712
   33.55500000    7.92167505
   33.58000000    7.92289737
   33.60500000    7.93078316
   33.63000000    7.94287883
   33.65500000    7.95367547
   33.68000000    7.96083363
   33.70500000    7.96396433
   33.73000000    7.96788122
   33.75500000    7.97849241
   33.78000000    7.99864694
   33.80500000    8.02697210
   33.83000000    8.05923932
   33.85500000    8.09153802
   33.88000000    8.12195709
   33.90500000    8.14611248
   33.93000000    8.15601928
   33.95500000    8.15437552
   33.98000000    8.15124208
   34.00500000    8.15144373
   34.03000000    8.15240729
   34.05500000    8.14878595
   34.08000000    8.13928870
   34.10500000    8.13169146
   34.13000000    8.13144588
   34.15500000    8.13767166
   34.18000000    8.15043235
   34.20500000    8.17171476
   34.23000000    8.20102362
   34.25500000    8.23629596
   34.28000000    8.27098308
   34.30500000    8.29938657
   34.33000000    8.31936353
   34.35500000    8.33035782
   34.38000000    8.33233613
   34.40500000    8.32852202
   34.43000000    8.32667183
   34.45500000    8.32922845
   34.48000000    8.33379737
   34.50500000    8.33783472
   34.53000000    8.33853512
   34.55500000    8.33699607
   34.58000000    8.33641825
   34.60500000    8.33967096
   34.63000000    8.35067300
   34.65500000    8.37182632
   34.68000000    8.40054107
   34.70500000    8.42999135
   34.73000000    8.45487787
   34.75500000    8.47112991
   34.78000000    8.47562153
   34.80500000    8.47037114
   34.83000000    8.45946271
   34.85500000    8.44575096
   34.88000000    8.43039906
   34.90500000    8.41437022
   34.93000000    8.40337354
   34.95500000    8.40213241
   34.98000000    8.40961530
   35.00500000    8.42405858
   35.03000000    8.44283685
   35.05500000    8.46235636
   35.08000000    8.48071709
   35.10500000    8.49884132
   35.13000000    8.51772113
   35.15500000    8.53500095
   35.18000000    8.54584758
   35.20500000    8.54942908
   35.23000000    8.55068289
   35.25500000    8.55299753
   35.28000000    8.55688173
   35.30500000    8.56118035
   35.33000000    8.56372594
   35.35500000    8.56447197
   35.38000000    8.56492287
   35.40500000    8.56713514
   35.43000000    8.57027659
   35.45500000    8.57064404
   35.48000000    8.56529598
   35.50500000    8.55388290
   35.53000000    8.53780798
   35.55500000    8.52153272
   35.58000000    8.51084046
   35.60500000    8.51113300
   35.63000000    8.52155737
   35.65500000    8.53568867
   35.68000000    8.54958948
   35.70500000    8.56272401
   35.73000000    8.57482193
   35.75500000    8.58383894
   35.78000000    8.58639012
   35.80500000    8.58373821
   35.83000000    8.58086176
   35.85500000    8.57878920
   35.88000000    8.57809109
   35.90500000    8.58196862
   35.93000000    8.59279407
   35.95500000    8.61061216
   35.98000000    8.63133065
   36.00500000    8.65057449
   36.03000000    8.66883979
   36.05500000    8.68663258
   36.08000000    8.70148566
   36.10500000    8.71059309
   36.13000000    8.71474939
   36.15500000    8.71824490
   36.18000000    8.72600944
   36.20500000    8.73890172
   36.23000000    8.75054953
   36.25500000    8.75582406
   36.28000000    8.75617372
   36.30500000    8.75351856
   36.33000000    8.74890059
   36.35500000    8.74366701
   36.38000000    8.74015415
   36.40500000    8.74163270
   36.43000000    8.75116671
   36.45500000    8.76612395
   36.48000000    8.78048435
   36.50500000    8.79147014
   36.53000000    8.79906084
   36.55500000    8.80129936
   36.58000000    8.79754128
   36.60500000    8.78978441
   36.63000000    8.77776950
   36.65500000    8.76063394
   36.68000000    8.74303789
   36.70500000    8.73223362
   36.73000000    8.73109060
   36.75500000    8.73822330
   36.78000000    8.74952322
   36.80500000    8.76359332
   36.83000000    8.78127803
   36.85500000    8.80415941
   36.88000000    8.83249618
   36.90500000    8.86188083
   36.93000000    8.88265317
   36.95500000    8.88429240
   36.98000000    8.86582708
   37.00500000    8.83351963
   37.03000000    8.79848707
   37.05500000    8.77113448
   37.08000000    8.75900965
   37.10500000    8.76306129
   37.13000000    8.77614471
   37.15500000    8.79640594
   37.18000000    8.82446325
   37.20500000    8.85514294
   37.23000000    8.88392201
   37.25500000    8.90642422
   37.28000000    8.91718910
   37.30500000    8.91373512
   37.33000000    8.90236951
   37.35500000    8.89209378
   37.38000000    8.88687046
   37.40500000    8.88906724
   37.43000000    8.89658393
   37.45500000    8.90547542
   37.48000000    8.91522825
   37.50500000    8.92642467
   37.53000000    8.93678011
   37.55500000    8.94466805
   37.58000000    8.95140725
   37.60500000    8.95954763
   37.63000000    8.97245835
   37.65500000    8.98763893
   37.68000000    9.00210891
   37.70500000    9.01587834
   37.73000000    9.02845482
   37.75500000    9.03556213
   37.78000000    9.03874160
   37.80500000    9.04383983
   37.83000000    9.05116978
   37.85500000    9.06059398
   37.88000000    9.07545663
   37.90500000    9.09528229
   37.93000000    9.11500274
   37.95500000    9.13571146
   37.98000000    9.15928137
   38.00500000    9.18348689
   38.03000000    9.20203505
   38.05500000    9.21140780
   38.08000000    9.21289292
   38.10500000    9.20712239
   38.13000000    9.19718528
   38.15500000    9.18843950
   38.18000000    9.18603931
   38.20500000    9.18952907
   38.23000000    9.19533652
   38.25500000    9.20194665
   38.28000000    9.20587647
   38.30500000    9.20322592
   38.33000000    9.19930217
   38.35500000    9.19976987
   38.38000000    9.20556789
   38.40500000    9.21677781
   38.43000000    9.23144706
   38.45500000    9.24646519
   38.48000000    9.25865993
   38.50500000    9.26471684
   38.53000000    9.26317149
   38.55500000    9.25750481
   38.58000000    9.25400821
   38.60500000    9.25606659
   38.63000000    9.25861155
   38.65500000    9.25562100
   38.68000000    9.24589678
   38.70500000    9.23520441
   38.73000000    9.23320844
   38.75500000    9.24285192
   38.78000000    9.26148254
   38.80500000    9.28290648
   38.83000000    9.30110728
   38.85500000    9.31486681
   38.88000000    9.32433445
   38.90500000    9.33038771
   38.93000000    9.33280209
   38.95500000    9.32910019
   38.98000000    9.31662277
   39.00500000    9.29947041
   39.03000000    9.28651799
   39.05500000    9.28104762
   39.08000000    9.28122936
   39.10500000    9.28457464
   39.13000000    9.29303247
   39.15500000    9.30892802
   39.18000000    9.33153491
   39.20500000    9.35672139
   39.23000000    9.37615814
   39.25500000    9.38615078
   39.28000000    9.39072406
   39.30500000    9.39697847
   39.33000000    9.41126909
   39.35500000    9.43526510
   39.38000000    9.46592527
   39.40500000    9.49986222
   39.43000000    9.53444690
   39.45500000    9.56602361
   39.48000000    9.59215232
   39.50500000    9.61447396
   39.53000000    9.63353846
   39.55500000    9.64858240
   39.58000000    9.66027931
   39.60500000    9.67020860
   39.63000000    9.68006519
   39.65500000    9.69097003
   39.68000000    9.70133169
   39.70500000    9.70700871
   39.73000000    9.70614316
   39.75500000    9.70286016
   39.78000000    9.70126276
   39.80500000    9.70138858
   39.83000000    9.70418175
   39.85500000    9.71112412
   39.88000000    9.72296291
   39.90500000    9.73674143
   39.93000000    9.74698934
   39.95500000    9.74844163
   39.98000000    9.73951602
   40.00500000    9.72667294
   40.03000000    9.71794366
   40.05500000    9.71713809
   40.08000000    9.72499116
   40.10500000    9.74008847
   40.13000000    9.75924101
   40.15500000    9.77951921
   40.18000000    9.79713105
   40.20500000    9.80501374
   40.23000000    9.80179970
   40.25500000    9.79392487
   40.28000000    9.78747203
   40.30500000    9.78437300
   40.33000000    9.78432867
   40.35500000    9.78828949
   40.38000000    9.80077771
   40.40500000    9.82424172
   40.43000000    9.85502611
   40.45500000    9.88149626
   40.48000000    9.89999703
   40.50500000    9.91198059
   40.53000000    9.91867543
   40.55500000    9.92104359
   40.58000000    9.91836024
   40.60500000    9.90827891
   40.63000000    9.89109784
   40.65500000    9.87121187
   40.68000000    9.85656771
   40.70500000    9.85578630
   40.73000000    9.86658499
   40.75500000    9.87621515
   40.78000000    9.87647695
   40.80500000    9.87146053
   40.83000000    9.86764662
   40.85500000    9.86854334
   40.88000000    9.87506066
   40.90500000    9.88670514
   40.93000000    9.90349689
   40.95500000    9.92008785
   40.98000000    9.92894903
   41.00500000    9.93114556
   41.03000000    9.93187704
   41.05500000    9.93625602
   41.08000000    9.94743827
   41.10500000    9.96291693
   41.13000000    9.98112388
   41.15500000   10.00319783
   41.18000000   10.02858881
   41.20500000   10.05543815
   41.23000000   10.08399039
   41.25500000   10.11346885
   41.28000000   10.14017000
   41.30500000   10.16161679
   41.33000000   10.17594227
   41.35500000   10.17938138
   41.38000000   10.17078280
   41.40500000   10.15376587
   41.43000000   10.13695642
   41.45500000   10.12796529
   41.48000000   10.12930484
   41.50500000   10.13997112
   41.53000000   10.15496962
   41.55500000   10.16672194
   41.58000000   10.17122358
   41.60500000   10.16636926
   41.63000000   10.15679811
   41.65500000   10.15203755
   41.68000000   10.15726961
   41.70500000   10.16800780
   41.73000000   10.17543013
   41.75500000   10.17678046
   41.78000000   10.17530437
   41.80500000   10.17625205
   41.83000000   10.18126785
   41.85500000   10.18657962
   41.88000000   10.18787404
   41.90500000   10.18619169
   41.93000000   10.18209654
   41.95500000   10.17283719
   41.98000000   10.15575163
   42.00500000   10.13376138
   42.03000000   10.11301114
   42.05500000   10.09561623
   42.08000000   10.08109912
   42.10500000   10.06966667
   42.13000000   10.06489492
   42.15500000   10.07005129
   42.18000000   10.08460110
   42.20500000   10.10586290
   42.23000000   10.12958668
   42.25500000   10.15160124
   42.28000000   10.16878750
   42.30500000   10.17738977
   42.33000000   10.17468740
   42.35500000   10.16075425
   42.38000000   10.14200658
   42.40500000   10.13136297
   42.43000000   10.13370055
   42.45500000   10.14402885
   42.48000000   10.15955974
   42.50500000   10.17527608
   42.53000000   10.18547268
   42.55500000   10.18713893
   42.58000000   10.18092858
   42.60500000   10.16961989
   42.63000000   10.15666543
   42.65500000   10.14511669
   42.68000000   10.13938633
   42.70500000   10.14262544
   42.73000000   10.15204995
   42.75500000   10.16431156
   42.78000000   10.17783490
   42.80500000   10.18915710
   42.83000000   10.19313179
   42.85500000   10.18856509
   42.88000000   10.17936196
   42.90500000   10.17230657
   42.93000000   10.17473842
   42.95500000   10.18854860
   42.98000000   10.21107460
   43.00500000   10.23622388
   43.03000000   10.25563092
   43.05500000   10.26287727
   43.08000000   10.25796832
   43.10500000   10.24803168
   43.13000000   10.24324558
   43.15500000   10.24769807
   43.18000000   10.25857823
   43.20500000   10.27222901
   43.23000000   10.28314629
   43.25500000   10.28702225
   43.28000000   10.28097888
   43.30500000   10.26289641
   43.33000000   10.23400202
   43.35500000   10.19987937
   43.38000000   10.16953078
   43.40500000   10.14660656
   43.43000000   10.13037404
   43.45500000   10.12107725
   43.48000000   10.11909482
   43.50500000   10.12470072
   43.53000000   10.13661113
   43.55500000   10.15357565
   43.58000000   10.17286049
   43.60500000   10.19269222
   43.63000000   10.21476666
   43.65500000   10.23709003
   43.68000000   10.25545533
   43.70500000   10.26981719
   43.73000000   10.28249967
   43.75500000   10.29399839
   43.78000000   10.30347671
   43.80500000   10.31450485
   43.83000000   10.32967037
   43.85500000   10.34569389
   43.88000000   10.35646647
   43.90500000   10.35710452
   43.93000000   10.34653285
   43.95500000   10.32487377
   43.98000000   10.29441954
   44.00500000   10.25995486
   44.03000000   10.22574965
   44.05500000   10.19632942
   44.08000000   10.18167275
   44.10500000   10.19071245
   44.13000000   10.21879683
   44.15500000   10.24944015
   44.18000000   10.27034355
   44.20500000   10.28316861
   44.23000000   10.29822132
   44.25500000   10.32019823
   44.28000000   10.34850170
   44.30500000   10.37736522
   44.33000000   10.39742006
   44.35500000   10.40617670
   44.38000000   10.40854176
   44.40500000   10.40975838
   44.43000000   10.41277437
   44.45500000   10.41750975
   44.48000000   10.42228026
   44.50500000   10.42602977
   44.53000000   10.43017519
   44.55500000   10.43389774
   44.58000000   10.43483398
   44.60500000   10.43230172
   44.63000000   10.42793359
   44.65500000   10.42425047
   44.68000000   10.42345613
   44.70500000   10.42736522
   44.73000000   10.43956686
   44.75500000   10.46190252
   44.78000000   10.48993887
   44.80500000   10.51487235
   44.83000000   10.52971831
   44.85500000   10.53480088
   44.88000000   10.53076088
   44.90500000   10.51950106
   44.93000000   10.50506574
   44.95500000   10.49014907
   44.98000000   10.47847010
   45.00500000   10.47324841
   45.03000000   10.47496744
   45.05500000   10.48215956
   45.08000000   10.49477346
   45.10500000   10.51117874
   45.13000000   10.52742292
   45.15500000   10.54002066
   45.18000000   10.54683343
   45.20500000   10.55012430
   45.23000000   10.55420066
   45.25500000   10.56135452
   45.28000000   10.56732437
   45.30500000   10.57065070
   45.33000000   10.57768096
   45.35500000   10.58833100
   45.38000000   10.59978560
   45.40500000   10.61009242
   45.43000000   10.61610398
   45.45500000   10.61965486
   45.48000000   10.62365839
   45.50500000   10.62950255
   45.53000000   10.64147757
   45.55500000   10.66117753
   45.58000000   10.68140004
   45.60500000   10.69424319
   45.63000000   10.70076121
   45.65500000   10.70440690
   45.68000000   10.70780235
   45.70500000   10.70912204
   45.73000000   10.70379935
   45.75500000   10.69039020
   45.78000000   10.66998450
   45.80500000   10.64764415
   45.83000000   10.63134217
   45.85500000   10.62549974
   45.88000000   10.62756781
   45.90500000   10.63407749
   45.93000000   10.64462023
   45.95500000   10.65975596
   45.98000000   10.67891399
   46.00500000   10.69991734
   46.03000000   10.72018290
   46.05500000   10.74227901
   46.08000000   10.76461279
   46.10500000   10.78137015
   46.13000000   10.79134949
   46.15500000   10.79733896
   46.18000000   10.79812787
   46.20500000   10.79275338
   46.23000000   10.78489259
   46.25500000   10.77865646
   46.28000000   10.77567229
   46.30500000   10.77542402
   46.33000000   10.78183125
   46.35500000   10.79870311
   46.38000000   10.82374850
   46.40500000   10.85442400
   46.43000000   10.88680521
   46.45500000   10.91741838
   46.48000000   10.94527923
   46.50500000   10.97054053
   46.53000000   10.99239514
   46.55500000   11.00775041
   46.58000000   11.01492536
   46.60500000   11.01730952
   46.63000000   11.01841658
   46.65500000   11.01764384
   46.68000000   11.01448920
   46.70500000   11.01358902
   46.73000000   11.01772291
   46.75500000   11.02499467
   46.78000000   11.03395073
   46.80500000   11.04469925
   46.83000000   11.05671863
   46.85500000   11.06690273
   46.88000000   11.07149447
   46.90500000   11.07041209
   46.93000000   11.06873452
   46.95500000   11.06870998
   46.98000000   11.06998280
   47.00500000   11.07330788
   47.03000000   11.08066308
   47.05500000   11.09444055
   47.08000000   11.11036941
   47.10500000   11.11969172
   47.13000000   11.11795741
   47.15500000   11.10538717
   47.18000000   11.08833805
   47.20500000   11.07733967
   47.23000000   11.08181232
   47.25500000   11.10520593
   47.28000000   11.14225902
   47.30500000   11.18212707
   47.33000000   11.21508593
   47.35500000   11.23774099
   47.38000000   11.25326976
   47.40500000   11.26312876
   47.43000000   11.26639148
   47.45500000   11.26304798
   47.48000000   11.25286761
   47.50500000   11.23654036
   47.53000000   11.22196390
   47.55500000   11.21478917
   47.58000000   11.21407775
   47.60500000   11.21608652
   47.63000000   11.21857675
   47.65500000   11.22162759
   47.68000000   11.22528474
   47.70500000   11.22905982
   47.73000000   11.23236800
   47.75500000   11.23845199
   47.78000000   11.25131333
   47.80500000   11.27131026
   47.83000000   11.29383664
   47.85500000   11.31559851
   47.88000000   11.33756506
   47.90500000   11.36157037
   47.93000000   11.38643809
   47.95500000   11.41192926
   47.98000000   11.43908800
   48.00500000   11.46615193
   48.03000000   11.48902485
   48.05500000   11.50479564
   48.08000000   11.51748336
   48.10500000   11.53291988
   48.13000000   11.55087370
   48.15500000   11.56781981
   48.18000000   11.58121514
   48.20500000   11.58904778
   48.23000000   11.58950953
   48.25500000   11.58482283
   48.28000000   11.58010543
   48.30500000   11.57640713
   48.33000000   11.57214264
   48.35500000   11.56801187
   48.38000000   11.56828507
   48.40500000   11.57467595
   48.43000000   11.58677640
   48.45500000   11.59902928
   48.48000000   11.60293700
   48.50500000   11.59994839
   48.53000000   11.59549253
   48.55500000   11.59575874
   48.58000000   11.60201839
   48.60500000   11.61429600
   48.63000000   11.63294423
   48.65500000   11.65730926
   48.68000000   11.68466442
   48.70500000   11.70730686
   48.73000000   11.71741697
   48.75500000   11.71402956
   48.78000000   11.70876221
   48.80500000   11.71349368
   48.83000000   11.72739604
   48.85500000   11.74255273
   48.88000000   11.75385914
   48.90500000   11.76114608
   48.93000000   11.76617873
   48.95500000   11.76997229
   48.98000000   11.77367278
   49.00500000   11.77769767
   49.03000000   11.78132857
   49.05500000   11.78375455
   49.08000000   11.78517992
   49.10500000   11.78517605
   49.13000000   11.78513010
   49.15500000   11.78958167
   49.18000000   11.80139517
   49.20500000   11.81740081
   49.23000000   11.83358684
   49.25500000   11.84971645
   49.28000000   11.86383559
   49.30500000   11.87749351
   49.33000000   11.89581870
   49.35500000   11.91958488
   49.38000000   11.94627322
   49.40500000   11.97389482
   49.43000000   12.00139977
   49.45500000   12.02874270
   49.48000000   12.05760682
   49.50500000   12.08775682
   49.53000000   12.11440553
   49.55500000   12.13313639
   49.58000000   12.14542607
   49.60500000   12.15573086
   49.63000000   12.16574101
   49.65500000   12.17506707
   49.68000000   12.18398000
   49.70500000   12.19248833
   49.73000000   12.20122253
   49.75500000   12.21183404
   49.78000000   12.22627296
   49.80500000   12.24492497
   49.83000000   12.26508721
   49.85500000   12.28360646
   49.88000000   12.29983928
   49.90500000   12.31321994
   49.93000000   12.32029088
   49.95500000   12.31620022
   49.98000000   12.29938734
