    0.00500000    0.00006324
    0.03000000    0.00227082
    0.05500000    0.00752339
    0.08000000    0.01482456
    0.10500000    0.02267548
    0.13000000    0.03081426
    0.15500000    0.03947655
    0.18000000    0.04886774
    0.20500000    0.05857105
    0.23000000    0.06803739
    0.25500000    0.07699929
    0.28000000    0.08574560
    0.30500000    0.09465611
    0.33000000    0.10409952
    0.35500000    0.11424473
    0.38000000    0.12428592
    0.40500000    0.13305706
    0.43000000    0.14042710
    0.45500000    0.14700263
    0.48000000    0.15359263
    0.50500000    0.16064126
    0.53000000    0.16829324
    0.55500000    0.17642420
    0.58000000    0.18476030
    0.60500000    0.19331971
    0.63000000    0.20224806
    0.65500000    0.21146243
    0.68000000    0.22034811
    0.70500000    0.22783284
    0.73000000    0.23312972
    0.75500000    0.23679194
    0.78000000    0.23984598
    0.80500000    0.24303277
    0.83000000    0.24669184
    0.85500000    0.25100347
    0.88000000    0.25632917
    0.90500000    0.26306778
    0.93000000    0.27113929
    0.95500000    0.27977592
    0.98000000    0.28821723
    1.00500000    0.29640220
    1.03000000    0.30444334
    1.05500000    0.31292706
    1.08000000    0.32196573
    1.10500000    0.33097495
    1.13000000    0.34000910
    1.15500000    0.34918531
    1.18000000    0.35833421
    1.20500000    0.36744014
    1.23000000    0.37622596
    1.25500000    0.38463922
    1.28000000    0.39227542
    1.30500000    0.39811017
    1.33000000    0.40179499
    1.35500000    0.40392386
    1.38000000    0.40515018
    1.40500000    0.40656635
    1.43000000    0.40874802
    1.45500000    0.41134796
    1.48000000    0.41358211
    1.50500000    0.41509392
    1.53000000    0.41638192
    1.55500000    0.41826533
    1.58000000    0.42126222
    1.60500000    0.42521697
    1.63000000    0.43002595
    1.65500000    0.43567219
    1.68000000    0.44132337
    1.70500000    0.44654973
    1.73000000    0.45267927
    1.75500000    0.46077281
    1.78000000    0.47041492
    1.80500000    0.48019776
    1.83000000    0.48944773
    1.85500000    0.49868774
    1.88000000    0.50825083
    1.90500000    0.51816075
    1.93000000    0.52808703
    1.95500000    0.53809540
    1.98000000    0.54862466
    2.00500000    0.55979487
    2.03000000    0.57181497
    2.05500000    0.58457586
    2.08000000    0.59700667
    2.10500000    0.60801538
    2.13000000    0.61678334
    2.15500000    0.62296003
    2.18000000    0.62724361
    2.20500000    0.63045590
    2.23000000    0.63266279
    2.25500000    0.63448890
    2.28000000    0.63710703
    2.30500000    0.64157910
    2.33000000    0.64779978
    2.35500000    0.65382077
    2.38000000    0.65888479
    2.40500000    0.66298454
    2.43000000    0.66683099
    2.45500000    0.67160721
    2.48000000    0.67735404
    2.50500000    0.68313959
    2.53000000    0.68805065
    2.55500000    0.69157418
    2.58000000    0.69418277
    2.60500000    0.69613302
    2.63000000    0.69724809
    2.65500000    0.69736124
    2.68000000    0.69670097
    2.70500000    0.69612127
    2.73000000    0.69699534
    2.75500000    0.69969956
    2.78000000    0.70400369
    2.80500000    0.70991664
    2.83000000    0.71724909
    2.85500000    0.72459022
    2.88000000    0.73100842
    2.90500000    0.73689296
    2.93000000    0.74134379
    2.95500000    0.74351144
    2.98000000    0.74564940
    3.00500000    0.74946246
    3.03000000    0.75478837
    3.05500000    0.76032274
    3.08000000    0.76499877
    3.10500000    0.76898592
    3.13000000    0.77291405
    3.15500000    0.77728363
    3.18000000    0.78188403
    3.20500000    0.78538445
    3.23000000    0.78823771
    3.25500000    0.79177894
    3.28000000    0.79624808
    3.30500000    0.80144168
    3.33000000    0.80764538
    3.35500000    0.81532607
    3.38000000    0.82347193
    3.40500000    0.82893078
    3.43000000    0.83005674
    3.45500000    0.82910093
    3.48000000    0.82900035
    3.50500000    0.83146670
    3.53000000    0.83675031
    3.55500000    0.84434883
    3.58000000    0.85326021
    3.60500000    0.86232130
    3.63000000    0.87032370
    3.65500000    0.87703364
    3.68000000    0.88317956
    3.70500000    0.88968560
    3.73000000    0.89624287
    3.75500000    0.90204719
    3.78000000    0.90723244
    3.80500000    0.91256730
    3.83000000    0.91798341
    3.85500000    0.92264433
    3.88000000    0.92699052
    3.90500000    0.93071262
    3.93000000    0.93347118
    3.95500000    0.93549504
    3.98000000    0.93741720
    4.00500000    0.94011762
    4.03000000    0.94404267
    4.05500000    0.94994723
    4.08000000    0.95905725
    4.10500000    0.97053686
    4.13000000    0.98186744
    4.15500000    0.99180811
    4.18000000    1.00119673
    4.20500000    1.01116710
    4.23000000    1.02231958
    4.25500000    1.03401288
    4.28000000    1.04426480
    4.30500000    1.05134333
    4.33000000    1.05563942
    4.35500000    1.05840637
    4.38000000    1.06083848
    4.40500000    1.06317860
    4.43000000    1.06497197
    4.45500000    1.06637184
    4.48000000    1.06864180
    4.50500000    1.07239797
    4.53000000    1.07824854
    4.55500000    1.08716323
    4.58000000    1.09893150
    4.60500000    1.11140858
    4.63000000    1.12255987
    4.65500000    1.13100933
    4.68000000    1.13662283
    4.70500000    1.13947106
    4.73000000    1.14069106
    4.75500000    1.14212096
    4.78000000    1.14397358
    4.80500000    1.14677565
    4.83000000    1.15189455
    4.85500000    1.15905114
    4.88000000    1.16660892
    4.90500000    1.17408813
    4.93000000    1.18237439
    4.95500000    1.19149073
    4.98000000    1.20144091
    5.00500000    1.21268634
    5.03000000    1.22446923
    5.05500000    1.23567979
    5.08000000    1.24544418
    5.10500000    1.25355304
    5.13000000    1.26146165
    5.15500000    1.27000194
    5.18000000    1.27881682
    5.20500000    1.28722077
    5.23000000    1.29307044
    5.25500000    1.29504587
    5.28000000    1.29358477
    5.30500000    1.29046990
    5.33000000    1.28786668
    5.35500000    1.28665728
    5.38000000    1.28638900
    5.40500000    1.28645450
    5.43000000    1.28703606
    5.45500000    1.28904517
    5.48000000    1.29224849
    5.50500000    1.29644029
    5.53000000    1.30071058
    5.55500000    1.30384505
    5.58000000    1.30560295
    5.60500000    1.30741591
    5.63000000    1.31089940
    5.65500000    1.31704028
    5.68000000    1.32497689
    5.70500000    1.33309194
    5.73000000    1.34077412
    5.75500000    1.34809847
    5.78000000    1.35555966
    5.80500000    1.36347157
    5.83000000    1.37147531
    5.85500000    1.37846036
    5.88000000    1.38410829
    5.90500000    1.38988679
    5.93000000    1.39686870
    5.95500000    1.40458093
    5.98000000    1.41160012
    6.00500000    1.41747483
    6.03000000    1.42237440
    6.05500000    1.42664139
    6.08000000    1.43086783
    6.10500000    1.43539112
    6.13000000    1.44103324
    6.15500000    1.44819767
    6.18000000    1.45720947
    6.20500000    1.46726560
    6.23000000    1.47707671
    6.25500000    1.48608992
    6.28000000    1.49435606
    6.30500000    1.50163031
    6.33000000    1.50738544
    6.35500000    1.51278121
    6.38000000    1.52015265
    6.40500000    1.52965259
    6.43000000    1.53956426
    6.45500000    1.54712845
    6.48000000    1.55005761
    6.50500000    1.54838327
    6.53000000    1.54483211
    6.55500000    1.54179394
    6.58000000    1.53942098
    6.60500000    1.53691783
    6.63000000    1.53472454
    6.65500000    1.53316309
    6.68000000    1.53276036
    6.70500000    1.53390180
    6.73000000    1.53567487
    6.75500000    1.53777934
    6.78000000    1.54119770
    6.80500000    1.54732956
    6.83000000    1.55553457
    6.85500000    1.56293394
    6.88000000    1.56726728
    6.90500000    1.56942427
    6.93000000    1.57157119
    6.95500000    1.57495943
    6.98000000    1.57959592
    7.00500000    1.58496749
    7.03000000    1.58954443
    7.05500000    1.59069661
    7.08000000    1.58773934
    7.10500000    1.58224654
    7.13000000    1.57585683
    7.15500000    1.56941241
    7.18000000    1.56423544
    7.20500000    1.56209095
    7.23000000    1.56340195
    7.25500000    1.56708221
    7.28000000    1.57296550
    7.30500000    1.58142076
    7.33000000    1.59131579
    7.35500000    1.60097375
    7.38000000    1.60863487
    7.40500000    1.61395807
    7.43000000    1.61944296
    7.45500000    1.62622602
    7.48000000    1.63220088
    7.50500000    1.63653275
    7.53000000    1.64046018
    7.55500000    1.64471314
    7.58000000    1.64812993
    7.60500000    1.64976442
    7.63000000    1.64986848
    7.65500000    1.64987837
    7.68000000    1.65178523
    7.70500000    1.65589334
    7.73000000    1.66076486
    7.75500000    1.66489013
    7.78000000    1.66732671
    7.80500000    1.66874451
    7.83000000    1.67104288
    7.85500000    1.67524555
    7.88000000    1.68054011
    7.90500000    1.68585111
    7.93000000    1.69118406
    7.95500000    1.69616270
    7.98000000    1.70212140
    8.00500000    1.71104933
    8.03000000    1.72236683
    8.05500000    1.73454441
    8.08000000    1.74740984
    8.10500000    1.76041811
    8.13000000    1.77239192
    8.15500000    1.78359536
    8.18000000    1.79534507
    8.20500000    1.80753435
    8.23000000    1.81832225
    8.25500000    1.82660098
    8.28000000    1.83340723
    8.30500000    1.84018878
    8.33000000    1.84678613
    8.35500000    1.85302366
    8.38000000    1.86042127
    8.40500000    1.87011446
    8.43000000    1.88186839
    8.45500000    1.89479856
    8.48000000    1.90720386
    8.50500000    1.91637117
    8.53000000    1.92053818
    8.55500000    1.92023636
    8.58000000    1.91714197
    8.60500000    1.91327656
    8.63000000    1.91092732
    8.65500000    1.91189552
    8.68000000    1.91673000
    8.70500000    1.92511824
    8.73000000    1.93548332
    8.75500000    1.94582365
    8.78000000    1.95375047
    8.80500000    1.95835543
    8.83000000    1.96237173
    8.85500000    1.96969336
    8.88000000    1.98196638
    8.90500000    1.99716149
    8.93000000    2.01180686
    8.95500000    2.02290186
    8.98000000    2.02938839
    9.00500000    2.03332113
    9.03000000    2.03714944
    9.05500000    2.04252064
    9.08000000    2.05086385
    9.10500000    2.06207943
    9.13000000    2.07559976
    9.15500000    2.08918146
    9.18000000    2.10160716
    9.20500000    2.11267155
    9.23000000    2.12293619
    9.25500000    2.13537789
    9.28000000    2.15145106
    9.30500000    2.16938025
    9.33000000    2.18643384
    9.35500000    2.19950504
    9.38000000    2.20811703
    9.40500000    2.21441542
    9.43000000    2.21979215
    9.45500000    2.22515009
    9.48000000    2.23117424
    9.50500000    2.23899954
    9.53000000    2.24945263
    9.55500000    2.26183513
    9.58000000    2.27554377
    9.60500000    2.29068837
    9.63000000    2.30572642
    9.65500000    2.31845002
    9.68000000    2.32806322
    9.70500000    2.33503890
    9.73000000    2.34053570
    9.75500000    2.34479872
    9.78000000    2.34709490
    9.80500000    2.34600954
    9.83000000    2.34284801
    9.85500000    2.33937226
    9.88000000    2.33430233
    9.90500000    2.32706385
    9.93000000    2.31965021
    9.95500000    2.31349628
    9.98000000    2.30835291
   10.00500000    2.30358627
   10.03000000    2.29949953
   10.05500000    2.29737336
   10.08000000    2.29742001
   10.10500000    2.30098026
   10.13000000    2.31030541
   10.15500000    2.32447955
   10.18000000    2.34182233
   10.20500000    2.36004501
   10.23000000    2.37563363
   10.25500000    2.38688591
   10.28000000    2.39406945
   10.30500000    2.39768653
   10.33000000    2.39682520
   10.35500000    2.39199275
   10.38000000    2.38592413
   10.40500000    2.38177193
   10.43000000    2.37982609
   10.45500000    2.37883440
   10.48000000    2.37946292
   10.50500000    2.38282717
   10.53000000    2.38762928
   10.55500000    2.39175353
   10.58000000    2.39301714
   10.60500000    2.39145754
   10.63000000    2.38903994
   10.65500000    2.38781505
   10.68000000    2.39065837
   10.70500000    2.39830147
   10.73000000    2.40814507
   10.75500000    2.41856069
   10.78000000    2.42939154
   10.80500000    2.44085365
   10.83000000    2.45185897
   10.85500000    2.46017343
   10.88000000    2.46577467
   10.90500000    2.47042898
   10.93000000    2.47571447
   10.95500000    2.48430361
   10.98000000    2.49852048
   11.00500000    2.51814957
   11.03000000    2.54066017
   11.05500000    2.56361828
   11.08000000    2.58674168
   11.10500000    2.60961783
   11.13000000    2.63011796
   11.15500000    2.64716031
   11.18000000    2.66131319
   11.20500000    2.67363026
   11.23000000    2.68456197
   11.25500000    2.69425546
   11.28000000    2.70261462
   11.30500000    2.70894280
   11.33000000    2.71282285
   11.35500000    2.71476050
   11.38000000    2.71661608
   11.40500000    2.71928363
   11.43000000    2.72258503
   11.45500000    2.72862984
   11.48000000    2.73817121
   11.50500000    2.75098378
   11.53000000    2.76606148
   11.55500000    2.78001033
   11.58000000    2.78956281
   11.60500000    2.79455294
   11.63000000    2.79448138
   11.65500000    2.78989460
   11.68000000    2.78457934
   11.70500000    2.78194098
   11.73000000    2.78197202
   11.75500000    2.78202749
   11.78000000    2.78137420
   11.80500000    2.78018062
   11.83000000    2.77657772
   11.85500000    2.76964330
   11.88000000    2.76068857
   11.90500000    2.75174313
   11.93000000    2.74446212
   11.95500000    2.73916960
   11.98000000    2.73518052
   12.00500000    2.73209618
   12.03000000    2.73082404
   12.05500000    2.73195173
   12.08000000    2.73500545
   12.10500000    2.73858927
   12.13000000    2.74153267
   12.15500000    2.74502958
   12.18000000    2.75196054
   12.20500000    2.76297972
   12.23000000    2.77537848
   12.25500000    2.78780344
   12.28000000    2.79854040
   12.30500000    2.80508095
   12.33000000    2.80790048
   12.35500000    2.81006948
   12.38000000    2.81545046
   12.40500000    2.82540673
   12.43000000    2.83859720
   12.45500000    2.85225970
   12.48000000    2.86448151
   12.50500000    2.87538248
   12.53000000    2.88528506
   12.55500000    2.89499309
   12.58000000    2.90560375
   12.60500000    2.91788790
   12.63000000    2.93130641
   12.65500000    2.94090547
   12.68000000    2.94559024
   12.70500000    2.94826265
   12.73000000    2.94965977
   12.75500000    2.94909550
   12.78000000    2.94786857
   12.80500000    2.94854888
   12.83000000    2.95183208
   12.85500000    2.95644405
   12.88000000    2.96256114
   12.90500000    2.97209766
   12.93000000    2.98524099
   12.95500000    2.99964120
   12.98000000    3.01225754
   13.00500000    3.02252188
   13.03000000    3.03118988
   13.05500000    3.03949870
   13.08000000    3.04990271
   13.10500000    3.06317867
   13.13000000    3.07699017
   13.15500000    3.08775002
   13.18000000    3.09486516
   13.20500000    3.10035100
   13.23000000    3.10554840
   13.25500000    3.10812690
   13.28000000    3.10657367
   13.30500000    3.10298149
   13.33000000    3.09998639
   13.35500000    3.09889944
   13.38000000    3.10043982
   13.40500000    3.10638556
   13.43000000    3.11811551
   13.45500000    3.13403511
   13.48000000    3.15007608
   13.50500000    3.16269626
   13.53000000    3.17276331
   13.55500000    3.18310270
   13.58000000    3.19327581
   13.60500000    3.20222321
   13.63000000    3.21057964
   13.65500000    3.21682161
   13.68000000    3.21930260
   13.70500000    3.21769279
   13.73000000    3.21407686
   13.75500000    3.21140551
   13.78000000    3.21122778
   13.80500000    3.21434672
   13.83000000    3.22201942
   13.85500000    3.23375822
   13.88000000    3.24701106
   13.90500000    3.25974162
   13.93000000    3.27169612
   13.95500000    3.28327174
   13.98000000    3.29420559
   14.00500000    3.30656390
   14.03000000    3.32033887
   14.05500000    3.33228300
   14.08000000    3.34152269
   14.10500000    3.35038190
   14.13000000    3.35964058
   14.15500000    3.36860013
   14.18000000    3.37777733
   14.20500000    3.38808668
   14.23000000    3.39964787
   14.25500000    3.41115843
   14.28000000    3.42093569
   14.30500000    3.42741836
   14.33000000    3.42900697
   14.35500000    3.42476355
   14.38000000    3.41766395
   14.40500000    3.41100904
   14.43000000    3.40497993
   14.45500000    3.39751176
   14.48000000    3.38834483
   14.50500000    3.37939452
   14.53000000    3.37440415
   14.55500000    3.37585231
   14.58000000    3.38213082
   14.60500000    3.39011771
   14.63000000    3.39809590
   14.65500000    3.40526113
   14.68000000    3.41171820
   14.70500000    3.41570588
   14.73000000    3.41552954
   14.75500000    3.41172165
   14.78000000    3.40424574
   14.80500000    3.39390353
   14.83000000    3.38403958
   14.85500000    3.37860959
   14.88000000    3.37782110
   14.90500000    3.37848100
   14.93000000    3.37921609
   14.95500000    3.38028912
   14.98000000    3.38224887
   15.00500000    3.38489973
   15.03000000    3.38697883
   15.05500000    3.38805872
   15.08000000    3.38815337
   15.10500000    3.38716257
   15.13000000    3.38475393
   15.15500000    3.38037040
   15.18000000    3.37356384
   15.20500000    3.36437754
   15.23000000    3.35410827
   15.25500000    3.34413354
   15.28000000    3.33595183
   15.30500000    3.33051218
   15.33000000    3.32783516
   15.35500000    3.32497670
   15.38000000    3.32182794
   15.40500000    3.32121398
   15.43000000    3.32280793
   15.45500000    3.32538202
   15.48000000    3.32579174
   15.50500000    3.32184371
   15.53000000    3.31457467
   15.55500000    3.30629877
   15.58000000    3.30024690
   15.60500000    3.29774201
   15.63000000    3.29953016
   15.65500000    3.30697354
   15.68000000    3.31923676
   15.70500000    3.33162980
   15.73000000    3.34051461
   15.75500000    3.34735173
   15.78000000    3.35657117
   15.80500000    3.37084711
   15.83000000    3.38930528
   15.85500000    3.40895951
   15.88000000    3.42712694
   15.90500000    3.44207221
   15.93000000    3.45351133
   15.95500000    3.46142173
   15.98000000    3.46552396
   16.00500000    3.46763490
   16.03000000    3.46986280
   16.05500000    3.47575817
   16.08000000    3.48819882
   16.10500000    3.50411842
   16.13000000    3.51815854
   16.15500000    3.52836086
   16.18000000    3.53613333
   16.20500000    3.54284379
   16.23000000    3.55034337
   16.25500000    3.56012170
   16.28000000    3.57256537
   16.30500000    3.58849833
   16.33000000    3.60494187
   16.35500000    3.61638207
   16.38000000    3.62141206
   16.40500000    3.62342883
   16.43000000    3.62678196
   16.45500000    3.63194059
   16.48000000    3.63846431
   16.50500000    3.64804634
   16.53000000    3.66106369
   16.55500000    3.67675902
   16.58000000    3.69373615
   16.60500000    3.71009419
   16.63000000    3.72309777
   16.65500000    3.73053513
   16.68000000    3.73195557
   16.70500000    3.72868374
   16.73000000    3.72478608
   16.75500000    3.72436898
   16.78000000    3.72722276
   16.80500000    3.73078769
   16.83000000    3.73265882
   16.85500000    3.73235158
   16.88000000    3.73211611
   16.90500000    3.73480753
   16.93000000    3.74063209
   16.95500000    3.74658615
   16.98000000    3.75134017
   17.00500000    3.75534909
   17.03000000    3.75915737
   17.05500000    3.76172464
   17.08000000    3.75890881
   17.10500000    3.74870203
   17.13000000    3.73359064
   17.15500000    3.71915199
   17.18000000    3.71069579
   17.20500000    3.71015800
   17.23000000    3.71699117
   17.25500000    3.72794892
   17.28000000    3.73926165
   17.30500000    3.74932739
   17.33000000    3.75808242
   17.35500000    3.76548029
   17.38000000    3.77075209
   17.40500000    3.77388028
   17.43000000    3.77717116
   17.45500000    3.78296908
   17.48000000    3.79149168
   17.50500000    3.80223243
   17.53000000    3.81303638
   17.55500000    3.82152751
   17.58000000    3.82836749
   17.60500000    3.83498305
   17.63000000    3.84260655
   17.65500000    3.85238364
   17.68000000    3.86209591
   17.70500000    3.86855034
   17.73000000    3.87229187
   17.75500000    3.87536550
   17.78000000    3.87853712
   17.80500000    3.88323310
   17.83000000    3.88979077
   17.85500000    3.89658819
   17.88000000    3.90314143
   17.90500000    3.91093399
   17.93000000    3.91974670
   17.95500000    3.92828565
   17.98000000    3.93591055
   18.00500000    3.94215623
   18.03000000    3.94647266
   18.05500000    3.94887652
   18.08000000    3.94844864
   18.10500000    3.94609231
   18.13000000    3.94473149
   18.15500000    3.94552367
   18.18000000    3.94726035
   18.20500000    3.94826447
   18.23000000    3.94961973
   18.25500000    3.95155058
   18.28000000    3.94963640
   18.30500000    3.94000559
   18.33000000    3.92527787
   18.35500000    3.91185483
   18.38000000    3.90367865
   18.40500000    3.90099265
   18.43000000    3.90203396
   18.45500000    3.90396035
   18.48000000    3.90356088
   18.50500000    3.90114668
   18.53000000    3.89953740
   18.55500000    3.90197036
   18.58000000    3.91036999
   18.60500000    3.92383725
   18.63000000    3.93746264
   18.65500000    3.94948380
   18.68000000    3.95926463
   18.70500000    3.96573911
   18.73000000    3.96921447
   18.75500000    3.97359489
   18.78000000    3.98200847
   18.80500000    3.99358785
   18.83000000    4.00720917
   18.85500000    4.02334341
   18.88000000    4.03958146
   18.90500000    4.04985466
   18.93000000    4.05378085
   18.95500000    4.05644297
   18.98000000    4.06073496
   19.00500000    4.06968016
   19.03000000    4.08358320
   19.05500000    4.10010492
   19.08000000    4.11747608
   19.10500000    4.13375909
   19.13000000    4.14740215
   19.15500000    4.15587386
   19.18000000    4.15964227
   19.20500000    4.16233411
   19.23000000    4.16659170
   19.25500000    4.17335029
   19.28000000    4.18359702
   19.30500000    4.19711124
   19.33000000    4.21271265
   19.35500000    4.22976598
   19.38000000    4.24709213
   19.40500000    4.26240745
   19.43000000    4.27565535
   19.45500000    4.28729622
   19.48000000    4.29519640
   19.50500000    4.29858600
   19.53000000    4.29982405
   19.55500000    4.30149349
   19.58000000    4.30410643
   19.60500000    4.30660928
   19.63000000    4.30891577
   19.65500000    4.31048554
   19.68000000    4.31162270
   19.70500000    4.31487997
   19.73000000    4.32250846
   19.75500000    4.33470564
   19.78000000    4.34762705
   19.80500000    4.35712146
   19.83000000    4.36220427
   19.85500000    4.36386784
   19.88000000    4.36375384
   19.90500000    4.36274405
   19.93000000    4.36187579
   19.95500000    4.36371525
   19.98000000    4.36915107
   20.00500000    4.37587140
   20.03000000    4.38185970
   20.05500000    4.38694688
   20.08000000    4.39113812
   20.10500000    4.39585945
   20.13000000    4.40154040
   20.15500000    4.40699564
   20.18000000    4.41320278
   20.20500000    4.42229698
   20.23000000    4.43253878
   20.25500000    4.44032160
   20.28000000    4.44383090
   20.30500000    4.44325350
   20.33000000    4.44026053
   20.35500000    4.43646852
   20.38000000    4.43363217
   20.40500000    4.43334795
   20.43000000    4.43554257
   20.45500000    4.43955731
   20.48000000    4.44524385
   20.50500000    4.45170951
   20.53000000    4.45970861
   20.55500000    4.47166736
   20.58000000    4.48624568
   20.60500000    4.49896474
   20.63000000    4.50543276
   20.65500000    4.50343181
   20.68000000    4.49339766
   20.70500000    4.47994343
   20.73000000    4.46709422
   20.75500000    4.45488653
   20.78000000    4.44093749
   20.80500000    4.42449350
   20.83000000    4.40925026
   20.85500000    4.40259066
   20.88000000    4.40672329
   20.90500000    4.41689543
   20.93000000    4.42922526
   20.95500000    4.44283443
   20.98000000    4.45515384
   21.00500000    4.46198614
   21.03000000    4.46308197
   21.05500000    4.46056542
   21.08000000    4.45575974
   21.10500000    4.45002796
   21.13000000    4.44524808
   21.15500000    4.44280755
   21.18000000    4.44476731
   21.20500000    4.45253761
   21.23000000    4.46505107
   21.25500000    4.47970494
   21.28000000    4.49345519
   21.30500000    4.50473335
   21.33000000    4.51514373
   21.35500000    4.52735226
   21.38000000    4.54297361
   21.40500000    4.55883998
   21.43000000    4.57052084
   21.45500000    4.57812174
   21.48000000    4.58275200
   21.50500000    4.58299233
   21.53000000    4.57768070
   21.55500000    4.56981486
   21.58000000    4.56137117
   21.60500000    4.55344699
   21.63000000    4.54545591
   21.65500000    4.53500560
   21.68000000    4.52168537
   21.70500000    4.50852459
   21.73000000    4.49754012
   21.75500000    4.49033629
   21.78000000    4.48877602
   21.80500000    4.49217441
   21.83000000    4.49858998
   21.85500000    4.50798344
   21.88000000    4.51991381
   21.90500000    4.53437027
   21.93000000    4.55203869
   21.95500000    4.57326769
   21.98000000    4.59621720
   22.00500000    4.61754201
   22.03000000    4.63664904
   22.05500000    4.65258986
   22.08000000    4.66364195
   22.10500000    4.67035473
   22.13000000    4.67455389
   22.15500000    4.67774257
   22.18000000    4.68153358
   22.20500000    4.68699289
   22.23000000    4.69431236
   22.25500000    4.70328428
   22.28000000    4.71094570
   22.30500000    4.71373229
   22.33000000    4.71242477
   22.35500000    4.70692259
   22.38000000    4.69935106
   22.40500000    4.69509070
   22.43000000    4.69788582
   22.45500000    4.70418221
   22.48000000    4.70836706
   22.50500000    4.70850809
   22.53000000    4.70593123
   22.55500000    4.70178686
   22.58000000    4.69553447
   22.60500000    4.68681639
   22.63000000    4.67773275
   22.65500000    4.67160386
   22.68000000    4.66918887
   22.70500000    4.66889879
   22.73000000    4.66904234
   22.75500000    4.66758843
   22.78000000    4.66391606
   22.80500000    4.65798963
   22.83000000    4.65156428
   22.85500000    4.64749841
   22.88000000    4.64651287
   22.90500000    4.64698587
   22.93000000    4.64726766
   22.95500000    4.64783812
   22.98000000    4.65291039
   23.00500000    4.66392726
   23.03000000    4.67823104
   23.05500000    4.69533294
   23.08000000    4.71657670
   23.10500000    4.74089142
   23.13000000    4.76668009
   23.15500000    4.79336915
   23.18000000    4.81670371
   23.20500000    4.82866798
   23.23000000    4.82715714
   23.25500000    4.81818084
   23.28000000    4.80851027
   23.30500000    4.80120381
   23.33000000    4.79526271
   23.35500000    4.78858310
   23.38000000    4.77918456
   23.40500000    4.76716314
   23.43000000    4.75487069
   23.45500000    4.74593208
   23.48000000    4.74189101
   23.50500000    4.74236556
   23.53000000    4.74690882
   23.55500000    4.75600063
   23.58000000    4.76956735
   23.60500000    4.78429398
   23.63000000    4.79617327
   23.65500000    4.80292767
   23.68000000    4.80568255
   23.70500000    4.80695380
   23.73000000    4.80564508
   23.75500000    4.80027364
   23.78000000    4.79239183
   23.80500000    4.78611756
   23.83000000    4.78568144
   23.85500000    4.79214222
   23.88000000    4.80390273
   23.90500000    4.81998185
   23.93000000    4.83944138
   23.95500000    4.85865802
   23.98000000    4.87207276
   24.00500000    4.87734699
   24.03000000    4.87653133
   24.05500000    4.87366096
   24.08000000    4.86999267
   24.10500000    4.86458471
   24.13000000    4.85825363
   24.15500000    4.85119559
   24.18000000    4.84319275
   24.20500000    4.83495445
   24.23000000    4.82787159
   24.25500000    4.82429406
   24.28000000    4.82513315
   24.30500000    4.83009461
   24.33000000    4.83894972
   24.35500000    4.85006577
   24.38000000    4.85895140
   24.40500000    4.86056708
   24.43000000    4.85347023
   24.45500000    4.83833813
   24.48000000    4.81804712
   24.50500000    4.79888955
   24.53000000    4.78486423
   24.55500000    4.77609732
   24.58000000    4.77195598
   24.60500000    4.77207896
   24.63000000    4.77687619
   24.65500000    4.78559066
   24.68000000    4.79642930
   24.70500000    4.80923452
   24.73000000    4.82340678
   24.75500000    4.83574700
   24.78000000    4.84483493
   24.80500000    4.85163639
   24.83000000    4.85624232
   24.85500000    4.85733083
   24.88000000    4.85490359
   24.90500000    4.85176312
   24.93000000    4.85338240
   24.95500000    4.86339011
   24.98000000    4.88361100
   25.00500000    4.91211691
   25.03000000    4.94235026
   25.05500000    4.96820978
   25.08000000    4.98633397
   25.10500000    4.99679686
   25.13000000    5.00075247
   25.15500000    4.99895373
   25.18000000    4.99326865
   25.20500000    4.98760967
   25.23000000    4.98404661
   25.25500000    4.98257331
   25.28000000    4.98247949
   25.30500000    4.98350343
   25.33000000    4.98403499
   25.35500000    4.98190863
   25.38000000    4.97859724
   25.40500000    4.98192048
   25.43000000    4.99306362
   25.45500000    5.00644126
   25.48000000    5.01752460
   25.50500000    5.02471136
   25.53000000    5.02827132
   25.55500000    5.02634861
   25.58000000    5.01856793
   25.60500000    5.00773770
   25.63000000    4.99908963
   25.65500000    4.99542801
   25.68000000    4.99594441
   25.70500000    4.99935637
   25.73000000    5.00557595
   25.75500000    5.01454032
   25.78000000    5.02513145
   25.80500000    5.03791678
   25.83000000    5.05429706
   25.85500000    5.07370901
   25.88000000    5.09694375
   25.90500000    5.12446958
   25.93000000    5.15468356
   25.95500000    5.18402694
   25.98000000    5.20661181
   26.00500000    5.21865151
   26.03000000    5.21945788
   26.05500000    5.21197135
   26.08000000    5.20213732
   26.10500000    5.19269451
   26.13000000    5.18263085
   26.15500000    5.17035441
   26.18000000    5.15689097
   26.20500000    5.14466211
   26.23000000    5.13549904
   26.25500000    5.13147226
   26.28000000    5.13270601
   26.30500000    5.13761054
   26.33000000    5.14431929
   26.35500000    5.15155598
   26.38000000    5.15795016
   26.40500000    5.16076016
   26.43000000    5.15561461
   26.45500000    5.14370728
   26.48000000    5.13143959
   26.50500000    5.12309827
   26.53000000    5.12034250
   26.55500000    5.12376688
   26.58000000    5.13195410
   26.60500000    5.14215382
   26.63000000    5.15439426
   26.65500000    5.16982874
   26.68000000    5.18739877
   26.70500000    5.20266329
   26.73000000    5.21002390
   26.75500000    5.21029902
   26.78000000    5.20897973
   26.80500000    5.20933785
   26.83000000    5.21109738
   26.85500000    5.21283195
   26.88000000    5.21502888
   26.90500000    5.21728471
   26.93000000    5.21826772
   26.95500000    5.21842685
   26.98000000    5.21987353
   27.00500000    5.22295617
   27.03000000    5.22560447
   27.05500000    5.22559953
   27.08000000    5.22400614
   27.10500000    5.22526115
   27.13000000    5.23144585
   27.15500000    5.23878825
   27.18000000    5.24319759
   27.20500000    5.24128233
   27.23000000    5.23356094
   27.25500000    5.22379647
   27.28000000    5.21687774
   27.30500000    5.21511089
   27.33000000    5.21590126
   27.35500000    5.21665700
   27.38000000    5.21778198
   27.40500000    5.22143614
   27.43000000    5.22685965
   27.45500000    5.23292813
   27.48000000    5.23818151
   27.50500000    5.24290365
   27.53000000    5.25040023
   27.55500000    5.26232977
   27.58000000    5.27730449
   27.60500000    5.29283402
   27.63000000    5.30514853
   27.65500000    5.31164142
   27.68000000    5.31169076
   27.70500000    5.30952154
   27.73000000    5.30911791
   27.75500000    5.31009288
   27.78000000    5.31134248
   27.80500000    5.31297689
   27.83000000    5.31385255
   27.85500000    5.31398977
   27.88000000    5.31454879
   27.90500000    5.31588033
   27.93000000    5.31811761
   27.95500000    5.32122204
   27.98000000    5.32488318
   28.00500000    5.32803903
   28.03000000    5.33063250
   28.05500000    5.33386012
   28.08000000    5.33676975
   28.10500000    5.33857580
   28.13000000    5.34163280
   28.15500000    5.35082465
   28.18000000    5.36866317
   28.20500000    5.39411076
   28.23000000    5.42525507
   28.25500000    5.45706625
   28.28000000    5.48328128
   28.30500000    5.50211630
   28.33000000    5.51694973
   28.35500000    5.53366625
   28.38000000    5.55501221
   28.40500000    5.57737383
   28.43000000    5.59791950
   28.45500000    5.61959968
   28.48000000    5.64383228
   28.50500000    5.66634941
   28.53000000    5.68384358
   28.55500000    5.69957099
   28.58000000    5.71417042
   28.60500000    5.72311083
   28.63000000    5.72526951
   28.65500000    5.72375967
   28.68000000    5.72024596
   28.70500000    5.71365765
   28.73000000    5.70617351
   28.75500000    5.70164251
   28.78000000    5.70235357
   28.80500000    5.70994348
   28.83000000    5.72354092
   28.85500000    5.74032415
   28.88000000    5.75649973
   28.90500000    5.76754411
   28.93000000    5.77231907
   28.95500000    5.77263380
   28.98000000    5.77034683
   29.00500000    5.76655593
   29.03000000    5.76212122
   29.05500000    5.75730107
   29.08000000    5.75092866
   29.10500000    5.74335085
   29.13000000    5.73667989
   29.15500000    5.73223706
   29.18000000    5.73096345
   29.20500000    5.73131204
   29.23000000    5.73192176
   29.25500000    5.73499005
   29.28000000    5.74030279
   29.30500000    5.74716672
   29.33000000    5.75675811
   29.35500000    5.76945613
   29.38000000    5.78342655
   29.40500000    5.79639133
   29.43000000    5.80768509
   29.45500000    5.81827797
   29.48000000    5.82878740
   29.50500000    5.83902197
   29.53000000    5.84956781
   29.55500000    5.86127249
   29.58000000    5.87349715
   29.60500000    5.88608927
   29.63000000    5.89891122
   29.65500000    5.91026627
   29.68000000    5.91841858
   29.70500000    5.92447028
   29.73000000    5.93166954
   29.75500000    5.94052306
   29.78000000    5.94827156
   29.80500000    5.95409757
   29.83000000    5.95923965
   29.85500000    5.96414997
   29.88000000    5.96961797
   29.90500000    5.97841037
   29.93000000    5.99140719
   29.95500000    6.00660685
   29.98000000    6.02011191
   30.00500000    6.02828633
   30.03000000    6.03307109
   30.05500000    6.04020107
   30.08000000    6.05239811
   30.10500000    6.06526887
   30.13000000    6.07299029
   30.15500000    6.07458028
   30.18000000    6.07323112
   30.20500000    6.07516818
   30.23000000    6.08423767
   30.25500000    6.09949406
   30.28000000    6.11674547
   30.30500000    6.13228513
   30.33000000    6.14693061
   30.35500000    6.16259315
   30.38000000    6.18161488
   30.40500000    6.20470336
   30.43000000    6.22925557
   30.45500000    6.25317326
   30.48000000    6.27294202
   30.50500000    6.28446347
   30.53000000    6.28955185
   30.55500000    6.29215574
   30.58000000    6.29243542
   30.60500000    6.29082798
   30.63000000    6.28844726
   30.65500000    6.28649712
   30.68000000    6.28527189
   30.70500000    6.28490127
   30.73000000    6.28682899
   30.75500000    6.29134924
   30.78000000    6.29861777
   30.80500000    6.30829535
   30.83000000    6.31741089
   30.85500000    6.32212393
   30.88000000    6.32237968
   30.90500000    6.32181127
   30.93000000    6.32583745
   30.95500000    6.33587784
   30.98000000    6.34761852
   31.00500000    6.35559377
   31.03000000    6.35592825
   31.05500000    6.34992993
   31.08000000    6.34271680
   31.10500000    6.34172840
   31.13000000    6.35105641
   31.15500000    6.36852216
   31.18000000    6.38814912
   31.20500000    6.40137227
   31.23000000    6.40526232
   31.25500000    6.40276070
   31.28000000    6.39721952
   31.30500000    6.39084527
   31.33000000    6.38415635
   31.35500000    6.37866606
   31.38000000    6.37610591
   31.40500000    6.37616455
   31.43000000    6.37738281
   31.45500000    6.37966987
   31.48000000    6.38446247
   31.50500000    6.38993834
   31.53000000    6.39174485
   31.55500000    6.38954431
   31.58000000    6.38518343
   31.60500000    6.38067079
   31.63000000    6.37918570
   31.65500000    6.38268571
   31.68000000    6.38864759
   31.70500000    6.39199417
   31.73000000    6.39044885
   31.75500000    6.38476157
   31.78000000    6.37789790
   31.80500000    6.37454865
   31.83000000    6.37901348
   31.85500000    6.39319794
   31.88000000    6.41440714
   31.90500000    6.43693001
   31.93000000    6.45756087
   31.95500000    6.47443991
   31.98000000    6.48642564
   32.00500000    6.49315575
   32.03000000    6.49390677
   32.05500000    6.48905122
   32.08000000    6.48359585
   32.10500000    6.48430744
   32.13000000    6.49215696
   32.15500000    6.50251189
   32.18000000    6.51256471
   32.20500000    6.52177504
   32.23000000    6.52946854
   32.25500000    6.53294512
   32.28000000    6.53023151
   32.30500000    6.52164636
   32.33000000    6.50919153
   32.35500000    6.49504008
   32.38000000    6.47915749
   32.40500000    6.46310840
   32.43000000    6.45059722
   32.45500000    6.44455778
   32.48000000    6.44379466
   32.50500000    6.44636684
   32.53000000    6.45090205
   32.55500000    6.45876618
   32.58000000    6.47125669
   32.60500000    6.48960238
   32.63000000    6.51277783
   32.65500000    6.53400980
   32.68000000    6.54907760
   32.70500000    6.55850050
   32.73000000    6.56173478
   32.75500000    6.55962246
   32.78000000    6.55542900
   32.80500000    6.55422653
   32.83000000    6.56125932
   32.85500000    6.57444680
   32.88000000    6.58563307
   32.90500000    6.59206345
   32.93000000    6.59340424
   32.95500000    6.59100993
   32.98000000    6.59055152
   33.00500000    6.59451051
   33.03000000    6.60479498
   33.05500000    6.62422252
   33.08000000    6.65136483
   33.10500000    6.68202380
   33.13000000    6.70983253
   33.15500000    6.72902870
   33.18000000    6.73965041
   33.20500000    6.74630911
   33.23000000    6.75308130
   33.25500000    6.76272469
   33.28000000    6.77576522
   33.30500000    6.78843890
   33.33000000    6.79839507
   33.35500000    6.80650426
   33.38000000    6.81418566
   33.40500000    6.82285283
   33.43000000    6.83104739
   33.45500000    6.83774263
   33.48000000    6.84734833
   33.50500000    6.86256063
   33.53000000    6.88100788
   33.55500000    6.89999365
   33.58000000    6.91634194
   33.60500000    6.92456513
   33.63000000    6.92526561
   33.65500000    6.92480784
   33.68000000    6.92754110
   33.70500000    6.93389429
   33.73000000    6.94055408
   33.75500000    6.94556296
   33.78000000    6.94730693
   33.80500000    6.94444275
   33.83000000    6.93685731
   33.85500000    6.92410400
   33.88000000    6.90814638
   33.90500000    6.89597745
   33.93000000    6.89405546
   33.95500000    6.90233229
   33.98000000    6.91758849
   34.00500000    6.93935165
   34.03000000    6.96963261
   34.05500000    7.00362508
   34.08000000    7.03215088
   34.10500000    7.05153200
   34.13000000    7.05996569
   34.15500000    7.05654368
   34.18000000    7.04527201
   34.20500000    7.03011923
   34.23000000    7.01183940
   34.25500000    6.99164812
   34.28000000    6.97739939
   34.30500000    6.97907226
   34.33000000    6.99828125
   34.35500000    7.02925687
   34.38000000    7.06251280
   34.40500000    7.08817554
   34.43000000    7.10446390
   34.45500000    7.11522501
   34.48000000    7.12402307
   34.50500000    7.13319762
   34.53000000    7.14342199
   34.55500000    7.15463574
   34.58000000    7.16747296
   34.60500000    7.17989529
   34.63000000    7.18949871
   34.65500000    7.19714235
   34.68000000    7.20472238
   34.70500000    7.21378616
   34.73000000    7.22516254
   34.75500000    7.23896499
   34.78000000    7.25153260
   34.80500000    7.26028135
   34.83000000    7.26830709
   34.85500000    7.28034257
   34.88000000    7.29997535
   34.90500000    7.32948913
   34.93000000    7.36447068
   34.95500000    7.39766635
   34.98000000    7.42371492
   35.00500000    7.44017043
   35.03000000    7.44978593
   35.05500000    7.45621043
   35.08000000    7.45977109
   35.10500000    7.46054926
   35.13000000    7.46136053
   35.15500000    7.46604984
   35.18000000    7.47584748
   35.20500000    7.48838974
   35.23000000    7.50160592
   35.25500000    7.51336390
   35.28000000    7.52271015
   35.30500000    7.53093647
   35.33000000    7.53917031
   35.35500000    7.54860615
   35.38000000    7.56006834
   35.40500000    7.57188329
   35.43000000    7.58115410
   35.45500000    7.58563119
   35.48000000    7.58541270
   35.50500000    7.58260494
   35.53000000    7.57838676
   35.55500000    7.57377420
   35.58000000    7.57043146
   35.60500000    7.56965979
   35.63000000    7.56964903
   35.65500000    7.57005930
   35.68000000    7.57194741
   35.70500000    7.57194591
   35.73000000    7.56315869
   35.75500000    7.54664199
   35.78000000    7.52582739
   35.80500000    7.50320693
   35.83000000    7.48101069
   35.85500000    7.46288515
   35.88000000    7.45395089
   35.90500000    7.45690332
   35.93000000    7.46756264
   35.95500000    7.48059732
   35.98000000    7.49494790
   36.00500000    7.51178566
   36.03000000    7.53014739
   36.05500000    7.54743347
   36.08000000    7.56193657
   36.10500000    7.57377827
   36.13000000    7.58133816
   36.15500000    7.58360314
   36.18000000    7.58507188
   36.20500000    7.59360236
   36.23000000    7.61073844
   36.25500000    7.63000420
   36.28000000    7.64669170
   36.30500000    7.65912298
   36.33000000    7.66660077
   36.35500000    7.67265291
   36.38000000    7.68221650
   36.40500000    7.69227462
   36.43000000    7.69679231
   36.45500000    7.69478864
   36.48000000    7.68789437
   36.50500000    7.67861110
   36.53000000    7.66978447
   36.55500000    7.66562746
   36.58000000    7.66779700
   36.60500000    7.67238313
   36.63000000    7.67487964
   36.65500000    7.67207965
   36.68000000    7.66331913
   36.70500000    7.65187229
   36.73000000    7.64179949
   36.75500000    7.63638399
   36.78000000    7.63903451
   36.80500000    7.64698848
   36.83000000    7.65502140
   36.85500000    7.66189719
   36.88000000    7.66719595
   36.90500000    7.67141693
   36.93000000    7.67660853
   36.95500000    7.68456283
   36.98000000    7.69735470
   37.00500000    7.71453347
   37.03000000    7.73052483
   37.05500000    7.74281217
   37.08000000    7.75296376
   37.10500000    7.75988763
   37.13000000    7.76586429
   37.15500000    7.77466847
   37.18000000    7.78570953
   37.20500000    7.79672781
   37.23000000    7.80829169
   37.25500000    7.81891160
   37.28000000    7.82660597
   37.30500000    7.83410813
   37.33000000    7.84406799
   37.35500000    7.85684092
   37.38000000    7.87334905
   37.40500000    7.89204815
   37.43000000    7.90813900
   37.45500000    7.91866448
   37.48000000    7.92444294
   37.50500000    7.92661554
   37.53000000    7.92618798
   37.55500000    7.92540914
   37.58000000    7.92683848
   37.60500000    7.93364066
   37.63000000    7.94772566
   37.65500000    7.96724757
   37.68000000    7.98770917
   37.70500000    8.00824848
   37.73000000    8.02970017
   37.75500000    8.05357332
   37.78000000    8.08080835
   37.80500000    8.10926284
   37.83000000    8.13384599
   37.85500000    8.15368428
   37.88000000    8.16848428
   37.90500000    8.17865195
   37.93000000    8.18467132
   37.95500000    8.18875290
   37.98000000    8.19353145
   38.00500000    8.20369855
   38.03000000    8.21740639
   38.05500000    8.22956374
   38.08000000    8.24017441
   38.10500000    8.24801885
   38.13000000    8.25182296
   38.15500000    8.25163210
   38.18000000    8.24942822
   38.20500000    8.24770089
   38.23000000    8.24949028
   38.25500000    8.25535400
   38.28000000    8.26204165
   38.30500000    8.26335616
   38.33000000    8.25646021
   38.35500000    8.24711051
   38.38000000    8.23993340
   38.40500000    8.23354477
   38.43000000    8.22727507
   38.45500000    8.22417665
   38.48000000    8.22556780
   38.50500000    8.23388688
   38.53000000    8.25221893
   38.55500000    8.28055480
   38.58000000    8.31754848
   38.60500000    8.35815058
   38.63000000    8.39542340
   38.65500000    8.42503334
   38.68000000    8.44376017
   38.70500000    8.44831836
   38.73000000    8.43913801
   38.75500000    8.42172018
   38.78000000    8.40253909
   38.80500000    8.38439585
   38.83000000    8.36826279
   38.85500000    8.35742194
   38.88000000    8.35474458
   38.90500000    8.36029440
   38.93000000    8.37126040
   38.95500000    8.38435007
   38.98000000    8.39658444
   39.00500000    8.40448151
   39.03000000    8.40704669
   39.05500000    8.40665515
   39.08000000    8.40191439
   39.10500000    8.38874004
   39.13000000    8.36647464
   39.15500000    8.34096500
   39.18000000    8.31801813
   39.20500000    8.30048676
   39.23000000    8.28933359
   39.25500000    8.28423272
   39.28000000    8.28473947
   39.30500000    8.29199630
   39.33000000    8.30428029
   39.35500000    8.31723461
   39.38000000    8.33446995
   39.40500000    8.35766039
   39.43000000    8.38246725
   39.45500000    8.40302509
   39.48000000    8.41551648
   39.50500000    8.42102545
   39.53000000    8.42268146
   39.55500000    8.42318343
   39.58000000    8.42498069
   39.60500000    8.42882219
   39.63000000    8.43559046
   39.65500000    8.44902647
   39.68000000    8.47165288
   39.70500000    8.50004209
   39.73000000    8.52833451
   39.75500000    8.55183174
   39.78000000    8.56961772
   39.80500000    8.58446761
   39.83000000    8.59780261
   39.85500000    8.60938231
   39.88000000    8.61982333
   39.90500000    8.63227782
   39.93000000    8.64812109
   39.95500000    8.66189546
   39.98000000    8.66849873
   40.00500000    8.66749365
   40.03000000    8.66427992
   40.05500000    8.66255284
   40.08000000    8.66097298
   40.10500000    8.65947250
   40.13000000    8.66005624
   40.15500000    8.66347616
   40.18000000    8.66819904
   40.20500000    8.67392556
   40.23000000    8.68184278
   40.25500000    8.69436735
   40.28000000    8.71118567
   40.30500000    8.72615802
   40.33000000    8.73724393
   40.35500000    8.74536449
   40.38000000    8.75239081
   40.40500000    8.76241266
   40.43000000    8.77801249
   40.45500000    8.79992572
   40.48000000    8.82697187
   40.50500000    8.85704628
   40.53000000    8.88418449
   40.55500000    8.90468672
   40.58000000    8.91980580
   40.60500000    8.92857791
   40.63000000    8.93082361
   40.65500000    8.93278726
   40.68000000    8.93842021
   40.70500000    8.94752539
   40.73000000    8.96009075
   40.75500000    8.97683419
   40.78000000    8.99558720
   40.80500000    9.01104069
   40.83000000    9.02316952
   40.85500000    9.03497293
   40.88000000    9.04552100
   40.90500000    9.05527443
   40.93000000    9.06652711
   40.95500000    9.08102526
   40.98000000    9.09953531
   41.00500000    9.12123082
   41.03000000    9.14608323
   41.05500000    9.17334120
   41.08000000    9.20137689
   41.10500000    9.22841445
   41.13000000    9.25365000
   41.15500000    9.27854353
   41.18000000    9.29968935
   41.20500000    9.30910784
   41.23000000    9.30479057
   41.25500000    9.29437641
   41.28000000    9.28899389
   41.30500000    9.29471085
   41.33000000    9.31096124
   41.35500000    9.33599362
   41.38000000    9.36519051
   41.40500000    9.38945133
   41.43000000    9.40311946
   41.45500000    9.40271550
   41.48000000    9.38722726
   41.50500000    9.36228513
   41.53000000    9.33983033
   41.55500000    9.33490645
   41.58000000    9.35265819
   41.60500000    9.38551266
   41.63000000    9.42124489
   41.65500000    9.44737847
   41.68000000    9.45814324
   41.70500000    9.45196229
   41.73000000    9.42998961
   41.75500000    9.40291001
   41.78000000    9.38209818
   41.80500000    9.37216034
   41.83000000    9.37188184
   41.85500000    9.37771039
   41.88000000    9.38977024
   41.90500000    9.40808378
   41.93000000    9.42641615
   41.95500000    9.43878930
   41.98000000    9.44536243
   42.00500000    9.44818451
   42.03000000    9.44747961
   42.05500000    9.44277040
   42.08000000    9.43624174
   42.10500000    9.43341183
   42.13000000    9.44110986
   42.15500000    9.45966207
   42.18000000    9.48343678
   42.20500000    9.50606537
   42.23000000    9.52235685
   42.25500000    9.52837354
   42.28000000    9.52612855
   42.30500000    9.52324369
   42.33000000    9.52540330
   42.35500000    9.53208958
   42.38000000    9.54347255
   42.40500000    9.55944489
   42.43000000    9.57973235
   42.45500000    9.60460348
   42.48000000    9.63101079
   42.50500000    9.65377045
   42.53000000    9.66986491
   42.55500000    9.68048579
   42.58000000    9.68714584
   42.60500000    9.69240112
   42.63000000    9.69890777
   42.65500000    9.70706323
   42.68000000    9.71414988
   42.70500000    9.71937754
   42.73000000    9.72442607
   42.75500000    9.72743696
   42.78000000    9.72465638
   42.80500000    9.71450371
   42.83000000    9.70072819
   42.85500000    9.69308265
   42.88000000    9.69651678
   42.90500000    9.70933800
   42.93000000    9.72401800
   42.95500000    9.73165093
   42.98000000    9.73167267
   43.00500000    9.72908836
   43.03000000    9.72667490
   43.05500000    9.72627916
   43.08000000    9.72912093
   43.10500000    9.73408657
   43.13000000    9.73743225
   43.15500000    9.73488287
   43.18000000    9.72480991
   43.20500000    9.71308638
   43.23000000    9.70743105
   43.25500000    9.70798340
   43.28000000    9.71050513
   43.30500000    9.70908900
   43.33000000    9.70118421
   43.35500000    9.68580541
   43.38000000    9.66453856
   43.40500000    9.64398130
   43.43000000    9.63043576
   43.45500000    9.62663945
   43.48000000    9.63199842
   43.50500000    9.64545814
   43.53000000    9.66795024
   43.55500000    9.69754600
   43.58000000    9.72962788
   43.60500000    9.76011702
   43.63000000    9.78422273
   43.65500000    9.79720181
   43.68000000    9.79839950
   43.70500000    9.79392910
   43.73000000    9.79260973
   43.75500000    9.79695585
   43.78000000    9.80554771
   43.80500000    9.81552671
   43.83000000    9.82086177
   43.85500000    9.82014517
   43.88000000    9.81613638
   43.90500000    9.81445780
   43.93000000    9.82080646
   43.95500000    9.83808985
   43.98000000    9.86282844
   44.00500000    9.88842194
   44.03000000    9.91324110
   44.05500000    9.93796745
   44.08000000    9.96275197
   44.10500000    9.98793923
   44.13000000   10.01325634
   44.15500000   10.03673541
   44.18000000   10.05596110
   44.20500000   10.06900207
   44.23000000   10.07392348
   44.25500000   10.07494806
   44.28000000   10.07436413
   44.30500000   10.07317559
   44.33000000   10.07417992
   44.35500000   10.07807048
   44.38000000   10.08629734
   44.40500000   10.10211861
   44.43000000   10.12786585
   44.45500000   10.16108343
   44.48000000   10.19541335
   44.50500000   10.22501161
   44.53000000   10.24556955
   44.55500000   10.25238414
   44.58000000   10.24164237
   44.60500000   10.21549402
   44.63000000   10.18938006
   44.65500000   10.17850312
   44.68000000   10.18365495
   44.70500000   10.19382793
   44.73000000   10.20159961
   44.75500000   10.20328198
   44.78000000   10.19964693
   44.80500000   10.19484723
   44.83000000   10.18992787
   44.85500000   10.18367216
   44.88000000   10.17483186
   44.90500000   10.16337629
   44.93000000   10.15471163
   44.95500000   10.15347217
   44.98000000   10.16094893
   45.00500000   10.17680076
   45.03000000   10.19592353
   45.05500000   10.21113896
   45.08000000   10.21998117
   45.10500000   10.22712735
   45.13000000   10.23847879
   45.15500000   10.25084890
   45.18000000   10.26222146
   45.20500000   10.27866824
   45.23000000   10.30603297
   45.25500000   10.34341063
   45.28000000   10.38600586
   45.30500000   10.42269369
   45.33000000   10.44125298
   45.35500000   10.44320474
   45.38000000   10.43779192
   45.40500000   10.43255326
   45.43000000   10.43060631
   45.45500000   10.43204595
   45.48000000   10.43451568
   45.50500000   10.43478639
   45.53000000   10.43458920
   45.55500000   10.43856764
   45.58000000   10.44940559
   45.60500000   10.46457336
   45.63000000   10.48069804
   45.65500000   10.49760123
   45.68000000   10.51776236
   45.70500000   10.54515144
   45.73000000   10.57744112
   45.75500000   10.60755516
   45.78000000   10.62919782
   45.80500000   10.63800666
   45.83000000   10.63705245
   45.85500000   10.63515510
   45.88000000   10.63737585
   45.90500000   10.64309659
   45.93000000   10.64983413
   45.95500000   10.65552062
   45.98000000   10.65763410
   46.00500000   10.65386752
   46.03000000   10.64478335
   46.05500000   10.63442449
   46.08000000   10.62639593
   46.10500000   10.62062684
   46.13000000   10.61453637
   46.15500000   10.60548931
   46.18000000   10.59401550
   46.20500000   10.58190535
   46.23000000   10.57212333
   46.25500000   10.56628998
   46.28000000   10.56578282
   46.30500000   10.57152234
   46.33000000   10.58120536
   46.35500000   10.59251390
   46.38000000   10.60433265
   46.40500000   10.61375691
   46.43000000   10.61801903
   46.45500000   10.61639627
   46.48000000   10.61202196
   46.50500000   10.60911095
   46.53000000   10.61066909
   46.55500000   10.61363675
   46.58000000   10.61200458
   46.60500000   10.60612173
   46.63000000   10.60064412
   46.65500000   10.59915795
   46.68000000   10.60976920
   46.70500000   10.63504144
   46.73000000   10.66751940
   46.75500000   10.70000523
   46.78000000   10.73035581
   46.80500000   10.75812615
   46.83000000   10.78297957
   46.85500000   10.80369505
   46.88000000   10.82024719
   46.90500000   10.83487934
   46.93000000   10.85087670
   46.95500000   10.87226985
   46.98000000   10.89918313
   47.00500000   10.92714728
   47.03000000   10.95007363
   47.05500000   10.96417007
   47.08000000   10.96805102
   47.10500000   10.96385060
   47.13000000   10.95686605
   47.15500000   10.95082438
   47.18000000   10.94574241
   47.20500000   10.94165813
   47.23000000   10.94070824
   47.25500000   10.94332105
   47.28000000   10.94590968
   47.30500000   10.94541598
   47.33000000   10.94039989
   47.35500000   10.93329610
   47.38000000   10.93091221
   47.40500000   10.93409762
   47.43000000   10.94012069
   47.45500000   10.94709049
   47.48000000   10.95647766
   47.50500000   10.96829193
   47.53000000   10.97935775
   47.55500000   10.99086561
   47.58000000   11.00755192
   47.60500000   11.02855978
   47.63000000   11.04732530
   47.65500000   11.05723429
   47.68000000   11.05692397
   47.70500000   11.05264561
   47.73000000   11.05125001
   47.75500000   11.05780968
   47.78000000   11.07301323
   47.80500000   11.09421198
   47.83000000   11.11695007
   47.85500000   11.13588936
   47.88000000   11.15151901
   47.90500000   11.16746479
   47.93000000   11.18300225
   47.95500000   11.19430944
   47.98000000   11.19908933
   48.00500000   11.19717675
   48.03000000   11.19147318
   48.05500000   11.18720867
   48.08000000   11.18799545
   48.10500000   11.19515063
   48.13000000   11.20827694
   48.15500000   11.22519229
   48.18000000   11.24139905
   48.20500000   11.25257137
   48.23000000   11.25854491
   48.25500000   11.26073740
   48.28000000   11.25750384
   48.30500000   11.24677827
   48.33000000   11.23139406
   48.35500000   11.21684567
   48.38000000   11.20577318
   48.40500000   11.19534755
   48.43000000   11.18314249
   48.45500000   11.17114866
   48.48000000   11.16118043
   48.50500000   11.15435504
   48.53000000   11.15303116
   48.55500000   11.15402097
   48.58000000   11.15364059
   48.60500000   11.15381390
   48.63000000   11.15784567
   48.65500000   11.16719684
   48.68000000   11.18153649
   48.70500000   11.19654810
   48.73000000   11.20898866
   48.75500000   11.22109760
   48.78000000   11.23717532
   48.80500000   11.25787652
   48.83000000   11.27917943
   48.85500000   11.29838349
   48.88000000   11.31439252
   48.90500000   11.32477158
   48.93000000   11.32831641
   48.95500000   11.32972280
   48.98000000   11.33629653
   49.00500000   11.35012451
   49.03000000   11.36723829
   49.05500000   11.38243343
   49.08000000   11.39376777
   49.10500000   11.40340706
   49.13000000   11.41686169
   49.15500000   11.43604781
   49.18000000   11.45906510
   49.20500000   11.48435915
   49.23000000   11.51056359
   49.25500000   11.53358987
   49.28000000   11.54930878
   49.30500000   11.55630404
   49.33000000   11.55790294
   49.35500000   11.56176095
   49.38000000   11.57352677
   49.40500000   11.59103782
   49.43000000   11.60954919
   49.45500000   11.62976468
   49.48000000   11.64730005
   49.50500000   11.65995702
   49.53000000   11.66991830
   49.55500000   11.67993506
   49.58000000   11.69209594
   49.60500000   11.70498781
   49.63000000   11.71946032
   49.65500000   11.73899646
   49.68000000   11.76352482
   49.70500000   11.79225670
   49.73000000   11.82692985
   49.75500000   11.86194363
   49.78000000   11.89139130
   49.80500000   11.91428411
   49.83000000   11.92960887
   49.85500000   11.93907834
   49.88000000   11.94707082
   49.90500000   11.95237285
   49.93000000   11.95379242
   49.95500000   11.95413374
   49.98000000   11.95776425
