    0.00500000    0.00005861
    0.03000000    0.00211738
    0.05500000    0.00699581
    0.08000000    0.01428697
    0.10500000    0.02308632
    0.13000000    0.03207295
    0.15500000    0.04030714
    0.18000000    0.04783288
    0.20500000    0.05482755
    0.23000000    0.06186078
    0.25500000    0.06933236
    0.28000000    0.07716634
    0.30500000    0.08540461
    0.33000000    0.09387097
    0.35500000    0.10227706
    0.38000000    0.11052537
    0.40500000    0.11854646
    0.43000000    0.12573702
    0.45500000    0.13213074
    0.48000000    0.13808518
    0.50500000    0.14350074
    0.53000000    0.14863542
    0.55500000    0.15386532
    0.58000000    0.15915136
    0.60500000    0.16469546
    0.63000000    0.17069896
    0.65500000    0.17628091
    0.68000000    0.18070761
    0.70500000    0.18472128
    0.73000000    0.18899111
    0.75500000    0.19376955
    0.78000000    0.19929251
    0.80500000    0.20586268
    0.83000000    0.21362831
    0.85500000    0.22195774
    0.88000000    0.23023080
    0.90500000    0.23883181
    0.93000000    0.24787391
    0.95500000    0.25712196
    0.98000000    0.26634924
    1.00500000    0.27553991
    1.03000000    0.28462618
    1.05500000    0.29343395
    1.08000000    0.30216770
    1.10500000    0.31077755
    1.13000000    0.31839221
    1.15500000    0.32463064
    1.18000000    0.33034346
    1.20500000    0.33619130
    1.23000000    0.34242007
    1.25500000    0.34881135
    1.28000000    0.35467666
    1.30500000    0.35962522
    1.33000000    0.36417716
    1.35500000    0.36835151
    1.38000000    0.37240531
    1.40500000    0.37721784
    1.43000000    0.38295525
    1.45500000    0.38899217
    1.48000000    0.39441157
    1.50500000    0.39806054
    1.53000000    0.39996087
    1.55500000    0.40106481
    1.58000000    0.40195802
    1.60500000    0.40311730
    1.63000000    0.40510607
    1.65500000    0.40806533
    1.68000000    0.41196307
    1.70500000    0.41700767
    1.73000000    0.42303365
    1.75500000    0.42958932
    1.78000000    0.43622329
    1.80500000    0.44308542
    1.83000000    0.45064494
    1.85500000    0.45883140
    1.88000000    0.46734185
    1.90500000    0.47620037
    1.93000000    0.48557098
    1.95500000    0.49600156
    1.98000000    0.50723140
    2.00500000    0.51871467
    2.03000000    0.53106225
    2.05500000    0.54475123
    2.08000000    0.55889296
    2.10500000    0.57184557
    2.13000000    0.58269868
    2.15500000    0.59182768
    2.18000000    0.60013038
    2.20500000    0.60687305
    2.23000000    0.61202779
    2.25500000    0.61685673
    2.28000000    0.62210088
    2.30500000    0.62829857
    2.33000000    0.63587556
    2.35500000    0.64529847
    2.38000000    0.65624798
    2.40500000    0.66803764
    2.43000000    0.67966987
    2.45500000    0.69001730
    2.48000000    0.69764673
    2.50500000    0.70195710
    2.53000000    0.70448246
    2.55500000    0.70695892
    2.58000000    0.71007009
    2.60500000    0.71363054
    2.63000000    0.71746455
    2.65500000    0.72200230
    2.68000000    0.72750736
    2.70500000    0.73480302
    2.73000000    0.74441326
    2.75500000    0.75565236
    2.78000000    0.76716759
    2.80500000    0.77852133
    2.83000000    0.78887651
    2.85500000    0.79784398
    2.88000000    0.80571303
    2.90500000    0.81176683
    2.93000000    0.81657857
    2.95500000    0.82083336
    2.98000000    0.82559258
    3.00500000    0.83167085
    3.03000000    0.83914316
    3.05500000    0.84724345
    3.08000000    0.85541894
    3.10500000    0.86418761
    3.13000000    0.87351711
    3.15500000    0.88203085
    3.18000000    0.88900758
    3.20500000    0.89538928
    3.23000000    0.90035901
    3.25500000    0.90275386
    3.28000000    0.90387938
    3.30500000    0.90592888
    3.33000000    0.91026873
    3.35500000    0.91713092
    3.38000000    0.92468412
    3.40500000    0.93076836
    3.43000000    0.93518168
    3.45500000    0.93813834
    3.48000000    0.94006029
    3.50500000    0.94162118
    3.53000000    0.94315573
    3.55500000    0.94566093
    3.58000000    0.94965131
    3.60500000    0.95477358
    3.63000000    0.96086637
    3.65500000    0.96780138
    3.68000000    0.97523775
    3.70500000    0.98339634
    3.73000000    0.99291523
    3.75500000    1.00363115
    3.78000000    1.01496891
    3.80500000    1.02696187
    3.83000000    1.03973050
    3.85500000    1.05312983
    3.88000000    1.06697769
    3.90500000    1.08104839
    3.93000000    1.09489142
    3.95500000    1.10772261
    3.98000000    1.11846852
    4.00500000    1.12598568
    4.03000000    1.13023619
    4.05500000    1.13301660
    4.08000000    1.13703662
    4.10500000    1.14381113
    4.13000000    1.15160991
    4.15500000    1.15907398
    4.18000000    1.16706467
    4.20500000    1.17674750
    4.23000000    1.18876576
    4.25500000    1.20308684
    4.28000000    1.21878896
    4.30500000    1.23521421
    4.33000000    1.25218430
    4.35500000    1.26868651
    4.38000000    1.28369170
    4.40500000    1.29721838
    4.43000000    1.30967747
    4.45500000    1.32149812
    4.48000000    1.33271838
    4.50500000    1.34325116
    4.53000000    1.35205304
    4.55500000    1.35727011
    4.58000000    1.35846814
    4.60500000    1.35790424
    4.63000000    1.35791095
    4.65500000    1.36008945
    4.68000000    1.36490968
    4.70500000    1.37137735
    4.73000000    1.37832193
    4.75500000    1.38399793
    4.78000000    1.38654731
    4.80500000    1.38612241
    4.83000000    1.38431713
    4.85500000    1.38205357
    4.88000000    1.37944841
    4.90500000    1.37725041
    4.93000000    1.37614794
    4.95500000    1.37650603
    4.98000000    1.37782907
    5.00500000    1.38040366
    5.03000000    1.38516354
    5.05500000    1.39186597
    5.08000000    1.39991361
    5.10500000    1.41033069
    5.13000000    1.42297297
    5.15500000    1.43625509
    5.18000000    1.44884600
    5.20500000    1.46039662
    5.23000000    1.47194449
    5.25500000    1.48314353
    5.28000000    1.49200671
    5.30500000    1.49694381
    5.33000000    1.49862626
    5.35500000    1.49871864
    5.38000000    1.49904995
    5.40500000    1.50076869
    5.43000000    1.50502882
    5.45500000    1.51242308
    5.48000000    1.52202431
    5.50500000    1.53258753
    5.53000000    1.54218790
    5.55500000    1.54933808
    5.58000000    1.55553832
    5.60500000    1.56309967
    5.63000000    1.57273620
    5.65500000    1.58287347
    5.68000000    1.59077061
    5.70500000    1.59543534
    5.73000000    1.59908997
    5.75500000    1.60446357
    5.78000000    1.61203229
    5.80500000    1.62140684
    5.83000000    1.63253759
    5.85500000    1.64503845
    5.88000000    1.65783232
    5.90500000    1.67101397
    5.93000000    1.68606279
    5.95500000    1.70383809
    5.98000000    1.72284859
    6.00500000    1.73972459
    6.03000000    1.75183863
    6.05500000    1.75859688
    6.08000000    1.76126576
    6.10500000    1.76156423
    6.13000000    1.75995569
    6.15500000    1.75794964
    6.18000000    1.75836433
    6.20500000    1.76021322
    6.23000000    1.75974926
    6.25500000    1.75623928
    6.28000000    1.75402483
    6.30500000    1.75542866
    6.33000000    1.75926999
    6.35500000    1.76290650
    6.38000000    1.76459990
    6.40500000    1.76413894
    6.43000000    1.76256799
    6.45500000    1.76209711
    6.48000000    1.76437864
    6.50500000    1.77024679
    6.53000000    1.78003613
    6.55500000    1.79271351
    6.58000000    1.80606803
    6.60500000    1.81935253
    6.63000000    1.83413484
    6.65500000    1.85111856
    6.68000000    1.86803970
    6.70500000    1.88334089
    6.73000000    1.89799852
    6.75500000    1.91396922
    6.78000000    1.93194012
    6.80500000    1.95093306
    6.83000000    1.97003400
    6.85500000    1.98914204
    6.88000000    2.00840568
    6.90500000    2.02644315
    6.93000000    2.04235710
    6.95500000    2.05667061
    6.98000000    2.06891305
    7.00500000    2.07737359
    7.03000000    2.08144175
    7.05500000    2.08285993
    7.08000000    2.08330436
    7.10500000    2.08334396
    7.13000000    2.08312944
    7.15500000    2.08269947
    7.18000000    2.08156364
    7.20500000    2.07933410
    7.23000000    2.07459555
    7.25500000    2.06474098
    7.28000000    2.05026307
    7.30500000    2.03486554
    7.33000000    2.02200551
    7.35500000    2.01316065
    7.38000000    2.00852397
    7.40500000    2.00765907
    7.43000000    2.00907652
    7.45500000    2.01013077
    7.48000000    2.00981422
    7.50500000    2.00902530
    7.53000000    2.00845680
    7.55500000    2.00851088
    7.58000000    2.00979262
    7.60500000    2.01315308
    7.63000000    2.01877379
    7.65500000    2.02592617
    7.68000000    2.03295655
    7.70500000    2.03859778
    7.73000000    2.04248090
    7.75500000    2.04566102
    7.78000000    2.04837080
    7.80500000    2.05007159
    7.83000000    2.05190801
    7.85500000    2.05538558
    7.88000000    2.06135940
    7.90500000    2.06998624
    7.93000000    2.08020834
    7.95500000    2.09123816
    7.98000000    2.10371480
    8.00500000    2.11716621
    8.03000000    2.12955846
    8.05500000    2.13813360
    8.08000000    2.14271836
    8.10500000    2.14472849
    8.13000000    2.14436768
    8.15500000    2.14412424
    8.18000000    2.14610139
    8.20500000    2.15055076
    8.23000000    2.15532654
    8.25500000    2.15824008
    8.28000000    2.16033607
    8.30500000    2.16332564
    8.33000000    2.16773356
    8.35500000    2.17190364
    8.38000000    2.17347250
    8.40500000    2.17234255
    8.43000000    2.16938130
    8.45500000    2.16459926
    8.48000000    2.15835898
    8.50500000    2.15200069
    8.53000000    2.14677371
    8.55500000    2.14378140
    8.58000000    2.14512426
    8.60500000    2.15151153
    8.63000000    2.16059126
    8.65500000    2.16826214
    8.68000000    2.17332471
    8.70500000    2.17818136
    8.73000000    2.18361383
    8.75500000    2.18855249
    8.78000000    2.19266243
    8.80500000    2.19555993
    8.83000000    2.19693592
    8.85500000    2.19701165
    8.88000000    2.19559312
    8.90500000    2.19284900
    8.93000000    2.19084570
    8.95500000    2.19112573
    8.98000000    2.19340195
    9.00500000    2.19635406
    9.03000000    2.19986399
    9.05500000    2.20393980
    9.08000000    2.20742234
    9.10500000    2.20970191
    9.13000000    2.21246129
    9.15500000    2.21707464
    9.18000000    2.22336936
    9.20500000    2.23024318
    9.23000000    2.23585234
    9.25500000    2.23862205
    9.28000000    2.23973762
    9.30500000    2.24309268
    9.33000000    2.25062443
    9.35500000    2.26149639
    9.38000000    2.27353523
    9.40500000    2.28548540
    9.43000000    2.29875277
    9.45500000    2.31489421
    9.48000000    2.33338559
    9.50500000    2.35369303
    9.53000000    2.37568305
    9.55500000    2.39730948
    9.58000000    2.41470068
    9.60500000    2.42476283
    9.63000000    2.42805885
    9.65500000    2.42976043
    9.68000000    2.43341132
    9.70500000    2.43980619
    9.73000000    2.44531791
    9.75500000    2.44659431
    9.78000000    2.44746202
    9.80500000    2.45006980
    9.83000000    2.45244046
    9.85500000    2.45300999
    9.88000000    2.45254753
    9.90500000    2.45199236
    9.93000000    2.45335774
    9.95500000    2.45860811
    9.98000000    2.46652940
   10.00500000    2.47443579
   10.03000000    2.48002336
   10.05500000    2.48186056
   10.08000000    2.48061594
   10.10500000    2.47951708
   10.13000000    2.48095779
   10.15500000    2.48458791
   10.18000000    2.49090252
   10.20500000    2.49990537
   10.23000000    2.51046701
   10.25500000    2.52105750
   10.28000000    2.53066618
   10.30500000    2.53978490
   10.33000000    2.54791664
   10.35500000    2.55325704
   10.38000000    2.55487816
   10.40500000    2.55191389
   10.43000000    2.54417294
   10.45500000    2.53378898
   10.48000000    2.52352209
   10.50500000    2.51546063
   10.53000000    2.51243266
   10.55500000    2.51770414
   10.58000000    2.52960828
   10.60500000    2.54361585
   10.63000000    2.55475317
   10.65500000    2.56036680
   10.68000000    2.55984340
   10.70500000    2.55392152
   10.73000000    2.54406960
   10.75500000    2.53318805
   10.78000000    2.52504968
   10.80500000    2.51914602
   10.83000000    2.51388619
   10.85500000    2.50982500
   10.88000000    2.50873358
   10.90500000    2.51199331
   10.93000000    2.51978873
   10.95500000    2.53196734
   10.98000000    2.54610989
   11.00500000    2.55952700
   11.03000000    2.57045910
   11.05500000    2.57697481
   11.08000000    2.58048916
   11.10500000    2.58408988
   11.13000000    2.58884756
   11.15500000    2.59305011
   11.18000000    2.59476321
   11.20500000    2.59281164
   11.23000000    2.58757914
   11.25500000    2.58178236
   11.28000000    2.57721359
   11.30500000    2.57418302
   11.33000000    2.57181127
   11.35500000    2.56951735
   11.38000000    2.56658848
   11.40500000    2.56362342
   11.43000000    2.56284432
   11.45500000    2.56362156
   11.48000000    2.56562874
   11.50500000    2.56990078
   11.53000000    2.57740562
   11.55500000    2.58900393
   11.58000000    2.60389842
   11.60500000    2.61869366
   11.63000000    2.62970176
   11.65500000    2.63716238
   11.68000000    2.64282339
   11.70500000    2.64782814
   11.73000000    2.65252467
   11.75500000    2.65600421
   11.78000000    2.65761383
   11.80500000    2.65870708
   11.83000000    2.66108751
   11.85500000    2.66489083
   11.88000000    2.66926048
   11.90500000    2.67460221
   11.93000000    2.68251994
   11.95500000    2.69361057
   11.98000000    2.70750857
   12.00500000    2.72237063
   12.03000000    2.73414208
   12.05500000    2.74221087
   12.08000000    2.75013553
   12.10500000    2.75860929
   12.13000000    2.76529741
   12.15500000    2.77186255
   12.18000000    2.78182547
   12.20500000    2.79509847
   12.23000000    2.81141900
   12.25500000    2.83004891
   12.28000000    2.84770202
   12.30500000    2.86055797
   12.33000000    2.86737351
   12.35500000    2.86960140
   12.38000000    2.86906193
   12.40500000    2.86671860
   12.43000000    2.86316866
   12.45500000    2.86079761
   12.48000000    2.86192418
   12.50500000    2.86597424
   12.53000000    2.87190797
   12.55500000    2.87857658
   12.58000000    2.88271459
   12.60500000    2.88336051
   12.63000000    2.88364173
   12.65500000    2.88490800
   12.68000000    2.88699592
   12.70500000    2.88866359
   12.73000000    2.89068310
   12.75500000    2.89475650
   12.78000000    2.90156245
   12.80500000    2.91051555
   12.83000000    2.91994596
   12.85500000    2.92774623
   12.88000000    2.93153011
   12.90500000    2.93015089
   12.93000000    2.92462713
   12.95500000    2.91669298
   12.98000000    2.90843099
   13.00500000    2.90250209
   13.03000000    2.90117912
   13.05500000    2.90289876
   13.08000000    2.90439728
   13.10500000    2.90438426
   13.13000000    2.90382642
   13.15500000    2.90393837
   13.18000000    2.90659354
   13.20500000    2.91291196
   13.23000000    2.92113342
   13.25500000    2.92983177
   13.28000000    2.93950317
   13.30500000    2.94995613
   13.33000000    2.95983364
   13.35500000    2.96785557
   13.38000000    2.97184225
   13.40500000    2.97068364
   13.43000000    2.96844819
   13.45500000    2.96940288
   13.48000000    2.97465592
   13.50500000    2.98404148
   13.53000000    2.99716149
   13.55500000    3.01140489
   13.58000000    3.02523728
   13.60500000    3.03661124
   13.63000000    3.04100764
   13.65500000    3.03605255
   13.68000000    3.02500074
   13.70500000    3.01155665
   13.73000000    2.99754355
   13.75500000    2.98527922
   13.78000000    2.97755820
   13.80500000    2.97533829
   13.83000000    2.97714781
   13.85500000    2.98195375
   13.88000000    2.99014192
   13.90500000    3.00198299
   13.93000000    3.01641118
   13.95500000    3.03185258
   13.98000000    3.04734726
   14.00500000    3.06130983
   14.03000000    3.07213102
   14.05500000    3.07900642
   14.08000000    3.08200001
   14.10500000    3.08337549
   14.13000000    3.08760189
   14.15500000    3.09701843
   14.18000000    3.11095858
   14.20500000    3.12978210
   14.23000000    3.15373808
   14.25500000    3.18090870
   14.28000000    3.20836455
   14.30500000    3.23195155
   14.33000000    3.24683310
   14.35500000    3.25024295
   14.38000000    3.24347812
   14.40500000    3.23181740
   14.43000000    3.21998157
   14.45500000    3.20915203
   14.48000000    3.19937984
   14.50500000    3.19239748
   14.53000000    3.18804416
   14.55500000    3.18423409
   14.58000000    3.17962186
   14.60500000    3.17589623
   14.63000000    3.17678128
   14.65500000    3.18218697
   14.68000000    3.18717328
   14.70500000    3.18897524
   14.73000000    3.18966379
   14.75500000    3.19142937
   14.78000000    3.19309997
   14.80500000    3.19438475
   14.83000000    3.19615268
   14.85500000    3.19902887
   14.88000000    3.20266231
   14.90500000    3.20670554
   14.93000000    3.21087556
   14.95500000    3.21691515
   14.98000000    3.22584599
   15.00500000    3.23697280
   15.03000000    3.24935889
   15.05500000    3.26299535
   15.08000000    3.27900668
   15.10500000    3.29632710
   15.13000000    3.31290163
   15.15500000    3.32765845
   15.18000000    3.34017212
   15.20500000    3.35148626
   15.23000000    3.36111784
   15.25500000    3.36809145
   15.28000000    3.37454648
   15.30500000    3.38353923
   15.33000000    3.39667578
   15.35500000    3.41107226
   15.38000000    3.42404629
   15.40500000    3.43675652
   15.43000000    3.44909604
   15.45500000    3.46006452
   15.48000000    3.46861728
   15.50500000    3.47549388
   15.53000000    3.48370101
   15.55500000    3.49511659
   15.58000000    3.50840865
   15.60500000    3.51977710
   15.63000000    3.52857537
   15.65500000    3.53463573
   15.68000000    3.53787792
   15.70500000    3.54045437
   15.73000000    3.54501959
   15.75500000    3.55300121
   15.78000000    3.56251988
   15.80500000    3.57067284
   15.83000000    3.57637572
   15.85500000    3.57938699
   15.88000000    3.58005195
   15.90500000    3.57949815
   15.93000000    3.57796085
   15.95500000    3.57539499
   15.98000000    3.57126977
   16.00500000    3.56416185
   16.03000000    3.55338835
   16.05500000    3.54141742
   16.08000000    3.53156355
   16.10500000    3.52522224
   16.13000000    3.52449083
   16.15500000    3.53042345
   16.18000000    3.54169567
   16.20500000    3.55487174
   16.23000000    3.56624193
   16.25500000    3.57727048
   16.28000000    3.59036973
   16.30500000    3.60375144
   16.33000000    3.61497937
   16.35500000    3.62242353
   16.38000000    3.62585946
   16.40500000    3.62591455
   16.43000000    3.62416849
   16.45500000    3.62122011
   16.48000000    3.61732158
   16.50500000    3.61303292
   16.53000000    3.60942085
   16.55500000    3.60609452
   16.58000000    3.60129022
   16.60500000    3.59430308
   16.63000000    3.58428898
   16.65500000    3.57179455
   16.68000000    3.55995422
   16.70500000    3.55125402
   16.73000000    3.54575342
   16.75500000    3.54105118
   16.78000000    3.53802547
   16.80500000    3.53823614
   16.83000000    3.54136501
   16.85500000    3.54747218
   16.88000000    3.55590231
   16.90500000    3.56656205
   16.93000000    3.57801773
   16.95500000    3.58924733
   16.98000000    3.60062936
   17.00500000    3.61048222
   17.03000000    3.61735044
   17.05500000    3.62221487
   17.08000000    3.62850105
   17.10500000    3.63844488
   17.13000000    3.65254801
   17.15500000    3.67009280
   17.18000000    3.68928000
   17.20500000    3.70726281
   17.23000000    3.72118573
   17.25500000    3.72958014
   17.28000000    3.73559985
   17.30500000    3.74494813
   17.33000000    3.75918231
   17.35500000    3.77460113
   17.38000000    3.78677863
   17.40500000    3.79500767
   17.43000000    3.80101186
   17.45500000    3.80556786
   17.48000000    3.80825568
   17.50500000    3.81035558
   17.53000000    3.81338554
   17.55500000    3.81664147
   17.58000000    3.81990509
   17.60500000    3.82303553
   17.63000000    3.82557890
   17.65500000    3.82876138
   17.68000000    3.83435040
   17.70500000    3.84287647
   17.73000000    3.85177305
   17.75500000    3.85685275
   17.78000000    3.85775491
   17.80500000    3.85665559
   17.83000000    3.85381855
   17.85500000    3.84795717
   17.88000000    3.83851327
   17.90500000    3.82791921
   17.93000000    3.82122268
   17.95500000    3.82031702
   17.98000000    3.82372867
   18.00500000    3.83095001
   18.03000000    3.84102065
   18.05500000    3.85226209
   18.08000000    3.86277216
   18.10500000    3.87078497
   18.13000000    3.87549908
   18.15500000    3.87830655
   18.18000000    3.88090974
   18.20500000    3.88193487
   18.23000000    3.87908844
   18.25500000    3.86977152
   18.28000000    3.85211137
   18.30500000    3.83067103
   18.33000000    3.81327939
   18.35500000    3.80637261
   18.38000000    3.81251631
   18.40500000    3.82960628
   18.43000000    3.85339437
   18.45500000    3.88001417
   18.48000000    3.90856250
   18.50500000    3.93821619
   18.53000000    3.96555896
   18.55500000    3.98744234
   18.58000000    4.00356097
   18.60500000    4.01693607
   18.63000000    4.03205134
   18.65500000    4.05006581
   18.68000000    4.06909955
   18.70500000    4.08691933
   18.73000000    4.10211744
   18.75500000    4.11553066
   18.78000000    4.12857555
   18.80500000    4.14222321
   18.83000000    4.15615253
   18.85500000    4.16962717
   18.88000000    4.18151767
   18.90500000    4.18973775
   18.93000000    4.19158511
   18.95500000    4.18651878
   18.98000000    4.17517205
   19.00500000    4.16269103
   19.03000000    4.15683228
   19.05500000    4.15978297
   19.08000000    4.16964367
   19.10500000    4.18338707
   19.13000000    4.19773306
   19.15500000    4.21067634
   19.18000000    4.22044470
   19.20500000    4.22574700
   19.23000000    4.22591671
   19.25500000    4.22224311
   19.28000000    4.21840902
   19.30500000    4.21392666
   19.33000000    4.20706162
   19.35500000    4.19811722
   19.38000000    4.18963118
   19.40500000    4.18383908
   19.43000000    4.18294917
   19.45500000    4.18794256
   19.48000000    4.19613005
   19.50500000    4.20295691
   19.53000000    4.20859992
   19.55500000    4.21582814
   19.58000000    4.22553461
   19.60500000    4.23765731
   19.63000000    4.25036441
   19.65500000    4.26160548
   19.68000000    4.26952356
   19.70500000    4.27407148
   19.73000000    4.27925777
   19.75500000    4.29129797
   19.78000000    4.31080137
   19.80500000    4.33430621
   19.83000000    4.35919902
   19.85500000    4.38087466
   19.88000000    4.39536383
   19.90500000    4.40480147
   19.93000000    4.41329051
   19.95500000    4.42141070
   19.98000000    4.42688649
   20.00500000    4.42866501
   20.03000000    4.42598078
   20.05500000    4.41929510
   20.08000000    4.41110102
   20.10500000    4.40141353
   20.13000000    4.38937382
   20.15500000    4.37726936
   20.18000000    4.36860186
   20.20500000    4.36539687
   20.23000000    4.36796728
   20.25500000    4.37480697
   20.28000000    4.38252829
   20.30500000    4.38626824
   20.33000000    4.38324283
   20.35500000    4.37516992
   20.38000000    4.36587372
   20.40500000    4.35675902
   20.43000000    4.35114296
   20.45500000    4.35305210
   20.48000000    4.36353553
   20.50500000    4.38189409
   20.53000000    4.40625636
   20.55500000    4.43172649
   20.58000000    4.45307864
   20.60500000    4.46696163
   20.63000000    4.47348563
   20.65500000    4.47515924
   20.68000000    4.47489019
   20.70500000    4.47674698
   20.73000000    4.48393473
   20.75500000    4.49686322
   20.78000000    4.51293968
   20.80500000    4.53007006
   20.83000000    4.54801524
   20.85500000    4.56587948
   20.88000000    4.58331472
   20.90500000    4.60198263
   20.93000000    4.62310392
   20.95500000    4.64702702
   20.98000000    4.67135228
   21.00500000    4.69041559
   21.03000000    4.70106578
   21.05500000    4.70510482
   21.08000000    4.70587281
   21.10500000    4.70519631
   21.13000000    4.70399700
   21.15500000    4.70250378
   21.18000000    4.70205405
   21.20500000    4.70525066
   21.23000000    4.71313181
   21.25500000    4.72447593
   21.28000000    4.73579744
   21.30500000    4.74616928
   21.33000000    4.75744846
   21.35500000    4.76892408
   21.38000000    4.77828769
   21.40500000    4.78460762
   21.43000000    4.78761968
   21.45500000    4.78879991
   21.48000000    4.78974544
   21.50500000    4.78993407
   21.53000000    4.78888157
   21.55500000    4.78736779
   21.58000000    4.78816130
   21.60500000    4.79411325
   21.63000000    4.80374681
   21.65500000    4.81378422
   21.68000000    4.82123820
   21.70500000    4.82555975
   21.73000000    4.83037884
   21.75500000    4.83687462
   21.78000000    4.84359003
   21.80500000    4.84765656
   21.83000000    4.84756556
   21.85500000    4.84547575
   21.88000000    4.84504356
   21.90500000    4.84634022
   21.93000000    4.84736283
   21.95500000    4.84727033
   21.98000000    4.84658640
   22.00500000    4.84542117
   22.03000000    4.84572401
   22.05500000    4.85009524
   22.08000000    4.85999263
   22.10500000    4.87480195
   22.13000000    4.88989297
   22.15500000    4.90014379
   22.18000000    4.90771759
   22.20500000    4.91762550
   22.23000000    4.93175483
   22.25500000    4.94704220
   22.28000000    4.95890329
   22.30500000    4.96626818
   22.33000000    4.97055035
   22.35500000    4.97513522
   22.38000000    4.98326354
   22.40500000    4.99448409
   22.43000000    5.00488922
   22.45500000    5.01410754
   22.48000000    5.02671449
   22.50500000    5.04622759
   22.53000000    5.07200721
   22.55500000    5.10036745
   22.58000000    5.12723022
   22.60500000    5.15091810
   22.63000000    5.17165096
   22.65500000    5.18797460
   22.68000000    5.19778071
   22.70500000    5.20263230
   22.73000000    5.20852959
   22.75500000    5.22095877
   22.78000000    5.23973301
   22.80500000    5.26286554
   22.83000000    5.28716030
   22.85500000    5.30979544
   22.88000000    5.33092035
   22.90500000    5.35031343
   22.93000000    5.36550321
   22.95500000    5.37397712
   22.98000000    5.37820497
   23.00500000    5.38436760
   23.03000000    5.39389767
   23.05500000    5.40481393
   23.08000000    5.41697858
   23.10500000    5.43045904
   23.13000000    5.44319534
   23.15500000    5.45390884
   23.18000000    5.46403879
   23.20500000    5.47670117
   23.23000000    5.49109798
   23.25500000    5.50320707
   23.28000000    5.51097965
   23.30500000    5.51287708
   23.33000000    5.50931880
   23.35500000    5.50466482
   23.38000000    5.50540669
   23.40500000    5.51484923
   23.43000000    5.53228733
   23.45500000    5.55444924
   23.48000000    5.57742816
   23.50500000    5.59971701
   23.53000000    5.62199901
   23.55500000    5.64522808
   23.58000000    5.67063571
   23.60500000    5.69805512
   23.63000000    5.72491731
   23.65500000    5.74805294
   23.68000000    5.76680993
   23.70500000    5.78277445
   23.73000000    5.79582010
   23.75500000    5.80466102
   23.78000000    5.81003695
   23.80500000    5.81520700
   23.83000000    5.82368261
   23.85500000    5.83656195
   23.88000000    5.85171329
   23.90500000    5.86769825
   23.93000000    5.88461832
   23.95500000    5.89860165
   23.98000000    5.90742066
   24.00500000    5.91399204
   24.03000000    5.92074393
   24.05500000    5.92828266
   24.08000000    5.93572736
   24.10500000    5.94046981
   24.13000000    5.94243572
   24.15500000    5.94459487
   24.18000000    5.94894977
   24.20500000    5.95387374
   24.23000000    5.95805333
   24.25500000    5.96126196
   24.28000000    5.96377405
   24.30500000    5.96709026
   24.33000000    5.97435987
   24.35500000    5.98554865
   24.38000000    5.99651498
   24.40500000    6.00278512
   24.43000000    6.00475558
   24.45500000    6.00602703
   24.48000000    6.00802989
   24.50500000    6.00803872
   24.53000000    6.00153460
   24.55500000    5.99121404
   24.58000000    5.98460130
   24.60500000    5.98643395
   24.63000000    5.99724524
   24.65500000    6.01268648
   24.68000000    6.02889957
   24.70500000    6.04834298
   24.73000000    6.06940843
   24.75500000    6.08994692
   24.78000000    6.11112716
   24.80500000    6.13349073
   24.83000000    6.15728026
   24.85500000    6.17989659
   24.88000000    6.19792274
   24.90500000    6.20825630
   24.93000000    6.20791343
   24.95500000    6.19579427
   24.98000000    6.17729704
   25.00500000    6.16027099
   25.03000000    6.14931169
   25.05500000    6.14485852
   25.08000000    6.14144480
   25.10500000    6.13643079
   25.13000000    6.13221612
   25.15500000    6.13076563
   25.18000000    6.13073922
   25.20500000    6.13084305
   25.23000000    6.12972346
   25.25500000    6.12622416
   25.28000000    6.12165350
   25.30500000    6.11840651
   25.33000000    6.11858214
   25.35500000    6.12210672
   25.38000000    6.12810239
   25.40500000    6.13550912
   25.43000000    6.14137014
   25.45500000    6.14422025
   25.48000000    6.14615044
   25.50500000    6.14704975
   25.53000000    6.14414764
   25.55500000    6.13715568
   25.58000000    6.12854223
   25.60500000    6.12176790
   25.63000000    6.11857803
   25.65500000    6.12049724
   25.68000000    6.12786275
   25.70500000    6.13930854
   25.73000000    6.15247500
   25.75500000    6.16650640
   25.78000000    6.18296591
   25.80500000    6.20267543
   25.83000000    6.22284252
   25.85500000    6.23927949
   25.88000000    6.25202046
   25.90500000    6.26596793
   25.93000000    6.28387570
   25.95500000    6.30355869
   25.98000000    6.32231821
   26.00500000    6.33863584
   26.03000000    6.35077323
   26.05500000    6.35980266
   26.08000000    6.36789101
   26.10500000    6.37360748
   26.13000000    6.37665680
   26.15500000    6.37870409
   26.18000000    6.38290841
   26.20500000    6.39409044
   26.23000000    6.41377996
   26.25500000    6.43734520
   26.28000000    6.45865642
   26.30500000    6.47598365
   26.33000000    6.49026309
   26.35500000    6.50460958
   26.38000000    6.52049219
   26.40500000    6.53513756
   26.43000000    6.54480109
   26.45500000    6.55147769
   26.48000000    6.55979315
   26.50500000    6.57080102
   26.53000000    6.58106775
   26.55500000    6.58690438
   26.58000000    6.59017896
   26.60500000    6.59435603
   26.63000000    6.60272870
   26.65500000    6.61521620
   26.68000000    6.62929125
   26.70500000    6.64374313
   26.73000000    6.66018643
   26.75500000    6.68103712
   26.78000000    6.70573854
   26.80500000    6.73121286
   26.83000000    6.75392018
   26.85500000    6.76862361
   26.88000000    6.77344340
   26.90500000    6.77424059
   26.93000000    6.77447507
   26.95500000    6.77269998
   26.98000000    6.76685784
   27.00500000    6.75857307
   27.03000000    6.75245626
   27.05500000    6.74870178
   27.08000000    6.74575841
   27.10500000    6.74121894
   27.13000000    6.73420081
   27.15500000    6.72817140
   27.18000000    6.72495527
   27.20500000    6.72090479
   27.23000000    6.71260838
   27.25500000    6.70539470
   27.28000000    6.70735374
   27.30500000    6.72114692
   27.33000000    6.74505715
   27.35500000    6.77460487
   27.38000000    6.80353040
   27.40500000    6.82659089
   27.43000000    6.84232373
   27.45500000    6.85322594
   27.48000000    6.86118232
   27.50500000    6.86552757
   27.53000000    6.86614005
   27.55500000    6.86427695
   27.58000000    6.86333497
   27.60500000    6.86550274
   27.63000000    6.86900124
   27.65500000    6.87039244
   27.68000000    6.87026731
   27.70500000    6.87229221
   27.73000000    6.87872019
   27.75500000    6.89098623
   27.78000000    6.90857174
   27.80500000    6.92746867
   27.83000000    6.94450948
   27.85500000    6.95663331
   27.88000000    6.95837081
   27.90500000    6.95351695
   27.93000000    6.95265876
   27.95500000    6.96281002
   27.98000000    6.98078764
   28.00500000    7.00117363
   28.03000000    7.01872071
   28.05500000    7.03045584
   28.08000000    7.03555723
   28.10500000    7.03383601
   28.13000000    7.02559514
   28.15500000    7.01303557
   28.18000000    6.99997871
   28.20500000    6.98866986
   28.23000000    6.97967951
   28.25500000    6.97561035
   28.28000000    6.97573627
   28.30500000    6.97582940
   28.33000000    6.97529346
   28.35500000    6.97879258
   28.38000000    6.99004723
   28.40500000    7.00722735
   28.43000000    7.02217998
   28.45500000    7.03077908
   28.48000000    7.03467918
   28.50500000    7.03494971
   28.53000000    7.03173067
   28.55500000    7.02814735
   28.58000000    7.02630976
   28.60500000    7.02594419
   28.63000000    7.02609180
   28.65500000    7.02771882
   28.68000000    7.03572770
   28.70500000    7.05134716
   28.73000000    7.06879723
   28.75500000    7.08173534
   28.78000000    7.08790822
   28.80500000    7.08918380
   28.83000000    7.08804023
   28.85500000    7.08290554
   28.88000000    7.07148798
   28.90500000    7.05754284
   28.93000000    7.04682860
   28.95500000    7.04189524
   28.98000000    7.04337007
   29.00500000    7.05109648
   29.03000000    7.06380489
   29.05500000    7.07868673
   29.08000000    7.09089472
   29.10500000    7.09752378
   29.13000000    7.10321855
   29.15500000    7.11395875
   29.18000000    7.12945008
   29.20500000    7.14462212
   29.23000000    7.15530437
   29.25500000    7.16032363
   29.28000000    7.15917996
   29.30500000    7.15490740
   29.33000000    7.15038671
   29.35500000    7.14451489
   29.38000000    7.13682282
   29.40500000    7.12929956
   29.43000000    7.12251900
   29.45500000    7.11239166
   29.48000000    7.09973887
   29.50500000    7.08949568
   29.53000000    7.08479215
   29.55500000    7.08828845
   29.58000000    7.09990466
   29.60500000    7.11780851
   29.63000000    7.13943480
   29.65500000    7.16205616
   29.68000000    7.18341619
   29.70500000    7.20290654
   29.73000000    7.21897896
   29.75500000    7.22895132
   29.78000000    7.23017379
   29.80500000    7.22286040
   29.83000000    7.20987963
   29.85500000    7.19499303
   29.88000000    7.18399722
   29.90500000    7.18334302
   29.93000000    7.19268798
   29.95500000    7.20739971
   29.98000000    7.22174557
   30.00500000    7.22980555
   30.03000000    7.22945176
   30.05500000    7.22192673
   30.08000000    7.21074605
   30.10500000    7.19683986
   30.13000000    7.18184995
   30.15500000    7.16798306
   30.18000000    7.15693543
   30.20500000    7.15223844
   30.23000000    7.15216678
   30.25500000    7.15311878
   30.28000000    7.15286364
   30.30500000    7.14959627
   30.33000000    7.14376218
   30.35500000    7.13838173
   30.38000000    7.13813938
   30.40500000    7.14643955
   30.43000000    7.16362908
   30.45500000    7.18637426
   30.48000000    7.20918793
   30.50500000    7.22919217
   30.53000000    7.24985632
   30.55500000    7.27603451
   30.58000000    7.30907957
   30.60500000    7.34508038
   30.63000000    7.37994904
   30.65500000    7.41108604
   30.68000000    7.43824329
   30.70500000    7.46378832
   30.73000000    7.48694628
   30.75500000    7.50559787
   30.78000000    7.51602028
   30.80500000    7.51538562
   30.83000000    7.50514907
   30.85500000    7.48871482
   30.88000000    7.47242973
   30.90500000    7.46029943
   30.93000000    7.45133932
   30.95500000    7.44358250
   30.98000000    7.43785034
   31.00500000    7.43424235
   31.03000000    7.43179382
   31.05500000    7.43138681
   31.08000000    7.43344870
   31.10500000    7.43716962
   31.13000000    7.44393457
   31.15500000    7.45824771
   31.18000000    7.47926571
   31.20500000    7.50442850
   31.23000000    7.53389911
   31.25500000    7.56571093
   31.28000000    7.59290700
   31.30500000    7.60559597
   31.33000000    7.59984295
   31.35500000    7.58074822
   31.38000000    7.55549672
   31.40500000    7.52872459
   31.43000000    7.50463041
   31.45500000    7.48681631
   31.48000000    7.48063483
   31.50500000    7.48984535
   31.53000000    7.51050478
   31.55500000    7.53399159
   31.58000000    7.55245340
   31.60500000    7.56301191
   31.63000000    7.56838455
   31.65500000    7.57142184
   31.68000000    7.57498127
   31.70500000    7.58190537
   31.73000000    7.58919321
   31.75500000    7.59493554
   31.78000000    7.60234591
   31.80500000    7.61463607
   31.83000000    7.63194160
   31.85500000    7.65108927
   31.88000000    7.66899650
   31.90500000    7.68596071
   31.93000000    7.70322930
   31.95500000    7.71970170
   31.98000000    7.73325053
   32.00500000    7.74530872
   32.03000000    7.75809001
   32.05500000    7.77121527
   32.08000000    7.78091413
   32.10500000    7.78456462
   32.13000000    7.78335500
   32.15500000    7.78094137
   32.18000000    7.78217498
   32.20500000    7.79058696
   32.23000000    7.80558559
   32.25500000    7.82209189
   32.28000000    7.83481763
   32.30500000    7.84175443
   32.33000000    7.84349952
   32.35500000    7.84235502
   32.38000000    7.84119383
   32.40500000    7.84275059
   32.43000000    7.85036566
   32.45500000    7.86541969
   32.48000000    7.88586323
   32.50500000    7.90529139
   32.53000000    7.91695781
   32.55500000    7.92071955
   32.58000000    7.91952773
   32.60500000    7.91426770
   32.63000000    7.90451336
   32.65500000    7.89207928
   32.68000000    7.88012574
   32.70500000    7.87098689
   32.73000000    7.86451026
   32.75500000    7.86081071
   32.78000000    7.86160612
   32.80500000    7.86732926
   32.83000000    7.87484080
   32.85500000    7.88232779
   32.88000000    7.88942387
   32.90500000    7.89710287
   32.93000000    7.90783206
   32.95500000    7.92284866
   32.98000000    7.93979518
   33.00500000    7.95654438
   33.03000000    7.97113688
   33.05500000    7.97761008
   33.08000000    7.97213058
   33.10500000    7.96061498
   33.13000000    7.95029965
   33.15500000    7.94325972
   33.18000000    7.93911755
   33.20500000    7.93960184
   33.23000000    7.94504215
   33.25500000    7.95174193
   33.28000000    7.95440999
   33.30500000    7.95148894
   33.33000000    7.94530215
   33.35500000    7.93767379
   33.38000000    7.92980142
   33.40500000    7.92412752
   33.43000000    7.92442103
   33.45500000    7.93008455
   33.48000000    7.93541478
   33.50500000    7.93601656
   33.53000000    7.93031332
   33.55500000    7.91837569
   33.58000000    7.90280079
   33.60500000    7.88780618
   33.63000000    7.87807587
   33.65500000    7.87398716
   33.68000000    7.87391098
   33.70500000    7.87643467
   33.73000000    7.88045398
   33.75500000    7.88653351
   33.78000000    7.89353770
   33.80500000    7.89858450
   33.83000000    7.90235371
   33.85500000    7.90807339
   33.88000000    7.91765550
   33.90500000    7.92826914
   33.93000000    7.93690087
   33.95500000    7.94523427
   33.98000000    7.95813504
   34.00500000    7.97574510
   34.03000000    7.99253801
   34.05500000    8.00625583
   34.08000000    8.01930797
   34.10500000    8.03216520
   34.13000000    8.04304386
   34.15500000    8.05088207
   34.18000000    8.05612447
   34.20500000    8.06216441
   34.23000000    8.07252068
   34.25500000    8.08721855
   34.28000000    8.10204483
   34.30500000    8.10877956
   34.33000000    8.10874419
   34.35500000    8.11046147
   34.38000000    8.11808716
   34.40500000    8.13185276
   34.43000000    8.15115295
   34.45500000    8.17463319
   34.48000000    8.19941976
   34.50500000    8.22140364
   34.53000000    8.24103822
   34.55500000    8.25713871
   34.58000000    8.26762073
   34.60500000    8.27313669
   34.63000000    8.27323692
   34.65500000    8.27012562
   34.68000000    8.26868617
   34.70500000    8.26831952
   34.73000000    8.26700858
   34.75500000    8.26594360
   34.78000000    8.26462788
   34.80500000    8.25973617
   34.83000000    8.25110201
   34.85500000    8.23911923
   34.88000000    8.22777942
   34.90500000    8.22348494
   34.93000000    8.22824062
   34.95500000    8.23920051
   34.98000000    8.25280551
   35.00500000    8.26858080
   35.03000000    8.28433816
   35.05500000    8.29789495
   35.08000000    8.30784126
   35.10500000    8.31419548
   35.13000000    8.31911279
   35.15500000    8.32396372
   35.18000000    8.32765907
   35.20500000    8.33054950
   35.23000000    8.33382977
   35.25500000    8.33903007
   35.28000000    8.34749621
   35.30500000    8.36167674
   35.33000000    8.38242463
   35.35500000    8.40503665
   35.38000000    8.42532527
   35.40500000    8.44074847
   35.43000000    8.45066049
   35.45500000    8.45464622
   35.48000000    8.45273509
   35.50500000    8.44683293
   35.53000000    8.44253943
   35.55500000    8.44646049
   35.58000000    8.46055520
   35.60500000    8.48235356
   35.63000000    8.50806073
   35.65500000    8.53487081
   35.68000000    8.55993138
   35.70500000    8.57963959
   35.73000000    8.59344876
   35.75500000    8.60098430
   35.78000000    8.60170656
   35.80500000    8.59841722
   35.83000000    8.59608073
   35.85500000    8.59829760
   35.88000000    8.60696180
   35.90500000    8.62103609
   35.93000000    8.63888299
   35.95500000    8.65899657
   35.98000000    8.67915362
   36.00500000    8.69913513
   36.03000000    8.71707624
   36.05500000    8.73045112
   36.08000000    8.74037472
   36.10500000    8.74950563
   36.13000000    8.75782392
   36.15500000    8.76347912
   36.18000000    8.76640796
   36.20500000    8.76597385
   36.23000000    8.76204668
   36.25500000    8.75547156
   36.28000000    8.74557407
   36.30500000    8.73290414
   36.33000000    8.71861892
   36.35500000    8.70652046
   36.38000000    8.70119004
   36.40500000    8.70799833
   36.43000000    8.72575639
   36.45500000    8.74514488
   36.48000000    8.75957305
   36.50500000    8.76668474
   36.53000000    8.76589676
   36.55500000    8.76268422
   36.58000000    8.76381048
   36.60500000    8.77260121
   36.63000000    8.78439681
   36.65500000    8.79238014
   36.68000000    8.79306013
   36.70500000    8.78489150
   36.73000000    8.77132249
   36.75500000    8.75868960
   36.78000000    8.74986357
   36.80500000    8.74438766
   36.83000000    8.74097215
   36.85500000    8.73663716
   36.88000000    8.72859089
   36.90500000    8.71808370
   36.93000000    8.70970545
   36.95500000    8.70724659
   36.98000000    8.70829552
   37.00500000    8.70867652
   37.03000000    8.70643155
   37.05500000    8.70036828
   37.08000000    8.69069801
   37.10500000    8.67984948
   37.13000000    8.66831387
   37.15500000    8.65612544
   37.18000000    8.64396125
   37.20500000    8.63347601
   37.23000000    8.62795267
   37.25500000    8.62957865
   37.28000000    8.63584545
   37.30500000    8.64156591
   37.33000000    8.64410388
   37.35500000    8.64273083
   37.38000000    8.63803742
   37.40500000    8.63410746
   37.43000000    8.63874862
   37.45500000    8.65639856
   37.48000000    8.68346414
   37.50500000    8.71094041
   37.53000000    8.73363369
   37.55500000    8.74937619
   37.58000000    8.75825112
   37.60500000    8.76594628
   37.63000000    8.77905218
   37.65500000    8.80007204
   37.68000000    8.82661081
   37.70500000    8.84920205
   37.73000000    8.86167166
   37.75500000    8.86790565
   37.78000000    8.87113226
   37.80500000    8.87083673
   37.83000000    8.86521423
   37.85500000    8.85979695
   37.88000000    8.86303158
   37.90500000    8.87700491
   37.93000000    8.89759300
   37.95500000    8.91605651
   37.98000000    8.92500612
   38.00500000    8.92568646
   38.03000000    8.92188928
   38.05500000    8.91572524
   38.08000000    8.90657844
   38.10500000    8.89654444
   38.13000000    8.89099190
   38.15500000    8.89295109
   38.18000000    8.90015097
   38.20500000    8.91100279
   38.23000000    8.92653826
   38.25500000    8.94571857
   38.28000000    8.96571404
   38.30500000    8.98482081
   38.33000000    8.99987668
   38.35500000    9.00973492
   38.38000000    9.01733550
   38.40500000    9.02525922
   38.43000000    9.03552868
   38.45500000    9.04718882
   38.48000000    9.05708543
   38.50500000    9.06402020
   38.53000000    9.06889127
   38.55500000    9.06899067
   38.58000000    9.06172003
   38.60500000    9.04690985
   38.63000000    9.02970541
   38.65500000    9.01823712
   38.68000000    9.01736979
   38.70500000    9.03047713
   38.73000000    9.05515895
   38.75500000    9.08222887
   38.78000000    9.10597888
   38.80500000    9.12583007
   38.83000000    9.13839394
   38.85500000    9.14037417
   38.88000000    9.13601994
   38.90500000    9.13070630
   38.93000000    9.12850309
   38.95500000    9.13002299
   38.98000000    9.13081566
   39.00500000    9.12845025
   39.03000000    9.12505789
   39.05500000    9.12269503
   39.08000000    9.12406362
   39.10500000    9.13543160
   39.13000000    9.15921990
   39.15500000    9.19472783
   39.18000000    9.23671121
   39.20500000    9.27570853
   39.23000000    9.30718178
   39.25500000    9.33027723
   39.28000000    9.34513752
   39.30500000    9.35251192
   39.33000000    9.35365356
   39.35500000    9.34886368
   39.38000000    9.34163548
   39.40500000    9.33912823
   39.43000000    9.34266087
   39.45500000    9.34830013
   39.48000000    9.35530436
   39.50500000    9.36459951
   39.53000000    9.37687042
   39.55500000    9.39370296
   39.58000000    9.41480037
   39.60500000    9.43760311
   39.63000000    9.46125211
   39.65500000    9.48863092
   39.68000000    9.51978730
   39.70500000    9.54568458
   39.73000000    9.55728384
   39.75500000    9.55610439
   39.78000000    9.55084734
   39.80500000    9.54929970
   39.83000000    9.55509312
   39.85500000    9.56780038
   39.88000000    9.58710855
   39.90500000    9.61286448
   39.93000000    9.64167377
   39.95500000    9.66620266
   39.98000000    9.68330688
   40.00500000    9.69261706
   40.03000000    9.69625843
   40.05500000    9.69871107
   40.08000000    9.69997285
   40.10500000    9.69469996
   40.13000000    9.67829423
   40.15500000    9.65322456
   40.18000000    9.62866792
   40.20500000    9.61578755
   40.23000000    9.61706744
   40.25500000    9.62596699
   40.28000000    9.63617454
   40.30500000    9.64214698
   40.33000000    9.64230266
   40.35500000    9.63905720
   40.38000000    9.63385925
   40.40500000    9.62858093
   40.43000000    9.62885977
   40.45500000    9.64044091
   40.48000000    9.66266254
   40.50500000    9.68967960
   40.53000000    9.71578448
   40.55500000    9.73644198
   40.58000000    9.75011875
   40.60500000    9.75757803
   40.63000000    9.76047662
   40.65500000    9.76164166
   40.68000000    9.76522048
   40.70500000    9.77158079
   40.73000000    9.77921618
   40.75500000    9.78781490
   40.78000000    9.80187916
   40.80500000    9.82334493
   40.83000000    9.84586795
   40.85500000    9.86450629
   40.88000000    9.87928157
   40.90500000    9.89034852
   40.93000000    9.89823812
   40.95500000    9.90761376
   40.98000000    9.91882711
   41.00500000    9.93160142
   41.03000000    9.94664425
   41.05500000    9.95843885
   41.08000000    9.95754596
   41.10500000    9.94508149
   41.13000000    9.92986692
   41.15500000    9.92147487
   41.18000000    9.92388486
   41.20500000    9.93643774
   41.23000000    9.95353191
   41.25500000    9.96625943
   41.28000000    9.96861272
   41.30500000    9.96028004
   41.33000000    9.94708804
   41.35500000    9.93612885
   41.38000000    9.93275954
   41.40500000    9.94007913
   41.43000000    9.95916597
   41.45500000    9.98930791
   41.48000000   10.02532227
   41.50500000   10.06200193
   41.53000000   10.09410755
   41.55500000   10.11864347
   41.58000000   10.13902529
   41.60500000   10.15909887
   41.63000000   10.17861172
   41.65500000   10.19711042
   41.68000000   10.21551475
   41.70500000   10.23370989
   41.73000000   10.24992977
   41.75500000   10.26254507
   41.78000000   10.27053280
   41.80500000   10.27340843
   41.83000000   10.27186787
   41.85500000   10.26880390
   41.88000000   10.26843964
   41.90500000   10.27319595
   41.93000000   10.28397463
   41.95500000   10.29676202
   41.98000000   10.30512727
   42.00500000   10.30968620
   42.03000000   10.31136814
   42.05500000   10.30762989
   42.08000000   10.29941638
   42.10500000   10.29182905
   42.13000000   10.28746587
   42.15500000   10.28412984
   42.18000000   10.28383325
   42.20500000   10.29204253
   42.23000000   10.30934955
   42.25500000   10.32868343
   42.28000000   10.34220455
   42.30500000   10.34604786
   42.33000000   10.34107048
   42.35500000   10.33049119
   42.38000000   10.31760925
   42.40500000   10.30771776
   42.43000000   10.30622194
   42.45500000   10.31404004
   42.48000000   10.32698594
   42.50500000   10.34240085
   42.53000000   10.35687668
   42.55500000   10.36662019
   42.58000000   10.37068513
   42.60500000   10.36691308
   42.63000000   10.35622034
   42.65500000   10.34467031
   42.68000000   10.33705495
   42.70500000   10.33224693
   42.73000000   10.32573342
   42.75500000   10.32063538
   42.78000000   10.32430144
   42.80500000   10.33736991
   42.83000000   10.35557037
   42.85500000   10.37236784
   42.88000000   10.38173966
   42.90500000   10.38334406
   42.93000000   10.37982947
   42.95500000   10.37437194
   42.98000000   10.37306578
   43.00500000   10.38167692
   43.03000000   10.39913424
   43.05500000   10.42012252
   43.08000000   10.43890677
   43.10500000   10.45374331
   43.13000000   10.46810833
   43.15500000   10.48432531
   43.18000000   10.50218515
   43.20500000   10.52144608
   43.23000000   10.53916771
   43.25500000   10.55237870
   43.28000000   10.55982017
   43.30500000   10.55834291
   43.33000000   10.54618932
   43.35500000   10.52752416
   43.38000000   10.50894343
   43.40500000   10.49509828
   43.43000000   10.48732780
   43.45500000   10.48408558
   43.48000000   10.48532365
   43.50500000   10.49361930
   43.53000000   10.51062050
   43.55500000   10.53139608
   43.58000000   10.55234506
   43.60500000   10.56848368
   43.63000000   10.57324649
   43.65500000   10.56977574
   43.68000000   10.56868912
   43.70500000   10.57598027
   43.73000000   10.58823809
   43.75500000   10.59725228
   43.78000000   10.59911976
   43.80500000   10.59862097
   43.83000000   10.60141189
   43.85500000   10.61193725
   43.88000000   10.63011299
   43.90500000   10.65018961
   43.93000000   10.66759063
   43.95500000   10.67924563
   43.98000000   10.68617394
   44.00500000   10.69018295
   44.03000000   10.69398281
   44.05500000   10.70423410
   44.08000000   10.72559670
   44.10500000   10.75123571
   44.13000000   10.76545085
   44.15500000   10.76091210
   44.18000000   10.74410829
   44.20500000   10.72476204
   44.23000000   10.70931034
   44.25500000   10.69972688
   44.28000000   10.69569551
   44.30500000   10.69474024
   44.33000000   10.69295337
   44.35500000   10.68673200
   44.38000000   10.67545340
   44.40500000   10.66102406
   44.43000000   10.64862135
   44.45500000   10.64502722
   44.48000000   10.64842394
   44.50500000   10.65459580
   44.53000000   10.66148460
   44.55500000   10.66393226
   44.58000000   10.65994163
   44.60500000   10.65201616
   44.63000000   10.63978279
   44.65500000   10.62493660
   44.68000000   10.60997094
   44.70500000   10.59876966
   44.73000000   10.59462226
   44.75500000   10.59930675
   44.78000000   10.61353627
   44.80500000   10.63416618
   44.83000000   10.65542679
   44.85500000   10.67215963
   44.88000000   10.68260349
   44.90500000   10.68725314
   44.93000000   10.68999526
   44.95500000   10.69505796
   44.98000000   10.70298696
   45.00500000   10.71279218
   45.03000000   10.72286475
   45.05500000   10.73188814
   45.08000000   10.74118732
   45.10500000   10.75356851
   45.13000000   10.76970336
   45.15500000   10.78841666
   45.18000000   10.80797298
   45.20500000   10.82473680
   45.23000000   10.83524922
   45.25500000   10.83911000
   45.28000000   10.83822879
   45.30500000   10.83511516
   45.33000000   10.83276058
   45.35500000   10.83438468
   45.38000000   10.84246334
   45.40500000   10.85699038
   45.43000000   10.87473941
   45.45500000   10.89101988
   45.48000000   10.90168882
   45.50500000   10.90433882
   45.53000000   10.89982427
   45.55500000   10.89457004
   45.58000000   10.89701224
   45.60500000   10.90766365
   45.63000000   10.91669967
   45.65500000   10.91492071
   45.68000000   10.90527565
   45.70500000   10.89503553
   45.73000000   10.89007892
   45.75500000   10.89279974
   45.78000000   10.90002589
   45.80500000   10.90512975
   45.83000000   10.90398208
   45.85500000   10.89651020
   45.88000000   10.88670747
   45.90500000   10.88009823
   45.93000000   10.87955619
   45.95500000   10.88256159
   45.98000000   10.88085594
   46.00500000   10.86780567
   46.03000000   10.84214428
   46.05500000   10.80891904
   46.08000000   10.77711014
   46.10500000   10.75427559
   46.13000000   10.74102519
   46.15500000   10.73337236
   46.18000000   10.73075644
   46.20500000   10.73704700
   46.23000000   10.75525549
   46.25500000   10.78139755
   46.28000000   10.80889577
   46.30500000   10.83849503
   46.33000000   10.86920343
   46.35500000   10.89539163
   46.38000000   10.91431024
   46.40500000   10.92515009
   46.43000000   10.93066648
   46.45500000   10.93682523
   46.48000000   10.94613002
   46.50500000   10.95305021
   46.53000000   10.95244936
   46.55500000   10.94742806
   46.58000000   10.94589212
   46.60500000   10.94944954
   46.63000000   10.95307000
   46.65500000   10.95303478
   46.68000000   10.94794594
   46.70500000   10.93489687
   46.73000000   10.91453440
   46.75500000   10.89177358
   46.78000000   10.86894349
   46.80500000   10.84449668
   46.83000000   10.81812670
   46.85500000   10.79572895
   46.88000000   10.78433768
   46.90500000   10.78362768
   46.93000000   10.78913736
   46.95500000   10.79444783
   46.98000000   10.79594132
   47.00500000   10.79599551
   47.03000000   10.79925880
   47.05500000   10.81342778
   47.08000000   10.84275256
   47.10500000   10.88057652
   47.13000000   10.91739665
   47.15500000   10.94594946
   47.18000000   10.96096109
   47.20500000   10.96353453
   47.23000000   10.96024890
   47.25500000   10.95676419
   47.28000000   10.95617677
   47.30500000   10.96049069
   47.33000000   10.97363101
   47.35500000   10.99834577
   47.38000000   11.03234438
   47.40500000   11.06839836
   47.43000000   11.09852922
   47.45500000   11.11837357
   47.48000000   11.12921797
   47.50500000   11.13536841
   47.53000000   11.13638113
   47.55500000   11.12619859
   47.58000000   11.10988187
   47.60500000   11.09395922
   47.63000000   11.08044242
   47.65500000   11.07271163
   47.68000000   11.07471663
   47.70500000   11.08820692
   47.73000000   11.11563335
   47.75500000   11.15563263
   47.78000000   11.19991691
   47.80500000   11.23861750
   47.83000000   11.26803352
   47.85500000   11.29118231
   47.88000000   11.31287560
   47.90500000   11.33683082
   47.93000000   11.36165312
   47.95500000   11.38239774
   47.98000000   11.39728185
   48.00500000   11.40915167
   48.03000000   11.42272446
   48.05500000   11.43926472
   48.08000000   11.45549083
   48.10500000   11.46911239
   48.13000000   11.48152367
   48.15500000   11.49259836
   48.18000000   11.50317348
   48.20500000   11.51300935
   48.23000000   11.52198110
   48.25500000   11.53277869
   48.28000000   11.54580831
   48.30500000   11.55968856
   48.33000000   11.57723887
   48.35500000   11.60101584
   48.38000000   11.62886049
   48.40500000   11.65690723
   48.43000000   11.68162282
   48.45500000   11.69926002
   48.48000000   11.70860444
   48.50500000   11.70938534
   48.53000000   11.70277446
   48.55500000   11.69148542
   48.58000000   11.68058561
   48.60500000   11.67353011
   48.63000000   11.67200684
   48.65500000   11.67625979
   48.68000000   11.68476834
   48.70500000   11.69394438
   48.73000000   11.69921025
   48.75500000   11.69976496
   48.78000000   11.69861410
   48.80500000   11.69864729
   48.83000000   11.70324907
   48.85500000   11.71673081
   48.88000000   11.74234655
   48.90500000   11.77620358
   48.93000000   11.80767201
   48.95500000   11.82673551
   48.98000000   11.83309631
   49.00500000   11.83232115
   49.03000000   11.82699514
   49.05500000   11.81833745
   49.08000000   11.80894132
   49.10500000   11.80414174
   49.13000000   11.80802585
   49.15500000   11.81986302
   49.18000000   11.83707322
   49.20500000   11.85705700
   49.23000000   11.87854736
   49.25500000   11.90157652
   49.28000000   11.92612523
   49.30500000   11.95213603
   49.33000000   11.97946002
   49.35500000   12.00645289
   49.38000000   12.03076607
   49.40500000   12.05154343
   49.43000000   12.06669848
   49.45500000   12.07670166
   49.48000000   12.08493497
   49.50500000   12.09591444
   49.53000000   12.11047999
   49.55500000   12.12631731
   49.58000000   12.13830356
   49.60500000   12.14019108
   49.63000000   12.13332834
   49.65500000   12.12502654
   49.68000000   12.12198044
   49.70500000   12.12568217
   49.73000000   12.13335570
   49.75500000   12.14221942
   49.78000000   12.15143336
   49.80500000   12.15687323
   49.83000000   12.15563636
   49.85500000   12.15162531
   49.88000000   12.14910544
   49.90500000   12.15031241
   49.93000000   12.15769738
   49.95500000   12.17051550
   49.98000000   12.18491602
