    0.00500000    0.00006365
    0.03000000    0.00218215
    0.05500000    0.00688400
    0.08000000    0.01361700
    0.10500000    0.02177611
    0.13000000    0.03073274
    0.15500000    0.03972139
    0.18000000    0.04813409
    0.20500000    0.05578606
    0.23000000    0.06300153
    0.25500000    0.07011523
    0.28000000    0.07738792
    0.30500000    0.08460123
    0.33000000    0.09149586
    0.35500000    0.09845398
    0.38000000    0.10551186
    0.40500000    0.11230872
    0.43000000    0.11863893
    0.45500000    0.12500228
    0.48000000    0.13161583
    0.50500000    0.13855597
    0.53000000    0.14628273
    0.55500000    0.15491717
    0.58000000    0.16392965
    0.60500000    0.17230078
    0.63000000    0.17915482
    0.65500000    0.18465861
    0.68000000    0.18954957
    0.70500000    0.19436535
    0.73000000    0.19955785
    0.75500000    0.20495224
    0.78000000    0.20973795
    0.80500000    0.21345936
    0.83000000    0.21606213
    0.85500000    0.21795061
    0.88000000    0.21942711
    0.90500000    0.22164018
    0.93000000    0.22551188
    0.95500000    0.23118491
    0.98000000    0.23817982
    1.00500000    0.24577205
    1.03000000    0.25329779
    1.05500000    0.26012370
    1.08000000    0.26657944
    1.10500000    0.27336331
    1.13000000    0.28052564
    1.15500000    0.28770098
    1.18000000    0.29530246
    1.20500000    0.30395485
    1.23000000    0.31328189
    1.25500000    0.32249451
    1.28000000    0.33134050
    1.30500000    0.34032564
    1.33000000    0.35039864
    1.35500000    0.36197081
    1.38000000    0.37438130
    1.40500000    0.38651411
    1.43000000    0.39732700
    1.45500000    0.40671016
    1.48000000    0.41518393
    1.50500000    0.42234191
    1.53000000    0.42786120
    1.55500000    0.43274501
    1.58000000    0.43809925
    1.60500000    0.44348325
    1.63000000    0.44816050
    1.65500000    0.45275539
    1.68000000    0.45748288
    1.70500000    0.46330211
    1.73000000    0.47150697
    1.75500000    0.48172960
    1.78000000    0.49296519
    1.80500000    0.50482482
    1.83000000    0.51689083
    1.85500000    0.52843207
    1.88000000    0.53820028
    1.90500000    0.54612431
    1.93000000    0.55300907
    1.95500000    0.55965002
    1.98000000    0.56600558
    2.00500000    0.57208027
    2.03000000    0.57790878
    2.05500000    0.58310126
    2.08000000    0.58776353
    2.10500000    0.59313919
    2.13000000    0.59976483
    2.15500000    0.60726267
    2.18000000    0.61572050
    2.20500000    0.62462731
    2.23000000    0.63349066
    2.25500000    0.64265408
    2.28000000    0.65156684
    2.30500000    0.66017631
    2.33000000    0.66878542
    2.35500000    0.67634122
    2.38000000    0.68139286
    2.40500000    0.68431935
    2.43000000    0.68647579
    2.45500000    0.68847746
    2.48000000    0.69081333
    2.50500000    0.69344230
    2.53000000    0.69550127
    2.55500000    0.69680133
    2.58000000    0.69835953
    2.60500000    0.70121951
    2.63000000    0.70569125
    2.65500000    0.71147096
    2.68000000    0.71885879
    2.70500000    0.72804408
    2.73000000    0.73848725
    2.75500000    0.74959324
    2.78000000    0.76070709
    2.80500000    0.77062751
    2.83000000    0.77957644
    2.85500000    0.78940978
    2.88000000    0.80108785
    2.90500000    0.81418956
    2.93000000    0.82736760
    2.95500000    0.83938453
    2.98000000    0.85029593
    3.00500000    0.86112471
    3.03000000    0.87204074
    3.05500000    0.88290190
    3.08000000    0.89364444
    3.10500000    0.90421034
    3.13000000    0.91560508
    3.15500000    0.92798101
    3.18000000    0.94076985
    3.20500000    0.95357193
    3.23000000    0.96617454
    3.25500000    0.97808367
    3.28000000    0.98857408
    3.30500000    0.99807101
    3.33000000    1.00770218
    3.35500000    1.01766074
    3.38000000    1.02769496
    3.40500000    1.03805874
    3.43000000    1.04902221
    3.45500000    1.06013071
    3.48000000    1.06969575
    3.50500000    1.07636694
    3.53000000    1.08091614
    3.55500000    1.08425606
    3.58000000    1.08743702
    3.60500000    1.09037915
    3.63000000    1.09319568
    3.65500000    1.09609578
    3.68000000    1.09955598
    3.70500000    1.10475810
    3.73000000    1.11118113
    3.75500000    1.11821888
    3.78000000    1.12603090
    3.80500000    1.13460210
    3.83000000    1.14320130
    3.85500000    1.15130163
    3.88000000    1.15878599
    3.90500000    1.16569606
    3.93000000    1.17296855
    3.95500000    1.18086761
    3.98000000    1.18786500
    4.00500000    1.19318121
    4.03000000    1.19827745
    4.05500000    1.20409033
    4.08000000    1.21032811
    4.10500000    1.21634798
    4.13000000    1.22199915
    4.15500000    1.22777960
    4.18000000    1.23285706
    4.20500000    1.23670217
    4.23000000    1.24055954
    4.25500000    1.24611437
    4.28000000    1.25301182
    4.30500000    1.25973075
    4.33000000    1.26625535
    4.35500000    1.27402290
    4.38000000    1.28259467
    4.40500000    1.28939102
    4.43000000    1.29191638
    4.45500000    1.29139406
    4.48000000    1.29208777
    4.50500000    1.29607979
    4.53000000    1.30245397
    4.55500000    1.30913094
    4.58000000    1.31591529
    4.60500000    1.32305432
    4.63000000    1.32988513
    4.65500000    1.33608486
    4.68000000    1.34093111
    4.70500000    1.34380831
    4.73000000    1.34374897
    4.75500000    1.34177503
    4.78000000    1.34148879
    4.80500000    1.34423317
    4.83000000    1.34926701
    4.85500000    1.35620264
    4.88000000    1.36463785
    4.90500000    1.37435865
    4.93000000    1.38474630
    4.95500000    1.39582995
    4.98000000    1.40764364
    5.00500000    1.41923256
    5.03000000    1.42972475
    5.05500000    1.43899160
    5.08000000    1.44678022
    5.10500000    1.45205801
    5.13000000    1.45409834
    5.15500000    1.45526910
    5.18000000    1.45865699
    5.20500000    1.46517614
    5.23000000    1.47433390
    5.25500000    1.48601637
    5.28000000    1.50005316
    5.30500000    1.51486775
    5.33000000    1.52779135
    5.35500000    1.53854017
    5.38000000    1.54850731
    5.40500000    1.55929579
    5.43000000    1.57148009
    5.45500000    1.58368265
    5.48000000    1.59465696
    5.50500000    1.60487352
    5.53000000    1.61461706
    5.55500000    1.62317247
    5.58000000    1.62938945
    5.60500000    1.63245955
    5.63000000    1.63237377
    5.65500000    1.63123762
    5.68000000    1.63125854
    5.70500000    1.63256994
    5.73000000    1.63447013
    5.75500000    1.63677877
    5.78000000    1.64037170
    5.80500000    1.64602703
    5.83000000    1.65336288
    5.85500000    1.66087027
    5.88000000    1.66800384
    5.90500000    1.67544283
    5.93000000    1.68431310
    5.95500000    1.69488389
    5.98000000    1.70626595
    6.00500000    1.71868597
    6.03000000    1.73293687
    6.05500000    1.74902877
    6.08000000    1.76578614
    6.10500000    1.78038742
    6.13000000    1.79085812
    6.15500000    1.79722748
    6.18000000    1.80053519
    6.20500000    1.80284905
    6.23000000    1.80598690
    6.25500000    1.81060176
    6.28000000    1.81676653
    6.30500000    1.82385022
    6.33000000    1.83120206
    6.35500000    1.83799773
    6.38000000    1.84402262
    6.40500000    1.84871650
    6.43000000    1.85008299
    6.45500000    1.84772280
    6.48000000    1.84407062
    6.50500000    1.84112154
    6.53000000    1.83869298
    6.55500000    1.83553867
    6.58000000    1.83194564
    6.60500000    1.82962416
    6.63000000    1.82983188
    6.65500000    1.83430066
    6.68000000    1.84420002
    6.70500000    1.85674825
    6.73000000    1.86901524
    6.75500000    1.88177564
    6.78000000    1.89428475
    6.80500000    1.90535812
    6.83000000    1.91477271
    6.85500000    1.92361598
    6.88000000    1.93281997
    6.90500000    1.94302387
    6.93000000    1.95458493
    6.95500000    1.96715625
    6.98000000    1.97942287
    7.00500000    1.99009842
    7.03000000    1.99890841
    7.05500000    2.00578183
    7.08000000    2.01128682
    7.10500000    2.01686328
    7.13000000    2.02372510
    7.15500000    2.03133036
    7.18000000    2.03906129
    7.20500000    2.04813354
    7.23000000    2.05862458
    7.25500000    2.06914147
    7.28000000    2.07881410
    7.30500000    2.08796410
    7.33000000    2.09765154
    7.35500000    2.10820421
    7.38000000    2.11845729
    7.40500000    2.12609204
    7.43000000    2.13137926
    7.45500000    2.13698920
    7.48000000    2.14321583
    7.50500000    2.15046155
    7.53000000    2.15898663
    7.55500000    2.16809933
    7.58000000    2.17763152
    7.60500000    2.18795010
    7.63000000    2.19950533
    7.65500000    2.21154995
    7.68000000    2.22264109
    7.70500000    2.23272139
    7.73000000    2.24265703
    7.75500000    2.25371082
    7.78000000    2.26626034
    7.80500000    2.27985109
    7.83000000    2.29456815
    7.85500000    2.31014883
    7.88000000    2.32555547
    7.90500000    2.33921426
    7.93000000    2.34769996
    7.95500000    2.34963740
    7.98000000    2.34698482
    8.00500000    2.34257353
    8.03000000    2.33855776
    8.05500000    2.33664398
    8.08000000    2.33820033
    8.10500000    2.34432510
    8.13000000    2.35620209
    8.15500000    2.37505567
    8.18000000    2.40000718
    8.20500000    2.42793551
    8.23000000    2.45539605
    8.25500000    2.47947374
    8.28000000    2.49785851
    8.30500000    2.51010315
    8.33000000    2.51656680
    8.35500000    2.51761453
    8.38000000    2.51543624
    8.40500000    2.51379432
    8.43000000    2.51652938
    8.45500000    2.52420435
    8.48000000    2.53366425
    8.50500000    2.54119804
    8.53000000    2.54632265
    8.55500000    2.55060946
    8.58000000    2.55445952
    8.60500000    2.55704089
    8.63000000    2.55856438
    8.65500000    2.55921812
    8.68000000    2.55851855
    8.70500000    2.55834098
    8.73000000    2.56094079
    8.75500000    2.56675387
    8.78000000    2.57590609
    8.80500000    2.58743970
    8.83000000    2.59803806
    8.85500000    2.60390276
    8.88000000    2.60460410
    8.90500000    2.60409605
    8.93000000    2.60599420
    8.95500000    2.61024290
    8.98000000    2.61580267
    9.00500000    2.62420491
    9.03000000    2.63563037
    9.05500000    2.64702681
    9.08000000    2.65583376
    9.10500000    2.66074491
    9.13000000    2.66052437
    9.15500000    2.65846449
    9.18000000    2.65787755
    9.20500000    2.65938161
    9.23000000    2.66409623
    9.25500000    2.67390752
    9.28000000    2.68805906
    9.30500000    2.70394029
    9.33000000    2.72074721
    9.35500000    2.73803648
    9.38000000    2.75258503
    9.40500000    2.76225180
    9.43000000    2.76771405
    9.45500000    2.77070945
    9.48000000    2.77440922
    9.50500000    2.77993849
    9.53000000    2.78576842
    9.55500000    2.79165269
    9.58000000    2.79859718
    9.60500000    2.80532740
    9.63000000    2.80850664
    9.65500000    2.80745511
    9.68000000    2.80555532
    9.70500000    2.80607876
    9.73000000    2.80996215
    9.75500000    2.81745732
    9.78000000    2.82831651
    9.80500000    2.84059684
    9.83000000    2.85191643
    9.85500000    2.86101507
    9.88000000    2.87017360
    9.90500000    2.88027032
    9.93000000    2.88909588
    9.95500000    2.89359347
    9.98000000    2.89423121
   10.00500000    2.89393221
   10.03000000    2.89439390
   10.05500000    2.89439310
   10.08000000    2.89224296
   10.10500000    2.88765627
   10.13000000    2.88099760
   10.15500000    2.87311200
   10.18000000    2.86588444
   10.20500000    2.86242367
   10.23000000    2.86383130
   10.25500000    2.86807317
   10.28000000    2.87287113
   10.30500000    2.87666040
   10.33000000    2.87890101
   10.35500000    2.88142104
   10.38000000    2.88711579
   10.40500000    2.89510011
   10.43000000    2.90326592
   10.45500000    2.91041258
   10.48000000    2.91663623
   10.50500000    2.92286431
   10.53000000    2.92997449
   10.55500000    2.93726548
   10.58000000    2.94313212
   10.60500000    2.94578416
   10.63000000    2.94411846
   10.65500000    2.93997371
   10.68000000    2.93772725
   10.70500000    2.93971070
   10.73000000    2.94491946
   10.75500000    2.95163284
   10.78000000    2.95892045
   10.80500000    2.96698028
   10.83000000    2.97606771
   10.85500000    2.98541976
   10.88000000    2.99365371
   10.90500000    3.00012766
   10.93000000    3.00478627
   10.95500000    3.00867264
   10.98000000    3.01291627
   11.00500000    3.01835411
   11.03000000    3.02487532
   11.05500000    3.03252479
   11.08000000    3.04000136
   11.10500000    3.04433097
   11.13000000    3.04432536
   11.15500000    3.04274243
   11.18000000    3.04292159
   11.20500000    3.04598843
   11.23000000    3.05249413
   11.25500000    3.06176765
   11.28000000    3.07314908
   11.30500000    3.08595052
   11.33000000    3.09792006
   11.35500000    3.10676544
   11.38000000    3.11284151
   11.40500000    3.11737983
   11.43000000    3.11955006
   11.45500000    3.11781651
   11.48000000    3.11219832
   11.50500000    3.10415713
   11.53000000    3.09527380
   11.55500000    3.08742552
   11.58000000    3.08210714
   11.60500000    3.08057688
   11.63000000    3.08365794
   11.65500000    3.08963379
   11.68000000    3.09569063
   11.70500000    3.10280353
   11.73000000    3.11312677
   11.75500000    3.12741805
   11.78000000    3.14300013
   11.80500000    3.15536347
   11.83000000    3.16271058
   11.85500000    3.16653165
   11.88000000    3.16873628
   11.90500000    3.17249252
   11.93000000    3.17883691
   11.95500000    3.18671047
   11.98000000    3.19444451
   12.00500000    3.20110010
   12.03000000    3.20529775
   12.05500000    3.20808022
   12.08000000    3.21407367
   12.10500000    3.22700126
   12.13000000    3.24649942
   12.15500000    3.26900126
   12.18000000    3.29128469
   12.20500000    3.31115383
   12.23000000    3.32713586
   12.25500000    3.33789706
   12.28000000    3.34296102
   12.30500000    3.34416033
   12.33000000    3.34448242
   12.35500000    3.34711644
   12.38000000    3.35352600
   12.40500000    3.36291084
   12.43000000    3.37334904
   12.45500000    3.38151716
   12.48000000    3.38713879
   12.50500000    3.39303342
   12.53000000    3.39799229
   12.55500000    3.40078192
   12.58000000    3.40029673
   12.60500000    3.39362306
   12.63000000    3.38103089
   12.65500000    3.36751587
   12.68000000    3.35714645
   12.70500000    3.35169480
   12.73000000    3.35212627
   12.75500000    3.35907849
   12.78000000    3.37098431
   12.80500000    3.38589238
   12.83000000    3.40332072
   12.85500000    3.42332527
   12.88000000    3.44372499
   12.90500000    3.46098041
   12.93000000    3.47318637
   12.95500000    3.48113884
   12.98000000    3.48718689
   13.00500000    3.49343402
   13.03000000    3.50125609
   13.05500000    3.51156637
   13.08000000    3.52430542
   13.10500000    3.53883139
   13.13000000    3.55363368
   13.15500000    3.56719434
   13.18000000    3.57995586
   13.20500000    3.59309790
   13.23000000    3.60656207
   13.25500000    3.61987853
   13.28000000    3.63330145
   13.30500000    3.64786051
   13.33000000    3.66451640
   13.35500000    3.68159034
   13.38000000    3.69611654
   13.40500000    3.70688433
   13.43000000    3.71610343
   13.45500000    3.72457564
   13.48000000    3.73132514
   13.50500000    3.73702230
   13.53000000    3.74299796
   13.55500000    3.74965696
   13.58000000    3.75844097
   13.60500000    3.77057080
   13.63000000    3.78262072
   13.65500000    3.79040747
   13.68000000    3.79647855
   13.70500000    3.80259148
   13.73000000    3.80801495
   13.75500000    3.81252796
   13.78000000    3.81674536
   13.80500000    3.82012324
   13.83000000    3.82305794
   13.85500000    3.82723175
   13.88000000    3.83299256
   13.90500000    3.84042489
   13.93000000    3.84883417
   13.95500000    3.85708011
   13.98000000    3.86664628
   14.00500000    3.87863219
   14.03000000    3.89071468
   14.05500000    3.90165363
   14.08000000    3.91154527
   14.10500000    3.92027570
   14.13000000    3.92803094
   14.15500000    3.93676203
   14.18000000    3.94718274
   14.20500000    3.95691370
   14.23000000    3.96200185
   14.25500000    3.96207173
   14.28000000    3.95742489
   14.30500000    3.94892314
   14.33000000    3.93987198
   14.35500000    3.93407382
   14.38000000    3.93291646
   14.40500000    3.93490175
   14.43000000    3.93851088
   14.45500000    3.94432471
   14.48000000    3.95384966
   14.50500000    3.96701231
   14.53000000    3.98308020
   14.55500000    4.00168361
   14.58000000    4.02285264
   14.60500000    4.04544763
   14.63000000    4.06542815
   14.65500000    4.07948880
   14.68000000    4.08876590
   14.70500000    4.09689899
   14.73000000    4.10691331
   14.75500000    4.11977121
   14.78000000    4.13452997
   14.80500000    4.14862879
   14.83000000    4.16036969
   14.85500000    4.17125178
   14.88000000    4.18539235
   14.90500000    4.20455453
   14.93000000    4.22459125
   14.95500000    4.23884100
   14.98000000    4.24293577
   15.00500000    4.23895448
   15.03000000    4.23151744
   15.05500000    4.22284284
   15.08000000    4.21388106
   15.10500000    4.20723202
   15.13000000    4.20454730
   15.15500000    4.20467093
   15.18000000    4.20628174
   15.20500000    4.21018651
   15.23000000    4.21830392
   15.25500000    4.23159840
   15.28000000    4.24887480
   15.30500000    4.26661659
   15.33000000    4.28069515
   15.35500000    4.29090594
   15.38000000    4.29930834
   15.40500000    4.30607068
   15.43000000    4.31173174
   15.45500000    4.31490661
   15.48000000    4.31103725
   15.50500000    4.30083454
   15.53000000    4.28815242
   15.55500000    4.27348919
   15.58000000    4.25685956
   15.60500000    4.23888766
   15.63000000    4.22072568
   15.65500000    4.20540226
   15.68000000    4.19628939
   15.70500000    4.19415568
   15.73000000    4.19604322
   15.75500000    4.19946778
   15.78000000    4.20457233
   15.80500000    4.21195356
   15.83000000    4.22275353
   15.85500000    4.23548789
   15.88000000    4.24622835
   15.90500000    4.25218406
   15.93000000    4.25432340
   15.95500000    4.25396237
   15.98000000    4.25011699
   16.00500000    4.24183707
   16.03000000    4.23154824
   16.05500000    4.22301077
   16.08000000    4.21776684
   16.10500000    4.21566108
   16.13000000    4.21742754
   16.15500000    4.22272795
   16.18000000    4.22896129
   16.20500000    4.23431020
   16.23000000    4.23751489
   16.25500000    4.23775762
   16.28000000    4.23720999
   16.30500000    4.23677579
   16.33000000    4.23655502
   16.35500000    4.23846867
   16.38000000    4.24210591
   16.40500000    4.24546055
   16.43000000    4.24739163
   16.45500000    4.24703902
   16.48000000    4.24389991
   16.50500000    4.23770421
   16.53000000    4.22968460
   16.55500000    4.22525764
   16.58000000    4.22778178
   16.60500000    4.23720441
   16.63000000    4.25122627
   16.65500000    4.26674478
   16.68000000    4.28318663
   16.70500000    4.29899428
   16.73000000    4.30931693
   16.75500000    4.31058454
   16.78000000    4.30096684
   16.80500000    4.28504109
   16.83000000    4.27103068
   16.85500000    4.26393057
   16.88000000    4.26366635
   16.90500000    4.26760678
   16.93000000    4.27188982
   16.95500000    4.27532051
   16.98000000    4.27846139
   17.00500000    4.28195598
   17.03000000    4.28534263
   17.05500000    4.28632231
   17.08000000    4.28470235
   17.10500000    4.28157601
   17.13000000    4.28041077
   17.15500000    4.28322313
   17.18000000    4.28879580
   17.20500000    4.29521387
   17.23000000    4.30273308
   17.25500000    4.31142584
   17.28000000    4.32046627
   17.30500000    4.32956128
   17.33000000    4.33933563
   17.35500000    4.35171816
   17.38000000    4.36717217
   17.40500000    4.38284377
   17.43000000    4.39952974
   17.45500000    4.42112877
   17.48000000    4.44733415
   17.50500000    4.47326705
   17.53000000    4.49418296
   17.55500000    4.50967925
   17.58000000    4.52014590
   17.60500000    4.52556031
   17.63000000    4.52592823
   17.65500000    4.52192342
   17.68000000    4.51725708
   17.70500000    4.51555004
   17.73000000    4.51625987
   17.75500000    4.51577457
   17.78000000    4.51397073
   17.80500000    4.51391110
   17.83000000    4.51690394
   17.85500000    4.52124478
   17.88000000    4.52496276
   17.90500000    4.52752401
   17.93000000    4.52857891
   17.95500000    4.52719834
   17.98000000    4.52323385
   18.00500000    4.51571639
   18.03000000    4.50523483
   18.05500000    4.49389342
   18.08000000    4.48350200
   18.10500000    4.47447355
   18.13000000    4.46767945
   18.15500000    4.46420777
   18.18000000    4.46481344
   18.20500000    4.46852168
   18.23000000    4.47417123
   18.25500000    4.48073778
   18.28000000    4.48699145
   18.30500000    4.49130838
   18.33000000    4.49348616
   18.35500000    4.49404215
   18.38000000    4.49362485
   18.40500000    4.49343359
   18.43000000    4.49355808
   18.45500000    4.49382800
   18.48000000    4.49363497
   18.50500000    4.49371360
   18.53000000    4.49674009
   18.55500000    4.50405543
   18.58000000    4.51489896
   18.60500000    4.52726542
   18.63000000    4.53712020
   18.65500000    4.54253434
   18.68000000    4.54514813
   18.70500000    4.54803969
   18.73000000    4.55178678
   18.75500000    4.55353147
   18.78000000    4.55264777
   18.80500000    4.55081061
   18.83000000    4.55004346
   18.85500000    4.55355971
   18.88000000    4.56194102
   18.90500000    4.57254864
   18.93000000    4.58293299
   18.95500000    4.59019076
   18.98000000    4.59226945
   19.00500000    4.58994968
   19.03000000    4.58588631
   19.05500000    4.58264984
   19.08000000    4.58261121
   19.10500000    4.58623138
   19.13000000    4.59103760
   19.15500000    4.59290838
   19.18000000    4.59015685
   19.20500000    4.58703629
   19.23000000    4.58871250
   19.25500000    4.59535296
   19.28000000    4.60553319
   19.30500000    4.61831482
   19.33000000    4.63468698
   19.35500000    4.65516199
   19.38000000    4.67773282
   19.40500000    4.69869156
   19.43000000    4.71502115
   19.45500000    4.72625372
   19.48000000    4.73271582
   19.50500000    4.73408271
   19.53000000    4.72880948
   19.55500000    4.71677226
   19.58000000    4.70180231
   19.60500000    4.68695961
   19.63000000    4.67259592
   19.65500000    4.65828640
   19.68000000    4.64310702
   19.70500000    4.62764354
   19.73000000    4.61507710
   19.75500000    4.60825603
   19.78000000    4.60769203
   19.80500000    4.61199769
   19.83000000    4.61926249
   19.85500000    4.62856891
   19.88000000    4.63964075
   19.90500000    4.65070237
   19.93000000    4.66188272
   19.95500000    4.67827586
   19.98000000    4.70299238
   20.00500000    4.73267642
   20.03000000    4.76141083
   20.05500000    4.78479212
   20.08000000    4.80051292
   20.10500000    4.80964309
   20.13000000    4.81478514
   20.15500000    4.81760007
   20.18000000    4.81876794
   20.20500000    4.81942261
   20.23000000    4.82133104
   20.25500000    4.82621803
   20.28000000    4.83330373
   20.30500000    4.84070132
   20.33000000    4.84848024
   20.35500000    4.85655857
   20.38000000    4.86315304
   20.40500000    4.86722814
   20.43000000    4.86941012
   20.45500000    4.86968565
   20.48000000    4.86833795
   20.50500000    4.86861879
   20.53000000    4.87442869
   20.55500000    4.88718364
   20.58000000    4.90269815
   20.60500000    4.91566709
   20.63000000    4.92485203
   20.65500000    4.93221518
   20.68000000    4.94126405
   20.70500000    4.95304005
   20.73000000    4.96595719
   20.75500000    4.97837044
   20.78000000    4.98869045
   20.80500000    4.99757375
   20.83000000    5.00855799
   20.85500000    5.02373786
   20.88000000    5.04229799
   20.90500000    5.06155536
   20.93000000    5.07752464
   20.95500000    5.08818214
   20.98000000    5.09419309
   21.00500000    5.09650270
   21.03000000    5.09861657
   21.05500000    5.10521168
   21.08000000    5.11703705
   21.10500000    5.12962466
   21.13000000    5.13887493
   21.15500000    5.14467467
   21.18000000    5.14987405
   21.20500000    5.15537222
   21.23000000    5.15883609
   21.25500000    5.16087995
   21.28000000    5.16526728
   21.30500000    5.17404874
   21.33000000    5.18408893
   21.35500000    5.19240559
   21.38000000    5.19888028
   21.40500000    5.20402597
   21.43000000    5.20889929
   21.45500000    5.21404324
   21.48000000    5.21867666
   21.50500000    5.22083257
   21.53000000    5.21826934
   21.55500000    5.21271184
   21.58000000    5.20837887
   21.60500000    5.20676697
   21.63000000    5.20720208
   21.65500000    5.21046640
   21.68000000    5.21915439
   21.70500000    5.23437526
   21.73000000    5.25322162
   21.75500000    5.27130160
   21.78000000    5.28453808
   21.80500000    5.29212595
   21.83000000    5.29637286
   21.85500000    5.29751017
   21.88000000    5.29434369
   21.90500000    5.28715556
   21.93000000    5.27864587
   21.95500000    5.27192001
   21.98000000    5.26981041
   22.00500000    5.27444750
   22.03000000    5.28524857
   22.05500000    5.29944520
   22.08000000    5.31433607
   22.10500000    5.32902472
   22.13000000    5.34353575
   22.15500000    5.35789409
   22.18000000    5.37210024
   22.20500000    5.38708989
   22.23000000    5.40488174
   22.25500000    5.42590061
   22.28000000    5.44893113
   22.30500000    5.47061877
   22.33000000    5.48847556
   22.35500000    5.50225854
   22.38000000    5.51355501
   22.40500000    5.52492253
   22.43000000    5.53639187
   22.45500000    5.54555986
   22.48000000    5.55122864
   22.50500000    5.55574579
   22.53000000    5.56383104
   22.55500000    5.57774482
   22.58000000    5.59723763
   22.60500000    5.62175810
   22.63000000    5.64673836
   22.65500000    5.66750970
   22.68000000    5.68374451
   22.70500000    5.69680262
   22.73000000    5.70640477
   22.75500000    5.71188319
   22.78000000    5.71565162
   22.80500000    5.72191263
   22.83000000    5.73201964
   22.85500000    5.74653962
   22.88000000    5.76564515
   22.90500000    5.78683473
   22.93000000    5.80828794
   22.95500000    5.83051978
   22.98000000    5.85088528
   23.00500000    5.86224749
   23.03000000    5.85980263
   23.05500000    5.84778946
   23.08000000    5.83367637
   23.10500000    5.82287114
   23.13000000    5.81850743
   23.15500000    5.81958475
   23.18000000    5.82343184
   23.20500000    5.82933864
   23.23000000    5.83761552
   23.25500000    5.84794052
   23.28000000    5.86080266
   23.30500000    5.87772477
   23.33000000    5.90099662
   23.35500000    5.93105568
   23.38000000    5.96533054
   23.40500000    6.00088593
   23.43000000    6.03343210
   23.45500000    6.05501732
   23.48000000    6.06222039
   23.50500000    6.05991450
   23.53000000    6.05275858
   23.55500000    6.04505094
   23.58000000    6.04185237
   23.60500000    6.04597600
   23.63000000    6.05864609
   23.65500000    6.07813611
   23.68000000    6.09720746
   23.70500000    6.10973348
   23.73000000    6.11389965
   23.75500000    6.11010885
   23.78000000    6.10217147
   23.80500000    6.09441942
   23.83000000    6.08713881
   23.85500000    6.07957210
   23.88000000    6.07548865
   23.90500000    6.07428751
   23.93000000    6.07233014
   23.95500000    6.06710927
   23.98000000    6.06128265
   24.00500000    6.05865629
   24.03000000    6.06103967
   24.05500000    6.06749458
   24.08000000    6.07630161
   24.10500000    6.08954447
   24.13000000    6.10634460
   24.15500000    6.12340566
   24.18000000    6.13812390
   24.20500000    6.14922235
   24.23000000    6.15627776
   24.25500000    6.15856767
   24.28000000    6.15709841
   24.30500000    6.15321419
   24.33000000    6.14814591
   24.35500000    6.14449718
   24.38000000    6.14399239
   24.40500000    6.14692633
   24.43000000    6.15315863
   24.45500000    6.16303750
   24.48000000    6.17712130
   24.50500000    6.19417091
   24.53000000    6.21363741
   24.55500000    6.23497088
   24.58000000    6.25650478
   24.60500000    6.27715494
   24.63000000    6.29883374
   24.65500000    6.32321594
   24.68000000    6.34673425
   24.70500000    6.36479752
   24.73000000    6.37635625
   24.75500000    6.38320529
   24.78000000    6.39021665
   24.80500000    6.39911572
   24.83000000    6.40875232
   24.85500000    6.41831907
   24.88000000    6.42757862
   24.90500000    6.43486149
   24.93000000    6.43836008
   24.95500000    6.43852539
   24.98000000    6.43820456
   25.00500000    6.44041612
   25.03000000    6.44658062
   25.05500000    6.45678238
   25.08000000    6.47063093
   25.10500000    6.48723256
   25.13000000    6.50434109
   25.15500000    6.52154523
   25.18000000    6.53910274
   25.20500000    6.55826515
   25.23000000    6.57825251
   25.25500000    6.59533223
   25.28000000    6.60842588
   25.30500000    6.61897452
   25.33000000    6.62983264
   25.35500000    6.64093628
   25.38000000    6.65022851
   25.40500000    6.65659848
   25.43000000    6.66006203
   25.45500000    6.66205262
   25.48000000    6.66390605
   25.50500000    6.66433313
   25.53000000    6.66232636
   25.55500000    6.66099707
   25.58000000    6.66370493
   25.60500000    6.67090230
   25.63000000    6.67855358
   25.65500000    6.68289793
   25.68000000    6.68269910
   25.70500000    6.68009778
   25.73000000    6.68045700
   25.75500000    6.68718941
   25.78000000    6.69964504
   25.80500000    6.71709763
   25.83000000    6.73844575
   25.85500000    6.76181849
   25.88000000    6.78563685
   25.90500000    6.80862213
   25.93000000    6.82958906
   25.95500000    6.84693722
   25.98000000    6.85937133
   26.00500000    6.86279072
   26.03000000    6.85586257
   26.05500000    6.84490668
   26.08000000    6.83505225
   26.10500000    6.82790772
   26.13000000    6.82592414
   26.15500000    6.82778117
   26.18000000    6.82712871
   26.20500000    6.82025665
   26.23000000    6.80750688
   26.25500000    6.79393800
   26.28000000    6.78566566
   26.30500000    6.78692617
   26.33000000    6.79748755
   26.35500000    6.81509597
   26.38000000    6.83720327
   26.40500000    6.86043775
   26.43000000    6.88050203
   26.45500000    6.89485251
   26.48000000    6.90603829
   26.50500000    6.91853594
   26.53000000    6.93679989
   26.55500000    6.96114144
   26.58000000    6.98797176
   26.60500000    7.01035086
   26.63000000    7.02041023
   26.65500000    7.01868683
   26.68000000    7.01115388
   26.70500000    7.00157454
   26.73000000    6.98883812
   26.75500000    6.97285078
   26.78000000    6.95629748
   26.80500000    6.93974451
   26.83000000    6.92196549
   26.85500000    6.90367335
   26.88000000    6.88496340
   26.90500000    6.86624165
   26.93000000    6.85026236
   26.95500000    6.84081459
   26.98000000    6.83925911
   27.00500000    6.84264846
   27.03000000    6.84857070
   27.05500000    6.85752969
   27.08000000    6.86620714
   27.10500000    6.86981020
   27.13000000    6.87011595
   27.15500000    6.87344695
   27.18000000    6.88474620
   27.20500000    6.90543804
   27.23000000    6.93245243
   27.25500000    6.96025958
   27.28000000    6.98384891
   27.30500000    7.00104191
   27.33000000    7.01295185
   27.35500000    7.02268294
   27.38000000    7.03152204
   27.40500000    7.03811077
   27.43000000    7.03902073
   27.45500000    7.03375851
   27.48000000    7.02692834
   27.50500000    7.02361780
   27.53000000    7.02467696
   27.55500000    7.02737427
   27.58000000    7.02749386
   27.60500000    7.02342298
   27.63000000    7.01653278
   27.65500000    7.01007823
   27.68000000    7.00706369
   27.70500000    7.00690972
   27.73000000    7.00773233
   27.75500000    7.00974215
   27.78000000    7.01298629
   27.80500000    7.01594729
   27.83000000    7.01637957
   27.85500000    7.01437152
   27.88000000    7.01329308
   27.90500000    7.01599163
   27.93000000    7.02319021
   27.95500000    7.03401521
   27.98000000    7.04745044
   28.00500000    7.06392156
   28.03000000    7.08415569
   28.05500000    7.10658322
   28.08000000    7.12807754
   28.10500000    7.14649925
   28.13000000    7.16167878
   28.15500000    7.17443643
   28.18000000    7.18666045
   28.20500000    7.20152216
   28.23000000    7.22091407
   28.25500000    7.24270408
   28.28000000    7.26330933
   28.30500000    7.27913102
   28.33000000    7.28675097
   28.35500000    7.28496548
   28.38000000    7.27696760
   28.40500000    7.26843038
   28.43000000    7.26133211
   28.45500000    7.25224772
   28.48000000    7.24029676
   28.50500000    7.22928514
   28.53000000    7.22193304
   28.55500000    7.21784441
   28.58000000    7.21652282
   28.60500000    7.21769135
   28.63000000    7.22090704
   28.65500000    7.22364401
   28.68000000    7.22206395
   28.70500000    7.21575627
   28.73000000    7.20589774
   28.75500000    7.19536354
   28.78000000    7.18568528
   28.80500000    7.17509252
   28.83000000    7.16178353
   28.85500000    7.14544504
   28.88000000    7.12700201
   28.90500000    7.10758750
   28.93000000    7.09021736
   28.95500000    7.07656705
   28.98000000    7.06432438
   29.00500000    7.05257572
   29.03000000    7.04204811
   29.05500000    7.03293792
   29.08000000    7.02691804
   29.10500000    7.02232176
   29.13000000    7.01604293
   29.15500000    7.00891743
   29.18000000    7.00344419
   29.20500000    6.99917685
   29.23000000    6.99703025
   29.25500000    6.99924797
   29.28000000    7.00565639
   29.30500000    7.01494399
   29.33000000    7.02461788
   29.35500000    7.03171460
   29.38000000    7.03622593
   29.40500000    7.03870050
   29.43000000    7.03887520
   29.45500000    7.03541673
   29.48000000    7.02476307
   29.50500000    7.00607286
   29.53000000    6.98100849
   29.55500000    6.95482061
   29.58000000    6.93469580
   29.60500000    6.92185550
   29.63000000    6.91466941
   29.65500000    6.91293836
   29.68000000    6.91699427
   29.70500000    6.92529933
   29.73000000    6.93709295
   29.75500000    6.95298054
   29.78000000    6.96988247
   29.80500000    6.98165360
   29.83000000    6.98354600
   29.85500000    6.97771886
   29.88000000    6.96853019
   29.90500000    6.96312951
   29.93000000    6.96612865
   29.95500000    6.97329690
   29.98000000    6.98195744
   30.00500000    6.99489775
   30.03000000    7.01434001
   30.05500000    7.03905930
   30.08000000    7.06462233
   30.10500000    7.08741444
   30.13000000    7.10707300
   30.15500000    7.12484055
   30.18000000    7.14357430
   30.20500000    7.16889265
   30.23000000    7.20244318
   30.25500000    7.23913536
   30.28000000    7.27384534
   30.30500000    7.30271921
   30.33000000    7.32332408
   30.35500000    7.33916745
   30.38000000    7.35457136
   30.40500000    7.37102773
   30.43000000    7.38786811
   30.45500000    7.40515018
   30.48000000    7.42309896
   30.50500000    7.43912049
   30.53000000    7.44936936
   30.55500000    7.45291356
   30.58000000    7.45064841
   30.60500000    7.44496608
   30.63000000    7.43867203
   30.65500000    7.43530760
   30.68000000    7.43530764
   30.70500000    7.43630539
   30.73000000    7.43633915
   30.75500000    7.43609996
   30.78000000    7.43509565
   30.80500000    7.43259643
   30.83000000    7.42772829
   30.85500000    7.42000993
   30.88000000    7.41147759
   30.90500000    7.40754914
   30.93000000    7.41258547
   30.95500000    7.42652812
   30.98000000    7.44153414
   31.00500000    7.44966270
   31.03000000    7.45185655
   31.05500000    7.45173516
   31.08000000    7.45109583
   31.10500000    7.45185979
   31.13000000    7.45765215
   31.15500000    7.47143075
   31.18000000    7.49318863
   31.20500000    7.52199982
   31.23000000    7.55626719
   31.25500000    7.59015278
   31.28000000    7.61586608
   31.30500000    7.62649216
   31.33000000    7.61997787
   31.35500000    7.59953062
   31.38000000    7.57097524
   31.40500000    7.53980697
   31.43000000    7.51079783
   31.45500000    7.48576962
   31.48000000    7.46601367
   31.50500000    7.45252795
   31.53000000    7.44686627
   31.55500000    7.44561224
   31.58000000    7.44259258
   31.60500000    7.43770742
   31.63000000    7.43730265
   31.65500000    7.44421632
   31.68000000    7.45511253
   31.70500000    7.46703235
   31.73000000    7.48043599
   31.75500000    7.49537994
   31.78000000    7.51176071
   31.80500000    7.53252727
   31.83000000    7.55644784
   31.85500000    7.58339759
   31.88000000    7.61572424
   31.90500000    7.64945774
   31.93000000    7.67830704
   31.95500000    7.69810830
   31.98000000    7.70704468
   32.00500000    7.70739434
   32.03000000    7.70308717
   32.05500000    7.69726897
   32.08000000    7.69277342
   32.10500000    7.69257889
   32.13000000    7.69710681
   32.15500000    7.70562584
   32.18000000    7.71653949
   32.20500000    7.72607717
   32.23000000    7.73172881
   32.25500000    7.73388435
   32.28000000    7.73525855
   32.30500000    7.73772885
   32.33000000    7.74276943
   32.35500000    7.75115938
   32.38000000    7.76029550
   32.40500000    7.76593527
   32.43000000    7.76806839
   32.45500000    7.76761682
   32.48000000    7.76389211
   32.50500000    7.75719907
   32.53000000    7.74753652
   32.55500000    7.73779939
   32.58000000    7.73175549
   32.60500000    7.73065218
   32.63000000    7.73171904
   32.65500000    7.73282291
   32.68000000    7.73624936
   32.70500000    7.74469332
   32.73000000    7.75696842
   32.75500000    7.76848497
   32.78000000    7.77566499
   32.80500000    7.77647564
   32.83000000    7.77107259
   32.85500000    7.75931547
   32.88000000    7.74242226
   32.90500000    7.72624228
   32.93000000    7.71563202
   32.95500000    7.71327813
   32.98000000    7.71994743
   33.00500000    7.73480926
   33.03000000    7.75839118
   33.05500000    7.78939809
   33.08000000    7.82139772
   33.10500000    7.84996072
   33.13000000    7.87619513
   33.15500000    7.90260282
   33.18000000    7.92898346
   33.20500000    7.95193093
   33.23000000    7.97026057
   33.25500000    7.98411935
   33.28000000    7.99461344
   33.30500000    8.00244367
   33.33000000    8.00754300
   33.35500000    8.00861036
   33.38000000    8.00908085
   33.40500000    8.01590066
   33.43000000    8.02928099
   33.45500000    8.04304020
   33.48000000    8.05231792
   33.50500000    8.05902233
   33.53000000    8.06770493
   33.55500000    8.08232933
   33.58000000    8.10329701
   33.60500000    8.12799486
   33.63000000    8.15207574
   33.65500000    8.17119096
   33.68000000    8.18337368
   33.70500000    8.18786856
   33.73000000    8.18166850
   33.75500000    8.16378781
   33.78000000    8.13816035
   33.80500000    8.10826293
   33.83000000    8.08096184
   33.85500000    8.06438474
   33.88000000    8.06268649
   33.90500000    8.07300945
   33.93000000    8.08886535
   33.95500000    8.10511653
   33.98000000    8.12055054
   34.00500000    8.13418936
   34.03000000    8.14452551
   34.05500000    8.15194064
   34.08000000    8.15768404
   34.10500000    8.16264854
   34.13000000    8.16852962
   34.15500000    8.17730087
   34.18000000    8.18808388
   34.20500000    8.19670535
   34.23000000    8.20418038
   34.25500000    8.21486096
   34.28000000    8.23037025
   34.30500000    8.24827456
   34.33000000    8.26435946
   34.35500000    8.27648779
   34.38000000    8.28419508
   34.40500000    8.28575376
   34.43000000    8.28113056
   34.45500000    8.27270686
   34.48000000    8.26400130
   34.50500000    8.25580411
   34.53000000    8.24723150
   34.55500000    8.24138200
   34.58000000    8.24158146
   34.60500000    8.24948608
   34.63000000    8.26716280
   34.65500000    8.29260651
   34.68000000    8.31907064
   34.70500000    8.34265487
   34.73000000    8.36120879
   34.75500000    8.36995635
   34.78000000    8.36690521
   34.80500000    8.35719380
   34.83000000    8.34511077
   34.85500000    8.33242094
   34.88000000    8.32029230
   34.90500000    8.30746127
   34.93000000    8.29083864
   34.95500000    8.26923380
   34.98000000    8.24397984
   35.00500000    8.21869046
   35.03000000    8.19766030
   35.05500000    8.18548468
   35.08000000    8.18526100
   35.10500000    8.19306877
   35.13000000    8.20158797
   35.15500000    8.20769487
   35.18000000    8.21134768
   35.20500000    8.21224139
   35.23000000    8.21396814
   35.25500000    8.22335393
   35.28000000    8.24231363
   35.30500000    8.26628002
   35.33000000    8.28855423
   35.35500000    8.30473015
   35.38000000    8.31724087
   35.40500000    8.33082450
   35.43000000    8.34673998
   35.45500000    8.36279011
   35.48000000    8.37729079
   35.50500000    8.38946455
   35.53000000    8.39824025
   35.55500000    8.40384698
   35.58000000    8.40720637
   35.60500000    8.40864818
   35.63000000    8.41091590
   35.65500000    8.41877635
   35.68000000    8.43426562
   35.70500000    8.45193816
   35.73000000    8.46755111
   35.75500000    8.47885501
   35.78000000    8.48628589
   35.80500000    8.49054337
   35.83000000    8.48878334
   35.85500000    8.48405700
   35.88000000    8.48230434
   35.90500000    8.48517190
   35.93000000    8.49078615
   35.95500000    8.49524101
   35.98000000    8.49692402
   36.00500000    8.49411251
   36.03000000    8.48666256
   36.05500000    8.47741511
   36.08000000    8.47195211
   36.10500000    8.47396260
   36.13000000    8.48338177
   36.15500000    8.49766309
   36.18000000    8.51193640
   36.20500000    8.52111389
   36.23000000    8.52567270
   36.25500000    8.52942993
   36.28000000    8.53864417
   36.30500000    8.55815168
   36.33000000    8.58807257
   36.35500000    8.62339059
   36.38000000    8.65573642
   36.40500000    8.67628903
   36.43000000    8.68053992
   36.45500000    8.67207850
   36.48000000    8.65858287
   36.50500000    8.64451059
   36.53000000    8.62899800
   36.55500000    8.61071579
   36.58000000    8.59039362
   36.60500000    8.57227237
   36.63000000    8.56200553
   36.65500000    8.56236622
   36.68000000    8.57434455
   36.70500000    8.59609727
   36.73000000    8.62159978
   36.75500000    8.64464679
   36.78000000    8.66186945
   36.80500000    8.67189377
   36.83000000    8.67702533
   36.85500000    8.67993482
   36.88000000    8.68334727
   36.90500000    8.68883356
   36.93000000    8.69408280
   36.95500000    8.69724123
   36.98000000    8.69673157
   37.00500000    8.68707548
   37.03000000    8.67044830
   37.05500000    8.65437323
   37.08000000    8.64171210
   37.10500000    8.63295097
   37.13000000    8.62902080
   37.15500000    8.63353018
   37.18000000    8.64650001
   37.20500000    8.66294093
   37.23000000    8.67829633
   37.25500000    8.68864599
   37.28000000    8.69227068
   37.30500000    8.69192537
   37.33000000    8.69109887
   37.35500000    8.68978108
   37.38000000    8.69131545
   37.40500000    8.70044877
   37.43000000    8.71810634
   37.45500000    8.74080699
   37.48000000    8.76538993
   37.50500000    8.79075103
   37.53000000    8.81554146
   37.55500000    8.83735692
   37.58000000    8.85622279
   37.60500000    8.87161020
   37.63000000    8.87900799
   37.65500000    8.87682455
   37.68000000    8.86906844
   37.70500000    8.86161315
   37.73000000    8.85914892
   37.75500000    8.86609658
   37.78000000    8.88500849
   37.80500000    8.91044562
   37.83000000    8.93324577
   37.85500000    8.94400361
   37.88000000    8.93877502
   37.90500000    8.92350790
   37.93000000    8.90507452
   37.95500000    8.89062938
   37.98000000    8.88739264
   38.00500000    8.89919247
   38.03000000    8.92619205
   38.05500000    8.96373578
   38.08000000    9.00662784
   38.10500000    9.05120989
   38.13000000    9.09473601
   38.15500000    9.13326237
   38.18000000    9.16331209
   38.20500000    9.18601432
   38.23000000    9.20405942
   38.25500000    9.21733921
   38.28000000    9.22839803
   38.30500000    9.24233390
   38.33000000    9.26101495
   38.35500000    9.28344810
   38.38000000    9.30900426
   38.40500000    9.33748281
   38.43000000    9.36607055
   38.45500000    9.38871074
   38.48000000    9.40151445
   38.50500000    9.40361801
   38.53000000    9.39797557
   38.55500000    9.39387339
   38.58000000    9.40021510
   38.60500000    9.41423835
   38.63000000    9.43009071
   38.65500000    9.44667488
   38.68000000    9.46084972
   38.70500000    9.46996965
   38.73000000    9.47377672
   38.75500000    9.46847073
   38.78000000    9.44929417
   38.80500000    9.41934951
   38.83000000    9.38605950
   38.85500000    9.35611835
   38.88000000    9.33444962
   38.90500000    9.32000533
   38.93000000    9.31006066
   38.95500000    9.30236315
   38.98000000    9.29528851
   39.00500000    9.29236047
   39.03000000    9.29737638
   39.05500000    9.30898611
   39.08000000    9.32149840
   39.10500000    9.33130584
   39.13000000    9.33888469
   39.15500000    9.34464337
   39.18000000    9.34976344
   39.20500000    9.35753986
   39.23000000    9.37117119
   39.25500000    9.39023374
   39.28000000    9.41189686
   39.30500000    9.43456880
   39.33000000    9.45705934
   39.35500000    9.47681727
   39.38000000    9.49192723
   39.40500000    9.50221091
   39.43000000    9.50698308
   39.45500000    9.50602109
   39.48000000    9.50356340
   39.50500000    9.50537353
   39.53000000    9.51434265
   39.55500000    9.53249108
   39.58000000    9.56114301
   39.60500000    9.59716178
   39.63000000    9.63761370
   39.65500000    9.67765352
   39.68000000    9.71312881
   39.70500000    9.74337900
   39.73000000    9.77046485
   39.75500000    9.79787691
   39.78000000    9.82542670
   39.80500000    9.84743419
   39.83000000    9.85585598
   39.85500000    9.84912389
   39.88000000    9.83440225
   39.90500000    9.81748025
   39.93000000    9.80217478
   39.95500000    9.79161947
   39.98000000    9.78509170
   40.00500000    9.78183515
   40.03000000    9.78121051
   40.05500000    9.78240117
   40.08000000    9.78420885
   40.10500000    9.78736664
   40.13000000    9.79436307
   40.15500000    9.80756629
   40.18000000    9.82703038
   40.20500000    9.84815786
   40.23000000    9.86582447
   40.25500000    9.87912272
   40.28000000    9.89028555
   40.30500000    9.90130660
   40.33000000    9.91023758
   40.35500000    9.91465414
   40.38000000    9.91680826
   40.40500000    9.91899244
   40.43000000    9.91923262
   40.45500000    9.91640850
   40.48000000    9.91039543
   40.50500000    9.90188287
   40.53000000    9.89413654
   40.55500000    9.89131607
   40.58000000    9.89403396
   40.60500000    9.90107097
   40.63000000    9.91154232
   40.65500000    9.92261700
   40.68000000    9.93377057
   40.70500000    9.94527460
   40.73000000    9.95416349
   40.75500000    9.95685878
   40.78000000    9.95149707
   40.80500000    9.93849585
   40.83000000    9.92495524
   40.85500000    9.91713540
   40.88000000    9.91663626
   40.90500000    9.92362528
   40.93000000    9.93671309
   40.95500000    9.95232350
   40.98000000    9.96591847
   41.00500000    9.97646940
   41.03000000    9.98276153
   41.05500000    9.98321765
   41.08000000    9.97947805
   41.10500000    9.97527137
   41.13000000    9.97229321
   41.15500000    9.97051086
   41.18000000    9.97195979
   41.20500000    9.97728314
   41.23000000    9.98311052
   41.25500000    9.98270556
   41.28000000    9.97121842
   41.30500000    9.94976621
   41.33000000    9.92155390
   41.35500000    9.88914836
   41.38000000    9.85684959
   41.40500000    9.82819462
   41.43000000    9.80625982
   41.45500000    9.79425190
   41.48000000    9.79051350
   41.50500000    9.78994391
   41.53000000    9.79123666
   41.55500000    9.79271621
   41.58000000    9.78499613
   41.60500000    9.76620486
   41.63000000    9.74661287
   41.65500000    9.73470574
   41.68000000    9.72934142
   41.70500000    9.72871680
   41.73000000    9.73163301
   41.75500000    9.73604969
   41.78000000    9.73949616
   41.80500000    9.74083845
   41.83000000    9.73732059
   41.85500000    9.72518774
   41.88000000    9.70917624
   41.90500000    9.69571468
   41.93000000    9.68284444
   41.95500000    9.66450391
   41.98000000    9.64235554
   42.00500000    9.62481551
   42.03000000    9.61832800
   42.05500000    9.62486459
   42.08000000    9.64242343
   42.10500000    9.66651900
   42.13000000    9.69180235
   42.15500000    9.71470171
   42.18000000    9.73351843
   42.20500000    9.74977297
   42.23000000    9.76721931
   42.25500000    9.78972575
   42.28000000    9.81701392
   42.30500000    9.84490658
   42.33000000    9.87307309
   42.35500000    9.89903348
   42.38000000    9.92006014
   42.40500000    9.93190432
   42.43000000    9.93037680
   42.45500000    9.91909544
   42.48000000    9.90821677
   42.50500000    9.90515041
   42.53000000    9.90726661
   42.55500000    9.90741257
   42.58000000    9.90087258
   42.60500000    9.88878624
   42.63000000    9.87696196
   42.65500000    9.87108225
   42.68000000    9.87109832
   42.70500000    9.87426180
   42.73000000    9.88013812
   42.75500000    9.88919962
   42.78000000    9.89894806
   42.80500000    9.90516275
   42.83000000    9.90832061
   42.85500000    9.91073461
   42.88000000    9.91289848
   42.90500000    9.91490218
   42.93000000    9.91651176
   42.95500000    9.91820295
   42.98000000    9.92194980
   43.00500000    9.92860198
   43.03000000    9.93660293
   43.05500000    9.94313026
   43.08000000    9.94600351
   43.10500000    9.94632219
   43.13000000    9.94767874
   43.15500000    9.95355353
   43.18000000    9.96254339
   43.20500000    9.96494132
   43.23000000    9.94981048
   43.25500000    9.92008460
   43.28000000    9.88890933
   43.30500000    9.86634152
   43.33000000    9.85525466
   43.35500000    9.85632153
   43.38000000    9.86744886
   43.40500000    9.88609016
   43.43000000    9.91190140
   43.45500000    9.94308058
   43.48000000    9.97712838
   43.50500000   10.01390327
   43.53000000   10.04950765
   43.55500000   10.07771693
   43.58000000   10.09565952
   43.60500000   10.10807585
   43.63000000   10.11973394
   43.65500000   10.12975523
   43.68000000   10.13588546
   43.70500000   10.13358688
   43.73000000   10.11978897
   43.75500000   10.09363017
   43.78000000   10.06090169
   43.80500000   10.03003828
   43.83000000   10.00411079
   43.85500000    9.98269588
   43.88000000    9.96160881
   43.90500000    9.93715337
   43.93000000    9.91556690
   43.95500000    9.90315137
   43.98000000    9.89557165
   44.00500000    9.88796827
   44.03000000    9.87961818
   44.05500000    9.87303956
   44.08000000    9.86982386
   44.10500000    9.86875918
   44.13000000    9.87148819
   44.15500000    9.87841095
   44.18000000    9.88586704
   44.20500000    9.89244232
   44.23000000    9.90048153
   44.25500000    9.91200347
   44.28000000    9.92608911
   44.30500000    9.93932025
   44.33000000    9.95210805
   44.35500000    9.96527592
   44.38000000    9.97821925
   44.40500000    9.99324406
   44.43000000   10.01112504
   44.45500000   10.02681818
   44.48000000   10.03617179
   44.50500000   10.04101752
   44.53000000   10.04322711
   44.55500000   10.04174513
   44.58000000   10.04009523
   44.60500000   10.04370990
   44.63000000   10.05282449
   44.65500000   10.06261658
   44.68000000   10.06843838
   44.70500000   10.06596542
   44.73000000   10.05806679
   44.75500000   10.05152079
   44.78000000   10.05048729
   44.80500000   10.05536471
   44.83000000   10.06554158
   44.85500000   10.08162224
   44.88000000   10.10167776
   44.90500000   10.12042945
   44.93000000   10.13417363
   44.95500000   10.14041274
   44.98000000   10.13985499
   45.00500000   10.13894588
   45.03000000   10.14381500
   45.05500000   10.15414393
   45.08000000   10.16561794
   45.10500000   10.17691851
   45.13000000   10.19136787
   45.15500000   10.20795156
   45.18000000   10.21980244
   45.20500000   10.22435980
   45.23000000   10.22680686
   45.25500000   10.23213934
   45.28000000   10.24254204
   45.30500000   10.25821636
   45.33000000   10.28021113
   45.35500000   10.30806094
   45.38000000   10.33719290
   45.40500000   10.36300114
   45.43000000   10.38644504
   45.45500000   10.40906309
   45.48000000   10.42963703
   45.50500000   10.44686207
   45.53000000   10.45987404
   45.55500000   10.46433932
   45.58000000   10.45619290
   45.60500000   10.43788313
   45.63000000   10.41425482
   45.65500000   10.38739383
   45.68000000   10.35882461
   45.70500000   10.33570210
   45.73000000   10.32903455
   45.75500000   10.34246270
   45.78000000   10.36834538
   45.80500000   10.39778111
   45.83000000   10.42506908
   45.85500000   10.44432519
   45.88000000   10.45024651
   45.90500000   10.44177722
   45.93000000   10.42050274
   45.95500000   10.39303852
   45.98000000   10.36607451
   46.00500000   10.34271608
   46.03000000   10.32429527
   46.05500000   10.31233656
   46.08000000   10.30581350
   46.10500000   10.29897962
   46.13000000   10.29012154
   46.15500000   10.28392793
   46.18000000   10.28432838
   46.20500000   10.29061301
   46.23000000   10.30039359
   46.25500000   10.31339849
   46.28000000   10.33080900
   46.30500000   10.34986306
   46.33000000   10.37067481
   46.35500000   10.39889703
   46.38000000   10.43559305
   46.40500000   10.47420754
   46.43000000   10.50970553
   46.45500000   10.54026543
   46.48000000   10.56257245
   46.50500000   10.57563943
   46.53000000   10.58470691
   46.55500000   10.59454230
   46.58000000   10.60407176
   46.60500000   10.61193219
   46.63000000   10.61721127
   46.65500000   10.62064028
   46.68000000   10.62374469
   46.70500000   10.62653995
   46.73000000   10.62647134
   46.75500000   10.62025943
   46.78000000   10.60714911
   46.80500000   10.59118730
   46.83000000   10.57854064
   46.85500000   10.57244107
   46.88000000   10.57599357
   46.90500000   10.58779839
   46.93000000   10.60094621
   46.95500000   10.60882999
   46.98000000   10.60968563
   47.00500000   10.60683777
   47.03000000   10.60494127
   47.05500000   10.60734047
   47.08000000   10.61588231
   47.10500000   10.62840871
   47.13000000   10.63838657
   47.15500000   10.64045950
   47.18000000   10.63539319
   47.20500000   10.62676968
   47.23000000   10.61993888
   47.25500000   10.62014179
   47.28000000   10.62818328
   47.30500000   10.63922225
   47.33000000   10.64584432
   47.35500000   10.64421408
   47.38000000   10.63812577
   47.40500000   10.63532977
   47.43000000   10.64144188
   47.45500000   10.65709522
   47.48000000   10.68117801
   47.50500000   10.71293723
   47.53000000   10.75249400
   47.55500000   10.79816075
   47.58000000   10.84439773
   47.60500000   10.88508284
   47.63000000   10.91718543
   47.65500000   10.94139616
   47.68000000   10.95691292
   47.70500000   10.96033468
   47.73000000   10.95270409
   47.75500000   10.93859177
   47.78000000   10.92520472
   47.80500000   10.91836638
   47.83000000   10.91854705
   47.85500000   10.92410681
   47.88000000   10.93190268
   47.90500000   10.93670980
   47.93000000   10.93478705
   47.95500000   10.92731953
   47.98000000   10.92109068
   48.00500000   10.92165016
   48.03000000   10.93003800
   48.05500000   10.94480340
   48.08000000   10.96328051
   48.10500000   10.98025967
   48.13000000   10.99091970
   48.15500000   10.99853019
   48.18000000   11.01109948
   48.20500000   11.03422349
   48.23000000   11.06274403
   48.25500000   11.08736676
   48.28000000   11.10217848
   48.30500000   11.10416557
   48.33000000   11.09427538
   48.35500000   11.07939061
   48.38000000   11.06420402
   48.40500000   11.05152356
   48.43000000   11.04428142
   48.45500000   11.04122716
   48.48000000   11.04185578
   48.50500000   11.04510971
   48.53000000   11.04843202
   48.55500000   11.05108648
   48.58000000   11.05409753
   48.60500000   11.05822173
   48.63000000   11.06263098
   48.65500000   11.06374244
   48.68000000   11.05849702
   48.70500000   11.04441402
   48.73000000   11.02115191
   48.75500000   10.99227040
   48.78000000   10.96436723
   48.80500000   10.94249595
   48.83000000   10.92904328
   48.85500000   10.92318863
   48.88000000   10.92113949
   48.90500000   10.92073862
   48.93000000   10.91996569
   48.95500000   10.91593740
   48.98000000   10.90749082
   49.00500000   10.89724872
   49.03000000   10.88690288
   49.05500000   10.87800951
   49.08000000   10.87661322
   49.10500000   10.88672670
   49.13000000   10.90538301
   49.15500000   10.92491447
   49.18000000   10.94007935
   49.20500000   10.94933332
   49.23000000   10.95154224
   49.25500000   10.94612320
   49.28000000   10.93447712
   49.30500000   10.91818207
   49.33000000   10.90271968
   49.35500000   10.89339083
   49.38000000   10.89103615
   49.40500000   10.89323045
   49.43000000   10.89669911
   49.45500000   10.89820725
   49.48000000   10.89531877
   49.50500000   10.88920960
   49.53000000   10.88405711
   49.55500000   10.88468305
   49.58000000   10.89123097
   49.60500000   10.90044262
   49.63000000   10.90848173
   49.65500000   10.91108387
   49.68000000   10.90436560
   49.70500000   10.88727978
   49.73000000   10.86350718
   49.75500000   10.83801346
   49.78000000   10.81380081
   49.80500000   10.79740653
   49.83000000   10.79491976
   49.85500000   10.80169014
   49.88000000   10.81303153
   49.90500000   10.82726795
   49.93000000   10.84001407
   49.95500000   10.84780892
   49.98000000   10.85345828
