    0.00500000    0.00006769
    0.03000000    0.00235350
    0.05500000    0.00755823
    0.08000000    0.01495944
    0.10500000    0.02342396
    0.13000000    0.03231376
    0.15500000    0.04162039
    0.18000000    0.05112698
    0.20500000    0.05999085
    0.23000000    0.06774392
    0.25500000    0.07443855
    0.28000000    0.08025690
    0.30500000    0.08517987
    0.33000000    0.08956718
    0.35500000    0.09395676
    0.38000000    0.09844135
    0.40500000    0.10278294
    0.43000000    0.10688033
    0.45500000    0.11101009
    0.48000000    0.11564652
    0.50500000    0.12069487
    0.53000000    0.12574506
    0.55500000    0.13100238
    0.58000000    0.13704852
    0.60500000    0.14426506
    0.63000000    0.15253320
    0.65500000    0.16135651
    0.68000000    0.17026249
    0.70500000    0.17938344
    0.73000000    0.18892363
    0.75500000    0.19830761
    0.78000000    0.20723984
    0.80500000    0.21609956
    0.83000000    0.22443580
    0.85500000    0.23147711
    0.88000000    0.23766761
    0.90500000    0.24323766
    0.93000000    0.24796803
    0.95500000    0.25195189
    0.98000000    0.25496709
    1.00500000    0.25666843
    1.03000000    0.25760430
    1.05500000    0.25822506
    1.08000000    0.25923910
    1.10500000    0.26114130
    1.13000000    0.26366452
    1.15500000    0.26675271
    1.18000000    0.27064016
    1.20500000    0.27485221
    1.23000000    0.27905253
    1.25500000    0.28305851
    1.28000000    0.28657166
    1.30500000    0.28942733
    1.33000000    0.29186699
    1.35500000    0.29454586
    1.38000000    0.29807379
    1.40500000    0.30220671
    1.43000000    0.30586656
    1.45500000    0.30835801
    1.48000000    0.31010879
    1.50500000    0.31218772
    1.53000000    0.31463280
    1.55500000    0.31730779
    1.58000000    0.32111156
    1.60500000    0.32623551
    1.63000000    0.33178073
    1.65500000    0.33769123
    1.68000000    0.34451077
    1.70500000    0.35252180
    1.73000000    0.36119483
    1.75500000    0.36992921
    1.78000000    0.37857492
    1.80500000    0.38713481
    1.83000000    0.39515001
    1.85500000    0.40269048
    1.88000000    0.41052888
    1.90500000    0.41840099
    1.93000000    0.42542313
    1.95500000    0.43057321
    1.98000000    0.43404434
    2.00500000    0.43608903
    2.03000000    0.43699742
    2.05500000    0.43791060
    2.08000000    0.43964856
    2.10500000    0.44261022
    2.13000000    0.44676700
    2.15500000    0.45152517
    2.18000000    0.45647892
    2.20500000    0.46133423
    2.23000000    0.46597642
    2.25500000    0.47046000
    2.28000000    0.47514765
    2.30500000    0.48001099
    2.33000000    0.48493078
    2.35500000    0.49003946
    2.38000000    0.49556860
    2.40500000    0.50158569
    2.43000000    0.50793774
    2.45500000    0.51454599
    2.48000000    0.52170564
    2.50500000    0.52956844
    2.53000000    0.53777392
    2.55500000    0.54592624
    2.58000000    0.55373911
    2.60500000    0.56068700
    2.63000000    0.56702475
    2.65500000    0.57278996
    2.68000000    0.57728040
    2.70500000    0.57992695
    2.73000000    0.58139199
    2.75500000    0.58378611
    2.78000000    0.58832627
    2.80500000    0.59444985
    2.83000000    0.60142499
    2.85500000    0.60927605
    2.88000000    0.61803011
    2.90500000    0.62762350
    2.93000000    0.63772547
    2.95500000    0.64821021
    2.98000000    0.65871290
    3.00500000    0.66889270
    3.03000000    0.67897697
    3.05500000    0.68866621
    3.08000000    0.69765728
    3.10500000    0.70520235
    3.13000000    0.71176970
    3.15500000    0.71886907
    3.18000000    0.72710448
    3.20500000    0.73560824
    3.23000000    0.74335716
    3.25500000    0.75069705
    3.28000000    0.75874392
    3.30500000    0.76816249
    3.33000000    0.77810275
    3.35500000    0.78743608
    3.38000000    0.79592876
    3.40500000    0.80364468
    3.43000000    0.81138813
    3.45500000    0.81986613
    3.48000000    0.82883442
    3.50500000    0.83711616
    3.53000000    0.84368702
    3.55500000    0.84905191
    3.58000000    0.85537247
    3.60500000    0.86311834
    3.63000000    0.86996793
    3.65500000    0.87519685
    3.68000000    0.87954803
    3.70500000    0.88339855
    3.73000000    0.88690761
    3.75500000    0.89083386
    3.78000000    0.89629575
    3.80500000    0.90304569
    3.83000000    0.90994191
    3.85500000    0.91688462
    3.88000000    0.92383792
    3.90500000    0.92974763
    3.93000000    0.93379683
    3.95500000    0.93553307
    3.98000000    0.93482938
    4.00500000    0.93336094
    4.03000000    0.93350837
    4.05500000    0.93588432
    4.08000000    0.93982717
    4.10500000    0.94535088
    4.13000000    0.95266830
    4.15500000    0.96137425
    4.18000000    0.97094958
    4.20500000    0.97976951
    4.23000000    0.98624834
    4.25500000    0.99107494
    4.28000000    0.99589685
    4.30500000    1.00191071
    4.33000000    1.00849415
    4.35500000    1.01419311
    4.38000000    1.01983759
    4.40500000    1.02681124
    4.43000000    1.03501596
    4.45500000    1.04307160
    4.48000000    1.05057253
    4.50500000    1.05801441
    4.53000000    1.06509788
    4.55500000    1.07166416
    4.58000000    1.07843210
    4.60500000    1.08618999
    4.63000000    1.09524205
    4.65500000    1.10495763
    4.68000000    1.11368476
    4.70500000    1.12007165
    4.73000000    1.12311304
    4.75500000    1.12278842
    4.78000000    1.12047722
    4.80500000    1.11876637
    4.83000000    1.11886947
    4.85500000    1.12112743
    4.88000000    1.12552672
    4.90500000    1.13100002
    4.93000000    1.13690190
    4.95500000    1.14343901
    4.98000000    1.15018368
    5.00500000    1.15572995
    5.03000000    1.16017496
    5.05500000    1.16412055
    5.08000000    1.16757334
    5.10500000    1.17169254
    5.13000000    1.17765240
    5.15500000    1.18433819
    5.18000000    1.18996051
    5.20500000    1.19513101
    5.23000000    1.20082404
    5.25500000    1.20515436
    5.28000000    1.20688550
    5.30500000    1.20677749
    5.33000000    1.20475309
    5.35500000    1.20035017
    5.38000000    1.19443419
    5.40500000    1.18907978
    5.43000000    1.18630173
    5.45500000    1.18716401
    5.48000000    1.19178260
    5.50500000    1.19869692
    5.53000000    1.20576354
    5.55500000    1.21087964
    5.58000000    1.21329918
    5.60500000    1.21423897
    5.63000000    1.21391940
    5.65500000    1.21290282
    5.68000000    1.21254548
    5.70500000    1.21379476
    5.73000000    1.21797150
    5.75500000    1.22479761
    5.78000000    1.23193373
    5.80500000    1.23716464
    5.83000000    1.24110293
    5.85500000    1.24529532
    5.88000000    1.25198596
    5.90500000    1.26372783
    5.93000000    1.28002798
    5.95500000    1.29874247
    5.98000000    1.31746264
    6.00500000    1.33470437
    6.03000000    1.34841977
    6.05500000    1.35841662
    6.08000000    1.36642519
    6.10500000    1.37348123
    6.13000000    1.37996916
    6.15500000    1.38521097
    6.18000000    1.38856729
    6.20500000    1.39017948
    6.23000000    1.39145160
    6.25500000    1.39420347
    6.28000000    1.39829604
    6.30500000    1.40231886
    6.33000000    1.40526763
    6.35500000    1.40841363
    6.38000000    1.41407819
    6.40500000    1.42405976
    6.43000000    1.43868320
    6.45500000    1.45697226
    6.48000000    1.47726497
    6.50500000    1.49791001
    6.53000000    1.51745120
    6.55500000    1.53393446
    6.58000000    1.54575289
    6.60500000    1.55350829
    6.63000000    1.55824669
    6.65500000    1.56067774
    6.68000000    1.56129815
    6.70500000    1.56058644
    6.73000000    1.56127311
    6.75500000    1.56633287
    6.78000000    1.57609453
    6.80500000    1.58957452
    6.83000000    1.60609481
    6.85500000    1.62461272
    6.88000000    1.64286108
    6.90500000    1.65817258
    6.93000000    1.66937993
    6.95500000    1.67795661
    6.98000000    1.68644060
    7.00500000    1.69636201
    7.03000000    1.70685612
    7.05500000    1.71709780
    7.08000000    1.72895186
    7.10500000    1.74422697
    7.13000000    1.76199293
    7.15500000    1.77958238
    7.18000000    1.79516975
    7.20500000    1.80984148
    7.23000000    1.82530105
    7.25500000    1.84134819
    7.28000000    1.85674695
    7.30500000    1.87038409
    7.33000000    1.88201399
    7.35500000    1.89377105
    7.38000000    1.90783492
    7.40500000    1.92484037
    7.43000000    1.94421091
    7.45500000    1.96289013
    7.48000000    1.97727300
    7.50500000    1.98591320
    7.53000000    1.99043542
    7.55500000    1.99252058
    7.58000000    1.99462816
    7.60500000    1.99903323
    7.63000000    2.00549845
    7.65500000    2.01250582
    7.68000000    2.02016980
    7.70500000    2.02912327
    7.73000000    2.03702155
    7.75500000    2.04248600
    7.78000000    2.04679460
    7.80500000    2.05007273
    7.83000000    2.05172252
    7.85500000    2.05219799
    7.88000000    2.05214611
    7.90500000    2.04904107
    7.93000000    2.04374267
    7.95500000    2.03797670
    7.98000000    2.03132637
    8.00500000    2.02382754
    8.03000000    2.01735621
    8.05500000    2.01276318
    8.08000000    2.00931058
    8.10500000    2.00812039
    8.13000000    2.01251133
    8.15500000    2.02548107
    8.18000000    2.04671495
    8.20500000    2.07254298
    8.23000000    2.09883083
    8.25500000    2.12325424
    8.28000000    2.14482289
    8.30500000    2.16190028
    8.33000000    2.17469511
    8.35500000    2.18659319
    8.38000000    2.20013391
    8.40500000    2.21523390
    8.43000000    2.23202640
    8.45500000    2.24882398
    8.48000000    2.26488092
    8.50500000    2.28063175
    8.53000000    2.29674371
    8.55500000    2.31385021
    8.58000000    2.33158180
    8.60500000    2.34930884
    8.63000000    2.36583462
    8.65500000    2.38079479
    8.68000000    2.39538222
    8.70500000    2.40963346
    8.73000000    2.42312030
    8.75500000    2.43495377
    8.78000000    2.44418137
    8.80500000    2.45060259
    8.83000000    2.45602306
    8.85500000    2.46329193
    8.88000000    2.47338412
    8.90500000    2.48523734
    8.93000000    2.49789325
    8.95500000    2.50777739
    8.98000000    2.51169834
    9.00500000    2.51163512
    9.03000000    2.50974707
    9.05500000    2.50591645
    9.08000000    2.49879387
    9.10500000    2.48946801
    9.13000000    2.48059476
    9.15500000    2.47316686
    9.18000000    2.46718070
    9.20500000    2.46419473
    9.23000000    2.46437284
    9.25500000    2.46576705
    9.28000000    2.46561858
    9.30500000    2.46234393
    9.33000000    2.45783521
    9.35500000    2.45482197
    9.38000000    2.45513678
    9.40500000    2.45954364
    9.43000000    2.46616091
    9.45500000    2.47198527
    9.48000000    2.47623967
    9.50500000    2.48037832
    9.53000000    2.48536245
    9.55500000    2.48973225
    9.58000000    2.49338314
    9.60500000    2.49728835
    9.63000000    2.50122241
    9.65500000    2.50403680
    9.68000000    2.50583102
    9.70500000    2.50784449
    9.73000000    2.51077597
    9.75500000    2.51573984
    9.78000000    2.52319577
    9.80500000    2.53224066
    9.83000000    2.54108737
    9.85500000    2.54625452
    9.88000000    2.54626671
    9.90500000    2.54412588
    9.93000000    2.54267503
    9.95500000    2.54261634
    9.98000000    2.54303396
   10.00500000    2.54385400
   10.03000000    2.54577980
   10.05500000    2.54882635
   10.08000000    2.55310278
   10.10500000    2.55802686
   10.13000000    2.56223652
   10.15500000    2.56647085
   10.18000000    2.57162619
   10.20500000    2.57706719
   10.23000000    2.58337682
   10.25500000    2.59128648
   10.28000000    2.60015255
   10.30500000    2.60947965
   10.33000000    2.61955271
   10.35500000    2.62993484
   10.38000000    2.63998999
   10.40500000    2.64983031
   10.43000000    2.66072917
   10.45500000    2.67294802
   10.48000000    2.68532559
   10.50500000    2.69593568
   10.53000000    2.70206570
   10.55500000    2.70359549
   10.58000000    2.70357477
   10.60500000    2.70634317
   10.63000000    2.71364347
   10.65500000    2.72446448
   10.68000000    2.73828564
   10.70500000    2.75416577
   10.73000000    2.76865406
   10.75500000    2.77856698
   10.78000000    2.78385650
   10.80500000    2.78649191
   10.83000000    2.78803498
   10.85500000    2.78816871
   10.88000000    2.78755861
   10.90500000    2.78818503
   10.93000000    2.79213932
   10.95500000    2.80002508
   10.98000000    2.80883541
   11.00500000    2.81446197
   11.03000000    2.81445879
   11.05500000    2.80819260
   11.08000000    2.79868889
   11.10500000    2.78934332
   11.13000000    2.78019608
   11.15500000    2.77157166
   11.18000000    2.76482784
   11.20500000    2.75986541
   11.23000000    2.75626254
   11.25500000    2.75471157
   11.28000000    2.75551892
   11.30500000    2.76011323
   11.33000000    2.76801015
   11.35500000    2.77603969
   11.38000000    2.78085053
   11.40500000    2.77973614
   11.43000000    2.77154162
   11.45500000    2.75892757
   11.48000000    2.74691733
   11.50500000    2.73902300
   11.53000000    2.73572771
   11.55500000    2.73404174
   11.58000000    2.73121180
   11.60500000    2.72867261
   11.63000000    2.72843635
   11.65500000    2.72984349
   11.68000000    2.73263940
   11.70500000    2.73793764
   11.73000000    2.74529190
   11.75500000    2.75310046
   11.78000000    2.76109212
   11.80500000    2.76803713
   11.83000000    2.77212822
   11.85500000    2.77370521
   11.88000000    2.77579782
   11.90500000    2.78033667
   11.93000000    2.78578586
   11.95500000    2.79083277
   11.98000000    2.79547093
   12.00500000    2.80017945
   12.03000000    2.80563674
   12.05500000    2.81378708
   12.08000000    2.82671131
   12.10500000    2.84367613
   12.13000000    2.86054763
   12.15500000    2.87382932
   12.18000000    2.88352536
   12.20500000    2.89300685
   12.23000000    2.90550357
   12.25500000    2.92136198
   12.28000000    2.93942519
   12.30500000    2.95728358
   12.33000000    2.97478910
   12.35500000    2.99279037
   12.38000000    3.01061618
   12.40500000    3.02784093
   12.43000000    3.04321024
   12.45500000    3.05685956
   12.48000000    3.06936278
   12.50500000    3.08042581
   12.53000000    3.08961279
   12.55500000    3.09790562
   12.58000000    3.10811023
   12.60500000    3.12026044
   12.63000000    3.13216888
   12.65500000    3.14333369
   12.68000000    3.15212178
   12.70500000    3.15780659
   12.73000000    3.16116356
   12.75500000    3.16275898
   12.78000000    3.16339560
   12.80500000    3.16452712
   12.83000000    3.16824735
   12.85500000    3.17459911
   12.88000000    3.18043068
   12.90500000    3.18325382
   12.93000000    3.18447517
   12.95500000    3.18693306
   12.98000000    3.19013506
   13.00500000    3.19142445
   13.03000000    3.18986215
   13.05500000    3.18596952
   13.08000000    3.17962902
   13.10500000    3.17029933
   13.13000000    3.15881200
   13.15500000    3.14656822
   13.18000000    3.13504803
   13.20500000    3.12645652
   13.23000000    3.12187991
   13.25500000    3.11919437
   13.28000000    3.11750101
   13.30500000    3.11820869
   13.33000000    3.12051940
   13.35500000    3.12203228
   13.38000000    3.12288534
   13.40500000    3.12529890
   13.43000000    3.13008786
   13.45500000    3.13764678
   13.48000000    3.14923503
   13.50500000    3.16532986
   13.53000000    3.18346364
   13.55500000    3.20087125
   13.58000000    3.21615324
   13.60500000    3.22723412
   13.63000000    3.23245680
   13.65500000    3.23341396
   13.68000000    3.23364689
   13.70500000    3.23524729
   13.73000000    3.23661000
   13.75500000    3.23533594
   13.78000000    3.23244889
   13.80500000    3.22967786
   13.83000000    3.22828755
   13.85500000    3.22889311
   13.88000000    3.23152690
   13.90500000    3.23681292
   13.93000000    3.24569507
   13.95500000    3.25846891
   13.98000000    3.27483638
   14.00500000    3.29355380
   14.03000000    3.31127957
   14.05500000    3.32529959
   14.08000000    3.33693293
   14.10500000    3.34620222
   14.13000000    3.35406107
   14.15500000    3.36225570
   14.18000000    3.37144413
   14.20500000    3.38342798
   14.23000000    3.39887806
   14.25500000    3.41677448
   14.28000000    3.43631137
   14.30500000    3.45608724
   14.33000000    3.47482575
   14.35500000    3.49114855
   14.38000000    3.50338188
   14.40500000    3.51106103
   14.43000000    3.51560084
   14.45500000    3.52001223
   14.48000000    3.52544955
   14.50500000    3.53135442
   14.53000000    3.53563827
   14.55500000    3.53460003
   14.58000000    3.52862616
   14.60500000    3.52251025
   14.63000000    3.52111986
   14.65500000    3.52494884
   14.68000000    3.53101562
   14.70500000    3.53699696
   14.73000000    3.54243671
   14.75500000    3.54580321
   14.78000000    3.54762216
   14.80500000    3.55147338
   14.83000000    3.55924280
   14.85500000    3.57064580
   14.88000000    3.58451828
   14.90500000    3.59949786
   14.93000000    3.61337395
   14.95500000    3.62389531
   14.98000000    3.62962014
   15.00500000    3.63129518
   15.03000000    3.63110997
   15.05500000    3.62965291
   15.08000000    3.62563078
   15.10500000    3.61958434
   15.13000000    3.61298894
   15.15500000    3.60642508
   15.18000000    3.59898440
   15.20500000    3.59188993
   15.23000000    3.58816272
   15.25500000    3.58834081
   15.28000000    3.59127766
   15.30500000    3.59624522
   15.33000000    3.60272051
   15.35500000    3.60887953
   15.38000000    3.61277459
   15.40500000    3.61442955
   15.43000000    3.61684902
   15.45500000    3.62288736
   15.48000000    3.63282400
   15.50500000    3.64694616
   15.53000000    3.66517895
   15.55500000    3.68611800
   15.58000000    3.70855488
   15.60500000    3.73108973
   15.63000000    3.75139757
   15.65500000    3.76615406
   15.68000000    3.77705303
   15.70500000    3.78725231
   15.73000000    3.79892200
   15.75500000    3.81399175
   15.78000000    3.83348787
   15.80500000    3.85480312
   15.83000000    3.87488923
   15.85500000    3.89162430
   15.88000000    3.90624703
   15.90500000    3.92185535
   15.93000000    3.93962300
   15.95500000    3.95772724
   15.98000000    3.97308114
   16.00500000    3.98587777
   16.03000000    4.00178066
   16.05500000    4.02469603
   16.08000000    4.05272889
   16.10500000    4.08274077
   16.13000000    4.11027461
   16.15500000    4.13163113
   16.18000000    4.14737609
   16.20500000    4.15732000
   16.23000000    4.16245380
   16.25500000    4.16565700
   16.28000000    4.16808654
   16.30500000    4.17246998
   16.33000000    4.18231026
   16.35500000    4.19759532
   16.38000000    4.21487971
   16.40500000    4.23114499
   16.43000000    4.24552316
   16.45500000    4.25848187
   16.48000000    4.27139137
   16.50500000    4.28469732
   16.53000000    4.29697983
   16.55500000    4.30680511
   16.58000000    4.31264603
   16.60500000    4.31510221
   16.63000000    4.31657910
   16.65500000    4.31723480
   16.68000000    4.31624475
   16.70500000    4.31616859
   16.73000000    4.32052527
   16.75500000    4.33052601
   16.78000000    4.34456434
   16.80500000    4.36008943
   16.83000000    4.37408879
   16.85500000    4.38374824
   16.88000000    4.38807063
   16.90500000    4.38833633
   16.93000000    4.38784435
   16.95500000    4.39016758
   16.98000000    4.39478865
   17.00500000    4.40067901
   17.03000000    4.40714935
   17.05500000    4.41225319
   17.08000000    4.41503871
   17.10500000    4.41645822
   17.13000000    4.41973896
   17.15500000    4.43001483
   17.18000000    4.44757047
   17.20500000    4.46794761
   17.23000000    4.48608917
   17.25500000    4.49951326
   17.28000000    4.50963929
   17.30500000    4.51953665
   17.33000000    4.53097906
   17.35500000    4.54403038
   17.38000000    4.56051473
   17.40500000    4.58320471
   17.43000000    4.61067642
   17.45500000    4.63757693
   17.48000000    4.65774999
   17.50500000    4.66532126
   17.53000000    4.66007248
   17.55500000    4.64993736
   17.58000000    4.64288511
   17.60500000    4.64011931
   17.63000000    4.64200153
   17.65500000    4.65032263
   17.68000000    4.66215807
   17.70500000    4.67182230
   17.73000000    4.67740967
   17.75500000    4.68086845
   17.78000000    4.68349072
   17.80500000    4.68680675
   17.83000000    4.69212534
   17.85500000    4.69789204
   17.88000000    4.70336050
   17.90500000    4.71006853
   17.93000000    4.72079739
   17.95500000    4.73596675
   17.98000000    4.75161818
   18.00500000    4.76352335
   18.03000000    4.77274657
   18.05500000    4.78093103
   18.08000000    4.78651300
   18.10500000    4.78914722
   18.13000000    4.78928692
   18.15500000    4.78671197
   18.18000000    4.78191823
   18.20500000    4.77458770
   18.23000000    4.76724651
   18.25500000    4.76467056
   18.28000000    4.76967020
   18.30500000    4.78125251
   18.33000000    4.79667029
   18.35500000    4.81333267
   18.38000000    4.83011988
   18.40500000    4.84736617
   18.43000000    4.86322751
   18.45500000    4.87691968
   18.48000000    4.88926119
   18.50500000    4.89870840
   18.53000000    4.90390104
   18.55500000    4.90476611
   18.58000000    4.90288454
   18.60500000    4.90254269
   18.63000000    4.90561250
   18.65500000    4.91153210
   18.68000000    4.91951812
   18.70500000    4.92680539
   18.73000000    4.93000299
   18.75500000    4.92738510
   18.78000000    4.92041432
   18.80500000    4.91135134
   18.83000000    4.90085856
   18.85500000    4.89035740
   18.88000000    4.88080889
   18.90500000    4.87292248
   18.93000000    4.86842898
   18.95500000    4.86867457
   18.98000000    4.87209168
   19.00500000    4.87582054
   19.03000000    4.87896563
   19.05500000    4.88172804
   19.08000000    4.88376241
   19.10500000    4.88484962
   19.13000000    4.88614362
   19.15500000    4.88916255
   19.18000000    4.89508184
   19.20500000    4.90495660
   19.23000000    4.91847305
   19.25500000    4.93303227
   19.28000000    4.94745316
   19.30500000    4.96371386
   19.33000000    4.98171296
   19.35500000    4.99910839
   19.38000000    5.01516275
   19.40500000    5.02813039
   19.43000000    5.03778914
   19.45500000    5.04720970
   19.48000000    5.05856219
   19.50500000    5.07472129
   19.53000000    5.09684370
   19.55500000    5.12208805
   19.58000000    5.14575265
   19.60500000    5.16474235
   19.63000000    5.17883066
   19.65500000    5.18971996
   19.68000000    5.19952451
   19.70500000    5.21102489
   19.73000000    5.22447161
   19.75500000    5.23913556
   19.78000000    5.25396593
   19.80500000    5.26830405
   19.83000000    5.28140288
   19.85500000    5.29290857
   19.88000000    5.30366118
   19.90500000    5.31457266
   19.93000000    5.32613004
   19.95500000    5.33688947
   19.98000000    5.34659603
   20.00500000    5.35519809
   20.03000000    5.36196682
   20.05500000    5.36801758
   20.08000000    5.37321802
   20.10500000    5.37588251
   20.13000000    5.37580790
   20.15500000    5.37611812
   20.18000000    5.37972024
   20.20500000    5.38683950
   20.23000000    5.39464565
   20.25500000    5.40277972
   20.28000000    5.41305694
   20.30500000    5.42664423
   20.33000000    5.44310758
   20.35500000    5.46112993
   20.38000000    5.47838303
   20.40500000    5.49445720
   20.43000000    5.50831102
   20.45500000    5.51759904
   20.48000000    5.52161012
   20.50500000    5.52098137
   20.53000000    5.51704917
   20.55500000    5.51348593
   20.58000000    5.51443920
   20.60500000    5.52158694
   20.63000000    5.53390924
   20.65500000    5.54616924
   20.68000000    5.55462490
   20.70500000    5.56010150
   20.73000000    5.56624099
   20.75500000    5.57382809
   20.78000000    5.58147195
   20.80500000    5.58730974
   20.83000000    5.59190452
   20.85500000    5.59854785
   20.88000000    5.60813407
   20.90500000    5.61702502
   20.93000000    5.62049768
   20.95500000    5.61573254
   20.98000000    5.60148280
   21.00500000    5.57985438
   21.03000000    5.55693871
   21.05500000    5.53919147
   21.08000000    5.53108887
   21.10500000    5.53450520
   21.13000000    5.54666240
   21.15500000    5.56105879
   21.18000000    5.57121533
   21.20500000    5.57520245
   21.23000000    5.57423392
   21.25500000    5.57084208
   21.28000000    5.56898956
   21.30500000    5.57031594
   21.33000000    5.57378031
   21.35500000    5.57792566
   21.38000000    5.58187318
   21.40500000    5.58879232
   21.43000000    5.60041732
   21.45500000    5.61369110
   21.48000000    5.62466119
   21.50500000    5.63185172
   21.53000000    5.63765986
   21.55500000    5.64436210
   21.58000000    5.65101696
   21.60500000    5.65496999
   21.63000000    5.65396526
   21.65500000    5.64896598
   21.68000000    5.64339546
   21.70500000    5.63978941
   21.73000000    5.63836709
   21.75500000    5.63889847
   21.78000000    5.63966648
   21.80500000    5.63809746
   21.83000000    5.63288154
   21.85500000    5.62447397
   21.88000000    5.61531305
   21.90500000    5.60817576
   21.93000000    5.60224082
   21.95500000    5.59479015
   21.98000000    5.58590731
   22.00500000    5.57709532
   22.03000000    5.57043455
   22.05500000    5.56801709
   22.08000000    5.57161673
   22.10500000    5.58070510
   22.13000000    5.59375753
   22.15500000    5.61071165
   22.18000000    5.63193014
   22.20500000    5.65689793
   22.23000000    5.68262635
   22.25500000    5.70412731
   22.28000000    5.71881569
   22.30500000    5.72893323
   22.33000000    5.73585254
   22.35500000    5.73812962
   22.38000000    5.73616776
   22.40500000    5.73302033
   22.43000000    5.73468340
   22.45500000    5.74533277
   22.48000000    5.76355112
   22.50500000    5.78339532
   22.53000000    5.79872897
   22.55500000    5.80779796
   22.58000000    5.81281926
   22.60500000    5.81610290
   22.63000000    5.81915380
   22.65500000    5.82392460
   22.68000000    5.83249797
   22.70500000    5.84366813
   22.73000000    5.85487001
   22.75500000    5.86545305
   22.78000000    5.87462905
   22.80500000    5.88179405
   22.83000000    5.88929613
   22.85500000    5.90164667
   22.88000000    5.91776516
   22.90500000    5.93180830
   22.93000000    5.93968435
   22.95500000    5.94088623
   22.98000000    5.93752547
   23.00500000    5.93022674
   23.03000000    5.91949554
   23.05500000    5.90842192
   23.08000000    5.90175578
   23.10500000    5.90134781
   23.13000000    5.90649013
   23.15500000    5.91705134
   23.18000000    5.92970638
   23.20500000    5.93933464
   23.23000000    5.94414495
   23.25500000    5.94257349
   23.28000000    5.93588106
   23.30500000    5.92877659
   23.33000000    5.92772088
   23.35500000    5.93432016
   23.38000000    5.94785424
   23.40500000    5.96886879
   23.43000000    5.99393896
   23.45500000    6.01722443
   23.48000000    6.03601234
   23.50500000    6.04893651
   23.53000000    6.05432273
   23.55500000    6.05436659
   23.58000000    6.05257170
   23.60500000    6.05172824
   23.63000000    6.05439115
   23.65500000    6.06054123
   23.68000000    6.06843413
   23.70500000    6.07549367
   23.73000000    6.08015461
   23.75500000    6.08275180
   23.78000000    6.08342581
   23.80500000    6.08105410
   23.83000000    6.07566998
   23.85500000    6.06942765
   23.88000000    6.06403750
   23.90500000    6.06204572
   23.93000000    6.06421666
   23.95500000    6.06947318
   23.98000000    6.07727844
   24.00500000    6.08652587
   24.03000000    6.09571074
   24.05500000    6.10411001
   24.08000000    6.11416850
   24.10500000    6.12981436
   24.13000000    6.15136016
   24.15500000    6.17656622
   24.18000000    6.20295216
   24.20500000    6.22780990
   24.23000000    6.24915827
   24.25500000    6.26520983
   24.28000000    6.27759892
   24.30500000    6.28451037
   24.33000000    6.28224325
   24.35500000    6.27365591
   24.38000000    6.26339597
   24.40500000    6.25302136
   24.43000000    6.24113083
   24.45500000    6.22827192
   24.48000000    6.21925437
   24.50500000    6.21776298
   24.53000000    6.22295811
   24.55500000    6.23170733
   24.58000000    6.24098319
   24.60500000    6.24959377
   24.63000000    6.25888794
   24.65500000    6.27117412
   24.68000000    6.28451924
   24.70500000    6.29592006
   24.73000000    6.30402050
   24.75500000    6.30824746
   24.78000000    6.30554024
   24.80500000    6.29598242
   24.83000000    6.27986404
   24.85500000    6.25975386
   24.88000000    6.24234112
   24.90500000    6.23278600
   24.93000000    6.23243236
   24.95500000    6.24104292
   24.98000000    6.25812770
   25.00500000    6.28195427
   25.03000000    6.31109705
   25.05500000    6.34320262
   25.08000000    6.37485512
   25.10500000    6.40380305
   25.13000000    6.42861229
   25.15500000    6.45082263
   25.18000000    6.47012447
   25.20500000    6.48598091
   25.23000000    6.49994978
   25.25500000    6.51160811
   25.28000000    6.51804080
   25.30500000    6.51780418
   25.33000000    6.51274847
   25.35500000    6.50501746
   25.38000000    6.49648463
   25.40500000    6.49001911
   25.43000000    6.48781071
   25.45500000    6.49246749
   25.48000000    6.50716717
   25.50500000    6.53009376
   25.53000000    6.55826194
   25.55500000    6.58796701
   25.58000000    6.61421904
   25.60500000    6.63337804
   25.63000000    6.64510621
   25.65500000    6.65042956
   25.68000000    6.65087714
   25.70500000    6.64974936
   25.73000000    6.64917433
   25.75500000    6.65030294
   25.78000000    6.65779315
   25.80500000    6.67344708
   25.83000000    6.69345219
   25.85500000    6.71195657
   25.88000000    6.72668383
   25.90500000    6.73767114
   25.93000000    6.74730055
   25.95500000    6.75934810
   25.98000000    6.77523237
   26.00500000    6.79286685
   26.03000000    6.80793089
   26.05500000    6.81826414
   26.08000000    6.82551983
   26.10500000    6.83322906
   26.13000000    6.84458387
   26.15500000    6.85819810
   26.18000000    6.87110528
   26.20500000    6.87890794
   26.23000000    6.87896713
   26.25500000    6.87773976
   26.28000000    6.88536775
   26.30500000    6.90533518
   26.33000000    6.93551235
   26.35500000    6.97350480
   26.38000000    7.01695015
   26.40500000    7.06163603
   26.43000000    7.10024129
   26.45500000    7.12501704
   26.48000000    7.13610547
   26.50500000    7.13887127
   26.53000000    7.13568898
   26.55500000    7.13075883
   26.58000000    7.13052193
   26.60500000    7.13839738
   26.63000000    7.15410312
   26.65500000    7.17767485
   26.68000000    7.20698157
   26.70500000    7.23487433
   26.73000000    7.25578804
   26.75500000    7.26805291
   26.78000000    7.27499269
   26.80500000    7.28269269
   26.83000000    7.29493532
   26.85500000    7.31092840
   26.88000000    7.32552796
   26.90500000    7.33620106
   26.93000000    7.34503353
   26.95500000    7.35586510
   26.98000000    7.37116533
   27.00500000    7.39128338
   27.03000000    7.41528060
   27.05500000    7.44117019
   27.08000000    7.46676441
   27.10500000    7.48834072
   27.13000000    7.50320999
   27.15500000    7.51222253
   27.18000000    7.51645929
   27.20500000    7.51827287
   27.23000000    7.52170202
   27.25500000    7.52883671
   27.28000000    7.53756818
   27.30500000    7.54255409
   27.33000000    7.54154031
   27.35500000    7.53703391
   27.38000000    7.53411157
   27.40500000    7.53482830
   27.43000000    7.53819782
   27.45500000    7.54203175
   27.48000000    7.54422887
   27.50500000    7.54345659
   27.53000000    7.54056952
   27.55500000    7.53879489
   27.58000000    7.53968775
   27.60500000    7.54135605
   27.63000000    7.54131897
   27.65500000    7.53599012
   27.68000000    7.52342583
   27.70500000    7.50606003
   27.73000000    7.48853793
   27.75500000    7.47564753
   27.78000000    7.47052127
   27.80500000    7.47139542
   27.83000000    7.47330575
   27.85500000    7.47344753
   27.88000000    7.47107166
   27.90500000    7.46697779
   27.93000000    7.46236937
   27.95500000    7.45759387
   27.98000000    7.45341069
   28.00500000    7.44948372
   28.03000000    7.44568714
   28.05500000    7.44370703
   28.08000000    7.44428661
   28.10500000    7.44437811
   28.13000000    7.44098360
   28.15500000    7.43476239
   28.18000000    7.42937936
   28.20500000    7.42654518
   28.23000000    7.42296514
   28.25500000    7.41571681
   28.28000000    7.40759757
   28.30500000    7.40458720
   28.33000000    7.40565014
   28.35500000    7.40407334
   28.38000000    7.39612495
   28.40500000    7.38412990
   28.43000000    7.37094032
   28.45500000    7.35927702
   28.48000000    7.35133624
   28.50500000    7.34634501
   28.53000000    7.34136870
   28.55500000    7.33804443
   28.58000000    7.34088258
   28.60500000    7.34976233
   28.63000000    7.36036615
   28.65500000    7.36843902
   28.68000000    7.37216924
   28.70500000    7.37358821
   28.73000000    7.37422491
   28.75500000    7.37396157
   28.78000000    7.37266471
   28.80500000    7.37165284
   28.83000000    7.37330205
   28.85500000    7.37937057
   28.88000000    7.38938492
   28.90500000    7.40320017
   28.93000000    7.42142256
   28.95500000    7.44199796
   28.98000000    7.45924844
   29.00500000    7.46882151
   29.03000000    7.47044944
   29.05500000    7.46998245
   29.08000000    7.47279654
   29.10500000    7.48181321
   29.13000000    7.49703168
   29.15500000    7.51460401
   29.18000000    7.53064132
   29.20500000    7.54499258
   29.23000000    7.55765749
   29.25500000    7.56586219
   29.28000000    7.56836855
   29.30500000    7.56851249
   29.33000000    7.56996219
   29.35500000    7.57269014
   29.38000000    7.57144334
   29.40500000    7.56103575
   29.43000000    7.54509570
   29.45500000    7.53159158
   29.48000000    7.52629285
   29.50500000    7.53261285
   29.53000000    7.54922420
   29.55500000    7.56643630
   29.58000000    7.57557574
   29.60500000    7.57679283
   29.63000000    7.57247454
   29.65500000    7.56811173
   29.68000000    7.56910833
   29.70500000    7.57732562
   29.73000000    7.59189926
   29.75500000    7.61103188
   29.78000000    7.63137824
   29.80500000    7.64800135
   29.83000000    7.65790820
   29.85500000    7.66062204
   29.88000000    7.66057258
   29.90500000    7.66430765
   29.93000000    7.67348738
   29.95500000    7.68645021
   29.98000000    7.70150896
   30.00500000    7.71538346
   30.03000000    7.72917335
   30.05500000    7.74537104
   30.08000000    7.76250040
   30.10500000    7.77824301
   30.13000000    7.79116693
   30.15500000    7.79964706
   30.18000000    7.80332832
   30.20500000    7.80628287
   30.23000000    7.81215002
   30.25500000    7.82029210
   30.28000000    7.82531232
   30.30500000    7.82318683
   30.33000000    7.81633715
   30.35500000    7.81127525
   30.38000000    7.81258193
   30.40500000    7.82143273
   30.43000000    7.83727448
   30.45500000    7.85865829
   30.48000000    7.88333806
   30.50500000    7.90840837
   30.53000000    7.92977321
   30.55500000    7.94578656
   30.58000000    7.95777599
   30.60500000    7.96388977
   30.63000000    7.96300672
   30.65500000    7.95993792
   30.68000000    7.96186872
   30.70500000    7.97252619
   30.73000000    7.99049310
   30.75500000    8.01221215
   30.78000000    8.03276111
   30.80500000    8.04886882
   30.83000000    8.05891899
   30.85500000    8.06093924
   30.88000000    8.05503028
   30.90500000    8.04389831
   30.93000000    8.03253871
   30.95500000    8.02640653
   30.98000000    8.02640652
   31.00500000    8.03014458
   31.03000000    8.03666728
   31.05500000    8.04682962
   31.08000000    8.06051448
   31.10500000    8.07709835
   31.13000000    8.09549979
   31.15500000    8.11352224
   31.18000000    8.12966247
   31.20500000    8.14267229
   31.23000000    8.15155174
   31.25500000    8.15428080
   31.28000000    8.15005310
   31.30500000    8.14247090
   31.33000000    8.13688555
   31.35500000    8.13523022
   31.38000000    8.13558174
   31.40500000    8.13743086
   31.43000000    8.14278917
   31.45500000    8.15073552
   31.48000000    8.15588668
   31.50500000    8.15332271
   31.53000000    8.14230395
   31.55500000    8.12774092
   31.58000000    8.11614392
   31.60500000    8.11314077
   31.63000000    8.11966953
   31.65500000    8.13305070
   31.68000000    8.14772273
   31.70500000    8.15949876
   31.73000000    8.16729226
   31.75500000    8.16948950
   31.78000000    8.16528793
   31.80500000    8.16011629
   31.83000000    8.15892452
   31.85500000    8.15919717
   31.88000000    8.15767836
   31.90500000    8.15416795
   31.93000000    8.15414915
   31.95500000    8.16087895
   31.98000000    8.17325626
   32.00500000    8.18742823
   32.03000000    8.20017837
   32.05500000    8.21111224
   32.08000000    8.21893098
   32.10500000    8.22206954
   32.13000000    8.21971758
   32.15500000    8.21602851
   32.18000000    8.21372702
   32.20500000    8.20865642
   32.23000000    8.19880236
   32.25500000    8.18857446
   32.28000000    8.18530785
   32.30500000    8.19403937
   32.33000000    8.21453066
   32.35500000    8.24065930
   32.38000000    8.26738083
   32.40500000    8.29514065
   32.43000000    8.32266019
   32.45500000    8.34524304
   32.48000000    8.36173635
   32.50500000    8.37136244
   32.53000000    8.37414325
   32.55500000    8.37406160
   32.58000000    8.37253293
   32.60500000    8.36977487
   32.63000000    8.36535692
   32.65500000    8.36017174
   32.68000000    8.35553115
   32.70500000    8.35222168
   32.73000000    8.35065698
   32.75500000    8.35150942
   32.78000000    8.35594552
   32.80500000    8.36008637
   32.83000000    8.35830215
   32.85500000    8.35069514
   32.88000000    8.33931563
   32.90500000    8.32751310
   32.93000000    8.32114212
   32.95500000    8.32259296
   32.98000000    8.32998278
   33.00500000    8.34185613
   33.03000000    8.35891286
   33.05500000    8.37964438
   33.08000000    8.39999899
   33.10500000    8.41764509
   33.13000000    8.43480974
   33.15500000    8.45599156
   33.18000000    8.48076779
   33.20500000    8.50480589
   33.23000000    8.52345067
   33.25500000    8.53319974
   33.28000000    8.53374782
   33.30500000    8.52705984
   33.33000000    8.51584552
   33.35500000    8.50553415
   33.38000000    8.50166008
   33.40500000    8.50811117
   33.43000000    8.52610878
   33.45500000    8.55230051
   33.48000000    8.58129018
   33.50500000    8.60927592
   33.53000000    8.63619766
   33.55500000    8.65952569
   33.58000000    8.67600520
   33.60500000    8.68733939
   33.63000000    8.69511368
   33.65500000    8.69597897
   33.68000000    8.68826602
   33.70500000    8.67669157
   33.73000000    8.66662431
   33.75500000    8.66167413
   33.78000000    8.66511114
   33.80500000    8.67465241
   33.83000000    8.68300460
   33.85500000    8.68743798
   33.88000000    8.68990707
   33.90500000    8.69455227
   33.93000000    8.70481790
   33.95500000    8.72214681
   33.98000000    8.74432137
   34.00500000    8.76724206
   34.03000000    8.79059141
   34.05500000    8.81556435
   34.08000000    8.83918789
   34.10500000    8.85502854
   34.13000000    8.86126328
   34.15500000    8.86197013
   34.18000000    8.85976998
   34.20500000    8.85387750
   34.23000000    8.84668707
   34.25500000    8.84106271
   34.28000000    8.83377484
   34.30500000    8.82199916
   34.33000000    8.80993937
   34.35500000    8.80142450
   34.38000000    8.79743012
   34.40500000    8.79771102
   34.43000000    8.79731804
   34.45500000    8.79186300
   34.48000000    8.78040165
   34.50500000    8.76479055
   34.53000000    8.74865886
   34.55500000    8.73522186
   34.58000000    8.72589061
   34.60500000    8.72074571
   34.63000000    8.71758436
   34.65500000    8.71235125
   34.68000000    8.70291715
   34.70500000    8.69229604
   34.73000000    8.68399328
   34.75500000    8.67939737
   34.78000000    8.68246898
   34.80500000    8.69393183
   34.83000000    8.70929744
   34.85500000    8.72580040
   34.88000000    8.74283082
   34.90500000    8.75796123
   34.93000000    8.76909709
   34.95500000    8.77774235
   34.98000000    8.78446050
   35.00500000    8.78682255
   35.03000000    8.78856540
   35.05500000    8.79480564
   35.08000000    8.80846539
   35.10500000    8.83208926
   35.13000000    8.86480252
   35.15500000    8.90158815
   35.18000000    8.93707620
   35.20500000    8.96565886
   35.23000000    8.98316242
   35.25500000    8.99094825
   35.28000000    8.99327501
   35.30500000    8.99128444
   35.33000000    8.98795695
   35.35500000    8.98560104
   35.38000000    8.98383723
   35.40500000    8.97992697
   35.43000000    8.97156718
   35.45500000    8.96046976
   35.48000000    8.95239861
   35.50500000    8.95213496
   35.53000000    8.96021870
   35.55500000    8.97514412
   35.58000000    8.99241520
   35.60500000    9.00307461
   35.63000000    9.00282388
   35.65500000    8.99574836
   35.68000000    8.98770360
   35.70500000    8.98169127
   35.73000000    8.97748811
   35.75500000    8.97413210
   35.78000000    8.97079100
   35.80500000    8.96509723
   35.83000000    8.95345315
   35.85500000    8.93611223
   35.88000000    8.91748430
   35.90500000    8.89913427
   35.93000000    8.88504584
   35.95500000    8.88010483
   35.98000000    8.88660557
   36.00500000    8.90154586
   36.03000000    8.92137513
   36.05500000    8.94406690
   36.08000000    8.96581822
   36.10500000    8.98491130
   36.13000000    9.00123369
   36.15500000    9.01585748
   36.18000000    9.03191254
   36.20500000    9.05201835
   36.23000000    9.07793170
   36.25500000    9.11008402
   36.28000000    9.14461429
   36.30500000    9.17655515
   36.33000000    9.20395408
   36.35500000    9.22557332
   36.38000000    9.23994725
   36.40500000    9.24880709
   36.43000000    9.25658217
   36.45500000    9.26398558
   36.48000000    9.26810919
   36.50500000    9.26746798
   36.53000000    9.26159760
   36.55500000    9.25135812
   36.58000000    9.24090015
   36.60500000    9.23333822
   36.63000000    9.22462538
   36.65500000    9.21151967
   36.68000000    9.19828209
   36.70500000    9.19237740
   36.73000000    9.19479255
   36.75500000    9.20014233
   36.78000000    9.20451246
   36.80500000    9.20876893
   36.83000000    9.21440768
   36.85500000    9.22329607
   36.88000000    9.23833624
   36.90500000    9.25873508
   36.93000000    9.28172565
   36.95500000    9.30477142
   36.98000000    9.32556604
   37.00500000    9.34274370
   37.03000000    9.35520134
   37.05500000    9.36020364
   37.08000000    9.35685440
   37.10500000    9.35022230
   37.13000000    9.34398397
   37.15500000    9.33788109
   37.18000000    9.33115718
   37.20500000    9.32513050
   37.23000000    9.32179616
   37.25500000    9.31937809
   37.28000000    9.31017572
   37.30500000    9.28889287
   37.33000000    9.26264389
   37.35500000    9.24249208
   37.38000000    9.23288972
   37.40500000    9.23237077
   37.43000000    9.23855280
   37.45500000    9.25027102
   37.48000000    9.26463070
   37.50500000    9.27806099
   37.53000000    9.28646203
   37.55500000    9.28633449
   37.58000000    9.27859794
   37.60500000    9.26567321
   37.63000000    9.25353045
   37.65500000    9.25113553
   37.68000000    9.26085445
   37.70500000    9.28189131
   37.73000000    9.31322828
   37.75500000    9.34994869
   37.78000000    9.38422364
   37.80500000    9.41134413
   37.83000000    9.43018092
   37.85500000    9.44196786
   37.88000000    9.44735838
   37.90500000    9.44721615
   37.93000000    9.44471050
   37.95500000    9.44303093
   37.98000000    9.44157442
   38.00500000    9.43944658
   38.03000000    9.43947298
   38.05500000    9.44094522
   38.08000000    9.43968759
   38.10500000    9.43486574
   38.13000000    9.42766501
   38.15500000    9.41893901
   38.18000000    9.41175174
   38.20500000    9.41303996
   38.23000000    9.42638401
   38.25500000    9.44971387
   38.28000000    9.47947769
   38.30500000    9.51220069
   38.33000000    9.54246086
   38.35500000    9.56489941
   38.38000000    9.57972338
   38.40500000    9.59078860
   38.43000000    9.60383359
   38.45500000    9.62137322
   38.48000000    9.63749810
   38.50500000    9.64808005
   38.53000000    9.65272196
   38.55500000    9.65210605
   38.58000000    9.65041837
   38.60500000    9.65193745
   38.63000000    9.65857575
   38.65500000    9.67118810
   38.68000000    9.68997562
   38.70500000    9.71523076
   38.73000000    9.74694158
   38.75500000    9.78046803
   38.78000000    9.80681483
   38.80500000    9.82258295
   38.83000000    9.83386818
   38.85500000    9.84588922
   38.88000000    9.85933620
   38.90500000    9.86982064
   38.93000000    9.87543110
   38.95500000    9.87794311
   38.98000000    9.87881346
   39.00500000    9.87769704
   39.03000000    9.87219668
   39.05500000    9.86180208
   39.08000000    9.85151262
   39.10500000    9.84536884
   39.13000000    9.84691945
   39.15500000    9.85824042
   39.18000000    9.87864475
   39.20500000    9.90357475
   39.23000000    9.92908603
   39.25500000    9.95318492
   39.28000000    9.97109117
   39.30500000    9.97701502
   39.33000000    9.96789022
   39.35500000    9.94512333
   39.38000000    9.91647741
   39.40500000    9.89112033
   39.43000000    9.87335681
   39.45500000    9.86199280
   39.48000000    9.85547925
   39.50500000    9.85541911
   39.53000000    9.86086920
   39.55500000    9.86981570
   39.58000000    9.88051467
   39.60500000    9.89022163
   39.63000000    9.89921786
   39.65500000    9.90926653
   39.68000000    9.92053081
   39.70500000    9.93097917
   39.73000000    9.93518623
   39.75500000    9.92772111
   39.78000000    9.91049294
   39.80500000    9.88938174
   39.83000000    9.86940758
   39.85500000    9.85063645
   39.88000000    9.82924980
   39.90500000    9.80678564
   39.93000000    9.78836999
   39.95500000    9.77771993
   39.98000000    9.77946072
   40.00500000    9.79334584
   40.03000000    9.81200331
   40.05500000    9.82584285
   40.08000000    9.83220075
   40.10500000    9.83790021
   40.13000000    9.84843524
   40.15500000    9.86403745
   40.18000000    9.88029791
   40.20500000    9.89352902
   40.23000000    9.90268910
   40.25500000    9.91046166
   40.28000000    9.92273183
   40.30500000    9.93892667
   40.33000000    9.95514699
   40.35500000    9.96979759
   40.38000000    9.98100274
   40.40500000    9.98945152
   40.43000000    9.99835078
   40.45500000   10.00980611
   40.48000000   10.01949417
   40.50500000   10.02131561
   40.53000000   10.01694658
   40.55500000   10.01206193
   40.58000000   10.01329317
   40.60500000   10.02590688
   40.63000000   10.04991207
   40.65500000   10.07945417
   40.68000000   10.10682038
   40.70500000   10.13039206
   40.73000000   10.15080555
   40.75500000   10.16631087
   40.78000000   10.17850087
   40.80500000   10.19258419
   40.83000000   10.20923867
   40.85500000   10.22420858
   40.88000000   10.23176720
   40.90500000   10.23225891
   40.93000000   10.23005655
   40.95500000   10.22380587
   40.98000000   10.21137429
   41.00500000   10.19426668
   41.03000000   10.17786739
   41.05500000   10.16512629
   41.08000000   10.15292413
   41.10500000   10.13872873
   41.13000000   10.12688148
   41.15500000   10.12174926
   41.18000000   10.12436645
   41.20500000   10.13641333
   41.23000000   10.15641232
   41.25500000   10.17611451
   41.28000000   10.19035931
   41.30500000   10.19868150
   41.33000000   10.20291080
   41.35500000   10.20597061
   41.38000000   10.21016314
   41.40500000   10.21667743
   41.43000000   10.22496238
   41.45500000   10.23094463
   41.48000000   10.23270761
   41.50500000   10.23463895
   41.53000000   10.24392283
   41.55500000   10.26384735
   41.58000000   10.28904728
   41.60500000   10.31210986
   41.63000000   10.33079781
   41.65500000   10.34353119
   41.68000000   10.34900209
   41.70500000   10.34815060
   41.73000000   10.34095572
   41.75500000   10.32645955
   41.78000000   10.30926878
   41.80500000   10.29634052
   41.83000000   10.29057552
   41.85500000   10.29050609
   41.88000000   10.29086287
   41.90500000   10.28993802
   41.93000000   10.29061877
   41.95500000   10.29663091
   41.98000000   10.30404874
   42.00500000   10.30827143
   42.03000000   10.30700511
   42.05500000   10.30168931
   42.08000000   10.29596731
   42.10500000   10.29193268
   42.13000000   10.28982003
   42.15500000   10.28675708
   42.18000000   10.27772233
   42.20500000   10.26062273
   42.23000000   10.23994166
   42.25500000   10.22172246
   42.28000000   10.21187124
   42.30500000   10.21179154
   42.33000000   10.21589838
   42.35500000   10.21643980
   42.38000000   10.21560625
   42.40500000   10.21932830
   42.43000000   10.22546344
   42.45500000   10.23398864
   42.48000000   10.24751637
   42.50500000   10.26715605
   42.53000000   10.29392846
   42.55500000   10.32798195
   42.58000000   10.36530164
   42.60500000   10.39718047
   42.63000000   10.41787097
   42.65500000   10.42904440
   42.68000000   10.43442717
   42.70500000   10.43692371
   42.73000000   10.43804331
   42.75500000   10.43842643
   42.78000000   10.43898178
   42.80500000   10.44245888
   42.83000000   10.45257430
   42.85500000   10.46976869
   42.88000000   10.49078956
   42.90500000   10.51252365
   42.93000000   10.53020626
   42.95500000   10.54284341
   42.98000000   10.55331630
   43.00500000   10.56232097
   43.03000000   10.57040657
   43.05500000   10.57793016
   43.08000000   10.58459891
   43.10500000   10.59094803
   43.13000000   10.59841404
   43.15500000   10.60680034
   43.18000000   10.61516434
   43.20500000   10.62511610
   43.23000000   10.63492977
   43.25500000   10.64007513
   43.28000000   10.64160657
   43.30500000   10.64085664
   43.33000000   10.63726616
   43.35500000   10.63297153
   43.38000000   10.63132528
   43.40500000   10.63335281
   43.43000000   10.63864306
   43.45500000   10.64618321
   43.48000000   10.65317659
   43.50500000   10.65915088
   43.53000000   10.67050218
   43.55500000   10.69110096
   43.58000000   10.71810201
   43.60500000   10.74552046
   43.63000000   10.76967020
   43.65500000   10.79016343
   43.68000000   10.80678565
   43.70500000   10.82050073
   43.73000000   10.83070090
   43.75500000   10.83331446
   43.78000000   10.83006392
   43.80500000   10.82505389
   43.83000000   10.81925478
   43.85500000   10.81397959
   43.88000000   10.80927518
   43.90500000   10.80814694
   43.93000000   10.81511553
   43.95500000   10.83182031
   43.98000000   10.85519605
   44.00500000   10.88000585
   44.03000000   10.90027884
   44.05500000   10.91365567
   44.08000000   10.92224360
   44.10500000   10.92988550
   44.13000000   10.93910986
   44.15500000   10.94948065
   44.18000000   10.96189316
   44.20500000   10.97345872
   44.23000000   10.98283060
   44.25500000   10.99115882
   44.28000000   10.99688555
   44.30500000   11.00029356
   44.33000000   11.00344359
   44.35500000   11.00382067
   44.38000000   10.99751646
   44.40500000   10.98504336
   44.43000000   10.97286862
   44.45500000   10.96456553
   44.48000000   10.95729508
   44.50500000   10.94958817
   44.53000000   10.94286566
   44.55500000   10.93938946
   44.58000000   10.93959144
   44.60500000   10.94374958
   44.63000000   10.95254641
   44.65500000   10.96585474
   44.68000000   10.98171584
   44.70500000   10.99712873
   44.73000000   11.01098893
   44.75500000   11.02443917
   44.78000000   11.03747165
   44.80500000   11.04801624
   44.83000000   11.05147142
   44.85500000   11.04781559
   44.88000000   11.04158647
   44.90500000   11.03594729
   44.93000000   11.03075391
   44.95500000   11.01721212
   44.98000000   10.99070456
   45.00500000   10.96066007
   45.03000000   10.93740417
   45.05500000   10.92667569
   45.08000000   10.92723754
   45.10500000   10.93527965
   45.13000000   10.94916468
   45.15500000   10.96957557
   45.18000000   10.99564616
   45.20500000   11.02158066
   45.23000000   11.04128064
   45.25500000   11.05320057
   45.28000000   11.05905883
   45.30500000   11.06328144
   45.33000000   11.07114458
   45.35500000   11.08542831
   45.38000000   11.10469227
   45.40500000   11.12633002
   45.43000000   11.15059010
   45.45500000   11.17866460
   45.48000000   11.21224519
   45.50500000   11.25007996
   45.53000000   11.28705254
   45.55500000   11.31848280
   45.58000000   11.34230682
   45.60500000   11.35977944
   45.63000000   11.37654972
   45.65500000   11.39816891
   45.68000000   11.42538159
   45.70500000   11.45399610
   45.73000000   11.47985176
   45.75500000   11.50245453
   45.78000000   11.52159110
   45.80500000   11.53643527
   45.83000000   11.54833587
   45.85500000   11.55814727
   45.88000000   11.56723503
   45.90500000   11.57694586
   45.93000000   11.58801980
   45.95500000   11.60194780
   45.98000000   11.61809469
   46.00500000   11.63296535
   46.03000000   11.64077668
   46.05500000   11.63891820
   46.08000000   11.63229884
   46.10500000   11.62565679
   46.13000000   11.62073588
   46.15500000   11.62020873
   46.18000000   11.62485717
   46.20500000   11.63459843
   46.23000000   11.65257861
   46.25500000   11.68093489
   46.28000000   11.71720081
   46.30500000   11.75458425
   46.33000000   11.78530667
   46.35500000   11.80471801
   46.38000000   11.81518987
   46.40500000   11.82151089
   46.43000000   11.82958685
   46.45500000   11.84442469
   46.48000000   11.86695790
   46.50500000   11.89377464
   46.53000000   11.91976313
   46.55500000   11.94035307
   46.58000000   11.95458967
   46.60500000   11.96510636
   46.63000000   11.97466266
   46.65500000   11.98588782
   46.68000000   12.00119578
   46.70500000   12.01992964
   46.73000000   12.03977655
   46.75500000   12.05770102
   46.78000000   12.07214507
   46.80500000   12.08138897
   46.83000000   12.08489586
   46.85500000   12.08156157
   46.88000000   12.07235447
   46.90500000   12.06032888
   46.93000000   12.04846308
   46.95500000   12.04045373
   46.98000000   12.03719061
   47.00500000   12.03475799
   47.03000000   12.03167483
   47.05500000   12.03336182
   47.08000000   12.04283757
   47.10500000   12.05630375
   47.13000000   12.06896881
   47.15500000   12.07937085
   47.18000000   12.08877323
   47.20500000   12.09794726
   47.23000000   12.10685639
   47.25500000   12.11516875
   47.28000000   12.12504316
   47.30500000   12.13600785
   47.33000000   12.14561999
   47.35500000   12.15228969
   47.38000000   12.15576565
   47.40500000   12.15563329
   47.43000000   12.15670525
   47.45500000   12.16355184
   47.48000000   12.17679949
   47.50500000   12.19428105
   47.53000000   12.21574888
   47.55500000   12.24036386
   47.58000000   12.26182274
   47.60500000   12.27326165
   47.63000000   12.27462521
   47.65500000   12.26907066
   47.68000000   12.26113073
   47.70500000   12.25083790
   47.73000000   12.23726154
   47.75500000   12.22266186
   47.78000000   12.21385588
   47.80500000   12.21608980
   47.83000000   12.22726938
   47.85500000   12.24226148
   47.88000000   12.25952202
   47.90500000   12.27980378
   47.93000000   12.30071433
   47.95500000   12.31614558
   47.98000000   12.32184285
   48.00500000   12.31936661
   48.03000000   12.30791535
   48.05500000   12.28484946
   48.08000000   12.25209076
   48.10500000   12.21599338
   48.13000000   12.18402139
   48.15500000   12.16204994
   48.18000000   12.15090223
   48.20500000   12.14846996
   48.23000000   12.15437085
   48.25500000   12.16455990
   48.28000000   12.17373025
   48.30500000   12.18091809
   48.33000000   12.19106704
   48.35500000   12.20800833
   48.38000000   12.22823840
   48.40500000   12.24687021
   48.43000000   12.26220641
   48.45500000   12.27642728
   48.48000000   12.29107085
   48.50500000   12.30564225
   48.53000000   12.32350514
   48.55500000   12.34805200
   48.58000000   12.37618922
   48.60500000   12.40111605
   48.63000000   12.41711426
   48.65500000   12.42428836
   48.68000000   12.42841317
   48.70500000   12.43695482
   48.73000000   12.45255846
   48.75500000   12.47135701
   48.78000000   12.48797819
   48.80500000   12.50044696
   48.83000000   12.50903159
   48.85500000   12.51031902
   48.88000000   12.50216097
   48.90500000   12.48712459
   48.93000000   12.47087639
   48.95500000   12.45893098
   48.98000000   12.45489686
   49.00500000   12.45787846
   49.03000000   12.46556473
   49.05500000   12.47535578
   49.08000000   12.48741709
   49.10500000   12.50341633
   49.13000000   12.52273174
   49.15500000   12.54395084
   49.18000000   12.56577550
   49.20500000   12.58376564
   49.23000000   12.59361475
   49.25500000   12.59453907
   49.28000000   12.58807544
   49.30500000   12.57951617
   49.33000000   12.57486704
   49.35500000   12.57729085
   49.38000000   12.58632480
   49.40500000   12.59883849
   49.43000000   12.60958639
   49.45500000   12.61465788
   49.48000000   12.61489102
   49.50500000   12.61448259
   49.53000000   12.61471509
   49.55500000   12.61329697
   49.58000000   12.60915854
   49.60500000   12.60558829
   49.63000000   12.60782965
   49.65500000   12.61747882
   49.68000000   12.63423266
   49.70500000   12.65619944
   49.73000000   12.68046477
   49.75500000   12.70372639
   49.78000000   12.72248964
   49.80500000   12.73623982
   49.83000000   12.74884865
   49.85500000   12.76583264
   49.88000000   12.78896689
   49.90500000   12.81448295
   49.93000000   12.83888073
   49.95500000   12.85926305
   49.98000000   12.87074331
