    0.00500000    0.00006148
    0.03000000    0.00221099
    0.05500000    0.00706791
    0.08000000    0.01368169
    0.10500000    0.02131900
    0.13000000    0.02971567
    0.15500000    0.03853172
    0.18000000    0.04670151
    0.20500000    0.05443545
    0.23000000    0.06282631
    0.25500000    0.07212920
    0.28000000    0.08223348
    0.30500000    0.09251451
    0.33000000    0.10242153
    0.35500000    0.11159371
    0.38000000    0.11973549
    0.40500000    0.12677533
    0.43000000    0.13278707
    0.45500000    0.13770389
    0.48000000    0.14214060
    0.50500000    0.14672512
    0.53000000    0.15113820
    0.55500000    0.15505330
    0.58000000    0.15888078
    0.60500000    0.16269699
    0.63000000    0.16635763
    0.65500000    0.16989882
    0.68000000    0.17350810
    0.70500000    0.17833122
    0.73000000    0.18493066
    0.75500000    0.19265505
    0.78000000    0.20096923
    0.80500000    0.20990681
    0.83000000    0.21919024
    0.85500000    0.22826929
    0.88000000    0.23687993
    0.90500000    0.24502017
    0.93000000    0.25316020
    0.95500000    0.26152354
    0.98000000    0.26937952
    1.00500000    0.27574019
    1.03000000    0.28076005
    1.05500000    0.28525341
    1.08000000    0.28887868
    1.10500000    0.29138122
    1.13000000    0.29297365
    1.15500000    0.29439956
    1.18000000    0.29638621
    1.20500000    0.29911745
    1.23000000    0.30228802
    1.25500000    0.30584231
    1.28000000    0.31015594
    1.30500000    0.31533573
    1.33000000    0.32105023
    1.35500000    0.32712893
    1.38000000    0.33333560
    1.40500000    0.33845034
    1.43000000    0.34240044
    1.45500000    0.34663931
    1.48000000    0.35162207
    1.50500000    0.35666045
    1.53000000    0.36113423
    1.55500000    0.36500374
    1.58000000    0.36820539
    1.60500000    0.37063771
    1.63000000    0.37243361
    1.65500000    0.37343873
    1.68000000    0.37370615
    1.70500000    0.37333472
    1.73000000    0.37274779
    1.75500000    0.37308626
    1.78000000    0.37515300
    1.80500000    0.37873503
    1.83000000    0.38310947
    1.85500000    0.38768729
    1.88000000    0.39245664
    1.90500000    0.39769907
    1.93000000    0.40361284
    1.95500000    0.41038489
    1.98000000    0.41772159
    2.00500000    0.42570968
    2.03000000    0.43348166
    2.05500000    0.43985795
    2.08000000    0.44482494
    2.10500000    0.44895295
    2.13000000    0.45295568
    2.15500000    0.45664541
    2.18000000    0.46020845
    2.20500000    0.46471541
    2.23000000    0.47083244
    2.25500000    0.47828369
    2.28000000    0.48593314
    2.30500000    0.49269663
    2.33000000    0.49801508
    2.35500000    0.50190911
    2.38000000    0.50479572
    2.40500000    0.50737137
    2.43000000    0.51038164
    2.45500000    0.51484304
    2.48000000    0.52158055
    2.50500000    0.53060637
    2.53000000    0.54116953
    2.55500000    0.55196738
    2.58000000    0.56225792
    2.60500000    0.57218028
    2.63000000    0.58216173
    2.65500000    0.59244061
    2.68000000    0.60325564
    2.70500000    0.61433935
    2.73000000    0.62423900
    2.75500000    0.63209185
    2.78000000    0.63828144
    2.80500000    0.64323856
    2.83000000    0.64711927
    2.85500000    0.65026080
    2.88000000    0.65279532
    2.90500000    0.65508751
    2.93000000    0.65683856
    2.95500000    0.65755336
    2.98000000    0.65707829
    3.00500000    0.65520601
    3.03000000    0.65151484
    3.05500000    0.64548878
    3.08000000    0.63817629
    3.10500000    0.63150018
    3.13000000    0.62685433
    3.15500000    0.62476680
    3.18000000    0.62531675
    3.20500000    0.62814682
    3.23000000    0.63231790
    3.25500000    0.63702350
    3.28000000    0.64261240
    3.30500000    0.64967197
    3.33000000    0.65830836
    3.35500000    0.66768924
    3.38000000    0.67638071
    3.40500000    0.68354913
    3.43000000    0.68949386
    3.45500000    0.69414393
    3.48000000    0.69683156
    3.50500000    0.69828347
    3.53000000    0.69982737
    3.55500000    0.70217524
    3.58000000    0.70562163
    3.60500000    0.70966794
    3.63000000    0.71371249
    3.65500000    0.71785880
    3.68000000    0.72163272
    3.70500000    0.72398958
    3.73000000    0.72454604
    3.75500000    0.72438600
    3.78000000    0.72543813
    3.80500000    0.72891327
    3.83000000    0.73422501
    3.85500000    0.73925664
    3.88000000    0.74325689
    3.90500000    0.74654283
    3.93000000    0.74954763
    3.95500000    0.75269945
    3.98000000    0.75610248
    4.00500000    0.75995435
    4.03000000    0.76527380
    4.05500000    0.77299698
    4.08000000    0.78299701
    4.10500000    0.79425726
    4.13000000    0.80527666
    4.15500000    0.81507655
    4.18000000    0.82388881
    4.20500000    0.83227663
    4.23000000    0.84098886
    4.25500000    0.85046977
    4.28000000    0.85931089
    4.30500000    0.86554563
    4.33000000    0.87064374
    4.35500000    0.87706075
    4.38000000    0.88473207
    4.40500000    0.89249320
    4.43000000    0.90105853
    4.45500000    0.91132766
    4.48000000    0.92222528
    4.50500000    0.93121943
    4.53000000    0.93713994
    4.55500000    0.94101910
    4.58000000    0.94351371
    4.60500000    0.94504457
    4.63000000    0.94640709
    4.65500000    0.94782116
    4.68000000    0.94890013
    4.70500000    0.94996717
    4.73000000    0.95014950
    4.75500000    0.94889942
    4.78000000    0.94709536
    4.80500000    0.94522649
    4.83000000    0.94349674
    4.85500000    0.94271959
    4.88000000    0.94261383
    4.90500000    0.94180396
    4.93000000    0.93892940
    4.95500000    0.93362773
    4.98000000    0.92760431
    5.00500000    0.92293035
    5.03000000    0.92106687
    5.05500000    0.92228319
    5.08000000    0.92655110
    5.10500000    0.93336647
    5.13000000    0.94152152
    5.15500000    0.94945575
    5.18000000    0.95603115
    5.20500000    0.96079388
    5.23000000    0.96462672
    5.25500000    0.96835369
    5.28000000    0.97292424
    5.30500000    0.97885303
    5.33000000    0.98566840
    5.35500000    0.99266296
    5.38000000    0.99913789
    5.40500000    1.00408170
    5.43000000    1.00784054
    5.45500000    1.01180624
    5.48000000    1.01722678
    5.50500000    1.02449671
    5.53000000    1.03267649
    5.55500000    1.04055334
    5.58000000    1.04751773
    5.60500000    1.05370567
    5.63000000    1.05952423
    5.65500000    1.06511495
    5.68000000    1.07092668
    5.70500000    1.07716776
    5.73000000    1.08355229
    5.75500000    1.09033499
    5.78000000    1.09800522
    5.80500000    1.10666965
    5.83000000    1.11621480
    5.85500000    1.12627794
    5.88000000    1.13576913
    5.90500000    1.14393232
    5.93000000    1.15124152
    5.95500000    1.15773155
    5.98000000    1.16203420
    6.00500000    1.16498322
    6.03000000    1.16943621
    6.05500000    1.17576710
    6.08000000    1.18262910
    6.10500000    1.18891709
    6.13000000    1.19450517
    6.15500000    1.19919001
    6.18000000    1.20340304
    6.20500000    1.20788974
    6.23000000    1.21238177
    6.25500000    1.21673949
    6.28000000    1.22067189
    6.30500000    1.22311551
    6.33000000    1.22420203
    6.35500000    1.22599963
    6.38000000    1.22901668
    6.40500000    1.23296579
    6.43000000    1.23815738
    6.45500000    1.24426277
    6.48000000    1.25114589
    6.50500000    1.25877567
    6.53000000    1.26663035
    6.55500000    1.27384740
    6.58000000    1.27976991
    6.60500000    1.28401994
    6.63000000    1.28616473
    6.65500000    1.28588849
    6.68000000    1.28522442
    6.70500000    1.28658434
    6.73000000    1.29114532
    6.75500000    1.29730310
    6.78000000    1.30220214
    6.80500000    1.30494955
    6.83000000    1.30596743
    6.85500000    1.30590558
    6.88000000    1.30558233
    6.90500000    1.30597545
    6.93000000    1.30733843
    6.95500000    1.30906704
    6.98000000    1.31202895
    7.00500000    1.31514365
    7.03000000    1.31544955
    7.05500000    1.31238048
    7.08000000    1.30868270
    7.10500000    1.30695906
    7.13000000    1.30764674
    7.15500000    1.30840189
    7.18000000    1.30631051
    7.20500000    1.30054421
    7.23000000    1.29380162
    7.25500000    1.28963077
    7.28000000    1.28918708
    7.30500000    1.29127891
    7.33000000    1.29360179
    7.35500000    1.29396872
    7.38000000    1.29210135
    7.40500000    1.29011522
    7.43000000    1.29020061
    7.45500000    1.29352342
    7.48000000    1.29976970
    7.50500000    1.30781675
    7.53000000    1.31644289
    7.55500000    1.32446027
    7.58000000    1.33174924
    7.60500000    1.33984844
    7.63000000    1.34947653
    7.65500000    1.36011214
    7.68000000    1.37192073
    7.70500000    1.38451162
    7.73000000    1.39657242
    7.75500000    1.40709225
    7.78000000    1.41542337
    7.80500000    1.42276702
    7.83000000    1.42910260
    7.85500000    1.43207425
    7.88000000    1.43047330
    7.90500000    1.42558606
    7.93000000    1.42045481
    7.95500000    1.41787255
    7.98000000    1.41888652
    8.00500000    1.42343975
    8.03000000    1.43028337
    8.05500000    1.43687643
    8.08000000    1.44082856
    8.10500000    1.44179260
    8.13000000    1.44047556
    8.15500000    1.43910067
    8.18000000    1.43957705
    8.20500000    1.44089466
    8.23000000    1.44085504
    8.25500000    1.43845368
    8.28000000    1.43433324
    8.30500000    1.42954889
    8.33000000    1.42436321
    8.35500000    1.41849083
    8.38000000    1.41286462
    8.40500000    1.40813866
    8.43000000    1.40422409
    8.45500000    1.40173592
    8.48000000    1.40147639
    8.50500000    1.40256294
    8.53000000    1.40334202
    8.55500000    1.40316471
    8.58000000    1.40159065
    8.60500000    1.39946217
    8.63000000    1.39881103
    8.65500000    1.40160712
    8.68000000    1.40818886
    8.70500000    1.41727584
    8.73000000    1.42698932
    8.75500000    1.43574677
    8.78000000    1.44335198
    8.80500000    1.45066662
    8.83000000    1.45764617
    8.85500000    1.46298112
    8.88000000    1.46600634
    8.90500000    1.46745493
    8.93000000    1.46917719
    8.95500000    1.47391132
    8.98000000    1.48061758
    9.00500000    1.48687619
    9.03000000    1.49177564
    9.05500000    1.49542232
    9.08000000    1.49762077
    9.10500000    1.49879392
    9.13000000    1.49923599
    9.15500000    1.49893854
    9.18000000    1.49778162
    9.20500000    1.49592701
    9.23000000    1.49470411
    9.25500000    1.49567319
    9.28000000    1.49874894
    9.30500000    1.50399607
    9.33000000    1.51127973
    9.35500000    1.52002675
    9.38000000    1.52925180
    9.40500000    1.53769047
    9.43000000    1.54479140
    9.45500000    1.55079068
    9.48000000    1.55573651
    9.50500000    1.55974026
    9.53000000    1.56300565
    9.55500000    1.56535974
    9.58000000    1.56762834
    9.60500000    1.56994541
    9.63000000    1.57064819
    9.65500000    1.56980789
    9.68000000    1.56949448
    9.70500000    1.57039724
    9.73000000    1.57122254
    9.75500000    1.57069292
    9.78000000    1.56949755
    9.80500000    1.57057887
    9.83000000    1.57519576
    9.85500000    1.58168565
    9.88000000    1.58790188
    9.90500000    1.59292006
    9.93000000    1.59732367
    9.95500000    1.60183237
    9.98000000    1.60740941
   10.00500000    1.61466518
   10.03000000    1.62400814
   10.05500000    1.63522902
   10.08000000    1.64708467
   10.10500000    1.65824977
   10.13000000    1.66801121
   10.15500000    1.67602844
   10.18000000    1.68194434
   10.20500000    1.68593676
   10.23000000    1.68843584
   10.25500000    1.68945288
   10.28000000    1.68935187
   10.30500000    1.69052984
   10.33000000    1.69381510
   10.35500000    1.69855824
   10.38000000    1.70516482
   10.40500000    1.71422646
   10.43000000    1.72552927
   10.45500000    1.73751195
   10.48000000    1.74792900
   10.50500000    1.75706945
   10.53000000    1.76635958
   10.55500000    1.77586804
   10.58000000    1.78419960
   10.60500000    1.78902093
   10.63000000    1.79116178
   10.65500000    1.79370654
   10.68000000    1.79881827
   10.70500000    1.80667600
   10.73000000    1.81606941
   10.75500000    1.82608278
   10.78000000    1.83578772
   10.80500000    1.84504079
   10.83000000    1.85416660
   10.85500000    1.86323292
   10.88000000    1.87225306
   10.90500000    1.88149677
   10.93000000    1.89135216
   10.95500000    1.90137034
   10.98000000    1.90984458
   11.00500000    1.91605385
   11.03000000    1.92128098
   11.05500000    1.92733088
   11.08000000    1.93489965
   11.10500000    1.94312906
   11.13000000    1.95258508
   11.15500000    1.96384527
   11.18000000    1.97681230
   11.20500000    1.99098516
   11.23000000    2.00422893
   11.25500000    2.01498036
   11.28000000    2.02278103
   11.30500000    2.02595073
   11.33000000    2.02399921
   11.35500000    2.01929460
   11.38000000    2.01488784
   11.40500000    2.01207619
   11.43000000    2.01121397
   11.45500000    2.01228626
   11.48000000    2.01447660
   11.50500000    2.01789432
   11.53000000    2.02201013
   11.55500000    2.02517881
   11.58000000    2.02625157
   11.60500000    2.02645296
   11.63000000    2.02762905
   11.65500000    2.03067897
   11.68000000    2.03538897
   11.70500000    2.04127874
   11.73000000    2.04809620
   11.75500000    2.05515321
   11.78000000    2.06098551
   11.80500000    2.06714169
   11.83000000    2.07640848
   11.85500000    2.08949136
   11.88000000    2.10572879
   11.90500000    2.12469456
   11.93000000    2.14570090
   11.95500000    2.16627207
   11.98000000    2.18246877
   12.00500000    2.19405669
   12.03000000    2.20322824
   12.05500000    2.21132245
   12.08000000    2.21860322
   12.10500000    2.22342940
   12.13000000    2.22402357
   12.15500000    2.22018262
   12.18000000    2.21268099
   12.20500000    2.20350532
   12.23000000    2.19572661
   12.25500000    2.19125277
   12.28000000    2.18997575
   12.30500000    2.19058823
   12.33000000    2.19394657
   12.35500000    2.20194411
   12.38000000    2.21414897
   12.40500000    2.22878284
   12.43000000    2.24249587
   12.45500000    2.25212785
   12.48000000    2.25569863
   12.50500000    2.25321698
   12.53000000    2.24855641
   12.55500000    2.24468182
   12.58000000    2.24170147
   12.60500000    2.23863537
   12.63000000    2.23562417
   12.65500000    2.23476376
   12.68000000    2.23770448
   12.70500000    2.24319902
   12.73000000    2.24870320
   12.75500000    2.25337630
   12.78000000    2.25646164
   12.80500000    2.25735084
   12.83000000    2.25508088
   12.85500000    2.25144567
   12.88000000    2.24834570
   12.90500000    2.24457904
   12.93000000    2.23838846
   12.95500000    2.23154420
   12.98000000    2.22667953
   13.00500000    2.22314004
   13.03000000    2.21941562
   13.05500000    2.21631834
   13.08000000    2.21561289
   13.10500000    2.21842829
   13.13000000    2.22431766
   13.15500000    2.23137010
   13.18000000    2.23651245
   13.20500000    2.23828759
   13.23000000    2.23786345
   13.25500000    2.23597904
   13.28000000    2.23204570
   13.30500000    2.22532070
   13.33000000    2.21720914
   13.35500000    2.20993130
   13.38000000    2.20482137
   13.40500000    2.20317868
   13.43000000    2.20506550
   13.45500000    2.20926188
   13.48000000    2.21617432
   13.50500000    2.22686897
   13.53000000    2.24142344
   13.55500000    2.25727787
   13.58000000    2.27391332
   13.60500000    2.29062004
   13.63000000    2.30462463
   13.65500000    2.31405847
   13.68000000    2.31983183
   13.70500000    2.32390150
   13.73000000    2.32685724
   13.75500000    2.32958415
   13.78000000    2.33473704
   13.80500000    2.34497994
   13.83000000    2.36102007
   13.85500000    2.38180256
   13.88000000    2.40419620
   13.90500000    2.42332823
   13.93000000    2.43757865
   13.95500000    2.44794681
   13.98000000    2.45622593
   14.00500000    2.46347659
   14.03000000    2.47112535
   14.05500000    2.47924700
   14.08000000    2.48578419
   14.10500000    2.48997236
   14.13000000    2.49146186
   14.15500000    2.49078145
   14.18000000    2.48982151
   14.20500000    2.48901187
   14.23000000    2.48854411
   14.25500000    2.48991581
   14.28000000    2.49426590
   14.30500000    2.50101842
   14.33000000    2.50752480
   14.35500000    2.51212611
   14.38000000    2.51414741
   14.40500000    2.51498455
   14.43000000    2.51588630
   14.45500000    2.51766279
   14.48000000    2.52014371
   14.50500000    2.52377473
   14.53000000    2.52832295
   14.55500000    2.53082634
   14.58000000    2.52788071
   14.60500000    2.52055326
   14.63000000    2.51324473
   14.65500000    2.50840142
   14.68000000    2.50599335
   14.70500000    2.50545289
   14.73000000    2.50535832
   14.75500000    2.50464722
   14.78000000    2.50475457
   14.80500000    2.50646390
   14.83000000    2.50878333
   14.85500000    2.51111009
   14.88000000    2.51348675
   14.90500000    2.51725620
   14.93000000    2.52394520
   14.95500000    2.53272336
   14.98000000    2.54133362
   15.00500000    2.54745872
   15.03000000    2.54919170
   15.05500000    2.54732005
   15.08000000    2.54419532
   15.10500000    2.54250127
   15.13000000    2.54485163
   15.15500000    2.55031261
   15.18000000    2.55765138
   15.20500000    2.56922995
   15.23000000    2.58638182
   15.25500000    2.60642844
   15.28000000    2.62422364
   15.30500000    2.63719056
   15.33000000    2.64878305
   15.35500000    2.66320380
   15.38000000    2.68245159
   15.40500000    2.70470774
   15.43000000    2.72430478
   15.45500000    2.73901519
   15.48000000    2.75262500
   15.50500000    2.76806094
   15.53000000    2.78438819
   15.55500000    2.80004309
   15.58000000    2.81524220
   15.60500000    2.82896261
   15.63000000    2.83893497
   15.65500000    2.84659277
   15.68000000    2.85265425
   15.70500000    2.85651146
   15.73000000    2.85986552
   15.75500000    2.86536947
   15.78000000    2.87529540
   15.80500000    2.88865832
   15.83000000    2.90154061
   15.85500000    2.91098580
   15.88000000    2.91597422
   15.90500000    2.91615976
   15.93000000    2.91167468
   15.95500000    2.90521968
   15.98000000    2.90008911
   16.00500000    2.89864726
   16.03000000    2.90402169
   16.05500000    2.91687330
   16.08000000    2.93521804
   16.10500000    2.95653227
   16.13000000    2.97792497
   16.15500000    2.99573265
   16.18000000    3.00811638
   16.20500000    3.01672818
   16.23000000    3.02538824
   16.25500000    3.03654579
   16.28000000    3.04922194
   16.30500000    3.06178046
   16.33000000    3.07447754
   16.35500000    3.08677577
   16.38000000    3.09767791
   16.40500000    3.10676148
   16.43000000    3.11379674
   16.45500000    3.11822120
   16.48000000    3.12084753
   16.50500000    3.12389882
   16.53000000    3.12774158
   16.55500000    3.13119736
   16.58000000    3.13259650
   16.60500000    3.13242971
   16.63000000    3.13401084
   16.65500000    3.13971986
   16.68000000    3.14929923
   16.70500000    3.16224551
   16.73000000    3.17828037
   16.75500000    3.19619805
   16.78000000    3.21258690
   16.80500000    3.22244543
   16.83000000    3.22501756
   16.85500000    3.22401201
   16.88000000    3.22362357
   16.90500000    3.22552307
   16.93000000    3.22873123
   16.95500000    3.23220294
   16.98000000    3.23576472
   17.00500000    3.24032334
   17.03000000    3.24685193
   17.05500000    3.25352390
   17.08000000    3.26023311
   17.10500000    3.26962259
   17.13000000    3.28170478
   17.15500000    3.29216379
   17.18000000    3.29795230
   17.20500000    3.30005254
   17.23000000    3.30135507
   17.25500000    3.30355816
   17.28000000    3.30670475
   17.30500000    3.31056523
   17.33000000    3.31631356
   17.35500000    3.32534574
   17.38000000    3.33528647
   17.40500000    3.34257603
   17.43000000    3.34490410
   17.45500000    3.34185792
   17.48000000    3.33635759
   17.50500000    3.33222615
   17.53000000    3.33204917
   17.55500000    3.33519786
   17.58000000    3.33825222
   17.60500000    3.33903279
   17.63000000    3.33618860
   17.65500000    3.33217506
   17.68000000    3.33158640
   17.70500000    3.33564819
   17.73000000    3.34177573
   17.75500000    3.34792135
   17.78000000    3.35552756
   17.80500000    3.36385874
   17.83000000    3.37178524
   17.85500000    3.38203322
   17.88000000    3.39625278
   17.90500000    3.41484322
   17.93000000    3.43772842
   17.95500000    3.46127907
   17.98000000    3.48002663
   18.00500000    3.49352627
   18.03000000    3.50461659
   18.05500000    3.51481558
   18.08000000    3.52537388
   18.10500000    3.53499953
   18.13000000    3.54055929
   18.15500000    3.54204288
   18.18000000    3.54322563
   18.20500000    3.54751568
   18.23000000    3.55632127
   18.25500000    3.57090184
   18.28000000    3.59001285
   18.30500000    3.61093536
   18.33000000    3.63240606
   18.35500000    3.65363851
   18.38000000    3.67473221
   18.40500000    3.69577446
   18.43000000    3.71554407
   18.45500000    3.73286152
   18.48000000    3.74729828
   18.50500000    3.75909002
   18.53000000    3.76878016
   18.55500000    3.77639705
   18.58000000    3.78233889
   18.60500000    3.78660367
   18.63000000    3.79037653
   18.65500000    3.79468209
   18.68000000    3.79838287
   18.70500000    3.80156921
   18.73000000    3.80461814
   18.75500000    3.80684533
   18.78000000    3.80933955
   18.80500000    3.81303608
   18.83000000    3.81572920
   18.85500000    3.81541400
   18.88000000    3.81194632
   18.90500000    3.80610606
   18.93000000    3.80061576
   18.95500000    3.80055339
   18.98000000    3.81044239
   19.00500000    3.82991248
   19.03000000    3.85304693
   19.05500000    3.87333155
   19.08000000    3.88737195
   19.10500000    3.89586293
   19.13000000    3.90167728
   19.15500000    3.90715504
   19.18000000    3.91205776
   19.20500000    3.91463841
   19.23000000    3.91320443
   19.25500000    3.90844218
   19.28000000    3.90439913
   19.30500000    3.90348849
   19.33000000    3.90668488
   19.35500000    3.91428017
   19.38000000    3.92266136
   19.40500000    3.92763573
   19.43000000    3.92924980
   19.45500000    3.92890983
   19.48000000    3.92723396
   19.50500000    3.92394354
   19.53000000    3.91969214
   19.55500000    3.91628000
   19.58000000    3.91457431
   19.60500000    3.91368731
   19.63000000    3.91210923
   19.65500000    3.90818360
   19.68000000    3.90241341
   19.70500000    3.89746643
   19.73000000    3.89656044
   19.75500000    3.90111091
   19.78000000    3.91028071
   19.80500000    3.92288221
   19.83000000    3.93708173
   19.85500000    3.95083262
   19.88000000    3.96116586
   19.90500000    3.96537411
   19.93000000    3.96480424
   19.95500000    3.96323792
   19.98000000    3.96364572
   20.00500000    3.96635349
   20.03000000    3.96907765
   20.05500000    3.96957612
   20.08000000    3.96576870
   20.10500000    3.95821924
   20.13000000    3.95003009
   20.15500000    3.94493785
   20.18000000    3.94559827
   20.20500000    3.95175551
   20.23000000    3.96128925
   20.25500000    3.97355325
   20.28000000    3.98915079
   20.30500000    4.00627742
   20.33000000    4.01962640
   20.35500000    4.02660579
   20.38000000    4.03109361
   20.40500000    4.03728919
   20.43000000    4.04714836
   20.45500000    4.06032083
   20.48000000    4.07261102
   20.50500000    4.07943097
   20.53000000    4.08367482
   20.55500000    4.09184284
   20.58000000    4.10585893
   20.60500000    4.12339877
   20.63000000    4.13981692
   20.65500000    4.15236227
   20.68000000    4.16184342
   20.70500000    4.17153198
   20.73000000    4.18266195
   20.75500000    4.19418018
   20.78000000    4.20545866
   20.80500000    4.21574440
   20.83000000    4.22484846
   20.85500000    4.23208485
   20.88000000    4.23837615
   20.90500000    4.24657394
   20.93000000    4.25652161
   20.95500000    4.26483792
   20.98000000    4.26835445
   21.00500000    4.26701935
   21.03000000    4.26416646
   21.05500000    4.26182874
   21.08000000    4.25762296
   21.10500000    4.25068874
   21.13000000    4.24213681
   21.15500000    4.23415762
   21.18000000    4.22785631
   21.20500000    4.22314829
   21.23000000    4.21874564
   21.25500000    4.21551374
   21.28000000    4.21512942
   21.30500000    4.21941496
   21.33000000    4.22836177
   21.35500000    4.23977247
   21.38000000    4.25164530
   21.40500000    4.26308927
   21.43000000    4.27357252
   21.45500000    4.28326885
   21.48000000    4.29310414
   21.50500000    4.30201146
   21.53000000    4.30890564
   21.55500000    4.31507909
   21.58000000    4.32265684
   21.60500000    4.33007563
   21.63000000    4.33456267
   21.65500000    4.33637706
   21.68000000    4.33762139
   21.70500000    4.34041917
   21.73000000    4.34316346
   21.75500000    4.34189513
   21.78000000    4.33297252
   21.80500000    4.31665429
   21.83000000    4.29943457
   21.85500000    4.28578713
   21.88000000    4.27712225
   21.90500000    4.27551210
   21.93000000    4.28238068
   21.95500000    4.29429633
   21.98000000    4.30499343
   22.00500000    4.31085435
   22.03000000    4.31411645
   22.05500000    4.31928100
   22.08000000    4.32990448
   22.10500000    4.34645470
   22.13000000    4.36718256
   22.15500000    4.39032708
   22.18000000    4.41472484
   22.20500000    4.43901988
   22.23000000    4.45961166
   22.25500000    4.47430274
   22.28000000    4.48412198
   22.30500000    4.49415834
   22.33000000    4.50654625
   22.35500000    4.51922990
   22.38000000    4.53063304
   22.40500000    4.54016616
   22.43000000    4.54891144
   22.45500000    4.55899361
   22.48000000    4.57055383
   22.50500000    4.58135902
   22.53000000    4.59058748
   22.55500000    4.60026273
   22.58000000    4.61473873
   22.60500000    4.63328705
   22.63000000    4.65108230
   22.65500000    4.66333621
   22.68000000    4.66786903
   22.70500000    4.66792031
   22.73000000    4.66933511
   22.75500000    4.67399283
   22.78000000    4.68046912
   22.80500000    4.68871298
   22.83000000    4.69952690
   22.85500000    4.71411627
   22.88000000    4.73388797
   22.90500000    4.75733055
   22.93000000    4.77756389
   22.95500000    4.78753847
   22.98000000    4.78542061
   23.00500000    4.77507588
   23.03000000    4.76221591
   23.05500000    4.75195899
   23.08000000    4.74900032
   23.10500000    4.75465019
   23.13000000    4.76650655
   23.15500000    4.78255369
   23.18000000    4.80234766
   23.20500000    4.82588276
   23.23000000    4.85379600
   23.25500000    4.88732385
   23.28000000    4.92343984
   23.30500000    4.95759684
   23.33000000    4.98621669
   23.35500000    5.00436562
   23.38000000    5.01048070
   23.40500000    5.01002034
   23.43000000    5.01112875
   23.45500000    5.01955655
   23.48000000    5.03704750
   23.50500000    5.05952577
   23.53000000    5.08105374
   23.55500000    5.09901472
   23.58000000    5.11409127
   23.60500000    5.12913410
   23.63000000    5.14631873
   23.65500000    5.16489955
   23.68000000    5.18242530
   23.70500000    5.19622398
   23.73000000    5.20436633
   23.75500000    5.20859302
   23.78000000    5.21207585
   23.80500000    5.21747089
   23.83000000    5.22837576
   23.85500000    5.24636491
   23.88000000    5.26754693
   23.90500000    5.28630590
   23.93000000    5.29917001
   23.95500000    5.30514651
   23.98000000    5.30579741
   24.00500000    5.30415153
   24.03000000    5.30278874
   24.05500000    5.30318795
   24.08000000    5.30626507
   24.10500000    5.31190544
   24.13000000    5.31977245
   24.15500000    5.33006499
   24.18000000    5.34267758
   24.20500000    5.35677696
   24.23000000    5.36989778
   24.25500000    5.37868657
   24.28000000    5.38086461
   24.30500000    5.37608588
   24.33000000    5.36610278
   24.35500000    5.35308855
   24.38000000    5.34093445
   24.40500000    5.33655122
   24.43000000    5.34357635
   24.45500000    5.35826266
   24.48000000    5.37504390
   24.50500000    5.39048202
   24.53000000    5.40312120
   24.55500000    5.41499647
   24.58000000    5.43097935
   24.60500000    5.45341160
   24.63000000    5.48089988
   24.65500000    5.51015636
   24.68000000    5.53876721
   24.70500000    5.56626523
   24.73000000    5.59007743
   24.75500000    5.60580203
   24.78000000    5.61338253
   24.80500000    5.61564847
   24.83000000    5.61426114
   24.85500000    5.61129629
   24.88000000    5.60783822
   24.90500000    5.60442038
   24.93000000    5.60524059
   24.95500000    5.61462964
   24.98000000    5.63299084
   25.00500000    5.65680260
   25.03000000    5.68067796
   25.05500000    5.70145164
   25.08000000    5.71872701
   25.10500000    5.73276625
   25.13000000    5.74607856
   25.15500000    5.76067823
   25.18000000    5.77381396
   25.20500000    5.78161678
   25.23000000    5.78233190
   25.25500000    5.77672982
   25.28000000    5.76662257
   25.30500000    5.75510193
   25.33000000    5.74637481
   25.35500000    5.74030860
   25.38000000    5.73461118
   25.40500000    5.73052169
   25.43000000    5.73043255
   25.45500000    5.73347209
   25.48000000    5.73758270
   25.50500000    5.74101317
   25.53000000    5.74523098
   25.55500000    5.75257260
   25.58000000    5.76273887
   25.60500000    5.77414091
   25.63000000    5.78471242
   25.65500000    5.79018799
   25.68000000    5.78839105
   25.70500000    5.78320924
   25.73000000    5.78082729
   25.75500000    5.78594861
   25.78000000    5.79891926
   25.80500000    5.81462781
   25.83000000    5.82640931
   25.85500000    5.83089080
   25.88000000    5.83059948
   25.90500000    5.83082388
   25.93000000    5.83650000
   25.95500000    5.84858661
   25.98000000    5.86297321
   26.00500000    5.87250906
   26.03000000    5.87427989
   26.05500000    5.87314582
   26.08000000    5.87519579
   26.10500000    5.88172987
   26.13000000    5.89221244
   26.15500000    5.90691211
   26.18000000    5.92545251
   26.20500000    5.94430139
   26.23000000    5.95810365
   26.25500000    5.96329504
   26.28000000    5.95902956
   26.30500000    5.94855706
   26.33000000    5.93819728
   26.35500000    5.93249720
   26.38000000    5.93370283
   26.40500000    5.94307268
   26.43000000    5.96070406
   26.45500000    5.98357485
   26.48000000    6.00846624
   26.50500000    6.03450375
   26.53000000    6.06035199
   26.55500000    6.08333466
   26.58000000    6.09885627
   26.60500000    6.10625067
   26.63000000    6.10976696
   26.65500000    6.11395736
   26.68000000    6.12096047
   26.70500000    6.13264042
   26.73000000    6.14787789
   26.75500000    6.16486702
   26.78000000    6.18494691
   26.80500000    6.20889118
   26.83000000    6.23344690
   26.85500000    6.25274655
   26.88000000    6.26370377
   26.90500000    6.27074098
   26.93000000    6.27813861
   26.95500000    6.28684602
   26.98000000    6.29506641
   27.00500000    6.29980863
   27.03000000    6.30272331
   27.05500000    6.30558798
   27.08000000    6.30910125
   27.10500000    6.31575848
   27.13000000    6.32865210
   27.15500000    6.34641031
   27.18000000    6.36682762
   27.20500000    6.39089193
   27.23000000    6.41960835
   27.25500000    6.45101752
   27.28000000    6.47840249
   27.30500000    6.49719631
   27.33000000    6.51034970
   27.35500000    6.52190810
   27.38000000    6.53349020
   27.40500000    6.54679829
   27.43000000    6.56111999
   27.45500000    6.57379366
   27.48000000    6.58448087
   27.50500000    6.59258467
   27.53000000    6.59614638
   27.55500000    6.59237141
   27.58000000    6.58230306
   27.60500000    6.57178380
   27.63000000    6.56524306
   27.65500000    6.56188075
   27.68000000    6.55982136
   27.70500000    6.55527691
   27.73000000    6.54586871
   27.75500000    6.53423652
   27.78000000    6.52447694
   27.80500000    6.52009219
   27.83000000    6.52270791
   27.85500000    6.53275934
   27.88000000    6.54890815
   27.90500000    6.56656272
   27.93000000    6.58056482
   27.95500000    6.59030803
   27.98000000    6.59822846
   28.00500000    6.60546686
   28.03000000    6.61320519
   28.05500000    6.62315180
   28.08000000    6.63540817
   28.10500000    6.64957983
   28.13000000    6.66477314
   28.15500000    6.67918761
   28.18000000    6.69259827
   28.20500000    6.70467033
   28.23000000    6.71445255
   28.25500000    6.72330458
   28.28000000    6.73520497
   28.30500000    6.75171407
   28.33000000    6.77213298
   28.35500000    6.79339038
   28.38000000    6.81179533
   28.40500000    6.82369618
   28.43000000    6.82797899
   28.45500000    6.82565189
   28.48000000    6.82038415
   28.50500000    6.81740217
   28.53000000    6.82230526
   28.55500000    6.83543256
   28.58000000    6.85238064
   28.60500000    6.86928006
   28.63000000    6.88352293
   28.65500000    6.89489860
   28.68000000    6.90497416
   28.70500000    6.91636135
   28.73000000    6.93059451
   28.75500000    6.94723449
   28.78000000    6.96704669
   28.80500000    6.98984975
   28.83000000    7.01323861
   28.85500000    7.03243243
   28.88000000    7.04411224
   28.90500000    7.04820314
   28.93000000    7.04737994
   28.95500000    7.04484718
   28.98000000    7.04459532
   29.00500000    7.05011866
   29.03000000    7.06246648
   29.05500000    7.07910449
   29.08000000    7.09806391
   29.10500000    7.11896276
   29.13000000    7.14005568
   29.15500000    7.16088272
   29.18000000    7.18181541
   29.20500000    7.20305858
   29.23000000    7.22184361
   29.25500000    7.23547403
   29.28000000    7.24501764
   29.30500000    7.25261757
   29.33000000    7.25878798
   29.35500000    7.26165551
   29.38000000    7.26033022
   29.40500000    7.25906879
   29.43000000    7.26214949
   29.45500000    7.26897027
   29.48000000    7.27809921
   29.50500000    7.28762667
   29.53000000    7.29621314
   29.55500000    7.30544563
   29.58000000    7.31647080
   29.60500000    7.32890646
   29.63000000    7.34153529
   29.65500000    7.35194902
   29.68000000    7.35617740
   29.70500000    7.35319806
   29.73000000    7.34576556
   29.75500000    7.33615093
   29.78000000    7.32925546
   29.80500000    7.33286757
   29.83000000    7.34789297
   29.85500000    7.36940941
   29.88000000    7.39358508
   29.90500000    7.41915572
   29.93000000    7.44372752
   29.95500000    7.46422319
   29.98000000    7.47675035
   30.00500000    7.47990197
   30.03000000    7.47471555
   30.05500000    7.46259131
   30.08000000    7.44819717
   30.10500000    7.43831834
   30.13000000    7.43400217
   30.15500000    7.43274273
   30.18000000    7.43360229
   30.20500000    7.43616948
   30.23000000    7.43690749
   30.25500000    7.43676746
   30.28000000    7.44041199
   30.30500000    7.45032381
   30.33000000    7.46338092
   30.35500000    7.47372069
   30.38000000    7.47611729
   30.40500000    7.46884192
   30.43000000    7.45525463
   30.45500000    7.44292257
   30.48000000    7.43925741
   30.50500000    7.44536285
   30.53000000    7.45517508
   30.55500000    7.46083751
   30.58000000    7.46040768
   30.60500000    7.45565955
   30.63000000    7.45029149
   30.65500000    7.44643914
   30.68000000    7.44372540
   30.70500000    7.44516056
   30.73000000    7.45342377
   30.75500000    7.46718931
   30.78000000    7.48582388
   30.80500000    7.51055384
   30.83000000    7.53979801
   30.85500000    7.56904315
   30.88000000    7.59419396
   30.90500000    7.61031543
   30.93000000    7.61816176
   30.95500000    7.62314983
   30.98000000    7.63047972
   31.00500000    7.64359997
   31.03000000    7.66153147
   31.05500000    7.67893451
   31.08000000    7.69193057
   31.10500000    7.69888222
   31.13000000    7.69866109
   31.15500000    7.69131748
   31.18000000    7.67861537
   31.20500000    7.66505534
   31.23000000    7.65645082
   31.25500000    7.65689481
   31.28000000    7.66786258
   31.30500000    7.68666872
   31.33000000    7.71153415
   31.35500000    7.74149268
   31.38000000    7.77723777
   31.40500000    7.81517189
   31.43000000    7.84764377
   31.45500000    7.86981214
   31.48000000    7.88129812
   31.50500000    7.88677629
   31.53000000    7.89549283
   31.55500000    7.91209519
   31.58000000    7.93291087
   31.60500000    7.95483183
   31.63000000    7.97770205
   31.65500000    8.00135676
   31.68000000    8.02542397
   31.70500000    8.04965625
   31.73000000    8.07293973
   31.75500000    8.09281670
   31.78000000    8.10710453
   31.80500000    8.11645706
   31.83000000    8.12142952
   31.85500000    8.12122915
   31.88000000    8.11713608
   31.90500000    8.11052013
   31.93000000    8.10276152
   31.95500000    8.09737829
   31.98000000    8.09770108
   32.00500000    8.10395038
   32.03000000    8.11034861
   32.05500000    8.11227560
   32.08000000    8.11211125
   32.10500000    8.11090305
   32.13000000    8.10803470
   32.15500000    8.10779090
   32.18000000    8.11436327
   32.20500000    8.12754090
   32.23000000    8.14341252
   32.25500000    8.15813516
   32.28000000    8.16772201
   32.30500000    8.16849828
   32.33000000    8.16006769
   32.35500000    8.14432819
   32.38000000    8.12746297
   32.40500000    8.11617326
   32.43000000    8.11465925
   32.45500000    8.12658010
   32.48000000    8.15177194
   32.50500000    8.18426277
   32.53000000    8.21491818
   32.55500000    8.23728175
   32.58000000    8.25136756
   32.60500000    8.26269250
   32.63000000    8.27462315
   32.65500000    8.28690786
   32.68000000    8.30311463
   32.70500000    8.32451723
   32.73000000    8.34973585
   32.75500000    8.37907580
   32.78000000    8.41153478
   32.80500000    8.44331979
   32.83000000    8.47080989
   32.85500000    8.49387095
   32.88000000    8.51369454
   32.90500000    8.52904822
   32.93000000    8.53895342
   32.95500000    8.54489495
   32.98000000    8.54919962
   33.00500000    8.55203480
   33.03000000    8.55218697
   33.05500000    8.55160491
   33.08000000    8.55660125
   33.10500000    8.57231479
   33.13000000    8.59573202
   33.15500000    8.61765842
   33.18000000    8.63251234
   33.20500000    8.63844840
   33.23000000    8.63461884
   33.25500000    8.62355974
   33.28000000    8.60910508
   33.30500000    8.59496373
   33.33000000    8.58606398
   33.35500000    8.58546682
   33.38000000    8.59133899
   33.40500000    8.59734818
   33.43000000    8.59366656
   33.45500000    8.57271297
   33.48000000    8.54080775
   33.50500000    8.50764653
   33.53000000    8.48196534
   33.55500000    8.46978551
   33.58000000    8.47086264
   33.60500000    8.48087928
   33.63000000    8.49829063
   33.65500000    8.52299698
   33.68000000    8.54872195
   33.70500000    8.57036237
   33.73000000    8.58837759
   33.75500000    8.60022768
   33.78000000    8.60144558
   33.80500000    8.59524530
   33.83000000    8.58538969
   33.85500000    8.57663480
   33.88000000    8.57398047
   33.90500000    8.57665076
   33.93000000    8.58135131
   33.95500000    8.58642990
   33.98000000    8.59277325
   34.00500000    8.60106161
   34.03000000    8.60818352
   34.05500000    8.60957181
   34.08000000    8.60424235
   34.10500000    8.59455956
   34.13000000    8.58264490
   34.15500000    8.57412454
   34.18000000    8.57138416
   34.20500000    8.57277785
   34.23000000    8.57628375
   34.25500000    8.58080926
   34.28000000    8.58282183
   34.30500000    8.57984495
   34.33000000    8.57540993
   34.35500000    8.57611730
   34.38000000    8.58637237
   34.40500000    8.60483769
   34.43000000    8.62496017
   34.45500000    8.64115150
   34.48000000    8.65378485
   34.50500000    8.66537977
   34.53000000    8.67797643
   34.55500000    8.69381993
   34.58000000    8.71175339
   34.60500000    8.72605319
   34.63000000    8.73424905
   34.65500000    8.74064164
   34.68000000    8.75016036
   34.70500000    8.76562530
   34.73000000    8.78651065
   34.75500000    8.80674993
   34.78000000    8.82081408
   34.80500000    8.82695328
   34.83000000    8.82546852
   34.85500000    8.81934860
   34.88000000    8.81394003
   34.90500000    8.81674353
   34.93000000    8.83322402
   34.95500000    8.85952980
   34.98000000    8.88676185
   35.00500000    8.91039275
   35.03000000    8.93000473
   35.05500000    8.94645787
   35.08000000    8.96132615
   35.10500000    8.97161336
   35.13000000    8.97916214
   35.15500000    8.98675914
   35.18000000    8.99285202
   35.20500000    8.99513069
   35.23000000    8.99290557
   35.25500000    8.98717240
   35.28000000    8.97941114
   35.30500000    8.97119133
   35.33000000    8.96604456
   35.35500000    8.96841342
   35.38000000    8.98227967
   35.40500000    9.00736647
   35.43000000    9.04020547
   35.45500000    9.07839138
   35.48000000    9.12000696
   35.50500000    9.16180731
   35.53000000    9.20081892
   35.55500000    9.23582073
   35.58000000    9.26455103
   35.60500000    9.28582274
   35.63000000    9.30115548
   35.65500000    9.31248782
   35.68000000    9.32255854
   35.70500000    9.33472139
   35.73000000    9.35076460
   35.75500000    9.36722883
   35.78000000    9.37666157
   35.80500000    9.36925638
   35.83000000    9.34577159
   35.85500000    9.31610604
   35.88000000    9.28645824
   35.90500000    9.26263124
   35.93000000    9.24438770
   35.95500000    9.23141457
   35.98000000    9.22751344
   36.00500000    9.23350360
   36.03000000    9.24520773
   36.05500000    9.26062123
   36.08000000    9.27879327
   36.10500000    9.29660324
   36.13000000    9.31096062
   36.15500000    9.32219501
   36.18000000    9.33142713
   36.20500000    9.33913244
   36.23000000    9.34617921
   36.25500000    9.35352337
   36.28000000    9.36007417
   36.30500000    9.36329165
   36.33000000    9.36201908
   36.35500000    9.35873684
   36.38000000    9.35466530
   36.40500000    9.34845830
   36.43000000    9.33975978
   36.45500000    9.33048340
   36.48000000    9.32485064
   36.50500000    9.32677987
   36.53000000    9.33590159
   36.55500000    9.34898934
   36.58000000    9.36201960
   36.60500000    9.37069423
   36.63000000    9.37230517
   36.65500000    9.37175877
   36.68000000    9.37557137
   36.70500000    9.38423335
   36.73000000    9.39669239
   36.75500000    9.41294320
   36.78000000    9.43243746
   36.80500000    9.45276296
   36.83000000    9.47124136
   36.85500000    9.48516733
   36.88000000    9.49318605
   36.90500000    9.49722380
   36.93000000    9.50121541
   36.95500000    9.50828632
   36.98000000    9.52033982
   37.00500000    9.53826969
   37.03000000    9.55753859
   37.05500000    9.57033779
   37.08000000    9.57596132
   37.10500000    9.57622401
   37.13000000    9.57141832
   37.15500000    9.56163111
   37.18000000    9.55055482
   37.20500000    9.54326933
   37.23000000    9.53832575
   37.25500000    9.53515853
   37.28000000    9.53648297
   37.30500000    9.54468107
   37.33000000    9.56131075
   37.35500000    9.58401495
   37.38000000    9.60753089
   37.40500000    9.62834437
   37.43000000    9.64476921
   37.45500000    9.65628754
   37.48000000    9.66222279
   37.50500000    9.66330757
   37.53000000    9.66399483
   37.55500000    9.66872262
   37.58000000    9.67855754
   37.60500000    9.69155835
   37.63000000    9.70402241
   37.65500000    9.71319248
   37.68000000    9.71942432
   37.70500000    9.72616244
   37.73000000    9.73477840
   37.75500000    9.74473773
   37.78000000    9.75580048
   37.80500000    9.76906679
   37.83000000    9.78615666
   37.85500000    9.80437097
   37.88000000    9.81970411
   37.90500000    9.83218806
   37.93000000    9.84478236
   37.95500000    9.85576376
   37.98000000    9.86278487
   38.00500000    9.86704382
   38.03000000    9.86828672
   38.05500000    9.86535977
   38.08000000    9.86039041
   38.10500000    9.85473651
   38.13000000    9.84845149
   38.15500000    9.84094700
   38.18000000    9.83555922
   38.20500000    9.83653551
   38.23000000    9.84534731
   38.25500000    9.85819053
   38.28000000    9.86853276
   38.30500000    9.87388990
   38.33000000    9.87558206
   38.35500000    9.87612390
   38.38000000    9.87838931
   38.40500000    9.88595606
   38.43000000    9.90246268
   38.45500000    9.92492037
   38.48000000    9.94219978
   38.50500000    9.94727590
   38.53000000    9.94349565
   38.55500000    9.93866382
   38.58000000    9.93571850
   38.60500000    9.93297314
   38.63000000    9.92715568
   38.65500000    9.91909363
   38.68000000    9.91256103
   38.70500000    9.91126483
   38.73000000    9.91863038
   38.75500000    9.93470814
   38.78000000    9.95814732
   38.80500000    9.98506474
   38.83000000   10.01155729
   38.85500000   10.03751368
   38.88000000   10.06049259
   38.90500000   10.07423341
   38.93000000   10.07813371
   38.95500000   10.08004265
   38.98000000   10.08553987
   39.00500000   10.08853876
   39.03000000   10.08363459
   39.05500000   10.07299825
   39.08000000   10.05812502
   39.10500000   10.04087557
   39.13000000   10.02408937
   39.15500000   10.00841933
   39.18000000    9.99322656
   39.20500000    9.98097766
   39.23000000    9.97353427
   39.25500000    9.96845387
   39.28000000    9.96353362
   39.30500000    9.96067174
   39.33000000    9.96396240
   39.35500000    9.97241586
   39.38000000    9.97950415
   39.40500000    9.98093062
   39.43000000    9.98078220
   39.45500000    9.98407754
   39.48000000    9.99125627
   39.50500000    9.99947990
   39.53000000   10.00475758
   39.55500000   10.00735566
   39.58000000   10.01145972
   39.60500000   10.02158127
   39.63000000   10.04091970
   39.65500000   10.07097144
   39.68000000   10.10769447
   39.70500000   10.14496457
   39.73000000   10.18167677
   39.75500000   10.21876829
   39.78000000   10.25529901
   39.80500000   10.29294953
   39.83000000   10.33218372
   39.85500000   10.37036259
   39.88000000   10.40328905
   39.90500000   10.42900129
   39.93000000   10.44868581
   39.95500000   10.46379727
   39.98000000   10.47619685
   40.00500000   10.48770723
   40.03000000   10.50015002
   40.05500000   10.51293571
   40.08000000   10.52191763
   40.10500000   10.52419765
   40.13000000   10.52132585
   40.15500000   10.51686890
   40.18000000   10.51408002
   40.20500000   10.51384002
   40.23000000   10.51233524
   40.25500000   10.50529138
   40.28000000   10.49510517
   40.30500000   10.48570197
   40.33000000   10.47611653
   40.35500000   10.46253632
   40.38000000   10.44440175
   40.40500000   10.42574679
   40.43000000   10.41276478
   40.45500000   10.40985165
   40.48000000   10.41711013
   40.50500000   10.42960117
   40.53000000   10.44347973
   40.55500000   10.45321191
   40.58000000   10.45563776
   40.60500000   10.45304344
   40.63000000   10.44843782
   40.65500000   10.44079994
   40.68000000   10.42766419
   40.70500000   10.41125623
   40.73000000   10.39601883
   40.75500000   10.38716792
   40.78000000   10.38691851
   40.80500000   10.39102977
   40.83000000   10.39570091
   40.85500000   10.39902882
   40.88000000   10.40023037
   40.90500000   10.40037267
   40.93000000   10.40193862
   40.95500000   10.40617794
   40.98000000   10.40969594
   41.00500000   10.41092147
   41.03000000   10.41256523
   41.05500000   10.41297796
   41.08000000   10.40965807
   41.10500000   10.40203038
   41.13000000   10.38733696
   41.15500000   10.36571110
   41.18000000   10.34310589
   41.20500000   10.32610257
   41.23000000   10.31494902
   41.25500000   10.30529704
   41.28000000   10.29490956
   41.30500000   10.28284435
   41.33000000   10.26927492
   41.35500000   10.25941018
   41.38000000   10.25806861
   41.40500000   10.26591490
   41.43000000   10.28000533
   41.45500000   10.29598385
   41.48000000   10.30982743
   41.50500000   10.31847407
   41.53000000   10.31968796
   41.55500000   10.31608329
   41.58000000   10.31174623
   41.60500000   10.30893418
   41.63000000   10.30776863
   41.65500000   10.30607200
   41.68000000   10.30401898
   41.70500000   10.30619541
   41.73000000   10.31385523
   41.75500000   10.32517884
   41.78000000   10.33737365
   41.80500000   10.34792870
   41.83000000   10.35846350
   41.85500000   10.37097434
   41.88000000   10.38384031
   41.90500000   10.39552708
   41.93000000   10.40740578
   41.95500000   10.42301680
   41.98000000   10.44467762
   42.00500000   10.46888322
   42.03000000   10.49202882
   42.05500000   10.51645557
   42.08000000   10.54232666
   42.10500000   10.56255146
   42.13000000   10.57188192
   42.15500000   10.57336567
   42.18000000   10.57200875
   42.20500000   10.57230867
   42.23000000   10.57669120
   42.25500000   10.58682828
   42.28000000   10.60209610
   42.30500000   10.61894167
   42.33000000   10.63681688
   42.35500000   10.65949612
   42.38000000   10.68888736
   42.40500000   10.72105832
   42.43000000   10.75078140
   42.45500000   10.77882694
   42.48000000   10.80710287
   42.50500000   10.83048399
   42.53000000   10.84376096
   42.55500000   10.84664406
   42.58000000   10.84225042
   42.60500000   10.83649769
   42.63000000   10.83321462
   42.65500000   10.83375165
   42.68000000   10.83760126
   42.70500000   10.83762870
   42.73000000   10.83530544
   42.75500000   10.83610811
   42.78000000   10.84122980
   42.80500000   10.85636905
   42.83000000   10.88471635
   42.85500000   10.92015074
   42.88000000   10.95420748
   42.90500000   10.98104156
   42.93000000   10.99722201
   42.95500000   11.00236576
   42.98000000   10.99423058
   43.00500000   10.97258296
   43.03000000   10.94408954
   43.05500000   10.91722877
   43.08000000   10.89831581
   43.10500000   10.89404182
   43.13000000   10.90570146
   43.15500000   10.92582596
   43.18000000   10.94516329
   43.20500000   10.95733097
   43.23000000   10.96518235
   43.25500000   10.98007107
   43.28000000   11.00722343
   43.30500000   11.04258210
   43.33000000   11.07459282
   43.35500000   11.09270615
   43.38000000   11.09828265
   43.40500000   11.09872744
   43.43000000   11.09793061
   43.45500000   11.09561757
   43.48000000   11.08871571
   43.50500000   11.07655993
   43.53000000   11.06235056
   43.55500000   11.04881457
   43.58000000   11.03895671
   43.60500000   11.03525160
   43.63000000   11.04074183
   43.65500000   11.05810865
   43.68000000   11.08427144
   43.70500000   11.11223194
   43.73000000   11.13682694
   43.75500000   11.15526655
   43.78000000   11.16699432
   43.80500000   11.17418405
   43.83000000   11.18175833
   43.85500000   11.19494463
   43.88000000   11.21743418
   43.90500000   11.24869944
   43.93000000   11.28440382
   43.95500000   11.31796079
   43.98000000   11.34437829
   44.00500000   11.36335936
   44.03000000   11.37762816
   44.05500000   11.39110107
   44.08000000   11.40350445
   44.10500000   11.41411678
   44.13000000   11.42056067
   44.15500000   11.41989007
   44.18000000   11.41292584
   44.20500000   11.40258502
   44.23000000   11.39068614
   44.25500000   11.38033581
   44.28000000   11.37619013
   44.30500000   11.37859692
   44.33000000   11.38518690
   44.35500000   11.39412975
   44.38000000   11.40444285
   44.40500000   11.41900876
   44.43000000   11.44130933
   44.45500000   11.47039648
   44.48000000   11.50124811
   44.50500000   11.53159107
   44.53000000   11.56120294
   44.55500000   11.58557881
   44.58000000   11.60456221
   44.60500000   11.62215803
   44.63000000   11.63799830
   44.65500000   11.64729981
   44.68000000   11.64933228
   44.70500000   11.64817479
   44.73000000   11.64992865
   44.75500000   11.65746945
   44.78000000   11.67173062
   44.80500000   11.69270675
   44.83000000   11.71563840
   44.85500000   11.73447893
   44.88000000   11.74806126
   44.90500000   11.76017252
   44.93000000   11.77591552
   44.95500000   11.79435117
   44.98000000   11.80940322
   45.00500000   11.81525953
   45.03000000   11.81353248
   45.05500000   11.80954958
   45.08000000   11.80647641
   45.10500000   11.80629918
   45.13000000   11.81382598
   45.15500000   11.83114665
   45.18000000   11.85207533
   45.20500000   11.86914338
   45.23000000   11.87693594
   45.25500000   11.87403188
   45.28000000   11.86851093
   45.30500000   11.86934466
   45.33000000   11.87685952
   45.35500000   11.88693812
   45.38000000   11.89540532
   45.40500000   11.89841450
   45.43000000   11.89534758
   45.45500000   11.88846745
   45.48000000   11.87889899
   45.50500000   11.86833597
   45.53000000   11.86040430
   45.55500000   11.85978861
   45.58000000   11.86965795
   45.60500000   11.88116421
   45.63000000   11.89047463
   45.65500000   11.90200984
   45.68000000   11.91755419
   45.70500000   11.93277872
   45.73000000   11.94437268
   45.75500000   11.95134561
   45.78000000   11.95529987
   45.80500000   11.96178936
   45.83000000   11.97293282
   45.85500000   11.98258636
   45.88000000   11.98579369
   45.90500000   11.98426476
   45.93000000   11.98061236
   45.95500000   11.97794708
   45.98000000   11.97965766
   46.00500000   11.98351575
   46.03000000   11.98491709
   46.05500000   11.98299626
   46.08000000   11.98268953
   46.10500000   11.99020420
   46.13000000   12.00446177
   46.15500000   12.01926946
   46.18000000   12.03052464
   46.20500000   12.04064133
   46.23000000   12.05658999
   46.25500000   12.07916494
   46.28000000   12.10459597
   46.30500000   12.12827320
   46.33000000   12.14652804
   46.35500000   12.15741034
   46.38000000   12.16134731
   46.40500000   12.16266166
   46.43000000   12.16362668
   46.45500000   12.16451040
   46.48000000   12.16713896
   46.50500000   12.16996397
   46.53000000   12.17296179
   46.55500000   12.17977684
   46.58000000   12.18998546
   46.60500000   12.20200964
   46.63000000   12.21250449
   46.65500000   12.22023658
   46.68000000   12.22761227
   46.70500000   12.23632594
   46.73000000   12.24349955
   46.75500000   12.24401639
   46.78000000   12.23708826
   46.80500000   12.22862856
   46.83000000   12.22380046
   46.85500000   12.22392839
   46.88000000   12.22870822
   46.90500000   12.23687339
   46.93000000   12.24506450
   46.95500000   12.25028180
   46.98000000   12.24951043
   47.00500000   12.24119318
   47.03000000   12.22420891
   47.05500000   12.20146874
   47.08000000   12.18362386
   47.10500000   12.17783038
   47.13000000   12.18075568
   47.15500000   12.18437768
   47.18000000   12.18546670
   47.20500000   12.18506446
   47.23000000   12.18246206
   47.25500000   12.17743534
   47.28000000   12.17237906
   47.30500000   12.16681417
   47.33000000   12.15661909
   47.35500000   12.13962332
   47.38000000   12.12105445
   47.40500000   12.10817873
   47.43000000   12.10354731
   47.45500000   12.10701904
   47.48000000   12.11719103
   47.50500000   12.12937427
   47.53000000   12.13817618
   47.55500000   12.14055387
   47.58000000   12.13888088
   47.60500000   12.14003062
   47.63000000   12.14566520
   47.65500000   12.15194377
   47.68000000   12.15536329
   47.70500000   12.15677241
   47.73000000   12.15776366
   47.75500000   12.15966777
   47.78000000   12.16403717
   47.80500000   12.17149748
   47.83000000   12.18287897
   47.85500000   12.19715153
   47.88000000   12.21055894
   47.90500000   12.22225839
   47.93000000   12.23224602
   47.95500000   12.23859864
   47.98000000   12.23931380
   48.00500000   12.23584448
   48.03000000   12.23040325
   48.05500000   12.22150299
   48.08000000   12.20547608
   48.10500000   12.17939207
   48.13000000   12.14513957
   48.15500000   12.10563455
   48.18000000   12.06310415
   48.20500000   12.02242941
   48.23000000   11.98933184
   48.25500000   11.96541125
   48.28000000   11.95119671
   48.30500000   11.94842953
   48.33000000   11.95638301
   48.35500000   11.96954769
   48.38000000   11.98058829
   48.40500000   11.98799612
   48.43000000   11.99462429
   48.45500000   12.00256228
   48.48000000   12.01294978
   48.50500000   12.02518689
   48.53000000   12.03187861
   48.55500000   12.02878614
   48.58000000   12.01872627
   48.60500000   12.00639060
   48.63000000   11.99792058
   48.65500000   11.99774407
   48.68000000   12.00722407
   48.70500000   12.02373827
   48.73000000   12.04517455
   48.75500000   12.07163548
   48.78000000   12.10349458
   48.80500000   12.13752504
   48.83000000   12.16890387
   48.85500000   12.19480633
   48.88000000   12.21420247
   48.90500000   12.22517510
   48.93000000   12.22833004
   48.95500000   12.22588714
   48.98000000   12.22068449
   49.00500000   12.21358821
   49.03000000   12.20465248
   49.05500000   12.19494844
   49.08000000   12.18612883
   49.10500000   12.18046955
   49.13000000   12.17757222
   49.15500000   12.17705977
   49.18000000   12.17842546
   49.20500000   12.17879305
   49.23000000   12.17770270
   49.25500000   12.18215571
   49.28000000   12.19813313
   49.30500000   12.22414461
   49.33000000   12.25495717
   49.35500000   12.28563471
   49.38000000   12.30968911
   49.40500000   12.31981279
   49.43000000   12.31482758
   49.45500000   12.29835769
   49.48000000   12.27374315
   49.50500000   12.24350467
   49.53000000   12.21325511
   49.55500000   12.19315010
   49.58000000   12.18804134
   49.60500000   12.19370759
   49.63000000   12.20399138
   49.65500000   12.21606016
   49.68000000   12.23200855
   49.70500000   12.25425687
   49.73000000   12.28291930
   49.75500000   12.31443324
   49.78000000   12.34608200
   49.80500000   12.37837842
   49.83000000   12.41109734
   49.85500000   12.44390679
   49.88000000   12.47339980
   49.90500000   12.49479137
   49.93000000   12.50782460
   49.95500000   12.51497429
   49.98000000   12.51874332
