    0.00500000    0.00006675
    0.03000000    0.00231197
    0.05500000    0.00703430
    0.08000000    0.01296497
    0.10500000    0.01918517
    0.13000000    0.02539175
    0.15500000    0.03153886
    0.18000000    0.03754188
    0.20500000    0.04344343
    0.23000000    0.04927728
    0.25500000    0.05498235
    0.28000000    0.06068322
    0.30500000    0.06636754
    0.33000000    0.07201185
    0.35500000    0.07806661
    0.38000000    0.08502459
    0.40500000    0.09271405
    0.43000000    0.10022816
    0.45500000    0.10700882
    0.48000000    0.11347449
    0.50500000    0.11994944
    0.53000000    0.12651017
    0.55500000    0.13324650
    0.58000000    0.14022408
    0.60500000    0.14751838
    0.63000000    0.15450746
    0.65500000    0.16096263
    0.68000000    0.16740571
    0.70500000    0.17461112
    0.73000000    0.18273127
    0.75500000    0.19105027
    0.78000000    0.19869962
    0.80500000    0.20544207
    0.83000000    0.21167611
    0.85500000    0.21808501
    0.88000000    0.22460573
    0.90500000    0.23050582
    0.93000000    0.23539414
    0.95500000    0.23912991
    0.98000000    0.24234983
    1.00500000    0.24662243
    1.03000000    0.25229345
    1.05500000    0.25845718
    1.08000000    0.26416851
    1.10500000    0.26984870
    1.13000000    0.27583727
    1.15500000    0.28154910
    1.18000000    0.28635524
    1.20500000    0.28998184
    1.23000000    0.29346062
    1.25500000    0.29717059
    1.28000000    0.30081555
    1.30500000    0.30436861
    1.33000000    0.30805308
    1.35500000    0.31251570
    1.38000000    0.31807377
    1.40500000    0.32418124
    1.43000000    0.32961707
    1.45500000    0.33320165
    1.48000000    0.33595513
    1.50500000    0.33912107
    1.53000000    0.34299326
    1.55500000    0.34792188
    1.58000000    0.35433104
    1.60500000    0.36216526
    1.63000000    0.37096922
    1.65500000    0.37975256
    1.68000000    0.38746866
    1.70500000    0.39365875
    1.73000000    0.39868045
    1.75500000    0.40322455
    1.78000000    0.40725744
    1.80500000    0.41025617
    1.83000000    0.41289930
    1.85500000    0.41606651
    1.88000000    0.42023504
    1.90500000    0.42547101
    1.93000000    0.43173048
    1.95500000    0.43813414
    1.98000000    0.44369507
    2.00500000    0.44853441
    2.03000000    0.45351240
    2.05500000    0.46005701
    2.08000000    0.46932209
    2.10500000    0.48087101
    2.13000000    0.49338988
    2.15500000    0.50648773
    2.18000000    0.51977300
    2.20500000    0.53229427
    2.23000000    0.54324139
    2.25500000    0.55316752
    2.28000000    0.56326298
    2.30500000    0.57333951
    2.33000000    0.58248719
    2.35500000    0.59043743
    2.38000000    0.59723276
    2.40500000    0.60316130
    2.43000000    0.60831892
    2.45500000    0.61198183
    2.48000000    0.61426727
    2.50500000    0.61705035
    2.53000000    0.62123955
    2.55500000    0.62673972
    2.58000000    0.63315410
    2.60500000    0.63942188
    2.63000000    0.64468124
    2.65500000    0.64854672
    2.68000000    0.65040739
    2.70500000    0.65121608
    2.73000000    0.65224073
    2.75500000    0.65401280
    2.78000000    0.65663598
    2.80500000    0.66020678
    2.83000000    0.66414033
    2.85500000    0.66794326
    2.88000000    0.67174677
    2.90500000    0.67584051
    2.93000000    0.68068660
    2.95500000    0.68570079
    2.98000000    0.68977218
    3.00500000    0.69278054
    3.03000000    0.69502723
    3.05500000    0.69740058
    3.08000000    0.70065771
    3.10500000    0.70420301
    3.13000000    0.70739385
    3.15500000    0.71081824
    3.18000000    0.71492593
    3.20500000    0.71940271
    3.23000000    0.72287758
    3.25500000    0.72472172
    3.28000000    0.72610786
    3.30500000    0.72776588
    3.33000000    0.72841832
    3.35500000    0.72810882
    3.38000000    0.72850365
    3.40500000    0.73051576
    3.43000000    0.73430459
    3.45500000    0.74003679
    3.48000000    0.74754705
    3.50500000    0.75608269
    3.53000000    0.76464991
    3.55500000    0.77304793
    3.58000000    0.78105237
    3.60500000    0.78844963
    3.63000000    0.79574873
    3.65500000    0.80400284
    3.68000000    0.81383892
    3.70500000    0.82469750
    3.73000000    0.83560135
    3.75500000    0.84440503
    3.78000000    0.84860811
    3.80500000    0.84847368
    3.83000000    0.84526239
    3.85500000    0.84068056
    3.88000000    0.83689845
    3.90500000    0.83548958
    3.93000000    0.83740591
    3.95500000    0.84235558
    3.98000000    0.84850202
    4.00500000    0.85415205
    4.03000000    0.85848098
    4.05500000    0.86194853
    4.08000000    0.86586044
    4.10500000    0.87103851
    4.13000000    0.87695578
    4.15500000    0.88245696
    4.18000000    0.88709991
    4.20500000    0.89077184
    4.23000000    0.89336177
    4.25500000    0.89502190
    4.28000000    0.89656216
    4.30500000    0.89888795
    4.33000000    0.90259308
    4.35500000    0.90730170
    4.38000000    0.91217181
    4.40500000    0.91700051
    4.43000000    0.92273080
    4.45500000    0.92977162
    4.48000000    0.93787320
    4.50500000    0.94570055
    4.53000000    0.95118727
    4.55500000    0.95356229
    4.58000000    0.95470696
    4.60500000    0.95708966
    4.63000000    0.96267516
    4.65500000    0.97181522
    4.68000000    0.98399383
    4.70500000    0.99864579
    4.73000000    1.01453252
    4.75500000    1.02947110
    4.78000000    1.04216714
    4.80500000    1.05288674
    4.83000000    1.06161648
    4.85500000    1.06817953
    4.88000000    1.07411828
    4.90500000    1.08052183
    4.93000000    1.08682609
    4.95500000    1.09310011
    4.98000000    1.09875922
    5.00500000    1.10199085
    5.03000000    1.10262047
    5.05500000    1.10414410
    5.08000000    1.11060151
    5.10500000    1.12273343
    5.13000000    1.13858268
    5.15500000    1.15528124
    5.18000000    1.17008386
    5.20500000    1.18179456
    5.23000000    1.19151345
    5.25500000    1.20097942
    5.28000000    1.21149253
    5.30500000    1.22257606
    5.33000000    1.23248952
    5.35500000    1.24018478
    5.38000000    1.24616948
    5.40500000    1.25108655
    5.43000000    1.25563462
    5.45500000    1.26118898
    5.48000000    1.26931743
    5.50500000    1.28011831
    5.53000000    1.29246977
    5.55500000    1.30539038
    5.58000000    1.31751660
    5.60500000    1.32769953
    5.63000000    1.33618165
    5.65500000    1.34425088
    5.68000000    1.35273863
    5.70500000    1.36243856
    5.73000000    1.37409407
    5.75500000    1.38652727
    5.78000000    1.39760507
    5.80500000    1.40591196
    5.83000000    1.41172576
    5.85500000    1.41686048
    5.88000000    1.42195611
    5.90500000    1.42716674
    5.93000000    1.43332296
    5.95500000    1.44117174
    5.98000000    1.45131962
    6.00500000    1.46256685
    6.03000000    1.47226709
    6.05500000    1.47976617
    6.08000000    1.48711283
    6.10500000    1.49565114
    6.13000000    1.50534779
    6.15500000    1.51587431
    6.18000000    1.52604349
    6.20500000    1.53455855
    6.23000000    1.53998607
    6.25500000    1.54241574
    6.28000000    1.54309178
    6.30500000    1.54422847
    6.33000000    1.54799425
    6.35500000    1.55350070
    6.38000000    1.55840069
    6.40500000    1.56055138
    6.43000000    1.55956461
    6.45500000    1.55798774
    6.48000000    1.55791847
    6.50500000    1.55982944
    6.53000000    1.56391036
    6.55500000    1.56809043
    6.58000000    1.57176076
    6.60500000    1.57570639
    6.63000000    1.57924186
    6.65500000    1.58224069
    6.68000000    1.58592675
    6.70500000    1.59062511
    6.73000000    1.59554738
    6.75500000    1.60077474
    6.78000000    1.60759149
    6.80500000    1.61557647
    6.83000000    1.62230976
    6.85500000    1.62723564
    6.88000000    1.63138528
    6.90500000    1.63476030
    6.93000000    1.63757164
    6.95500000    1.64094146
    6.98000000    1.64586923
    7.00500000    1.65031080
    7.03000000    1.65091578
    7.05500000    1.64770554
    7.08000000    1.64279255
    7.10500000    1.63793629
    7.13000000    1.63510170
    7.15500000    1.63634574
    7.18000000    1.64272862
    7.20500000    1.65328098
    7.23000000    1.66477158
    7.25500000    1.67374647
    7.28000000    1.67868000
    7.30500000    1.68000039
    7.33000000    1.67858899
    7.35500000    1.67658391
    7.38000000    1.67678850
    7.40500000    1.68116885
    7.43000000    1.68945271
    7.45500000    1.70061123
    7.48000000    1.71333101
    7.50500000    1.72577970
    7.53000000    1.73609429
    7.55500000    1.74462405
    7.58000000    1.75283187
    7.60500000    1.76165586
    7.63000000    1.77149129
    7.65500000    1.78156605
    7.68000000    1.79147613
    7.70500000    1.80027084
    7.73000000    1.80683194
    7.75500000    1.81078392
    7.78000000    1.81322228
    7.80500000    1.81603060
    7.83000000    1.81976872
    7.85500000    1.82396960
    7.88000000    1.82804308
    7.90500000    1.83127764
    7.93000000    1.83376210
    7.95500000    1.83629003
    7.98000000    1.83956634
    8.00500000    1.84457427
    8.03000000    1.85224837
    8.05500000    1.86118416
    8.08000000    1.86980800
    8.10500000    1.87913516
    8.13000000    1.89196251
    8.15500000    1.90852299
    8.18000000    1.92373343
    8.20500000    1.93140421
    8.23000000    1.92926873
    8.25500000    1.92095119
    8.28000000    1.91213289
    8.30500000    1.90610976
    8.33000000    1.90278530
    8.35500000    1.90082763
    8.38000000    1.89951614
    8.40500000    1.89926389
    8.43000000    1.90137622
    8.45500000    1.90561081
    8.48000000    1.91009237
    8.50500000    1.91248788
    8.53000000    1.91212087
    8.55500000    1.91102886
    8.58000000    1.91125636
    8.60500000    1.91322514
    8.63000000    1.91589677
    8.65500000    1.91842491
    8.68000000    1.92122229
    8.70500000    1.92414619
    8.73000000    1.92597471
    8.75500000    1.92683886
    8.78000000    1.92773115
    8.80500000    1.92985977
    8.83000000    1.93513546
    8.85500000    1.94410488
    8.88000000    1.95533026
    8.90500000    1.96677468
    8.93000000    1.97695969
    8.95500000    1.98601335
    8.98000000    1.99425221
    9.00500000    2.00160316
    9.03000000    2.00806251
    9.05500000    2.01463159
    9.08000000    2.02166248
    9.10500000    2.02696524
    9.13000000    2.02841042
    9.15500000    2.02677246
    9.18000000    2.02486821
    9.20500000    2.02436656
    9.23000000    2.02493574
    9.25500000    2.02619977
    9.28000000    2.02808007
    9.30500000    2.03075880
    9.33000000    2.03468062
    9.35500000    2.03965989
    9.38000000    2.04488156
    9.40500000    2.05075601
    9.43000000    2.05596294
    9.45500000    2.05807689
    9.48000000    2.05685088
    9.50500000    2.05473844
    9.53000000    2.05500226
    9.55500000    2.05788929
    9.58000000    2.06128525
    9.60500000    2.06322283
    9.63000000    2.06400648
    9.65500000    2.06504309
    9.68000000    2.06772165
    9.70500000    2.07282709
    9.73000000    2.07936904
    9.75500000    2.08578249
    9.78000000    2.09192937
    9.80500000    2.09923513
    9.83000000    2.10906168
    9.85500000    2.12128471
    9.88000000    2.13422839
    9.90500000    2.14608225
    9.93000000    2.15695983
    9.95500000    2.16628105
    9.98000000    2.17085060
   10.00500000    2.16936350
   10.03000000    2.16379053
   10.05500000    2.15778394
   10.08000000    2.15366505
   10.10500000    2.15183787
   10.13000000    2.15214437
   10.15500000    2.15364289
   10.18000000    2.15617340
   10.20500000    2.16046000
   10.23000000    2.16755141
   10.25500000    2.17907946
   10.28000000    2.19510242
   10.30500000    2.21466455
   10.33000000    2.23735326
   10.35500000    2.26161060
   10.38000000    2.28400044
   10.40500000    2.30283068
   10.43000000    2.31783977
   10.45500000    2.32935475
   10.48000000    2.33747365
   10.50500000    2.34361275
   10.53000000    2.34831023
   10.55500000    2.35217645
   10.58000000    2.35615118
   10.60500000    2.36031593
   10.63000000    2.36482167
   10.65500000    2.37096355
   10.68000000    2.38030877
   10.70500000    2.39119129
   10.73000000    2.40072026
   10.75500000    2.40880519
   10.78000000    2.41633186
   10.80500000    2.42294076
   10.83000000    2.42862683
   10.85500000    2.43331911
   10.88000000    2.43623292
   10.90500000    2.43912368
   10.93000000    2.44252287
   10.95500000    2.44386912
   10.98000000    2.44187162
   11.00500000    2.43813013
   11.03000000    2.43544795
   11.05500000    2.43421576
   11.08000000    2.43451650
   11.10500000    2.43674220
   11.13000000    2.43947818
   11.15500000    2.44224753
   11.18000000    2.44565417
   11.20500000    2.44940149
   11.23000000    2.45325639
   11.25500000    2.45795724
   11.28000000    2.46297446
   11.30500000    2.46638018
   11.33000000    2.46772718
   11.35500000    2.46897639
   11.38000000    2.47078443
   11.40500000    2.47143017
   11.43000000    2.47095443
   11.45500000    2.47170993
   11.48000000    2.47470787
   11.50500000    2.47997507
   11.53000000    2.48647151
   11.55500000    2.49246021
   11.58000000    2.49751982
   11.60500000    2.50038154
   11.63000000    2.49991949
   11.65500000    2.49726997
   11.68000000    2.49565608
   11.70500000    2.49801934
   11.73000000    2.50497980
   11.75500000    2.51528394
   11.78000000    2.52776172
   11.80500000    2.54158198
   11.83000000    2.55750254
   11.85500000    2.57692296
   11.88000000    2.59823932
   11.90500000    2.61777362
   11.93000000    2.63498602
   11.95500000    2.65084335
   11.98000000    2.66517443
   12.00500000    2.67737076
   12.03000000    2.68605751
   12.05500000    2.69157327
   12.08000000    2.69697639
   12.10500000    2.70616869
   12.13000000    2.72019812
   12.15500000    2.73584608
   12.18000000    2.74884599
   12.20500000    2.75609771
   12.23000000    2.75646950
   12.25500000    2.75163560
   12.28000000    2.74404425
   12.30500000    2.73482483
   12.33000000    2.72569982
   12.35500000    2.72046230
   12.38000000    2.72401311
   12.40500000    2.73748427
   12.43000000    2.75664700
   12.45500000    2.77355183
   12.48000000    2.78369946
   12.50500000    2.78811492
   12.53000000    2.78891861
   12.55500000    2.78801402
   12.58000000    2.78591743
   12.60500000    2.78278731
   12.63000000    2.77832409
   12.65500000    2.77054077
   12.68000000    2.75841422
   12.70500000    2.74304194
   12.73000000    2.72609758
   12.75500000    2.70928842
   12.78000000    2.69560555
   12.80500000    2.68829921
   12.83000000    2.68969856
   12.85500000    2.69916414
   12.88000000    2.71309790
   12.90500000    2.72942580
   12.93000000    2.74660055
   12.95500000    2.76165851
   12.98000000    2.77076098
   13.00500000    2.77309695
   13.03000000    2.77151945
   13.05500000    2.77008879
   13.08000000    2.77199084
   13.10500000    2.77889209
   13.13000000    2.79130761
   13.15500000    2.80665724
   13.18000000    2.82095366
   13.20500000    2.83345520
   13.23000000    2.84601071
   13.25500000    2.85893079
   13.28000000    2.87102109
   13.30500000    2.88118196
   13.33000000    2.89090160
   13.35500000    2.90341392
   13.38000000    2.92043891
   13.40500000    2.93984815
   13.43000000    2.95900638
   13.45500000    2.97524964
   13.48000000    2.98896576
   13.50500000    3.00198902
   13.53000000    3.01230785
   13.55500000    3.01812008
   13.58000000    3.02085066
   13.60500000    3.02261109
   13.63000000    3.02392204
   13.65500000    3.02438937
   13.68000000    3.02450361
   13.70500000    3.02523915
   13.73000000    3.02777559
   13.75500000    3.03411518
   13.78000000    3.04559093
   13.80500000    3.05961672
   13.83000000    3.07213888
   13.85500000    3.08009413
   13.88000000    3.08413912
   13.90500000    3.08770999
   13.93000000    3.09344244
   13.95500000    3.10093468
   13.98000000    3.10811510
   14.00500000    3.11182627
   14.03000000    3.10977259
   14.05500000    3.10266779
   14.08000000    3.09159509
   14.10500000    3.07721669
   14.13000000    3.06203369
   14.15500000    3.04978055
   14.18000000    3.04215103
   14.20500000    3.03909928
   14.23000000    3.04128788
   14.25500000    3.05002349
   14.28000000    3.06476060
   14.30500000    3.08152277
   14.33000000    3.09466293
   14.35500000    3.10187362
   14.38000000    3.10479415
   14.40500000    3.10580348
   14.43000000    3.10672844
   14.45500000    3.10747732
   14.48000000    3.10723885
   14.50500000    3.10725460
   14.53000000    3.10857570
   14.55500000    3.11069639
   14.58000000    3.11267187
   14.60500000    3.11429815
   14.63000000    3.11746392
   14.65500000    3.12475030
   14.68000000    3.13551290
   14.70500000    3.14867066
   14.73000000    3.16288385
   14.75500000    3.17818391
   14.78000000    3.19559441
   14.80500000    3.21622415
   14.83000000    3.23741726
   14.85500000    3.25540161
   14.88000000    3.26755151
   14.90500000    3.27331774
   14.93000000    3.27279830
   14.95500000    3.26795605
   14.98000000    3.26297617
   15.00500000    3.26151756
   15.03000000    3.26488256
   15.05500000    3.27223656
   15.08000000    3.28292370
   15.10500000    3.29693931
   15.13000000    3.31266458
   15.15500000    3.32767211
   15.18000000    3.34178890
   15.20500000    3.35620515
   15.23000000    3.37071779
   15.25500000    3.38449354
   15.28000000    3.39591655
   15.30500000    3.40436163
   15.33000000    3.41028857
   15.35500000    3.41419631
   15.38000000    3.41822046
   15.40500000    3.42239149
   15.43000000    3.42553254
   15.45500000    3.42758583
   15.48000000    3.42790329
   15.50500000    3.42454745
   15.53000000    3.41929879
   15.55500000    3.41592666
   15.58000000    3.41416862
   15.60500000    3.41278262
   15.63000000    3.41123642
   15.65500000    3.40813374
   15.68000000    3.40500745
   15.70500000    3.40465806
   15.73000000    3.40861391
   15.75500000    3.41631845
   15.78000000    3.42645749
   15.80500000    3.44013383
   15.83000000    3.45703878
   15.85500000    3.47511084
   15.88000000    3.49257880
   15.90500000    3.50813716
   15.93000000    3.52074847
   15.95500000    3.52950859
   15.98000000    3.53353625
   16.00500000    3.53323865
   16.03000000    3.53178280
   16.05500000    3.53175357
   16.08000000    3.53410650
   16.10500000    3.53873923
   16.13000000    3.54473808
   16.15500000    3.54973782
   16.18000000    3.55244227
   16.20500000    3.55294800
   16.23000000    3.55077394
   16.25500000    3.54689074
   16.28000000    3.54336734
   16.30500000    3.54175083
   16.33000000    3.54186946
   16.35500000    3.54350518
   16.38000000    3.54743274
   16.40500000    3.55255942
   16.43000000    3.55689119
   16.45500000    3.56089959
   16.48000000    3.56618787
   16.50500000    3.57416379
   16.53000000    3.58541478
   16.55500000    3.60192524
   16.58000000    3.62506099
   16.60500000    3.65311590
   16.63000000    3.68096654
   16.65500000    3.70100570
   16.68000000    3.70889305
   16.70500000    3.70841504
   16.73000000    3.70569967
   16.75500000    3.70447235
   16.78000000    3.70593849
   16.80500000    3.71026076
   16.83000000    3.71697322
   16.85500000    3.72683515
   16.88000000    3.73990942
   16.90500000    3.75512793
   16.93000000    3.77042164
   16.95500000    3.78294189
   16.98000000    3.79294789
   17.00500000    3.80282714
   17.03000000    3.81213690
   17.05500000    3.81994557
   17.08000000    3.82751751
   17.10500000    3.83865919
   17.13000000    3.85585976
   17.15500000    3.87756608
   17.18000000    3.90012489
   17.20500000    3.91986480
   17.23000000    3.93402441
   17.25500000    3.94224147
   17.28000000    3.94479427
   17.30500000    3.94342717
   17.33000000    3.94139895
   17.35500000    3.94120483
   17.38000000    3.94479275
   17.40500000    3.95305170
   17.43000000    3.96516039
   17.45500000    3.97975876
   17.48000000    3.99543395
   17.50500000    4.01071480
   17.53000000    4.02400412
   17.55500000    4.03408249
   17.58000000    4.04037271
   17.60500000    4.04330948
   17.63000000    4.04405204
   17.65500000    4.04384240
   17.68000000    4.04420829
   17.70500000    4.04747160
   17.73000000    4.05488717
   17.75500000    4.06512033
   17.78000000    4.07626848
   17.80500000    4.08715918
   17.83000000    4.09710475
   17.85500000    4.10489668
   17.88000000    4.10985526
   17.90500000    4.11423835
   17.93000000    4.12122020
   17.95500000    4.13025296
   17.98000000    4.13844259
   18.00500000    4.14703057
   18.03000000    4.15675813
   18.05500000    4.16540342
   18.08000000    4.17331890
   18.10500000    4.18362195
   18.13000000    4.19615420
   18.15500000    4.20777209
   18.18000000    4.21594359
   18.20500000    4.22040686
   18.23000000    4.22176908
   18.25500000    4.22059402
   18.28000000    4.21755322
   18.30500000    4.21115822
   18.33000000    4.20077148
   18.35500000    4.19149535
   18.38000000    4.18774644
   18.40500000    4.18904861
   18.43000000    4.19175396
   18.45500000    4.19414811
   18.48000000    4.19651107
   18.50500000    4.20008548
   18.53000000    4.20534360
   18.55500000    4.21063460
   18.58000000    4.21594036
   18.60500000    4.22217408
   18.63000000    4.22954058
   18.65500000    4.23840308
   18.68000000    4.24895879
   18.70500000    4.26075964
   18.73000000    4.27399324
   18.75500000    4.28884187
   18.78000000    4.30278485
   18.80500000    4.31274814
   18.83000000    4.31874820
   18.85500000    4.32007700
   18.88000000    4.31400428
   18.90500000    4.30130874
   18.93000000    4.28627563
   18.95500000    4.27453663
   18.98000000    4.27098577
   19.00500000    4.27604550
   19.03000000    4.28616629
   19.05500000    4.29816454
   19.08000000    4.31069343
   19.10500000    4.32435016
   19.13000000    4.33933592
   19.15500000    4.35514674
   19.18000000    4.37036797
   19.20500000    4.38305267
   19.23000000    4.39129491
   19.25500000    4.39597675
   19.28000000    4.39767214
   19.30500000    4.39607600
   19.33000000    4.39147710
   19.35500000    4.38646723
   19.38000000    4.38438910
   19.40500000    4.38668420
   19.43000000    4.39315004
   19.45500000    4.40337297
   19.48000000    4.41779500
   19.50500000    4.43583807
   19.53000000    4.45575000
   19.55500000    4.47366373
   19.58000000    4.48354730
   19.60500000    4.48298886
   19.63000000    4.47651013
   19.65500000    4.46803333
   19.68000000    4.45996813
   19.70500000    4.45469187
   19.73000000    4.45391439
   19.75500000    4.45722153
   19.78000000    4.46467454
   19.80500000    4.47463327
   19.83000000    4.48315783
   19.85500000    4.49039576
   19.88000000    4.49745142
   19.90500000    4.50249525
   19.93000000    4.50578831
   19.95500000    4.50990431
   19.98000000    4.51727681
   20.00500000    4.52713190
   20.03000000    4.53660872
   20.05500000    4.54458032
   20.08000000    4.55235360
   20.10500000    4.56084053
   20.13000000    4.57212428
   20.15500000    4.58659241
   20.18000000    4.60227547
   20.20500000    4.61811474
   20.23000000    4.63371861
   20.25500000    4.64785789
   20.28000000    4.65922503
   20.30500000    4.66725942
   20.33000000    4.67303657
   20.35500000    4.67660617
   20.38000000    4.67772870
   20.40500000    4.67735071
   20.43000000    4.67533600
   20.45500000    4.67319419
   20.48000000    4.67306901
   20.50500000    4.67603026
   20.53000000    4.68451590
   20.55500000    4.69872031
   20.58000000    4.71365142
   20.60500000    4.72570565
   20.63000000    4.73457541
   20.65500000    4.74013167
   20.68000000    4.74302452
   20.70500000    4.74633275
   20.73000000    4.75374645
   20.75500000    4.76575890
   20.78000000    4.78007518
   20.80500000    4.79622484
   20.83000000    4.81282297
   20.85500000    4.82245042
   20.88000000    4.82177120
   20.90500000    4.81802649
   20.93000000    4.81652655
   20.95500000    4.81727789
   20.98000000    4.81816184
   21.00500000    4.81654973
   21.03000000    4.80944475
   21.05500000    4.79559982
   21.08000000    4.77874105
   21.10500000    4.76380173
   21.13000000    4.75147606
   21.15500000    4.74120798
   21.18000000    4.73430395
   21.20500000    4.73249884
   21.23000000    4.73661941
   21.25500000    4.74629629
   21.28000000    4.75853383
   21.30500000    4.77057418
   21.33000000    4.78223123
   21.35500000    4.79414490
   21.38000000    4.80454531
   21.40500000    4.80998301
   21.43000000    4.81094912
   21.45500000    4.80804866
   21.48000000    4.80181035
   21.50500000    4.79486635
   21.53000000    4.79237342
   21.55500000    4.79705102
   21.58000000    4.80686000
   21.60500000    4.81774201
   21.63000000    4.82576845
   21.65500000    4.82790214
   21.68000000    4.82391550
   21.70500000    4.81562640
   21.73000000    4.80552226
   21.75500000    4.79626815
   21.78000000    4.79130614
   21.80500000    4.79417486
   21.83000000    4.80461152
   21.85500000    4.82092230
   21.88000000    4.84175600
   21.90500000    4.86331197
   21.93000000    4.88180530
   21.95500000    4.89583119
   21.98000000    4.90566136
   22.00500000    4.91199992
   22.03000000    4.91470403
   22.05500000    4.91455692
   22.08000000    4.91332078
   22.10500000    4.91112897
   22.13000000    4.90767171
   22.15500000    4.90308910
   22.18000000    4.89724020
   22.20500000    4.88940237
   22.23000000    4.88012209
   22.25500000    4.87311474
   22.28000000    4.87046415
   22.30500000    4.87049328
   22.33000000    4.87121409
   22.35500000    4.87273420
   22.38000000    4.87564987
   22.40500000    4.87939419
   22.43000000    4.88389024
   22.45500000    4.89008087
   22.48000000    4.89719007
   22.50500000    4.90226449
   22.53000000    4.90599028
   22.55500000    4.91093628
   22.58000000    4.91735955
   22.60500000    4.92566759
   22.63000000    4.93680861
   22.65500000    4.94975209
   22.68000000    4.96247440
   22.70500000    4.97472233
   22.73000000    4.98733140
   22.75500000    5.00030670
   22.78000000    5.01235039
   22.80500000    5.02262554
   22.83000000    5.03018435
   22.85500000    5.03405396
   22.88000000    5.03428571
   22.90500000    5.03319976
   22.93000000    5.03165836
   22.95500000    5.02942879
   22.98000000    5.02752919
   23.00500000    5.02759369
   23.03000000    5.03243550
   23.05500000    5.04503512
   23.08000000    5.06503720
   23.10500000    5.08928883
   23.13000000    5.11340627
   23.15500000    5.13257075
   23.18000000    5.14454508
   23.20500000    5.15262653
   23.23000000    5.16012875
   23.25500000    5.16784421
   23.28000000    5.17537326
   23.30500000    5.18314317
   23.33000000    5.19106495
   23.35500000    5.19749658
   23.38000000    5.20123835
   23.40500000    5.20129310
   23.43000000    5.19735462
   23.45500000    5.19188779
   23.48000000    5.18818302
   23.50500000    5.18653936
   23.53000000    5.18688343
   23.55500000    5.18977148
   23.58000000    5.19392049
   23.60500000    5.19608169
   23.63000000    5.19213776
   23.65500000    5.18089607
   23.68000000    5.16357798
   23.70500000    5.14585471
   23.73000000    5.13478132
   23.75500000    5.13281710
   23.78000000    5.13530107
   23.80500000    5.14016768
   23.83000000    5.14726054
   23.85500000    5.15487924
   23.88000000    5.16007428
   23.90500000    5.16149546
   23.93000000    5.16334281
   23.95500000    5.17044633
   23.98000000    5.18331633
   24.00500000    5.20153995
   24.03000000    5.22437940
   24.05500000    5.25051504
   24.08000000    5.27785038
   24.10500000    5.30179180
   24.13000000    5.31747920
   24.15500000    5.32427616
   24.18000000    5.32367855
   24.20500000    5.31873479
   24.23000000    5.31374162
   24.25500000    5.31375158
   24.28000000    5.32052716
   24.30500000    5.33052963
   24.33000000    5.33913222
   24.35500000    5.34166073
   24.38000000    5.33628606
   24.40500000    5.32658031
   24.43000000    5.31642477
   24.45500000    5.31112155
   24.48000000    5.31319266
   24.50500000    5.31883312
   24.53000000    5.32394772
   24.55500000    5.32588215
   24.58000000    5.32205460
   24.60500000    5.31108938
   24.63000000    5.29436385
   24.65500000    5.27307586
   24.68000000    5.24812280
   24.70500000    5.22146418
   24.73000000    5.19914281
   24.75500000    5.18818518
   24.78000000    5.18727553
   24.80500000    5.19117367
   24.83000000    5.19609646
   24.85500000    5.19765823
   24.88000000    5.19345995
   24.90500000    5.18750150
   24.93000000    5.18317126
   24.95500000    5.18000414
   24.98000000    5.17692292
   25.00500000    5.17515498
   25.03000000    5.17789476
   25.05500000    5.18700489
   25.08000000    5.19933472
   25.10500000    5.20914389
   25.13000000    5.21142696
   25.15500000    5.20648426
   25.18000000    5.19983114
   25.20500000    5.19642997
   25.23000000    5.19625267
   25.25500000    5.19897801
   25.28000000    5.20529228
   25.30500000    5.21346513
   25.33000000    5.21961397
   25.35500000    5.22165063
   25.38000000    5.22119891
   25.40500000    5.22140377
   25.43000000    5.22420504
   25.45500000    5.22872885
   25.48000000    5.23184900
   25.50500000    5.23194685
   25.53000000    5.22865501
   25.55500000    5.22267604
   25.58000000    5.21711170
   25.60500000    5.21124674
   25.63000000    5.20234800
   25.65500000    5.19152821
   25.68000000    5.18243414
   25.70500000    5.17821061
   25.73000000    5.17905673
   25.75500000    5.18493165
   25.78000000    5.19622914
   25.80500000    5.20943186
   25.83000000    5.21989641
   25.85500000    5.22839571
   25.88000000    5.23636147
   25.90500000    5.24514768
   25.93000000    5.25552452
   25.95500000    5.26623853
   25.98000000    5.27560178
   26.00500000    5.28500824
   26.03000000    5.29660158
   26.05500000    5.30774350
   26.08000000    5.31426001
   26.10500000    5.31682430
   26.13000000    5.31852871
   26.15500000    5.32242948
   26.18000000    5.33119183
   26.20500000    5.34410219
   26.23000000    5.35950520
   26.25500000    5.37813346
   26.28000000    5.39971201
   26.30500000    5.42222433
   26.33000000    5.44306797
   26.35500000    5.45881873
   26.38000000    5.46638146
   26.40500000    5.46670698
   26.43000000    5.46267056
   26.45500000    5.45704449
   26.48000000    5.45329940
   26.50500000    5.45523588
   26.53000000    5.46337023
   26.55500000    5.47315478
   26.58000000    5.47817204
   26.60500000    5.47621569
   26.63000000    5.46860615
   26.65500000    5.45880028
   26.68000000    5.44935738
   26.70500000    5.44287032
   26.73000000    5.44229339
   26.75500000    5.44876467
   26.78000000    5.46004308
   26.80500000    5.47591745
   26.83000000    5.49729475
   26.85500000    5.52137356
   26.88000000    5.54569608
   26.90500000    5.56665500
   26.93000000    5.58157118
   26.95500000    5.59365965
   26.98000000    5.60723049
   27.00500000    5.62663241
   27.03000000    5.65070641
   27.05500000    5.67277910
   27.08000000    5.68674984
   27.10500000    5.69060605
   27.13000000    5.68570379
   27.15500000    5.67584088
   27.18000000    5.66572275
   27.20500000    5.65938148
   27.23000000    5.65857878
   27.25500000    5.66057299
   27.28000000    5.66029973
   27.30500000    5.65716204
   27.33000000    5.65394748
   27.35500000    5.65217529
   27.38000000    5.65124781
   27.40500000    5.64958241
   27.43000000    5.64620906
   27.45500000    5.64053803
   27.48000000    5.63367265
   27.50500000    5.63018397
   27.53000000    5.63342900
   27.55500000    5.64307923
   27.58000000    5.65644012
   27.60500000    5.66757363
   27.63000000    5.67091154
   27.65500000    5.66580556
   27.68000000    5.65741750
   27.70500000    5.65038734
   27.73000000    5.64695854
   27.75500000    5.65023536
   27.78000000    5.66339252
   27.80500000    5.68482868
   27.83000000    5.70748457
   27.85500000    5.72596975
   27.88000000    5.73979066
   27.90500000    5.74909667
   27.93000000    5.75265596
   27.95500000    5.74837127
   27.98000000    5.73292529
   28.00500000    5.70880805
   28.03000000    5.68356103
   28.05500000    5.66231296
   28.08000000    5.64686504
   28.10500000    5.63953004
   28.13000000    5.64205972
   28.15500000    5.65388886
   28.18000000    5.67337248
   28.20500000    5.69569463
   28.23000000    5.71340797
   28.25500000    5.72122587
   28.28000000    5.71929357
   28.30500000    5.71262027
   28.33000000    5.70668443
   28.35500000    5.70347030
   28.38000000    5.70281233
   28.40500000    5.70593447
   28.43000000    5.71240790
   28.45500000    5.71886180
   28.48000000    5.72236376
   28.50500000    5.72352931
   28.53000000    5.72462209
   28.55500000    5.72483006
   28.58000000    5.72364699
   28.60500000    5.72032947
   28.63000000    5.71573233
   28.65500000    5.71315822
   28.68000000    5.71546421
   28.70500000    5.72219039
   28.73000000    5.73229740
   28.75500000    5.74786509
   28.78000000    5.76999723
   28.80500000    5.79466946
   28.83000000    5.81646585
   28.85500000    5.83476381
   28.88000000    5.84924230
   28.90500000    5.85864411
   28.93000000    5.86600369
   28.95500000    5.87574113
   28.98000000    5.88932045
   29.00500000    5.90582337
   29.03000000    5.92069863
   29.05500000    5.93099282
   29.08000000    5.93907913
   29.10500000    5.95000065
   29.13000000    5.96660992
   29.15500000    5.98610877
   29.18000000    6.00243386
   29.20500000    6.01338667
   29.23000000    6.01961438
   29.25500000    6.02402220
   29.28000000    6.02806487
   29.30500000    6.03036716
   29.33000000    6.02931969
   29.35500000    6.02319914
   29.38000000    6.01240226
   29.40500000    5.99943667
   29.43000000    5.98533367
   29.45500000    5.97303813
   29.48000000    5.96470058
   29.50500000    5.96074764
   29.53000000    5.96334781
   29.55500000    5.97118283
   29.58000000    5.97940037
   29.60500000    5.98732904
   29.63000000    5.99741374
   29.65500000    6.00886044
   29.68000000    6.01874099
   29.70500000    6.02782169
   29.73000000    6.03509682
   29.75500000    6.03781898
   29.78000000    6.03716576
   29.80500000    6.03513029
   29.83000000    6.03131786
   29.85500000    6.02535902
   29.88000000    6.01835168
   29.90500000    6.01311024
   29.93000000    6.01161376
   29.95500000    6.01534618
   29.98000000    6.02755402
   30.00500000    6.04852070
   30.03000000    6.07000460
   30.05500000    6.08200523
   30.08000000    6.08658372
   30.10500000    6.08899970
   30.13000000    6.09075986
   30.15500000    6.09366600
   30.18000000    6.10027335
   30.20500000    6.11220350
   30.23000000    6.12974862
   30.25500000    6.14983145
   30.28000000    6.16888397
   30.30500000    6.18826516
   30.33000000    6.21108890
   30.35500000    6.23501348
   30.38000000    6.25438539
   30.40500000    6.26929372
   30.43000000    6.28066063
   30.45500000    6.28528795
   30.48000000    6.28428638
   30.50500000    6.28262555
   30.53000000    6.28396190
   30.55500000    6.28884456
   30.58000000    6.29663386
   30.60500000    6.30625624
   30.63000000    6.31574630
   30.65500000    6.32387253
   30.68000000    6.32976593
   30.70500000    6.33446703
   30.73000000    6.33991359
   30.75500000    6.34590564
   30.78000000    6.35406139
   30.80500000    6.36290607
   30.83000000    6.36991806
   30.85500000    6.37485476
   30.88000000    6.37895658
   30.90500000    6.38424888
   30.93000000    6.39475625
   30.95500000    6.41090581
   30.98000000    6.42890374
   31.00500000    6.44347282
   31.03000000    6.45173552
   31.05500000    6.45516800
   31.08000000    6.45466346
   31.10500000    6.44995115
   31.13000000    6.44172688
   31.15500000    6.43224167
   31.18000000    6.42487857
   31.20500000    6.42079582
   31.23000000    6.42066472
   31.25500000    6.42484140
   31.28000000    6.43236447
   31.30500000    6.44414378
   31.33000000    6.45997293
   31.35500000    6.47637825
   31.38000000    6.49014689
   31.40500000    6.49978574
   31.43000000    6.50471607
   31.45500000    6.50411844
   31.48000000    6.49835304
   31.50500000    6.48779752
   31.53000000    6.47216453
   31.55500000    6.45386204
   31.58000000    6.44004586
   31.60500000    6.43736423
   31.63000000    6.44533585
   31.65500000    6.46076835
   31.68000000    6.48137718
   31.70500000    6.50493749
   31.73000000    6.53236152
   31.75500000    6.56245561
   31.78000000    6.59034054
   31.80500000    6.61089305
   31.83000000    6.62295061
   31.85500000    6.62890848
   31.88000000    6.63271580
   31.90500000    6.63816077
   31.93000000    6.64578461
   31.95500000    6.65653621
   31.98000000    6.67054743
   32.00500000    6.68761127
   32.03000000    6.70835928
   32.05500000    6.73536350
   32.08000000    6.76780827
   32.10500000    6.80181078
   32.13000000    6.83260088
   32.15500000    6.85531663
   32.18000000    6.86964793
   32.20500000    6.88100289
   32.23000000    6.89292832
   32.25500000    6.90553103
   32.28000000    6.91551378
   32.30500000    6.91889036
   32.33000000    6.91719776
   32.35500000    6.91487749
   32.38000000    6.91412859
   32.40500000    6.91393001
   32.43000000    6.91131847
   32.45500000    6.90659787
   32.48000000    6.90342011
   32.50500000    6.90492578
   32.53000000    6.91248334
   32.55500000    6.92259022
   32.58000000    6.92956492
   32.60500000    6.92993994
   32.63000000    6.92656672
   32.65500000    6.92409673
   32.68000000    6.92691040
   32.70500000    6.93743034
   32.73000000    6.95434565
   32.75500000    6.97398277
   32.78000000    6.99316113
   32.80500000    7.01295804
   32.83000000    7.03498887
   32.85500000    7.05806216
   32.88000000    7.07769553
   32.90500000    7.09048014
   32.93000000    7.09881122
   32.95500000    7.10848898
   32.98000000    7.12569076
   33.00500000    7.15211866
   33.03000000    7.18497728
   33.05500000    7.21959097
   33.08000000    7.25154679
   33.10500000    7.27914814
   33.13000000    7.30488945
   33.15500000    7.33276957
   33.18000000    7.35926096
   33.20500000    7.37638849
   33.23000000    7.38403248
   33.25500000    7.38716839
   33.28000000    7.38800820
   33.30500000    7.38927845
   33.33000000    7.39506956
   33.35500000    7.40754502
   33.38000000    7.42596799
   33.40500000    7.44400026
   33.43000000    7.45585976
   33.45500000    7.46278064
   33.48000000    7.46838657
   33.50500000    7.47299992
   33.53000000    7.47464937
   33.55500000    7.47137708
   33.58000000    7.46512520
   33.60500000    7.45994474
   33.63000000    7.45985181
   33.65500000    7.46591115
   33.68000000    7.47643719
   33.70500000    7.48893581
   33.73000000    7.50044237
   33.75500000    7.51007043
   33.78000000    7.51842009
   33.80500000    7.52717282
   33.83000000    7.53684600
   33.85500000    7.54685987
   33.88000000    7.55959088
   33.90500000    7.57620110
   33.93000000    7.59255645
   33.95500000    7.60461725
   33.98000000    7.61072138
   34.00500000    7.61305382
   34.03000000    7.61347552
   34.05500000    7.61063157
   34.08000000    7.60372821
   34.10500000    7.59479722
   34.13000000    7.58961429
   34.15500000    7.59298995
   34.18000000    7.60447317
   34.20500000    7.61831045
   34.23000000    7.62708374
   34.25500000    7.62655190
   34.28000000    7.62226540
   34.30500000    7.62546124
   34.33000000    7.64133443
   34.35500000    7.66639022
   34.38000000    7.69303785
   34.40500000    7.71129922
   34.43000000    7.71725795
   34.45500000    7.71712651
   34.48000000    7.71452913
   34.50500000    7.70937502
   34.53000000    7.70589072
   34.55500000    7.70775562
   34.58000000    7.71431814
   34.60500000    7.72303291
   34.63000000    7.73041781
   34.65500000    7.73321974
   34.68000000    7.72895073
   34.70500000    7.72231151
   34.73000000    7.72036034
   34.75500000    7.72342747
   34.78000000    7.72651163
   34.80500000    7.72760530
   34.83000000    7.72958252
   34.85500000    7.73178301
   34.88000000    7.73251694
   34.90500000    7.73404427
   34.93000000    7.73718286
   34.95500000    7.73965661
   34.98000000    7.73869724
   35.00500000    7.73538139
   35.03000000    7.73119834
   35.05500000    7.72760530
   35.08000000    7.72406960
   35.10500000    7.72060420
   35.13000000    7.71785278
   35.15500000    7.71783388
   35.18000000    7.72600179
   35.20500000    7.74016509
   35.23000000    7.75253461
   35.25500000    7.75790333
   35.28000000    7.75402570
   35.30500000    7.74401361
   35.33000000    7.73282019
   35.35500000    7.72565744
   35.38000000    7.72712478
   35.40500000    7.73910454
   35.43000000    7.75908699
   35.45500000    7.78053032
   35.48000000    7.79478775
   35.50500000    7.79820554
   35.53000000    7.79565677
   35.55500000    7.79334171
   35.58000000    7.79347444
   35.60500000    7.79546945
   35.63000000    7.79886496
   35.65500000    7.80442310
   35.68000000    7.81386219
   35.70500000    7.83008454
   35.73000000    7.85341413
   35.75500000    7.88009203
   35.78000000    7.90646976
   35.80500000    7.92860667
   35.83000000    7.94594692
   35.85500000    7.95964412
   35.88000000    7.96843579
   35.90500000    7.97144669
   35.93000000    7.97078369
   35.95500000    7.96910336
   35.98000000    7.96848134
   36.00500000    7.96858046
   36.03000000    7.96713622
   36.05500000    7.96464846
   36.08000000    7.96374808
   36.10500000    7.96570043
   36.13000000    7.97163073
   36.15500000    7.98228310
   36.18000000    7.99774504
   36.20500000    8.01586014
   36.23000000    8.03323158
   36.25500000    8.04885306
   36.28000000    8.06566223
   36.30500000    8.08532563
   36.33000000    8.10745967
   36.35500000    8.13064757
   36.38000000    8.15224883
   36.40500000    8.16941653
   36.43000000    8.18177751
   36.45500000    8.19262546
   36.48000000    8.20498456
   36.50500000    8.21820048
   36.53000000    8.22782198
   36.55500000    8.23112668
   36.58000000    8.23101530
   36.60500000    8.23283824
   36.63000000    8.23771131
   36.65500000    8.24299420
   36.68000000    8.24358247
   36.70500000    8.23530490
   36.73000000    8.22129083
   36.75500000    8.20613629
   36.78000000    8.19410845
   36.80500000    8.18853874
   36.83000000    8.18947003
   36.85500000    8.19635366
   36.88000000    8.20461622
   36.90500000    8.21226870
   36.93000000    8.22107742
   36.95500000    8.22889762
   36.98000000    8.23462917
   37.00500000    8.23979744
   37.03000000    8.24646679
   37.05500000    8.25795156
   37.08000000    8.27125691
   37.10500000    8.28697939
   37.13000000    8.30810532
   37.15500000    8.33321547
   37.18000000    8.35697896
   37.20500000    8.37701550
   37.23000000    8.39360172
   37.25500000    8.40592934
   37.28000000    8.41072803
   37.30500000    8.40897042
   37.33000000    8.40493350
   37.35500000    8.40260707
   37.38000000    8.40162227
   37.40500000    8.40165713
   37.43000000    8.40448658
   37.45500000    8.40941501
   37.48000000    8.41629177
   37.50500000    8.42742449
   37.53000000    8.44313473
   37.55500000    8.45906549
   37.58000000    8.47082178
   37.60500000    8.48249300
   37.63000000    8.49982681
   37.65500000    8.52128406
   37.68000000    8.54374967
   37.70500000    8.56886322
   37.73000000    8.59628318
   37.75500000    8.62308769
   37.78000000    8.64798487
   37.80500000    8.66830098
   37.83000000    8.68144732
   37.85500000    8.68758601
   37.88000000    8.68937724
   37.90500000    8.69169507
   37.93000000    8.69787560
   37.95500000    8.70862924
   37.98000000    8.72506028
   38.00500000    8.74720755
   38.03000000    8.76930976
   38.05500000    8.78275084
   38.08000000    8.78490907
   38.10500000    8.78018728
   38.13000000    8.77365121
   38.15500000    8.77124442
   38.18000000    8.77770560
   38.20500000    8.79258142
   38.23000000    8.80852007
   38.25500000    8.82034679
   38.28000000    8.82755095
   38.30500000    8.82924294
   38.33000000    8.82777735
   38.35500000    8.82791083
   38.38000000    8.82760690
   38.40500000    8.81918461
   38.43000000    8.79924616
   38.45500000    8.76993167
   38.48000000    8.73761660
   38.50500000    8.70845880
   38.53000000    8.68671286
   38.55500000    8.67417295
   38.58000000    8.67376554
   38.60500000    8.68390569
   38.63000000    8.69594478
   38.65500000    8.70522033
   38.68000000    8.71426973
   38.70500000    8.72452735
   38.73000000    8.73571192
   38.75500000    8.74619275
   38.78000000    8.75723091
   38.80500000    8.76935104
   38.83000000    8.77979282
   38.85500000    8.78707621
   38.88000000    8.79073804
   38.90500000    8.79421716
   38.93000000    8.80187714
   38.95500000    8.81327418
   38.98000000    8.82630116
   39.00500000    8.84024038
   39.03000000    8.85578334
   39.05500000    8.87509593
   39.08000000    8.89954654
   39.10500000    8.92716985
   39.13000000    8.95630164
   39.15500000    8.98820861
   39.18000000    9.02219210
   39.20500000    9.05601364
   39.23000000    9.08860749
   39.25500000    9.11795845
   39.28000000    9.13755861
   39.30500000    9.14222576
   39.33000000    9.13576161
   39.35500000    9.12623422
   39.38000000    9.11776387
   39.40500000    9.11014064
   39.43000000    9.10276452
   39.45500000    9.09633441
   39.48000000    9.09193797
   39.50500000    9.09000580
   39.53000000    9.09043981
   39.55500000    9.09198272
   39.58000000    9.09173555
   39.60500000    9.08774618
   39.63000000    9.08043445
   39.65500000    9.07395799
   39.68000000    9.07299090
   39.70500000    9.08132501
   39.73000000    9.09772545
   39.75500000    9.11956166
   39.78000000    9.14487023
   39.80500000    9.17322614
   39.83000000    9.20498690
   39.85500000    9.23682605
   39.88000000    9.26119386
   39.90500000    9.27209649
   39.93000000    9.27182503
   39.95500000    9.26886916
   39.98000000    9.27088985
   40.00500000    9.28194323
   40.03000000    9.29441216
   40.05500000    9.29987092
   40.08000000    9.29452985
   40.10500000    9.27876788
   40.13000000    9.25722234
   40.15500000    9.23636525
   40.18000000    9.22354267
   40.20500000    9.22260901
   40.23000000    9.23178126
   40.25500000    9.24823510
   40.28000000    9.26934028
   40.30500000    9.29067054
   40.33000000    9.30977626
   40.35500000    9.32530473
   40.38000000    9.33406320
   40.40500000    9.33616111
   40.43000000    9.33580569
   40.45500000    9.33438187
   40.48000000    9.32622928
   40.50500000    9.30792469
   40.53000000    9.28638133
   40.55500000    9.27146397
   40.58000000    9.26838602
   40.60500000    9.27445272
   40.63000000    9.28207798
   40.65500000    9.28552094
   40.68000000    9.28786204
   40.70500000    9.29369095
   40.73000000    9.30328195
   40.75500000    9.31750448
   40.78000000    9.33650836
   40.80500000    9.35762703
   40.83000000    9.37763190
   40.85500000    9.39653545
   40.88000000    9.41224586
   40.90500000    9.41794171
   40.93000000    9.41109520
   40.95500000    9.39450137
   40.98000000    9.37386291
   41.00500000    9.35601833
   41.03000000    9.34660617
   41.05500000    9.34882877
   41.08000000    9.35824937
   41.10500000    9.36959483
   41.13000000    9.38031358
   41.15500000    9.38910645
   41.18000000    9.39403295
   41.20500000    9.39762829
   41.23000000    9.40383035
   41.25500000    9.41324223
   41.28000000    9.42763305
   41.30500000    9.44777130
   41.33000000    9.47099760
   41.35500000    9.49325448
   41.38000000    9.51297439
   41.40500000    9.53513559
   41.43000000    9.56402353
   41.45500000    9.59465529
   41.48000000    9.61853354
   41.50500000    9.63130841
   41.53000000    9.63650755
   41.55500000    9.63982538
   41.58000000    9.64224266
   41.60500000    9.64292195
   41.63000000    9.63847400
   41.65500000    9.62906992
   41.68000000    9.62207720
   41.70500000    9.62445237
   41.73000000    9.63428095
   41.75500000    9.64360887
   41.78000000    9.64831680
   41.80500000    9.65267922
   41.83000000    9.66172521
   41.85500000    9.66879451
   41.88000000    9.66545410
   41.90500000    9.64888085
   41.93000000    9.62449298
   41.95500000    9.60032561
   41.98000000    9.57954477
   42.00500000    9.56229854
   42.03000000    9.54926605
   42.05500000    9.54148537
   42.08000000    9.54039269
   42.10500000    9.54695815
   42.13000000    9.56111665
   42.15500000    9.58114234
   42.18000000    9.60311201
   42.20500000    9.62233922
   42.23000000    9.63536161
   42.25500000    9.64093139
   42.28000000    9.63926640
   42.30500000    9.63178236
   42.33000000    9.62141841
   42.35500000    9.61179475
   42.38000000    9.60588212
   42.40500000    9.60282156
   42.43000000    9.60030421
   42.45500000    9.60066291
   42.48000000    9.60942956
   42.50500000    9.63106044
   42.53000000    9.66433867
   42.55500000    9.70181377
   42.58000000    9.73703226
   42.60500000    9.76565458
   42.63000000    9.78559407
   42.65500000    9.79800308
   42.68000000    9.80266336
   42.70500000    9.80194151
   42.73000000    9.80027250
   42.75500000    9.79550977
   42.78000000    9.78366516
   42.80500000    9.76663218
   42.83000000    9.75087905
   42.85500000    9.74278851
   42.88000000    9.74567762
   42.90500000    9.75854268
   42.93000000    9.77817880
   42.95500000    9.80209744
   42.98000000    9.82712476
   43.00500000    9.84853247
   43.03000000    9.85966024
   43.05500000    9.85399768
   43.08000000    9.82993293
   43.10500000    9.79261282
   43.13000000    9.75065629
   43.15500000    9.71175141
   43.18000000    9.68183051
   43.20500000    9.66455276
   43.23000000    9.65474011
   43.25500000    9.64428090
   43.28000000    9.63202000
   43.30500000    9.62314827
   43.33000000    9.62362031
   43.35500000    9.64002063
   43.38000000    9.67377042
   43.40500000    9.71224867
   43.43000000    9.74653024
   43.45500000    9.77758451
   43.48000000    9.81046381
   43.50500000    9.85007649
   43.53000000    9.89368981
   43.55500000    9.93566561
   43.58000000    9.97358689
   43.60500000   10.00781849
   43.63000000   10.03730481
   43.65500000   10.06183697
   43.68000000   10.08160581
   43.70500000   10.09692628
   43.73000000   10.10812955
   43.75500000   10.11701847
   43.78000000   10.12595559
   43.80500000   10.13867178
   43.83000000   10.15599433
   43.85500000   10.17415330
   43.88000000   10.19032730
   43.90500000   10.20365071
   43.93000000   10.21320386
   43.95500000   10.21896552
   43.98000000   10.22090812
   44.00500000   10.22172039
   44.03000000   10.22685902
   44.05500000   10.23803673
   44.08000000   10.25179473
   44.10500000   10.26746401
   44.13000000   10.28790736
   44.15500000   10.31307458
   44.18000000   10.34077831
   44.20500000   10.36803972
   44.23000000   10.39622216
   44.25500000   10.42562215
   44.28000000   10.45078099
   44.30500000   10.46759176
   44.33000000   10.47705100
   44.35500000   10.47976950
   44.38000000   10.47494918
   44.40500000   10.46147782
   44.43000000   10.43943108
   44.45500000   10.41074515
   44.48000000   10.37929591
   44.50500000   10.34889309
   44.53000000   10.32216543
   44.55500000   10.30169380
   44.58000000   10.29064544
   44.60500000   10.28864596
   44.63000000   10.29187427
   44.65500000   10.29648992
   44.68000000   10.30168074
   44.70500000   10.30624250
   44.73000000   10.30863752
   44.75500000   10.30931053
   44.78000000   10.30725724
   44.80500000   10.30004628
   44.83000000   10.28499239
   44.85500000   10.26277278
   44.88000000   10.23845406
   44.90500000   10.21623804
   44.93000000   10.19941317
   44.95500000   10.18996264
   44.98000000   10.18710254
   45.00500000   10.19066125
   45.03000000   10.19990175
   45.05500000   10.21100278
   45.08000000   10.21740241
   45.10500000   10.21891340
   45.13000000   10.22343547
   45.15500000   10.23349262
   45.18000000   10.24367647
   45.20500000   10.24653722
   45.23000000   10.23846880
   45.25500000   10.22641546
   45.28000000   10.22590932
   45.30500000   10.24573759
   45.33000000   10.28218002
   45.35500000   10.32467065
   45.38000000   10.36458038
   45.40500000   10.39971231
   45.43000000   10.42751416
   45.45500000   10.44417912
   45.48000000   10.44950192
   45.50500000   10.44712583
   45.53000000   10.44000800
   45.55500000   10.42942866
   45.58000000   10.41683781
   45.60500000   10.40301563
   45.63000000   10.38877905
   45.65500000   10.37652306
   45.68000000   10.37008290
   45.70500000   10.37139803
   45.73000000   10.37738413
   45.75500000   10.38325893
   45.78000000   10.38240493
   45.80500000   10.36884654
   45.83000000   10.34413729
   45.85500000   10.31896785
   45.88000000   10.30355387
   45.90500000   10.30302331
   45.93000000   10.31674809
   45.95500000   10.33877828
   45.98000000   10.36192230
   46.00500000   10.38164687
   46.03000000   10.39511396
   46.05500000   10.40404286
   46.08000000   10.41150014
   46.10500000   10.41790224
   46.13000000   10.42183200
   46.15500000   10.42186821
   46.18000000   10.42003885
   46.20500000   10.42156886
   46.23000000   10.42838279
   46.25500000   10.43926141
   46.28000000   10.45016685
   46.30500000   10.45560089
   46.33000000   10.45494110
   46.35500000   10.44892965
   46.38000000   10.43863942
   46.40500000   10.42466950
   46.43000000   10.40895177
   46.45500000   10.39598883
   46.48000000   10.38732986
   46.50500000   10.38189196
   46.53000000   10.37992472
   46.55500000   10.38252633
   46.58000000   10.38678930
   46.60500000   10.38965946
   46.63000000   10.39062409
   46.65500000   10.39037005
   46.68000000   10.39177760
   46.70500000   10.39445091
   46.73000000   10.39727505
   46.75500000   10.40139329
   46.78000000   10.40831305
   46.80500000   10.41687529
   46.83000000   10.42616791
   46.85500000   10.43899548
   46.88000000   10.45186646
   46.90500000   10.45613528
   46.93000000   10.44905921
   46.95500000   10.43476483
   46.98000000   10.42014647
   47.00500000   10.41107260
   47.03000000   10.40778563
   47.05500000   10.40768602
   47.08000000   10.40691385
   47.10500000   10.40138217
   47.13000000   10.38945208
   47.15500000   10.37441915
   47.18000000   10.36042949
   47.20500000   10.34767755
   47.23000000   10.34029967
   47.25500000   10.34411903
   47.28000000   10.36136069
   47.30500000   10.39224094
   47.33000000   10.43164748
   47.35500000   10.46703740
   47.38000000   10.48994554
   47.40500000   10.49901937
   47.43000000   10.49835475
   47.45500000   10.49211579
   47.48000000   10.48204706
   47.50500000   10.46967127
   47.53000000   10.45508265
   47.55500000   10.44044222
   47.58000000   10.42690811
   47.60500000   10.41528707
   47.63000000   10.40634569
   47.65500000   10.39863344
   47.68000000   10.39266890
   47.70500000   10.39118624
   47.73000000   10.39763056
   47.75500000   10.41294263
   47.78000000   10.42854827
   47.80500000   10.43461617
   47.83000000   10.42807801
   47.85500000   10.41686767
   47.88000000   10.41244745
   47.90500000   10.41646867
   47.93000000   10.42382234
   47.95500000   10.43552583
   47.98000000   10.45512371
   48.00500000   10.48348211
   48.03000000   10.51664048
   48.05500000   10.54808608
   48.08000000   10.57574756
   48.10500000   10.60248170
   48.13000000   10.62473657
   48.15500000   10.63881993
   48.18000000   10.64365091
   48.20500000   10.63978544
   48.23000000   10.63006633
   48.25500000   10.61498562
   48.28000000   10.59891774
   48.30500000   10.58874056
   48.33000000   10.58832458
   48.35500000   10.59754877
   48.38000000   10.61354007
   48.40500000   10.63339508
   48.43000000   10.65470278
   48.45500000   10.67455113
   48.48000000   10.69171824
   48.50500000   10.70685084
   48.53000000   10.72126688
   48.55500000   10.73554901
   48.58000000   10.74935667
   48.60500000   10.76143927
   48.63000000   10.76980942
   48.65500000   10.77446255
   48.68000000   10.77564295
   48.70500000   10.77650931
   48.73000000   10.78292329
   48.75500000   10.79611117
   48.78000000   10.81457641
   48.80500000   10.83546278
   48.83000000   10.85585568
   48.85500000   10.87501805
   48.88000000   10.89403791
   48.90500000   10.91326552
   48.93000000   10.93062390
   48.95500000   10.94600214
   48.98000000   10.95850835
   49.00500000   10.96565724
   49.03000000   10.96724571
   49.05500000   10.96337560
   49.08000000   10.95822449
   49.10500000   10.95973085
   49.13000000   10.97128477
   49.15500000   10.98684779
   49.18000000   10.99732422
   49.20500000   10.99704161
   49.23000000   10.98711337
   49.25500000   10.97707249
   49.28000000   10.97564261
   49.30500000   10.98153128
   49.33000000   10.99025838
   49.35500000   10.99815453
   49.38000000   11.00231651
   49.40500000   11.00266708
   49.43000000   11.00356048
   49.45500000   11.00975009
   49.48000000   11.02173647
   49.50500000   11.03699655
   49.53000000   11.05695109
   49.55500000   11.08590229
   49.58000000   11.12233981
   49.60500000   11.15795746
   49.63000000   11.18259321
   49.65500000   11.19192436
   49.68000000   11.18574694
   49.70500000   11.16987481
   49.73000000   11.15200470
   49.75500000   11.13582658
   49.78000000   11.12443549
   49.80500000   11.11811869
   49.83000000   11.11463641
   49.85500000   11.11123379
   49.88000000   11.10693980
   49.90500000   11.10111663
   49.93000000   11.09529281
   49.95500000   11.09481096
   49.98000000   11.09939358
