    0.00500000    0.00006872
    0.03000000    0.00244369
    0.05500000    0.00775058
    0.08000000    0.01518084
    0.10500000    0.02408905
    0.13000000    0.03358340
    0.15500000    0.04255780
    0.18000000    0.05111728
    0.20500000    0.05955434
    0.23000000    0.06749620
    0.25500000    0.07476941
    0.28000000    0.08165942
    0.30500000    0.08865131
    0.33000000    0.09612355
    0.35500000    0.10405236
    0.38000000    0.11214105
    0.40500000    0.11979847
    0.43000000    0.12682186
    0.45500000    0.13351281
    0.48000000    0.14033173
    0.50500000    0.14729690
    0.53000000    0.15409368
    0.55500000    0.15996679
    0.58000000    0.16443672
    0.60500000    0.16829945
    0.63000000    0.17225433
    0.65500000    0.17628446
    0.68000000    0.18059651
    0.70500000    0.18557538
    0.73000000    0.19133980
    0.75500000    0.19787812
    0.78000000    0.20522768
    0.80500000    0.21342285
    0.83000000    0.22239791
    0.85500000    0.23110094
    0.88000000    0.23838933
    0.90500000    0.24404675
    0.93000000    0.24836091
    0.95500000    0.25178634
    0.98000000    0.25471522
    1.00500000    0.25766733
    1.03000000    0.26122691
    1.05500000    0.26593462
    1.08000000    0.27223300
    1.10500000    0.28006504
    1.13000000    0.28889353
    1.15500000    0.29790112
    1.18000000    0.30668601
    1.20500000    0.31576264
    1.23000000    0.32507654
    1.25500000    0.33352935
    1.28000000    0.34015659
    1.30500000    0.34576508
    1.33000000    0.35167420
    1.35500000    0.35778228
    1.38000000    0.36362003
    1.40500000    0.37017698
    1.43000000    0.37800376
    1.45500000    0.38705000
    1.48000000    0.39710622
    1.50500000    0.40757868
    1.53000000    0.41706249
    1.55500000    0.42477963
    1.58000000    0.43177394
    1.60500000    0.43895284
    1.63000000    0.44661226
    1.65500000    0.45545785
    1.68000000    0.46558567
    1.70500000    0.47638420
    1.73000000    0.48675130
    1.75500000    0.49596450
    1.78000000    0.50380706
    1.80500000    0.51062580
    1.83000000    0.51804594
    1.85500000    0.52568703
    1.88000000    0.53165487
    1.90500000    0.53508424
    1.93000000    0.53691010
    1.95500000    0.53907085
    1.98000000    0.54291226
    2.00500000    0.54840675
    2.03000000    0.55514142
    2.05500000    0.56327646
    2.08000000    0.57275975
    2.10500000    0.58315152
    2.13000000    0.59334698
    2.15500000    0.60259988
    2.18000000    0.61052718
    2.20500000    0.61704791
    2.23000000    0.62299953
    2.25500000    0.62896897
    2.28000000    0.63479348
    2.30500000    0.63991568
    2.33000000    0.64398202
    2.35500000    0.64732538
    2.38000000    0.65144000
    2.40500000    0.65746806
    2.43000000    0.66493796
    2.45500000    0.67275142
    2.48000000    0.68016410
    2.50500000    0.68613298
    2.53000000    0.68987679
    2.55500000    0.69189804
    2.58000000    0.69280671
    2.60500000    0.69285185
    2.63000000    0.69287842
    2.65500000    0.69391582
    2.68000000    0.69620650
    2.70500000    0.69964845
    2.73000000    0.70389559
    2.75500000    0.70839865
    2.78000000    0.71325104
    2.80500000    0.71881211
    2.83000000    0.72413903
    2.85500000    0.72730673
    2.88000000    0.72795350
    2.90500000    0.72661754
    2.93000000    0.72394821
    2.95500000    0.72036968
    2.98000000    0.71622260
    3.00500000    0.71276327
    3.03000000    0.71174592
    3.05500000    0.71431267
    3.08000000    0.72027238
    3.10500000    0.72862701
    3.13000000    0.73854703
    3.15500000    0.74876221
    3.18000000    0.75700808
    3.20500000    0.76139182
    3.23000000    0.76211301
    3.25500000    0.76068914
    3.28000000    0.75835783
    3.30500000    0.75672033
    3.33000000    0.75653730
    3.35500000    0.75809014
    3.38000000    0.76240382
    3.40500000    0.76950907
    3.43000000    0.77783077
    3.45500000    0.78561881
    3.48000000    0.79222522
    3.50500000    0.79793941
    3.53000000    0.80311106
    3.55500000    0.80774123
    3.58000000    0.81184357
    3.60500000    0.81628679
    3.63000000    0.82083951
    3.65500000    0.82373180
    3.68000000    0.82406068
    3.70500000    0.82376204
    3.73000000    0.82566431
    3.75500000    0.83088015
    3.78000000    0.83888755
    3.80500000    0.84770396
    3.83000000    0.85431920
    3.85500000    0.85711286
    3.88000000    0.85794465
    3.90500000    0.85957104
    3.93000000    0.86339447
    3.95500000    0.86977168
    3.98000000    0.87825673
    4.00500000    0.88768784
    4.03000000    0.89621582
    4.05500000    0.90123280
    4.08000000    0.90155505
    4.10500000    0.89873557
    4.13000000    0.89565816
    4.15500000    0.89423125
    4.18000000    0.89455573
    4.20500000    0.89658563
    4.23000000    0.89937191
    4.25500000    0.90200921
    4.28000000    0.90459327
    4.30500000    0.90686404
    4.33000000    0.90722853
    4.35500000    0.90500274
    4.38000000    0.90182855
    4.40500000    0.89978232
    4.43000000    0.89954577
    4.45500000    0.90140582
    4.48000000    0.90499594
    4.50500000    0.90961323
    4.53000000    0.91496672
    4.55500000    0.92105855
    4.58000000    0.92872927
    4.60500000    0.93747151
    4.63000000    0.94600009
    4.65500000    0.95375476
    4.68000000    0.95984747
    4.70500000    0.96430001
    4.73000000    0.96778103
    4.75500000    0.97105704
    4.78000000    0.97381095
    4.80500000    0.97544267
    4.83000000    0.97548192
    4.85500000    0.97386725
    4.88000000    0.97247575
    4.90500000    0.97395772
    4.93000000    0.97914002
    4.95500000    0.98708442
    4.98000000    0.99620107
    5.00500000    1.00532989
    5.03000000    1.01357132
    5.05500000    1.02038977
    5.08000000    1.02578349
    5.10500000    1.03003918
    5.13000000    1.03373225
    5.15500000    1.03758050
    5.18000000    1.04233357
    5.20500000    1.04785080
    5.23000000    1.05337805
    5.25500000    1.05832243
    5.28000000    1.06251792
    5.30500000    1.06539186
    5.33000000    1.06753857
    5.35500000    1.06995747
    5.38000000    1.07262006
    5.40500000    1.07526000
    5.43000000    1.07805118
    5.45500000    1.08141975
    5.48000000    1.08439342
    5.50500000    1.08542363
    5.53000000    1.08551030
    5.55500000    1.08646576
    5.58000000    1.08830755
    5.60500000    1.08954329
    5.63000000    1.08887452
    5.65500000    1.08643155
    5.68000000    1.08311553
    5.70500000    1.07993680
    5.73000000    1.07722384
    5.75500000    1.07506915
    5.78000000    1.07359217
    5.80500000    1.07273105
    5.83000000    1.07205503
    5.85500000    1.07099705
    5.88000000    1.06949805
    5.90500000    1.06787850
    5.93000000    1.06715770
    5.95500000    1.06838354
    5.98000000    1.07172896
    6.00500000    1.07724378
    6.03000000    1.08489026
    6.05500000    1.09390925
    6.08000000    1.10349727
    6.10500000    1.11302320
    6.13000000    1.12235805
    6.15500000    1.13216152
    6.18000000    1.14194939
    6.20500000    1.15054263
    6.23000000    1.15696822
    6.25500000    1.16109380
    6.28000000    1.16280190
    6.30500000    1.16238390
    6.33000000    1.16200023
    6.35500000    1.16349318
    6.38000000    1.16644944
    6.40500000    1.17124810
    6.43000000    1.17795975
    6.45500000    1.18455941
    6.48000000    1.18949128
    6.50500000    1.19274621
    6.53000000    1.19555896
    6.55500000    1.19738774
    6.58000000    1.19773410
    6.60500000    1.19748201
    6.63000000    1.19764669
    6.65500000    1.19922572
    6.68000000    1.20314727
    6.70500000    1.20859816
    6.73000000    1.21392767
    6.75500000    1.21863019
    6.78000000    1.22325595
    6.80500000    1.22897395
    6.83000000    1.23660404
    6.85500000    1.24605034
    6.88000000    1.25601090
    6.90500000    1.26605716
    6.93000000    1.27626426
    6.95500000    1.28780142
    6.98000000    1.30132265
    7.00500000    1.31485394
    7.03000000    1.32569038
    7.05500000    1.33373190
    7.08000000    1.34011014
    7.10500000    1.34591432
    7.13000000    1.35092129
    7.15500000    1.35327772
    7.18000000    1.35211457
    7.20500000    1.34768282
    7.23000000    1.34102840
    7.25500000    1.33515694
    7.28000000    1.33195261
    7.30500000    1.33131429
    7.33000000    1.33188749
    7.35500000    1.33335790
    7.38000000    1.33759599
    7.40500000    1.34571509
    7.43000000    1.35662693
    7.45500000    1.36844041
    7.48000000    1.37983483
    7.50500000    1.39009712
    7.53000000    1.39898424
    7.55500000    1.40636955
    7.58000000    1.41221169
    7.60500000    1.41647114
    7.63000000    1.42059199
    7.65500000    1.42654306
    7.68000000    1.43374210
    7.70500000    1.44088261
    7.73000000    1.44714710
    7.75500000    1.45282301
    7.78000000    1.45791320
    7.80500000    1.46202676
    7.83000000    1.46534145
    7.85500000    1.46765771
    7.88000000    1.46870700
    7.90500000    1.46846607
    7.93000000    1.46641093
    7.95500000    1.46144141
    7.98000000    1.45358734
    8.00500000    1.44499624
    8.03000000    1.43783621
    8.05500000    1.43282965
    8.08000000    1.43020295
    8.10500000    1.43083473
    8.13000000    1.43558083
    8.15500000    1.44455245
    8.18000000    1.45776731
    8.20500000    1.47477935
    8.23000000    1.49421724
    8.25500000    1.51468108
    8.28000000    1.53620679
    8.30500000    1.55697659
    8.33000000    1.57376710
    8.35500000    1.58521621
    8.38000000    1.59199330
    8.40500000    1.59568857
    8.43000000    1.59800718
    8.45500000    1.59955959
    8.48000000    1.60058373
    8.50500000    1.60263226
    8.53000000    1.60668455
    8.55500000    1.61218103
    8.58000000    1.61822141
    8.60500000    1.62493831
    8.63000000    1.63212625
    8.65500000    1.63895278
    8.68000000    1.64615979
    8.70500000    1.65510025
    8.73000000    1.66621110
    8.75500000    1.67825327
    8.78000000    1.69048448
    8.80500000    1.70208247
    8.83000000    1.71044695
    8.85500000    1.71454484
    8.88000000    1.71520110
    8.90500000    1.71287089
    8.93000000    1.70813540
    8.95500000    1.70319777
    8.98000000    1.69970172
    9.00500000    1.69750626
    9.03000000    1.69541092
    9.05500000    1.69385562
    9.08000000    1.69292704
    9.10500000    1.69323852
    9.13000000    1.69440468
    9.15500000    1.69609330
    9.18000000    1.69834028
    9.20500000    1.70072475
    9.23000000    1.70311865
    9.25500000    1.70500204
    9.28000000    1.70533294
    9.30500000    1.70361982
    9.33000000    1.70033392
    9.35500000    1.69724665
    9.38000000    1.69673283
    9.40500000    1.70077128
    9.43000000    1.70970544
    9.45500000    1.72134929
    9.48000000    1.73233898
    9.50500000    1.74003952
    9.53000000    1.74310496
    9.55500000    1.74222645
    9.58000000    1.74066015
    9.60500000    1.74135591
    9.63000000    1.74498018
    9.65500000    1.75092467
    9.68000000    1.75903642
    9.70500000    1.76961870
    9.73000000    1.78201272
    9.75500000    1.79453369
    9.78000000    1.80482017
    9.80500000    1.81198707
    9.83000000    1.81754206
    9.85500000    1.82296910
    9.88000000    1.82838801
    9.90500000    1.83272798
    9.93000000    1.83612423
    9.95500000    1.84029066
    9.98000000    1.84700960
   10.00500000    1.85808446
   10.03000000    1.87311250
   10.05500000    1.89069140
   10.08000000    1.90912817
   10.10500000    1.92504211
   10.13000000    1.93800158
   10.15500000    1.95039809
   10.18000000    1.96364334
   10.20500000    1.97695263
   10.23000000    1.98777895
   10.25500000    1.99484080
   10.28000000    1.99854802
   10.30500000    1.99998476
   10.33000000    2.00098896
   10.35500000    2.00349615
   10.38000000    2.00857765
   10.40500000    2.01630750
   10.43000000    2.02553447
   10.45500000    2.03470300
   10.48000000    2.04463570
   10.50500000    2.05611218
   10.53000000    2.06803438
   10.55500000    2.07979340
   10.58000000    2.09169601
   10.60500000    2.10397279
   10.63000000    2.11807903
   10.65500000    2.13583431
   10.68000000    2.15700428
   10.70500000    2.18029178
   10.73000000    2.20321541
   10.75500000    2.22279608
   10.78000000    2.23950109
   10.80500000    2.25460105
   10.83000000    2.26701048
   10.85500000    2.27535673
   10.88000000    2.28085251
   10.90500000    2.28621542
   10.93000000    2.29344173
   10.95500000    2.30306908
   10.98000000    2.31441072
   11.00500000    2.32581577
   11.03000000    2.33628997
   11.05500000    2.34538323
   11.08000000    2.35358947
   11.10500000    2.36126486
   11.13000000    2.36730472
   11.15500000    2.37063006
   11.18000000    2.37188588
   11.20500000    2.37153660
   11.23000000    2.37025290
   11.25500000    2.37017614
   11.28000000    2.37183153
   11.30500000    2.37454572
   11.33000000    2.37830149
   11.35500000    2.38384873
   11.38000000    2.39180720
   11.40500000    2.40145357
   11.43000000    2.41204527
   11.45500000    2.42201084
   11.48000000    2.42884852
   11.50500000    2.43108368
   11.53000000    2.42868290
   11.55500000    2.42267675
   11.58000000    2.41510387
   11.60500000    2.40813842
   11.63000000    2.40118130
   11.65500000    2.39451903
   11.68000000    2.38902702
   11.70500000    2.38497906
   11.73000000    2.38275769
   11.75500000    2.38140794
   11.78000000    2.38025750
   11.80500000    2.37908248
   11.83000000    2.37702802
   11.85500000    2.37384156
   11.88000000    2.36973715
   11.90500000    2.36699228
   11.93000000    2.37006204
   11.95500000    2.38025888
   11.98000000    2.39581932
   12.00500000    2.41200783
   12.03000000    2.42471768
   12.05500000    2.43355336
   12.08000000    2.43984344
   12.10500000    2.44545983
   12.13000000    2.45221307
   12.15500000    2.46035847
   12.18000000    2.46957322
   12.20500000    2.47914034
   12.23000000    2.48883570
   12.25500000    2.49912698
   12.28000000    2.51113070
   12.30500000    2.52431409
   12.33000000    2.53563161
   12.35500000    2.54421672
   12.38000000    2.55275480
   12.40500000    2.56237816
   12.43000000    2.57193787
   12.45500000    2.58058509
   12.48000000    2.58921652
   12.50500000    2.59861169
   12.53000000    2.60907831
   12.55500000    2.62077239
   12.58000000    2.63379161
   12.60500000    2.64777841
   12.63000000    2.66121125
   12.65500000    2.67281692
   12.68000000    2.68165418
   12.70500000    2.68776230
   12.73000000    2.69260942
   12.75500000    2.69909817
   12.78000000    2.70920152
   12.80500000    2.72186485
   12.83000000    2.73465302
   12.85500000    2.74555190
   12.88000000    2.75390327
   12.90500000    2.75996506
   12.93000000    2.76644546
   12.95500000    2.77536470
   12.98000000    2.78590723
   13.00500000    2.79712760
   13.03000000    2.80924479
   13.05500000    2.82209799
   13.08000000    2.83388224
   13.10500000    2.84400591
   13.13000000    2.85475615
   13.15500000    2.86777907
   13.18000000    2.88270775
   13.20500000    2.89895005
   13.23000000    2.91455905
   13.25500000    2.92673337
   13.28000000    2.93415410
   13.30500000    2.93648273
   13.33000000    2.93464892
   13.35500000    2.92908215
   13.38000000    2.92147062
   13.40500000    2.91621693
   13.43000000    2.91564565
   13.45500000    2.91890988
   13.48000000    2.92629499
   13.50500000    2.93754619
   13.53000000    2.95064968
   13.55500000    2.96247545
   13.58000000    2.96881329
   13.60500000    2.96864451
   13.63000000    2.96556328
   13.65500000    2.96227957
   13.68000000    2.95895190
   13.70500000    2.95647798
   13.73000000    2.95634241
   13.75500000    2.95874218
   13.78000000    2.96291117
   13.80500000    2.96756064
   13.83000000    2.97142154
   13.85500000    2.97487563
   13.88000000    2.97953524
   13.90500000    2.98717581
   13.93000000    2.99782531
   13.95500000    3.00853023
   13.98000000    3.01512366
   14.00500000    3.01649881
   14.03000000    3.01575742
   14.05500000    3.01522188
   14.08000000    3.01520645
   14.10500000    3.01465249
   14.13000000    3.01250881
   14.15500000    3.01032920
   14.18000000    3.01044143
   14.20500000    3.01289014
   14.23000000    3.01593922
   14.25500000    3.01719522
   14.28000000    3.01558631
   14.30500000    3.01162311
   14.33000000    3.00531594
   14.35500000    2.99802111
   14.38000000    2.99268173
   14.40500000    2.99062415
   14.43000000    2.99084918
   14.45500000    2.99209349
   14.48000000    2.99434317
   14.50500000    2.99572957
   14.53000000    2.99197416
   14.55500000    2.98578620
   14.58000000    2.98493455
   14.60500000    2.99244774
   14.63000000    3.00476877
   14.65500000    3.01697413
   14.68000000    3.02904221
   14.70500000    3.04325935
   14.73000000    3.06018481
   14.75500000    3.07832568
   14.78000000    3.09555869
   14.80500000    3.10975015
   14.83000000    3.11865670
   14.85500000    3.12212148
   14.88000000    3.12185766
   14.90500000    3.11828402
   14.93000000    3.11214632
   14.95500000    3.10577663
   14.98000000    3.10120302
   15.00500000    3.10000775
   15.03000000    3.10233170
   15.05500000    3.10837086
   15.08000000    3.11874211
   15.10500000    3.13373052
   15.13000000    3.15298544
   15.15500000    3.17610514
   15.18000000    3.20163834
   15.20500000    3.22713599
   15.23000000    3.25106014
   15.25500000    3.27300524
   15.28000000    3.29431031
   15.30500000    3.31505652
   15.33000000    3.33353052
   15.35500000    3.34785505
   15.38000000    3.35717135
   15.40500000    3.36174173
   15.43000000    3.36373323
   15.45500000    3.36827080
   15.48000000    3.37766593
   15.50500000    3.38969861
   15.53000000    3.40004244
   15.55500000    3.40566521
   15.58000000    3.40607474
   15.60500000    3.40252456
   15.63000000    3.39957920
   15.65500000    3.40329178
   15.68000000    3.41603629
   15.70500000    3.43484030
   15.73000000    3.45535131
   15.75500000    3.47333586
   15.78000000    3.48426887
   15.80500000    3.48885441
   15.83000000    3.49148817
   15.85500000    3.49552489
   15.88000000    3.50242970
   15.90500000    3.51203472
   15.93000000    3.52258458
   15.95500000    3.53185789
   15.98000000    3.54008303
   16.00500000    3.54912689
   16.03000000    3.55871925
   16.05500000    3.56721664
   16.08000000    3.57400522
   16.10500000    3.58070116
   16.13000000    3.58850474
   16.15500000    3.59705608
   16.18000000    3.60655418
   16.20500000    3.61762858
   16.23000000    3.63025071
   16.25500000    3.64335010
   16.28000000    3.65393099
   16.30500000    3.65963549
   16.33000000    3.66215611
   16.35500000    3.66407481
   16.38000000    3.66739361
   16.40500000    3.67237239
   16.43000000    3.67852271
   16.45500000    3.68557556
   16.48000000    3.69259843
   16.50500000    3.70070583
   16.53000000    3.71129346
   16.55500000    3.72172277
   16.58000000    3.72991829
   16.60500000    3.73674691
   16.63000000    3.74474962
   16.65500000    3.75587013
   16.68000000    3.76838154
   16.70500000    3.77987466
   16.73000000    3.79187022
   16.75500000    3.80707281
   16.78000000    3.82517782
   16.80500000    3.84402635
   16.83000000    3.86191029
   16.85500000    3.87718026
   16.88000000    3.88713474
   16.90500000    3.88842589
   16.93000000    3.88114838
   16.95500000    3.86893682
   16.98000000    3.85569598
   17.00500000    3.84747552
   17.03000000    3.84872421
   17.05500000    3.85546815
   17.08000000    3.86130414
   17.10500000    3.86496989
   17.13000000    3.86953543
   17.15500000    3.87631081
   17.18000000    3.88242704
   17.20500000    3.88782879
   17.23000000    3.89684074
   17.25500000    3.91245388
   17.28000000    3.93188329
   17.30500000    3.95169964
   17.33000000    3.97095146
   17.35500000    3.99075894
   17.38000000    4.01085120
   17.40500000    4.02884988
   17.43000000    4.04316868
   17.45500000    4.05450991
   17.48000000    4.06355715
   17.50500000    4.06990812
   17.53000000    4.07274284
   17.55500000    4.07461882
   17.58000000    4.07758496
   17.60500000    4.08174822
   17.63000000    4.08822494
   17.65500000    4.09753570
   17.68000000    4.10775291
   17.70500000    4.11578716
   17.73000000    4.11976971
   17.75500000    4.12262934
   17.78000000    4.12641607
   17.80500000    4.13062932
   17.83000000    4.13490361
   17.85500000    4.13828275
   17.88000000    4.13793657
   17.90500000    4.13213455
   17.93000000    4.12358867
   17.95500000    4.11633959
   17.98000000    4.11193502
   18.00500000    4.11128096
   18.03000000    4.11439783
   18.05500000    4.11928377
   18.08000000    4.12252233
   18.10500000    4.12133026
   18.13000000    4.11672519
   18.15500000    4.11150012
   18.18000000    4.10629960
   18.20500000    4.10093914
   18.23000000    4.09426482
   18.25500000    4.08443315
   18.28000000    4.07206426
   18.30500000    4.06125492
   18.33000000    4.05371277
   18.35500000    4.04775828
   18.38000000    4.04173956
   18.40500000    4.03464531
   18.43000000    4.02845203
   18.45500000    4.02434522
   18.48000000    4.02034565
   18.50500000    4.01447440
   18.53000000    4.00691000
   18.55500000    3.99917031
   18.58000000    3.99127167
   18.60500000    3.98372445
   18.63000000    3.97895710
   18.65500000    3.97892893
   18.68000000    3.98238571
   18.70500000    3.98676233
   18.73000000    3.99146389
   18.75500000    3.99665914
   18.78000000    4.00122191
   18.80500000    4.00262177
   18.83000000    4.00044476
   18.85500000    3.99723902
   18.88000000    3.99549862
   18.90500000    3.99720663
   18.93000000    4.00079402
   18.95500000    4.00074394
   18.98000000    3.99474029
   19.00500000    3.98808468
   19.03000000    3.98712076
   19.05500000    3.99322111
   19.08000000    4.00476451
   19.10500000    4.01761247
   19.13000000    4.02613953
   19.15500000    4.02989813
   19.18000000    4.03250118
   19.20500000    4.03657397
   19.23000000    4.04072012
   19.25500000    4.04319903
   19.28000000    4.04458438
   19.30500000    4.04573024
   19.33000000    4.04533270
   19.35500000    4.04185459
   19.38000000    4.03647271
   19.40500000    4.03139283
   19.43000000    4.02696755
   19.45500000    4.02493819
   19.48000000    4.02718054
   19.50500000    4.03140986
   19.53000000    4.03481057
   19.55500000    4.03568523
   19.58000000    4.03403282
   19.60500000    4.03371195
   19.63000000    4.03861567
   19.65500000    4.04735412
   19.68000000    4.05578184
   19.70500000    4.06374200
   19.73000000    4.07302763
   19.75500000    4.08254015
   19.78000000    4.08821132
   19.80500000    4.08929566
   19.83000000    4.08957456
   19.85500000    4.09062512
   19.88000000    4.09118759
   19.90500000    4.09088911
   19.93000000    4.08952205
   19.95500000    4.08635080
   19.98000000    4.08347469
   20.00500000    4.08310839
   20.03000000    4.08395458
   20.05500000    4.08478066
   20.08000000    4.08542212
   20.10500000    4.08500259
   20.13000000    4.08438201
   20.15500000    4.08428425
   20.18000000    4.08349982
   20.20500000    4.08163111
   20.23000000    4.07869142
   20.25500000    4.07562377
   20.28000000    4.07321111
   20.30500000    4.07069175
   20.33000000    4.06803781
   20.35500000    4.06673225
   20.38000000    4.06708198
   20.40500000    4.06911277
   20.43000000    4.07319705
   20.45500000    4.07606125
   20.48000000    4.07591194
   20.50500000    4.07719728
   20.53000000    4.08352862
   20.55500000    4.09364685
   20.58000000    4.10538544
   20.60500000    4.11850679
   20.63000000    4.13354120
   20.65500000    4.14996112
   20.68000000    4.16817319
   20.70500000    4.18790481
   20.73000000    4.20572241
   20.75500000    4.21839813
   20.78000000    4.22602950
   20.80500000    4.23232390
   20.83000000    4.24166092
   20.85500000    4.25445573
   20.88000000    4.26767008
   20.90500000    4.28156056
   20.93000000    4.29887026
   20.95500000    4.31861004
   20.98000000    4.33723728
   21.00500000    4.35376578
   21.03000000    4.36517674
   21.05500000    4.37121273
   21.08000000    4.37248835
   21.10500000    4.37139286
   21.13000000    4.37020824
   21.15500000    4.36890100
   21.18000000    4.36668073
   21.20500000    4.36583006
   21.23000000    4.36933906
   21.25500000    4.37825629
   21.28000000    4.39272933
   21.30500000    4.41015048
   21.33000000    4.42670668
   21.35500000    4.44035828
   21.38000000    4.45190653
   21.40500000    4.46175188
   21.43000000    4.46942986
   21.45500000    4.47606889
   21.48000000    4.48202536
   21.50500000    4.48840840
   21.53000000    4.49776495
   21.55500000    4.51131403
   21.58000000    4.52934778
   21.60500000    4.54889792
   21.63000000    4.56655657
   21.65500000    4.58006882
   21.68000000    4.58818795
   21.70500000    4.59236301
   21.73000000    4.59548840
   21.75500000    4.59903152
   21.78000000    4.60432878
   21.80500000    4.61344491
   21.83000000    4.62738930
   21.85500000    4.64843867
   21.88000000    4.67716274
   21.90500000    4.70954292
   21.93000000    4.73995671
   21.95500000    4.76256866
   21.98000000    4.77476362
   22.00500000    4.77754880
   22.03000000    4.77056738
   22.05500000    4.75529808
   22.08000000    4.73649508
   22.10500000    4.71912373
   22.13000000    4.70722312
   22.15500000    4.70166595
   22.18000000    4.70092204
   22.20500000    4.70200051
   22.23000000    4.70011494
   22.25500000    4.69310603
   22.28000000    4.68310208
   22.30500000    4.67429304
   22.33000000    4.67048765
   22.35500000    4.67132217
   22.38000000    4.67414010
   22.40500000    4.67893843
   22.43000000    4.68564453
   22.45500000    4.69147071
   22.48000000    4.69509346
   22.50500000    4.69792681
   22.53000000    4.70128884
   22.55500000    4.70654645
   22.58000000    4.71503619
   22.60500000    4.72600833
   22.63000000    4.73710717
   22.65500000    4.74830146
   22.68000000    4.76076918
   22.70500000    4.77485433
   22.73000000    4.78942398
   22.75500000    4.80408875
   22.78000000    4.82070492
   22.80500000    4.83949155
   22.83000000    4.85734123
   22.85500000    4.87185411
   22.88000000    4.88323838
   22.90500000    4.89188651
   22.93000000    4.89905793
   22.95500000    4.90581393
   22.98000000    4.91090488
   23.00500000    4.91313103
   23.03000000    4.91340009
   23.05500000    4.91317604
   23.08000000    4.91195005
   23.10500000    4.90944838
   23.13000000    4.90822490
   23.15500000    4.90847254
   23.18000000    4.90988246
   23.20500000    4.91192041
   23.23000000    4.91196970
   23.25500000    4.90746304
   23.28000000    4.89920900
   23.30500000    4.89224383
   23.33000000    4.88753661
   23.35500000    4.88200608
   23.38000000    4.87422075
   23.40500000    4.86676030
   23.43000000    4.86175831
   23.45500000    4.85780999
   23.48000000    4.85399140
   23.50500000    4.85297340
   23.53000000    4.85670900
   23.55500000    4.86295545
   23.58000000    4.86632075
   23.60500000    4.86432130
   23.63000000    4.85851695
   23.65500000    4.84972237
   23.68000000    4.84313159
   23.70500000    4.84296511
   23.73000000    4.84550148
   23.75500000    4.84588218
   23.78000000    4.84447216
   23.80500000    4.84291906
   23.83000000    4.84080614
   23.85500000    4.83863952
   23.88000000    4.83700964
   23.90500000    4.83350432
   23.93000000    4.82577739
   23.95500000    4.81586199
   23.98000000    4.80550657
   24.00500000    4.79633208
   24.03000000    4.79361297
   24.05500000    4.80267341
   24.08000000    4.82197943
   24.10500000    4.84518511
   24.13000000    4.86784982
   24.15500000    4.88719575
   24.18000000    4.90245959
   24.20500000    4.91357625
   24.23000000    4.92090263
   24.25500000    4.92403447
   24.28000000    4.92134691
   24.30500000    4.91382364
   24.33000000    4.90498797
   24.35500000    4.89801948
   24.38000000    4.89498901
   24.40500000    4.89599192
   24.43000000    4.90064768
   24.45500000    4.90948066
   24.48000000    4.92180710
   24.50500000    4.93606496
   24.53000000    4.94914872
   24.55500000    4.95789882
   24.58000000    4.96086922
   24.60500000    4.95765741
   24.63000000    4.95008742
   24.65500000    4.94188375
   24.68000000    4.93615951
   24.70500000    4.93452731
   24.73000000    4.93506900
   24.75500000    4.93511331
   24.78000000    4.93600932
   24.80500000    4.93982697
   24.83000000    4.94470864
   24.85500000    4.94887841
   24.88000000    4.95408498
   24.90500000    4.96202344
   24.93000000    4.97263727
   24.95500000    4.98459578
   24.98000000    4.99688355
   25.00500000    5.00938590
   25.03000000    5.01965933
   25.05500000    5.02493164
   25.08000000    5.02588523
   25.10500000    5.02443396
   25.13000000    5.02172901
   25.15500000    5.02080998
   25.18000000    5.02484590
   25.20500000    5.03493377
   25.23000000    5.04926061
   25.25500000    5.06422011
   25.28000000    5.07624184
   25.30500000    5.08354429
   25.33000000    5.08587048
   25.35500000    5.08409390
   25.38000000    5.07896405
   25.40500000    5.07254907
   25.43000000    5.07035850
   25.45500000    5.07490616
   25.48000000    5.08380290
   25.50500000    5.09497004
   25.53000000    5.10747810
   25.55500000    5.11666018
   25.58000000    5.12251034
   25.60500000    5.12778940
   25.63000000    5.13378725
   25.65500000    5.14188102
   25.68000000    5.15363799
   25.70500000    5.16858013
   25.73000000    5.18327567
   25.75500000    5.19496722
   25.78000000    5.20258272
   25.80500000    5.20879511
   25.83000000    5.21658670
   25.85500000    5.22405499
   25.88000000    5.22853261
   25.90500000    5.22834633
   25.93000000    5.22419481
   25.95500000    5.22218819
   25.98000000    5.22630842
   26.00500000    5.23643195
   26.03000000    5.25152895
   26.05500000    5.27020860
   26.08000000    5.29007401
   26.10500000    5.31035578
   26.13000000    5.33317710
   26.15500000    5.35851062
   26.18000000    5.38339155
   26.20500000    5.40375394
   26.23000000    5.41547524
   26.25500000    5.41857402
   26.28000000    5.41620447
   26.30500000    5.41145278
   26.33000000    5.40707623
   26.35500000    5.40530793
   26.38000000    5.40724139
   26.40500000    5.41297131
   26.43000000    5.42383262
   26.45500000    5.43940287
   26.48000000    5.45507559
   26.50500000    5.46432432
   26.53000000    5.46875859
   26.55500000    5.47424585
   26.58000000    5.47990579
   26.60500000    5.48548082
   26.63000000    5.49393980
   26.65500000    5.50659208
   26.68000000    5.52339037
   26.70500000    5.54378463
   26.73000000    5.56334492
   26.75500000    5.57515882
   26.78000000    5.57961117
   26.80500000    5.58624133
   26.83000000    5.59960581
   26.85500000    5.61618751
   26.88000000    5.63386789
   26.90500000    5.65430167
   26.93000000    5.67942978
   26.95500000    5.70951705
   26.98000000    5.74255298
   27.00500000    5.77458216
   27.03000000    5.80235215
   27.05500000    5.82309385
   27.08000000    5.83802811
   27.10500000    5.85212390
   27.13000000    5.86745109
   27.15500000    5.88283217
   27.18000000    5.89928415
   27.20500000    5.91908760
   27.23000000    5.94203550
   27.25500000    5.96386275
   27.28000000    5.98106927
   27.30500000    5.99117650
   27.33000000    5.99304921
   27.35500000    5.99090130
   27.38000000    5.99110161
   27.40500000    5.99559406
   27.43000000    6.00096348
   27.45500000    6.00176538
   27.48000000    5.99637057
   27.50500000    5.99122131
   27.53000000    5.99362203
   27.55500000    6.00656770
   27.58000000    6.02744217
   27.60500000    6.04967442
   27.63000000    6.06540017
   27.65500000    6.07275006
   27.68000000    6.07722607
   27.70500000    6.08229928
   27.73000000    6.08628583
   27.75500000    6.08543372
   27.78000000    6.07708321
   27.80500000    6.06068094
   27.83000000    6.03943091
   27.85500000    6.01761757
   27.88000000    5.99855007
   27.90500000    5.98443018
   27.93000000    5.97771654
   27.95500000    5.97829690
   27.98000000    5.98254743
   28.00500000    5.98976329
   28.03000000    5.99877484
   28.05500000    6.00431455
   28.08000000    6.00342512
   28.10500000    6.00127752
   28.13000000    6.00242418
   28.15500000    6.00540270
   28.18000000    6.00716034
   28.20500000    6.00763708
   28.23000000    6.01131622
   28.25500000    6.02226253
   28.28000000    6.03973488
   28.30500000    6.06066990
   28.33000000    6.08068809
   28.35500000    6.09634239
   28.38000000    6.10470892
   28.40500000    6.10328145
   28.43000000    6.09352154
   28.45500000    6.08107126
   28.48000000    6.07327312
   28.50500000    6.07661154
   28.53000000    6.09201319
   28.55500000    6.11288593
   28.58000000    6.13135862
   28.60500000    6.13987838
   28.63000000    6.13434741
   28.65500000    6.12150380
   28.68000000    6.10916204
   28.70500000    6.10167620
   28.73000000    6.09882211
   28.75500000    6.09653172
   28.78000000    6.09134261
   28.80500000    6.08465380
   28.83000000    6.07700741
   28.85500000    6.06750021
   28.88000000    6.05724437
   28.90500000    6.04960998
   28.93000000    6.04916169
   28.95500000    6.05657379
   28.98000000    6.06774603
   29.00500000    6.07723084
   29.03000000    6.08454504
   29.05500000    6.09054066
   29.08000000    6.09548650
   29.10500000    6.10082884
   29.13000000    6.10668126
   29.15500000    6.11127394
   29.18000000    6.11352348
   29.20500000    6.11468188
   29.23000000    6.11738443
   29.25500000    6.12278305
   29.28000000    6.12894190
   29.30500000    6.13203750
   29.33000000    6.13345447
   29.35500000    6.13838663
   29.38000000    6.14815964
   29.40500000    6.15952543
   29.43000000    6.17047687
   29.45500000    6.18093525
   29.48000000    6.19033778
   29.50500000    6.19849555
   29.53000000    6.20522861
   29.55500000    6.21049028
   29.58000000    6.21347996
   29.60500000    6.21326527
   29.63000000    6.20963250
   29.65500000    6.20291200
   29.68000000    6.19776241
   29.70500000    6.19911449
   29.73000000    6.20617614
   29.75500000    6.21613442
   29.78000000    6.22698486
   29.80500000    6.23667832
   29.83000000    6.24625445
   29.85500000    6.25833753
   29.88000000    6.27242149
   29.90500000    6.28597714
   29.93000000    6.29738106
   29.95500000    6.30870863
   29.98000000    6.32367658
   30.00500000    6.34293394
   30.03000000    6.36555183
   30.05500000    6.39149107
   30.08000000    6.42107006
   30.10500000    6.45153627
   30.13000000    6.47850453
   30.15500000    6.50028157
   30.18000000    6.51799538
   30.20500000    6.53348909
   30.23000000    6.54983937
   30.25500000    6.56858353
   30.28000000    6.58701895
   30.30500000    6.60271004
   30.33000000    6.61418454
   30.35500000    6.61934306
   30.38000000    6.62050053
   30.40500000    6.62084491
   30.43000000    6.62175559
   30.45500000    6.62336257
   30.48000000    6.62524085
   30.50500000    6.63007783
   30.53000000    6.64094736
   30.55500000    6.65823089
   30.58000000    6.67899172
   30.60500000    6.70057121
   30.63000000    6.72236291
   30.65500000    6.74387573
   30.68000000    6.76226546
   30.70500000    6.77450440
   30.73000000    6.78211176
   30.75500000    6.78830338
   30.78000000    6.79136636
   30.80500000    6.78824599
   30.83000000    6.78300013
   30.85500000    6.78326509
   30.88000000    6.78949555
   30.90500000    6.79425736
   30.93000000    6.79287818
   30.95500000    6.78967199
   30.98000000    6.79007072
   31.00500000    6.79526453
   31.03000000    6.80125085
   31.05500000    6.80408248
   31.08000000    6.80440192
   31.10500000    6.80569625
   31.13000000    6.81055730
   31.15500000    6.81889717
   31.18000000    6.82952858
   31.20500000    6.84011957
   31.23000000    6.85044929
   31.25500000    6.86141958
   31.28000000    6.87038464
   31.30500000    6.87504255
   31.33000000    6.87604703
   31.35500000    6.87565406
   31.38000000    6.87813200
   31.40500000    6.88669420
   31.43000000    6.90121054
   31.45500000    6.92059596
   31.48000000    6.94474176
   31.50500000    6.97437594
   31.53000000    7.00546583
   31.55500000    7.03057084
   31.58000000    7.04630567
   31.60500000    7.05279843
   31.63000000    7.05269190
   31.65500000    7.04907019
   31.68000000    7.04475732
   31.70500000    7.04209461
   31.73000000    7.04146148
   31.75500000    7.04553728
   31.78000000    7.05537586
   31.80500000    7.06885151
   31.83000000    7.08368724
   31.85500000    7.09670800
   31.88000000    7.10367303
   31.90500000    7.11058861
   31.93000000    7.12604086
   31.95500000    7.15301096
   31.98000000    7.19089563
   32.00500000    7.23171537
   32.03000000    7.26459607
   32.05500000    7.28478432
   32.08000000    7.29594727
   32.10500000    7.30072156
   32.13000000    7.30075408
   32.15500000    7.30003203
   32.18000000    7.30176990
   32.20500000    7.30851505
   32.23000000    7.31896166
   32.25500000    7.33033792
   32.28000000    7.34089565
   32.30500000    7.34677176
   32.33000000    7.34547606
   32.35500000    7.34039541
   32.38000000    7.33956862
   32.40500000    7.34757187
   32.43000000    7.35990759
   32.45500000    7.37193956
   32.48000000    7.38358360
   32.50500000    7.39582600
   32.53000000    7.40916316
   32.55500000    7.42215408
   32.58000000    7.43407312
   32.60500000    7.44649538
   32.63000000    7.46021603
   32.65500000    7.47534854
   32.68000000    7.49465425
   32.70500000    7.52017176
   32.73000000    7.54749878
   32.75500000    7.57137083
   32.78000000    7.58936675
   32.80500000    7.60084422
   32.83000000    7.60734069
   32.85500000    7.61018599
   32.88000000    7.60927958
   32.90500000    7.60502614
   32.93000000    7.59958064
   32.95500000    7.59671950
   32.98000000    7.60027204
   33.00500000    7.61075070
   33.03000000    7.62395912
   33.05500000    7.63643006
   33.08000000    7.64866059
   33.10500000    7.66470906
   33.13000000    7.68757955
   33.15500000    7.71655932
   33.18000000    7.75037122
   33.20500000    7.78880702
   33.23000000    7.82920198
   33.25500000    7.86635839
   33.28000000    7.89755798
   33.30500000    7.92037487
   33.33000000    7.93459885
   33.35500000    7.94196079
   33.38000000    7.94402163
   33.40500000    7.94411125
   33.43000000    7.94194259
   33.45500000    7.93517266
   33.48000000    7.92352359
   33.50500000    7.90974472
   33.53000000    7.89553912
   33.55500000    7.88336291
   33.58000000    7.87845833
   33.60500000    7.88379051
   33.63000000    7.89700920
   33.65500000    7.91254269
   33.68000000    7.92464581
   33.70500000    7.93361820
   33.73000000    7.94209932
   33.75500000    7.94673432
   33.78000000    7.94292024
   33.80500000    7.93172730
   33.83000000    7.91910760
   33.85500000    7.91036205
   33.88000000    7.90867643
   33.90500000    7.91464921
   33.93000000    7.92682539
   33.95500000    7.94459334
   33.98000000    7.96666676
   34.00500000    7.99372078
   34.03000000    8.02701461
   34.05500000    8.06576804
   34.08000000    8.10754736
   34.10500000    8.14989234
   34.13000000    8.19096378
   34.15500000    8.22845850
   34.18000000    8.26033989
   34.20500000    8.28866357
   34.23000000    8.31779679
   34.25500000    8.34655633
   34.28000000    8.37207578
   34.30500000    8.39339274
   34.33000000    8.40918599
   34.35500000    8.41848201
   34.38000000    8.42329175
   34.40500000    8.42614218
   34.43000000    8.42609251
   34.45500000    8.42245337
   34.48000000    8.41620166
   34.50500000    8.41066752
   34.53000000    8.41389840
   34.55500000    8.42959854
   34.58000000    8.45607080
   34.60500000    8.48946366
   34.63000000    8.52283234
   34.65500000    8.54713246
   34.68000000    8.55888479
   34.70500000    8.56331812
   34.73000000    8.56756169
   34.75500000    8.57309364
   34.78000000    8.57909356
   34.80500000    8.58558525
   34.83000000    8.59364011
   34.85500000    8.60183985
   34.88000000    8.60836671
   34.90500000    8.61507394
   34.93000000    8.62433654
   34.95500000    8.63534112
   34.98000000    8.64620587
   35.00500000    8.65555935
   35.03000000    8.66367947
   35.05500000    8.67199003
   35.08000000    8.67874076
   35.10500000    8.68367983
   35.13000000    8.68985039
   35.15500000    8.69397082
   35.18000000    8.69073820
   35.20500000    8.68444204
   35.23000000    8.68190840
   35.25500000    8.68754200
   35.28000000    8.70256237
   35.30500000    8.72061598
   35.33000000    8.73302837
   35.35500000    8.73904260
   35.38000000    8.74128855
   35.40500000    8.74205298
   35.43000000    8.74212852
   35.45500000    8.74138834
   35.48000000    8.74138518
   35.50500000    8.74175560
   35.53000000    8.74096743
   35.55500000    8.73806592
   35.58000000    8.72977080
   35.60500000    8.71602982
   35.63000000    8.70463669
   35.65500000    8.70094109
   35.68000000    8.70625779
   35.70500000    8.71876496
   35.73000000    8.73486384
   35.75500000    8.75344193
   35.78000000    8.77340398
   35.80500000    8.79241399
   35.83000000    8.80864454
   35.85500000    8.82192307
   35.88000000    8.83421913
   35.90500000    8.84569056
   35.93000000    8.85543029
   35.95500000    8.86318696
   35.98000000    8.87001678
   36.00500000    8.87891825
   36.03000000    8.89174138
   36.05500000    8.90517762
   36.08000000    8.91336870
   36.10500000    8.91634095
   36.13000000    8.91890795
   36.15500000    8.92289036
   36.18000000    8.92831041
   36.20500000    8.93595061
   36.23000000    8.94507171
   36.25500000    8.95381203
   36.28000000    8.96067266
   36.30500000    8.96449775
   36.33000000    8.96458481
   36.35500000    8.96237290
   36.38000000    8.96162309
   36.40500000    8.96615399
   36.43000000    8.97770779
   36.45500000    8.99655339
   36.48000000    9.02015115
   36.50500000    9.04316682
   36.53000000    9.06373339
   36.55500000    9.08280762
   36.58000000    9.09975961
   36.60500000    9.11260837
   36.63000000    9.12097308
   36.65500000    9.12432383
   36.68000000    9.12180823
   36.70500000    9.11606765
   36.73000000    9.11079173
   36.75500000    9.10851299
   36.78000000    9.11051192
   36.80500000    9.11452128
   36.83000000    9.11762259
   36.85500000    9.11828596
   36.88000000    9.11439246
   36.90500000    9.10506173
   36.93000000    9.09038564
   36.95500000    9.07082631
   36.98000000    9.04990899
   37.00500000    9.03254318
   37.03000000    9.02286305
   37.05500000    9.02147473
   37.08000000    9.02902840
   37.10500000    9.04568095
   37.13000000    9.06755653
   37.15500000    9.09055325
   37.18000000    9.11025375
   37.20500000    9.12488501
   37.23000000    9.14075782
   37.25500000    9.16073648
   37.28000000    9.18179819
   37.30500000    9.19892436
   37.33000000    9.20841636
   37.35500000    9.21035289
   37.38000000    9.20674372
   37.40500000    9.19953791
   37.43000000    9.19201016
   37.45500000    9.18748716
   37.48000000    9.18961609
   37.50500000    9.19938284
   37.53000000    9.21399826
   37.55500000    9.22862446
   37.58000000    9.23564689
   37.60500000    9.22995463
   37.63000000    9.21193168
   37.65500000    9.18613270
   37.68000000    9.16000200
   37.70500000    9.13830148
   37.73000000    9.12132897
   37.75500000    9.10435893
   37.78000000    9.08832360
   37.80500000    9.07695880
   37.83000000    9.07270992
   37.85500000    9.07707254
   37.88000000    9.08911468
   37.90500000    9.10892614
   37.93000000    9.13668850
   37.95500000    9.16625804
   37.98000000    9.19179399
   38.00500000    9.20972835
   38.03000000    9.21816904
   38.05500000    9.21817110
   38.08000000    9.21087826
   38.10500000    9.19610173
   38.13000000    9.17796991
   38.15500000    9.16368848
   38.18000000    9.15799004
   38.20500000    9.16086033
   38.23000000    9.16856229
   38.25500000    9.17611667
   38.28000000    9.17900998
   38.30500000    9.17636233
   38.33000000    9.17149098
   38.35500000    9.17223725
   38.38000000    9.18203611
   38.40500000    9.19557683
   38.43000000    9.20808383
   38.45500000    9.21755619
   38.48000000    9.22529308
   38.50500000    9.23504062
   38.53000000    9.24752860
   38.55500000    9.26276887
   38.58000000    9.27986887
   38.60500000    9.29605331
   38.63000000    9.31043933
   38.65500000    9.32375417
   38.68000000    9.33413266
   38.70500000    9.33914311
   38.73000000    9.34236037
   38.75500000    9.34758494
   38.78000000    9.35633309
   38.80500000    9.36944114
   38.83000000    9.38693632
   38.85500000    9.40569052
   38.88000000    9.41825933
   38.90500000    9.41969637
   38.93000000    9.41470102
   38.95500000    9.41231676
   38.98000000    9.41576410
   39.00500000    9.42086976
   39.03000000    9.42077697
   39.05500000    9.41563307
   39.08000000    9.40948844
   39.10500000    9.40509551
   39.13000000    9.40295628
   39.15500000    9.40282960
   39.18000000    9.40436904
   39.20500000    9.40491290
   39.23000000    9.40370656
   39.25500000    9.40106359
   39.28000000    9.40067680
   39.30500000    9.40578550
   39.33000000    9.41446654
   39.35500000    9.42635714
   39.38000000    9.44076250
   39.40500000    9.45299894
   39.43000000    9.45858481
   39.45500000    9.45912518
   39.48000000    9.45919454
   39.50500000    9.46334725
   39.53000000    9.47383584
   39.55500000    9.48942306
   39.58000000    9.50673322
   39.60500000    9.51813214
   39.63000000    9.51890201
   39.65500000    9.50816304
   39.68000000    9.48696332
   39.70500000    9.45939524
   39.73000000    9.43269387
   39.75500000    9.41122924
   39.78000000    9.39070959
   39.80500000    9.36822494
   39.83000000    9.34563516
   39.85500000    9.32582636
   39.88000000    9.31187147
   39.90500000    9.30837313
   39.93000000    9.31625529
   39.95500000    9.32883350
   39.98000000    9.34019564
   40.00500000    9.34881223
   40.03000000    9.35686787
   40.05500000    9.36740323
   40.08000000    9.38172665
   40.10500000    9.39883472
   40.13000000    9.41827561
   40.15500000    9.43824419
   40.18000000    9.45516625
   40.20500000    9.46796073
   40.23000000    9.47667015
   40.25500000    9.47990613
   40.28000000    9.47590005
   40.30500000    9.46488004
   40.33000000    9.44984908
   40.35500000    9.43651383
   40.38000000    9.42881979
   40.40500000    9.42755962
   40.43000000    9.42993729
   40.45500000    9.43184385
   40.48000000    9.43278742
   40.50500000    9.43322102
   40.53000000    9.43267805
   40.55500000    9.43064348
   40.58000000    9.42770785
   40.60500000    9.42679810
   40.63000000    9.42992500
   40.65500000    9.43691291
   40.68000000    9.44525996
   40.70500000    9.45137763
   40.73000000    9.45510975
   40.75500000    9.45867500
   40.78000000    9.45926767
   40.80500000    9.45338131
   40.83000000    9.44471718
   40.85500000    9.43666701
   40.88000000    9.43004484
   40.90500000    9.42325576
   40.93000000    9.41607959
   40.95500000    9.41299463
   40.98000000    9.41585245
   41.00500000    9.42205840
   41.03000000    9.43308629
   41.05500000    9.45026230
   41.08000000    9.46780794
   41.10500000    9.47798701
   41.13000000    9.47516982
   41.15500000    9.45767253
   41.18000000    9.43285548
   41.20500000    9.41202726
   41.23000000    9.40288871
   41.25500000    9.40443115
   41.28000000    9.41354460
   41.30500000    9.42580461
   41.33000000    9.43896150
   41.35500000    9.45075182
   41.38000000    9.46041667
   41.40500000    9.47097732
   41.43000000    9.48408210
   41.45500000    9.49985312
   41.48000000    9.51764352
   41.50500000    9.53230638
   41.53000000    9.53818951
   41.55500000    9.53469762
   41.58000000    9.52650071
   41.60500000    9.52117154
   41.63000000    9.52338039
   41.65500000    9.53189045
   41.68000000    9.54342465
   41.70500000    9.55479604
   41.73000000    9.56280123
   41.75500000    9.56400019
   41.78000000    9.55580476
   41.80500000    9.53803768
   41.83000000    9.51445140
   41.85500000    9.49293611
   41.88000000    9.47817843
   41.90500000    9.46875732
   41.93000000    9.46147663
   41.95500000    9.45614928
   41.98000000    9.45727842
   42.00500000    9.46999993
   42.03000000    9.49043904
   42.05500000    9.51142625
   42.08000000    9.53198876
   42.10500000    9.55480657
   42.13000000    9.58000242
   42.15500000    9.60559726
   42.18000000    9.62979234
   42.20500000    9.65325655
   42.23000000    9.67575295
   42.25500000    9.69593663
   42.28000000    9.71440639
   42.30500000    9.73155686
   42.33000000    9.74515460
   42.35500000    9.74858872
   42.38000000    9.73911029
   42.40500000    9.72130913
   42.43000000    9.69846161
   42.45500000    9.67342933
   42.48000000    9.65127130
   42.50500000    9.63797655
   42.53000000    9.63836457
   42.55500000    9.65190624
   42.58000000    9.67325319
   42.60500000    9.69860366
   42.63000000    9.72609896
   42.65500000    9.75313705
   42.68000000    9.77524367
   42.70500000    9.79247454
   42.73000000    9.80870789
   42.75500000    9.82674349
   42.78000000    9.84706745
   42.80500000    9.86870872
   42.83000000    9.89221154
   42.85500000    9.91815595
   42.88000000    9.94238738
   42.90500000    9.95874909
   42.93000000    9.96728611
   42.95500000    9.97196497
   42.98000000    9.97888252
   43.00500000    9.99310145
   43.03000000   10.01661989
   43.05500000   10.05079345
   43.08000000   10.09158835
   43.10500000   10.13301888
   43.13000000   10.17192538
   43.15500000   10.20617701
   43.18000000   10.23277413
   43.20500000   10.24973672
   43.23000000   10.25401141
   43.25500000   10.24318382
   43.28000000   10.22367881
   43.30500000   10.20646806
   43.33000000   10.20001585
   43.35500000   10.20448760
   43.38000000   10.21225774
   43.40500000   10.21641726
   43.43000000   10.21574295
   43.45500000   10.21198952
   43.48000000   10.20803364
   43.50500000   10.20753916
   43.53000000   10.21168774
   43.55500000   10.21868959
   43.58000000   10.22843782
   43.60500000   10.23948267
   43.63000000   10.24662355
   43.65500000   10.24795164
   43.68000000   10.24710370
   43.70500000   10.24888046
   43.73000000   10.25527239
   43.75500000   10.26510488
   43.78000000   10.27570505
   43.80500000   10.28457497
   43.83000000   10.28937864
   43.85500000   10.28831254
   43.88000000   10.28317331
   43.90500000   10.27702925
   43.93000000   10.27221055
   43.95500000   10.26912984
   43.98000000   10.26780785
   44.00500000   10.26938255
   44.03000000   10.27621147
   44.05500000   10.29224622
   44.08000000   10.31635842
   44.10500000   10.34431300
   44.13000000   10.37146423
   44.15500000   10.39330823
   44.18000000   10.40654256
   44.20500000   10.41143863
   44.23000000   10.41007873
   44.25500000   10.40552070
   44.28000000   10.40529196
   44.30500000   10.41546821
   44.33000000   10.43709048
   44.35500000   10.46865243
   44.38000000   10.50334181
   44.40500000   10.53198716
   44.43000000   10.54984634
   44.45500000   10.55565877
   44.48000000   10.55544659
   44.50500000   10.55863840
   44.53000000   10.56597500
   44.55500000   10.57333998
   44.58000000   10.57873404
   44.60500000   10.58389042
   44.63000000   10.58864274
   44.65500000   10.59117258
   44.68000000   10.59090880
   44.70500000   10.58716840
   44.73000000   10.58206190
   44.75500000   10.58034444
   44.78000000   10.58417616
   44.80500000   10.59161996
   44.83000000   10.60126867
   44.85500000   10.61510246
   44.88000000   10.63613452
   44.90500000   10.66421446
   44.93000000   10.69487604
   44.95500000   10.72583938
   44.98000000   10.75560578
   45.00500000   10.77981682
   45.03000000   10.79611258
   45.05500000   10.80888862
   45.08000000   10.81942819
   45.10500000   10.82466000
   45.13000000   10.82190139
   45.15500000   10.81189729
   45.18000000   10.79876507
   45.20500000   10.78858516
   45.23000000   10.78409409
   45.25500000   10.78219925
   45.28000000   10.77933891
   45.30500000   10.77438162
   45.33000000   10.76756600
   45.35500000   10.75948348
   45.38000000   10.75127966
   45.40500000   10.74318776
   45.43000000   10.73747120
   45.45500000   10.73635156
   45.48000000   10.74025602
   45.50500000   10.74939531
   45.53000000   10.76397077
   45.55500000   10.78172008
   45.58000000   10.80140229
   45.60500000   10.82324270
   45.63000000   10.84731866
   45.65500000   10.87389672
   45.68000000   10.90317701
   45.70500000   10.93264860
   45.73000000   10.95727939
   45.75500000   10.97516893
   45.78000000   10.98693167
   45.80500000   10.99425619
   45.83000000   10.99912264
   45.85500000   11.00335207
   45.88000000   11.00815108
   45.90500000   11.01659670
   45.93000000   11.03067749
   45.95500000   11.04681515
   45.98000000   11.06003151
   46.00500000   11.06813698
   46.03000000   11.06930262
   46.05500000   11.06305959
   46.08000000   11.05297312
   46.10500000   11.04290494
   46.13000000   11.03459639
   46.15500000   11.02663474
   46.18000000   11.01981654
   46.20500000   11.01275478
   46.23000000   11.00116199
   46.25500000   10.98333378
   46.28000000   10.96422665
   46.30500000   10.95356441
   46.33000000   10.96059366
   46.35500000   10.98787042
   46.38000000   11.03007095
   46.40500000   11.07838540
   46.43000000   11.12545592
   46.45500000   11.16680629
   46.48000000   11.19990555
   46.50500000   11.22682812
   46.53000000   11.25167255
   46.55500000   11.27412512
   46.58000000   11.29427669
   46.60500000   11.31019401
   46.63000000   11.31839165
   46.65500000   11.31908329
   46.68000000   11.31445242
   46.70500000   11.30615958
   46.73000000   11.29548360
   46.75500000   11.28377096
   46.78000000   11.27314324
   46.80500000   11.26365969
   46.83000000   11.25149477
   46.85500000   11.23315328
   46.88000000   11.21244826
   46.90500000   11.19607553
   46.93000000   11.18575649
   46.95500000   11.18141878
   46.98000000   11.18220805
   47.00500000   11.18952106
   47.03000000   11.20382929
   47.05500000   11.22138702
   47.08000000   11.23841351
   47.10500000   11.25105749
   47.13000000   11.25681312
   47.15500000   11.25583822
   47.18000000   11.24780527
   47.20500000   11.23391211
   47.23000000   11.22430985
   47.25500000   11.23093088
   47.28000000   11.25324397
   47.30500000   11.28122739
   47.33000000   11.30538465
   47.35500000   11.32493576
   47.38000000   11.34150713
   47.40500000   11.35460748
   47.43000000   11.36283645
   47.45500000   11.36689946
   47.48000000   11.37121695
   47.50500000   11.37656437
   47.53000000   11.38145063
   47.55500000   11.38621892
   47.58000000   11.39131524
   47.60500000   11.39735233
   47.63000000   11.40592721
   47.65500000   11.41813041
   47.68000000   11.43398835
   47.70500000   11.44954250
   47.73000000   11.45993269
   47.75500000   11.46613792
   47.78000000   11.47104245
   47.80500000   11.47701980
   47.83000000   11.48673145
   47.85500000   11.50105664
   47.88000000   11.51598845
   47.90500000   11.52911586
   47.93000000   11.54199223
   47.95500000   11.55651249
   47.98000000   11.56894377
   48.00500000   11.57458739
   48.03000000   11.57397902
   48.05500000   11.57051230
   48.08000000   11.56819212
   48.10500000   11.56985842
   48.13000000   11.57744549
   48.15500000   11.59355696
   48.18000000   11.61897178
   48.20500000   11.65032820
   48.23000000   11.68335767
   48.25500000   11.71555015
   48.28000000   11.74465292
   48.30500000   11.77078243
   48.33000000   11.79569977
   48.35500000   11.81753330
   48.38000000   11.82910353
   48.40500000   11.83177245
   48.43000000   11.83288372
   48.45500000   11.83752966
   48.48000000   11.84729634
   48.50500000   11.85980066
   48.53000000   11.87014660
   48.55500000   11.87564867
   48.58000000   11.87428797
   48.60500000   11.86361231
   48.63000000   11.84566636
   48.65500000   11.82789795
   48.68000000   11.81728547
   48.70500000   11.81688938
   48.73000000   11.82303167
   48.75500000   11.82862721
   48.78000000   11.82791720
   48.80500000   11.82004069
   48.83000000   11.80823845
   48.85500000   11.79919451
   48.88000000   11.79873016
   48.90500000   11.80636157
   48.93000000   11.81758448
   48.95500000   11.82857229
   48.98000000   11.84088675
   49.00500000   11.85943286
   49.03000000   11.88580779
   49.05500000   11.91421624
   49.08000000   11.93627976
   49.10500000   11.94954796
   49.13000000   11.95869325
   49.15500000   11.96687770
   49.18000000   11.97831308
   49.20500000   11.99734335
   49.23000000   12.02061302
   49.25500000   12.04088301
   49.28000000   12.05812574
   49.30500000   12.07053823
   49.33000000   12.07456162
   49.35500000   12.06909550
   49.38000000   12.05388373
   49.40500000   12.02832162
   49.43000000   12.00054344
   49.45500000   11.97953888
   49.48000000   11.96861311
   49.50500000   11.96573554
   49.53000000   11.96750176
   49.55500000   11.97306054
   49.58000000   11.98053834
   49.60500000   11.98725510
   49.63000000   11.99385052
   49.65500000   11.99971719
   49.68000000   12.00178784
   49.70500000   12.00320783
   49.73000000   12.00679193
   49.75500000   12.00758336
   49.78000000   12.00087238
   49.80500000   11.98884739
   49.83000000   11.97423218
   49.85500000   11.95679399
   49.88000000   11.93717530
   49.90500000   11.91939662
   49.93000000   11.90668423
   49.95500000   11.89818805
   49.98000000   11.89138247
