    0.00500000    0.00005892
    0.03000000    0.00206598
    0.05500000    0.00675721
    0.08000000    0.01381519
    0.10500000    0.02258441
    0.13000000    0.03262443
    0.15500000    0.04331196
    0.18000000    0.05353013
    0.20500000    0.06256813
    0.23000000    0.07009616
    0.25500000    0.07641051
    0.28000000    0.08266514
    0.30500000    0.08933077
    0.33000000    0.09609139
    0.35500000    0.10262800
    0.38000000    0.10876322
    0.40500000    0.11462982
    0.43000000    0.12045895
    0.45500000    0.12657194
    0.48000000    0.13306663
    0.50500000    0.13862964
    0.53000000    0.14284617
    0.55500000    0.14664957
    0.58000000    0.15049316
    0.60500000    0.15452920
    0.63000000    0.15845963
    0.65500000    0.16217762
    0.68000000    0.16604085
    0.70500000    0.17054388
    0.73000000    0.17597253
    0.75500000    0.18193233
    0.78000000    0.18748698
    0.80500000    0.19287258
    0.83000000    0.19826466
    0.85500000    0.20395265
    0.88000000    0.21035222
    0.90500000    0.21738612
    0.93000000    0.22474988
    0.95500000    0.23176120
    0.98000000    0.23805587
    1.00500000    0.24380887
    1.03000000    0.24912602
    1.05500000    0.25381562
    1.08000000    0.25783487
    1.10500000    0.26039186
    1.13000000    0.26127167
    1.15500000    0.26156060
    1.18000000    0.26209270
    1.20500000    0.26311294
    1.23000000    0.26450669
    1.25500000    0.26587095
    1.28000000    0.26667156
    1.30500000    0.26714663
    1.33000000    0.26822454
    1.35500000    0.27009568
    1.38000000    0.27227842
    1.40500000    0.27476872
    1.43000000    0.27775364
    1.45500000    0.28109387
    1.48000000    0.28471420
    1.50500000    0.28845618
    1.53000000    0.29199044
    1.55500000    0.29578649
    1.58000000    0.30122997
    1.60500000    0.30914741
    1.63000000    0.31927571
    1.65500000    0.33077072
    1.68000000    0.34227653
    1.70500000    0.35265118
    1.73000000    0.36112474
    1.75500000    0.36799210
    1.78000000    0.37407096
    1.80500000    0.38027070
    1.83000000    0.38667702
    1.85500000    0.39243376
    1.88000000    0.39705070
    1.90500000    0.40069414
    1.93000000    0.40415681
    1.95500000    0.40699874
    1.98000000    0.40842671
    2.00500000    0.40904614
    2.03000000    0.41091086
    2.05500000    0.41524928
    2.08000000    0.42162378
    2.10500000    0.42879496
    2.13000000    0.43603395
    2.15500000    0.44347029
    2.18000000    0.45188610
    2.20500000    0.46188609
    2.23000000    0.47287582
    2.25500000    0.48357093
    2.28000000    0.49304809
    2.30500000    0.50133800
    2.33000000    0.50863707
    2.35500000    0.51419612
    2.38000000    0.51770874
    2.40500000    0.51921629
    2.43000000    0.51995797
    2.45500000    0.52170338
    2.48000000    0.52556482
    2.50500000    0.53101128
    2.53000000    0.53698828
    2.55500000    0.54296399
    2.58000000    0.54755721
    2.60500000    0.54970267
    2.63000000    0.54999322
    2.65500000    0.54963054
    2.68000000    0.54930317
    2.70500000    0.54914199
    2.73000000    0.54981811
    2.75500000    0.55193940
    2.78000000    0.55547603
    2.80500000    0.56023285
    2.83000000    0.56567145
    2.85500000    0.57186517
    2.88000000    0.57879479
    2.90500000    0.58575588
    2.93000000    0.59164986
    2.95500000    0.59578391
    2.98000000    0.59614091
    3.00500000    0.59405339
    3.03000000    0.59262272
    3.05500000    0.59377759
    3.08000000    0.59775443
    3.10500000    0.60321122
    3.13000000    0.60832677
    3.15500000    0.61286847
    3.18000000    0.61701967
    3.20500000    0.62030597
    3.23000000    0.62337844
    3.25500000    0.62760768
    3.28000000    0.63369045
    3.30500000    0.64175901
    3.33000000    0.65179537
    3.35500000    0.66378110
    3.38000000    0.67801374
    3.40500000    0.69474433
    3.43000000    0.71322490
    3.45500000    0.73175210
    3.48000000    0.74879369
    3.50500000    0.76450822
    3.53000000    0.78045059
    3.55500000    0.79755668
    3.58000000    0.81561554
    3.60500000    0.83356192
    3.63000000    0.85075484
    3.65500000    0.86694535
    3.68000000    0.88194246
    3.70500000    0.89512044
    3.73000000    0.90651668
    3.75500000    0.91804826
    3.78000000    0.93083212
    3.80500000    0.94362865
    3.83000000    0.95523854
    3.85500000    0.96582064
    3.88000000    0.97631908
    3.90500000    0.98713608
    3.93000000    0.99778620
    3.95500000    1.00720510
    3.98000000    1.01447397
    4.00500000    1.01926130
    4.03000000    1.02036792
    4.05500000    1.01876365
    4.08000000    1.01642836
    4.10500000    1.01466954
    4.13000000    1.01440724
    4.15500000    1.01614384
    4.18000000    1.01987340
    4.20500000    1.02533618
    4.23000000    1.03196988
    4.25500000    1.03913293
    4.28000000    1.04629876
    4.30500000    1.05239996
    4.33000000    1.05715353
    4.35500000    1.06161286
    4.38000000    1.06586631
    4.40500000    1.06863242
    4.43000000    1.06953785
    4.45500000    1.07076165
    4.48000000    1.07372258
    4.50500000    1.07795078
    4.53000000    1.08218057
    4.55500000    1.08477854
    4.58000000    1.08475993
    4.60500000    1.08190076
    4.63000000    1.07676693
    4.65500000    1.07092040
    4.68000000    1.06549117
    4.70500000    1.06069036
    4.73000000    1.05740924
    4.75500000    1.05667372
    4.78000000    1.05876712
    4.80500000    1.06358421
    4.83000000    1.07066635
    4.85500000    1.07935805
    4.88000000    1.08860794
    4.90500000    1.09777779
    4.93000000    1.10648142
    4.95500000    1.11333179
    4.98000000    1.11735918
    5.00500000    1.11927336
    5.03000000    1.11988907
    5.05500000    1.12061120
    5.08000000    1.12329319
    5.10500000    1.12878292
    5.13000000    1.13618450
    5.15500000    1.14357939
    5.18000000    1.15027403
    5.20500000    1.15640886
    5.23000000    1.16181137
    5.25500000    1.16650492
    5.28000000    1.17032664
    5.30500000    1.17181242
    5.33000000    1.16820066
    5.35500000    1.15985874
    5.38000000    1.14939015
    5.40500000    1.13850334
    5.43000000    1.12825518
    5.45500000    1.11986542
    5.48000000    1.11403071
    5.50500000    1.11041316
    5.53000000    1.10908239
    5.55500000    1.11082206
    5.58000000    1.11454467
    5.60500000    1.11969356
    5.63000000    1.12658225
    5.65500000    1.13452030
    5.68000000    1.14245229
    5.70500000    1.15062982
    5.73000000    1.15980320
    5.75500000    1.16948750
    5.78000000    1.17834252
    5.80500000    1.18660485
    5.83000000    1.19436454
    5.85500000    1.20110987
    5.88000000    1.20718976
    5.90500000    1.21253099
    5.93000000    1.21618878
    5.95500000    1.21736967
    5.98000000    1.21658316
    6.00500000    1.21385532
    6.03000000    1.20907058
    6.05500000    1.20340179
    6.08000000    1.19758039
    6.10500000    1.19304602
    6.13000000    1.19158805
    6.15500000    1.19325187
    6.18000000    1.19777547
    6.20500000    1.20403866
    6.23000000    1.21052440
    6.25500000    1.21770240
    6.28000000    1.22670095
    6.30500000    1.23767556
    6.33000000    1.24956172
    6.35500000    1.25970281
    6.38000000    1.26571961
    6.40500000    1.26778202
    6.43000000    1.26912111
    6.45500000    1.27310310
    6.48000000    1.28080227
    6.50500000    1.29214119
    6.53000000    1.30594463
    6.55500000    1.31932131
    6.58000000    1.32954787
    6.60500000    1.33585029
    6.63000000    1.34042583
    6.65500000    1.34551533
    6.68000000    1.35130017
    6.70500000    1.35675380
    6.73000000    1.36176540
    6.75500000    1.36601402
    6.78000000    1.36937713
    6.80500000    1.37233375
    6.83000000    1.37574509
    6.85500000    1.38035449
    6.88000000    1.38575928
    6.90500000    1.39106824
    6.93000000    1.39596936
    6.95500000    1.40151218
    6.98000000    1.40868819
    7.00500000    1.41625916
    7.03000000    1.42276108
    7.05500000    1.42824687
    7.08000000    1.43363079
    7.10500000    1.43978853
    7.13000000    1.44687933
    7.15500000    1.45321339
    7.18000000    1.45878160
    7.20500000    1.46567890
    7.23000000    1.47392758
    7.25500000    1.48247140
    7.28000000    1.49038445
    7.30500000    1.49850908
    7.33000000    1.50688005
    7.35500000    1.51295667
    7.38000000    1.51476895
    7.40500000    1.51294795
    7.43000000    1.50841869
    7.45500000    1.50174439
    7.48000000    1.49428317
    7.50500000    1.48793137
    7.53000000    1.48530871
    7.55500000    1.48833861
    7.58000000    1.49600415
    7.60500000    1.50645385
    7.63000000    1.51874232
    7.65500000    1.53181504
    7.68000000    1.54542341
    7.70500000    1.55937490
    7.73000000    1.57299376
    7.75500000    1.58517916
    7.78000000    1.59556771
    7.80500000    1.60519750
    7.83000000    1.61506376
    7.85500000    1.62424998
    7.88000000    1.63114736
    7.90500000    1.63661182
    7.93000000    1.64279049
    7.95500000    1.64964827
    7.98000000    1.65689869
    8.00500000    1.66510710
    8.03000000    1.67405435
    8.05500000    1.68251808
    8.08000000    1.68926905
    8.10500000    1.69459453
    8.13000000    1.69936661
    8.15500000    1.70450891
    8.18000000    1.71144957
    8.20500000    1.72073851
    8.23000000    1.73230747
    8.25500000    1.74549789
    8.28000000    1.76016170
    8.30500000    1.77492271
    8.33000000    1.78847232
    8.35500000    1.80080362
    8.38000000    1.81219897
    8.40500000    1.82219239
    8.43000000    1.82972364
    8.45500000    1.83444303
    8.48000000    1.83503869
    8.50500000    1.83051892
    8.53000000    1.82222279
    8.55500000    1.81270959
    8.58000000    1.80440377
    8.60500000    1.79827724
    8.63000000    1.79370492
    8.65500000    1.79022002
    8.68000000    1.78886557
    8.70500000    1.79073418
    8.73000000    1.79575300
    8.75500000    1.80272585
    8.78000000    1.81139345
    8.80500000    1.82287171
    8.83000000    1.83623155
    8.85500000    1.84741118
    8.88000000    1.85390945
    8.90500000    1.85846666
    8.93000000    1.86376626
    8.95500000    1.86937357
    8.98000000    1.87442596
    9.00500000    1.88034993
    9.03000000    1.88928388
    9.05500000    1.90298269
    9.08000000    1.92131017
    9.10500000    1.94127352
    9.13000000    1.96001936
    9.15500000    1.97584444
    9.18000000    1.98728841
    9.20500000    1.99403689
    9.23000000    1.99721920
    9.25500000    1.99737658
    9.28000000    1.99500852
    9.30500000    1.99220940
    9.33000000    1.99157475
    9.35500000    1.99495079
    9.38000000    2.00270800
    9.40500000    2.01299095
    9.43000000    2.02377063
    9.45500000    2.03335160
    9.48000000    2.04074647
    9.50500000    2.04648677
    9.53000000    2.05211744
    9.55500000    2.05828658
    9.58000000    2.06443648
    9.60500000    2.07128411
    9.63000000    2.08018281
    9.65500000    2.09323800
    9.68000000    2.11102076
    9.70500000    2.13215888
    9.73000000    2.15561423
    9.75500000    2.17998658
    9.78000000    2.20171660
    9.80500000    2.21704628
    9.83000000    2.22432275
    9.85500000    2.22418101
    9.88000000    2.21799112
    9.90500000    2.20732857
    9.93000000    2.19585290
    9.95500000    2.18709791
    9.98000000    2.18175556
   10.00500000    2.17894967
   10.03000000    2.17783908
   10.05500000    2.17798696
   10.08000000    2.17913902
   10.10500000    2.18184805
   10.13000000    2.18535473
   10.15500000    2.18779944
   10.18000000    2.18978610
   10.20500000    2.19276097
   10.23000000    2.19720773
   10.25500000    2.20327709
   10.28000000    2.21083117
   10.30500000    2.22031438
   10.33000000    2.23353109
   10.35500000    2.25096238
   10.38000000    2.27018484
   10.40500000    2.28738919
   10.43000000    2.29997332
   10.45500000    2.30683077
   10.48000000    2.30902865
   10.50500000    2.30913102
   10.53000000    2.31004203
   10.55500000    2.31442103
   10.58000000    2.32349762
   10.60500000    2.33611237
   10.63000000    2.34830015
   10.65500000    2.35631111
   10.68000000    2.36007344
   10.70500000    2.36075764
   10.73000000    2.36040492
   10.75500000    2.36100418
   10.78000000    2.36303558
   10.80500000    2.36469566
   10.83000000    2.36537787
   10.85500000    2.36663014
   10.88000000    2.37031518
   10.90500000    2.37829023
   10.93000000    2.39128610
   10.95500000    2.40750255
   10.98000000    2.42327804
   11.00500000    2.43569010
   11.03000000    2.44418318
   11.05500000    2.45034119
   11.08000000    2.45708410
   11.10500000    2.46669655
   11.13000000    2.47965344
   11.15500000    2.49443146
   11.18000000    2.50857189
   11.20500000    2.52075459
   11.23000000    2.52951727
   11.25500000    2.53429596
   11.28000000    2.53690185
   11.30500000    2.53963267
   11.33000000    2.54410815
   11.35500000    2.55126639
   11.38000000    2.56049522
   11.40500000    2.57024457
   11.43000000    2.57992194
   11.45500000    2.59008424
   11.48000000    2.60093314
   11.50500000    2.61190709
   11.53000000    2.62199724
   11.55500000    2.63189135
   11.58000000    2.64186024
   11.60500000    2.64984573
   11.63000000    2.65448615
   11.65500000    2.65732712
   11.68000000    2.66021592
   11.70500000    2.66395187
   11.73000000    2.66769922
   11.75500000    2.67003592
   11.78000000    2.67274352
   11.80500000    2.67770730
   11.83000000    2.68543740
   11.85500000    2.69579664
   11.88000000    2.70792305
   11.90500000    2.72100659
   11.93000000    2.73439626
   11.95500000    2.74659474
   11.98000000    2.75615218
   12.00500000    2.76414891
   12.03000000    2.77133169
   12.05500000    2.77548834
   12.08000000    2.77411743
   12.10500000    2.76937001
   12.13000000    2.76589421
   12.15500000    2.76687436
   12.18000000    2.77030213
   12.20500000    2.77325691
   12.23000000    2.77748337
   12.25500000    2.78344702
   12.28000000    2.78986977
   12.30500000    2.79572697
   12.33000000    2.79919022
   12.35500000    2.79811735
   12.38000000    2.79345038
   12.40500000    2.78802595
   12.43000000    2.78391848
   12.45500000    2.77926195
   12.48000000    2.77339494
   12.50500000    2.76766147
   12.53000000    2.76219756
   12.55500000    2.75748663
   12.58000000    2.75334575
   12.60500000    2.74621650
   12.63000000    2.73301916
   12.65500000    2.71689482
   12.68000000    2.70403526
   12.70500000    2.69723214
   12.73000000    2.69409014
   12.75500000    2.69182969
   12.78000000    2.68978560
   12.80500000    2.68831556
   12.83000000    2.68604036
   12.85500000    2.68282202
   12.88000000    2.68148501
   12.90500000    2.68388861
   12.93000000    2.69018817
   12.95500000    2.70001809
   12.98000000    2.71325730
   13.00500000    2.72933233
   13.03000000    2.74623931
   13.05500000    2.76114728
   13.08000000    2.77263140
   13.10500000    2.78153319
   13.13000000    2.79064321
   13.15500000    2.80063317
   13.18000000    2.80870219
   13.20500000    2.81621830
   13.23000000    2.82518363
   13.25500000    2.83489941
   13.28000000    2.84442681
   13.30500000    2.85485476
   13.33000000    2.86589303
   13.35500000    2.87478221
   13.38000000    2.88165170
   13.40500000    2.88896326
   13.43000000    2.89709789
   13.45500000    2.90619711
   13.48000000    2.91556374
   13.50500000    2.92429163
   13.53000000    2.92981815
   13.55500000    2.93174287
   13.58000000    2.93224896
   13.60500000    2.93211397
   13.63000000    2.93188914
   13.65500000    2.93341717
   13.68000000    2.93823047
   13.70500000    2.94808871
   13.73000000    2.96305928
   13.75500000    2.98054112
   13.78000000    2.99843840
   13.80500000    3.01611570
   13.83000000    3.03264893
   13.85500000    3.04601541
   13.88000000    3.05485658
   13.90500000    3.05843680
   13.93000000    3.05758122
   13.95500000    3.05547199
   13.98000000    3.05444812
   14.00500000    3.05591117
   14.03000000    3.06151065
   14.05500000    3.07007386
   14.08000000    3.08076337
   14.10500000    3.09304332
   14.13000000    3.10573231
   14.15500000    3.11842434
   14.18000000    3.12973001
   14.20500000    3.13780567
   14.23000000    3.14109571
   14.25500000    3.14010559
   14.28000000    3.13790985
   14.30500000    3.13741752
   14.33000000    3.14041667
   14.35500000    3.14714060
   14.38000000    3.15894019
   14.40500000    3.17502645
   14.43000000    3.19126407
   14.45500000    3.20615631
   14.48000000    3.21991586
   14.50500000    3.23270578
   14.53000000    3.24649288
   14.55500000    3.26341876
   14.58000000    3.28501158
   14.60500000    3.31078150
   14.63000000    3.33861608
   14.65500000    3.36700087
   14.68000000    3.39325596
   14.70500000    3.41273839
   14.73000000    3.42221693
   14.75500000    3.42254448
   14.78000000    3.41720366
   14.80500000    3.41113710
   14.83000000    3.40703361
   14.85500000    3.40447771
   14.88000000    3.40239518
   14.90500000    3.40071393
   14.93000000    3.40094934
   14.95500000    3.40415952
   14.98000000    3.41073844
   15.00500000    3.41994337
   15.03000000    3.43092170
   15.05500000    3.44385707
   15.08000000    3.45805715
   15.10500000    3.47127935
   15.13000000    3.48143465
   15.15500000    3.48850248
   15.18000000    3.49429433
   15.20500000    3.50118547
   15.23000000    3.51038842
   15.25500000    3.52235611
   15.28000000    3.53699935
   15.30500000    3.55445677
   15.33000000    3.57351883
   15.35500000    3.59164952
   15.38000000    3.60793813
   15.40500000    3.62224314
   15.43000000    3.63466728
   15.45500000    3.64369310
   15.48000000    3.64820643
   15.50500000    3.64891288
   15.53000000    3.64614326
   15.55500000    3.64067399
   15.58000000    3.63404024
   15.60500000    3.62786846
   15.63000000    3.62345523
   15.65500000    3.62226957
   15.68000000    3.62310256
   15.70500000    3.62502930
   15.73000000    3.62721584
   15.75500000    3.62730597
   15.78000000    3.62367702
   15.80500000    3.61821325
   15.83000000    3.61507343
   15.85500000    3.61674993
   15.88000000    3.62282598
   15.90500000    3.63319084
   15.93000000    3.64669357
   15.95500000    3.65987068
   15.98000000    3.67250013
   16.00500000    3.68545835
   16.03000000    3.69810083
   16.05500000    3.71044421
   16.08000000    3.72074915
   16.10500000    3.72592519
   16.13000000    3.72611634
   16.15500000    3.72423598
   16.18000000    3.72219291
   16.20500000    3.72132949
   16.23000000    3.72418692
   16.25500000    3.73323321
   16.28000000    3.74787127
   16.30500000    3.76281320
   16.33000000    3.77447582
   16.35500000    3.78319463
   16.38000000    3.78928239
   16.40500000    3.79397075
   16.43000000    3.79792289
   16.45500000    3.80077747
   16.48000000    3.80167897
   16.50500000    3.80068550
   16.53000000    3.79922960
   16.55500000    3.79994648
   16.58000000    3.80585216
   16.60500000    3.81831155
   16.63000000    3.83458037
   16.65500000    3.85041912
   16.68000000    3.86382259
   16.70500000    3.87499696
   16.73000000    3.88545766
   16.75500000    3.89666067
   16.78000000    3.90970583
   16.80500000    3.92532674
   16.83000000    3.94323742
   16.85500000    3.96262230
   16.88000000    3.98498774
   16.90500000    4.01058482
   16.93000000    4.03799083
   16.95500000    4.06486193
   16.98000000    4.08800544
   17.00500000    4.10378356
   17.03000000    4.10952653
   17.05500000    4.10671593
   17.08000000    4.10037626
   17.10500000    4.09597806
   17.13000000    4.09846243
   17.15500000    4.10783234
   17.18000000    4.12064198
   17.20500000    4.13303107
   17.23000000    4.14351875
   17.25500000    4.15319989
   17.28000000    4.16232253
   17.30500000    4.16959147
   17.33000000    4.17351070
   17.35500000    4.17538017
   17.38000000    4.17845420
   17.40500000    4.18295206
   17.43000000    4.18798051
   17.45500000    4.19401863
   17.48000000    4.20244161
   17.50500000    4.21403709
   17.53000000    4.22926375
   17.55500000    4.24745692
   17.58000000    4.26708969
   17.60500000    4.28626832
   17.63000000    4.30357632
   17.65500000    4.31962122
   17.68000000    4.33304695
   17.70500000    4.34077723
   17.73000000    4.34410520
   17.75500000    4.34754090
   17.78000000    4.35346689
   17.80500000    4.36179684
   17.83000000    4.37082171
   17.85500000    4.38017997
   17.88000000    4.39028389
   17.90500000    4.40159688
   17.93000000    4.41540173
   17.95500000    4.43389465
   17.98000000    4.45741716
   18.00500000    4.48132119
   18.03000000    4.50189099
   18.05500000    4.51770794
   18.08000000    4.52814696
   18.10500000    4.53491088
   18.13000000    4.53902733
   18.15500000    4.54102597
   18.18000000    4.54359531
   18.20500000    4.54853030
   18.23000000    4.55323755
   18.25500000    4.55412566
   18.28000000    4.54994272
   18.30500000    4.54085028
   18.33000000    4.52736364
   18.35500000    4.51032100
   18.38000000    4.49192613
   18.40500000    4.47586026
   18.43000000    4.46580868
   18.45500000    4.46309278
   18.48000000    4.46792535
   18.50500000    4.47947472
   18.53000000    4.49591994
   18.55500000    4.51697115
   18.58000000    4.54211211
   18.60500000    4.56956406
   18.63000000    4.59850285
   18.65500000    4.62628888
   18.68000000    4.64794815
   18.70500000    4.66279278
   18.73000000    4.67246555
   18.75500000    4.67825121
   18.78000000    4.68178240
   18.80500000    4.68344820
   18.83000000    4.68373053
   18.85500000    4.68290345
   18.88000000    4.68016494
   18.90500000    4.67730822
   18.93000000    4.67661480
   18.95500000    4.67734830
   18.98000000    4.67759204
   19.00500000    4.67579275
   19.03000000    4.67265454
   19.05500000    4.66986039
   19.08000000    4.66909148
   19.10500000    4.67259422
   19.13000000    4.67903253
   19.15500000    4.68441119
   19.18000000    4.68576230
   19.20500000    4.68464219
   19.23000000    4.68333153
   19.25500000    4.68213518
   19.28000000    4.68195782
   19.30500000    4.68236136
   19.33000000    4.68220175
   19.35500000    4.68119932
   19.38000000    4.67929458
   19.40500000    4.67836348
   19.43000000    4.68139845
   19.45500000    4.68727848
   19.48000000    4.69399510
   19.50500000    4.70130684
   19.53000000    4.71035799
   19.55500000    4.71968635
   19.58000000    4.72585522
   19.60500000    4.73048233
   19.63000000    4.73795837
   19.65500000    4.75004785
   19.68000000    4.76354848
   19.70500000    4.77587820
   19.73000000    4.78662980
   19.75500000    4.79350278
   19.78000000    4.79610834
   19.80500000    4.79772197
   19.83000000    4.79906622
   19.85500000    4.79776690
   19.88000000    4.79346107
   19.90500000    4.78850650
   19.93000000    4.78468297
   19.95500000    4.78229243
   19.98000000    4.78384715
   20.00500000    4.79359793
   20.03000000    4.81338659
   20.05500000    4.84073079
   20.08000000    4.86868385
   20.10500000    4.88935180
   20.13000000    4.89879749
   20.15500000    4.89962513
   20.18000000    4.89928034
   20.20500000    4.90510360
   20.23000000    4.91905338
   20.25500000    4.93759118
   20.28000000    4.95465627
   20.30500000    4.96651409
   20.33000000    4.97344348
   20.35500000    4.97912847
   20.38000000    4.98638751
   20.40500000    4.99156760
   20.43000000    4.99035349
   20.45500000    4.98215659
   20.48000000    4.97012455
   20.50500000    4.95993069
   20.53000000    4.95631803
   20.55500000    4.95993979
   20.58000000    4.96857929
   20.60500000    4.98045784
   20.63000000    4.99499350
   20.65500000    5.01337892
   20.68000000    5.03741858
   20.70500000    5.06516526
   20.73000000    5.09116047
   20.75500000    5.11138057
   20.78000000    5.12660595
   20.80500000    5.13966355
   20.83000000    5.15188017
   20.85500000    5.16300985
   20.88000000    5.17066257
   20.90500000    5.17301923
   20.93000000    5.16867241
   20.95500000    5.15892466
   20.98000000    5.14913381
   21.00500000    5.14324487
   21.03000000    5.14314150
   21.05500000    5.14867964
   21.08000000    5.15730207
   21.10500000    5.16503302
   21.13000000    5.16898457
   21.15500000    5.17105146
   21.18000000    5.17300791
   21.20500000    5.17520518
   21.23000000    5.17965495
   21.25500000    5.18811972
   21.28000000    5.19893317
   21.30500000    5.20897098
   21.33000000    5.21709088
   21.35500000    5.22424143
   21.38000000    5.23229538
   21.40500000    5.24306165
   21.43000000    5.25421450
   21.45500000    5.26238722
   21.48000000    5.26842507
   21.50500000    5.27326265
   21.53000000    5.27585233
   21.55500000    5.27581992
   21.58000000    5.27424306
   21.60500000    5.27473347
   21.63000000    5.27894796
   21.65500000    5.28477788
   21.68000000    5.28751296
   21.70500000    5.28334451
   21.73000000    5.27328246
   21.75500000    5.26030701
   21.78000000    5.24674778
   21.80500000    5.23352688
   21.83000000    5.22091658
   21.85500000    5.21039921
   21.88000000    5.20285755
   21.90500000    5.19699640
   21.93000000    5.19292698
   21.95500000    5.19370962
   21.98000000    5.20104289
   22.00500000    5.21171451
   22.03000000    5.22143415
   22.05500000    5.22881105
   22.08000000    5.23441243
   22.10500000    5.23920139
   22.13000000    5.24371862
   22.15500000    5.24991426
   22.18000000    5.26014103
   22.20500000    5.27386070
   22.23000000    5.28830030
   22.25500000    5.30060054
   22.28000000    5.30947334
   22.30500000    5.31552522
   22.33000000    5.31961380
   22.35500000    5.31967506
   22.38000000    5.31397642
   22.40500000    5.30291917
   22.43000000    5.28830150
   22.45500000    5.27186093
   22.48000000    5.25724017
   22.50500000    5.24757888
   22.53000000    5.24405391
   22.55500000    5.24590828
   22.58000000    5.25085130
   22.60500000    5.25747380
   22.63000000    5.26572789
   22.65500000    5.27266638
   22.68000000    5.27670956
   22.70500000    5.28153891
   22.73000000    5.29027156
   22.75500000    5.30297938
   22.78000000    5.31872145
   22.80500000    5.33591040
   22.83000000    5.35396895
   22.85500000    5.37075565
   22.88000000    5.38244107
   22.90500000    5.38765618
   22.93000000    5.38776641
   22.95500000    5.38268552
   22.98000000    5.37350957
   23.00500000    5.36310106
   23.03000000    5.35465249
   23.05500000    5.34872735
   23.08000000    5.34483538
   23.10500000    5.34458480
   23.13000000    5.34934053
   23.15500000    5.35783182
   23.18000000    5.36701831
   23.20500000    5.37469809
   23.23000000    5.38070346
   23.25500000    5.38756553
   23.28000000    5.39712022
   23.30500000    5.40762746
   23.33000000    5.41673546
   23.35500000    5.42382476
   23.38000000    5.42927627
   23.40500000    5.43505207
   23.43000000    5.44437944
   23.45500000    5.45416512
   23.48000000    5.45595449
   23.50500000    5.44745716
   23.53000000    5.43504740
   23.55500000    5.42549190
   23.58000000    5.42318163
   23.60500000    5.42818815
   23.63000000    5.43664771
   23.65500000    5.44446797
   23.68000000    5.45051562
   23.70500000    5.45359562
   23.73000000    5.45514195
   23.75500000    5.45943342
   23.78000000    5.47040704
   23.80500000    5.48669735
   23.83000000    5.50604709
   23.85500000    5.52750382
   23.88000000    5.54792909
   23.90500000    5.56470082
   23.93000000    5.57688151
   23.95500000    5.58442999
   23.98000000    5.58976799
   24.00500000    5.59765879
   24.03000000    5.60883680
   24.05500000    5.61931142
   24.08000000    5.62425716
   24.10500000    5.62360958
   24.13000000    5.61815791
   24.15500000    5.60903715
   24.18000000    5.59745520
   24.20500000    5.58722483
   24.23000000    5.58244286
   24.25500000    5.58307152
   24.28000000    5.58737773
   24.30500000    5.59444275
   24.33000000    5.60090733
   24.35500000    5.60757508
   24.38000000    5.61598094
   24.40500000    5.62426651
   24.43000000    5.63042720
   24.45500000    5.63518059
   24.48000000    5.64119436
   24.50500000    5.64981904
   24.53000000    5.65924888
   24.55500000    5.66585133
   24.58000000    5.66861881
   24.60500000    5.67041041
   24.63000000    5.67518152
   24.65500000    5.68575631
   24.68000000    5.70174956
   24.70500000    5.71850964
   24.73000000    5.73021585
   24.75500000    5.73548097
   24.78000000    5.74066626
   24.80500000    5.75328351
   24.83000000    5.77351481
   24.85500000    5.79624026
   24.88000000    5.81667778
   24.90500000    5.83241769
   24.93000000    5.84444361
   24.95500000    5.85299172
   24.98000000    5.85779459
   25.00500000    5.86058527
   25.03000000    5.86309978
   25.05500000    5.86629194
   25.08000000    5.87073849
   25.10500000    5.87475829
   25.13000000    5.87667871
   25.15500000    5.87855731
   25.18000000    5.88261781
   25.20500000    5.88836437
   25.23000000    5.89493915
   25.25500000    5.90247801
   25.28000000    5.91125847
   25.30500000    5.92111960
   25.33000000    5.93080466
   25.35500000    5.93792620
   25.38000000    5.94138497
   25.40500000    5.94347509
   25.43000000    5.94721599
   25.45500000    5.95602291
   25.48000000    5.97313981
   25.50500000    5.99808163
   25.53000000    6.02579663
   25.55500000    6.05075966
   25.58000000    6.06821651
   25.60500000    6.07608070
   25.63000000    6.07893234
   25.65500000    6.08293251
   25.68000000    6.09077102
   25.70500000    6.10116798
   25.73000000    6.11093257
   25.75500000    6.11635953
   25.78000000    6.11843725
   25.80500000    6.12150283
   25.83000000    6.12870224
   25.85500000    6.14044311
   25.88000000    6.15372757
   25.90500000    6.16655768
   25.93000000    6.17881374
   25.95500000    6.19218080
   25.98000000    6.20944134
   26.00500000    6.22906388
   26.03000000    6.24437705
   26.05500000    6.25542893
   26.08000000    6.26559268
   26.10500000    6.27683795
   26.13000000    6.28951623
   26.15500000    6.30536989
   26.18000000    6.32381231
   26.20500000    6.34161365
   26.23000000    6.35757133
   26.25500000    6.37094885
   26.28000000    6.38204351
   26.30500000    6.39297003
   26.33000000    6.40721902
   26.35500000    6.42609585
   26.38000000    6.44878785
   26.40500000    6.47387672
   26.43000000    6.49927105
   26.45500000    6.51924453
   26.48000000    6.52773945
   26.50500000    6.52694117
   26.53000000    6.52212640
   26.55500000    6.51763000
   26.58000000    6.51597668
   26.60500000    6.51750352
   26.63000000    6.52221229
   26.65500000    6.53051610
   26.68000000    6.54300605
   26.70500000    6.55812639
   26.73000000    6.57240745
   26.75500000    6.58291584
   26.78000000    6.58657219
   26.80500000    6.58367695
   26.83000000    6.57772266
   26.85500000    6.57255756
   26.88000000    6.57169008
   26.90500000    6.57893686
   26.93000000    6.59672477
   26.95500000    6.62141214
   26.98000000    6.64646851
   27.00500000    6.66939101
   27.03000000    6.68918069
   27.05500000    6.70485852
   27.08000000    6.71755419
   27.10500000    6.72919212
   27.13000000    6.74170714
   27.15500000    6.75662839
   27.18000000    6.77398049
   27.20500000    6.79128394
   27.23000000    6.80594719
   27.25500000    6.81815239
   27.28000000    6.82994316
   27.30500000    6.84266806
   27.33000000    6.85599462
   27.35500000    6.86949601
   27.38000000    6.88242246
   27.40500000    6.89558449
   27.43000000    6.91046899
   27.45500000    6.92630919
   27.48000000    6.94228931
   27.50500000    6.95803825
   27.53000000    6.97413205
   27.55500000    6.99288349
   27.58000000    7.01308498
   27.60500000    7.03232348
   27.63000000    7.05066194
   27.65500000    7.06764912
   27.68000000    7.08099341
   27.70500000    7.08981141
   27.73000000    7.09584784
   27.75500000    7.09945496
   27.78000000    7.09893668
   27.80500000    7.09684662
   27.83000000    7.10003154
   27.85500000    7.11117955
   27.88000000    7.12744014
   27.90500000    7.14683428
   27.93000000    7.16278816
   27.95500000    7.16998344
   27.98000000    7.17002790
   28.00500000    7.16789295
   28.03000000    7.16570376
   28.05500000    7.16155381
   28.08000000    7.15338164
   28.10500000    7.14466257
   28.13000000    7.14088569
   28.15500000    7.14573958
   28.18000000    7.15869935
   28.20500000    7.17496159
   28.23000000    7.18901689
   28.25500000    7.19811657
   28.28000000    7.20627517
   28.30500000    7.21877424
   28.33000000    7.23554605
   28.35500000    7.25320482
   28.38000000    7.26996894
   28.40500000    7.28461225
   28.43000000    7.29456406
   28.45500000    7.29705809
   28.48000000    7.29326813
   28.50500000    7.28664548
   28.53000000    7.28049343
   28.55500000    7.27636131
   28.58000000    7.27186933
   28.60500000    7.26581746
   28.63000000    7.25744705
   28.65500000    7.24448669
   28.68000000    7.22694276
   28.70500000    7.20960877
   28.73000000    7.19672354
   28.75500000    7.18880472
   28.78000000    7.18585263
   28.80500000    7.18743424
   28.83000000    7.19063626
   28.85500000    7.19261893
   28.88000000    7.19290030
   28.90500000    7.19190627
   28.93000000    7.19141321
   28.95500000    7.19313597
   28.98000000    7.19847410
   29.00500000    7.20792030
   29.03000000    7.21585786
   29.05500000    7.21752075
   29.08000000    7.21716452
   29.10500000    7.22218755
   29.13000000    7.23793106
   29.15500000    7.26178309
   29.18000000    7.28474283
   29.20500000    7.29956202
   29.23000000    7.30620488
   29.25500000    7.30760433
   29.28000000    7.30474795
   29.30500000    7.29760378
   29.33000000    7.28701141
   29.35500000    7.27486190
   29.38000000    7.26491425
   29.40500000    7.25873189
   29.43000000    7.25658662
   29.45500000    7.25847921
   29.48000000    7.26405958
   29.50500000    7.27265468
   29.53000000    7.28225320
   29.55500000    7.29052104
   29.58000000    7.29778594
   29.60500000    7.30560508
   29.63000000    7.31642521
   29.65500000    7.33108511
   29.68000000    7.34721182
   29.70500000    7.36142611
   29.73000000    7.36904320
   29.75500000    7.36702208
   29.78000000    7.35667555
   29.80500000    7.34227283
   29.83000000    7.33048916
   29.85500000    7.32538476
   29.88000000    7.32700866
   29.90500000    7.33192783
   29.93000000    7.33562145
   29.95500000    7.33409258
   29.98000000    7.32400192
   30.00500000    7.30797182
   30.03000000    7.29027323
   30.05500000    7.27410134
   30.08000000    7.26324995
   30.10500000    7.25921726
   30.13000000    7.26270808
   30.15500000    7.27253778
   30.18000000    7.28734186
   30.20500000    7.30624594
   30.23000000    7.32996544
   30.25500000    7.35602515
   30.28000000    7.37922761
   30.30500000    7.39583864
   30.33000000    7.40243394
   30.35500000    7.39972458
   30.38000000    7.39427376
   30.40500000    7.39137003
   30.43000000    7.39044339
   30.45500000    7.39187061
   30.48000000    7.39940864
   30.50500000    7.41432475
   30.53000000    7.43388425
   30.55500000    7.45465631
   30.58000000    7.47287339
   30.60500000    7.48430218
   30.63000000    7.48713171
   30.65500000    7.48208225
   30.68000000    7.46870832
   30.70500000    7.45219052
   30.73000000    7.44009676
   30.75500000    7.43795318
   30.78000000    7.44764762
   30.80500000    7.46583980
   30.83000000    7.48912598
   30.85500000    7.51326182
   30.88000000    7.53325187
   30.90500000    7.54714572
   30.93000000    7.55380103
   30.95500000    7.55241126
   30.98000000    7.54352860
   31.00500000    7.53361713
   31.03000000    7.53350871
   31.05500000    7.54789720
   31.08000000    7.57125490
   31.10500000    7.59329659
   31.13000000    7.60787200
   31.15500000    7.61411946
   31.18000000    7.61318962
   31.20500000    7.60586544
   31.23000000    7.59422217
   31.25500000    7.58037407
   31.28000000    7.56946921
   31.30500000    7.56679437
   31.33000000    7.57014803
   31.35500000    7.57669840
   31.38000000    7.58523752
   31.40500000    7.59490016
   31.43000000    7.60630591
   31.45500000    7.62097190
   31.48000000    7.63605646
   31.50500000    7.64534666
   31.53000000    7.64699472
   31.55500000    7.63984571
   31.58000000    7.62598589
   31.60500000    7.61201070
   31.63000000    7.60142836
   31.65500000    7.59797569
   31.68000000    7.60406069
   31.70500000    7.61425868
   31.73000000    7.62193418
   31.75500000    7.62699072
   31.78000000    7.63263534
   31.80500000    7.63964720
   31.83000000    7.65011921
   31.85500000    7.66367037
   31.88000000    7.67928834
   31.90500000    7.69626197
   31.93000000    7.71060129
   31.95500000    7.71734923
   31.98000000    7.71549817
   32.00500000    7.70778953
   32.03000000    7.69598420
   32.05500000    7.68095345
   32.08000000    7.66668166
   32.10500000    7.65813242
   32.13000000    7.65539512
   32.15500000    7.65620292
   32.18000000    7.65981963
   32.20500000    7.66675899
   32.23000000    7.67841873
   32.25500000    7.69552339
   32.28000000    7.71803406
   32.30500000    7.74252596
   32.33000000    7.76327710
   32.35500000    7.77687676
   32.38000000    7.78705306
   32.40500000    7.79819106
   32.43000000    7.80975515
   32.45500000    7.82129942
   32.48000000    7.83373716
   32.50500000    7.84517227
   32.53000000    7.85211728
   32.55500000    7.85516586
   32.58000000    7.85566384
   32.60500000    7.85208415
   32.63000000    7.84557533
   32.65500000    7.84139747
   32.68000000    7.84207979
   32.70500000    7.84427819
   32.73000000    7.84409117
   32.75500000    7.84218172
   32.78000000    7.84219811
   32.80500000    7.84399169
   32.83000000    7.84561166
   32.85500000    7.84597226
   32.88000000    7.84820348
   32.90500000    7.85537592
   32.93000000    7.86686266
   32.95500000    7.88238012
   32.98000000    7.90056611
   33.00500000    7.91690823
   33.03000000    7.92873153
   33.05500000    7.93888772
   33.08000000    7.95239649
   33.10500000    7.97038132
   33.13000000    7.99000362
   33.15500000    8.00862840
   33.18000000    8.02568124
   33.20500000    8.03941561
   33.23000000    8.04909606
   33.25500000    8.05458621
   33.28000000    8.05596273
   33.30500000    8.05423462
   33.33000000    8.04982008
   33.35500000    8.04275834
   33.38000000    8.03328827
   33.40500000    8.02272338
   33.43000000    8.01419505
   33.45500000    8.01053664
   33.48000000    8.01448206
   33.50500000    8.02632889
   33.53000000    8.04319225
   33.55500000    8.06163485
   33.58000000    8.07939470
   33.60500000    8.09272260
   33.63000000    8.10039163
   33.65500000    8.10400996
   33.68000000    8.10664730
   33.70500000    8.11172706
   33.73000000    8.11787031
   33.75500000    8.12148108
   33.78000000    8.12290417
   33.80500000    8.12492241
   33.83000000    8.12949946
   33.85500000    8.13718919
   33.88000000    8.14674130
   33.90500000    8.15320728
   33.93000000    8.15367511
   33.95500000    8.15259620
   33.98000000    8.15521758
   34.00500000    8.16082787
   34.03000000    8.16854779
   34.05500000    8.17925785
   34.08000000    8.19560012
   34.10500000    8.21827082
   34.13000000    8.24295221
   34.15500000    8.26577533
   34.18000000    8.28605532
   34.20500000    8.30319860
   34.23000000    8.31414942
   34.25500000    8.31668605
   34.28000000    8.31307134
   34.30500000    8.30852891
   34.33000000    8.30786543
   34.35500000    8.31161371
   34.38000000    8.31469100
   34.40500000    8.31602462
   34.43000000    8.31794314
   34.45500000    8.32011845
   34.48000000    8.32185456
   34.50500000    8.32402936
   34.53000000    8.32682753
   34.55500000    8.33092576
   34.58000000    8.33697485
   34.60500000    8.34234682
   34.63000000    8.34439870
   34.65500000    8.34376531
   34.68000000    8.34149958
   34.70500000    8.33612690
   34.73000000    8.32549941
   34.75500000    8.31428874
   34.78000000    8.31183483
   34.80500000    8.32353348
   34.83000000    8.34766885
   34.85500000    8.38058378
   34.88000000    8.41728869
   34.90500000    8.45333667
   34.93000000    8.48343005
   34.95500000    8.50448298
   34.98000000    8.51862553
   35.00500000    8.52796535
   35.03000000    8.53556745
   35.05500000    8.54438112
   35.08000000    8.55474735
   35.10500000    8.56439541
   35.13000000    8.56924140
   35.15500000    8.56746056
   35.18000000    8.56124798
   35.20500000    8.55285532
   35.23000000    8.54585097
   35.25500000    8.54250658
   35.28000000    8.54343900
   35.30500000    8.55071797
   35.33000000    8.56919039
   35.35500000    8.59725750
   35.38000000    8.62420690
   35.40500000    8.64173789
   35.43000000    8.65010806
   35.45500000    8.65118920
   35.48000000    8.64846598
   35.50500000    8.64583463
   35.53000000    8.64702626
   35.55500000    8.65137522
   35.58000000    8.65292222
   35.60500000    8.64951370
   35.63000000    8.64521389
   35.65500000    8.64220584
   35.68000000    8.64052599
   35.70500000    8.64048479
   35.73000000    8.64297926
   35.75500000    8.64923046
   35.78000000    8.66040507
   35.80500000    8.67573637
   35.83000000    8.69041665
   35.85500000    8.70068666
   35.88000000    8.70688714
   35.90500000    8.70952784
   35.93000000    8.70884560
   35.95500000    8.70780936
   35.98000000    8.71117113
   36.00500000    8.72072611
   36.03000000    8.73457070
   36.05500000    8.75125763
   36.08000000    8.77026371
   36.10500000    8.79152443
   36.13000000    8.81419835
   36.15500000    8.83537062
   36.18000000    8.85086962
   36.20500000    8.86292352
   36.23000000    8.87328649
   36.25500000    8.87631529
   36.28000000    8.87238034
   36.30500000    8.86704582
   36.33000000    8.86616019
   36.35500000    8.86859523
   36.38000000    8.86827822
   36.40500000    8.86370729
   36.43000000    8.85761552
   36.45500000    8.85156584
   36.48000000    8.84728456
   36.50500000    8.84452744
   36.53000000    8.83858287
   36.55500000    8.82665948
   36.58000000    8.81313813
   36.60500000    8.80211803
   36.63000000    8.79195707
   36.65500000    8.78163542
   36.68000000    8.77572846
   36.70500000    8.77714855
   36.73000000    8.78741730
   36.75500000    8.80551763
   36.78000000    8.82708734
   36.80500000    8.84945700
   36.83000000    8.87327885
   36.85500000    8.89317260
   36.88000000    8.90060667
   36.90500000    8.89878448
   36.93000000    8.89875066
   36.95500000    8.90752928
   36.98000000    8.92366505
   37.00500000    8.93983128
   37.03000000    8.95145590
   37.05500000    8.95611002
   37.08000000    8.95148820
   37.10500000    8.94186247
   37.13000000    8.93296910
   37.15500000    8.92928716
   37.18000000    8.93440153
   37.20500000    8.94868996
   37.23000000    8.97091821
   37.25500000    9.00129786
   37.28000000    9.03755368
   37.30500000    9.07344774
   37.33000000    9.10274601
   37.35500000    9.12044110
   37.38000000    9.12456263
   37.40500000    9.12001289
   37.43000000    9.11797600
   37.45500000    9.12424695
   37.48000000    9.13699521
   37.50500000    9.14827099
   37.53000000    9.15123413
   37.55500000    9.14964849
   37.58000000    9.14698730
   37.60500000    9.14429048
   37.63000000    9.14254732
   37.65500000    9.14355185
   37.68000000    9.14804481
   37.70500000    9.15597280
   37.73000000    9.16693161
   37.75500000    9.18086351
   37.78000000    9.19739928
   37.80500000    9.21632665
   37.83000000    9.23487054
   37.85500000    9.24701617
   37.88000000    9.24908252
   37.90500000    9.24285586
   37.93000000    9.23327043
   37.95500000    9.22335717
   37.98000000    9.21235992
   38.00500000    9.19799377
   38.03000000    9.18172408
   38.05500000    9.16829770
   38.08000000    9.15995720
   38.10500000    9.15731322
   38.13000000    9.15872273
   38.15500000    9.16104034
   38.18000000    9.16153514
   38.20500000    9.15935818
   38.23000000    9.15830230
   38.25500000    9.16107395
   38.28000000    9.16657994
   38.30500000    9.17376705
   38.33000000    9.18034127
   38.35500000    9.18630215
   38.38000000    9.19401780
   38.40500000    9.20056911
   38.43000000    9.20499520
   38.45500000    9.21037390
   38.48000000    9.21892099
   38.50500000    9.22807193
   38.53000000    9.23530959
   38.55500000    9.24130486
   38.58000000    9.24440601
   38.60500000    9.24547931
   38.63000000    9.24821279
   38.65500000    9.25080315
   38.68000000    9.24809932
   38.70500000    9.23985781
   38.73000000    9.23083437
   38.75500000    9.22391001
   38.78000000    9.21881210
   38.80500000    9.21390319
   38.83000000    9.20667789
   38.85500000    9.19781183
   38.88000000    9.19000294
   38.90500000    9.18746011
   38.93000000    9.19395063
   38.95500000    9.20944816
   38.98000000    9.23223266
   39.00500000    9.25851317
   39.03000000    9.28388327
   39.05500000    9.30851489
   39.08000000    9.33503087
   39.10500000    9.36697863
   39.13000000    9.40435843
   39.15500000    9.44195080
   39.18000000    9.47523840
   39.20500000    9.50373054
   39.23000000    9.52716984
   39.25500000    9.54261156
   39.28000000    9.54432171
   39.30500000    9.52960681
   39.33000000    9.50077405
   39.35500000    9.46439376
   39.38000000    9.42505438
   39.40500000    9.38471744
   39.43000000    9.35036102
   39.45500000    9.32708058
   39.48000000    9.31239142
   39.50500000    9.30433673
   39.53000000    9.30238883
   39.55500000    9.30639131
   39.58000000    9.31458073
   39.60500000    9.32358545
   39.63000000    9.33330685
   39.65500000    9.34454267
   39.68000000    9.35468937
   39.70500000    9.35842566
   39.73000000    9.35448744
   39.75500000    9.34353557
   39.78000000    9.32838355
   39.80500000    9.31449131
   39.83000000    9.30689551
   39.85500000    9.30789767
   39.88000000    9.31681845
   39.90500000    9.33050621
   39.93000000    9.34507116
   39.95500000    9.35485156
   39.98000000    9.35576880
   40.00500000    9.35046676
   40.03000000    9.34800472
   40.05500000    9.35478088
   40.08000000    9.36876464
   40.10500000    9.38532220
   40.13000000    9.40135844
   40.15500000    9.41562141
   40.18000000    9.43237623
   40.20500000    9.45426665
   40.23000000    9.47709337
   40.25500000    9.49551303
   40.28000000    9.50600279
   40.30500000    9.51112252
   40.33000000    9.51413499
   40.35500000    9.51402806
   40.38000000    9.51313542
   40.40500000    9.51507902
   40.43000000    9.51995397
   40.45500000    9.52497970
   40.48000000    9.52679000
   40.50500000    9.52427873
   40.53000000    9.51887435
   40.55500000    9.50892370
   40.58000000    9.49602583
   40.60500000    9.48374670
   40.63000000    9.47369452
   40.65500000    9.46799392
   40.68000000    9.46915664
   40.70500000    9.47817433
   40.73000000    9.49318846
   40.75500000    9.51212360
   40.78000000    9.53318436
   40.80500000    9.55144963
   40.83000000    9.56541197
   40.85500000    9.57645425
   40.88000000    9.58446211
   40.90500000    9.58862324
   40.93000000    9.59079679
   40.95500000    9.59324487
   40.98000000    9.59686078
   41.00500000    9.59989891
   41.03000000    9.59806271
   41.05500000    9.59002020
   41.08000000    9.57725274
   41.10500000    9.56095640
   41.13000000    9.54426856
   41.15500000    9.53279546
   41.18000000    9.52975833
   41.20500000    9.53351755
   41.23000000    9.54095428
   41.25500000    9.55398543
   41.28000000    9.57262795
   41.30500000    9.59393281
   41.33000000    9.61490117
   41.35500000    9.63182330
   41.38000000    9.64027614
   41.40500000    9.64211979
   41.43000000    9.64427965
   41.45500000    9.65048588
   41.48000000    9.65932490
   41.50500000    9.66684278
   41.53000000    9.66893782
   41.55500000    9.66511891
   41.58000000    9.65601500
   41.60500000    9.64388214
   41.63000000    9.63472353
   41.65500000    9.62847390
   41.68000000    9.62111268
   41.70500000    9.61032613
   41.73000000    9.59568179
   41.75500000    9.57879083
   41.78000000    9.56246286
   41.80500000    9.54961479
   41.83000000    9.54156823
   41.85500000    9.53712792
   41.88000000    9.53466823
   41.90500000    9.53242421
   41.93000000    9.52893436
   41.95500000    9.52258797
   41.98000000    9.51453526
   42.00500000    9.50957283
   42.03000000    9.51190907
   42.05500000    9.52357341
   42.08000000    9.54558123
   42.10500000    9.57580266
   42.13000000    9.61064872
   42.15500000    9.65161945
   42.18000000    9.69909431
   42.20500000    9.74504013
   42.23000000    9.78060014
   42.25500000    9.80207093
   42.28000000    9.80843166
   42.30500000    9.80316663
   42.33000000    9.79069742
   42.35500000    9.77351067
   42.38000000    9.75684922
   42.40500000    9.74473452
   42.43000000    9.73870516
   42.45500000    9.73489882
   42.48000000    9.73006798
   42.50500000    9.72925854
   42.53000000    9.73610334
   42.55500000    9.74667783
   42.58000000    9.75521222
   42.60500000    9.75978506
   42.63000000    9.76122840
   42.65500000    9.76236757
   42.68000000    9.76696369
   42.70500000    9.77687273
   42.73000000    9.79226068
   42.75500000    9.81060085
   42.78000000    9.82675757
   42.80500000    9.83593649
   42.83000000    9.83556844
   42.85500000    9.82539428
   42.88000000    9.80893381
   42.90500000    9.79339178
   42.93000000    9.78461259
   42.95500000    9.78639259
   42.98000000    9.79767596
   43.00500000    9.81037460
   43.03000000    9.81615629
   43.05500000    9.81350463
   43.08000000    9.80632831
   43.10500000    9.79682885
   43.13000000    9.78426087
   43.15500000    9.76965609
   43.18000000    9.75677430
   43.20500000    9.74698843
   43.23000000    9.74010257
   43.25500000    9.74066785
   43.28000000    9.75459391
   43.30500000    9.78190011
   43.33000000    9.81513744
   43.35500000    9.84682204
   43.38000000    9.87098957
   43.40500000    9.88149781
   43.43000000    9.87801615
   43.45500000    9.86914056
   43.48000000    9.86421347
   43.50500000    9.86656854
   43.53000000    9.87356288
   43.55500000    9.88165898
   43.58000000    9.89010842
   43.60500000    9.89638170
   43.63000000    9.89826236
   43.65500000    9.89850736
   43.68000000    9.90266296
   43.70500000    9.91177845
   43.73000000    9.92457290
   43.75500000    9.93849226
   43.78000000    9.94864977
   43.80500000    9.95365058
   43.83000000    9.95889113
   43.85500000    9.96792388
   43.88000000    9.98150020
   43.90500000   10.00055637
   43.93000000   10.02317791
   43.95500000   10.04344231
   43.98000000   10.05253640
   44.00500000   10.04512348
   44.03000000   10.02622262
   44.05500000   10.00511668
   44.08000000    9.98842027
   44.10500000    9.98030699
   44.13000000    9.98426377
   44.15500000   10.00276779
   44.18000000   10.03263966
   44.20500000   10.06903687
   44.23000000   10.10552991
   44.25500000   10.13565660
   44.28000000   10.15612872
   44.30500000   10.16758981
   44.33000000   10.17162360
   44.35500000   10.16779007
   44.38000000   10.15551475
   44.40500000   10.13535706
   44.43000000   10.11173003
   44.45500000   10.09108159
   44.48000000   10.07832224
   44.50500000   10.07408051
   44.53000000   10.07579861
   44.55500000   10.08199539
   44.58000000   10.09283558
   44.60500000   10.10794822
   44.63000000   10.12533512
   44.65500000   10.14606776
   44.68000000   10.16922090
   44.70500000   10.19013379
   44.73000000   10.20529779
   44.75500000   10.21507832
   44.78000000   10.22128512
   44.80500000   10.22376221
   44.83000000   10.22008440
   44.85500000   10.21526520
   44.88000000   10.21888337
   44.90500000   10.23393326
   44.93000000   10.25908922
   44.95500000   10.28747438
   44.98000000   10.30875446
   45.00500000   10.31884915
   45.03000000   10.31884242
   45.05500000   10.31587522
   45.08000000   10.31737303
   45.10500000   10.32613102
   45.13000000   10.33745390
   45.15500000   10.34555596
   45.18000000   10.34948179
   45.20500000   10.35074995
   45.23000000   10.35193967
   45.25500000   10.35249102
   45.28000000   10.35175522
   45.30500000   10.35306302
   45.33000000   10.35544350
   45.35500000   10.35457201
   45.38000000   10.35126793
   45.40500000   10.34771317
   45.43000000   10.34567918
   45.45500000   10.34823070
   45.48000000   10.35879619
   45.50500000   10.37632346
   45.53000000   10.39603164
   45.55500000   10.41307282
   45.58000000   10.42466325
   45.60500000   10.43183855
   45.63000000   10.43883499
   45.65500000   10.44861093
   45.68000000   10.45919808
   45.70500000   10.46808382
   45.73000000   10.47225935
   45.75500000   10.46984949
   45.78000000   10.46234663
   45.80500000   10.45281468
   45.83000000   10.44161842
   45.85500000   10.42735455
   45.88000000   10.41064862
   45.90500000   10.39186457
   45.93000000   10.37218826
   45.95500000   10.35682735
   45.98000000   10.34751027
   46.00500000   10.34182765
   46.03000000   10.33851738
   46.05500000   10.33923380
   46.08000000   10.34358044
   46.10500000   10.35024217
   46.13000000   10.35926458
   46.15500000   10.37014265
   46.18000000   10.38294129
   46.20500000   10.39814425
   46.23000000   10.41568658
   46.25500000   10.43657475
   46.28000000   10.46242424
   46.30500000   10.49204707
   46.33000000   10.52089377
   46.35500000   10.54426000
   46.38000000   10.56096388
   46.40500000   10.57720450
   46.43000000   10.59946592
   46.45500000   10.63132989
   46.48000000   10.66749136
   46.50500000   10.70078769
   46.53000000   10.72832120
   46.55500000   10.75268635
   46.58000000   10.77662464
   46.60500000   10.79888084
   46.63000000   10.81500535
   46.65500000   10.82489787
   46.68000000   10.82997784
   46.70500000   10.83078836
   46.73000000   10.82644924
   46.75500000   10.81564793
   46.78000000   10.79929199
   46.80500000   10.77965194
   46.83000000   10.75965554
   46.85500000   10.74538847
   46.88000000   10.74384361
   46.90500000   10.75377671
   46.93000000   10.76963578
   46.95500000   10.78686650
   46.98000000   10.80164134
   47.00500000   10.81287299
   47.03000000   10.81919739
   47.05500000   10.82083376
   47.08000000   10.81881984
   47.10500000   10.81345323
   47.13000000   10.80640980
   47.15500000   10.80029134
   47.18000000   10.79963044
   47.20500000   10.80905385
   47.23000000   10.82961795
   47.25500000   10.85957215
   47.28000000   10.89496527
   47.30500000   10.93138508
   47.33000000   10.96405780
   47.35500000   10.99045331
   47.38000000   11.00827149
   47.40500000   11.01846543
   47.43000000   11.02610082
   47.45500000   11.03419712
   47.48000000   11.04358643
   47.50500000   11.05652365
   47.53000000   11.06976096
   47.55500000   11.07671237
   47.58000000   11.07693929
   47.60500000   11.07454282
   47.63000000   11.07624157
   47.65500000   11.08836560
   47.68000000   11.11051201
   47.70500000   11.13529481
   47.73000000   11.15862276
   47.75500000   11.18481445
   47.78000000   11.21714989
   47.80500000   11.25212700
   47.83000000   11.28266646
   47.85500000   11.30647082
   47.88000000   11.32710884
   47.90500000   11.34869361
   47.93000000   11.37250350
   47.95500000   11.39866285
   47.98000000   11.42611496
   48.00500000   11.44963291
   48.03000000   11.46031571
   48.05500000   11.45275023
   48.08000000   11.43375445
   48.10500000   11.41693505
   48.13000000   11.41134465
   48.15500000   11.41057804
   48.18000000   11.40551481
   48.20500000   11.39082998
   48.23000000   11.37211823
   48.25500000   11.36045036
   48.28000000   11.36090561
   48.30500000   11.36540810
   48.33000000   11.36724612
   48.35500000   11.36522493
   48.38000000   11.35940149
   48.40500000   11.35162920
   48.43000000   11.34803386
   48.45500000   11.35337912
   48.48000000   11.36359942
   48.50500000   11.36734905
   48.53000000   11.35962679
   48.55500000   11.34590237
   48.58000000   11.33236396
   48.60500000   11.32234883
   48.63000000   11.31898015
   48.65500000   11.32563850
   48.68000000   11.34597006
   48.70500000   11.38222698
   48.73000000   11.42919114
   48.75500000   11.47701083
   48.78000000   11.52077771
   48.80500000   11.55477141
   48.83000000   11.57705785
   48.85500000   11.59059487
   48.88000000   11.59600049
   48.90500000   11.59335581
   48.93000000   11.58286026
   48.95500000   11.56360599
   48.98000000   11.53790530
   49.00500000   11.50872671
   49.03000000   11.47882872
   49.05500000   11.44983384
   49.08000000   11.42314904
   49.10500000   11.40118718
   49.13000000   11.38727030
   49.15500000   11.38539494
   49.18000000   11.39561534
   49.20500000   11.41184214
   49.23000000   11.42878629
   49.25500000   11.44165854
   49.28000000   11.44865439
   49.30500000   11.45508211
   49.33000000   11.46414730
   49.35500000   11.47387788
   49.38000000   11.48379525
   49.40500000   11.49427427
   49.43000000   11.50350097
   49.45500000   11.51033165
   49.48000000   11.51342299
   49.50500000   11.51013708
   49.53000000   11.50318152
   49.55500000   11.49896211
   49.58000000   11.50004830
   49.60500000   11.50462219
   49.63000000   11.50938499
   49.65500000   11.51484285
   49.68000000   11.52311161
   49.70500000   11.53393388
   49.73000000   11.54782978
   49.75500000   11.56541025
   49.78000000   11.58554957
   49.80500000   11.60491940
   49.83000000   11.61817093
   49.85500000   11.62555290
   49.88000000   11.62957693
   49.90500000   11.63476676
   49.93000000   11.64572061
   49.95500000   11.66373335
   49.98000000   11.68212521
