    0.000000000000000         2.568170196977932     
   2.5000000000000000E-002    2.344401186714025     
   5.0000000000000000E-002    1.782698589659106     
   7.5000000000000009E-002    1.107593026555653     
   0.1000000000000000        0.5056894202768632     
   0.1250000000000000        7.0667657094235601E-002
   0.1500000000000000       -0.1831609631374904     
   0.1750000000000000       -0.2885069152568596     
   0.2000000000000000       -0.2961797422389674     
   0.2250000000000000       -0.2550929249683687     
   0.2500000000000000       -0.2014074759497257     
   0.2750000000000000       -0.1555106501755719     
   0.3000000000000000       -0.1244258573574062     
   0.3250000000000000       -0.1067120877361444     
   0.3500000000000000       -9.7406570213100014E-002
   0.3750000000000000       -9.1447403173448958E-002
   0.4000000000000000       -8.5381988134053053E-002
   0.4250000000000000       -7.7800970671304759E-002
   0.4500000000000000       -6.8826144049496509E-002
   0.4750000000000000       -5.9181324530523760E-002
   0.5000000000000000       -4.9519349653597118E-002
   0.5250000000000000       -4.0275745548877948E-002
   0.5500000000000000       -3.1882140924656293E-002
   0.5750000000000001       -2.5067471090624593E-002
   0.6000000000000001       -2.0696601111540698E-002
   0.6250000000000000       -1.9098660778929643E-002
   0.6500000000000000       -1.9510017111206196E-002
   0.6750000000000000       -2.0396008773426582E-002
   0.7000000000000001       -2.0359166743275372E-002
   0.7250000000000001       -1.8791956243123508E-002
   0.7500000000000000       -1.6005530815331679E-002
   0.7750000000000000       -1.2932087528930003E-002
   0.8000000000000000       -1.0729991846057176E-002
   0.8250000000000000       -1.0256257034774052E-002
   0.8500000000000000       -1.1611211749128367E-002
   0.8750000000000000       -1.4100837864229778E-002
   0.9000000000000000       -1.6478122190055588E-002
   0.9250000000000000       -1.7453780896320257E-002
   0.9500000000000000       -1.6279038801055314E-002
   0.9750000000000000       -1.3070280969839496E-002
    1.000000000000000       -8.8076201781790857E-003
    1.025000000000000       -4.9530722035962427E-003
    1.050000000000000       -2.8874614623819571E-003
    1.075000000000000       -3.0520369400639131E-003
    1.100000000000000       -4.6806160905195489E-003
    1.125000000000000       -6.5211760177382487E-003
    1.150000000000000       -7.5194472646798749E-003
    1.175000000000000       -7.0631318447719140E-003
    1.200000000000000       -5.1233838927787199E-003
    1.225000000000000       -2.2467360062703396E-003
    1.250000000000000        7.9378053912896664E-004
    1.275000000000000        3.5323042390453461E-003
    1.300000000000000        5.7726726206953547E-003
    1.325000000000000        7.2718302748760832E-003
    1.350000000000000        7.8528829493819696E-003
    1.375000000000000        7.5888227474638903E-003
    1.400000000000000        6.6515937951959083E-003
    1.425000000000000        5.2373123532137082E-003
    1.450000000000000        3.6100246157952256E-003
    1.475000000000000        2.0517108673687696E-003
    1.500000000000000        8.0127675361701165E-004
    1.525000000000000        2.8277405655050938E-006
    1.550000000000000       -2.7054183586824325E-004
    1.575000000000000       -8.0310921236569364E-005
    1.600000000000000        3.4468717581769863E-004
    1.625000000000000        8.0000176235703631E-004
    1.650000000000000        1.1776451546120790E-003
    1.675000000000000        1.4988885495371709E-003
    1.700000000000000        1.8967077629621320E-003
    1.725000000000000        2.4143481377655212E-003
    1.750000000000000        2.8135497271221430E-003
    1.775000000000000        2.6541854057893239E-003
    1.800000000000000        1.5537573703897165E-003
    1.825000000000000       -6.9766108085398297E-004
    1.850000000000000       -4.0841235966382534E-003
    1.875000000000000       -8.1207964576850866E-003
    1.900000000000000       -1.1874084422244315E-002
    1.925000000000000       -1.4347384747682554E-002
    1.950000000000000       -1.4824828680058215E-002
    1.975000000000000       -1.3182393288313161E-002
    2.000000000000000       -1.0030685549590987E-002
    2.025000000000000       -6.5663088825292037E-003
    2.050000000000000       -4.0927138638986786E-003
    2.075000000000000       -3.3230279336412960E-003
    2.100000000000000       -3.9472334557784228E-003
    2.125000000000000       -5.0600250408324596E-003
    2.150000000000000       -6.0639256687409224E-003
    2.175000000000000       -7.0067240542460709E-003
    2.200000000000000       -8.0299663935592900E-003
    2.225000000000000       -8.8343388431583865E-003
    2.250000000000000       -8.9179742741629013E-003
    2.275000000000000       -8.0546405477420784E-003
    2.300000000000000       -6.1943720530921382E-003
    2.325000000000000       -3.3422812083816309E-003
    2.350000000000000        2.2367514168409346E-004
    2.375000000000000        3.9600820830957201E-003
    2.400000000000000        7.3595795439067588E-003
    2.425000000000000        1.0164695202483132E-002
    2.450000000000000        1.2130893637573088E-002
    2.475000000000000        1.2793836193724917E-002
    2.500000000000000        1.1804173847718977E-002
    2.525000000000000        9.3107782210069541E-003
    2.550000000000000        5.8249581789355140E-003
    2.575000000000000        1.9557778484036170E-003
    2.600000000000000       -1.6741637116090895E-003
    2.625000000000000       -4.3597396894815068E-003
    2.650000000000000       -5.6723757967490869E-003
    2.675000000000000       -5.8147545117414037E-003
    2.700000000000000       -5.0905130218263297E-003
    2.725000000000000       -3.5101594679107242E-003
    2.750000000000000       -9.8616487991178765E-004
    2.775000000000000        2.2841258743414388E-003
    2.800000000000000        5.5348382567628329E-003
    2.825000000000000        7.8282536002894245E-003
    2.850000000000000        8.7889774151274391E-003
    2.875000000000000        8.6480812170765109E-003
    2.900000000000000        7.7342996918003610E-003
    2.925000000000000        6.2907432384757751E-003
    2.950000000000000        4.4123771962795590E-003
    2.975000000000000        2.0878072596065826E-003
    3.000000000000000       -5.5115859055625798E-004
    3.025000000000000       -3.0255548148789013E-003
    3.050000000000000       -4.7647998140701633E-003
    3.075000000000000       -5.5300132256985250E-003
    3.100000000000000       -5.5375872321624513E-003
    3.125000000000000       -5.1536027473862420E-003
    3.150000000000000       -4.6526746347466723E-003
    3.175000000000000       -4.4278263934633841E-003
    3.200000000000000       -4.9203750528449248E-003
    3.225000000000000       -6.2157047873840998E-003
    3.250000000000000       -7.8829823451006265E-003
    3.275000000000000       -9.1488752536777582E-003
    3.300000000000000       -9.3856273804549364E-003
    3.325000000000000       -8.6437303702966410E-003
    3.350000000000000       -7.3840491621208120E-003
    3.375000000000000       -5.9628050095280933E-003
    3.400000000000000       -4.5933779073806660E-003
    3.425000000000000       -3.4027057976785207E-003
    3.450000000000000       -2.2307598376275490E-003
    3.475000000000000       -5.7026292597091199E-004
    3.500000000000000        1.8518852213954089E-003
    3.525000000000000        4.5850127636396660E-003
    3.550000000000000        6.6459942858720371E-003
    3.575000000000000        6.9137558532826224E-003
    3.600000000000000        4.6316190169248896E-003
    3.625000000000000       -4.9898650797101132E-006
    3.650000000000000       -5.8140310403470705E-003
    3.675000000000000       -1.1192324279005281E-002
    3.700000000000000       -1.4849024282095922E-002
    3.725000000000000       -1.6297999849362932E-002
    3.750000000000000       -1.5807244668251856E-002
    3.775000000000000       -1.3885272289588508E-002
    3.800000000000000       -1.1109823013448596E-002
    3.825000000000000       -8.2105323239721315E-003
    3.850000000000000       -5.7937435646282172E-003
    3.875000000000000       -4.0086297618586659E-003
    3.900000000000000       -2.7097895840806303E-003
    3.925000000000000       -1.7233400278933479E-003
    3.950000000000000       -8.8931332546376254E-004
    3.975000000000000       -1.7288361649721276E-004
    4.000000000000000        4.2165073168994658E-004
