    0.000000000000000         2.570577091969907     
   2.5000000000000000E-002    2.346807781762049     
   5.0000000000000000E-002    1.785037616695035     
   7.5000000000000009E-002    1.109887763734334     
   0.1000000000000000        0.5084403011581998     
   0.1250000000000000        7.4632753707288346E-002
   0.1500000000000000       -0.1775798557071328     
   0.1750000000000000       -0.2814715442241998     
   0.2000000000000000       -0.2878028426149903     
   0.2250000000000000       -0.2450383317731237     
   0.2500000000000000       -0.1893948772410310     
   0.2750000000000000       -0.1419476161993918     
   0.3000000000000000       -0.1102881215127379     
   0.3250000000000000       -9.3122404904902609E-002
   0.3500000000000000       -8.5442784271220020E-002
   0.3750000000000000       -8.2041757739458880E-002
   0.4000000000000000       -7.9145548106661190E-002
   0.4250000000000000       -7.4933260557082200E-002
   0.4500000000000000       -6.9141774808096219E-002
   0.4750000000000000       -6.2198417806129891E-002
   0.5000000000000000       -5.4650014599079100E-002
   0.5250000000000000       -4.6912162799504191E-002
   0.5500000000000000       -3.9283460446564202E-002
   0.5750000000000001       -3.2039830170183903E-002
   0.6000000000000001       -2.5390476379753606E-002
   0.6250000000000000       -1.9424020712145156E-002
   0.6500000000000000       -1.4135448398796302E-002
   0.6750000000000000       -9.4934555030821599E-003
   0.7000000000000001       -5.5510377314636496E-003
   0.7250000000000001       -2.5523378287961203E-003
   0.7500000000000000       -7.4173951596450465E-004
   0.7750000000000000       -7.4580030821807490E-005
   0.8000000000000000       -1.8868050770491376E-004
   0.8250000000000000       -5.1072498822936385E-004
   0.8500000000000000       -5.5549295565752788E-004
   0.8750000000000000       -3.3908248883651080E-004
   0.9000000000000000       -3.4111987513715136E-004
   0.9250000000000000       -8.2185543279245881E-004
   0.9500000000000000       -1.6711249639201302E-003
   0.9750000000000000       -2.7382251624828928E-003
    1.000000000000000       -3.9379446105873917E-003
    1.025000000000000       -5.2028918970010363E-003
    1.050000000000000       -6.5031034118123792E-003
    1.075000000000000       -7.6958442887920242E-003
    1.100000000000000       -8.3582124578892145E-003
    1.125000000000000       -7.8903613337947052E-003
    1.150000000000000       -6.0686148055236551E-003
    1.175000000000000       -3.5815516913457603E-003
    1.200000000000000       -1.6733304192912025E-003
    1.225000000000000       -1.2273818572075839E-003
    1.250000000000000       -2.3128217798771802E-003
    1.275000000000000       -4.3143346278296422E-003
    1.300000000000000       -6.2191205950864337E-003
    1.325000000000000       -7.0633340053934459E-003
    1.350000000000000       -6.3730424395825729E-003
    1.375000000000000       -4.2977555032429722E-003
    1.400000000000000       -1.4319515122483198E-003
    1.425000000000000        1.2626594959151938E-003
    1.450000000000000        2.7596488968010311E-003
    1.475000000000000        2.5601898976041122E-003
    1.500000000000000        9.9425286619407700E-004
    1.525000000000000       -1.0903648582943859E-003
    1.550000000000000       -2.8167315208248493E-003
    1.575000000000000       -3.4872397386303366E-003
    1.600000000000000       -2.8516943037622621E-003
    1.625000000000000       -1.3599030389413558E-003
    1.650000000000000        2.0534847197211019E-004
    1.675000000000000        1.3515540397945778E-003
    1.700000000000000        2.0700451113711047E-003
    1.725000000000000        2.7259290163416239E-003
    1.750000000000000        3.7284163975188438E-003
    1.775000000000000        5.2671559058406912E-003
    1.800000000000000        7.2562430741362522E-003
    1.825000000000000        9.1585855132881697E-003
    1.850000000000000        1.0043769582707833E-002
    1.875000000000000        9.2026199106520288E-003
    1.900000000000000        6.7470873803077591E-003
    1.925000000000000        3.8125776645906768E-003
    1.950000000000000        1.9764785258194335E-003
    1.975000000000000        2.0018229809929302E-003
    2.000000000000000        3.3006557092285553E-003
    2.025000000000000        4.7796417045551589E-003
    2.050000000000000        5.8398016642401096E-003
    2.075000000000000        6.4916279074228136E-003
    2.100000000000000        6.9454231850474528E-003
    2.125000000000000        7.1274240886452267E-003
    2.150000000000000        6.5659704376385308E-003
    2.175000000000000        4.8069222630265509E-003
    2.200000000000000        1.9184715634768409E-003
    2.225000000000000       -1.3335016216686575E-003
    2.250000000000000       -3.7567323295200099E-003
    2.275000000000000       -4.5218475734679107E-003
    2.300000000000000       -3.8930324531433689E-003
    2.325000000000000       -3.0707707879742037E-003
    2.350000000000000       -3.1556159951365910E-003
    2.375000000000000       -4.3388369617122233E-003
    2.400000000000000       -6.1030812088899724E-003
    2.425000000000000       -7.7190424937684643E-003
    2.450000000000000       -8.7159592158578487E-003
    2.475000000000000       -8.9688081903538670E-003
    2.500000000000000       -8.3485260773376986E-003
    2.525000000000000       -6.6260322571810466E-003
    2.550000000000000       -3.7448847579753295E-003
    2.575000000000000       -2.2391407505593861E-004
    2.600000000000000        2.9166667433026090E-003
    2.625000000000000        4.8316095849270919E-003
    2.650000000000000        5.2374505966586984E-003
    2.675000000000000        4.2213290928784648E-003
    2.700000000000000        2.0523857084041626E-003
    2.725000000000000       -8.5988700357101493E-004
    2.750000000000000       -3.9610705848126786E-003
    2.775000000000000       -6.5318900482220599E-003
    2.800000000000000       -7.7791634730419945E-003
    2.825000000000000       -7.0916026629638385E-003
    2.850000000000000       -4.4411422069964352E-003
    2.875000000000000       -4.5749091140073670E-004
    2.900000000000000        3.8278143936090228E-003
    2.925000000000000        7.2227906768046495E-003
    2.950000000000000        8.8215899204973525E-003
    2.975000000000000        8.3393730270007449E-003
    3.000000000000000        6.0318763782900673E-003
    3.025000000000000        2.6818833308674512E-003
    3.050000000000000       -5.9101946799320562E-004
    3.075000000000000       -3.0269883246496554E-003
    3.100000000000000       -4.6053864632040273E-003
    3.125000000000000       -5.5883568448963707E-003
    3.150000000000000       -5.9485582873532072E-003
    3.175000000000000       -5.4755378351534869E-003
    3.200000000000000       -4.1441934920326862E-003
    3.225000000000000       -2.1991591027569823E-003
    3.250000000000000        2.7618309326380199E-005
    3.275000000000000        2.2209519358178511E-003
    3.300000000000000        3.9784685074474719E-003
    3.325000000000000        4.7182765141397409E-003
    3.350000000000000        3.9560931511845808E-003
    3.375000000000000        1.7872128942665134E-003
    3.400000000000000       -9.9324347410006926E-004
    3.425000000000000       -3.3592932437931555E-003
    3.450000000000000       -4.4512503858780796E-003
    3.475000000000000       -3.8276020302351178E-003
    3.500000000000000       -1.6336093160018061E-003
    3.525000000000000        1.4785120983161768E-003
    3.550000000000000        4.6409731458918033E-003
    3.575000000000000        6.8793007957217540E-003
    3.600000000000000        7.2030141959967349E-003
    3.625000000000000        5.0408555852699433E-003
    3.650000000000000        8.0436374490720635E-004
    3.675000000000000       -3.9928270719903303E-003
    3.700000000000000       -7.6438272016430293E-003
    3.725000000000000       -9.2699866023515085E-003
    3.750000000000000       -9.0520728736911416E-003
    3.775000000000000       -7.7524231823298981E-003
    3.800000000000000       -5.9336453652447396E-003
    3.825000000000000       -3.8319801290615363E-003
    3.850000000000000       -1.8372288491684987E-003
    3.875000000000000       -5.8277404077944270E-004
    3.900000000000000       -4.6657826252692942E-004
    3.925000000000000       -1.3494764237348635E-003
    3.950000000000000       -2.6665090952512043E-003
    3.975000000000000       -3.4825219441154918E-003
    4.000000000000000       -2.8230099822829363E-003
