    0.000000000000000         2.575751081925059     
   2.5000000000000000E-002    2.351684495515459     
   5.0000000000000000E-002    1.788594807874044     
   7.5000000000000009E-002    1.110672767509940     
   0.1000000000000000        0.5050751816024964     
   0.1250000000000000        6.6735464229726871E-002
   0.1500000000000000       -0.1890475022678737     
   0.1750000000000000       -0.2948969444422000     
   0.2000000000000000       -0.3019293892036609     
   0.2250000000000000       -0.2593213958399785     
   0.2500000000000000       -0.2036377122078069     
   0.2750000000000000       -0.1558005701712840     
   0.3000000000000000       -0.1232731852966400     
   0.3250000000000000       -0.1048272105760989     
   0.3500000000000000       -9.5399965593564620E-002
   0.3750000000000000       -8.9561165408923280E-002
   0.4000000000000000       -8.3317058150054670E-002
   0.4250000000000000       -7.4805945261512061E-002
   0.4500000000000000       -6.4298631874197891E-002
   0.4750000000000000       -5.3244282941718364E-002
   0.5000000000000000       -4.2958025693064990E-002
   0.5250000000000000       -3.3971968975706508E-002
   0.5500000000000000       -2.6140621606733050E-002
   0.5750000000000001       -1.9137813239058163E-002
   0.6000000000000001       -1.2949032060624548E-002
   0.6250000000000000       -7.8832990649290817E-003
   0.6500000000000000       -4.3914673375133439E-003
   0.6750000000000000       -2.9774936837418696E-003
   0.7000000000000001       -3.9872926427680841E-003
   0.7250000000000001       -7.1152155757501241E-003
   0.7500000000000000       -1.1210736047230090E-002
   0.7750000000000000       -1.4782975079569241E-002
   0.8000000000000000       -1.6781705272672043E-002
   0.8250000000000000       -1.7000781718979521E-002
   0.8500000000000000       -1.5899133904138387E-002
   0.8750000000000000       -1.4120662745720203E-002
   0.9000000000000000       -1.2194034936515967E-002
   0.9250000000000000       -1.0575562508625904E-002
   0.9500000000000000       -9.5813804751775375E-003
   0.9750000000000000       -9.2980989006712562E-003
    1.000000000000000       -9.5653015703219708E-003
    1.025000000000000       -1.0153700974166886E-002
    1.050000000000000       -1.0907204587996588E-002
    1.075000000000000       -1.1555762002328844E-002
    1.100000000000000       -1.1651004300020897E-002
    1.125000000000000       -1.0832942212806149E-002
    1.150000000000000       -8.9563046936027906E-003
    1.175000000000000       -6.1317443527029631E-003
    1.200000000000000       -2.7291507585539247E-003
    1.225000000000000        7.5775645103743230E-004
    1.250000000000000        3.8776526344867381E-003
    1.275000000000000        6.2556813085252845E-003
    1.300000000000000        7.5049976184737179E-003
    1.325000000000000        7.2892583722043938E-003
    1.350000000000000        5.6527234427898208E-003
    1.375000000000000        3.1776353647771760E-003
    1.400000000000000        1.0013132142707202E-003
    1.425000000000000        5.1055752407274104E-004
    1.450000000000000        2.1835647990299147E-003
    1.475000000000000        4.8977320470614414E-003
    1.500000000000000        7.0010027310265057E-003
    1.525000000000000        7.4920193418260892E-003
    1.550000000000000        6.0460588587646225E-003
    1.575000000000000        2.8600292502162254E-003
    1.600000000000000       -1.2560355288841631E-003
    1.625000000000000       -5.1554390548196229E-003
    1.650000000000000       -7.9782901022394928E-003
    1.675000000000000       -9.5648205148615855E-003
    1.700000000000000       -1.0342753010046395E-002
    1.725000000000000       -1.0848629637727878E-002
    1.750000000000000       -1.1292988954142462E-002
    1.775000000000000       -1.1524758621829250E-002
    1.800000000000000       -1.1182735068687717E-002
    1.825000000000000       -9.9383916891305208E-003
    1.850000000000000       -7.9214469252876114E-003
    1.875000000000000       -5.8031891460733416E-003
    1.900000000000000       -4.2170583365967955E-003
    1.925000000000000       -3.2919042634957494E-003
    1.950000000000000       -2.8304904627618770E-003
    1.975000000000000       -2.6530423063958919E-003
    2.000000000000000       -2.6602135746354723E-003
    2.025000000000000       -2.6667547790707062E-003
    2.050000000000000       -2.4037190183938320E-003
    2.075000000000000       -1.7165667832606886E-003
    2.100000000000000       -4.3096449300670239E-004
    2.125000000000000        1.5792282621165652E-003
    2.150000000000000        3.9813876913728240E-003
    2.175000000000000        5.8703064806139427E-003
    2.200000000000000        6.1814156765229509E-003
    2.225000000000000        4.3346675654124533E-003
    2.250000000000000        6.4609730774758916E-004
    2.275000000000000       -3.8173952622006357E-003
    2.300000000000000       -7.8149009174505757E-003
    2.325000000000000       -1.0343961887718287E-002
    2.350000000000000       -1.0865498557176514E-002
    2.375000000000000       -9.4469930825936306E-003
    2.400000000000000       -6.5903592519926164E-003
    2.425000000000000       -2.9769683378627363E-003
    2.450000000000000        6.9022715810288604E-004
    2.475000000000000        3.7096888161901820E-003
    2.500000000000000        5.5046005000345222E-003
    2.525000000000000        5.9186873322958373E-003
    2.550000000000000        5.4429183285684974E-003
    2.575000000000000        5.0175165380354230E-003
    2.600000000000000        5.5102891679473345E-003
    2.625000000000000        7.2570772527760132E-003
    2.650000000000000        9.8590013321283649E-003
    2.675000000000000        1.2403070563251744E-002
    2.700000000000000        1.3990126169503812E-002
    2.725000000000000        1.4095436304401865E-002
    2.750000000000000        1.2656115189111474E-002
    2.775000000000000        1.0134759468807424E-002
    2.800000000000000        7.4953030944294996E-003
    2.825000000000000        5.7667508423212244E-003
    2.850000000000000        5.2934202892549713E-003
    2.875000000000000        5.4667827696503268E-003
    2.900000000000000        5.3617526286900343E-003
    2.925000000000000        4.4279517447569372E-003
    2.950000000000000        2.5243139827755794E-003
    2.975000000000000       -8.1826192721937261E-005
    3.000000000000000       -2.5180922409248261E-003
    3.025000000000000       -3.6020137698796169E-003
    3.050000000000000       -2.6555177775771366E-003
    3.075000000000000       -1.3003456366034936E-004
    3.100000000000000        2.7193216164063827E-003
    3.125000000000000        4.7248375065707391E-003
    3.150000000000000        5.2924972406572826E-003
    3.175000000000000        4.4992379101453999E-003
    3.200000000000000        2.9489451697779598E-003
    3.225000000000000        1.2519196554553629E-003
    3.250000000000000       -2.4183399446356488E-004
    3.275000000000000       -1.2074086622040374E-003
    3.300000000000000       -1.4344580808960670E-003
    3.325000000000000       -1.1531622944982003E-003
    3.350000000000000       -9.9293428409832902E-004
    3.375000000000000       -1.4205725894096998E-003
    3.400000000000000       -2.3191309251170713E-003
    3.425000000000000       -3.1653929863501427E-003
    3.450000000000000       -3.3938727929328385E-003
    3.475000000000000       -2.6895587336434863E-003
    3.500000000000000       -1.0396729301843131E-003
    3.525000000000000        1.3299305300850488E-003
    3.550000000000000        3.8691254702221309E-003
    3.575000000000000        5.8081904568642875E-003
    3.600000000000000        6.6172446986753304E-003
    3.625000000000000        6.3492328903594082E-003
    3.650000000000000        5.5518592018805535E-003
    3.675000000000000        4.9448786393553910E-003
    3.700000000000000        5.0218380616409846E-003
    3.725000000000000        5.8442954266925558E-003
    3.750000000000000        7.1608468325598373E-003
    3.775000000000000        8.5457047708090688E-003
    3.800000000000000        9.4587340621337219E-003
    3.825000000000000        9.3872240707610359E-003
    3.850000000000000        8.1521609791573457E-003
    3.875000000000000        6.0462122427295473E-003
    3.900000000000000        3.7308092376898303E-003
    3.925000000000000        1.9770469743965556E-003
    3.950000000000000        1.2625716063027224E-003
    3.975000000000000        1.3796395931477154E-003
    4.000000000000000        1.4682924804405357E-003
