    0.000000000000000         2.557926186546808     
   2.5000000000000000E-002    2.332578226286442     
   5.0000000000000000E-002    1.767415662044950     
   7.5000000000000009E-002    1.089330918234256     
   0.1000000000000000        0.4871832870715675     
   0.1250000000000000        5.6042867515303509E-002
   0.1500000000000000       -0.1901508876947170     
   0.1750000000000000       -0.2862595121024878     
   0.2000000000000000       -0.2856747656948158     
   0.2250000000000000       -0.2391373908186151     
   0.2500000000000000       -0.1836610629849940     
   0.2750000000000000       -0.1395671448156701     
   0.3000000000000000       -0.1129089100492475     
   0.3250000000000000       -0.1006909979328592     
   0.3500000000000000       -9.6283368625161163E-002
   0.3750000000000000       -9.3323767240556244E-002
   0.4000000000000000       -8.7777061595380950E-002
   0.4250000000000000       -7.8347352910288537E-002
   0.4500000000000000       -6.5815100814418104E-002
   0.4750000000000000       -5.2067205273305532E-002
   0.5000000000000000       -3.9126763455952904E-002
   0.5250000000000000       -2.8442892211878167E-002
   0.5500000000000000       -2.0709149093480566E-002
   0.5750000000000001       -1.5978306940777718E-002
   0.6000000000000001       -1.3763556122322611E-002
   0.6250000000000000       -1.3161288130812725E-002
   0.6500000000000000       -1.3050218945338958E-002
   0.6750000000000000       -1.2604888229841889E-002
   0.7000000000000001       -1.1813285731655965E-002
   0.7250000000000001       -1.1203347152624650E-002
   0.7500000000000000       -1.1257445587672064E-002
   0.7750000000000000       -1.2153190587665450E-002
   0.8000000000000000       -1.3588920067360029E-002
   0.8250000000000000       -1.4929083924663407E-002
   0.8500000000000000       -1.5554022566148924E-002
   0.8750000000000000       -1.5134251909418324E-002
   0.9000000000000000       -1.3649508298443944E-002
   0.9250000000000000       -1.1509195881622636E-002
   0.9500000000000000       -9.6025793915894848E-003
   0.9750000000000000       -8.5985475307171981E-003
    1.000000000000000       -8.3054650954712343E-003
    1.025000000000000       -7.9047619696144196E-003
    1.050000000000000       -6.6958282785940675E-003
    1.075000000000000       -4.4158468707657770E-003
    1.100000000000000       -1.2753286644272617E-003
    1.125000000000000        1.9425361404210610E-003
    1.150000000000000        4.0915014476714431E-003
    1.175000000000000        4.3449302232308060E-003
    1.200000000000000        2.6117754703785154E-003
    1.225000000000000       -3.9556385321706582E-004
    1.250000000000000       -3.3349175536982352E-003
    1.275000000000000       -4.7522362028192298E-003
    1.300000000000000       -3.7009193069807766E-003
    1.325000000000000       -2.0240964842928446E-004
    1.350000000000000        4.7509334236429233E-003
    1.375000000000000        9.6522658339965250E-003
    1.400000000000000        1.3107835609386376E-002
    1.425000000000000        1.4245029371776492E-002
    1.450000000000000        1.2836539839198366E-002
    1.475000000000000        9.3103259098277125E-003
    1.500000000000000        4.7710844625934969E-003
    1.525000000000000        5.7479120310021656E-004
    1.550000000000000       -2.3746248315233869E-003
    1.575000000000000       -3.8971954875599080E-003
    1.600000000000000       -4.4627624404766300E-003
    1.625000000000000       -4.7677169432895381E-003
    1.650000000000000       -5.2779800721627375E-003
    1.675000000000000       -6.1711945249971647E-003
    1.700000000000000       -7.4752848307933331E-003
    1.725000000000000       -9.1889886859758150E-003
    1.750000000000000       -1.1224170062262970E-002
    1.775000000000000       -1.3386149043417856E-002
    1.800000000000000       -1.5537607013597333E-002
    1.825000000000000       -1.7490919577470512E-002
    1.850000000000000       -1.8732783649337485E-002
    1.875000000000000       -1.8575189124545876E-002
    1.900000000000000       -1.6710730526428845E-002
    1.925000000000000       -1.3487077849744238E-002
    1.950000000000000       -9.6082223379903997E-003
    1.975000000000000       -5.6134046096555128E-003
    2.000000000000000       -1.8915530618513230E-003
    2.025000000000000        1.0253851250563946E-003
    2.050000000000000        2.5426608863732945E-003
    2.075000000000000        2.4413670781845047E-003
    2.100000000000000        1.0602308520496491E-003
    2.125000000000000       -9.6407805770597506E-004
    2.150000000000000       -2.9469584940512856E-003
    2.175000000000000       -4.1643759400436453E-003
    2.200000000000000       -3.9111904751825675E-003
    2.225000000000000       -1.8488282651956888E-003
    2.250000000000000        1.7622226297147603E-003
    2.275000000000000        6.1082742708671383E-003
    2.300000000000000        1.0080294727614556E-002
    2.325000000000000        1.2745393422319176E-002
    2.350000000000000        1.3484892753672184E-002
    2.375000000000000        1.1926809061694890E-002
    2.400000000000000        8.2094404909800804E-003
    2.425000000000000        3.3012547421743039E-003
    2.450000000000000       -1.2883051267643331E-003
    2.475000000000000       -4.3184431352160813E-003
    2.500000000000000       -5.2896984513567968E-003
    2.525000000000000       -4.3415094801550218E-003
    2.550000000000000       -2.1584138085863587E-003
    2.575000000000000        2.2529925393132948E-004
    2.600000000000000        1.9542495517997809E-003
    2.625000000000000        2.7164962273332964E-003
    2.650000000000000        2.6184907501954502E-003
    2.675000000000000        1.8867244195212773E-003
    2.700000000000000        7.3090444564972765E-004
    2.725000000000000       -7.6716414390761587E-004
    2.750000000000000       -2.6702765863382010E-003
    2.775000000000000       -4.8772510131888254E-003
    2.800000000000000       -6.8816365035842626E-003
    2.825000000000000       -7.9270096262888998E-003
    2.850000000000000       -7.3851852477333102E-003
    2.875000000000000       -5.1122179957337064E-003
    2.900000000000000       -1.6838674403974643E-003
    2.925000000000000        1.5643629118793929E-003
    2.950000000000000        3.2069800807898368E-003
    2.975000000000000        2.8180186867561336E-003
    3.000000000000000        1.1729679374603963E-003
    3.025000000000000       -7.0912911317981484E-004
    3.050000000000000       -2.3076384434259785E-003
    3.075000000000000       -3.7401654962535602E-003
    3.100000000000000       -5.3687426239870160E-003
    3.125000000000000       -7.2714403802112360E-003
    3.150000000000000       -9.1263830399666830E-003
    3.175000000000000       -1.0440879865266015E-002
    3.200000000000000       -1.0782149538641692E-002
    3.225000000000000       -1.0036041074012128E-002
    3.250000000000000       -8.4791885665555995E-003
    3.275000000000000       -6.7244397311735140E-003
    3.300000000000000       -5.5113916904080611E-003
    3.325000000000000       -5.3929679180088188E-003
    3.350000000000000       -6.3833047584029590E-003
    3.375000000000000       -7.8212034543933617E-003
    3.400000000000000       -8.7602272085763531E-003
    3.425000000000000       -8.5638213620045303E-003
    3.450000000000000       -7.2335328676104060E-003
    3.475000000000000       -5.3602682422737571E-003
    3.500000000000000       -3.8617223080247619E-003
    3.525000000000000       -3.6981370990521389E-003
    3.550000000000000       -5.3542462421341224E-003
    3.575000000000000       -8.4067472301004855E-003
    3.600000000000000       -1.1719349228000577E-002
    3.625000000000000       -1.4000044368455480E-002
    3.650000000000000       -1.4200817227855344E-002
    3.675000000000000       -1.1881805627419149E-002
    3.700000000000000       -7.6548197743952064E-003
    3.725000000000000       -2.9334454249955444E-003
    3.750000000000000        9.9455445161870237E-004
    3.775000000000000        3.7033449509899512E-003
    3.800000000000000        5.6029715574025794E-003
    3.825000000000000        7.2765135480948135E-003
    3.850000000000000        8.8351471325841082E-003
    3.875000000000000        9.9557375957407821E-003
    3.900000000000000        1.0228601058964810E-002
    3.925000000000000        9.4353511797011524E-003
    3.950000000000000        7.7631396659500016E-003
    3.975000000000000        5.9477861354955976E-003
    4.000000000000000        5.0527629775476210E-003
