   0.00202       4.27285
   0.00605       4.33120
   0.01009       4.33497
   0.01413       4.28151
   0.01816       4.25817
   0.02220       4.27059
   0.02623       4.26946
   0.03027       4.22203
   0.03430       4.29996
   0.03834       4.25290
   0.04238       4.28001
   0.04641       4.26269
   0.05045       4.18589
   0.05448       4.17798
   0.05852       4.14184
   0.06255       4.16970
   0.06659       4.12340
   0.07063       4.09253
   0.07466       3.99653
   0.07870       3.98222
   0.08273       3.96076
   0.08677       3.88397
   0.09081       3.92538
   0.09484       3.79964
   0.09888       3.80717
   0.10291       3.74844
   0.10695       3.70515
   0.11098       3.67352
   0.11502       3.70251
   0.11906       3.59371
   0.12309       3.53348
   0.12713       3.41640
   0.13116       3.37574
   0.13520       3.39569
   0.13923       3.27485
   0.14327       3.27259
   0.14731       3.22064
   0.15134       3.23231
   0.15538       3.11598
   0.15941       3.06328
   0.16345       2.94996
   0.16749       2.98008
   0.17152       2.89613
   0.17556       2.93264
   0.17959       2.75684
   0.18363       2.73764
   0.18766       2.69209
   0.19170       2.61529
   0.19574       2.61717
   0.19977       2.57839
   0.20381       2.49369
   0.20784       2.41124
   0.21188       2.39619
   0.21591       2.31562
   0.21995       2.27120
   0.22399       2.20946
   0.22802       2.16391
   0.23206       2.02349
   0.23609       1.98245
   0.24013       1.99149
   0.24416       1.93841
   0.24820       1.88231
   0.25224       1.82923
   0.25627       1.74679
   0.26031       1.70011
   0.26434       1.65794
   0.26838       1.65568
   0.27242       1.60034
   0.27645       1.52769
   0.28049       1.46896
   0.28452       1.40797
   0.28856       1.36995
   0.29259       1.36656
   0.29663       1.27470
   0.30067       1.19527
   0.30470       1.22840
   0.30874       1.16252
   0.31277       1.12939
   0.31681       1.08346
   0.32084       1.03038
   0.32488       0.96864
   0.32892       0.97391
   0.33295       0.91480
   0.33699       0.86135
   0.34102       0.87151
   0.34506       0.79961
   0.34910       0.80111
   0.35313       0.73561
   0.35717       0.74013
   0.36120       0.67086
   0.36524       0.67462
   0.36927       0.61627
   0.37331       0.59331
   0.37735       0.52366
   0.38138       0.53947
   0.38542       0.49994
   0.38945       0.47698
   0.39349       0.45703
   0.39752       0.44799
   0.40156       0.43783
