   0.00202       4.36954
   0.00605       4.35217
   0.01009       4.30838
   0.01413       4.35361
   0.01816       4.40283
   0.02220       4.39234
   0.02623       4.29209
   0.03027       4.27653
   0.03430       4.30512
   0.03834       4.26785
   0.04238       4.23129
   0.04641       4.22695
   0.05045       4.22152
   0.05448       4.16434
   0.05852       4.27581
   0.06255       4.18244
   0.06659       4.15168
   0.07063       4.08400
   0.07466       4.09052
   0.07870       4.05903
   0.08273       3.94250
   0.08677       3.92875
   0.09081       3.93671
   0.09484       3.90703
   0.09888       3.90450
   0.10291       3.87374
   0.10695       3.77820
   0.11098       3.69098
   0.11502       3.63055
   0.11906       3.64032
   0.12309       3.53790
   0.12713       3.49302
   0.13116       3.44272
   0.13520       3.44634
   0.13923       3.37215
   0.14327       3.32547
   0.14731       3.31787
   0.15134       3.23789
   0.15538       3.12968
   0.15941       3.08444
   0.16345       3.05839
   0.16749       3.01677
   0.17152       2.89047
   0.17556       2.84089
   0.17959       2.87310
   0.18363       2.73159
   0.18766       2.65198
   0.19170       2.61724
   0.19574       2.56223
   0.19977       2.53255
   0.20381       2.48080
   0.20784       2.41023
   0.21188       2.30745
   0.21591       2.24810
   0.21995       2.18332
   0.22399       2.15328
   0.22802       2.13917
   0.23206       2.12542
   0.23609       1.96944
   0.24013       1.96835
   0.24416       1.87860
   0.24820       1.85038
   0.25224       1.81238
   0.25627       1.72480
   0.26031       1.68752
   0.26434       1.62311
   0.26838       1.58655
   0.27242       1.55905
   0.27645       1.50368
   0.28049       1.44722
   0.28452       1.41429
   0.28856       1.31984
   0.29259       1.30608
   0.29663       1.26012
   0.30067       1.20475
   0.30470       1.14468
   0.30874       1.09691
   0.31277       1.05638
   0.31681       1.01150
   0.32084       0.99051
   0.32488       0.93188
   0.32892       0.93767
   0.33295       0.89316
   0.33699       0.86674
   0.34102       0.81825
   0.34506       0.78495
   0.34910       0.73429
   0.35313       0.71619
   0.35717       0.68833
   0.36120       0.62065
   0.36524       0.60328
   0.36927       0.59062
   0.37331       0.57795
   0.37735       0.50340
   0.38138       0.51317
   0.38542       0.48422
   0.38945       0.44948
   0.39349       0.42089
   0.39752       0.40207
   0.40156       0.37818
