   0.00081      33.79582
   0.00244      32.41639
   0.00407      27.24357
   0.00570      22.95751
   0.00733      22.24316
   0.00896      20.83911
   0.01059      20.24793
   0.01222      18.12953
   0.01384      18.72071
   0.01547      16.47916
   0.01710      15.64165
   0.01873      16.40526
   0.02036      15.51849
   0.02199      15.39532
   0.02362      13.49862
   0.02525      13.47399
   0.02687      13.99127
   0.02850      11.92214
   0.03013      12.83354
   0.03176      12.53795
   0.03339      11.67581
   0.03502      11.77434
   0.03665      11.60192
   0.03828       9.92691
   0.03990      10.66588
   0.04153       9.63131
   0.04316      10.12397
   0.04479       9.08940
   0.04642       8.69528
   0.04805       8.12873
   0.04968       7.75924
   0.05131       7.11880
   0.05293       7.58682
   0.05456       6.62615
   0.05619       6.05960
   0.05782       6.45372
   0.05945       6.01033
   0.06108       5.46842
   0.06271       5.17283
   0.06434       4.58165
   0.06596       4.90187
   0.06759       4.13826
   0.06922       3.89194
   0.07085       3.76878
   0.07248       3.64561
   0.07411       3.22686
   0.07574       3.10370
   0.07737       2.61105
   0.07899       2.75884
   0.08062       2.80811
   0.08225       2.88200
   0.08388       2.21693
   0.08551       2.21693
   0.08714       1.99523
   0.08877       2.43862
   0.09040       2.11840
   0.09202       1.33016
   0.09365       1.65038
   0.09528       1.67501
   0.09691       1.10846
   0.09854       1.33016
   0.10017       1.30552
   0.10180       1.45332
   0.10343       1.28089
   0.10505       1.00993
   0.10668       1.13310
   0.10831       1.15773
   0.10994       1.00993
   0.11157       0.71434
   0.11320       0.81287
   0.11483       0.71434
   0.11646       0.86214
   0.11808       0.64045
   0.11971       0.83751
   0.12134       0.44339
   0.12297       0.41875
   0.12460       0.41875
   0.12623       0.59118
   0.12786       0.54192
   0.12949       0.29559
   0.13111       0.32022
   0.13274       0.32022
   0.13437       0.24633
   0.13600       0.36949
   0.13763       0.27096
   0.13926       0.19706
   0.14089       0.19706
   0.14252       0.14780
   0.14414       0.22169
   0.14577       0.27096
   0.14740       0.17243
   0.14903       0.09853
   0.15066       0.36949
   0.15229       0.14780
   0.15392       0.14780
   0.15555       0.24633
   0.15717       0.09853
   0.15880       0.09853
   0.16043       0.09853
   0.16206       0.02463
