         0.00202         4.42048
         0.00605         4.41828
         0.01009         4.41386
         0.01413         4.40724
         0.01816         4.39844
         0.02220         4.38746
         0.02623         4.37431
         0.03027         4.35903
         0.03430         4.34163
         0.03834         4.32213
         0.04238         4.30058
         0.04641         4.27699
         0.05045         4.25140
         0.05448         4.22386
         0.05852         4.19440
         0.06255         4.16306
         0.06659         4.12988
         0.07063         4.09493
         0.07466         4.05824
         0.07870         4.01987
         0.08273         3.97987
         0.08677         3.93830
         0.09081         3.89522
         0.09484         3.85068
         0.09888         3.80475
         0.10291         3.75748
         0.10695         3.70895
         0.11098         3.65922
         0.11502         3.60835
         0.11906         3.55640
         0.12309         3.50345
         0.12713         3.44957
         0.13116         3.39482
         0.13520         3.33926
         0.13923         3.28297
         0.14327         3.22602
         0.14731         3.16847
         0.15134         3.11039
         0.15538         3.05185
         0.15941         2.99292
         0.16345         2.93366
         0.16749         2.87413
         0.17152         2.81440
         0.17556         2.75454
         0.17959         2.69460
         0.18363         2.63465
         0.18766         2.57474
         0.19170         2.51494
         0.19574         2.45530
         0.19977         2.39588
         0.20381         2.33672
         0.20784         2.27789
         0.21188         2.21943
         0.21591         2.16139
         0.21995         2.10381
         0.22399         2.04674
         0.22802         1.99023
         0.23206         1.93431
         0.23609         1.87902
         0.24013         1.82440
         0.24416         1.77048
         0.24820         1.71729
         0.25224         1.66487
         0.25627         1.61325
         0.26031         1.56244
         0.26434         1.51248
         0.26838         1.46338
         0.27242         1.41517
         0.27645         1.36786
         0.28049         1.32148
         0.28452         1.27602
         0.28856         1.23152
         0.29259         1.18797
         0.29663         1.14539
         0.30067         1.10379
         0.30470         1.06316
         0.30874         1.02352
         0.31277         0.98487
         0.31681         0.94719
         0.32084         0.91051
         0.32488         0.87481
         0.32892         0.84009
         0.33295         0.80634
         0.33699         0.77356
         0.34102         0.74174
         0.34506         0.71088
         0.34910         0.68096
         0.35313         0.65197
         0.35717         0.62391
         0.36120         0.59675
         0.36524         0.57050
         0.36927         0.54512
         0.37331         0.52061
         0.37735         0.49696
         0.38138         0.47414
         0.38542         0.45215
         0.38945         0.43096
         0.39349         0.41055
         0.39752         0.39092
         0.40156         0.37204
