         0.00081        29.94033
         0.00244        28.48013
         0.00407        27.09113
         0.00570        25.76988
         0.00733        24.51307
         0.00896        23.31756
         0.01059        22.18034
         0.01222        21.09860
         0.01384        20.06961
         0.01547        19.09080
         0.01710        18.15973
         0.01873        17.27407
         0.02036        16.43160
         0.02199        15.63022
         0.02362        14.86793
         0.02525        14.14281
         0.02687        13.45306
         0.02850        12.79695
         0.03013        12.17283
         0.03176        11.57916
         0.03339        11.01443
         0.03502        10.47725
         0.03665         9.96627
         0.03828         9.48021
         0.03990         9.01786
         0.04153         8.57805
         0.04316         8.15969
         0.04479         7.76174
         0.04642         7.38320
         0.04805         7.02311
         0.04968         6.68059
         0.05131         6.35478
         0.05293         6.04485
         0.05456         5.75004
         0.05619         5.46961
         0.05782         5.20285
         0.05945         4.94910
         0.06108         4.70773
         0.06271         4.47813
         0.06434         4.25973
         0.06596         4.05198
         0.06759         3.85437
         0.06922         3.66639
         0.07085         3.48757
         0.07248         3.31748
         0.07411         3.15569
         0.07574         3.00178
         0.07737         2.85538
         0.07899         2.71613
         0.08062         2.58366
         0.08225         2.45765
         0.08388         2.33779
         0.08551         2.22378
         0.08714         2.11532
         0.08877         2.01216
         0.09040         1.91402
         0.09202         1.82067
         0.09365         1.73188
         0.09528         1.64741
         0.09691         1.56707
         0.09854         1.49064
         0.10017         1.41794
         0.10180         1.34879
         0.10343         1.28301
         0.10505         1.22043
         0.10668         1.16091
         0.10831         1.10429
         0.10994         1.05044
         0.11157         0.99921
         0.11320         0.95047
         0.11483         0.90412
         0.11646         0.86003
         0.11808         0.81808
         0.11971         0.77818
         0.12134         0.74023
         0.12297         0.70413
         0.12460         0.66979
         0.12623         0.63712
         0.12786         0.60605
         0.12949         0.57649
         0.13111         0.54838
         0.13274         0.52163
         0.13437         0.49619
         0.13600         0.47199
         0.13763         0.44897
         0.13926         0.42708
         0.14089         0.40625
         0.14252         0.38643
         0.14414         0.36759
         0.14577         0.34966
         0.14740         0.33261
         0.14903         0.31639
         0.15066         0.30096
         0.15229         0.28628
         0.15392         0.27232
         0.15555         0.25903
         0.15717         0.24640
         0.15880         0.23438
         0.16043         0.22295
         0.16206         0.21208
