   0.00144       6.05372
   0.00431       6.06693
   0.00718       6.21885
   0.01005       6.04051
   0.01292       5.86878
   0.01579       5.82914
   0.01866       6.11317
   0.02153       6.05703
   0.02441       5.78291
   0.02728       5.97446
   0.03015       5.95795
   0.03302       5.76970
   0.03589       5.68383
   0.03876       5.90510
   0.04163       5.63099
   0.04450       5.74988
   0.04738       5.62768
   0.05025       5.44274
   0.05312       5.62108
   0.05599       5.59796
   0.05886       5.66401
   0.06173       5.49558
   0.06460       5.09596
   0.06748       5.23797
   0.07035       5.20825
   0.07322       5.26109
   0.07609       5.07945
   0.07896       4.86478
   0.08183       4.85487
   0.08470       4.84496
   0.08757       5.07945
   0.09045       4.87468
   0.09332       4.74918
   0.09619       4.71616
   0.09906       4.66001
   0.10193       4.83175
   0.10480       4.59066
   0.10767       4.65671
   0.11054       4.39580
   0.11342       4.38259
   0.11629       4.29342
   0.11916       4.10847
   0.12203       4.14480
   0.12490       3.90371
   0.12777       4.01930
   0.13064       4.03581
   0.13351       3.88720
   0.13639       3.82445
   0.13926       3.90041
   0.14213       3.57675
   0.14500       3.65601
   0.14787       3.43143
   0.15074       3.28282
   0.15361       3.38520
   0.15649       3.18374
   0.15936       3.04833
   0.16223       3.09126
   0.16510       3.03842
   0.16797       3.28942
   0.17084       2.93934
   0.17371       2.75109
   0.17658       2.90301
   0.17946       2.74779
   0.18233       2.42413
   0.18520       2.37129
   0.18807       2.21276
   0.19094       2.35808
   0.19381       2.39771
   0.19668       2.35147
   0.19955       2.04103
   0.20243       1.97167
   0.20530       1.76360
   0.20817       1.84947
   0.21104       1.90562
   0.21391       1.83957
   0.21678       1.66783
   0.21965       1.63480
   0.22252       1.58857
   0.22540       1.57205
   0.22827       1.50600
   0.23114       1.46637
   0.23401       1.32766
   0.23688       1.24839
   0.23975       1.31114
   0.24262       1.19225
   0.24550       1.15262
   0.24837       1.01391
   0.25124       0.92143
   0.25411       1.01061
   0.25698       0.93464
   0.25985       0.91813
   0.26272       0.83557
   0.26559       0.81245
   0.26847       0.71007
   0.27134       0.77942
   0.27421       0.66053
   0.27708       0.65392
   0.27995       0.58126
   0.28282       0.70676
   0.28569       0.60438
