   0.00041      55.79612
   0.00124      53.37021
   0.00206      57.31232
   0.00289      50.03457
   0.00371      53.06697
   0.00453      46.39569
   0.00536      49.42809
   0.00618      49.42809
   0.00701      49.73133
   0.00783      43.66653
   0.00866      43.36329
   0.00948      34.56934
   0.01031      35.78230
   0.01113      38.20822
   0.01195      35.47906
   0.01278      28.80778
   0.01360      31.84018
   0.01443      30.02074
   0.01525      28.20130
   0.01608      31.53694
   0.01690      25.16890
   0.01773      31.23370
   0.01855      24.86566
   0.01937      20.31707
   0.02020      15.16199
   0.02102      19.40735
   0.02185      21.83327
   0.02267      17.89115
   0.02350      16.07171
   0.02432      19.40735
   0.02515      14.55551
   0.02597      12.43283
   0.02679      13.94903
   0.02762      13.64579
   0.02844      12.43283
   0.02927       8.49071
   0.03009      10.61339
   0.03092       9.40043
   0.03174       8.18747
   0.03256       6.97452
   0.03339       4.85184
   0.03421       5.76156
   0.03504       3.33564
   0.03586       2.42592
   0.03669       3.03240
   0.03751       3.33564
   0.03834       3.03240
   0.03916       2.42592
   0.03998       1.21296
   0.04081       2.42592
   0.04163       1.21296
   0.04246       2.12268
   0.04328       0.30324
   0.04411       1.21296
   0.04493       1.21296
   0.04576       0.60648
   0.04658       1.21296
   0.04740       0.60648
   0.04823       0.90972
   0.04905       0.90972
   0.04988       0.00000
   0.05070       0.30324
   0.05153       0.60648
   0.05235       0.30324
   0.05318       0.30324
   0.05400       0.00000
   0.05482       0.30324
   0.05565       0.30324
   0.05647       0.30324
   0.05730       0.30324
   0.05812       0.00000
   0.05895       0.00000
   0.05977       0.00000
   0.06060       0.00000
   0.06142       0.00000
   0.06224       0.00000
   0.06307       0.00000
   0.06389       0.00000
   0.06472       0.00000
   0.06554       0.00000
   0.06637       0.00000
   0.06719       0.00000
   0.06802       0.00000
   0.06884       0.00000
   0.06966       0.00000
   0.07049       0.00000
   0.07131       0.00000
   0.07214       0.00000
   0.07296       0.00000
   0.07379       0.00000
   0.07461       0.00000
   0.07544       0.00000
   0.07626       0.00000
   0.07708       0.00000
   0.07791       0.00000
   0.07873       0.00000
   0.07956       0.00000
   0.08038       0.00000
   0.08121       0.00000
   0.08203       0.00000
