   0.00041     121.59916
   0.00124      91.27518
   0.00206      69.13868
   0.00289      71.26135
   0.00371      50.64105
   0.00453      43.36329
   0.00536      41.84709
   0.00618      42.75681
   0.00701      45.78921
   0.00783      44.27301
   0.00866      41.84709
   0.00948      41.54385
   0.01031      45.48597
   0.01113      33.05314
   0.01195      35.17582
   0.01278      29.41426
   0.01360      26.07862
   0.01443      25.47214
   0.01525      17.89115
   0.01608      22.13651
   0.01690      20.01383
   0.01773      19.71059
   0.01855      17.58791
   0.01937      15.76847
   0.02020      16.67819
   0.02102      16.67819
   0.02185      14.55551
   0.02267      10.91663
   0.02350      11.82635
   0.02432      10.31015
   0.02515       9.70367
   0.02597      11.52311
   0.02679       8.49071
   0.02762       9.09719
   0.02844       8.79395
   0.02927       6.97452
   0.03009       4.54860
   0.03092       5.45832
   0.03174       4.85184
   0.03256       4.24536
   0.03339       3.63888
   0.03421       2.72916
   0.03504       3.33564
   0.03586       4.24536
   0.03669       3.94212
   0.03751       3.03240
   0.03834       3.03240
   0.03916       3.03240
   0.03998       1.21296
   0.04081       1.81944
   0.04163       0.90972
   0.04246       1.21296
   0.04328       2.12268
   0.04411       0.90972
   0.04493       1.51620
   0.04576       0.60648
   0.04658       0.30324
   0.04740       0.90972
   0.04823       0.90972
   0.04905       0.90972
   0.04988       0.30324
   0.05070       0.60648
   0.05153       0.00000
   0.05235       0.90972
   0.05318       0.00000
   0.05400       0.30324
   0.05482       0.30324
   0.05565       0.60648
   0.05647       0.30324
   0.05730       0.60648
   0.05812       0.30324
   0.05895       0.00000
   0.05977       0.30324
   0.06060       0.00000
   0.06142       0.00000
   0.06224       0.00000
   0.06307       0.30324
   0.06389       0.00000
   0.06472       0.00000
   0.06554       0.00000
   0.06637       0.00000
   0.06719       0.00000
   0.06802       0.00000
   0.06884       0.00000
   0.06966       0.00000
   0.07049       0.00000
   0.07131       0.00000
   0.07214       0.00000
   0.07296       0.00000
   0.07379       0.00000
   0.07461       0.00000
   0.07544       0.00000
   0.07626       0.00000
   0.07708       0.00000
   0.07791       0.00000
   0.07873       0.00000
   0.07956       0.00000
   0.08038       0.00000
   0.08121       0.00000
   0.08203       0.00000
