         0.00144         6.21328
         0.00431         6.21018
         0.00718         6.20397
         0.01005         6.19467
         0.01292         6.18229
         0.01579         6.16686
         0.01866         6.14838
         0.02153         6.12690
         0.02441         6.10244
         0.02728         6.07504
         0.03015         6.04474
         0.03302         6.01159
         0.03589         5.97563
         0.03876         5.93691
         0.04163         5.89550
         0.04450         5.85145
         0.04738         5.80482
         0.05025         5.75569
         0.05312         5.70412
         0.05599         5.65019
         0.05886         5.59397
         0.06173         5.53554
         0.06460         5.47498
         0.06748         5.41238
         0.07035         5.34782
         0.07322         5.28139
         0.07609         5.21318
         0.07896         5.14327
         0.08183         5.07177
         0.08470         4.99876
         0.08757         4.92433
         0.09045         4.84860
         0.09332         4.77164
         0.09619         4.69355
         0.09906         4.61443
         0.10193         4.53438
         0.10480         4.45349
         0.10767         4.37186
         0.11054         4.28958
         0.11342         4.20674
         0.11629         4.12345
         0.11916         4.03978
         0.12203         3.95582
         0.12490         3.87168
         0.12777         3.78744
         0.13064         3.70317
         0.13351         3.61897
         0.13639         3.53491
         0.13926         3.45109
         0.14213         3.36756
         0.14500         3.28442
         0.14787         3.20172
         0.15074         3.11955
         0.15361         3.03797
         0.15649         2.95704
         0.15936         2.87683
         0.16223         2.79740
         0.16510         2.71880
         0.16797         2.64108
         0.17084         2.56431
         0.17371         2.48852
         0.17658         2.41377
         0.17946         2.34009
         0.18233         2.26753
         0.18520         2.19611
         0.18807         2.12589
         0.19094         2.05688
         0.19381         1.98911
         0.19668         1.92262
         0.19955         1.85742
         0.20243         1.79354
         0.20530         1.73098
         0.20817         1.66978
         0.21104         1.60993
         0.21391         1.55145
         0.21678         1.49435
         0.21965         1.43863
         0.22252         1.38429
         0.22540         1.33134
         0.22827         1.27978
         0.23114         1.22960
         0.23401         1.18080
         0.23688         1.13336
         0.23975         1.08729
         0.24262         1.04257
         0.24550         0.99919
         0.24837         0.95713
         0.25124         0.91639
         0.25411         0.87695
         0.25698         0.83878
         0.25985         0.80187
         0.26272         0.76620
         0.26559         0.73175
         0.26847         0.69851
         0.27134         0.66644
         0.27421         0.63552
         0.27708         0.60574
         0.27995         0.57706
         0.28282         0.54946
         0.28569         0.52293
