         0.00041        59.15056
         0.00124        56.26575
         0.00206        53.52164
         0.00289        50.91136
         0.00371        48.42838
         0.00453        46.06650
         0.00536        43.81981
         0.00618        41.68269
         0.00701        39.64980
         0.00783        37.71606
         0.00866        35.87663
         0.00948        34.12690
         0.01031        32.46251
         0.01113        30.87930
         0.01195        29.37330
         0.01278        27.94074
         0.01360        26.57806
         0.01443        25.28183
         0.01525        24.04882
         0.01608        22.87595
         0.01690        21.76027
         0.01773        20.69901
         0.01855        19.68951
         0.01937        18.72924
         0.02020        17.81581
         0.02102        16.94692
         0.02185        16.12041
         0.02267        15.33421
         0.02350        14.58635
         0.02432        13.87496
         0.02515        13.19827
         0.02597        12.55459
         0.02679        11.94229
         0.02762        11.35986
         0.02844        10.80583
         0.02927        10.27883
         0.03009         9.77752
         0.03092         9.30067
         0.03174         8.84707
         0.03256         8.41559
         0.03339         8.00516
         0.03421         7.61474
         0.03504         7.24337
         0.03586         6.89010
         0.03669         6.55407
         0.03751         6.23442
         0.03834         5.93037
         0.03916         5.64114
         0.03998         5.36602
         0.04081         5.10431
         0.04163         4.85537
         0.04246         4.61857
         0.04328         4.39332
         0.04411         4.17906
         0.04493         3.97524
         0.04576         3.78137
         0.04658         3.59695
         0.04740         3.42152
         0.04823         3.25465
         0.04905         3.09592
         0.04988         2.94493
         0.05070         2.80131
         0.05153         2.66469
         0.05235         2.53473
         0.05318         2.41111
         0.05400         2.29352
         0.05482         2.18166
         0.05565         2.07526
         0.05647         1.97405
         0.05730         1.87777
         0.05812         1.78619
         0.05895         1.69908
         0.05977         1.61621
         0.06060         1.53739
         0.06142         1.46241
         0.06224         1.39109
         0.06307         1.32324
         0.06389         1.25871
         0.06472         1.19732
         0.06554         1.13893
         0.06637         1.08338
         0.06719         1.03054
         0.06802         0.98028
         0.06884         0.93247
         0.06966         0.88700
         0.07049         0.84374
         0.07131         0.80259
         0.07214         0.76345
         0.07296         0.72621
         0.07379         0.69079
         0.07461         0.65710
         0.07544         0.62506
         0.07626         0.59457
         0.07708         0.56557
         0.07791         0.53799
         0.07873         0.51175
         0.07956         0.48679
         0.08038         0.46305
         0.08121         0.44047
         0.08203         0.41899
