   0.00041     140.70822
   0.00124      87.52477
   0.00206      67.46701
   0.00289      57.74204
   0.00371      50.44831
   0.00453      59.86937
   0.00536      48.01706
   0.00618      52.27174
   0.00701      57.13422
   0.00783      54.39908
   0.00866      48.01706
   0.00948      40.72333
   0.01031      42.85067
   0.01113      34.03741
   0.01195      32.21398
   0.01278      27.65540
   0.01360      24.31244
   0.01443      21.57729
   0.01525      20.66557
   0.01608      20.05776
   0.01690      15.80308
   0.01773      18.53823
   0.01855      14.58746
   0.01938      10.02888
   0.02020      11.85231
   0.02102       8.81326
   0.02185       7.90154
   0.02267      10.63669
   0.02350       6.98983
   0.02432       5.77420
   0.02515       6.07811
   0.02597       3.95077
   0.02680       3.95077
   0.02762       5.47030
   0.02844       3.64687
   0.02927       1.82343
   0.03009       3.95077
   0.03092       3.03905
   0.03174       3.34296
   0.03257       0.91172
   0.03339       0.91172
   0.03422       1.82343
   0.03504       0.91172
   0.03586       2.12734
   0.03669       3.03905
   0.03751       3.34296
   0.03834       2.73515
   0.03916       2.73515
   0.03999       3.95077
   0.04081       3.95077
   0.04164       1.51953
   0.04246       1.51953
   0.04329       2.12734
   0.04411       1.82343
   0.04493       1.82343
   0.04576       1.82343
   0.04658       2.73515
   0.04741       1.51953
   0.04823       2.12734
   0.04906       2.12734
   0.04988       1.21562
   0.05071       2.12734
   0.05153       2.73515
   0.05235       0.30391
   0.05318       1.21562
   0.05400       2.43124
   0.05483       0.91172
   0.05565       1.51953
   0.05648       0.91172
   0.05730       1.82343
   0.05813       1.82343
   0.05895       2.73515
   0.05977       1.21562
   0.06060       0.91172
   0.06142       1.21562
   0.06225       0.60781
   0.06307       0.91172
   0.06390       0.30391
   0.06472       0.30391
   0.06555       1.51953
   0.06637       0.30391
   0.06720       0.60781
   0.06802       0.91172
   0.06884       0.30391
   0.06967       0.91172
   0.07049       0.60781
   0.07132       0.30391
   0.07214       0.60781
   0.07297       0.00000
   0.07379       0.30391
   0.07462       0.30391
   0.07544       0.60781
   0.07626       0.30391
   0.07709       0.00000
   0.07791       0.30391
   0.07874       0.30391
   0.07956       0.00000
   0.08039       0.00000
   0.08121       0.00000
   0.08204       0.00000
