   0.00144       6.11497
   0.00431       6.16460
   0.00718       6.10504
   0.01005       6.01239
   0.01292       6.21093
   0.01579       6.01239
   0.01866       5.91643
   0.02154       5.85687
   0.02441       5.99915
   0.02728       6.23409
   0.03015       6.10504
   0.03302       5.90981
   0.03589       5.98261
   0.03876       5.53921
   0.04163       6.03555
   0.04451       5.75760
   0.04738       5.55575
   0.05025       6.18776
   0.05312       5.74436
   0.05599       5.71789
   0.05886       5.57561
   0.06173       5.53590
   0.06461       5.46972
   0.06748       5.56899
   0.07035       5.27118
   0.07322       5.33736
   0.07609       5.13551
   0.07896       4.96014
   0.08183       5.04948
   0.08471       5.33736
   0.08758       5.00977
   0.09045       4.95352
   0.09332       4.67888
   0.09619       4.73182
   0.09906       4.49688
   0.10193       4.58292
   0.10481       4.42409
   0.10768       4.53990
   0.11055       4.47041
   0.11342       4.46048
   0.11629       4.21231
   0.11916       4.17260
   0.12203       4.21893
   0.12490       4.21893
   0.12778       3.79538
   0.13065       3.66633
   0.13352       3.70273
   0.13639       3.62001
   0.13926       3.74906
   0.14213       3.50419
   0.14500       3.49758
   0.14788       3.33213
   0.15075       3.16337
   0.15362       3.13359
   0.15649       3.12366
   0.15936       3.29242
   0.16223       2.87218
   0.16510       2.83578
   0.16798       3.06741
   0.17085       2.77953
   0.17372       2.71666
   0.17659       2.65710
   0.17946       2.67695
   0.18233       2.50489
   0.18520       2.42878
   0.18808       2.30966
   0.19095       2.18392
   0.19382       2.07141
   0.19669       2.04163
   0.19956       2.12436
   0.20243       2.09788
   0.20530       1.88611
   0.20817       1.86957
   0.21105       1.81662
   0.21392       1.76699
   0.21679       1.64456
   0.21966       1.58830
   0.22253       1.50558
   0.22540       1.48242
   0.22827       1.35006
   0.23115       1.35668
   0.23402       1.30373
   0.23689       1.29711
   0.23976       1.30704
   0.24263       1.14821
   0.24550       1.11512
   0.24837       1.06549
   0.25125       1.01585
   0.25412       0.88349
   0.25699       0.84379
   0.25986       0.95298
   0.26273       0.81731
   0.26560       0.87688
   0.26847       0.80077
   0.27134       0.72135
   0.27422       0.77430
   0.27709       0.68496
   0.27996       0.65848
   0.28283       0.63201
   0.28570       0.57576
