   0.00041      38.81237
   0.00124      47.30258
   0.00206      45.78647
   0.00289      51.54768
   0.00371      48.21224
   0.00453      66.70877
   0.00536      67.92165
   0.00618      73.07642
   0.00701      77.01830
   0.00783      74.89575
   0.00866      64.58621
   0.00948      76.71508
   0.01031      64.58621
   0.01113      63.67655
   0.01195      61.55400
   0.01278      43.05748
   0.01360      36.08338
   0.01443      39.11559
   0.01525      34.26405
   0.01608      29.10928
   0.01690      26.38028
   0.01773      16.98041
   0.01855      13.94820
   0.01938      10.91598
   0.02020       6.67088
   0.02102       6.36765
   0.02185       8.49021
   0.02267       5.45799
   0.02350       2.42577
   0.02432       2.42577
   0.02515       1.21289
   0.02597       1.21289
   0.02680       1.21289
   0.02762       0.60644
   0.02844       0.60644
   0.02927       0.60644
   0.03009       1.21289
   0.03092       0.90966
   0.03174       0.30322
   0.03257       0.30322
   0.03339       0.00000
   0.03422       0.00000
   0.03504       0.00000
   0.03586       0.00000
   0.03669       0.00000
   0.03751       0.30322
   0.03834       0.00000
   0.03916       0.00000
   0.03999       0.00000
   0.04081       0.00000
   0.04164       0.00000
   0.04246       0.00000
   0.04329       0.00000
   0.04411       0.00000
   0.04493       0.00000
   0.04576       0.00000
   0.04658       0.00000
   0.04741       0.30322
   0.04823       0.00000
   0.04906       0.00000
   0.04988       0.00000
   0.05071       0.00000
   0.05153       0.00000
   0.05235       0.00000
   0.05318       0.00000
   0.05400       0.00000
   0.05483       0.00000
   0.05565       0.00000
   0.05648       0.00000
   0.05730       0.00000
   0.05813       0.00000
   0.05895       0.00000
   0.05977       0.00000
   0.06060       0.00000
   0.06142       0.00000
   0.06225       0.00000
   0.06307       0.00000
   0.06390       0.00000
   0.06472       0.00000
   0.06555       0.00000
   0.06637       0.00000
   0.06720       0.00000
   0.06802       0.00000
   0.06884       0.00000
   0.06967       0.00000
   0.07049       0.00000
   0.07132       0.00000
   0.07214       0.00000
   0.07297       0.00000
   0.07379       0.00000
   0.07462       0.00000
   0.07544       0.00000
   0.07626       0.00000
   0.07709       0.00000
   0.07791       0.00000
   0.07874       0.00000
   0.07956       0.00000
   0.08039       0.00000
   0.08121       0.00000
   0.08204       0.00000
