         0.00144         6.21310
         0.00431         6.20999
         0.00718         6.20378
         0.01005         6.19448
         0.01292         6.18211
         0.01579         6.16667
         0.01866         6.14820
         0.02154         6.12672
         0.02441         6.10226
         0.02728         6.07486
         0.03015         6.04456
         0.03302         6.01141
         0.03589         5.97545
         0.03876         5.93673
         0.04163         5.89532
         0.04451         5.85127
         0.04738         5.80465
         0.05025         5.75552
         0.05312         5.70395
         0.05599         5.65002
         0.05886         5.59380
         0.06173         5.53537
         0.06461         5.47482
         0.06748         5.41222
         0.07035         5.34766
         0.07322         5.28123
         0.07609         5.21302
         0.07896         5.14312
         0.08183         5.07161
         0.08471         4.99861
         0.08758         4.92419
         0.09045         4.84845
         0.09332         4.77149
         0.09619         4.69341
         0.09906         4.61430
         0.10193         4.53425
         0.10481         4.45336
         0.10768         4.37173
         0.11055         4.28945
         0.11342         4.20662
         0.11629         4.12332
         0.11916         4.03965
         0.12203         3.95571
         0.12490         3.87157
         0.12778         3.78732
         0.13065         3.70306
         0.13352         3.61886
         0.13639         3.53481
         0.13926         3.45098
         0.14213         3.36746
         0.14500         3.28432
         0.14788         3.20163
         0.15075         3.11946
         0.15362         3.03788
         0.15649         2.95695
         0.15936         2.87674
         0.16223         2.79731
         0.16510         2.71871
         0.16798         2.64100
         0.17085         2.56423
         0.17372         2.48845
         0.17659         2.41370
         0.17946         2.34002
         0.18233         2.26746
         0.18520         2.19605
         0.18808         2.12582
         0.19095         2.05682
         0.19382         1.98905
         0.19669         1.92256
         0.19956         1.85737
         0.20243         1.79348
         0.20530         1.73093
         0.20817         1.66973
         0.21105         1.60988
         0.21392         1.55140
         0.21679         1.49430
         0.21966         1.43858
         0.22253         1.38425
         0.22540         1.33130
         0.22827         1.27974
         0.23115         1.22956
         0.23402         1.18076
         0.23689         1.13333
         0.23976         1.08726
         0.24263         1.04254
         0.24550         0.99916
         0.24837         0.95711
         0.25125         0.91636
         0.25412         0.87692
         0.25699         0.83875
         0.25986         0.80184
         0.26273         0.76618
         0.26560         0.73173
         0.26847         0.69849
         0.27134         0.66642
         0.27422         0.63550
         0.27709         0.60572
         0.27996         0.57704
         0.28283         0.54945
         0.28570         0.52291
