   1.0507053   0.00000000
   1.0845088   0.00000000
   1.1183124   0.00000000
   1.1521159   0.00000000
   1.1859194   0.00000000
   1.2197229   0.00000000
   1.2535265   0.00000000
   1.2873300   0.00000000
   1.3211335   0.00000000
   1.3549371   0.00000000
   1.3887406   0.00000000
   1.4225441   0.00000000
   1.4563477   0.00000000
   1.4901512   0.00000000
   1.5239547   0.00000000
   1.5577582   0.00000000
   1.5915618   0.00000000
   1.6253653   0.00000000
   1.6591688   0.00000000
   1.6929724   0.00000000
   1.7267759   0.00000000
   1.7605794   0.00000000
   1.7943829   0.00000000
   1.8281865   0.00000000
   1.8619900   0.00000000
   1.8957935   0.00000000
   1.9295971   0.00000000
   1.9634006   0.00000000
   1.9972041   0.00000000
   2.0310077   0.00000000
   2.0648112   0.00000000
   2.0986147   0.00000000
   2.1324182   0.00000000
   2.1662218   0.00000000
   2.2000253   0.00000000
   2.2338288   0.00000000
   2.2676324   0.00000000
   2.3014359   0.00000000
   2.3352394   0.00000000
   2.3690430   0.00000000
   2.4028465   0.00000000
   2.4366500   0.00000000
   2.4704535   0.00000000
   2.5042571   0.00934266
   2.5380606   0.02273865
   2.5718641   0.08057319
   2.6056677   0.24760329
   2.6394712   0.41208932
   2.6732747   0.76168568
   2.7070782   1.18820555
   2.7408818   1.32406083
   2.7746853   1.65480291
   2.8084888   1.75034441
   2.8422924   1.86307590
   2.8760959   1.87879215
   2.9098994   1.92055830
   2.9437030   1.92689426
   2.9775065   1.80344966
   3.0113100   1.86619596
   3.0451135   1.70372412
   3.0789171   1.76267615
   3.1127206   1.61842584
   3.1465241   1.75432052
   3.1803277   1.54255122
   3.2141312   1.47559175
   3.2479347   1.45678597
   3.2817383   1.45936216
   3.3155418   1.37666193
   3.3493453   1.33796581
   3.3831488   1.23565956
   3.4169524   1.24539851
   3.4507559   1.18156573
   3.4845594   1.11838592
   3.5183630   1.14615095
   3.5521665   1.13301326
   3.5859700   1.14075617
   3.6197735   1.10690869
   3.6535771   1.08128757
   3.6873806   1.01050610
   3.7211841   1.04626052
   3.7549877   1.07833194
   3.7887912   1.04991408
   3.8225947   1.01484863
   3.8563983   1.01539449
   3.8902018   0.97392537
   3.9240053   0.99907469
   3.9578088   1.02358604
   3.9916124   1.05419915
   4.0254159   1.08246181
   4.0592194   1.07674882
   4.0930230   1.03368093
   4.1268265   0.99015371
   4.1606300   1.12722049
   4.1944336   1.01305799
   4.2282371   1.00329011
   4.2620406   1.05523614
   4.2958441   1.08570805
   4.3296477   1.11408158
   4.3634512   1.08114534
   4.3972547   1.11038935
   4.4310583   1.10682607
   4.4648618   1.01003905
   4.4986653   1.00209914
   4.5324689   0.97217914
   4.5662724   0.90904157
   4.6000759   0.96985120
   4.6338794   0.85846706
   4.6676830   0.87581489
   4.7014865   0.86749701
   4.7352900   0.80309670
   4.7690936   0.83381200
   4.8028971   0.82030908
   4.8367006   0.83262832
   4.8705041   0.78349182
   4.9043077   0.79202911
   4.9381112   0.79235859
   4.9719147   0.77783772
   5.0057183   0.75666555
   5.0395218   0.79433100
   5.0733253   0.79796476
   5.1071289   0.78851646
   5.1409324   0.82128302
   5.1747359   0.84610191
   5.2085394   0.84861199
   5.2423430   0.84819922
   5.2761465   0.90568881
   5.3099500   0.88600194
   5.3437536   0.90493470
   5.3775571   0.92916745
   5.4113606   0.94964769
   5.4451642   0.91619428
   5.4789677   0.96884550
   5.5127712   0.94161387
   5.5465747   0.95569937
   5.5803783   0.93728130
   5.6141818   0.97042799
   5.6479853   0.96227286
   5.6817889   0.93225377
   5.7155924   0.92001754
   5.7493959   0.95640701
   5.7831994   0.94047518
   5.8170030   0.97576226
   5.8508065   0.95339436
   5.8846100   0.96808016
   5.9184136   0.97593566
   5.9522171   0.93692704
   5.9860206   0.97841693
   6.0198242   0.98384549
   6.0536277   0.99022975
   6.0874312   0.97889794
   6.1212347   0.99490976
   6.1550383   1.00542588
   6.1888418   1.00841669
   6.2226453   0.99123403
   6.2564489   1.00263027
   6.2902524   1.01554748
   6.3240559   1.00903038
   6.3578595   1.03241994
   6.3916630   1.04505475
   6.4254665   1.00510474
   6.4592700   1.02499419
   6.4930736   0.99793995
   6.5268771   1.01312729
   6.5606806   0.99048902
   6.5944842   0.98297743
   6.6282877   0.99487898
   6.6620912   1.02542760
   6.6958947   1.04455401
   6.7296983   1.05384095
   6.7635018   1.07328492
   6.7973053   1.11475132
   6.8311089   1.11173840
   6.8649124   1.10459437
   6.8987159   1.12405289
   6.9325195   1.15979652
   6.9663230   1.18931569
   7.0001265   1.14628597
   7.0339300   1.14540642
   7.0677336   1.13616788
   7.1015371   1.12251746
   7.1353406   1.11057900
   7.1691442   1.09223842
   7.2029477   1.10633435
   7.2367512   1.04214909
   7.2705548   1.05324226
   7.3043583   1.09025197
   7.3381618   1.06043591
   7.3719653   1.04863910
   7.4057689   1.05051058
   7.4395724   1.03691418
   7.4733759   1.02462981
   7.5071795   1.04539261
   7.5409830   1.04024199
   7.5747865   1.04604037
   7.6085901   1.05264859
   7.6423936   1.05726651
   7.6761971   1.03309819
   7.7100006   1.03780141
   7.7438042   0.98979065
   7.7776077   0.97604594
