   0.00159      12.98118
   0.00476      14.52503
   0.00794      14.07474
   0.01112      12.67241
   0.01429      12.17066
   0.01747      10.71687
   0.02064      10.81979
   0.02382       9.89349
   0.02699       9.14729
   0.03017       9.07010
   0.03335       7.86075
   0.03652       7.84789
   0.03970       7.43620
   0.04287       6.84439
   0.04605       7.01164
   0.04923       6.61281
   0.05240       6.31691
   0.05558       5.98241
   0.05875       6.39410
   0.06193       5.96954
   0.06510       5.23621
   0.06828       5.19762
   0.07146       5.05610
   0.07463       4.55435
   0.07781       4.77306
   0.08098       4.39996
   0.08416       3.55085
   0.08733       4.23271
   0.09051       3.91108
   0.09369       3.93681
   0.09686       3.34500
   0.10004       3.96254
   0.10321       3.24208
   0.10639       3.64091
   0.10957       3.07483
   0.11274       3.12629
   0.11592       2.68887
   0.11909       2.79179
   0.12227       2.38010
   0.12544       2.23858
   0.12862       1.91694
   0.13180       2.31577
   0.13497       2.03273
   0.13815       2.05846
   0.14132       1.95554
   0.14450       1.83975
   0.14768       1.86548
   0.15085       1.94267
   0.15403       1.82689
   0.15720       1.49239
   0.16038       1.53098
   0.16355       1.41519
   0.16673       1.19648
   0.16991       1.45379
   0.17308       1.24794
   0.17626       1.44092
   0.17943       1.32514
   0.18261       1.47952
   0.18578       1.18362
   0.18896       1.09356
   0.19214       0.99064
   0.19531       0.84912
   0.19849       0.96490
   0.20166       0.91344
   0.20484       0.93917
   0.20802       0.90058
   0.21119       0.75906
   0.21437       0.84912
   0.21754       0.57894
   0.22072       0.97777
   0.22389       0.75906
   0.22707       0.78479
   0.23025       0.64327
   0.23342       0.57894
   0.23660       0.68187
   0.23977       0.73333
   0.24295       0.63040
   0.24613       0.52748
   0.24930       0.79765
   0.25248       0.52748
   0.25565       0.56608
   0.25883       0.56608
   0.26200       0.45029
   0.26518       0.42456
   0.26836       0.38596
   0.27153       0.36023
   0.27471       0.61754
   0.27788       0.33450
   0.28106       0.33450
   0.28423       0.29590
   0.28741       0.28304
   0.29059       0.28304
   0.29376       0.36023
   0.29694       0.34737
   0.30011       0.29590
   0.30329       0.19298
   0.30647       0.36023
   0.30964       0.29590
   0.31282       0.25731
   0.31599       0.18012
