   0.00282       3.10449
   0.00845       3.11204
   0.01409       3.10261
   0.01972       3.07187
   0.02536       3.05650
   0.03099       3.12364
   0.03663       3.07618
   0.04227       3.05353
   0.04790       3.07025
   0.05354       3.04032
   0.05917       3.03736
   0.06481       3.03628
   0.07044       3.03574
   0.07608       2.98451
   0.08171       2.96860
   0.08735       2.90686
   0.09298       2.91845
   0.09862       2.91602
   0.10426       2.86587
   0.10989       2.86749
   0.11553       2.78202
   0.12116       2.82354
   0.12680       2.74211
   0.13243       2.75317
   0.13807       2.66581
   0.14370       2.65664
   0.14934       2.62671
   0.15497       2.66527
   0.16061       2.58115
   0.16625       2.54367
   0.17188       2.53801
   0.17752       2.46601
   0.18315       2.44040
   0.18879       2.42233
   0.19442       2.43716
   0.20006       2.34657
   0.20569       2.29777
   0.21133       2.26191
   0.21696       2.25382
   0.22260       2.19558
   0.22823       2.15918
   0.23387       2.15945
   0.23951       2.13599
   0.24514       2.02868
   0.25078       2.01385
   0.25641       1.95480
   0.26205       1.90357
   0.26768       1.92137
   0.27332       1.85773
   0.27895       1.78790
   0.28459       1.77307
   0.29022       1.76849
   0.29586       1.70432
   0.30150       1.63529
   0.30713       1.62046
   0.31277       1.62774
   0.31840       1.52960
   0.32404       1.50776
   0.32967       1.48565
   0.33531       1.41555
   0.34094       1.38076
   0.34658       1.34625
   0.35221       1.28019
   0.35785       1.27911
   0.36349       1.21980
   0.36912       1.18259
   0.37476       1.16938
   0.38039       1.15589
   0.38603       1.07420
   0.39166       1.05640
   0.39730       1.01811
   0.40293       0.99277
   0.40857       0.97282
   0.41420       0.92428
   0.41984       0.88519
   0.42548       0.84232
   0.43111       0.82236
   0.43675       0.81589
   0.44238       0.73932
   0.44802       0.71532
   0.45365       0.72476
   0.45929       0.66301
   0.46492       0.68270
   0.47056       0.63012
   0.47619       0.61987
   0.48183       0.59507
   0.48746       0.55274
   0.49310       0.50124
   0.49874       0.49423
   0.50437       0.48560
   0.51001       0.47293
   0.51564       0.42601
   0.52128       0.39986
   0.52691       0.41280
   0.53255       0.37290
   0.53818       0.37020
   0.54382       0.35645
   0.54945       0.34890
   0.55509       0.31573
   0.56073       0.31196
