   0.00282       3.09787
   0.00845       3.22073
   0.01409       3.15360
   0.01972       3.14141
   0.02536       3.11316
   0.03099       3.10565
   0.03663       3.11627
   0.04227       3.10202
   0.04790       3.12042
   0.05354       3.09346
   0.05917       3.09631
   0.06481       3.06806
   0.07044       3.00352
   0.07608       3.01830
   0.08171       2.97501
   0.08735       2.99419
   0.09298       2.94002
   0.09862       2.92266
   0.10426       2.95143
   0.10989       2.85138
   0.11553       2.87367
   0.12116       2.81587
   0.12680       2.79721
   0.13243       2.80472
   0.13807       2.78269
   0.14370       2.72282
   0.14934       2.70779
   0.15497       2.59400
   0.16061       2.59944
   0.16625       2.57326
   0.17188       2.57456
   0.17752       2.52013
   0.18315       2.51106
   0.18879       2.44289
   0.19442       2.40686
   0.20006       2.36332
   0.20569       2.35269
   0.21133       2.24305
   0.21696       2.27027
   0.22260       2.21376
   0.22823       2.12616
   0.23387       2.14689
   0.23951       2.10516
   0.24514       2.04581
   0.25078       1.98723
   0.25641       1.95224
   0.26205       1.93073
   0.26768       1.90662
   0.27332       1.83431
   0.27895       1.79776
   0.28459       1.77003
   0.29022       1.70912
   0.29586       1.69564
   0.30150       1.66998
   0.30713       1.57771
   0.31277       1.54531
   0.31840       1.50280
   0.32404       1.50384
   0.32967       1.41364
   0.33531       1.41856
   0.34094       1.34340
   0.34658       1.33640
   0.35221       1.29000
   0.35785       1.20913
   0.36349       1.19540
   0.36912       1.20084
   0.37476       1.13423
   0.38039       1.06321
   0.38603       1.07980
   0.39166       1.05621
   0.39730       1.00126
   0.40293       0.94528
   0.40857       0.89629
   0.41420       0.89188
   0.41984       0.86259
   0.42548       0.83434
   0.43111       0.79650
   0.43675       0.76591
   0.44238       0.72392
   0.44802       0.69697
   0.45365       0.67675
   0.45929       0.65965
   0.46492       0.61895
   0.47056       0.60677
   0.47619       0.57385
   0.48183       0.57333
   0.48746       0.52046
   0.49310       0.51527
   0.49874       0.47562
   0.50437       0.47225
   0.51001       0.43752
   0.51564       0.41782
   0.52128       0.40279
   0.52691       0.38024
   0.53255       0.35147
   0.53818       0.35043
   0.54382       0.32710
   0.54945       0.30844
   0.55509       0.28330
   0.56073       0.27811
