         0.00159        15.35530
         0.00476        14.60641
         0.00794        13.89405
         0.01112        13.21643
         0.01429        12.57186
         0.01747        11.95872
         0.02064        11.37549
         0.02382        10.82070
         0.02699        10.29297
         0.03017         9.79097
         0.03335         9.31346
         0.03652         8.85924
         0.03970         8.42717
         0.04287         8.01617
         0.04605         7.62522
         0.04923         7.25333
         0.05240         6.89958
         0.05558         6.56308
         0.05875         6.24300
         0.06193         5.93852
         0.06510         5.64890
         0.06828         5.37340
         0.07146         5.11134
         0.07463         4.86205
         0.07781         4.62493
         0.08098         4.39937
         0.08416         4.18481
         0.08733         3.98071
         0.09051         3.78657
         0.09369         3.60190
         0.09686         3.42623
         0.10004         3.25913
         0.10321         3.10018
         0.10639         2.94898
         0.10957         2.80516
         0.11274         2.66835
         0.11592         2.53821
         0.11909         2.41442
         0.12227         2.29667
         0.12544         2.18466
         0.12862         2.07811
         0.13180         1.97676
         0.13497         1.88036
         0.13815         1.78865
         0.14132         1.70142
         0.14450         1.61844
         0.14768         1.53950
         0.15085         1.46442
         0.15403         1.39300
         0.15720         1.32506
         0.16038         1.26044
         0.16355         1.19897
         0.16673         1.14049
         0.16991         1.08487
         0.17308         1.03196
         0.17626         0.98163
         0.17943         0.93376
         0.18261         0.88822
         0.18578         0.84490
         0.18896         0.80369
         0.19214         0.76450
         0.19531         0.72721
         0.19849         0.69174
         0.20166         0.65801
         0.20484         0.62592
         0.20802         0.59539
         0.21119         0.56635
         0.21437         0.53873
         0.21754         0.51246
         0.22072         0.48746
         0.22389         0.46369
         0.22707         0.44108
         0.23025         0.41956
         0.23342         0.39910
         0.23660         0.37964
         0.23977         0.36112
         0.24295         0.34351
         0.24613         0.32676
         0.24930         0.31082
         0.25248         0.29566
         0.25565         0.28124
         0.25883         0.26753
         0.26200         0.25448
         0.26518         0.24207
         0.26836         0.23026
         0.27153         0.21903
         0.27471         0.20835
         0.27788         0.19819
         0.28106         0.18852
         0.28423         0.17933
         0.28741         0.17058
         0.29059         0.16226
         0.29376         0.15435
         0.29694         0.14682
         0.30011         0.13966
         0.30329         0.13285
         0.30647         0.12637
         0.30964         0.12021
         0.31282         0.11434
         0.31599         0.10877
