         0.00282         3.16571
         0.00845         3.16412
         0.01409         3.16096
         0.01972         3.15622
         0.02536         3.14992
         0.03099         3.14205
         0.03663         3.13264
         0.04227         3.12170
         0.04790         3.10923
         0.05354         3.09527
         0.05917         3.07984
         0.06481         3.06294
         0.07044         3.04462
         0.07608         3.02490
         0.08171         3.00380
         0.08735         2.98135
         0.09298         2.95760
         0.09862         2.93256
         0.10426         2.90629
         0.10989         2.87881
         0.11553         2.85016
         0.12116         2.82039
         0.12680         2.78954
         0.13243         2.75764
         0.13807         2.72475
         0.14370         2.69090
         0.14934         2.65615
         0.15497         2.62053
         0.16061         2.58410
         0.16625         2.54690
         0.17188         2.50898
         0.17752         2.47039
         0.18315         2.43118
         0.18879         2.39139
         0.19442         2.35108
         0.20006         2.31030
         0.20569         2.26908
         0.21133         2.22749
         0.21696         2.18557
         0.22260         2.14336
         0.22823         2.10092
         0.23387         2.05829
         0.23951         2.01552
         0.24514         1.97265
         0.25078         1.92972
         0.25641         1.88679
         0.26205         1.84389
         0.26768         1.80106
         0.27332         1.75835
         0.27895         1.71579
         0.28459         1.67343
         0.29022         1.63130
         0.29586         1.58943
         0.30150         1.54786
         0.30713         1.50663
         0.31277         1.46576
         0.31840         1.42529
         0.32404         1.38524
         0.32967         1.34565
         0.33531         1.30653
         0.34094         1.26792
         0.34658         1.22983
         0.35221         1.19229
         0.35785         1.15532
         0.36349         1.11893
         0.36912         1.08315
         0.37476         1.04799
         0.38039         1.01347
         0.38603         0.97959
         0.39166         0.94637
         0.39730         0.91382
         0.40293         0.88195
         0.40857         0.85076
         0.41420         0.82027
         0.41984         0.79047
         0.42548         0.76138
         0.43111         0.73299
         0.43675         0.70531
         0.44238         0.67833
         0.44802         0.65206
         0.45365         0.62649
         0.45929         0.60162
         0.46492         0.57746
         0.47056         0.55398
         0.47619         0.53120
         0.48183         0.50909
         0.48746         0.48767
         0.49310         0.46691
         0.49874         0.44681
         0.50437         0.42736
         0.51001         0.40856
         0.51564         0.39038
         0.52128         0.37283
         0.52691         0.35589
         0.53255         0.33955
         0.53818         0.32380
         0.54382         0.30863
         0.54945         0.29402
         0.55509         0.27996
         0.56073         0.26644
