   -4.99500000    0.00000152
   -4.98500000    0.00000160
   -4.97500000    0.00000168
   -4.96500000    0.00000177
   -4.95500000    0.00000186
   -4.94500000    0.00000195
   -4.93500000    0.00000205
   -4.92500000    0.00000216
   -4.91500000    0.00000227
   -4.90500000    0.00000238
   -4.89500000    0.00000250
   -4.88500000    0.00000262
   -4.87500000    0.00000276
   -4.86500000    0.00000289
   -4.85500000    0.00000304
   -4.84500000    0.00000319
   -4.83500000    0.00000335
   -4.82500000    0.00000351
   -4.81500000    0.00000369
   -4.80500000    0.00000387
   -4.79500000    0.00000406
   -4.78500000    0.00000426
   -4.77500000    0.00000446
   -4.76500000    0.00000468
   -4.75500000    0.00000491
   -4.74500000    0.00000515
   -4.73500000    0.00000540
   -4.72500000    0.00000566
   -4.71500000    0.00000594
   -4.70500000    0.00000622
   -4.69500000    0.00000652
   -4.68500000    0.00000683
   -4.67500000    0.00000716
   -4.66500000    0.00000750
   -4.65500000    0.00000786
   -4.64500000    0.00000824
   -4.63500000    0.00000863
   -4.62500000    0.00000904
   -4.61500000    0.00000946
   -4.60500000    0.00000991
   -4.59500000    0.00001038
   -4.58500000    0.00001086
   -4.57500000    0.00001137
   -4.56500000    0.00001191
   -4.55500000    0.00001246
   -4.54500000    0.00001304
   -4.53500000    0.00001365
   -4.52500000    0.00001428
   -4.51500000    0.00001494
   -4.50500000    0.00001563
   -4.49500000    0.00001635
   -4.48500000    0.00001710
   -4.47500000    0.00001788
   -4.46500000    0.00001870
   -4.45500000    0.00001955
   -4.44500000    0.00002044
   -4.43500000    0.00002137
   -4.42500000    0.00002234
   -4.41500000    0.00002335
   -4.40500000    0.00002440
   -4.39500000    0.00002550
   -4.38500000    0.00002664
   -4.37500000    0.00002783
   -4.36500000    0.00002908
   -4.35500000    0.00003037
   -4.34500000    0.00003172
   -4.33500000    0.00003313
   -4.32500000    0.00003460
   -4.31500000    0.00003612
   -4.30500000    0.00003772
   -4.29500000    0.00003937
   -4.28500000    0.00004110
   -4.27500000    0.00004290
   -4.26500000    0.00004477
   -4.25500000    0.00004671
   -4.24500000    0.00004874
   -4.23500000    0.00005085
   -4.22500000    0.00005305
   -4.21500000    0.00005534
   -4.20500000    0.00005772
   -4.19500000    0.00006019
   -4.18500000    0.00006277
   -4.17500000    0.00006545
   -4.16500000    0.00006824
   -4.15500000    0.00007113
   -4.14500000    0.00007415
   -4.13500000    0.00007728
   -4.12500000    0.00008054
   -4.11500000    0.00008393
   -4.10500000    0.00008745
   -4.09500000    0.00009111
   -4.08500000    0.00009491
   -4.07500000    0.00009887
   -4.06500000    0.00010297
   -4.05500000    0.00010724
   -4.04500000    0.00011167
   -4.03500000    0.00011628
   -4.02500000    0.00012106
   -4.01500000    0.00012602
   -4.00500000    0.00013118
   -3.99500000    0.00013653
   -3.98500000    0.00014209
   -3.97500000    0.00014786
   -3.96500000    0.00015385
   -3.95500000    0.00016006
   -3.94500000    0.00016651
   -3.93500000    0.00017320
   -3.92500000    0.00018014
   -3.91500000    0.00018735
   -3.90500000    0.00019482
   -3.89500000    0.00020256
   -3.88500000    0.00021060
   -3.87500000    0.00021893
   -3.86500000    0.00022757
   -3.85500000    0.00023653
   -3.84500000    0.00024581
   -3.83500000    0.00025543
   -3.82500000    0.00026541
   -3.81500000    0.00027574
   -3.80500000    0.00028645
   -3.79500000    0.00029754
   -3.78500000    0.00030904
   -3.77500000    0.00032094
   -3.76500000    0.00033327
   -3.75500000    0.00034604
   -3.74500000    0.00035926
   -3.73500000    0.00037296
   -3.72500000    0.00038713
   -3.71500000    0.00040180
   -3.70500000    0.00041699
   -3.69500000    0.00043271
   -3.68500000    0.00044897
   -3.67500000    0.00046580
   -3.66500000    0.00048321
   -3.65500000    0.00050123
   -3.64500000    0.00051986
   -3.63500000    0.00053913
   -3.62500000    0.00055906
   -3.61500000    0.00057967
   -3.60500000    0.00060098
   -3.59500000    0.00062301
   -3.58500000    0.00064578
   -3.57500000    0.00066932
   -3.56500000    0.00069364
   -3.55500000    0.00071878
   -3.54500000    0.00074476
   -3.53500000    0.00077160
   -3.52500000    0.00079932
   -3.51500000    0.00082796
   -3.50500000    0.00085753
   -3.49500000    0.00088808
   -3.48500000    0.00091962
   -3.47500000    0.00095219
   -3.46500000    0.00098581
   -3.45500000    0.00102051
   -3.44500000    0.00105633
   -3.43500000    0.00109330
   -3.42500000    0.00113146
   -3.41500000    0.00117082
   -3.40500000    0.00121143
   -3.39500000    0.00125333
   -3.38500000    0.00129655
   -3.37500000    0.00134112
   -3.36500000    0.00138709
   -3.35500000    0.00143448
   -3.34500000    0.00148335
   -3.33500000    0.00153373
   -3.32500000    0.00158567
   -3.31500000    0.00163919
   -3.30500000    0.00169436
   -3.29500000    0.00175121
   -3.28500000    0.00180978
   -3.27500000    0.00187012
   -3.26500000    0.00193229
   -3.25500000    0.00199632
   -3.24500000    0.00206226
   -3.23500000    0.00213018
   -3.22500000    0.00220010
   -3.21500000    0.00227210
   -3.20500000    0.00234622
   -3.19500000    0.00242251
   -3.18500000    0.00250104
   -3.17500000    0.00258185
   -3.16500000    0.00266500
   -3.15500000    0.00275056
   -3.14500000    0.00283858
   -3.13500000    0.00292913
   -3.12500000    0.00302226
   -3.11500000    0.00311804
   -3.10500000    0.00321654
   -3.09500000    0.00331781
   -3.08500000    0.00342193
   -3.07500000    0.00352897
   -3.06500000    0.00363899
   -3.05500000    0.00375206
   -3.04500000    0.00386826
   -3.03500000    0.00398766
   -3.02500000    0.00411034
   -3.01500000    0.00423636
   -3.00500000    0.00436581
   -2.99500000    0.00449877
   -2.98500000    0.00463532
   -2.97500000    0.00477553
   -2.96500000    0.00491949
   -2.95500000    0.00506728
   -2.94500000    0.00521899
   -2.93500000    0.00537471
   -2.92500000    0.00553452
   -2.91500000    0.00569851
   -2.90500000    0.00586677
   -2.89500000    0.00603940
   -2.88500000    0.00621649
   -2.87500000    0.00639812
   -2.86500000    0.00658441
   -2.85500000    0.00677544
   -2.84500000    0.00697132
   -2.83500000    0.00717215
   -2.82500000    0.00737802
   -2.81500000    0.00758904
   -2.80500000    0.00780531
   -2.79500000    0.00802695
   -2.78500000    0.00825406
   -2.77500000    0.00848674
   -2.76500000    0.00872511
   -2.75500000    0.00896927
   -2.74500000    0.00921935
   -2.73500000    0.00947546
   -2.72500000    0.00973770
   -2.71500000    0.01000620
   -2.70500000    0.01028107
   -2.69500000    0.01056245
   -2.68500000    0.01085043
   -2.67500000    0.01114515
   -2.66500000    0.01144674
   -2.65500000    0.01175531
   -2.64500000    0.01207099
   -2.63500000    0.01239390
   -2.62500000    0.01272419
   -2.61500000    0.01306197
   -2.60500000    0.01340737
   -2.59500000    0.01376054
   -2.58500000    0.01412159
   -2.57500000    0.01449067
   -2.56500000    0.01486790
   -2.55500000    0.01525344
   -2.54500000    0.01564740
   -2.53500000    0.01604994
   -2.52500000    0.01646118
   -2.51500000    0.01688127
   -2.50500000    0.01731035
   -2.49500000    0.01774857
   -2.48500000    0.01819606
   -2.47500000    0.01865296
   -2.46500000    0.01911942
   -2.45500000    0.01959560
   -2.44500000    0.02008162
   -2.43500000    0.02057764
   -2.42500000    0.02108380
   -2.41500000    0.02160025
   -2.40500000    0.02212714
   -2.39500000    0.02266461
   -2.38500000    0.02321282
   -2.37500000    0.02377191
   -2.36500000    0.02434204
   -2.35500000    0.02492334
   -2.34500000    0.02551598
   -2.33500000    0.02612009
   -2.32500000    0.02673584
   -2.31500000    0.02736336
   -2.30500000    0.02800281
   -2.29500000    0.02865434
   -2.28500000    0.02931809
   -2.27500000    0.02999422
   -2.26500000    0.03068288
   -2.25500000    0.03138421
   -2.24500000    0.03209836
   -2.23500000    0.03282547
   -2.22500000    0.03356570
   -2.21500000    0.03431920
   -2.20500000    0.03508609
   -2.19500000    0.03586654
   -2.18500000    0.03666068
   -2.17500000    0.03746866
   -2.16500000    0.03829061
   -2.15500000    0.03912669
   -2.14500000    0.03997702
   -2.13500000    0.04084175
   -2.12500000    0.04172101
   -2.11500000    0.04261494
   -2.10500000    0.04352367
   -2.09500000    0.04444733
   -2.08500000    0.04538605
   -2.07500000    0.04633997
   -2.06500000    0.04730920
   -2.05500000    0.04829388
   -2.04500000    0.04929412
   -2.03500000    0.05031005
   -2.02500000    0.05134178
   -2.01500000    0.05238943
   -2.00500000    0.05345311
   -1.99500000    0.05453293
   -1.98500000    0.05562901
   -1.97500000    0.05674144
   -1.96500000    0.05787033
   -1.95500000    0.05901578
   -1.94500000    0.06017788
   -1.93500000    0.06135673
   -1.92500000    0.06255241
   -1.91500000    0.06376502
   -1.90500000    0.06499464
   -1.89500000    0.06624135
   -1.88500000    0.06750521
   -1.87500000    0.06878632
   -1.86500000    0.07008472
   -1.85500000    0.07140050
   -1.84500000    0.07273370
   -1.83500000    0.07408439
   -1.82500000    0.07545261
   -1.81500000    0.07683842
   -1.80500000    0.07824186
   -1.79500000    0.07966297
   -1.78500000    0.08110177
   -1.77500000    0.08255831
   -1.76500000    0.08403260
   -1.75500000    0.08552467
   -1.74500000    0.08703452
   -1.73500000    0.08856217
   -1.72500000    0.09010763
   -1.71500000    0.09167088
   -1.70500000    0.09325194
   -1.69500000    0.09485077
   -1.68500000    0.09646737
   -1.67500000    0.09810171
   -1.66500000    0.09975377
   -1.65500000    0.10142350
   -1.64500000    0.10311087
   -1.63500000    0.10481583
   -1.62500000    0.10653833
   -1.61500000    0.10827831
   -1.60500000    0.11003570
   -1.59500000    0.11181043
   -1.58500000    0.11360242
   -1.57500000    0.11541159
   -1.56500000    0.11723785
   -1.55500000    0.11908111
   -1.54500000    0.12094124
   -1.53500000    0.12281815
   -1.52500000    0.12471172
   -1.51500000    0.12662182
   -1.50500000    0.12854831
   -1.49500000    0.13049107
   -1.48500000    0.13244995
   -1.47500000    0.13442478
   -1.46500000    0.13641542
   -1.45500000    0.13842170
   -1.44500000    0.14044344
   -1.43500000    0.14248045
   -1.42500000    0.14453256
   -1.41500000    0.14659956
   -1.40500000    0.14868126
   -1.39500000    0.15077744
   -1.38500000    0.15288788
   -1.37500000    0.15501235
   -1.36500000    0.15715064
   -1.35500000    0.15930249
   -1.34500000    0.16146765
   -1.33500000    0.16364588
   -1.32500000    0.16583691
   -1.31500000    0.16804047
   -1.30500000    0.17025628
   -1.29500000    0.17248406
   -1.28500000    0.17472352
   -1.27500000    0.17697435
   -1.26500000    0.17923626
   -1.25500000    0.18150892
   -1.24500000    0.18379202
   -1.23500000    0.18608523
   -1.22500000    0.18838822
   -1.21500000    0.19070063
   -1.20500000    0.19302212
   -1.19500000    0.19535234
   -1.18500000    0.19769092
   -1.17500000    0.20003749
   -1.16500000    0.20239168
   -1.15500000    0.20475309
   -1.14500000    0.20712134
   -1.13500000    0.20949604
   -1.12500000    0.21187677
   -1.11500000    0.21426313
   -1.10500000    0.21665470
   -1.09500000    0.21905105
   -1.08500000    0.22145177
   -1.07500000    0.22385641
   -1.06500000    0.22626453
   -1.05500000    0.22867569
   -1.04500000    0.23108944
   -1.03500000    0.23350531
   -1.02500000    0.23592284
   -1.01500000    0.23834157
   -1.00500000    0.24076102
   -0.99500000    0.24318071
   -0.98500000    0.24560015
   -0.97500000    0.24801887
   -0.96500000    0.25043636
   -0.95500000    0.25285212
   -0.94500000    0.25526566
   -0.93500000    0.25767647
   -0.92500000    0.26008404
   -0.91500000    0.26248786
   -0.90500000    0.26488740
   -0.89500000    0.26728214
   -0.88500000    0.26967157
   -0.87500000    0.27205515
   -0.86500000    0.27443236
   -0.85500000    0.27680266
   -0.84500000    0.27916551
   -0.83500000    0.28152037
   -0.82500000    0.28386672
   -0.81500000    0.28620399
   -0.80500000    0.28853166
   -0.79500000    0.29084917
   -0.78500000    0.29315598
   -0.77500000    0.29545154
   -0.76500000    0.29773529
   -0.75500000    0.30000670
   -0.74500000    0.30226521
   -0.73500000    0.30451027
   -0.72500000    0.30674133
   -0.71500000    0.30895784
   -0.70500000    0.31115924
   -0.69500000    0.31334500
   -0.68500000    0.31551456
   -0.67500000    0.31766737
   -0.66500000    0.31980288
   -0.65500000    0.32192056
   -0.64500000    0.32401986
   -0.63500000    0.32610024
   -0.62500000    0.32816116
   -0.61500000    0.33020208
   -0.60500000    0.33222246
   -0.59500000    0.33422179
   -0.58500000    0.33619953
   -0.57500000    0.33815515
   -0.56500000    0.34008814
   -0.55500000    0.34199798
   -0.54500000    0.34388415
   -0.53500000    0.34574614
   -0.52500000    0.34758346
   -0.51500000    0.34939561
   -0.50500000    0.35118207
   -0.49500000    0.35294238
   -0.48500000    0.35467604
   -0.47500000    0.35638258
   -0.46500000    0.35806152
   -0.45500000    0.35971240
   -0.44500000    0.36133475
   -0.43500000    0.36292813
   -0.42500000    0.36449208
   -0.41500000    0.36602616
   -0.40500000    0.36752995
   -0.39500000    0.36900302
   -0.38500000    0.37044494
   -0.37500000    0.37185531
   -0.36500000    0.37323372
   -0.35500000    0.37457978
   -0.34500000    0.37589311
   -0.33500000    0.37717332
   -0.32500000    0.37842005
   -0.31500000    0.37963293
   -0.30500000    0.38081162
   -0.29500000    0.38195577
   -0.28500000    0.38306505
   -0.27500000    0.38413914
   -0.26500000    0.38517771
   -0.25500000    0.38618048
   -0.24500000    0.38714714
   -0.23500000    0.38807741
   -0.22500000    0.38897101
   -0.21500000    0.38982769
   -0.20500000    0.39064719
   -0.19500000    0.39142926
   -0.18500000    0.39217369
   -0.17500000    0.39288023
   -0.16500000    0.39354870
   -0.15500000    0.39417888
   -0.14500000    0.39477059
   -0.13500000    0.39532366
   -0.12500000    0.39583791
   -0.11500000    0.39631320
   -0.10500000    0.39674939
   -0.09500000    0.39714634
   -0.08500000    0.39750393
   -0.07500000    0.39782206
   -0.06500000    0.39810063
   -0.05500000    0.39833956
   -0.04500000    0.39853878
   -0.03500000    0.39869823
   -0.02500000    0.39881786
   -0.01500000    0.39889763
   -0.00500000    0.39893752
    0.00500000    0.39893752
    0.01500000    0.39889763
    0.02500000    0.39881786
    0.03500000    0.39869823
    0.04500000    0.39853878
    0.05500000    0.39833956
    0.06500000    0.39810063
    0.07500000    0.39782206
    0.08500000    0.39750393
    0.09500000    0.39714634
    0.10500000    0.39674939
    0.11500000    0.39631320
    0.12500000    0.39583791
    0.13500000    0.39532366
    0.14500000    0.39477059
    0.15500000    0.39417888
    0.16500000    0.39354870
    0.17500000    0.39288023
    0.18500000    0.39217369
    0.19500000    0.39142926
    0.20500000    0.39064719
    0.21500000    0.38982769
    0.22500000    0.38897101
    0.23500000    0.38807741
    0.24500000    0.38714714
    0.25500000    0.38618048
    0.26500000    0.38517771
    0.27500000    0.38413914
    0.28500000    0.38306505
    0.29500000    0.38195577
    0.30500000    0.38081162
    0.31500000    0.37963293
    0.32500000    0.37842005
    0.33500000    0.37717332
    0.34500000    0.37589311
    0.35500000    0.37457978
    0.36500000    0.37323372
    0.37500000    0.37185531
    0.38500000    0.37044494
    0.39500000    0.36900302
    0.40500000    0.36752995
    0.41500000    0.36602616
    0.42500000    0.36449208
    0.43500000    0.36292813
    0.44500000    0.36133475
    0.45500000    0.35971240
    0.46500000    0.35806152
    0.47500000    0.35638258
    0.48500000    0.35467604
    0.49500000    0.35294238
    0.50500000    0.35118207
    0.51500000    0.34939561
    0.52500000    0.34758346
    0.53500000    0.34574614
    0.54500000    0.34388415
    0.55500000    0.34199798
    0.56500000    0.34008814
    0.57500000    0.33815515
    0.58500000    0.33619953
    0.59500000    0.33422179
    0.60500000    0.33222246
    0.61500000    0.33020208
    0.62500000    0.32816116
    0.63500000    0.32610024
    0.64500000    0.32401986
    0.65500000    0.32192056
    0.66500000    0.31980288
    0.67500000    0.31766737
    0.68500000    0.31551456
    0.69500000    0.31334500
    0.70500000    0.31115924
    0.71500000    0.30895784
    0.72500000    0.30674133
    0.73500000    0.30451027
    0.74500000    0.30226521
    0.75500000    0.30000670
    0.76500000    0.29773529
    0.77500000    0.29545154
    0.78500000    0.29315598
    0.79500000    0.29084917
    0.80500000    0.28853166
    0.81500000    0.28620399
    0.82500000    0.28386672
    0.83500000    0.28152037
    0.84500000    0.27916551
    0.85500000    0.27680266
    0.86500000    0.27443236
    0.87500000    0.27205515
    0.88500000    0.26967157
    0.89500000    0.26728214
    0.90500000    0.26488740
    0.91500000    0.26248786
    0.92500000    0.26008404
    0.93500000    0.25767647
    0.94500000    0.25526566
    0.95500000    0.25285212
    0.96500000    0.25043636
    0.97500000    0.24801887
    0.98500000    0.24560015
    0.99500000    0.24318071
    1.00500000    0.24076102
    1.01500000    0.23834157
    1.02500000    0.23592284
    1.03500000    0.23350531
    1.04500000    0.23108944
    1.05500000    0.22867569
    1.06500000    0.22626453
    1.07500000    0.22385641
    1.08500000    0.22145177
    1.09500000    0.21905105
    1.10500000    0.21665470
    1.11500000    0.21426313
    1.12500000    0.21187677
    1.13500000    0.20949604
    1.14500000    0.20712134
    1.15500000    0.20475309
    1.16500000    0.20239168
    1.17500000    0.20003749
    1.18500000    0.19769092
    1.19500000    0.19535234
    1.20500000    0.19302212
    1.21500000    0.19070063
    1.22500000    0.18838822
    1.23500000    0.18608523
    1.24500000    0.18379202
    1.25500000    0.18150892
    1.26500000    0.17923626
    1.27500000    0.17697435
    1.28500000    0.17472352
    1.29500000    0.17248406
    1.30500000    0.17025628
    1.31500000    0.16804047
    1.32500000    0.16583691
    1.33500000    0.16364588
    1.34500000    0.16146765
    1.35500000    0.15930249
    1.36500000    0.15715064
    1.37500000    0.15501235
    1.38500000    0.15288788
    1.39500000    0.15077744
    1.40500000    0.14868126
    1.41500000    0.14659956
    1.42500000    0.14453256
    1.43500000    0.14248045
    1.44500000    0.14044344
    1.45500000    0.13842170
    1.46500000    0.13641542
    1.47500000    0.13442478
    1.48500000    0.13244995
    1.49500000    0.13049107
    1.50500000    0.12854831
    1.51500000    0.12662182
    1.52500000    0.12471172
    1.53500000    0.12281815
    1.54500000    0.12094124
    1.55500000    0.11908111
    1.56500000    0.11723785
    1.57500000    0.11541159
    1.58500000    0.11360242
    1.59500000    0.11181043
    1.60500000    0.11003570
    1.61500000    0.10827831
    1.62500000    0.10653833
    1.63500000    0.10481583
    1.64500000    0.10311087
    1.65500000    0.10142350
    1.66500000    0.09975377
    1.67500000    0.09810171
    1.68500000    0.09646737
    1.69500000    0.09485077
    1.70500000    0.09325194
    1.71500000    0.09167088
    1.72500000    0.09010763
    1.73500000    0.08856217
    1.74500000    0.08703452
    1.75500000    0.08552467
    1.76500000    0.08403260
    1.77500000    0.08255831
    1.78500000    0.08110177
    1.79500000    0.07966297
    1.80500000    0.07824186
    1.81500000    0.07683842
    1.82500000    0.07545261
    1.83500000    0.07408439
    1.84500000    0.07273370
    1.85500000    0.07140050
    1.86500000    0.07008472
    1.87500000    0.06878632
    1.88500000    0.06750521
    1.89500000    0.06624135
    1.90500000    0.06499464
    1.91500000    0.06376502
    1.92500000    0.06255241
    1.93500000    0.06135673
    1.94500000    0.06017788
    1.95500000    0.05901578
    1.96500000    0.05787033
    1.97500000    0.05674144
    1.98500000    0.05562901
    1.99500000    0.05453293
    2.00500000    0.05345311
    2.01500000    0.05238943
    2.02500000    0.05134178
    2.03500000    0.05031005
    2.04500000    0.04929412
    2.05500000    0.04829388
    2.06500000    0.04730920
    2.07500000    0.04633997
    2.08500000    0.04538605
    2.09500000    0.04444733
    2.10500000    0.04352367
    2.11500000    0.04261494
    2.12500000    0.04172101
    2.13500000    0.04084175
    2.14500000    0.03997702
    2.15500000    0.03912669
    2.16500000    0.03829061
    2.17500000    0.03746866
    2.18500000    0.03666068
    2.19500000    0.03586654
    2.20500000    0.03508609
    2.21500000    0.03431920
    2.22500000    0.03356570
    2.23500000    0.03282547
    2.24500000    0.03209836
    2.25500000    0.03138421
    2.26500000    0.03068288
    2.27500000    0.02999422
    2.28500000    0.02931809
    2.29500000    0.02865434
    2.30500000    0.02800281
    2.31500000    0.02736336
    2.32500000    0.02673584
    2.33500000    0.02612009
    2.34500000    0.02551598
    2.35500000    0.02492334
    2.36500000    0.02434204
    2.37500000    0.02377191
    2.38500000    0.02321282
    2.39500000    0.02266461
    2.40500000    0.02212714
    2.41500000    0.02160025
    2.42500000    0.02108380
    2.43500000    0.02057764
    2.44500000    0.02008162
    2.45500000    0.01959560
    2.46500000    0.01911942
    2.47500000    0.01865296
    2.48500000    0.01819606
    2.49500000    0.01774857
    2.50500000    0.01731035
    2.51500000    0.01688127
    2.52500000    0.01646118
    2.53500000    0.01604994
    2.54500000    0.01564740
    2.55500000    0.01525344
    2.56500000    0.01486790
    2.57500000    0.01449067
    2.58500000    0.01412159
    2.59500000    0.01376054
    2.60500000    0.01340737
    2.61500000    0.01306197
    2.62500000    0.01272419
    2.63500000    0.01239390
    2.64500000    0.01207099
    2.65500000    0.01175531
    2.66500000    0.01144674
    2.67500000    0.01114515
    2.68500000    0.01085043
    2.69500000    0.01056245
    2.70500000    0.01028107
    2.71500000    0.01000620
    2.72500000    0.00973770
    2.73500000    0.00947546
    2.74500000    0.00921935
    2.75500000    0.00896927
    2.76500000    0.00872511
    2.77500000    0.00848674
    2.78500000    0.00825406
    2.79500000    0.00802695
    2.80500000    0.00780531
    2.81500000    0.00758904
    2.82500000    0.00737802
    2.83500000    0.00717215
    2.84500000    0.00697132
    2.85500000    0.00677544
    2.86500000    0.00658441
    2.87500000    0.00639812
    2.88500000    0.00621649
    2.89500000    0.00603940
    2.90500000    0.00586677
    2.91500000    0.00569851
    2.92500000    0.00553452
    2.93500000    0.00537471
    2.94500000    0.00521899
    2.95500000    0.00506728
    2.96500000    0.00491949
    2.97500000    0.00477553
    2.98500000    0.00463532
    2.99500000    0.00449877
    3.00500000    0.00436581
    3.01500000    0.00423636
    3.02500000    0.00411034
    3.03500000    0.00398766
    3.04500000    0.00386826
    3.05500000    0.00375206
    3.06500000    0.00363899
    3.07500000    0.00352897
    3.08500000    0.00342193
    3.09500000    0.00331781
    3.10500000    0.00321654
    3.11500000    0.00311804
    3.12500000    0.00302226
    3.13500000    0.00292913
    3.14500000    0.00283858
    3.15500000    0.00275056
    3.16500000    0.00266500
    3.17500000    0.00258185
    3.18500000    0.00250104
    3.19500000    0.00242251
    3.20500000    0.00234622
    3.21500000    0.00227210
    3.22500000    0.00220010
    3.23500000    0.00213018
    3.24500000    0.00206226
    3.25500000    0.00199632
    3.26500000    0.00193229
    3.27500000    0.00187012
    3.28500000    0.00180978
    3.29500000    0.00175121
    3.30500000    0.00169436
    3.31500000    0.00163919
    3.32500000    0.00158567
    3.33500000    0.00153373
    3.34500000    0.00148335
    3.35500000    0.00143448
    3.36500000    0.00138709
    3.37500000    0.00134112
    3.38500000    0.00129655
    3.39500000    0.00125333
    3.40500000    0.00121143
    3.41500000    0.00117082
    3.42500000    0.00113146
    3.43500000    0.00109330
    3.44500000    0.00105633
    3.45500000    0.00102051
    3.46500000    0.00098581
    3.47500000    0.00095219
    3.48500000    0.00091962
    3.49500000    0.00088808
    3.50500000    0.00085753
    3.51500000    0.00082796
    3.52500000    0.00079932
    3.53500000    0.00077160
    3.54500000    0.00074476
    3.55500000    0.00071878
    3.56500000    0.00069364
    3.57500000    0.00066932
    3.58500000    0.00064578
    3.59500000    0.00062301
    3.60500000    0.00060098
    3.61500000    0.00057967
    3.62500000    0.00055906
    3.63500000    0.00053913
    3.64500000    0.00051986
    3.65500000    0.00050123
    3.66500000    0.00048321
    3.67500000    0.00046580
    3.68500000    0.00044897
    3.69500000    0.00043271
    3.70500000    0.00041699
    3.71500000    0.00040180
    3.72500000    0.00038713
    3.73500000    0.00037296
    3.74500000    0.00035926
    3.75500000    0.00034604
    3.76500000    0.00033327
    3.77500000    0.00032094
    3.78500000    0.00030904
    3.79500000    0.00029754
    3.80500000    0.00028645
    3.81500000    0.00027574
    3.82500000    0.00026541
    3.83500000    0.00025543
    3.84500000    0.00024581
    3.85500000    0.00023653
    3.86500000    0.00022757
    3.87500000    0.00021893
    3.88500000    0.00021060
    3.89500000    0.00020256
    3.90500000    0.00019482
    3.91500000    0.00018735
    3.92500000    0.00018014
    3.93500000    0.00017320
    3.94500000    0.00016651
    3.95500000    0.00016006
    3.96500000    0.00015385
    3.97500000    0.00014786
    3.98500000    0.00014209
    3.99500000    0.00013653
    4.00500000    0.00013118
    4.01500000    0.00012602
    4.02500000    0.00012106
    4.03500000    0.00011628
    4.04500000    0.00011167
    4.05500000    0.00010724
    4.06500000    0.00010297
    4.07500000    0.00009887
    4.08500000    0.00009491
    4.09500000    0.00009111
    4.10500000    0.00008745
    4.11500000    0.00008393
    4.12500000    0.00008054
    4.13500000    0.00007728
    4.14500000    0.00007415
    4.15500000    0.00007113
    4.16500000    0.00006824
    4.17500000    0.00006545
    4.18500000    0.00006277
    4.19500000    0.00006019
    4.20500000    0.00005772
    4.21500000    0.00005534
    4.22500000    0.00005305
    4.23500000    0.00005085
    4.24500000    0.00004874
    4.25500000    0.00004671
    4.26500000    0.00004477
    4.27500000    0.00004290
    4.28500000    0.00004110
    4.29500000    0.00003937
    4.30500000    0.00003772
    4.31500000    0.00003612
    4.32500000    0.00003460
    4.33500000    0.00003313
    4.34500000    0.00003172
    4.35500000    0.00003037
    4.36500000    0.00002908
    4.37500000    0.00002783
    4.38500000    0.00002664
    4.39500000    0.00002550
    4.40500000    0.00002440
    4.41500000    0.00002335
    4.42500000    0.00002234
    4.43500000    0.00002137
    4.44500000    0.00002044
    4.45500000    0.00001955
    4.46500000    0.00001870
    4.47500000    0.00001788
    4.48500000    0.00001710
    4.49500000    0.00001635
    4.50500000    0.00001563
    4.51500000    0.00001494
    4.52500000    0.00001428
    4.53500000    0.00001365
    4.54500000    0.00001304
    4.55500000    0.00001246
    4.56500000    0.00001191
    4.57500000    0.00001137
    4.58500000    0.00001086
    4.59500000    0.00001038
    4.60500000    0.00000991
    4.61500000    0.00000946
    4.62500000    0.00000904
    4.63500000    0.00000863
    4.64500000    0.00000824
    4.65500000    0.00000786
    4.66500000    0.00000750
    4.67500000    0.00000716
    4.68500000    0.00000683
    4.69500000    0.00000652
    4.70500000    0.00000622
    4.71500000    0.00000594
    4.72500000    0.00000566
    4.73500000    0.00000540
    4.74500000    0.00000515
    4.75500000    0.00000491
    4.76500000    0.00000468
    4.77500000    0.00000446
    4.78500000    0.00000426
    4.79500000    0.00000406
    4.80500000    0.00000387
    4.81500000    0.00000369
    4.82500000    0.00000351
    4.83500000    0.00000335
    4.84500000    0.00000319
    4.85500000    0.00000304
    4.86500000    0.00000289
    4.87500000    0.00000276
    4.88500000    0.00000262
    4.89500000    0.00000250
    4.90500000    0.00000238
    4.91500000    0.00000227
    4.92500000    0.00000216
    4.93500000    0.00000205
    4.94500000    0.00000195
    4.95500000    0.00000186
    4.96500000    0.00000177
    4.97500000    0.00000168
    4.98500000    0.00000160
    4.99500000    0.00000152
