   -4.99500000    0.00002000
   -4.98500000    0.00002000
   -4.97500000    0.00004000
   -4.96500000    0.00004000
   -4.95500000    0.00004000
   -4.94500000    0.00000000
   -4.93500000    0.00000000
   -4.92500000    0.00004000
   -4.91500000    0.00000000
   -4.90500000    0.00000000
   -4.89500000    0.00010000
   -4.88500000    0.00006000
   -4.87500000    0.00006000
   -4.86500000    0.00000000
   -4.85500000    0.00000000
   -4.84500000    0.00002000
   -4.83500000    0.00006000
   -4.82500000    0.00002000
   -4.81500000    0.00006000
   -4.80500000    0.00002000
   -4.79500000    0.00002000
   -4.78500000    0.00006000
   -4.77500000    0.00004000
   -4.76500000    0.00000000
   -4.75500000    0.00004000
   -4.74500000    0.00000000
   -4.73500000    0.00002000
   -4.72500000    0.00002000
   -4.71500000    0.00002000
   -4.70500000    0.00002000
   -4.69500000    0.00002000
   -4.68500000    0.00004000
   -4.67500000    0.00000000
   -4.66500000    0.00000000
   -4.65500000    0.00002000
   -4.64500000    0.00006000
   -4.63500000    0.00006000
   -4.62500000    0.00004000
   -4.61500000    0.00004000
   -4.60500000    0.00008000
   -4.59500000    0.00004000
   -4.58500000    0.00004000
   -4.57500000    0.00006000
   -4.56500000    0.00012000
   -4.55500000    0.00004000
   -4.54500000    0.00000000
   -4.53500000    0.00008000
   -4.52500000    0.00006000
   -4.51500000    0.00006000
   -4.50500000    0.00004000
   -4.49500000    0.00010000
   -4.48500000    0.00002000
   -4.47500000    0.00000000
   -4.46500000    0.00004000
   -4.45500000    0.00000000
   -4.44500000    0.00008000
   -4.43500000    0.00002000
   -4.42500000    0.00010000
   -4.41500000    0.00014000
   -4.40500000    0.00008000
   -4.39500000    0.00006000
   -4.38500000    0.00004000
   -4.37500000    0.00008000
   -4.36500000    0.00018000
   -4.35500000    0.00012000
   -4.34500000    0.00010000
   -4.33500000    0.00012000
   -4.32500000    0.00004000
   -4.31500000    0.00000000
   -4.30500000    0.00004000
   -4.29500000    0.00010000
   -4.28500000    0.00010000
   -4.27500000    0.00006000
   -4.26500000    0.00010000
   -4.25500000    0.00004000
   -4.24500000    0.00002000
   -4.23500000    0.00006000
   -4.22500000    0.00020000
   -4.21500000    0.00006000
   -4.20500000    0.00004000
   -4.19500000    0.00012000
   -4.18500000    0.00012000
   -4.17500000    0.00026000
   -4.16500000    0.00010000
   -4.15500000    0.00014000
   -4.14500000    0.00004000
   -4.13500000    0.00016000
   -4.12500000    0.00012000
   -4.11500000    0.00032000
   -4.10500000    0.00012000
   -4.09500000    0.00026000
   -4.08500000    0.00010000
   -4.07500000    0.00028000
   -4.06500000    0.00002000
   -4.05500000    0.00016000
   -4.04500000    0.00014000
   -4.03500000    0.00014000
   -4.02500000    0.00014000
   -4.01500000    0.00020000
   -4.00500000    0.00014000
   -3.99500000    0.00016000
   -3.98500000    0.00012000
   -3.97500000    0.00018000
   -3.96500000    0.00020000
   -3.95500000    0.00020000
   -3.94500000    0.00028000
   -3.93500000    0.00034000
   -3.92500000    0.00034000
   -3.91500000    0.00026000
   -3.90500000    0.00032000
   -3.89500000    0.00014000
   -3.88500000    0.00028000
   -3.87500000    0.00018000
   -3.86500000    0.00046000
   -3.85500000    0.00022000
   -3.84500000    0.00034000
   -3.83500000    0.00038000
   -3.82500000    0.00042000
   -3.81500000    0.00026000
   -3.80500000    0.00040000
   -3.79500000    0.00044000
   -3.78500000    0.00048000
   -3.77500000    0.00046000
   -3.76500000    0.00024000
   -3.75500000    0.00064000
   -3.74500000    0.00064000
   -3.73500000    0.00070000
   -3.72500000    0.00038000
   -3.71500000    0.00034000
   -3.70500000    0.00042000
   -3.69500000    0.00070000
   -3.68500000    0.00080000
   -3.67500000    0.00058000
   -3.66500000    0.00080000
   -3.65500000    0.00074000
   -3.64500000    0.00076000
   -3.63500000    0.00068000
   -3.62500000    0.00060000
   -3.61500000    0.00094000
   -3.60500000    0.00068000
   -3.59500000    0.00060000
   -3.58500000    0.00112000
   -3.57500000    0.00098000
   -3.56500000    0.00112000
   -3.55500000    0.00078000
   -3.54500000    0.00110000
   -3.53500000    0.00104000
   -3.52500000    0.00074000
   -3.51500000    0.00092000
   -3.50500000    0.00102000
   -3.49500000    0.00110000
   -3.48500000    0.00074000
   -3.47500000    0.00106000
   -3.46500000    0.00126000
   -3.45500000    0.00110000
   -3.44500000    0.00124000
   -3.43500000    0.00140000
   -3.42500000    0.00112000
   -3.41500000    0.00132000
   -3.40500000    0.00124000
   -3.39500000    0.00136000
   -3.38500000    0.00172000
   -3.37500000    0.00136000
   -3.36500000    0.00116000
   -3.35500000    0.00140000
   -3.34500000    0.00172000
   -3.33500000    0.00200000
   -3.32500000    0.00170000
   -3.31500000    0.00188000
   -3.30500000    0.00164000
   -3.29500000    0.00182000
   -3.28500000    0.00206000
   -3.27500000    0.00210000
   -3.26500000    0.00196000
   -3.25500000    0.00198000
   -3.24500000    0.00202000
   -3.23500000    0.00246000
   -3.22500000    0.00224000
   -3.21500000    0.00228000
   -3.20500000    0.00262000
   -3.19500000    0.00266000
   -3.18500000    0.00250000
   -3.17500000    0.00280000
   -3.16500000    0.00262000
   -3.15500000    0.00290000
   -3.14500000    0.00322000
   -3.13500000    0.00276000
   -3.12500000    0.00330000
   -3.11500000    0.00298000
   -3.10500000    0.00346000
   -3.09500000    0.00340000
   -3.08500000    0.00304000
   -3.07500000    0.00422000
   -3.06500000    0.00386000
   -3.05500000    0.00460000
   -3.04500000    0.00428000
   -3.03500000    0.00400000
   -3.02500000    0.00480000
   -3.01500000    0.00488000
   -3.00500000    0.00508000
   -2.99500000    0.00450000
   -2.98500000    0.00522000
   -2.97500000    0.00472000
   -2.96500000    0.00532000
   -2.95500000    0.00514000
   -2.94500000    0.00552000
   -2.93500000    0.00612000
   -2.92500000    0.00566000
   -2.91500000    0.00564000
   -2.90500000    0.00608000
   -2.89500000    0.00592000
   -2.88500000    0.00642000
   -2.87500000    0.00734000
   -2.86500000    0.00696000
   -2.85500000    0.00718000
   -2.84500000    0.00758000
   -2.83500000    0.00654000
   -2.82500000    0.00736000
   -2.81500000    0.00802000
   -2.80500000    0.00754000
   -2.79500000    0.00776000
   -2.78500000    0.00860000
   -2.77500000    0.00914000
   -2.76500000    0.00988000
   -2.75500000    0.00952000
   -2.74500000    0.00946000
   -2.73500000    0.00882000
   -2.72500000    0.00970000
   -2.71500000    0.01072000
   -2.70500000    0.01086000
   -2.69500000    0.01134000
   -2.68500000    0.01114000
   -2.67500000    0.01194000
   -2.66500000    0.01262000
   -2.65500000    0.01180000
   -2.64500000    0.01308000
   -2.63500000    0.01346000
   -2.62500000    0.01344000
   -2.61500000    0.01232000
   -2.60500000    0.01380000
   -2.59500000    0.01464000
   -2.58500000    0.01436000
   -2.57500000    0.01492000
   -2.56500000    0.01466000
   -2.55500000    0.01482000
   -2.54500000    0.01570000
   -2.53500000    0.01604000
   -2.52500000    0.01734000
   -2.51500000    0.01814000
   -2.50500000    0.01766000
   -2.49500000    0.01762000
   -2.48500000    0.01986000
   -2.47500000    0.01746000
   -2.46500000    0.02034000
   -2.45500000    0.02028000
   -2.44500000    0.02106000
   -2.43500000    0.02124000
   -2.42500000    0.02138000
   -2.41500000    0.02136000
   -2.40500000    0.02182000
   -2.39500000    0.02284000
   -2.38500000    0.02264000
   -2.37500000    0.02388000
   -2.36500000    0.02578000
   -2.35500000    0.02630000
   -2.34500000    0.02574000
   -2.33500000    0.02602000
   -2.32500000    0.02610000
   -2.31500000    0.02742000
   -2.30500000    0.02788000
   -2.29500000    0.02750000
   -2.28500000    0.02798000
   -2.27500000    0.03030000
   -2.26500000    0.03062000
   -2.25500000    0.03108000
   -2.24500000    0.03312000
   -2.23500000    0.03338000
   -2.22500000    0.03252000
   -2.21500000    0.03444000
   -2.20500000    0.03516000
   -2.19500000    0.03482000
   -2.18500000    0.03684000
   -2.17500000    0.03696000
   -2.16500000    0.03946000
   -2.15500000    0.03856000
   -2.14500000    0.04024000
   -2.13500000    0.03990000
   -2.12500000    0.04044000
   -2.11500000    0.04352000
   -2.10500000    0.04174000
   -2.09500000    0.04320000
   -2.08500000    0.04446000
   -2.07500000    0.04588000
   -2.06500000    0.04822000
   -2.05500000    0.04898000
   -2.04500000    0.04926000
   -2.03500000    0.04822000
   -2.02500000    0.04892000
   -2.01500000    0.05240000
   -2.00500000    0.05350000
   -1.99500000    0.05454000
   -1.98500000    0.05396000
   -1.97500000    0.05748000
   -1.96500000    0.05624000
   -1.95500000    0.05778000
   -1.94500000    0.05986000
   -1.93500000    0.06016000
   -1.92500000    0.06362000
   -1.91500000    0.06396000
   -1.90500000    0.06330000
   -1.89500000    0.06408000
   -1.88500000    0.06810000
   -1.87500000    0.07062000
   -1.86500000    0.06852000
   -1.85500000    0.07080000
   -1.84500000    0.07278000
   -1.83500000    0.07456000
   -1.82500000    0.07756000
   -1.81500000    0.07502000
   -1.80500000    0.07888000
   -1.79500000    0.08182000
   -1.78500000    0.08146000
   -1.77500000    0.08334000
   -1.76500000    0.08450000
   -1.75500000    0.08500000
   -1.74500000    0.08612000
   -1.73500000    0.08874000
   -1.72500000    0.08928000
   -1.71500000    0.09036000
   -1.70500000    0.09210000
   -1.69500000    0.09680000
   -1.68500000    0.09732000
   -1.67500000    0.09600000
   -1.66500000    0.09952000
   -1.65500000    0.10042000
   -1.64500000    0.10206000
   -1.63500000    0.10288000
   -1.62500000    0.10156000
   -1.61500000    0.11148000
   -1.60500000    0.11218000
   -1.59500000    0.11004000
   -1.58500000    0.11334000
   -1.57500000    0.11356000
   -1.56500000    0.11908000
   -1.55500000    0.12094000
   -1.54500000    0.12084000
   -1.53500000    0.12104000
   -1.52500000    0.12294000
   -1.51500000    0.12716000
   -1.50500000    0.12532000
   -1.49500000    0.13060000
   -1.48500000    0.13190000
   -1.47500000    0.13828000
   -1.46500000    0.13542000
   -1.45500000    0.14226000
   -1.44500000    0.14256000
   -1.43500000    0.14136000
   -1.42500000    0.14904000
   -1.41500000    0.14866000
   -1.40500000    0.14804000
   -1.39500000    0.15202000
   -1.38500000    0.15218000
   -1.37500000    0.16038000
   -1.36500000    0.15702000
   -1.35500000    0.16500000
   -1.34500000    0.16226000
   -1.33500000    0.16406000
   -1.32500000    0.16980000
   -1.31500000    0.16892000
   -1.30500000    0.17186000
   -1.29500000    0.17372000
   -1.28500000    0.17658000
   -1.27500000    0.17790000
   -1.26500000    0.18022000
   -1.25500000    0.18276000
   -1.24500000    0.18514000
   -1.23500000    0.18614000
   -1.22500000    0.18502000
   -1.21500000    0.18944000
   -1.20500000    0.19080000
   -1.19500000    0.19820000
   -1.18500000    0.19784000
   -1.17500000    0.20356000
   -1.16500000    0.20228000
   -1.15500000    0.20630000
   -1.14500000    0.21174000
   -1.13500000    0.21422000
   -1.12500000    0.20976000
   -1.11500000    0.21564000
   -1.10500000    0.21988000
   -1.09500000    0.21824000
   -1.08500000    0.22746000
   -1.07500000    0.22590000
   -1.06500000    0.22814000
   -1.05500000    0.22856000
   -1.04500000    0.23124000
   -1.03500000    0.23646000
   -1.02500000    0.23838000
   -1.01500000    0.23848000
   -1.00500000    0.24338000
   -0.99500000    0.24396000
   -0.98500000    0.24752000
   -0.97500000    0.25252000
   -0.96500000    0.25484000
   -0.95500000    0.25614000
   -0.94500000    0.25790000
   -0.93500000    0.25744000
   -0.92500000    0.26692000
   -0.91500000    0.26966000
   -0.90500000    0.26478000
   -0.89500000    0.27096000
   -0.88500000    0.27188000
   -0.87500000    0.27608000
   -0.86500000    0.28084000
   -0.85500000    0.28056000
   -0.84500000    0.27996000
   -0.83500000    0.28614000
   -0.82500000    0.28250000
   -0.81500000    0.28622000
   -0.80500000    0.29202000
   -0.79500000    0.29326000
   -0.78500000    0.29110000
   -0.77500000    0.29262000
   -0.76500000    0.29952000
   -0.75500000    0.29742000
   -0.74500000    0.30372000
   -0.73500000    0.30568000
   -0.72500000    0.30748000
   -0.71500000    0.31626000
   -0.70500000    0.31500000
   -0.69500000    0.31752000
   -0.68500000    0.31426000
   -0.67500000    0.32364000
   -0.66500000    0.32510000
   -0.65500000    0.33044000
   -0.64500000    0.32430000
   -0.63500000    0.32520000
   -0.62500000    0.33328000
   -0.61500000    0.33400000
   -0.60500000    0.33284000
   -0.59500000    0.33654000
   -0.58500000    0.33766000
   -0.57500000    0.33892000
   -0.56500000    0.34230000
   -0.55500000    0.34826000
   -0.54500000    0.34306000
   -0.53500000    0.34320000
   -0.52500000    0.34890000
   -0.51500000    0.35006000
   -0.50500000    0.35702000
   -0.49500000    0.35854000
   -0.48500000    0.35720000
   -0.47500000    0.35940000
   -0.46500000    0.35906000
   -0.45500000    0.36488000
   -0.44500000    0.36256000
   -0.43500000    0.36714000
   -0.42500000    0.36924000
   -0.41500000    0.36812000
   -0.40500000    0.36768000
   -0.39500000    0.37102000
   -0.38500000    0.37512000
   -0.37500000    0.37838000
   -0.36500000    0.37660000
   -0.35500000    0.37924000
   -0.34500000    0.37954000
   -0.33500000    0.38558000
   -0.32500000    0.38180000
   -0.31500000    0.38366000
   -0.30500000    0.38396000
   -0.29500000    0.39038000
   -0.28500000    0.38714000
   -0.27500000    0.39014000
   -0.26500000    0.38990000
   -0.25500000    0.38736000
   -0.24500000    0.39544000
   -0.23500000    0.39106000
   -0.22500000    0.39474000
   -0.21500000    0.39114000
   -0.20500000    0.39368000
   -0.19500000    0.39640000
   -0.18500000    0.39422000
   -0.17500000    0.39754000
   -0.16500000    0.39890000
   -0.15500000    0.39936000
   -0.14500000    0.39964000
   -0.13500000    0.40050000
   -0.12500000    0.39540000
   -0.11500000    0.40392000
   -0.10500000    0.40498000
   -0.09500000    0.39934000
   -0.08500000    0.39872000
   -0.07500000    0.40176000
   -0.06500000    0.40364000
   -0.05500000    0.40636000
   -0.04500000    0.40006000
   -0.03500000    0.39532000
   -0.02500000    0.40774000
   -0.01500000    0.40860000
   -0.00500000    0.40194000
    0.00500000    0.40248000
    0.01500000    0.40638000
    0.02500000    0.40248000
    0.03500000    0.40030000
    0.04500000    0.40068000
    0.05500000    0.39864000
    0.06500000    0.40486000
    0.07500000    0.40442000
    0.08500000    0.39986000
    0.09500000    0.39968000
    0.10500000    0.40376000
    0.11500000    0.40200000
    0.12500000    0.40076000
    0.13500000    0.39748000
    0.14500000    0.40370000
    0.15500000    0.39172000
    0.16500000    0.39542000
    0.17500000    0.40012000
    0.18500000    0.38836000
    0.19500000    0.39526000
    0.20500000    0.39064000
    0.21500000    0.38814000
    0.22500000    0.39488000
    0.23500000    0.39624000
    0.24500000    0.38892000
    0.25500000    0.38452000
    0.26500000    0.38674000
    0.27500000    0.37888000
    0.28500000    0.38522000
    0.29500000    0.38058000
    0.30500000    0.38352000
    0.31500000    0.38258000
    0.32500000    0.37876000
    0.33500000    0.38104000
    0.34500000    0.37314000
    0.35500000    0.37712000
    0.36500000    0.37698000
    0.37500000    0.37880000
    0.38500000    0.37450000
    0.39500000    0.36816000
    0.40500000    0.37550000
    0.41500000    0.36544000
    0.42500000    0.36802000
    0.43500000    0.35846000
    0.44500000    0.36224000
    0.45500000    0.35482000
    0.46500000    0.36026000
    0.47500000    0.35538000
    0.48500000    0.35362000
    0.49500000    0.35384000
    0.50500000    0.35172000
    0.51500000    0.35044000
    0.52500000    0.34874000
    0.53500000    0.34712000
    0.54500000    0.34546000
    0.55500000    0.34224000
    0.56500000    0.33884000
    0.57500000    0.33752000
    0.58500000    0.33042000
    0.59500000    0.33238000
    0.60500000    0.33264000
    0.61500000    0.32860000
    0.62500000    0.32876000
    0.63500000    0.32436000
    0.64500000    0.32390000
    0.65500000    0.32064000
    0.66500000    0.31908000
    0.67500000    0.31652000
    0.68500000    0.31236000
    0.69500000    0.31484000
    0.70500000    0.31074000
    0.71500000    0.31012000
    0.72500000    0.29996000
    0.73500000    0.30180000
    0.74500000    0.30066000
    0.75500000    0.29596000
    0.76500000    0.29312000
    0.77500000    0.29528000
    0.78500000    0.28958000
    0.79500000    0.29010000
    0.80500000    0.28322000
    0.81500000    0.28420000
    0.82500000    0.28024000
    0.83500000    0.28008000
    0.84500000    0.27284000
    0.85500000    0.27248000
    0.86500000    0.27264000
    0.87500000    0.26762000
    0.88500000    0.26594000
    0.89500000    0.26156000
    0.90500000    0.25440000
    0.91500000    0.26110000
    0.92500000    0.25532000
    0.93500000    0.25010000
    0.94500000    0.25060000
    0.95500000    0.24940000
    0.96500000    0.24380000
    0.97500000    0.24440000
    0.98500000    0.24112000
    0.99500000    0.24158000
    1.00500000    0.23546000
    1.01500000    0.23008000
    1.02500000    0.22986000
    1.03500000    0.23058000
    1.04500000    0.22690000
    1.05500000    0.22694000
    1.06500000    0.22444000
    1.07500000    0.21866000
    1.08500000    0.21442000
    1.09500000    0.21656000
    1.10500000    0.21266000
    1.11500000    0.21256000
    1.12500000    0.20814000
    1.13500000    0.20302000
    1.14500000    0.20346000
    1.15500000    0.19840000
    1.16500000    0.19668000
    1.17500000    0.19648000
    1.18500000    0.19212000
    1.19500000    0.18794000
    1.20500000    0.19062000
    1.21500000    0.18696000
    1.22500000    0.18412000
    1.23500000    0.18342000
    1.24500000    0.18048000
    1.25500000    0.17718000
    1.26500000    0.17576000
    1.27500000    0.17070000
    1.28500000    0.17144000
    1.29500000    0.17182000
    1.30500000    0.16440000
    1.31500000    0.16426000
    1.32500000    0.16510000
    1.33500000    0.15908000
    1.34500000    0.16030000
    1.35500000    0.15840000
    1.36500000    0.15670000
    1.37500000    0.14890000
    1.38500000    0.15168000
    1.39500000    0.14816000
    1.40500000    0.14352000
    1.41500000    0.14556000
    1.42500000    0.14234000
    1.43500000    0.13884000
    1.44500000    0.13550000
    1.45500000    0.13572000
    1.46500000    0.13342000
    1.47500000    0.13438000
    1.48500000    0.12644000
    1.49500000    0.12916000
    1.50500000    0.12348000
    1.51500000    0.12242000
    1.52500000    0.12294000
    1.53500000    0.12252000
    1.54500000    0.11978000
    1.55500000    0.11374000
    1.56500000    0.11704000
    1.57500000    0.11370000
    1.58500000    0.10632000
    1.59500000    0.10820000
    1.60500000    0.10740000
    1.61500000    0.10656000
    1.62500000    0.10324000
    1.63500000    0.10432000
    1.64500000    0.09854000
    1.65500000    0.09774000
    1.66500000    0.09852000
    1.67500000    0.09464000
    1.68500000    0.09234000
    1.69500000    0.09280000
    1.70500000    0.09094000
    1.71500000    0.08896000
    1.72500000    0.08682000
    1.73500000    0.08580000
    1.74500000    0.08442000
    1.75500000    0.08430000
    1.76500000    0.08084000
    1.77500000    0.07868000
    1.78500000    0.07926000
    1.79500000    0.07744000
    1.80500000    0.07504000
    1.81500000    0.07390000
    1.82500000    0.07420000
    1.83500000    0.06976000
    1.84500000    0.06994000
    1.85500000    0.06784000
    1.86500000    0.06708000
    1.87500000    0.06682000
    1.88500000    0.06558000
    1.89500000    0.06402000
    1.90500000    0.06256000
    1.91500000    0.05946000
    1.92500000    0.06204000
    1.93500000    0.05898000
    1.94500000    0.06038000
    1.95500000    0.05656000
    1.96500000    0.05502000
    1.97500000    0.05332000
    1.98500000    0.05452000
    1.99500000    0.05314000
    2.00500000    0.04968000
    2.01500000    0.04950000
    2.02500000    0.05088000
    2.03500000    0.04788000
    2.04500000    0.04780000
    2.05500000    0.04578000
    2.06500000    0.04648000
    2.07500000    0.04414000
    2.08500000    0.04252000
    2.09500000    0.04284000
    2.10500000    0.04232000
    2.11500000    0.03958000
    2.12500000    0.04046000
    2.13500000    0.03820000
    2.14500000    0.03870000
    2.15500000    0.03702000
    2.16500000    0.03762000
    2.17500000    0.03594000
    2.18500000    0.03422000
    2.19500000    0.03492000
    2.20500000    0.03472000
    2.21500000    0.03378000
    2.22500000    0.03088000
    2.23500000    0.03168000
    2.24500000    0.03034000
    2.25500000    0.02962000
    2.26500000    0.02794000
    2.27500000    0.02916000
    2.28500000    0.02868000
    2.29500000    0.02750000
    2.30500000    0.02682000
    2.31500000    0.02620000
    2.32500000    0.02620000
    2.33500000    0.02530000
    2.34500000    0.02504000
    2.35500000    0.02372000
    2.36500000    0.02374000
    2.37500000    0.02216000
    2.38500000    0.02174000
    2.39500000    0.02136000
    2.40500000    0.02190000
    2.41500000    0.02038000
    2.42500000    0.01996000
    2.43500000    0.01846000
    2.44500000    0.01848000
    2.45500000    0.01916000
    2.46500000    0.01748000
    2.47500000    0.01752000
    2.48500000    0.01796000
    2.49500000    0.01580000
    2.50500000    0.01698000
    2.51500000    0.01540000
    2.52500000    0.01722000
    2.53500000    0.01454000
    2.54500000    0.01380000
    2.55500000    0.01566000
    2.56500000    0.01414000
    2.57500000    0.01338000
    2.58500000    0.01308000
    2.59500000    0.01182000
    2.60500000    0.01380000
    2.61500000    0.01230000
    2.62500000    0.01224000
    2.63500000    0.01180000
    2.64500000    0.01116000
    2.65500000    0.01094000
    2.66500000    0.01068000
    2.67500000    0.01044000
    2.68500000    0.00974000
    2.69500000    0.01010000
    2.70500000    0.01138000
    2.71500000    0.00990000
    2.72500000    0.00974000
    2.73500000    0.00866000
    2.74500000    0.00940000
    2.75500000    0.00918000
    2.76500000    0.00876000
    2.77500000    0.00840000
    2.78500000    0.00818000
    2.79500000    0.00828000
    2.80500000    0.00732000
    2.81500000    0.00724000
    2.82500000    0.00774000
    2.83500000    0.00674000
    2.84500000    0.00742000
    2.85500000    0.00692000
    2.86500000    0.00658000
    2.87500000    0.00598000
    2.88500000    0.00602000
    2.89500000    0.00534000
    2.90500000    0.00552000
    2.91500000    0.00550000
    2.92500000    0.00644000
    2.93500000    0.00498000
    2.94500000    0.00616000
    2.95500000    0.00498000
    2.96500000    0.00528000
    2.97500000    0.00432000
    2.98500000    0.00458000
    2.99500000    0.00466000
    3.00500000    0.00426000
    3.01500000    0.00408000
    3.02500000    0.00378000
    3.03500000    0.00462000
    3.04500000    0.00360000
    3.05500000    0.00356000
    3.06500000    0.00400000
    3.07500000    0.00388000
    3.08500000    0.00360000
    3.09500000    0.00388000
    3.10500000    0.00300000
    3.11500000    0.00324000
    3.12500000    0.00290000
    3.13500000    0.00304000
    3.14500000    0.00326000
    3.15500000    0.00268000
    3.16500000    0.00338000
    3.17500000    0.00286000
    3.18500000    0.00258000
    3.19500000    0.00264000
    3.20500000    0.00238000
    3.21500000    0.00240000
    3.22500000    0.00256000
    3.23500000    0.00232000
    3.24500000    0.00200000
    3.25500000    0.00192000
    3.26500000    0.00222000
    3.27500000    0.00186000
    3.28500000    0.00204000
    3.29500000    0.00182000
    3.30500000    0.00156000
    3.31500000    0.00188000
    3.32500000    0.00178000
    3.33500000    0.00156000
    3.34500000    0.00162000
    3.35500000    0.00190000
    3.36500000    0.00138000
    3.37500000    0.00140000
    3.38500000    0.00158000
    3.39500000    0.00126000
    3.40500000    0.00146000
    3.41500000    0.00124000
    3.42500000    0.00102000
    3.43500000    0.00106000
    3.44500000    0.00136000
    3.45500000    0.00092000
    3.46500000    0.00086000
    3.47500000    0.00110000
    3.48500000    0.00092000
    3.49500000    0.00086000
    3.50500000    0.00118000
    3.51500000    0.00100000
    3.52500000    0.00068000
    3.53500000    0.00088000
    3.54500000    0.00074000
    3.55500000    0.00064000
    3.56500000    0.00074000
    3.57500000    0.00064000
    3.58500000    0.00062000
    3.59500000    0.00070000
    3.60500000    0.00078000
    3.61500000    0.00050000
    3.62500000    0.00082000
    3.63500000    0.00068000
    3.64500000    0.00052000
    3.65500000    0.00064000
    3.66500000    0.00044000
    3.67500000    0.00048000
    3.68500000    0.00060000
    3.69500000    0.00040000
    3.70500000    0.00050000
    3.71500000    0.00036000
    3.72500000    0.00046000
    3.73500000    0.00026000
    3.74500000    0.00038000
    3.75500000    0.00042000
    3.76500000    0.00026000
    3.77500000    0.00024000
    3.78500000    0.00020000
    3.79500000    0.00022000
    3.80500000    0.00024000
    3.81500000    0.00026000
    3.82500000    0.00024000
    3.83500000    0.00020000
    3.84500000    0.00018000
    3.85500000    0.00018000
    3.86500000    0.00018000
    3.87500000    0.00028000
    3.88500000    0.00014000
    3.89500000    0.00028000
    3.90500000    0.00010000
    3.91500000    0.00034000
    3.92500000    0.00016000
    3.93500000    0.00018000
    3.94500000    0.00012000
    3.95500000    0.00026000
    3.96500000    0.00012000
    3.97500000    0.00026000
    3.98500000    0.00036000
    3.99500000    0.00030000
    4.00500000    0.00022000
    4.01500000    0.00012000
    4.02500000    0.00010000
    4.03500000    0.00024000
    4.04500000    0.00020000
    4.05500000    0.00012000
    4.06500000    0.00020000
    4.07500000    0.00016000
    4.08500000    0.00010000
    4.09500000    0.00012000
    4.10500000    0.00008000
    4.11500000    0.00004000
    4.12500000    0.00014000
    4.13500000    0.00012000
    4.14500000    0.00006000
    4.15500000    0.00006000
    4.16500000    0.00008000
    4.17500000    0.00010000
    4.18500000    0.00008000
    4.19500000    0.00012000
    4.20500000    0.00004000
    4.21500000    0.00016000
    4.22500000    0.00006000
    4.23500000    0.00002000
    4.24500000    0.00002000
    4.25500000    0.00004000
    4.26500000    0.00004000
    4.27500000    0.00012000
    4.28500000    0.00004000
    4.29500000    0.00008000
    4.30500000    0.00004000
    4.31500000    0.00006000
    4.32500000    0.00002000
    4.33500000    0.00006000
    4.34500000    0.00000000
    4.35500000    0.00008000
    4.36500000    0.00004000
    4.37500000    0.00004000
    4.38500000    0.00010000
    4.39500000    0.00006000
    4.40500000    0.00000000
    4.41500000    0.00000000
    4.42500000    0.00002000
    4.43500000    0.00002000
    4.44500000    0.00004000
    4.45500000    0.00002000
    4.46500000    0.00000000
    4.47500000    0.00000000
    4.48500000    0.00004000
    4.49500000    0.00004000
    4.50500000    0.00000000
    4.51500000    0.00000000
    4.52500000    0.00000000
    4.53500000    0.00000000
    4.54500000    0.00000000
    4.55500000    0.00000000
    4.56500000    0.00000000
    4.57500000    0.00000000
    4.58500000    0.00000000
    4.59500000    0.00000000
    4.60500000    0.00000000
    4.61500000    0.00000000
    4.62500000    0.00000000
    4.63500000    0.00000000
    4.64500000    0.00000000
    4.65500000    0.00000000
    4.66500000    0.00000000
    4.67500000    0.00000000
    4.68500000    0.00000000
    4.69500000    0.00000000
    4.70500000    0.00000000
    4.71500000    0.00000000
    4.72500000    0.00000000
    4.73500000    0.00000000
    4.74500000    0.00000000
    4.75500000    0.00000000
    4.76500000    0.00000000
    4.77500000    0.00000000
    4.78500000    0.00000000
    4.79500000    0.00000000
    4.80500000    0.00000000
    4.81500000    0.00000000
    4.82500000    0.00000000
    4.83500000    0.00000000
    4.84500000    0.00000000
    4.85500000    0.00000000
    4.86500000    0.00000000
    4.87500000    0.00000000
    4.88500000    0.00000000
    4.89500000    0.00000000
    4.90500000    0.00000000
    4.91500000    0.00000000
    4.92500000    0.00000000
    4.93500000    0.00000000
    4.94500000    0.00000000
    4.95500000    0.00000000
    4.96500000    0.00000000
    4.97500000    0.00000000
    4.98500000    0.00000000
    4.99500000    0.00000000
