   0.00041      56.88616
   0.00124      60.40364
   0.00206      61.25269
   0.00289      56.88616
   0.00371      59.43330
   0.00453      52.15575
   0.00536      59.91847
   0.00618      51.06412
   0.00701      50.82154
   0.00783      48.39569
   0.00866      46.33372
   0.00948      46.57630
   0.01031      39.42005
   0.01113      36.14515
   0.01195      40.51168
   0.01278      35.05352
   0.01360      31.89991
   0.01443      30.44440
   0.01525      29.71665
   0.01608      28.98890
   0.01690      28.62502
   0.01773      26.80563
   0.01855      25.10754
   0.01937      19.89196
   0.02020      17.34482
   0.02102      18.55774
   0.02185      15.88931
   0.02267      16.13190
   0.02350      13.09958
   0.02432      14.43380
   0.02515       9.82469
   0.02597       9.94598
   0.02679       9.21823
   0.02762       9.21823
   0.02844       8.49047
   0.02927       5.70075
   0.03009       6.18591
   0.03092       4.97299
   0.03174       3.88136
   0.03257       3.76007
   0.03339       2.91102
   0.03421       3.03231
   0.03504       1.94068
   0.03586       1.57680
   0.03669       1.69809
   0.03751       1.69809
   0.03834       1.33422
   0.03916       1.45551
   0.03999       0.72775
   0.04081       1.09163
   0.04163       0.60646
   0.04246       1.09163
   0.04328       0.12129
   0.04411       0.48517
   0.04493       0.48517
   0.04576       0.24258
   0.04658       0.48517
   0.04741       0.36388
   0.04823       0.36388
   0.04905       0.36388
   0.04988       0.00000
   0.05070       0.12129
   0.05153       0.24258
   0.05235       0.24258
   0.05318       0.12129
   0.05400       0.00000
   0.05483       0.24258
   0.05565       0.12129
   0.05648       0.12129
   0.05730       0.24258
   0.05812       0.00000
   0.05895       0.00000
   0.05977       0.00000
   0.06060       0.00000
   0.06142       0.00000
   0.06225       0.00000
   0.06307       0.00000
   0.06390       0.00000
   0.06472       0.00000
   0.06554       0.00000
   0.06637       0.00000
   0.06719       0.00000
   0.06802       0.00000
   0.06884       0.00000
   0.06967       0.00000
   0.07049       0.00000
   0.07132       0.00000
   0.07214       0.00000
   0.07296       0.00000
   0.07379       0.00000
   0.07461       0.00000
   0.07544       0.00000
   0.07626       0.00000
   0.07709       0.00000
   0.07791       0.00000
   0.07874       0.00000
   0.07956       0.00000
   0.08038       0.00000
   0.08121       0.00000
   0.08203       0.00000
