   -4.99500000    0.00000000
   -4.98500000    0.00000000
   -4.97500000    0.00000000
   -4.96500000    0.00000000
   -4.95500000    0.00000000
   -4.94500000    0.00000000
   -4.93500000    0.00000000
   -4.92500000    0.00000000
   -4.91500000    0.00000000
   -4.90500000    0.00000000
   -4.89500000    0.00000000
   -4.88500000    0.00000000
   -4.87500000    0.00000000
   -4.86500000    0.00000000
   -4.85500000    0.00000000
   -4.84500000    0.00000000
   -4.83500000    0.00000000
   -4.82500000    0.00000000
   -4.81500000    0.00000000
   -4.80500000    0.00000000
   -4.79500000    0.00000000
   -4.78500000    0.00000000
   -4.77500000    0.00000000
   -4.76500000    0.00000000
   -4.75500000    0.00000000
   -4.74500000    0.00000000
   -4.73500000    0.00000000
   -4.72500000    0.00000000
   -4.71500000    0.00000000
   -4.70500000    0.00000000
   -4.69500000    0.00000000
   -4.68500000    0.00000000
   -4.67500000    0.00000000
   -4.66500000    0.00000000
   -4.65500000    0.00000000
   -4.64500000    0.00000000
   -4.63500000    0.00000000
   -4.62500000    0.00000000
   -4.61500000    0.00000000
   -4.60500000    0.00000000
   -4.59500000    0.00000000
   -4.58500000    0.00000000
   -4.57500000    0.00000000
   -4.56500000    0.00000000
   -4.55500000    0.00000000
   -4.54500000    0.00000000
   -4.53500000    0.00000000
   -4.52500000    0.00000000
   -4.51500000    0.00000000
   -4.50500000    0.00000000
   -4.49500000    0.00000000
   -4.48500000    0.00000000
   -4.47500000    0.00000000
   -4.46500000    0.00000000
   -4.45500000    0.00000000
   -4.44500000    0.00000000
   -4.43500000    0.00000000
   -4.42500000    0.00000000
   -4.41500000    0.00000000
   -4.40500000    0.00000000
   -4.39500000    0.00000000
   -4.38500000    0.00000000
   -4.37500000    0.00000000
   -4.36500000    0.00000000
   -4.35500000    0.00000000
   -4.34500000    0.00000000
   -4.33500000    0.00000000
   -4.32500000    0.00000000
   -4.31500000    0.00000000
   -4.30500000    0.00000000
   -4.29500000    0.00000000
   -4.28500000    0.00000000
   -4.27500000    0.00000000
   -4.26500000    0.00000000
   -4.25500000    0.00000000
   -4.24500000    0.00000000
   -4.23500000    0.00000000
   -4.22500000    0.00000000
   -4.21500000    0.00000000
   -4.20500000    0.00000000
   -4.19500000    0.00000000
   -4.18500000    0.00000000
   -4.17500000    0.00000000
   -4.16500000    0.00000000
   -4.15500000    0.00000000
   -4.14500000    0.00000000
   -4.13500000    0.00000000
   -4.12500000    0.00000000
   -4.11500000    0.00000000
   -4.10500000    0.00000000
   -4.09500000    0.00000000
   -4.08500000    0.00000000
   -4.07500000    0.00000000
   -4.06500000    0.00000000
   -4.05500000    0.00000000
   -4.04500000    0.00000000
   -4.03500000    0.00000000
   -4.02500000    0.00000000
   -4.01500000    0.00000000
   -4.00500000    0.00000000
   -3.99500000    0.00000000
   -3.98500000    0.00000000
   -3.97500000    0.00000000
   -3.96500000    0.00000000
   -3.95500000    0.00000000
   -3.94500000    0.00000000
   -3.93500000    0.00000000
   -3.92500000    0.00000000
   -3.91500000    0.00000000
   -3.90500000    0.00000000
   -3.89500000    0.00000000
   -3.88500000    0.00000000
   -3.87500000    0.00000000
   -3.86500000    0.00000000
   -3.85500000    0.00000000
   -3.84500000    0.00000000
   -3.83500000    0.00000000
   -3.82500000    0.00000000
   -3.81500000    0.00000000
   -3.80500000    0.00000000
   -3.79500000    0.00000000
   -3.78500000    0.00000000
   -3.77500000    0.00000000
   -3.76500000    0.00000000
   -3.75500000    0.00000000
   -3.74500000    0.00000000
   -3.73500000    0.00000000
   -3.72500000    0.00000000
   -3.71500000    0.00000000
   -3.70500000    0.00000000
   -3.69500000    0.00000000
   -3.68500000    0.00000000
   -3.67500000    0.00000000
   -3.66500000    0.00000000
   -3.65500000    0.00000000
   -3.64500000    0.00000000
   -3.63500000    0.00000000
   -3.62500000    0.00000000
   -3.61500000    0.00000000
   -3.60500000    0.00000000
   -3.59500000    0.00000000
   -3.58500000    0.00000000
   -3.57500000    0.00000000
   -3.56500000    0.00000000
   -3.55500000    0.00000000
   -3.54500000    0.00000000
   -3.53500000    0.00000000
   -3.52500000    0.00000000
   -3.51500000    0.00000000
   -3.50500000    0.00000000
   -3.49500000    0.00000000
   -3.48500000    0.00000000
   -3.47500000    0.00000000
   -3.46500000    0.00000000
   -3.45500000    0.00000000
   -3.44500000    0.00000000
   -3.43500000    0.00000000
   -3.42500000    0.00000000
   -3.41500000    0.00000000
   -3.40500000    0.00000000
   -3.39500000    0.00000000
   -3.38500000    0.00000000
   -3.37500000    0.00000000
   -3.36500000    0.00000000
   -3.35500000    0.00000000
   -3.34500000    0.00000000
   -3.33500000    0.00000000
   -3.32500000    0.00000000
   -3.31500000    0.00000000
   -3.30500000    0.00000000
   -3.29500000    0.00000000
   -3.28500000    0.00000000
   -3.27500000    0.00000000
   -3.26500000    0.00000000
   -3.25500000    0.00000000
   -3.24500000    0.00000000
   -3.23500000    0.00000000
   -3.22500000    0.00000000
   -3.21500000    0.00000000
   -3.20500000    0.00000000
   -3.19500000    0.00000000
   -3.18500000    0.00000000
   -3.17500000    0.00000000
   -3.16500000    0.00000000
   -3.15500000    0.00000000
   -3.14500000    0.00000000
   -3.13500000    0.00000000
   -3.12500000    0.00000000
   -3.11500000    0.00000000
   -3.10500000    0.00000000
   -3.09500000    0.00000000
   -3.08500000    0.00000000
   -3.07500000    0.00000000
   -3.06500000    0.00000000
   -3.05500000    0.00000000
   -3.04500000    0.00000000
   -3.03500000    0.00000000
   -3.02500000    0.00000000
   -3.01500000    0.00000000
   -3.00500000    0.00000000
   -2.99500000    0.00000000
   -2.98500000    0.00000000
   -2.97500000    0.00000000
   -2.96500000    0.00000000
   -2.95500000    0.00000000
   -2.94500000    0.00000000
   -2.93500000    0.00000000
   -2.92500000    0.00000000
   -2.91500000    0.00000000
   -2.90500000    0.00000000
   -2.89500000    0.00000000
   -2.88500000    0.00000000
   -2.87500000    0.00000000
   -2.86500000    0.00000000
   -2.85500000    0.00000000
   -2.84500000    0.00000000
   -2.83500000    0.00000000
   -2.82500000    0.00000000
   -2.81500000    0.00000000
   -2.80500000    0.00000000
   -2.79500000    0.00000000
   -2.78500000    0.00000000
   -2.77500000    0.00000000
   -2.76500000    0.00000000
   -2.75500000    0.00000000
   -2.74500000    0.00000000
   -2.73500000    0.00000000
   -2.72500000    0.00000000
   -2.71500000    0.00000000
   -2.70500000    0.00000000
   -2.69500000    0.00000000
   -2.68500000    0.00000000
   -2.67500000    0.00000000
   -2.66500000    0.00000000
   -2.65500000    0.00000000
   -2.64500000    0.00000000
   -2.63500000    0.00000000
   -2.62500000    0.00000000
   -2.61500000    0.00000000
   -2.60500000    0.00000000
   -2.59500000    0.00000000
   -2.58500000    0.00000000
   -2.57500000    0.00000000
   -2.56500000    0.00000000
   -2.55500000    0.00000000
   -2.54500000    0.00000000
   -2.53500000    0.00000000
   -2.52500000    0.00000000
   -2.51500000    0.00000000
   -2.50500000    0.00000000
   -2.49500000    0.00000000
   -2.48500000    0.00000000
   -2.47500000    0.00000000
   -2.46500000    0.00000000
   -2.45500000    0.00000000
   -2.44500000    0.00000000
   -2.43500000    0.00000000
   -2.42500000    0.00000000
   -2.41500000    0.00000000
   -2.40500000    0.00000000
   -2.39500000    0.00000000
   -2.38500000    0.00000000
   -2.37500000    0.00000000
   -2.36500000    0.00000000
   -2.35500000    0.00000000
   -2.34500000    0.00000000
   -2.33500000    0.00000000
   -2.32500000    0.00000000
   -2.31500000    0.00000000
   -2.30500000    0.00000000
   -2.29500000    0.00000000
   -2.28500000    0.00000000
   -2.27500000    0.00000000
   -2.26500000    0.00000000
   -2.25500000    0.00000000
   -2.24500000    0.00000000
   -2.23500000    0.00000000
   -2.22500000    0.00000000
   -2.21500000    0.00000000
   -2.20500000    0.00000000
   -2.19500000    0.00000000
   -2.18500000    0.00000000
   -2.17500000    0.00000000
   -2.16500000    0.00000000
   -2.15500000    0.00000000
   -2.14500000    0.00000000
   -2.13500000    0.00000000
   -2.12500000    0.00000000
   -2.11500000    0.00000000
   -2.10500000    0.00000000
   -2.09500000    0.00000000
   -2.08500000    0.00000000
   -2.07500000    0.00000000
   -2.06500000    0.00000000
   -2.05500000    0.00000000
   -2.04500000    0.00000000
   -2.03500000    0.00000000
   -2.02500000    0.00000000
   -2.01500000    0.00000000
   -2.00500000    0.00000000
   -1.99500000    0.00000000
   -1.98500000    0.00000000
   -1.97500000    0.00000000
   -1.96500000    0.00000000
   -1.95500000    0.00000000
   -1.94500000    0.00000000
   -1.93500000    0.00000000
   -1.92500000    0.00000000
   -1.91500000    0.00000000
   -1.90500000    0.00000000
   -1.89500000    0.00000000
   -1.88500000    0.00000000
   -1.87500000    0.00000000
   -1.86500000    0.00000000
   -1.85500000    0.00000000
   -1.84500000    0.00000000
   -1.83500000    0.00000000
   -1.82500000    0.00000000
   -1.81500000    0.00000000
   -1.80500000    0.00000000
   -1.79500000    0.00000000
   -1.78500000    0.00000000
   -1.77500000    0.00000000
   -1.76500000    0.00000000
   -1.75500000    0.00000000
   -1.74500000    0.00000000
   -1.73500000    0.00000000
   -1.72500000    0.00000000
   -1.71500000    0.00000000
   -1.70500000    0.00000000
   -1.69500000    0.00000000
   -1.68500000    0.00000000
   -1.67500000    0.00000000
   -1.66500000    0.00000000
   -1.65500000    0.00000000
   -1.64500000    0.00000000
   -1.63500000    0.00000000
   -1.62500000    0.00000000
   -1.61500000    0.00000000
   -1.60500000    0.00000000
   -1.59500000    0.00000000
   -1.58500000    0.00000000
   -1.57500000    0.00000000
   -1.56500000    0.00000000
   -1.55500000    0.00000000
   -1.54500000    0.00000001
   -1.53500000    0.00000002
   -1.52500000    0.00000004
   -1.51500000    0.00000009
   -1.50500000    0.00000020
   -1.49500000    0.00000041
   -1.48500000    0.00000086
   -1.47500000    0.00000174
   -1.46500000    0.00000344
   -1.45500000    0.00000666
   -1.44500000    0.00001262
   -1.43500000    0.00002342
   -1.42500000    0.00004258
   -1.41500000    0.00007584
   -1.40500000    0.00013242
   -1.39500000    0.00022668
   -1.38500000    0.00038063
   -1.37500000    0.00062707
   -1.36500000    0.00101396
   -1.35500000    0.00160972
   -1.34500000    0.00250985
   -1.33500000    0.00384464
   -1.32500000    0.00578777
   -1.31500000    0.00856554
   -1.30500000    0.01246590
   -1.29500000    0.01784654
   -1.28500000    0.02514096
   -1.27500000    0.03486111
   -1.26500000    0.04759548
   -1.25500000    0.06400114
   -1.24500000    0.08478879
   -1.23500000    0.11070016
   -1.22500000    0.14247755
   -1.21500000    0.18082610
   -1.20500000    0.22637034
   -1.19500000    0.27960680
   -1.18500000    0.34085590
   -1.17500000    0.41021623
   -1.16500000    0.48752488
   -1.15500000    0.57232747
   -1.14500000    0.66386102
   -1.13500000    0.76105210
   -1.12500000    0.86253172
   -1.11500000    0.96666724
   -1.10500000    1.07161038
   -1.09500000    1.17535889
   -1.08500000    1.27582885
   -1.07500000    1.37093315
   -1.06500000    1.45866195
   -1.05500000    1.53715998
   -1.04500000    1.60479664
   -1.03500000    1.66022485
   -1.02500000    1.70242574
   -1.01500000    1.73073737
   -1.00500000    1.74486649
   -0.99500000    1.74488394
   -0.98500000    1.73120473
   -0.97500000    1.70455511
   -0.96500000    1.66592919
   -0.95500000    1.61653835
   -0.94500000    1.55775634
   -0.93500000    1.49106338
   -0.92500000    1.41799180
   -0.91500000    1.34007562
   -0.90500000    1.25880586
   -0.89500000    1.17559281
   -0.88500000    1.09173595
   -0.87500000    1.00840174
   -0.86500000    0.92660913
   -0.85500000    0.84722205
   -0.84500000    0.77094830
   -0.83500000    0.69834365
   -0.82500000    0.62982023
   -0.81500000    0.56565809
   -0.80500000    0.50601905
   -0.79500000    0.45096166
   -0.78500000    0.40045677
   -0.77500000    0.35440291
   -0.76500000    0.31264092
   -0.75500000    0.27496761
   -0.74500000    0.24114799
   -0.73500000    0.21092610
   -0.72500000    0.18403426
   -0.71500000    0.16020085
   -0.70500000    0.13915659
   -0.69500000    0.12063951
   -0.68500000    0.10439871
   -0.67500000    0.09019707
   -0.66500000    0.07781302
   -0.65500000    0.06704163
   -0.64500000    0.05769499
   -0.63500000    0.04960216
   -0.62500000    0.04260874
   -0.61500000    0.03657617
   -0.60500000    0.03138077
   -0.59500000    0.02691278
   -0.58500000    0.02307521
   -0.57500000    0.01978273
   -0.56500000    0.01696059
   -0.55500000    0.01454350
   -0.54500000    0.01247467
   -0.53500000    0.01070478
   -0.52500000    0.00919120
   -0.51500000    0.00789710
   -0.50500000    0.00679075
   -0.49500000    0.00584488
   -0.48500000    0.00503609
   -0.47500000    0.00434433
   -0.46500000    0.00375244
   -0.45500000    0.00324574
   -0.44500000    0.00281173
   -0.43500000    0.00243971
   -0.42500000    0.00212057
   -0.41500000    0.00184656
   -0.40500000    0.00161107
   -0.39500000    0.00140846
   -0.38500000    0.00123396
   -0.37500000    0.00108349
   -0.36500000    0.00095356
   -0.35500000    0.00084123
   -0.34500000    0.00074399
   -0.33500000    0.00065968
   -0.32500000    0.00058647
   -0.31500000    0.00052282
   -0.30500000    0.00046739
   -0.29500000    0.00041904
   -0.28500000    0.00037680
   -0.27500000    0.00033985
   -0.26500000    0.00030747
   -0.25500000    0.00027906
   -0.24500000    0.00025408
   -0.23500000    0.00023211
   -0.22500000    0.00021274
   -0.21500000    0.00019565
   -0.20500000    0.00018055
   -0.19500000    0.00016721
   -0.18500000    0.00015540
   -0.17500000    0.00014494
   -0.16500000    0.00013568
   -0.15500000    0.00012748
   -0.14500000    0.00012021
   -0.13500000    0.00011379
   -0.12500000    0.00010812
   -0.11500000    0.00010313
   -0.10500000    0.00009874
   -0.09500000    0.00009491
   -0.08500000    0.00009158
   -0.07500000    0.00008871
   -0.06500000    0.00008627
   -0.05500000    0.00008423
   -0.04500000    0.00008257
   -0.03500000    0.00008126
   -0.02500000    0.00008029
   -0.01500000    0.00007965
   -0.00500000    0.00007934
    0.00500000    0.00007934
    0.01500000    0.00007965
    0.02500000    0.00008029
    0.03500000    0.00008126
    0.04500000    0.00008257
    0.05500000    0.00008423
    0.06500000    0.00008627
    0.07500000    0.00008871
    0.08500000    0.00009158
    0.09500000    0.00009491
    0.10500000    0.00009874
    0.11500000    0.00010313
    0.12500000    0.00010812
    0.13500000    0.00011379
    0.14500000    0.00012021
    0.15500000    0.00012748
    0.16500000    0.00013568
    0.17500000    0.00014494
    0.18500000    0.00015540
    0.19500000    0.00016721
    0.20500000    0.00018055
    0.21500000    0.00019565
    0.22500000    0.00021274
    0.23500000    0.00023211
    0.24500000    0.00025408
    0.25500000    0.00027906
    0.26500000    0.00030747
    0.27500000    0.00033985
    0.28500000    0.00037680
    0.29500000    0.00041904
    0.30500000    0.00046739
    0.31500000    0.00052282
    0.32500000    0.00058647
    0.33500000    0.00065968
    0.34500000    0.00074399
    0.35500000    0.00084123
    0.36500000    0.00095356
    0.37500000    0.00108349
    0.38500000    0.00123396
    0.39500000    0.00140846
    0.40500000    0.00161107
    0.41500000    0.00184656
    0.42500000    0.00212057
    0.43500000    0.00243971
    0.44500000    0.00281173
    0.45500000    0.00324574
    0.46500000    0.00375244
    0.47500000    0.00434433
    0.48500000    0.00503609
    0.49500000    0.00584488
    0.50500000    0.00679075
    0.51500000    0.00789710
    0.52500000    0.00919120
    0.53500000    0.01070478
    0.54500000    0.01247467
    0.55500000    0.01454350
    0.56500000    0.01696059
    0.57500000    0.01978273
    0.58500000    0.02307521
    0.59500000    0.02691278
    0.60500000    0.03138077
    0.61500000    0.03657617
    0.62500000    0.04260874
    0.63500000    0.04960216
    0.64500000    0.05769499
    0.65500000    0.06704163
    0.66500000    0.07781302
    0.67500000    0.09019707
    0.68500000    0.10439871
    0.69500000    0.12063951
    0.70500000    0.13915659
    0.71500000    0.16020085
    0.72500000    0.18403426
    0.73500000    0.21092610
    0.74500000    0.24114799
    0.75500000    0.27496761
    0.76500000    0.31264092
    0.77500000    0.35440291
    0.78500000    0.40045677
    0.79500000    0.45096166
    0.80500000    0.50601905
    0.81500000    0.56565809
    0.82500000    0.62982023
    0.83500000    0.69834365
    0.84500000    0.77094830
    0.85500000    0.84722205
    0.86500000    0.92660913
    0.87500000    1.00840174
    0.88500000    1.09173595
    0.89500000    1.17559281
    0.90500000    1.25880586
    0.91500000    1.34007562
    0.92500000    1.41799180
    0.93500000    1.49106338
    0.94500000    1.55775634
    0.95500000    1.61653835
    0.96500000    1.66592919
    0.97500000    1.70455511
    0.98500000    1.73120473
    0.99500000    1.74488394
    1.00500000    1.74486649
    1.01500000    1.73073737
    1.02500000    1.70242574
    1.03500000    1.66022485
    1.04500000    1.60479664
    1.05500000    1.53715998
    1.06500000    1.45866195
    1.07500000    1.37093315
    1.08500000    1.27582885
    1.09500000    1.17535889
    1.10500000    1.07161038
    1.11500000    0.96666724
    1.12500000    0.86253172
    1.13500000    0.76105210
    1.14500000    0.66386102
    1.15500000    0.57232747
    1.16500000    0.48752488
    1.17500000    0.41021623
    1.18500000    0.34085590
    1.19500000    0.27960680
    1.20500000    0.22637034
    1.21500000    0.18082610
    1.22500000    0.14247755
    1.23500000    0.11070016
    1.24500000    0.08478879
    1.25500000    0.06400114
    1.26500000    0.04759548
    1.27500000    0.03486111
    1.28500000    0.02514096
    1.29500000    0.01784654
    1.30500000    0.01246590
    1.31500000    0.00856554
    1.32500000    0.00578777
    1.33500000    0.00384464
    1.34500000    0.00250985
    1.35500000    0.00160972
    1.36500000    0.00101396
    1.37500000    0.00062707
    1.38500000    0.00038063
    1.39500000    0.00022668
    1.40500000    0.00013242
    1.41500000    0.00007584
    1.42500000    0.00004258
    1.43500000    0.00002342
    1.44500000    0.00001262
    1.45500000    0.00000666
    1.46500000    0.00000344
    1.47500000    0.00000174
    1.48500000    0.00000086
    1.49500000    0.00000041
    1.50500000    0.00000020
    1.51500000    0.00000009
    1.52500000    0.00000004
    1.53500000    0.00000002
    1.54500000    0.00000001
    1.55500000    0.00000000
    1.56500000    0.00000000
    1.57500000    0.00000000
    1.58500000    0.00000000
    1.59500000    0.00000000
    1.60500000    0.00000000
    1.61500000    0.00000000
    1.62500000    0.00000000
    1.63500000    0.00000000
    1.64500000    0.00000000
    1.65500000    0.00000000
    1.66500000    0.00000000
    1.67500000    0.00000000
    1.68500000    0.00000000
    1.69500000    0.00000000
    1.70500000    0.00000000
    1.71500000    0.00000000
    1.72500000    0.00000000
    1.73500000    0.00000000
    1.74500000    0.00000000
    1.75500000    0.00000000
    1.76500000    0.00000000
    1.77500000    0.00000000
    1.78500000    0.00000000
    1.79500000    0.00000000
    1.80500000    0.00000000
    1.81500000    0.00000000
    1.82500000    0.00000000
    1.83500000    0.00000000
    1.84500000    0.00000000
    1.85500000    0.00000000
    1.86500000    0.00000000
    1.87500000    0.00000000
    1.88500000    0.00000000
    1.89500000    0.00000000
    1.90500000    0.00000000
    1.91500000    0.00000000
    1.92500000    0.00000000
    1.93500000    0.00000000
    1.94500000    0.00000000
    1.95500000    0.00000000
    1.96500000    0.00000000
    1.97500000    0.00000000
    1.98500000    0.00000000
    1.99500000    0.00000000
    2.00500000    0.00000000
    2.01500000    0.00000000
    2.02500000    0.00000000
    2.03500000    0.00000000
    2.04500000    0.00000000
    2.05500000    0.00000000
    2.06500000    0.00000000
    2.07500000    0.00000000
    2.08500000    0.00000000
    2.09500000    0.00000000
    2.10500000    0.00000000
    2.11500000    0.00000000
    2.12500000    0.00000000
    2.13500000    0.00000000
    2.14500000    0.00000000
    2.15500000    0.00000000
    2.16500000    0.00000000
    2.17500000    0.00000000
    2.18500000    0.00000000
    2.19500000    0.00000000
    2.20500000    0.00000000
    2.21500000    0.00000000
    2.22500000    0.00000000
    2.23500000    0.00000000
    2.24500000    0.00000000
    2.25500000    0.00000000
    2.26500000    0.00000000
    2.27500000    0.00000000
    2.28500000    0.00000000
    2.29500000    0.00000000
    2.30500000    0.00000000
    2.31500000    0.00000000
    2.32500000    0.00000000
    2.33500000    0.00000000
    2.34500000    0.00000000
    2.35500000    0.00000000
    2.36500000    0.00000000
    2.37500000    0.00000000
    2.38500000    0.00000000
    2.39500000    0.00000000
    2.40500000    0.00000000
    2.41500000    0.00000000
    2.42500000    0.00000000
    2.43500000    0.00000000
    2.44500000    0.00000000
    2.45500000    0.00000000
    2.46500000    0.00000000
    2.47500000    0.00000000
    2.48500000    0.00000000
    2.49500000    0.00000000
    2.50500000    0.00000000
    2.51500000    0.00000000
    2.52500000    0.00000000
    2.53500000    0.00000000
    2.54500000    0.00000000
    2.55500000    0.00000000
    2.56500000    0.00000000
    2.57500000    0.00000000
    2.58500000    0.00000000
    2.59500000    0.00000000
    2.60500000    0.00000000
    2.61500000    0.00000000
    2.62500000    0.00000000
    2.63500000    0.00000000
    2.64500000    0.00000000
    2.65500000    0.00000000
    2.66500000    0.00000000
    2.67500000    0.00000000
    2.68500000    0.00000000
    2.69500000    0.00000000
    2.70500000    0.00000000
    2.71500000    0.00000000
    2.72500000    0.00000000
    2.73500000    0.00000000
    2.74500000    0.00000000
    2.75500000    0.00000000
    2.76500000    0.00000000
    2.77500000    0.00000000
    2.78500000    0.00000000
    2.79500000    0.00000000
    2.80500000    0.00000000
    2.81500000    0.00000000
    2.82500000    0.00000000
    2.83500000    0.00000000
    2.84500000    0.00000000
    2.85500000    0.00000000
    2.86500000    0.00000000
    2.87500000    0.00000000
    2.88500000    0.00000000
    2.89500000    0.00000000
    2.90500000    0.00000000
    2.91500000    0.00000000
    2.92500000    0.00000000
    2.93500000    0.00000000
    2.94500000    0.00000000
    2.95500000    0.00000000
    2.96500000    0.00000000
    2.97500000    0.00000000
    2.98500000    0.00000000
    2.99500000    0.00000000
    3.00500000    0.00000000
    3.01500000    0.00000000
    3.02500000    0.00000000
    3.03500000    0.00000000
    3.04500000    0.00000000
    3.05500000    0.00000000
    3.06500000    0.00000000
    3.07500000    0.00000000
    3.08500000    0.00000000
    3.09500000    0.00000000
    3.10500000    0.00000000
    3.11500000    0.00000000
    3.12500000    0.00000000
    3.13500000    0.00000000
    3.14500000    0.00000000
    3.15500000    0.00000000
    3.16500000    0.00000000
    3.17500000    0.00000000
    3.18500000    0.00000000
    3.19500000    0.00000000
    3.20500000    0.00000000
    3.21500000    0.00000000
    3.22500000    0.00000000
    3.23500000    0.00000000
    3.24500000    0.00000000
    3.25500000    0.00000000
    3.26500000    0.00000000
    3.27500000    0.00000000
    3.28500000    0.00000000
    3.29500000    0.00000000
    3.30500000    0.00000000
    3.31500000    0.00000000
    3.32500000    0.00000000
    3.33500000    0.00000000
    3.34500000    0.00000000
    3.35500000    0.00000000
    3.36500000    0.00000000
    3.37500000    0.00000000
    3.38500000    0.00000000
    3.39500000    0.00000000
    3.40500000    0.00000000
    3.41500000    0.00000000
    3.42500000    0.00000000
    3.43500000    0.00000000
    3.44500000    0.00000000
    3.45500000    0.00000000
    3.46500000    0.00000000
    3.47500000    0.00000000
    3.48500000    0.00000000
    3.49500000    0.00000000
    3.50500000    0.00000000
    3.51500000    0.00000000
    3.52500000    0.00000000
    3.53500000    0.00000000
    3.54500000    0.00000000
    3.55500000    0.00000000
    3.56500000    0.00000000
    3.57500000    0.00000000
    3.58500000    0.00000000
    3.59500000    0.00000000
    3.60500000    0.00000000
    3.61500000    0.00000000
    3.62500000    0.00000000
    3.63500000    0.00000000
    3.64500000    0.00000000
    3.65500000    0.00000000
    3.66500000    0.00000000
    3.67500000    0.00000000
    3.68500000    0.00000000
    3.69500000    0.00000000
    3.70500000    0.00000000
    3.71500000    0.00000000
    3.72500000    0.00000000
    3.73500000    0.00000000
    3.74500000    0.00000000
    3.75500000    0.00000000
    3.76500000    0.00000000
    3.77500000    0.00000000
    3.78500000    0.00000000
    3.79500000    0.00000000
    3.80500000    0.00000000
    3.81500000    0.00000000
    3.82500000    0.00000000
    3.83500000    0.00000000
    3.84500000    0.00000000
    3.85500000    0.00000000
    3.86500000    0.00000000
    3.87500000    0.00000000
    3.88500000    0.00000000
    3.89500000    0.00000000
    3.90500000    0.00000000
    3.91500000    0.00000000
    3.92500000    0.00000000
    3.93500000    0.00000000
    3.94500000    0.00000000
    3.95500000    0.00000000
    3.96500000    0.00000000
    3.97500000    0.00000000
    3.98500000    0.00000000
    3.99500000    0.00000000
    4.00500000    0.00000000
    4.01500000    0.00000000
    4.02500000    0.00000000
    4.03500000    0.00000000
    4.04500000    0.00000000
    4.05500000    0.00000000
    4.06500000    0.00000000
    4.07500000    0.00000000
    4.08500000    0.00000000
    4.09500000    0.00000000
    4.10500000    0.00000000
    4.11500000    0.00000000
    4.12500000    0.00000000
    4.13500000    0.00000000
    4.14500000    0.00000000
    4.15500000    0.00000000
    4.16500000    0.00000000
    4.17500000    0.00000000
    4.18500000    0.00000000
    4.19500000    0.00000000
    4.20500000    0.00000000
    4.21500000    0.00000000
    4.22500000    0.00000000
    4.23500000    0.00000000
    4.24500000    0.00000000
    4.25500000    0.00000000
    4.26500000    0.00000000
    4.27500000    0.00000000
    4.28500000    0.00000000
    4.29500000    0.00000000
    4.30500000    0.00000000
    4.31500000    0.00000000
    4.32500000    0.00000000
    4.33500000    0.00000000
    4.34500000    0.00000000
    4.35500000    0.00000000
    4.36500000    0.00000000
    4.37500000    0.00000000
    4.38500000    0.00000000
    4.39500000    0.00000000
    4.40500000    0.00000000
    4.41500000    0.00000000
    4.42500000    0.00000000
    4.43500000    0.00000000
    4.44500000    0.00000000
    4.45500000    0.00000000
    4.46500000    0.00000000
    4.47500000    0.00000000
    4.48500000    0.00000000
    4.49500000    0.00000000
    4.50500000    0.00000000
    4.51500000    0.00000000
    4.52500000    0.00000000
    4.53500000    0.00000000
    4.54500000    0.00000000
    4.55500000    0.00000000
    4.56500000    0.00000000
    4.57500000    0.00000000
    4.58500000    0.00000000
    4.59500000    0.00000000
    4.60500000    0.00000000
    4.61500000    0.00000000
    4.62500000    0.00000000
    4.63500000    0.00000000
    4.64500000    0.00000000
    4.65500000    0.00000000
    4.66500000    0.00000000
    4.67500000    0.00000000
    4.68500000    0.00000000
    4.69500000    0.00000000
    4.70500000    0.00000000
    4.71500000    0.00000000
    4.72500000    0.00000000
    4.73500000    0.00000000
    4.74500000    0.00000000
    4.75500000    0.00000000
    4.76500000    0.00000000
    4.77500000    0.00000000
    4.78500000    0.00000000
    4.79500000    0.00000000
    4.80500000    0.00000000
    4.81500000    0.00000000
    4.82500000    0.00000000
    4.83500000    0.00000000
    4.84500000    0.00000000
    4.85500000    0.00000000
    4.86500000    0.00000000
    4.87500000    0.00000000
    4.88500000    0.00000000
    4.89500000    0.00000000
    4.90500000    0.00000000
    4.91500000    0.00000000
    4.92500000    0.00000000
    4.93500000    0.00000000
    4.94500000    0.00000000
    4.95500000    0.00000000
    4.96500000    0.00000000
    4.97500000    0.00000000
    4.98500000    0.00000000
    4.99500000    0.00000000
