   -4.99500000    0.00000000
   -4.98500000    0.00000000
   -4.97500000    0.00000000
   -4.96500000    0.00000000
   -4.95500000    0.00000000
   -4.94500000    0.00000000
   -4.93500000    0.00000000
   -4.92500000    0.00000000
   -4.91500000    0.00000000
   -4.90500000    0.00000000
   -4.89500000    0.00000000
   -4.88500000    0.00000000
   -4.87500000    0.00000000
   -4.86500000    0.00000000
   -4.85500000    0.00000000
   -4.84500000    0.00000000
   -4.83500000    0.00000000
   -4.82500000    0.00000000
   -4.81500000    0.00000000
   -4.80500000    0.00000000
   -4.79500000    0.00000000
   -4.78500000    0.00000000
   -4.77500000    0.00000000
   -4.76500000    0.00000000
   -4.75500000    0.00000000
   -4.74500000    0.00000000
   -4.73500000    0.00000000
   -4.72500000    0.00000000
   -4.71500000    0.00000000
   -4.70500000    0.00000000
   -4.69500000    0.00000000
   -4.68500000    0.00000000
   -4.67500000    0.00000000
   -4.66500000    0.00000000
   -4.65500000    0.00000000
   -4.64500000    0.00000000
   -4.63500000    0.00000000
   -4.62500000    0.00000000
   -4.61500000    0.00000000
   -4.60500000    0.00000000
   -4.59500000    0.00000000
   -4.58500000    0.00000000
   -4.57500000    0.00000000
   -4.56500000    0.00000000
   -4.55500000    0.00000000
   -4.54500000    0.00000000
   -4.53500000    0.00000000
   -4.52500000    0.00000000
   -4.51500000    0.00000000
   -4.50500000    0.00000000
   -4.49500000    0.00000000
   -4.48500000    0.00000000
   -4.47500000    0.00000000
   -4.46500000    0.00000000
   -4.45500000    0.00000000
   -4.44500000    0.00000000
   -4.43500000    0.00000000
   -4.42500000    0.00000000
   -4.41500000    0.00000000
   -4.40500000    0.00000000
   -4.39500000    0.00000000
   -4.38500000    0.00000000
   -4.37500000    0.00000000
   -4.36500000    0.00000000
   -4.35500000    0.00000000
   -4.34500000    0.00000000
   -4.33500000    0.00000000
   -4.32500000    0.00000000
   -4.31500000    0.00000000
   -4.30500000    0.00000000
   -4.29500000    0.00000000
   -4.28500000    0.00000000
   -4.27500000    0.00000000
   -4.26500000    0.00000000
   -4.25500000    0.00000000
   -4.24500000    0.00000000
   -4.23500000    0.00000000
   -4.22500000    0.00000000
   -4.21500000    0.00000000
   -4.20500000    0.00000000
   -4.19500000    0.00000000
   -4.18500000    0.00000000
   -4.17500000    0.00000000
   -4.16500000    0.00000000
   -4.15500000    0.00000000
   -4.14500000    0.00000000
   -4.13500000    0.00000000
   -4.12500000    0.00000000
   -4.11500000    0.00000000
   -4.10500000    0.00000000
   -4.09500000    0.00000000
   -4.08500000    0.00000000
   -4.07500000    0.00000000
   -4.06500000    0.00000000
   -4.05500000    0.00000000
   -4.04500000    0.00000000
   -4.03500000    0.00000000
   -4.02500000    0.00000000
   -4.01500000    0.00000000
   -4.00500000    0.00000000
   -3.99500000    0.00000000
   -3.98500000    0.00000000
   -3.97500000    0.00000000
   -3.96500000    0.00000000
   -3.95500000    0.00000000
   -3.94500000    0.00000000
   -3.93500000    0.00000000
   -3.92500000    0.00000000
   -3.91500000    0.00000000
   -3.90500000    0.00000000
   -3.89500000    0.00000000
   -3.88500000    0.00000000
   -3.87500000    0.00000000
   -3.86500000    0.00000000
   -3.85500000    0.00000000
   -3.84500000    0.00000000
   -3.83500000    0.00000000
   -3.82500000    0.00000000
   -3.81500000    0.00000000
   -3.80500000    0.00000000
   -3.79500000    0.00000000
   -3.78500000    0.00000000
   -3.77500000    0.00000000
   -3.76500000    0.00000000
   -3.75500000    0.00000000
   -3.74500000    0.00000000
   -3.73500000    0.00000000
   -3.72500000    0.00000000
   -3.71500000    0.00000000
   -3.70500000    0.00000000
   -3.69500000    0.00000000
   -3.68500000    0.00000000
   -3.67500000    0.00000000
   -3.66500000    0.00000000
   -3.65500000    0.00000000
   -3.64500000    0.00000000
   -3.63500000    0.00000000
   -3.62500000    0.00000000
   -3.61500000    0.00000000
   -3.60500000    0.00000000
   -3.59500000    0.00000000
   -3.58500000    0.00000000
   -3.57500000    0.00000000
   -3.56500000    0.00000000
   -3.55500000    0.00000000
   -3.54500000    0.00000000
   -3.53500000    0.00000000
   -3.52500000    0.00000000
   -3.51500000    0.00000000
   -3.50500000    0.00000000
   -3.49500000    0.00000000
   -3.48500000    0.00000000
   -3.47500000    0.00000000
   -3.46500000    0.00000000
   -3.45500000    0.00000000
   -3.44500000    0.00000000
   -3.43500000    0.00000000
   -3.42500000    0.00000000
   -3.41500000    0.00000000
   -3.40500000    0.00000000
   -3.39500000    0.00000000
   -3.38500000    0.00000000
   -3.37500000    0.00000000
   -3.36500000    0.00000000
   -3.35500000    0.00000000
   -3.34500000    0.00000000
   -3.33500000    0.00000000
   -3.32500000    0.00000000
   -3.31500000    0.00000000
   -3.30500000    0.00000000
   -3.29500000    0.00000000
   -3.28500000    0.00000000
   -3.27500000    0.00000000
   -3.26500000    0.00000000
   -3.25500000    0.00000000
   -3.24500000    0.00000000
   -3.23500000    0.00000000
   -3.22500000    0.00000000
   -3.21500000    0.00000000
   -3.20500000    0.00000000
   -3.19500000    0.00000000
   -3.18500000    0.00000000
   -3.17500000    0.00000000
   -3.16500000    0.00000000
   -3.15500000    0.00000000
   -3.14500000    0.00000000
   -3.13500000    0.00000000
   -3.12500000    0.00000000
   -3.11500000    0.00000000
   -3.10500000    0.00000000
   -3.09500000    0.00000000
   -3.08500000    0.00000000
   -3.07500000    0.00000000
   -3.06500000    0.00000000
   -3.05500000    0.00000000
   -3.04500000    0.00000000
   -3.03500000    0.00000000
   -3.02500000    0.00000000
   -3.01500000    0.00000000
   -3.00500000    0.00000000
   -2.99500000    0.00000000
   -2.98500000    0.00000000
   -2.97500000    0.00000000
   -2.96500000    0.00000000
   -2.95500000    0.00000000
   -2.94500000    0.00000000
   -2.93500000    0.00000000
   -2.92500000    0.00000000
   -2.91500000    0.00000000
   -2.90500000    0.00000000
   -2.89500000    0.00000000
   -2.88500000    0.00000000
   -2.87500000    0.00000000
   -2.86500000    0.00000000
   -2.85500000    0.00000000
   -2.84500000    0.00000000
   -2.83500000    0.00000000
   -2.82500000    0.00000000
   -2.81500000    0.00000000
   -2.80500000    0.00000000
   -2.79500000    0.00000000
   -2.78500000    0.00000000
   -2.77500000    0.00000000
   -2.76500000    0.00000000
   -2.75500000    0.00000000
   -2.74500000    0.00000000
   -2.73500000    0.00000000
   -2.72500000    0.00000000
   -2.71500000    0.00000000
   -2.70500000    0.00000000
   -2.69500000    0.00000000
   -2.68500000    0.00000000
   -2.67500000    0.00000000
   -2.66500000    0.00000000
   -2.65500000    0.00000000
   -2.64500000    0.00000000
   -2.63500000    0.00000000
   -2.62500000    0.00000000
   -2.61500000    0.00000000
   -2.60500000    0.00000000
   -2.59500000    0.00000000
   -2.58500000    0.00000000
   -2.57500000    0.00000000
   -2.56500000    0.00000000
   -2.55500000    0.00000000
   -2.54500000    0.00000000
   -2.53500000    0.00000000
   -2.52500000    0.00000000
   -2.51500000    0.00000000
   -2.50500000    0.00000000
   -2.49500000    0.00000000
   -2.48500000    0.00000000
   -2.47500000    0.00000000
   -2.46500000    0.00000000
   -2.45500000    0.00000000
   -2.44500000    0.00000000
   -2.43500000    0.00000000
   -2.42500000    0.00000000
   -2.41500000    0.00000000
   -2.40500000    0.00000000
   -2.39500000    0.00000000
   -2.38500000    0.00000000
   -2.37500000    0.00000000
   -2.36500000    0.00000000
   -2.35500000    0.00000000
   -2.34500000    0.00000000
   -2.33500000    0.00000000
   -2.32500000    0.00000000
   -2.31500000    0.00000000
   -2.30500000    0.00000000
   -2.29500000    0.00000001
   -2.28500000    0.00000001
   -2.27500000    0.00000001
   -2.26500000    0.00000002
   -2.25500000    0.00000003
   -2.24500000    0.00000004
   -2.23500000    0.00000006
   -2.22500000    0.00000008
   -2.21500000    0.00000012
   -2.20500000    0.00000017
   -2.19500000    0.00000024
   -2.18500000    0.00000033
   -2.17500000    0.00000046
   -2.16500000    0.00000063
   -2.15500000    0.00000087
   -2.14500000    0.00000118
   -2.13500000    0.00000161
   -2.12500000    0.00000217
   -2.11500000    0.00000292
   -2.10500000    0.00000391
   -2.09500000    0.00000521
   -2.08500000    0.00000690
   -2.07500000    0.00000910
   -2.06500000    0.00001195
   -2.05500000    0.00001561
   -2.04500000    0.00002029
   -2.03500000    0.00002627
   -2.02500000    0.00003384
   -2.01500000    0.00004341
   -2.00500000    0.00005543
   -1.99500000    0.00007046
   -1.98500000    0.00008918
   -1.97500000    0.00011239
   -1.96500000    0.00014103
   -1.95500000    0.00017622
   -1.94500000    0.00021928
   -1.93500000    0.00027173
   -1.92500000    0.00033535
   -1.91500000    0.00041219
   -1.90500000    0.00050462
   -1.89500000    0.00061534
   -1.88500000    0.00074742
   -1.87500000    0.00090435
   -1.86500000    0.00109006
   -1.85500000    0.00130895
   -1.84500000    0.00156595
   -1.83500000    0.00186652
   -1.82500000    0.00221669
   -1.81500000    0.00262311
   -1.80500000    0.00309303
   -1.79500000    0.00363436
   -1.78500000    0.00425566
   -1.77500000    0.00496613
   -1.76500000    0.00577566
   -1.75500000    0.00669476
   -1.74500000    0.00773458
   -1.73500000    0.00890688
   -1.72500000    0.01022397
   -1.71500000    0.01169866
   -1.70500000    0.01334424
   -1.69500000    0.01517435
   -1.68500000    0.01720294
   -1.67500000    0.01944417
   -1.66500000    0.02191229
   -1.65500000    0.02462153
   -1.64500000    0.02758598
   -1.63500000    0.03081949
   -1.62500000    0.03433546
   -1.61500000    0.03814678
   -1.60500000    0.04226563
   -1.59500000    0.04670335
   -1.58500000    0.05147028
   -1.57500000    0.05657565
   -1.56500000    0.06202738
   -1.55500000    0.06783201
   -1.54500000    0.07399449
   -1.53500000    0.08051816
   -1.52500000    0.08740455
   -1.51500000    0.09465335
   -1.50500000    0.10226227
   -1.49500000    0.11022705
   -1.48500000    0.11854134
   -1.47500000    0.12719672
   -1.46500000    0.13618269
   -1.45500000    0.14548663
   -1.44500000    0.15509388
   -1.43500000    0.16498778
   -1.42500000    0.17514972
   -1.41500000    0.18555922
   -1.40500000    0.19619407
   -1.39500000    0.20703042
   -1.38500000    0.21804291
   -1.37500000    0.22920485
   -1.36500000    0.24048835
   -1.35500000    0.25186450
   -1.34500000    0.26330356
   -1.33500000    0.27477514
   -1.32500000    0.28624838
   -1.31500000    0.29769216
   -1.30500000    0.30907528
   -1.29500000    0.32036667
   -1.28500000    0.33153555
   -1.27500000    0.34255163
   -1.26500000    0.35338531
   -1.25500000    0.36400780
   -1.24500000    0.37439131
   -1.23500000    0.38450921
   -1.22500000    0.39433612
   -1.21500000    0.40384809
   -1.20500000    0.41302265
   -1.19500000    0.42183896
   -1.18500000    0.43027786
   -1.17500000    0.43832193
   -1.16500000    0.44595557
   -1.15500000    0.45316502
   -1.14500000    0.45993836
   -1.13500000    0.46626558
   -1.12500000    0.47213851
   -1.11500000    0.47755084
   -1.10500000    0.48249810
   -1.09500000    0.48697758
   -1.08500000    0.49098832
   -1.07500000    0.49453103
   -1.06500000    0.49760803
   -1.05500000    0.50022319
   -1.04500000    0.50238182
   -1.03500000    0.50409061
   -1.02500000    0.50535752
   -1.01500000    0.50619172
   -1.00500000    0.50660344
   -0.99500000    0.50660395
   -0.98500000    0.50620538
   -0.97500000    0.50542070
   -0.96500000    0.50426354
   -0.95500000    0.50274819
   -0.94500000    0.50088943
   -0.93500000    0.49870248
   -0.92500000    0.49620289
   -0.91500000    0.49340648
   -0.90500000    0.49032924
   -0.89500000    0.48698727
   -0.88500000    0.48339670
   -0.87500000    0.47957361
   -0.86500000    0.47553400
   -0.85500000    0.47129371
   -0.84500000    0.46686836
   -0.83500000    0.46227333
   -0.82500000    0.45752368
   -0.81500000    0.45263415
   -0.80500000    0.44761909
   -0.79500000    0.44249246
   -0.78500000    0.43726778
   -0.77500000    0.43195812
   -0.76500000    0.42657608
   -0.75500000    0.42113377
   -0.74500000    0.41564282
   -0.73500000    0.41011433
   -0.72500000    0.40455892
   -0.71500000    0.39898668
   -0.70500000    0.39340719
   -0.69500000    0.38782953
   -0.68500000    0.38226227
   -0.67500000    0.37671348
   -0.66500000    0.37119075
   -0.65500000    0.36570119
   -0.64500000    0.36025144
   -0.63500000    0.35484768
   -0.62500000    0.34949566
   -0.61500000    0.34420069
   -0.60500000    0.33896767
   -0.59500000    0.33380111
   -0.58500000    0.32870513
   -0.57500000    0.32368349
   -0.56500000    0.31873959
   -0.55500000    0.31387651
   -0.54500000    0.30909701
   -0.53500000    0.30440355
   -0.52500000    0.29979829
   -0.51500000    0.29528315
   -0.50500000    0.29085978
   -0.49500000    0.28652958
   -0.48500000    0.28229376
   -0.47500000    0.27815330
   -0.46500000    0.27410899
   -0.45500000    0.27016143
   -0.44500000    0.26631109
   -0.43500000    0.26255824
   -0.42500000    0.25890304
   -0.41500000    0.25534551
   -0.40500000    0.25188555
   -0.39500000    0.24852296
   -0.38500000    0.24525743
   -0.37500000    0.24208857
   -0.36500000    0.23901591
   -0.35500000    0.23603893
   -0.34500000    0.23315701
   -0.33500000    0.23036951
   -0.32500000    0.22767573
   -0.31500000    0.22507494
   -0.30500000    0.22256638
   -0.29500000    0.22014924
   -0.28500000    0.21782272
   -0.27500000    0.21558600
   -0.26500000    0.21343823
   -0.25500000    0.21137859
   -0.24500000    0.20940623
   -0.23500000    0.20752031
   -0.22500000    0.20572003
   -0.21500000    0.20400455
   -0.20500000    0.20237308
   -0.19500000    0.20082485
   -0.18500000    0.19935909
   -0.17500000    0.19797508
   -0.16500000    0.19667209
   -0.15500000    0.19544946
   -0.14500000    0.19430653
   -0.13500000    0.19324269
   -0.12500000    0.19225736
   -0.11500000    0.19134999
   -0.10500000    0.19052006
   -0.09500000    0.18976711
   -0.08500000    0.18909071
   -0.07500000    0.18849046
   -0.06500000    0.18796602
   -0.05500000    0.18751707
   -0.04500000    0.18714336
   -0.03500000    0.18684465
   -0.02500000    0.18662078
   -0.01500000    0.18647161
   -0.00500000    0.18639704
    0.00500000    0.18639704
    0.01500000    0.18647161
    0.02500000    0.18662078
    0.03500000    0.18684465
    0.04500000    0.18714336
    0.05500000    0.18751707
    0.06500000    0.18796602
    0.07500000    0.18849046
    0.08500000    0.18909071
    0.09500000    0.18976711
    0.10500000    0.19052006
    0.11500000    0.19134999
    0.12500000    0.19225736
    0.13500000    0.19324269
    0.14500000    0.19430653
    0.15500000    0.19544946
    0.16500000    0.19667209
    0.17500000    0.19797508
    0.18500000    0.19935909
    0.19500000    0.20082485
    0.20500000    0.20237308
    0.21500000    0.20400455
    0.22500000    0.20572003
    0.23500000    0.20752031
    0.24500000    0.20940623
    0.25500000    0.21137859
    0.26500000    0.21343823
    0.27500000    0.21558600
    0.28500000    0.21782272
    0.29500000    0.22014924
    0.30500000    0.22256638
    0.31500000    0.22507494
    0.32500000    0.22767573
    0.33500000    0.23036951
    0.34500000    0.23315701
    0.35500000    0.23603893
    0.36500000    0.23901591
    0.37500000    0.24208857
    0.38500000    0.24525743
    0.39500000    0.24852296
    0.40500000    0.25188555
    0.41500000    0.25534551
    0.42500000    0.25890304
    0.43500000    0.26255824
    0.44500000    0.26631109
    0.45500000    0.27016143
    0.46500000    0.27410899
    0.47500000    0.27815330
    0.48500000    0.28229376
    0.49500000    0.28652958
    0.50500000    0.29085978
    0.51500000    0.29528315
    0.52500000    0.29979829
    0.53500000    0.30440355
    0.54500000    0.30909701
    0.55500000    0.31387651
    0.56500000    0.31873959
    0.57500000    0.32368349
    0.58500000    0.32870513
    0.59500000    0.33380111
    0.60500000    0.33896767
    0.61500000    0.34420069
    0.62500000    0.34949566
    0.63500000    0.35484768
    0.64500000    0.36025144
    0.65500000    0.36570119
    0.66500000    0.37119075
    0.67500000    0.37671348
    0.68500000    0.38226227
    0.69500000    0.38782953
    0.70500000    0.39340719
    0.71500000    0.39898668
    0.72500000    0.40455892
    0.73500000    0.41011433
    0.74500000    0.41564282
    0.75500000    0.42113377
    0.76500000    0.42657608
    0.77500000    0.43195812
    0.78500000    0.43726778
    0.79500000    0.44249246
    0.80500000    0.44761909
    0.81500000    0.45263415
    0.82500000    0.45752368
    0.83500000    0.46227333
    0.84500000    0.46686836
    0.85500000    0.47129371
    0.86500000    0.47553400
    0.87500000    0.47957361
    0.88500000    0.48339670
    0.89500000    0.48698727
    0.90500000    0.49032924
    0.91500000    0.49340648
    0.92500000    0.49620289
    0.93500000    0.49870248
    0.94500000    0.50088943
    0.95500000    0.50274819
    0.96500000    0.50426354
    0.97500000    0.50542070
    0.98500000    0.50620538
    0.99500000    0.50660395
    1.00500000    0.50660344
    1.01500000    0.50619172
    1.02500000    0.50535752
    1.03500000    0.50409061
    1.04500000    0.50238182
    1.05500000    0.50022319
    1.06500000    0.49760803
    1.07500000    0.49453103
    1.08500000    0.49098832
    1.09500000    0.48697758
    1.10500000    0.48249810
    1.11500000    0.47755084
    1.12500000    0.47213851
    1.13500000    0.46626558
    1.14500000    0.45993836
    1.15500000    0.45316502
    1.16500000    0.44595557
    1.17500000    0.43832193
    1.18500000    0.43027786
    1.19500000    0.42183896
    1.20500000    0.41302265
    1.21500000    0.40384809
    1.22500000    0.39433612
    1.23500000    0.38450921
    1.24500000    0.37439131
    1.25500000    0.36400780
    1.26500000    0.35338531
    1.27500000    0.34255163
    1.28500000    0.33153555
    1.29500000    0.32036667
    1.30500000    0.30907528
    1.31500000    0.29769216
    1.32500000    0.28624838
    1.33500000    0.27477514
    1.34500000    0.26330356
    1.35500000    0.25186450
    1.36500000    0.24048835
    1.37500000    0.22920485
    1.38500000    0.21804291
    1.39500000    0.20703042
    1.40500000    0.19619407
    1.41500000    0.18555922
    1.42500000    0.17514972
    1.43500000    0.16498778
    1.44500000    0.15509388
    1.45500000    0.14548663
    1.46500000    0.13618269
    1.47500000    0.12719672
    1.48500000    0.11854134
    1.49500000    0.11022705
    1.50500000    0.10226227
    1.51500000    0.09465335
    1.52500000    0.08740455
    1.53500000    0.08051816
    1.54500000    0.07399449
    1.55500000    0.06783201
    1.56500000    0.06202738
    1.57500000    0.05657565
    1.58500000    0.05147028
    1.59500000    0.04670335
    1.60500000    0.04226563
    1.61500000    0.03814678
    1.62500000    0.03433546
    1.63500000    0.03081949
    1.64500000    0.02758598
    1.65500000    0.02462153
    1.66500000    0.02191229
    1.67500000    0.01944417
    1.68500000    0.01720294
    1.69500000    0.01517435
    1.70500000    0.01334424
    1.71500000    0.01169866
    1.72500000    0.01022397
    1.73500000    0.00890688
    1.74500000    0.00773458
    1.75500000    0.00669476
    1.76500000    0.00577566
    1.77500000    0.00496613
    1.78500000    0.00425566
    1.79500000    0.00363436
    1.80500000    0.00309303
    1.81500000    0.00262311
    1.82500000    0.00221669
    1.83500000    0.00186652
    1.84500000    0.00156595
    1.85500000    0.00130895
    1.86500000    0.00109006
    1.87500000    0.00090435
    1.88500000    0.00074742
    1.89500000    0.00061534
    1.90500000    0.00050462
    1.91500000    0.00041219
    1.92500000    0.00033535
    1.93500000    0.00027173
    1.94500000    0.00021928
    1.95500000    0.00017622
    1.96500000    0.00014103
    1.97500000    0.00011239
    1.98500000    0.00008918
    1.99500000    0.00007046
    2.00500000    0.00005543
    2.01500000    0.00004341
    2.02500000    0.00003384
    2.03500000    0.00002627
    2.04500000    0.00002029
    2.05500000    0.00001561
    2.06500000    0.00001195
    2.07500000    0.00000910
    2.08500000    0.00000690
    2.09500000    0.00000521
    2.10500000    0.00000391
    2.11500000    0.00000292
    2.12500000    0.00000217
    2.13500000    0.00000161
    2.14500000    0.00000118
    2.15500000    0.00000087
    2.16500000    0.00000063
    2.17500000    0.00000046
    2.18500000    0.00000033
    2.19500000    0.00000024
    2.20500000    0.00000017
    2.21500000    0.00000012
    2.22500000    0.00000008
    2.23500000    0.00000006
    2.24500000    0.00000004
    2.25500000    0.00000003
    2.26500000    0.00000002
    2.27500000    0.00000001
    2.28500000    0.00000001
    2.29500000    0.00000001
    2.30500000    0.00000000
    2.31500000    0.00000000
    2.32500000    0.00000000
    2.33500000    0.00000000
    2.34500000    0.00000000
    2.35500000    0.00000000
    2.36500000    0.00000000
    2.37500000    0.00000000
    2.38500000    0.00000000
    2.39500000    0.00000000
    2.40500000    0.00000000
    2.41500000    0.00000000
    2.42500000    0.00000000
    2.43500000    0.00000000
    2.44500000    0.00000000
    2.45500000    0.00000000
    2.46500000    0.00000000
    2.47500000    0.00000000
    2.48500000    0.00000000
    2.49500000    0.00000000
    2.50500000    0.00000000
    2.51500000    0.00000000
    2.52500000    0.00000000
    2.53500000    0.00000000
    2.54500000    0.00000000
    2.55500000    0.00000000
    2.56500000    0.00000000
    2.57500000    0.00000000
    2.58500000    0.00000000
    2.59500000    0.00000000
    2.60500000    0.00000000
    2.61500000    0.00000000
    2.62500000    0.00000000
    2.63500000    0.00000000
    2.64500000    0.00000000
    2.65500000    0.00000000
    2.66500000    0.00000000
    2.67500000    0.00000000
    2.68500000    0.00000000
    2.69500000    0.00000000
    2.70500000    0.00000000
    2.71500000    0.00000000
    2.72500000    0.00000000
    2.73500000    0.00000000
    2.74500000    0.00000000
    2.75500000    0.00000000
    2.76500000    0.00000000
    2.77500000    0.00000000
    2.78500000    0.00000000
    2.79500000    0.00000000
    2.80500000    0.00000000
    2.81500000    0.00000000
    2.82500000    0.00000000
    2.83500000    0.00000000
    2.84500000    0.00000000
    2.85500000    0.00000000
    2.86500000    0.00000000
    2.87500000    0.00000000
    2.88500000    0.00000000
    2.89500000    0.00000000
    2.90500000    0.00000000
    2.91500000    0.00000000
    2.92500000    0.00000000
    2.93500000    0.00000000
    2.94500000    0.00000000
    2.95500000    0.00000000
    2.96500000    0.00000000
    2.97500000    0.00000000
    2.98500000    0.00000000
    2.99500000    0.00000000
    3.00500000    0.00000000
    3.01500000    0.00000000
    3.02500000    0.00000000
    3.03500000    0.00000000
    3.04500000    0.00000000
    3.05500000    0.00000000
    3.06500000    0.00000000
    3.07500000    0.00000000
    3.08500000    0.00000000
    3.09500000    0.00000000
    3.10500000    0.00000000
    3.11500000    0.00000000
    3.12500000    0.00000000
    3.13500000    0.00000000
    3.14500000    0.00000000
    3.15500000    0.00000000
    3.16500000    0.00000000
    3.17500000    0.00000000
    3.18500000    0.00000000
    3.19500000    0.00000000
    3.20500000    0.00000000
    3.21500000    0.00000000
    3.22500000    0.00000000
    3.23500000    0.00000000
    3.24500000    0.00000000
    3.25500000    0.00000000
    3.26500000    0.00000000
    3.27500000    0.00000000
    3.28500000    0.00000000
    3.29500000    0.00000000
    3.30500000    0.00000000
    3.31500000    0.00000000
    3.32500000    0.00000000
    3.33500000    0.00000000
    3.34500000    0.00000000
    3.35500000    0.00000000
    3.36500000    0.00000000
    3.37500000    0.00000000
    3.38500000    0.00000000
    3.39500000    0.00000000
    3.40500000    0.00000000
    3.41500000    0.00000000
    3.42500000    0.00000000
    3.43500000    0.00000000
    3.44500000    0.00000000
    3.45500000    0.00000000
    3.46500000    0.00000000
    3.47500000    0.00000000
    3.48500000    0.00000000
    3.49500000    0.00000000
    3.50500000    0.00000000
    3.51500000    0.00000000
    3.52500000    0.00000000
    3.53500000    0.00000000
    3.54500000    0.00000000
    3.55500000    0.00000000
    3.56500000    0.00000000
    3.57500000    0.00000000
    3.58500000    0.00000000
    3.59500000    0.00000000
    3.60500000    0.00000000
    3.61500000    0.00000000
    3.62500000    0.00000000
    3.63500000    0.00000000
    3.64500000    0.00000000
    3.65500000    0.00000000
    3.66500000    0.00000000
    3.67500000    0.00000000
    3.68500000    0.00000000
    3.69500000    0.00000000
    3.70500000    0.00000000
    3.71500000    0.00000000
    3.72500000    0.00000000
    3.73500000    0.00000000
    3.74500000    0.00000000
    3.75500000    0.00000000
    3.76500000    0.00000000
    3.77500000    0.00000000
    3.78500000    0.00000000
    3.79500000    0.00000000
    3.80500000    0.00000000
    3.81500000    0.00000000
    3.82500000    0.00000000
    3.83500000    0.00000000
    3.84500000    0.00000000
    3.85500000    0.00000000
    3.86500000    0.00000000
    3.87500000    0.00000000
    3.88500000    0.00000000
    3.89500000    0.00000000
    3.90500000    0.00000000
    3.91500000    0.00000000
    3.92500000    0.00000000
    3.93500000    0.00000000
    3.94500000    0.00000000
    3.95500000    0.00000000
    3.96500000    0.00000000
    3.97500000    0.00000000
    3.98500000    0.00000000
    3.99500000    0.00000000
    4.00500000    0.00000000
    4.01500000    0.00000000
    4.02500000    0.00000000
    4.03500000    0.00000000
    4.04500000    0.00000000
    4.05500000    0.00000000
    4.06500000    0.00000000
    4.07500000    0.00000000
    4.08500000    0.00000000
    4.09500000    0.00000000
    4.10500000    0.00000000
    4.11500000    0.00000000
    4.12500000    0.00000000
    4.13500000    0.00000000
    4.14500000    0.00000000
    4.15500000    0.00000000
    4.16500000    0.00000000
    4.17500000    0.00000000
    4.18500000    0.00000000
    4.19500000    0.00000000
    4.20500000    0.00000000
    4.21500000    0.00000000
    4.22500000    0.00000000
    4.23500000    0.00000000
    4.24500000    0.00000000
    4.25500000    0.00000000
    4.26500000    0.00000000
    4.27500000    0.00000000
    4.28500000    0.00000000
    4.29500000    0.00000000
    4.30500000    0.00000000
    4.31500000    0.00000000
    4.32500000    0.00000000
    4.33500000    0.00000000
    4.34500000    0.00000000
    4.35500000    0.00000000
    4.36500000    0.00000000
    4.37500000    0.00000000
    4.38500000    0.00000000
    4.39500000    0.00000000
    4.40500000    0.00000000
    4.41500000    0.00000000
    4.42500000    0.00000000
    4.43500000    0.00000000
    4.44500000    0.00000000
    4.45500000    0.00000000
    4.46500000    0.00000000
    4.47500000    0.00000000
    4.48500000    0.00000000
    4.49500000    0.00000000
    4.50500000    0.00000000
    4.51500000    0.00000000
    4.52500000    0.00000000
    4.53500000    0.00000000
    4.54500000    0.00000000
    4.55500000    0.00000000
    4.56500000    0.00000000
    4.57500000    0.00000000
    4.58500000    0.00000000
    4.59500000    0.00000000
    4.60500000    0.00000000
    4.61500000    0.00000000
    4.62500000    0.00000000
    4.63500000    0.00000000
    4.64500000    0.00000000
    4.65500000    0.00000000
    4.66500000    0.00000000
    4.67500000    0.00000000
    4.68500000    0.00000000
    4.69500000    0.00000000
    4.70500000    0.00000000
    4.71500000    0.00000000
    4.72500000    0.00000000
    4.73500000    0.00000000
    4.74500000    0.00000000
    4.75500000    0.00000000
    4.76500000    0.00000000
    4.77500000    0.00000000
    4.78500000    0.00000000
    4.79500000    0.00000000
    4.80500000    0.00000000
    4.81500000    0.00000000
    4.82500000    0.00000000
    4.83500000    0.00000000
    4.84500000    0.00000000
    4.85500000    0.00000000
    4.86500000    0.00000000
    4.87500000    0.00000000
    4.88500000    0.00000000
    4.89500000    0.00000000
    4.90500000    0.00000000
    4.91500000    0.00000000
    4.92500000    0.00000000
    4.93500000    0.00000000
    4.94500000    0.00000000
    4.95500000    0.00000000
    4.96500000    0.00000000
    4.97500000    0.00000000
    4.98500000    0.00000000
    4.99500000    0.00000000
