   -4.99500000    0.00000000
   -4.98500000    0.00000000
   -4.97500000    0.00000000
   -4.96500000    0.00000000
   -4.95500000    0.00000000
   -4.94500000    0.00000000
   -4.93500000    0.00000000
   -4.92500000    0.00000000
   -4.91500000    0.00000000
   -4.90500000    0.00000000
   -4.89500000    0.00000000
   -4.88500000    0.00000000
   -4.87500000    0.00000000
   -4.86500000    0.00000000
   -4.85500000    0.00000000
   -4.84500000    0.00000000
   -4.83500000    0.00000000
   -4.82500000    0.00000000
   -4.81500000    0.00000000
   -4.80500000    0.00000000
   -4.79500000    0.00000000
   -4.78500000    0.00000000
   -4.77500000    0.00000000
   -4.76500000    0.00000000
   -4.75500000    0.00000000
   -4.74500000    0.00000000
   -4.73500000    0.00000000
   -4.72500000    0.00000000
   -4.71500000    0.00000000
   -4.70500000    0.00000000
   -4.69500000    0.00000000
   -4.68500000    0.00000000
   -4.67500000    0.00000000
   -4.66500000    0.00000000
   -4.65500000    0.00000000
   -4.64500000    0.00000000
   -4.63500000    0.00000000
   -4.62500000    0.00000000
   -4.61500000    0.00000000
   -4.60500000    0.00000000
   -4.59500000    0.00000000
   -4.58500000    0.00000000
   -4.57500000    0.00000000
   -4.56500000    0.00000000
   -4.55500000    0.00000000
   -4.54500000    0.00000000
   -4.53500000    0.00000000
   -4.52500000    0.00000000
   -4.51500000    0.00000000
   -4.50500000    0.00000000
   -4.49500000    0.00000000
   -4.48500000    0.00000000
   -4.47500000    0.00000000
   -4.46500000    0.00000000
   -4.45500000    0.00000000
   -4.44500000    0.00000000
   -4.43500000    0.00000000
   -4.42500000    0.00000000
   -4.41500000    0.00000000
   -4.40500000    0.00000000
   -4.39500000    0.00000000
   -4.38500000    0.00000000
   -4.37500000    0.00000000
   -4.36500000    0.00000000
   -4.35500000    0.00000000
   -4.34500000    0.00000000
   -4.33500000    0.00000000
   -4.32500000    0.00000000
   -4.31500000    0.00000000
   -4.30500000    0.00000000
   -4.29500000    0.00000000
   -4.28500000    0.00000000
   -4.27500000    0.00000000
   -4.26500000    0.00000000
   -4.25500000    0.00000000
   -4.24500000    0.00000000
   -4.23500000    0.00000000
   -4.22500000    0.00000000
   -4.21500000    0.00000000
   -4.20500000    0.00000000
   -4.19500000    0.00000000
   -4.18500000    0.00000000
   -4.17500000    0.00000000
   -4.16500000    0.00000000
   -4.15500000    0.00000000
   -4.14500000    0.00000000
   -4.13500000    0.00000000
   -4.12500000    0.00000000
   -4.11500000    0.00000000
   -4.10500000    0.00000000
   -4.09500000    0.00000000
   -4.08500000    0.00000000
   -4.07500000    0.00000000
   -4.06500000    0.00000000
   -4.05500000    0.00000000
   -4.04500000    0.00000000
   -4.03500000    0.00000000
   -4.02500000    0.00000000
   -4.01500000    0.00000000
   -4.00500000    0.00000000
   -3.99500000    0.00000000
   -3.98500000    0.00000000
   -3.97500000    0.00000000
   -3.96500000    0.00000000
   -3.95500000    0.00000000
   -3.94500000    0.00000000
   -3.93500000    0.00000000
   -3.92500000    0.00000000
   -3.91500000    0.00000000
   -3.90500000    0.00000000
   -3.89500000    0.00000000
   -3.88500000    0.00000000
   -3.87500000    0.00000000
   -3.86500000    0.00000000
   -3.85500000    0.00000000
   -3.84500000    0.00000000
   -3.83500000    0.00000000
   -3.82500000    0.00000000
   -3.81500000    0.00000000
   -3.80500000    0.00000000
   -3.79500000    0.00000000
   -3.78500000    0.00000000
   -3.77500000    0.00000000
   -3.76500000    0.00000000
   -3.75500000    0.00000000
   -3.74500000    0.00000000
   -3.73500000    0.00000000
   -3.72500000    0.00000000
   -3.71500000    0.00000000
   -3.70500000    0.00000000
   -3.69500000    0.00000000
   -3.68500000    0.00000000
   -3.67500000    0.00000000
   -3.66500000    0.00000000
   -3.65500000    0.00000000
   -3.64500000    0.00000000
   -3.63500000    0.00000000
   -3.62500000    0.00000000
   -3.61500000    0.00000000
   -3.60500000    0.00000000
   -3.59500000    0.00000000
   -3.58500000    0.00000000
   -3.57500000    0.00000000
   -3.56500000    0.00000000
   -3.55500000    0.00000000
   -3.54500000    0.00000000
   -3.53500000    0.00000000
   -3.52500000    0.00000000
   -3.51500000    0.00000000
   -3.50500000    0.00000000
   -3.49500000    0.00000000
   -3.48500000    0.00000000
   -3.47500000    0.00000000
   -3.46500000    0.00000000
   -3.45500000    0.00000000
   -3.44500000    0.00000000
   -3.43500000    0.00000000
   -3.42500000    0.00000000
   -3.41500000    0.00000000
   -3.40500000    0.00000000
   -3.39500000    0.00000000
   -3.38500000    0.00000000
   -3.37500000    0.00000000
   -3.36500000    0.00000000
   -3.35500000    0.00000000
   -3.34500000    0.00000000
   -3.33500000    0.00000000
   -3.32500000    0.00000000
   -3.31500000    0.00000000
   -3.30500000    0.00000000
   -3.29500000    0.00000000
   -3.28500000    0.00000000
   -3.27500000    0.00000000
   -3.26500000    0.00000000
   -3.25500000    0.00000000
   -3.24500000    0.00000000
   -3.23500000    0.00000000
   -3.22500000    0.00000000
   -3.21500000    0.00000000
   -3.20500000    0.00000000
   -3.19500000    0.00000000
   -3.18500000    0.00000000
   -3.17500000    0.00000000
   -3.16500000    0.00000000
   -3.15500000    0.00000000
   -3.14500000    0.00000000
   -3.13500000    0.00000000
   -3.12500000    0.00000000
   -3.11500000    0.00000000
   -3.10500000    0.00000000
   -3.09500000    0.00000000
   -3.08500000    0.00000000
   -3.07500000    0.00000000
   -3.06500000    0.00000000
   -3.05500000    0.00000000
   -3.04500000    0.00000000
   -3.03500000    0.00000000
   -3.02500000    0.00000000
   -3.01500000    0.00000000
   -3.00500000    0.00000000
   -2.99500000    0.00000000
   -2.98500000    0.00000000
   -2.97500000    0.00000000
   -2.96500000    0.00000000
   -2.95500000    0.00000000
   -2.94500000    0.00000000
   -2.93500000    0.00000000
   -2.92500000    0.00000000
   -2.91500000    0.00000000
   -2.90500000    0.00000000
   -2.89500000    0.00000000
   -2.88500000    0.00000000
   -2.87500000    0.00000000
   -2.86500000    0.00000000
   -2.85500000    0.00000000
   -2.84500000    0.00000000
   -2.83500000    0.00000000
   -2.82500000    0.00000000
   -2.81500000    0.00000000
   -2.80500000    0.00000000
   -2.79500000    0.00000000
   -2.78500000    0.00000000
   -2.77500000    0.00000000
   -2.76500000    0.00000000
   -2.75500000    0.00000000
   -2.74500000    0.00000000
   -2.73500000    0.00000000
   -2.72500000    0.00000000
   -2.71500000    0.00000000
   -2.70500000    0.00000000
   -2.69500000    0.00000000
   -2.68500000    0.00000000
   -2.67500000    0.00000000
   -2.66500000    0.00000000
   -2.65500000    0.00000000
   -2.64500000    0.00000000
   -2.63500000    0.00000000
   -2.62500000    0.00000000
   -2.61500000    0.00000000
   -2.60500000    0.00000000
   -2.59500000    0.00000000
   -2.58500000    0.00000000
   -2.57500000    0.00000000
   -2.56500000    0.00000000
   -2.55500000    0.00000000
   -2.54500000    0.00000000
   -2.53500000    0.00000000
   -2.52500000    0.00000000
   -2.51500000    0.00000000
   -2.50500000    0.00000000
   -2.49500000    0.00000000
   -2.48500000    0.00000000
   -2.47500000    0.00000000
   -2.46500000    0.00000000
   -2.45500000    0.00000000
   -2.44500000    0.00000000
   -2.43500000    0.00000000
   -2.42500000    0.00000000
   -2.41500000    0.00000000
   -2.40500000    0.00000000
   -2.39500000    0.00000000
   -2.38500000    0.00000000
   -2.37500000    0.00000000
   -2.36500000    0.00000000
   -2.35500000    0.00000000
   -2.34500000    0.00000000
   -2.33500000    0.00000000
   -2.32500000    0.00000000
   -2.31500000    0.00000000
   -2.30500000    0.00000000
   -2.29500000    0.00000000
   -2.28500000    0.00000000
   -2.27500000    0.00000000
   -2.26500000    0.00000000
   -2.25500000    0.00000000
   -2.24500000    0.00000000
   -2.23500000    0.00000000
   -2.22500000    0.00000000
   -2.21500000    0.00000000
   -2.20500000    0.00000000
   -2.19500000    0.00000000
   -2.18500000    0.00000000
   -2.17500000    0.00000000
   -2.16500000    0.00000000
   -2.15500000    0.00000000
   -2.14500000    0.00000000
   -2.13500000    0.00000000
   -2.12500000    0.00000000
   -2.11500000    0.00000000
   -2.10500000    0.00000000
   -2.09500000    0.00000000
   -2.08500000    0.00000000
   -2.07500000    0.00000000
   -2.06500000    0.00000000
   -2.05500000    0.00000000
   -2.04500000    0.00000000
   -2.03500000    0.00000000
   -2.02500000    0.00000000
   -2.01500000    0.00000000
   -2.00500000    0.00000000
   -1.99500000    0.00000000
   -1.98500000    0.00000000
   -1.97500000    0.00000000
   -1.96500000    0.00000000
   -1.95500000    0.00000000
   -1.94500000    0.00000000
   -1.93500000    0.00000000
   -1.92500000    0.00000000
   -1.91500000    0.00000000
   -1.90500000    0.00000000
   -1.89500000    0.00000000
   -1.88500000    0.00000000
   -1.87500000    0.00000000
   -1.86500000    0.00000000
   -1.85500000    0.00000000
   -1.84500000    0.00000000
   -1.83500000    0.00000000
   -1.82500000    0.00000000
   -1.81500000    0.00000000
   -1.80500000    0.00000000
   -1.79500000    0.00000000
   -1.78500000    0.00000000
   -1.77500000    0.00000000
   -1.76500000    0.00000000
   -1.75500000    0.00000000
   -1.74500000    0.00000000
   -1.73500000    0.00000000
   -1.72500000    0.00000000
   -1.71500000    0.00000000
   -1.70500000    0.00000000
   -1.69500000    0.00000000
   -1.68500000    0.00000000
   -1.67500000    0.00000000
   -1.66500000    0.00000000
   -1.65500000    0.00000000
   -1.64500000    0.00000000
   -1.63500000    0.00000000
   -1.62500000    0.00000000
   -1.61500000    0.00000000
   -1.60500000    0.00000000
   -1.59500000    0.00000000
   -1.58500000    0.00000000
   -1.57500000    0.00000000
   -1.56500000    0.00000000
   -1.55500000    0.00000000
   -1.54500000    0.00000000
   -1.53500000    0.00000000
   -1.52500000    0.00000000
   -1.51500000    0.00000000
   -1.50500000    0.00000000
   -1.49500000    0.00000000
   -1.48500000    0.00000000
   -1.47500000    0.00000000
   -1.46500000    0.00000000
   -1.45500000    0.00004000
   -1.44500000    0.00000000
   -1.43500000    0.00002000
   -1.42500000    0.00000000
   -1.41500000    0.00018000
   -1.40500000    0.00016000
   -1.39500000    0.00016000
   -1.38500000    0.00034000
   -1.37500000    0.00062000
   -1.36500000    0.00054000
   -1.35500000    0.00098000
   -1.34500000    0.00282000
   -1.33500000    0.00530000
   -1.32500000    0.00634000
   -1.31500000    0.00760000
   -1.30500000    0.01228000
   -1.29500000    0.01756000
   -1.28500000    0.02448000
   -1.27500000    0.03218000
   -1.26500000    0.04552000
   -1.25500000    0.06218000
   -1.24500000    0.08508000
   -1.23500000    0.10202000
   -1.22500000    0.13488000
   -1.21500000    0.17682000
   -1.20500000    0.21812000
   -1.19500000    0.27140000
   -1.18500000    0.32758000
   -1.17500000    0.38718000
   -1.16500000    0.48288000
   -1.15500000    0.55568000
   -1.14500000    0.63402000
   -1.13500000    0.72296000
   -1.12500000    0.82942000
   -1.11500000    0.94710000
   -1.10500000    1.00744000
   -1.09500000    1.11874000
   -1.08500000    1.20130000
   -1.07500000    1.31392000
   -1.06500000    1.39826000
   -1.05500000    1.45258000
   -1.04500000    1.50380000
   -1.03500000    1.55136000
   -1.02500000    1.63268000
   -1.01500000    1.67986000
   -1.00500000    1.67080000
   -0.99500000    1.66490000
   -0.98500000    1.68728000
   -0.97500000    1.63712000
   -0.96500000    1.57154000
   -0.95500000    1.53960000
   -0.94500000    1.50550000
   -0.93500000    1.42130000
   -0.92500000    1.40654000
   -0.91500000    1.27228000
   -0.90500000    1.18310000
   -0.89500000    1.11816000
   -0.88500000    1.03192000
   -0.87500000    0.96806000
   -0.86500000    0.88450000
   -0.85500000    0.81946000
   -0.84500000    0.74072000
   -0.83500000    0.67612000
   -0.82500000    0.62948000
   -0.81500000    0.55434000
   -0.80500000    0.49104000
   -0.79500000    0.43722000
   -0.78500000    0.37822000
   -0.77500000    0.34690000
   -0.76500000    0.30138000
   -0.75500000    0.26382000
   -0.74500000    0.23438000
   -0.73500000    0.20396000
   -0.72500000    0.17484000
   -0.71500000    0.15240000
   -0.70500000    0.13486000
   -0.69500000    0.11954000
   -0.68500000    0.10112000
   -0.67500000    0.08560000
   -0.66500000    0.07876000
   -0.65500000    0.06396000
   -0.64500000    0.05292000
   -0.63500000    0.05126000
   -0.62500000    0.03896000
   -0.61500000    0.03564000
   -0.60500000    0.02998000
   -0.59500000    0.02666000
   -0.58500000    0.02256000
   -0.57500000    0.01856000
   -0.56500000    0.01690000
   -0.55500000    0.01216000
   -0.54500000    0.01086000
   -0.53500000    0.00998000
   -0.52500000    0.01036000
   -0.51500000    0.00752000
   -0.50500000    0.00628000
   -0.49500000    0.00658000
   -0.48500000    0.00484000
   -0.47500000    0.00422000
   -0.46500000    0.00418000
   -0.45500000    0.00344000
   -0.44500000    0.00324000
   -0.43500000    0.00214000
   -0.42500000    0.00168000
   -0.41500000    0.00218000
   -0.40500000    0.00190000
   -0.39500000    0.00156000
   -0.38500000    0.00116000
   -0.37500000    0.00094000
   -0.36500000    0.00070000
   -0.35500000    0.00104000
   -0.34500000    0.00062000
   -0.33500000    0.00046000
   -0.32500000    0.00046000
   -0.31500000    0.00042000
   -0.30500000    0.00026000
   -0.29500000    0.00032000
   -0.28500000    0.00038000
   -0.27500000    0.00042000
   -0.26500000    0.00042000
   -0.25500000    0.00022000
   -0.24500000    0.00028000
   -0.23500000    0.00010000
   -0.22500000    0.00022000
   -0.21500000    0.00018000
   -0.20500000    0.00022000
   -0.19500000    0.00016000
   -0.18500000    0.00012000
   -0.17500000    0.00008000
   -0.16500000    0.00018000
   -0.15500000    0.00004000
   -0.14500000    0.00016000
   -0.13500000    0.00006000
   -0.12500000    0.00014000
   -0.11500000    0.00008000
   -0.10500000    0.00006000
   -0.09500000    0.00004000
   -0.08500000    0.00012000
   -0.07500000    0.00020000
   -0.06500000    0.00016000
   -0.05500000    0.00008000
   -0.04500000    0.00012000
   -0.03500000    0.00000000
   -0.02500000    0.00006000
   -0.01500000    0.00004000
   -0.00500000    0.00008000
    0.00500000    0.00004000
    0.01500000    0.00012000
    0.02500000    0.00006000
    0.03500000    0.00004000
    0.04500000    0.00008000
    0.05500000    0.00006000
    0.06500000    0.00004000
    0.07500000    0.00004000
    0.08500000    0.00016000
    0.09500000    0.00012000
    0.10500000    0.00004000
    0.11500000    0.00012000
    0.12500000    0.00008000
    0.13500000    0.00004000
    0.14500000    0.00014000
    0.15500000    0.00008000
    0.16500000    0.00012000
    0.17500000    0.00014000
    0.18500000    0.00024000
    0.19500000    0.00028000
    0.20500000    0.00010000
    0.21500000    0.00036000
    0.22500000    0.00012000
    0.23500000    0.00034000
    0.24500000    0.00020000
    0.25500000    0.00024000
    0.26500000    0.00020000
    0.27500000    0.00020000
    0.28500000    0.00038000
    0.29500000    0.00038000
    0.30500000    0.00040000
    0.31500000    0.00060000
    0.32500000    0.00052000
    0.33500000    0.00106000
    0.34500000    0.00070000
    0.35500000    0.00052000
    0.36500000    0.00064000
    0.37500000    0.00088000
    0.38500000    0.00120000
    0.39500000    0.00124000
    0.40500000    0.00132000
    0.41500000    0.00196000
    0.42500000    0.00200000
    0.43500000    0.00290000
    0.44500000    0.00224000
    0.45500000    0.00370000
    0.46500000    0.00326000
    0.47500000    0.00472000
    0.48500000    0.00528000
    0.49500000    0.00596000
    0.50500000    0.00632000
    0.51500000    0.00886000
    0.52500000    0.01034000
    0.53500000    0.01166000
    0.54500000    0.01436000
    0.55500000    0.01546000
    0.56500000    0.01784000
    0.57500000    0.01924000
    0.58500000    0.02336000
    0.59500000    0.02836000
    0.60500000    0.03350000
    0.61500000    0.03580000
    0.62500000    0.04606000
    0.63500000    0.04788000
    0.64500000    0.06076000
    0.65500000    0.06858000
    0.66500000    0.08180000
    0.67500000    0.09710000
    0.68500000    0.11236000
    0.69500000    0.13078000
    0.70500000    0.15496000
    0.71500000    0.16328000
    0.72500000    0.18776000
    0.73500000    0.22418000
    0.74500000    0.25190000
    0.75500000    0.29614000
    0.76500000    0.32838000
    0.77500000    0.37116000
    0.78500000    0.41902000
    0.79500000    0.45290000
    0.80500000    0.53022000
    0.81500000    0.60022000
    0.82500000    0.66348000
    0.83500000    0.73830000
    0.84500000    0.82958000
    0.85500000    0.87388000
    0.86500000    0.94904000
    0.87500000    1.05428000
    0.88500000    1.11900000
    0.89500000    1.22394000
    0.90500000    1.29908000
    0.91500000    1.40260000
    0.92500000    1.47454000
    0.93500000    1.55780000
    0.94500000    1.64138000
    0.95500000    1.68714000
    0.96500000    1.75484000
    0.97500000    1.75700000
    0.98500000    1.79840000
    0.99500000    1.82002000
    1.00500000    1.81716000
    1.01500000    1.79834000
    1.02500000    1.75570000
    1.03500000    1.72470000
    1.04500000    1.66928000
    1.05500000    1.61468000
    1.06500000    1.49054000
    1.07500000    1.41656000
    1.08500000    1.35136000
    1.09500000    1.23102000
    1.10500000    1.12892000
    1.11500000    1.01880000
    1.12500000    0.88282000
    1.13500000    0.78730000
    1.14500000    0.69968000
    1.15500000    0.58016000
    1.16500000    0.49272000
    1.17500000    0.42680000
    1.18500000    0.34776000
    1.19500000    0.29306000
    1.20500000    0.23880000
    1.21500000    0.19502000
    1.22500000    0.14446000
    1.23500000    0.12546000
    1.24500000    0.09032000
    1.25500000    0.06244000
    1.26500000    0.05136000
    1.27500000    0.03706000
    1.28500000    0.02446000
    1.29500000    0.01986000
    1.30500000    0.01338000
    1.31500000    0.00966000
    1.32500000    0.00618000
    1.33500000    0.00432000
    1.34500000    0.00320000
    1.35500000    0.00136000
    1.36500000    0.00108000
    1.37500000    0.00062000
    1.38500000    0.00016000
    1.39500000    0.00022000
    1.40500000    0.00018000
    1.41500000    0.00002000
    1.42500000    0.00002000
    1.43500000    0.00000000
    1.44500000    0.00002000
    1.45500000    0.00000000
    1.46500000    0.00000000
    1.47500000    0.00000000
    1.48500000    0.00000000
    1.49500000    0.00000000
    1.50500000    0.00000000
    1.51500000    0.00000000
    1.52500000    0.00000000
    1.53500000    0.00000000
    1.54500000    0.00000000
    1.55500000    0.00000000
    1.56500000    0.00000000
    1.57500000    0.00000000
    1.58500000    0.00000000
    1.59500000    0.00000000
    1.60500000    0.00000000
    1.61500000    0.00000000
    1.62500000    0.00000000
    1.63500000    0.00000000
    1.64500000    0.00000000
    1.65500000    0.00000000
    1.66500000    0.00000000
    1.67500000    0.00000000
    1.68500000    0.00000000
    1.69500000    0.00000000
    1.70500000    0.00000000
    1.71500000    0.00000000
    1.72500000    0.00000000
    1.73500000    0.00000000
    1.74500000    0.00000000
    1.75500000    0.00000000
    1.76500000    0.00000000
    1.77500000    0.00000000
    1.78500000    0.00000000
    1.79500000    0.00000000
    1.80500000    0.00000000
    1.81500000    0.00000000
    1.82500000    0.00000000
    1.83500000    0.00000000
    1.84500000    0.00000000
    1.85500000    0.00000000
    1.86500000    0.00000000
    1.87500000    0.00000000
    1.88500000    0.00000000
    1.89500000    0.00000000
    1.90500000    0.00000000
    1.91500000    0.00000000
    1.92500000    0.00000000
    1.93500000    0.00000000
    1.94500000    0.00000000
    1.95500000    0.00000000
    1.96500000    0.00000000
    1.97500000    0.00000000
    1.98500000    0.00000000
    1.99500000    0.00000000
    2.00500000    0.00000000
    2.01500000    0.00000000
    2.02500000    0.00000000
    2.03500000    0.00000000
    2.04500000    0.00000000
    2.05500000    0.00000000
    2.06500000    0.00000000
    2.07500000    0.00000000
    2.08500000    0.00000000
    2.09500000    0.00000000
    2.10500000    0.00000000
    2.11500000    0.00000000
    2.12500000    0.00000000
    2.13500000    0.00000000
    2.14500000    0.00000000
    2.15500000    0.00000000
    2.16500000    0.00000000
    2.17500000    0.00000000
    2.18500000    0.00000000
    2.19500000    0.00000000
    2.20500000    0.00000000
    2.21500000    0.00000000
    2.22500000    0.00000000
    2.23500000    0.00000000
    2.24500000    0.00000000
    2.25500000    0.00000000
    2.26500000    0.00000000
    2.27500000    0.00000000
    2.28500000    0.00000000
    2.29500000    0.00000000
    2.30500000    0.00000000
    2.31500000    0.00000000
    2.32500000    0.00000000
    2.33500000    0.00000000
    2.34500000    0.00000000
    2.35500000    0.00000000
    2.36500000    0.00000000
    2.37500000    0.00000000
    2.38500000    0.00000000
    2.39500000    0.00000000
    2.40500000    0.00000000
    2.41500000    0.00000000
    2.42500000    0.00000000
    2.43500000    0.00000000
    2.44500000    0.00000000
    2.45500000    0.00000000
    2.46500000    0.00000000
    2.47500000    0.00000000
    2.48500000    0.00000000
    2.49500000    0.00000000
    2.50500000    0.00000000
    2.51500000    0.00000000
    2.52500000    0.00000000
    2.53500000    0.00000000
    2.54500000    0.00000000
    2.55500000    0.00000000
    2.56500000    0.00000000
    2.57500000    0.00000000
    2.58500000    0.00000000
    2.59500000    0.00000000
    2.60500000    0.00000000
    2.61500000    0.00000000
    2.62500000    0.00000000
    2.63500000    0.00000000
    2.64500000    0.00000000
    2.65500000    0.00000000
    2.66500000    0.00000000
    2.67500000    0.00000000
    2.68500000    0.00000000
    2.69500000    0.00000000
    2.70500000    0.00000000
    2.71500000    0.00000000
    2.72500000    0.00000000
    2.73500000    0.00000000
    2.74500000    0.00000000
    2.75500000    0.00000000
    2.76500000    0.00000000
    2.77500000    0.00000000
    2.78500000    0.00000000
    2.79500000    0.00000000
    2.80500000    0.00000000
    2.81500000    0.00000000
    2.82500000    0.00000000
    2.83500000    0.00000000
    2.84500000    0.00000000
    2.85500000    0.00000000
    2.86500000    0.00000000
    2.87500000    0.00000000
    2.88500000    0.00000000
    2.89500000    0.00000000
    2.90500000    0.00000000
    2.91500000    0.00000000
    2.92500000    0.00000000
    2.93500000    0.00000000
    2.94500000    0.00000000
    2.95500000    0.00000000
    2.96500000    0.00000000
    2.97500000    0.00000000
    2.98500000    0.00000000
    2.99500000    0.00000000
    3.00500000    0.00000000
    3.01500000    0.00000000
    3.02500000    0.00000000
    3.03500000    0.00000000
    3.04500000    0.00000000
    3.05500000    0.00000000
    3.06500000    0.00000000
    3.07500000    0.00000000
    3.08500000    0.00000000
    3.09500000    0.00000000
    3.10500000    0.00000000
    3.11500000    0.00000000
    3.12500000    0.00000000
    3.13500000    0.00000000
    3.14500000    0.00000000
    3.15500000    0.00000000
    3.16500000    0.00000000
    3.17500000    0.00000000
    3.18500000    0.00000000
    3.19500000    0.00000000
    3.20500000    0.00000000
    3.21500000    0.00000000
    3.22500000    0.00000000
    3.23500000    0.00000000
    3.24500000    0.00000000
    3.25500000    0.00000000
    3.26500000    0.00000000
    3.27500000    0.00000000
    3.28500000    0.00000000
    3.29500000    0.00000000
    3.30500000    0.00000000
    3.31500000    0.00000000
    3.32500000    0.00000000
    3.33500000    0.00000000
    3.34500000    0.00000000
    3.35500000    0.00000000
    3.36500000    0.00000000
    3.37500000    0.00000000
    3.38500000    0.00000000
    3.39500000    0.00000000
    3.40500000    0.00000000
    3.41500000    0.00000000
    3.42500000    0.00000000
    3.43500000    0.00000000
    3.44500000    0.00000000
    3.45500000    0.00000000
    3.46500000    0.00000000
    3.47500000    0.00000000
    3.48500000    0.00000000
    3.49500000    0.00000000
    3.50500000    0.00000000
    3.51500000    0.00000000
    3.52500000    0.00000000
    3.53500000    0.00000000
    3.54500000    0.00000000
    3.55500000    0.00000000
    3.56500000    0.00000000
    3.57500000    0.00000000
    3.58500000    0.00000000
    3.59500000    0.00000000
    3.60500000    0.00000000
    3.61500000    0.00000000
    3.62500000    0.00000000
    3.63500000    0.00000000
    3.64500000    0.00000000
    3.65500000    0.00000000
    3.66500000    0.00000000
    3.67500000    0.00000000
    3.68500000    0.00000000
    3.69500000    0.00000000
    3.70500000    0.00000000
    3.71500000    0.00000000
    3.72500000    0.00000000
    3.73500000    0.00000000
    3.74500000    0.00000000
    3.75500000    0.00000000
    3.76500000    0.00000000
    3.77500000    0.00000000
    3.78500000    0.00000000
    3.79500000    0.00000000
    3.80500000    0.00000000
    3.81500000    0.00000000
    3.82500000    0.00000000
    3.83500000    0.00000000
    3.84500000    0.00000000
    3.85500000    0.00000000
    3.86500000    0.00000000
    3.87500000    0.00000000
    3.88500000    0.00000000
    3.89500000    0.00000000
    3.90500000    0.00000000
    3.91500000    0.00000000
    3.92500000    0.00000000
    3.93500000    0.00000000
    3.94500000    0.00000000
    3.95500000    0.00000000
    3.96500000    0.00000000
    3.97500000    0.00000000
    3.98500000    0.00000000
    3.99500000    0.00000000
    4.00500000    0.00000000
    4.01500000    0.00000000
    4.02500000    0.00000000
    4.03500000    0.00000000
    4.04500000    0.00000000
    4.05500000    0.00000000
    4.06500000    0.00000000
    4.07500000    0.00000000
    4.08500000    0.00000000
    4.09500000    0.00000000
    4.10500000    0.00000000
    4.11500000    0.00000000
    4.12500000    0.00000000
    4.13500000    0.00000000
    4.14500000    0.00000000
    4.15500000    0.00000000
    4.16500000    0.00000000
    4.17500000    0.00000000
    4.18500000    0.00000000
    4.19500000    0.00000000
    4.20500000    0.00000000
    4.21500000    0.00000000
    4.22500000    0.00000000
    4.23500000    0.00000000
    4.24500000    0.00000000
    4.25500000    0.00000000
    4.26500000    0.00000000
    4.27500000    0.00000000
    4.28500000    0.00000000
    4.29500000    0.00000000
    4.30500000    0.00000000
    4.31500000    0.00000000
    4.32500000    0.00000000
    4.33500000    0.00000000
    4.34500000    0.00000000
    4.35500000    0.00000000
    4.36500000    0.00000000
    4.37500000    0.00000000
    4.38500000    0.00000000
    4.39500000    0.00000000
    4.40500000    0.00000000
    4.41500000    0.00000000
    4.42500000    0.00000000
    4.43500000    0.00000000
    4.44500000    0.00000000
    4.45500000    0.00000000
    4.46500000    0.00000000
    4.47500000    0.00000000
    4.48500000    0.00000000
    4.49500000    0.00000000
    4.50500000    0.00000000
    4.51500000    0.00000000
    4.52500000    0.00000000
    4.53500000    0.00000000
    4.54500000    0.00000000
    4.55500000    0.00000000
    4.56500000    0.00000000
    4.57500000    0.00000000
    4.58500000    0.00000000
    4.59500000    0.00000000
    4.60500000    0.00000000
    4.61500000    0.00000000
    4.62500000    0.00000000
    4.63500000    0.00000000
    4.64500000    0.00000000
    4.65500000    0.00000000
    4.66500000    0.00000000
    4.67500000    0.00000000
    4.68500000    0.00000000
    4.69500000    0.00000000
    4.70500000    0.00000000
    4.71500000    0.00000000
    4.72500000    0.00000000
    4.73500000    0.00000000
    4.74500000    0.00000000
    4.75500000    0.00000000
    4.76500000    0.00000000
    4.77500000    0.00000000
    4.78500000    0.00000000
    4.79500000    0.00000000
    4.80500000    0.00000000
    4.81500000    0.00000000
    4.82500000    0.00000000
    4.83500000    0.00000000
    4.84500000    0.00000000
    4.85500000    0.00000000
    4.86500000    0.00000000
    4.87500000    0.00000000
    4.88500000    0.00000000
    4.89500000    0.00000000
    4.90500000    0.00000000
    4.91500000    0.00000000
    4.92500000    0.00000000
    4.93500000    0.00000000
    4.94500000    0.00000000
    4.95500000    0.00000000
    4.96500000    0.00000000
    4.97500000    0.00000000
    4.98500000    0.00000000
    4.99500000    0.00000000
