   0.00041      54.50905
   0.00124      54.07064
   0.00206      50.17365
   0.00289      48.90713
   0.00371      45.88697
   0.00453      42.67196
   0.00536      44.23075
   0.00618      46.08182
   0.00701      45.05886
   0.00783      45.78955
   0.00866      44.08462
   0.00948      39.94407
   0.01031      39.74922
   0.01113      38.19043
   0.01195      35.90095
   0.01278      33.17307
   0.01360      28.59411
   0.01443      31.12715
   0.01525      27.86343
   0.01608      26.15850
   0.01690      24.35614
   0.01772      21.87182
   0.01855      21.92053
   0.01937      20.55658
   0.02020      19.77719
   0.02102      16.80574
   0.02185      15.14952
   0.02267      15.97763
   0.02350      16.12377
   0.02432      12.51906
   0.02514      12.81133
   0.02597      11.20383
   0.02679       9.69374
   0.02762       9.06048
   0.02844       9.10920
   0.02927       8.47594
   0.03009       8.13495
   0.03092       7.55040
   0.03174       6.38131
   0.03256       6.57616
   0.03339       5.89419
   0.03421       5.11479
   0.03504       5.89419
   0.03586       4.72509
   0.03669       5.06608
   0.03751       4.14054
   0.03834       3.45857
   0.03916       3.84827
   0.03998       3.84827
   0.04081       3.36115
   0.04163       2.87402
   0.04246       3.16630
   0.04328       2.38690
   0.04411       2.72789
   0.04493       2.72789
   0.04575       2.87402
   0.04658       2.67918
   0.04740       2.33819
   0.04823       2.19205
   0.04905       1.85107
   0.04988       2.24077
   0.05070       2.14334
   0.05153       2.58175
   0.05235       1.85107
   0.05317       2.33819
   0.05400       2.19205
   0.05482       1.65622
   0.05565       1.94849
   0.05647       1.65622
   0.05730       1.55879
   0.05812       1.55879
   0.05895       1.41266
   0.05977       1.26652
   0.06059       0.92553
   0.06142       1.55879
   0.06224       0.82811
   0.06307       2.09463
   0.06389       1.02296
   0.06472       1.07167
   0.06554       0.82811
   0.06637       0.82811
   0.06719       0.82811
   0.06801       0.58455
   0.06884       1.16909
   0.06966       0.58455
   0.07049       1.07167
   0.07131       0.97425
   0.07214       0.63326
   0.07296       0.68197
   0.07378       0.48712
   0.07461       0.58455
   0.07543       0.38970
   0.07626       0.68197
   0.07708       0.63326
   0.07791       0.24356
   0.07873       0.73068
   0.07956       0.38970
   0.08038       0.38970
   0.08120       0.48712
   0.08203       0.48712
