   0.00144       5.98054
   0.00431       5.96521
   0.00718       5.96098
   0.01005       5.99111
   0.01292       5.88749
   0.01579       5.83674
   0.01866       6.00010
   0.02153       5.89701
   0.02441       5.90124
   0.02728       5.95252
   0.03015       5.87850
   0.03302       5.79074
   0.03589       5.61257
   0.03876       5.72941
   0.04163       5.72043
   0.04450       5.62685
   0.04738       5.73100
   0.05025       5.60464
   0.05312       5.66333
   0.05599       5.55495
   0.05886       5.49785
   0.06173       5.55812
   0.06460       5.43335
   0.06747       5.31122
   0.07035       5.21077
   0.07322       5.31598
   0.07609       5.05745
   0.07896       5.19914
   0.08183       5.18962
   0.08470       5.02255
   0.08757       4.96969
   0.09044       4.95805
   0.09332       4.93585
   0.09619       4.81478
   0.09906       4.71856
   0.10193       4.74288
   0.10480       4.58691
   0.10767       4.59114
   0.11054       4.47483
   0.11341       4.41668
   0.11629       4.36698
   0.11916       4.24062
   0.12203       4.12220
   0.12490       4.08307
   0.12777       4.09999
   0.13064       4.00377
   0.13351       3.86790
   0.13638       3.80868
   0.13926       3.67757
   0.14213       3.60408
   0.14500       3.57500
   0.14787       3.38943
   0.15074       3.33498
   0.15361       3.35137
   0.15648       3.16157
   0.15935       3.13725
   0.16223       3.07856
   0.16510       2.99186
   0.16797       2.89088
   0.17084       2.75923
   0.17371       2.76505
   0.17658       2.64874
   0.17945       2.56679
   0.18232       2.58477
   0.18520       2.46634
   0.18807       2.36377
   0.19094       2.31038
   0.19381       2.25645
   0.19668       2.19935
   0.19955       2.05925
   0.20242       2.01960
   0.20530       1.95087
   0.20817       1.91544
   0.21104       1.81499
   0.21391       1.73622
   0.21678       1.68705
   0.21965       1.59823
   0.22252       1.54642
   0.22539       1.53849
   0.22827       1.48826
   0.23114       1.38094
   0.23401       1.31644
   0.23688       1.32014
   0.23975       1.23185
   0.24262       1.18427
   0.24549       1.18321
   0.24836       1.07483
   0.25124       1.01244
   0.25411       0.99394
   0.25698       0.97120
   0.25985       0.90617
   0.26272       0.86018
   0.26559       0.80467
   0.26846       0.79779
   0.27133       0.70633
   0.27421       0.72166
   0.27708       0.65187
   0.27995       0.65505
   0.28282       0.61275
   0.28569       0.54138
