   0.00144       6.09121
   0.00431       6.11462
   0.00718       6.21743
   0.01005       6.17620
   0.01292       6.11258
   0.01579       6.06423
   0.01866       6.10342
   0.02153       6.18282
   0.02441       6.06423
   0.02728       6.08866
   0.03015       5.98076
   0.03302       6.00672
   0.03589       5.88406
   0.03876       5.92274
   0.04163       5.93139
   0.04450       5.94412
   0.04738       5.80670
   0.05025       5.78125
   0.05312       5.83469
   0.05599       5.64078
   0.05886       5.63060
   0.06173       5.65401
   0.06460       5.51710
   0.06747       5.48606
   0.07035       5.40462
   0.07322       5.38426
   0.07609       5.22394
   0.07896       5.28349
   0.08183       5.11604
   0.08470       5.11095
   0.08757       4.94452
   0.09044       4.89821
   0.09332       4.93129
   0.09619       4.82237
   0.09906       4.74908
   0.10193       4.60352
   0.10480       4.56993
   0.10767       4.51700
   0.11054       4.58673
   0.11341       4.32563
   0.11629       4.23402
   0.11916       4.22333
   0.12203       4.11798
   0.12490       4.05690
   0.12777       4.01415
   0.13064       3.85790
   0.13351       3.75407
   0.13638       3.69809
   0.13926       3.56678
   0.14213       3.55863
   0.14500       3.43546
   0.14787       3.41002
   0.15074       3.28736
   0.15361       3.14587
   0.15648       3.14180
   0.15935       3.04560
   0.16223       2.94025
   0.16510       2.87052
   0.16797       2.81454
   0.17084       2.69646
   0.17371       2.64404
   0.17658       2.61095
   0.17945       2.43791
   0.18232       2.39159
   0.18520       2.39974
   0.18807       2.29693
   0.19094       2.25316
   0.19381       2.09843
   0.19668       2.02260
   0.19955       1.97934
   0.20242       1.96763
   0.20530       1.88518
   0.20817       1.85159
   0.21104       1.72740
   0.21391       1.67142
   0.21678       1.58388
   0.21965       1.53756
   0.22252       1.47852
   0.22539       1.45307
   0.22827       1.38386
   0.23114       1.33398
   0.23401       1.25458
   0.23688       1.21081
   0.23975       1.19096
   0.24262       1.16399
   0.24549       1.06779
   0.24836       1.00519
   0.25124       0.96142
   0.25411       0.98331
   0.25698       0.90951
   0.25985       0.86014
   0.26272       0.83164
   0.26559       0.79041
   0.26846       0.75377
   0.27133       0.70440
   0.27421       0.66623
   0.27708       0.61584
   0.27995       0.62653
   0.28282       0.57410
   0.28569       0.52219
