         0.00144         6.21335
         0.00431         6.21024
         0.00718         6.20403
         0.01005         6.19473
         0.01292         6.18236
         0.01579         6.16692
         0.01866         6.14845
         0.02153         6.12697
         0.02441         6.10251
         0.02728         6.07511
         0.03015         6.04481
         0.03302         6.01165
         0.03589         5.97569
         0.03876         5.93697
         0.04163         5.89556
         0.04450         5.85151
         0.04738         5.80488
         0.05025         5.75575
         0.05312         5.70418
         0.05599         5.65025
         0.05886         5.59403
         0.06173         5.53560
         0.06460         5.47504
         0.06747         5.41244
         0.07035         5.34788
         0.07322         5.28144
         0.07609         5.21323
         0.07896         5.14332
         0.08183         5.07182
         0.08470         4.99881
         0.08757         4.92439
         0.09044         4.84865
         0.09332         4.77169
         0.09619         4.69360
         0.09906         4.61448
         0.10193         4.53443
         0.10480         4.45354
         0.10767         4.37191
         0.11054         4.28963
         0.11341         4.20679
         0.11629         4.12349
         0.11916         4.03982
         0.12203         3.95587
         0.12490         3.87172
         0.12777         3.78748
         0.13064         3.70321
         0.13351         3.61901
         0.13638         3.53495
         0.13926         3.45112
         0.14213         3.36760
         0.14500         3.28445
         0.14787         3.20176
         0.15074         3.11958
         0.15361         3.03800
         0.15648         2.95707
         0.15935         2.87686
         0.16223         2.79743
         0.16510         2.71882
         0.16797         2.64111
         0.17084         2.56434
         0.17371         2.48855
         0.17658         2.41379
         0.17945         2.34011
         0.18232         2.26755
         0.18520         2.19614
         0.18807         2.12591
         0.19094         2.05690
         0.19381         1.98913
         0.19668         1.92264
         0.19955         1.85744
         0.20242         1.79355
         0.20530         1.73100
         0.20817         1.66979
         0.21104         1.60994
         0.21391         1.55146
         0.21678         1.49436
         0.21965         1.43864
         0.22252         1.38431
         0.22539         1.33136
         0.22827         1.27979
         0.23114         1.22961
         0.23401         1.18081
         0.23688         1.13337
         0.23975         1.08730
         0.24262         1.04258
         0.24549         0.99920
         0.24836         0.95714
         0.25124         0.91640
         0.25411         0.87695
         0.25698         0.83879
         0.25985         0.80188
         0.26272         0.76621
         0.26559         0.73176
         0.26846         0.69851
         0.27133         0.66644
         0.27421         0.63553
         0.27708         0.60574
         0.27995         0.57706
         0.28282         0.54947
         0.28569         0.52293
