   0.00144       6.10857
   0.00431       6.07550
   0.00718       6.12047
   0.01005       6.03582
   0.01292       6.07021
   0.01579       5.97100
   0.01866       6.00804
   0.02154       5.93661
   0.02441       5.88502
   0.02728       6.05830
   0.03015       6.04243
   0.03302       5.78978
   0.03589       5.77258
   0.03876       5.76597
   0.04163       5.88766
   0.04451       5.72232
   0.04738       5.53184
   0.05025       5.77391
   0.05312       5.66544
   0.05599       5.70115
   0.05886       5.59004
   0.06173       5.50935
   0.06461       5.35062
   0.06748       5.36385
   0.07035       5.31226
   0.07322       5.33078
   0.07609       5.15485
   0.07896       4.95775
   0.08183       4.90617
   0.08471       5.15088
   0.08758       4.99612
   0.09045       4.96305
   0.09332       4.77124
   0.09619       4.76595
   0.09906       4.67336
   0.10193       4.68659
   0.10480       4.49611
   0.10768       4.59399
   0.11055       4.45510
   0.11342       4.46171
   0.11629       4.31489
   0.11916       4.19055
   0.12203       4.21303
   0.12490       4.09795
   0.12778       3.84795
   0.13065       3.87043
   0.13352       3.80694
   0.13639       3.75668
   0.13926       3.79239
   0.14213       3.45773
   0.14500       3.55826
   0.14788       3.43657
   0.15075       3.31090
   0.15362       3.30826
   0.15649       3.17466
   0.15936       3.08338
   0.16223       3.01460
   0.16510       2.90084
   0.16797       3.09132
   0.17085       2.83999
   0.17372       2.69184
   0.17659       2.78973
   0.17946       2.71565
   0.18233       2.44713
   0.18520       2.42993
   0.18807       2.30559
   0.19095       2.20109
   0.19382       2.21300
   0.19669       2.17332
   0.19956       2.07014
   0.20243       2.02252
   0.20530       1.86114
   0.20817       1.85850
   0.21105       1.80426
   0.21392       1.81352
   0.21679       1.60452
   0.21966       1.60188
   0.22253       1.54235
   0.22540       1.51325
   0.22827       1.40346
   0.23114       1.39023
   0.23402       1.34394
   0.23689       1.27383
   0.23976       1.26060
   0.24263       1.11774
   0.24550       1.09790
   0.24837       1.05690
   0.25124       0.98547
   0.25412       0.95769
   0.25699       0.90478
   0.25986       0.95107
   0.26273       0.77911
   0.26560       0.82938
   0.26847       0.77250
   0.27134       0.74075
   0.27422       0.73678
   0.27709       0.68387
   0.27996       0.62435
   0.28283       0.63625
   0.28570       0.58070
