   0.00041      50.09256
   0.00124      47.90935
   0.00206      52.88221
   0.00289      51.66932
   0.00371      50.09256
   0.00453      57.97637
   0.00536      55.91445
   0.00618      58.82540
   0.00701      59.31056
   0.00783      59.18927
   0.00866      54.21640
   0.00948      53.00350
   0.01031      47.78806
   0.01113      47.78806
   0.01195      44.87711
   0.01278      36.75071
   0.01360      35.17395
   0.01443      32.86945
   0.01525      29.71592
   0.01608      30.92882
   0.01690      27.04755
   0.01773      25.83466
   0.01855      20.37663
   0.01938      16.61666
   0.02020      14.06958
   0.02102      13.58442
   0.02185      16.73795
   0.02267      12.97797
   0.02350      11.03734
   0.02432      10.67347
   0.02515       8.61155
   0.02597       7.64124
   0.02680       8.36897
   0.02762       7.39866
   0.02844       7.39866
   0.02927       5.33674
   0.03009       5.82190
   0.03092       5.21545
   0.03174       4.12384
   0.03257       4.00255
   0.03339       2.30450
   0.03422       3.63868
   0.03504       2.06192
   0.03586       1.57676
   0.03669       1.57676
   0.03751       1.81934
   0.03834       1.21289
   0.03916       0.97032
   0.03999       0.72774
   0.04081       1.09161
   0.04164       0.48516
   0.04246       0.72774
   0.04328       0.24258
   0.04411       0.60645
   0.04493       0.60645
   0.04576       0.24258
   0.04658       0.48516
   0.04741       0.48516
   0.04823       0.48516
   0.04906       0.48516
   0.04988       0.00000
   0.05071       0.12129
   0.05153       0.24258
   0.05235       0.12129
   0.05318       0.12129
   0.05400       0.00000
   0.05483       0.12129
   0.05565       0.12129
   0.05648       0.24258
   0.05730       0.12129
   0.05813       0.00000
   0.05895       0.00000
   0.05977       0.00000
   0.06060       0.00000
   0.06142       0.00000
   0.06225       0.00000
   0.06307       0.00000
   0.06390       0.00000
   0.06472       0.00000
   0.06555       0.00000
   0.06637       0.00000
   0.06719       0.00000
   0.06802       0.00000
   0.06884       0.00000
   0.06967       0.00000
   0.07049       0.00000
   0.07132       0.00000
   0.07214       0.00000
   0.07297       0.00000
   0.07379       0.00000
   0.07461       0.00000
   0.07544       0.00000
   0.07626       0.00000
   0.07709       0.00000
   0.07791       0.00000
   0.07874       0.00000
   0.07956       0.00000
   0.08039       0.00000
   0.08121       0.00000
   0.08204       0.00000
