   0.00041      90.68486
   0.00124      70.41127
   0.00206      59.24259
   0.00289      54.99363
   0.00371      44.18914
   0.00453      45.16033
   0.00536      42.24676
   0.00618      42.36816
   0.00701      45.76733
   0.00783      47.22411
   0.00866      42.97515
   0.00948      39.33319
   0.01031      41.63977
   0.01113      33.74885
   0.01195      34.96284
   0.01278      32.89906
   0.01360      27.19332
   0.01443      27.31472
   0.01525      23.55136
   0.01608      24.76534
   0.01690      21.97317
   0.01773      22.09457
   0.01855      21.12338
   0.01938      19.90939
   0.02020      18.57401
   0.02102      19.30240
   0.02185      15.78184
   0.02267      17.72422
   0.02350      15.41764
   0.02432      13.47526
   0.02515      14.32505
   0.02597      12.62547
   0.02680      11.16868
   0.02762      10.31889
   0.02844       7.64812
   0.02927       7.52672
   0.03009       6.67693
   0.03092       5.82714
   0.03174       5.46294
   0.03257       4.85595
   0.03339       4.73455
   0.03422       4.24896
   0.03504       3.88476
   0.03586       4.49175
   0.03669       4.00616
   0.03751       4.37035
   0.03834       3.88476
   0.03916       2.67077
   0.03999       2.91357
   0.04081       3.27777
   0.04164       1.69958
   0.04246       1.45678
   0.04328       2.18518
   0.04411       1.09259
   0.04493       1.45678
   0.04576       1.09259
   0.04658       1.57818
   0.04741       1.21399
   0.04823       1.21399
   0.04906       1.57818
   0.04988       1.21399
   0.05071       1.21399
   0.05153       1.33539
   0.05235       0.60699
   0.05318       0.72839
   0.05400       1.33539
   0.05483       0.60699
   0.05565       0.72839
   0.05648       0.36420
   0.05730       1.09259
   0.05813       0.84979
   0.05895       1.33539
   0.05977       0.72839
   0.06060       0.36420
   0.06142       0.48559
   0.06225       0.24280
   0.06307       0.36420
   0.06390       0.12140
   0.06472       0.12140
   0.06555       0.60699
   0.06637       0.12140
   0.06719       0.36420
   0.06802       0.36420
   0.06884       0.12140
   0.06967       0.36420
   0.07049       0.24280
   0.07132       0.12140
   0.07214       0.24280
   0.07297       0.00000
   0.07379       0.24280
   0.07461       0.12140
   0.07544       0.24280
   0.07626       0.12140
   0.07709       0.00000
   0.07791       0.12140
   0.07874       0.12140
   0.07956       0.00000
   0.08039       0.00000
   0.08121       0.00000
   0.08204       0.00000
