         0.00144         6.21312
         0.00431         6.21001
         0.00718         6.20380
         0.01005         6.19450
         0.01292         6.18213
         0.01579         6.16669
         0.01866         6.14822
         0.02154         6.12674
         0.02441         6.10228
         0.02728         6.07488
         0.03015         6.04458
         0.03302         6.01143
         0.03589         5.97547
         0.03876         5.93675
         0.04163         5.89534
         0.04451         5.85129
         0.04738         5.80467
         0.05025         5.75554
         0.05312         5.70397
         0.05599         5.65004
         0.05886         5.59382
         0.06173         5.53539
         0.06461         5.47484
         0.06748         5.41224
         0.07035         5.34768
         0.07322         5.28125
         0.07609         5.21304
         0.07896         5.14313
         0.08183         5.07163
         0.08471         4.99862
         0.08758         4.92420
         0.09045         4.84847
         0.09332         4.77151
         0.09619         4.69343
         0.09906         4.61431
         0.10193         4.53426
         0.10480         4.45338
         0.10768         4.37175
         0.11055         4.28947
         0.11342         4.20663
         0.11629         4.12334
         0.11916         4.03967
         0.12203         3.95572
         0.12490         3.87158
         0.12778         3.78733
         0.13065         3.70307
         0.13352         3.61887
         0.13639         3.53482
         0.13926         3.45100
         0.14213         3.36747
         0.14500         3.28433
         0.14788         3.20164
         0.15075         3.11947
         0.15362         3.03789
         0.15649         2.95696
         0.15936         2.87675
         0.16223         2.79732
         0.16510         2.71872
         0.16797         2.64101
         0.17085         2.56424
         0.17372         2.48846
         0.17659         2.41370
         0.17946         2.34003
         0.18233         2.26747
         0.18520         2.19606
         0.18807         2.12583
         0.19095         2.05682
         0.19382         1.98906
         0.19669         1.92257
         0.19956         1.85737
         0.20243         1.79349
         0.20530         1.73094
         0.20817         1.66973
         0.21105         1.60988
         0.21392         1.55141
         0.21679         1.49431
         0.21966         1.43859
         0.22253         1.38426
         0.22540         1.33131
         0.22827         1.27975
         0.23114         1.22957
         0.23402         1.18077
         0.23689         1.13333
         0.23976         1.08726
         0.24263         1.04254
         0.24550         0.99916
         0.24837         0.95711
         0.25124         0.91637
         0.25412         0.87692
         0.25699         0.83875
         0.25986         0.80185
         0.26273         0.76618
         0.26560         0.73173
         0.26847         0.69849
         0.27134         0.66642
         0.27422         0.63550
         0.27709         0.60572
         0.27996         0.57704
         0.28283         0.54945
         0.28570         0.52291
