   1.0499544   0.00000000
   1.0832573   0.00000000
   1.1165603   0.00000000
   1.1498632   0.00000000
   1.1831661   0.00000000
   1.2164690   0.00000000
   1.2497720   0.00000000
   1.2830749   0.00000000
   1.3163778   0.00000000
   1.3496808   0.00000000
   1.3829837   0.00000000
   1.4162866   0.00000000
   1.4495896   0.00000000
   1.4828925   0.00000000
   1.5161954   0.00000000
   1.5494983   0.00000000
   1.5828013   0.00000000
   1.6161042   0.00000000
   1.6494071   0.00000000
   1.6827101   0.00000000
   1.7160130   0.00000000
   1.7493159   0.00000000
   1.7826189   0.00000000
   1.8159218   0.00000000
   1.8492247   0.00000000
   1.8825276   0.00000000
   1.9158306   0.00000000
   1.9491335   0.00000000
   1.9824364   0.00000000
   2.0157394   0.00000000
   2.0490423   0.00000000
   2.0823452   0.00000000
   2.1156482   0.00000000
   2.1489511   0.00000000
   2.1822540   0.00000000
   2.2155569   0.00000000
   2.2488599   0.00000000
   2.2821628   0.00000000
   2.3154657   0.00000000
   2.3487687   0.00000000
   2.3820716   0.00000000
   2.4153745   0.00000000
   2.4486775   0.00038148
   2.4819804   0.00297049
   2.5152833   0.01988492
   2.5485862   0.08522202
   2.5818892   0.25837774
   2.6151921   0.51237394
   2.6484950   0.99816102
   2.6817980   1.55331411
   2.7151009   2.15401412
   2.7484038   2.56664540
   2.7817068   2.70923026
   2.8150097   2.88566669
   2.8483126   2.84198384
   2.8816155   2.55051863
   2.9149185   2.33697213
   2.9482214   2.07500055
   2.9815243   1.87477547
   3.0148273   1.64735820
   3.0481302   1.36955362
   3.0814331   1.27964549
   3.1147361   1.16071213
   3.1480390   1.05226873
   3.1813419   0.96255223
   3.2146448   0.93939192
   3.2479478   0.85691231
   3.2812507   0.81878614
   3.3145536   0.83010649
   3.3478566   0.81102067
   3.3811595   0.79612349
   3.4144624   0.80264349
   3.4477654   0.76335182
   3.4810683   0.80204671
   3.5143712   0.79321494
   3.5476741   0.80220067
   3.5809771   0.84835371
   3.6142800   0.89197689
   3.6475829   0.90464628
   3.6808859   0.93697207
   3.7141888   0.96003934
   3.7474917   1.05853114
   3.7807947   1.06652857
   3.8140976   1.09201151
   3.8474005   1.12495512
   3.8807034   1.14218273
   3.9140064   1.19405064
   3.9473093   1.20789926
   3.9806122   1.32332427
   4.0139152   1.28654954
   4.0472181   1.29786144
   4.0805210   1.30767254
   4.1138240   1.36700625
   4.1471269   1.38676771
   4.1804298   1.39434128
   4.2137327   1.33863580
   4.2470357   1.28995225
   4.2803386   1.29979640
   4.3136415   1.30746296
   4.3469445   1.24271711
   4.3802474   1.20088325
   4.4135503   1.19562832
   4.4468533   1.18229836
   4.4801562   1.14917417
   4.5134591   1.08871182
   4.5467620   1.06352743
   4.5800650   1.05171572
   4.6133679   1.01358694
   4.6466708   0.97749866
   4.6799738   0.94462890
   4.7132767   0.95089059
   4.7465796   0.89180588
   4.7798826   0.90535238
   4.8131855   0.89997629
   4.8464884   0.86096729
   4.8797913   0.85838140
   4.9130943   0.88544644
   4.9463972   0.86084908
   4.9797001   0.85297084
   5.0130031   0.83939989
   5.0463060   0.83446534
   5.0796089   0.82923301
   5.1129119   0.84489052
   5.1462148   0.85264675
   5.1795177   0.85570060
   5.2128206   0.86618301
   5.2461236   0.85114823
   5.2794265   0.84101842
   5.3127294   0.85198347
   5.3460324   0.85252655
   5.3793353   0.88144765
   5.4126382   0.88531273
   5.4459412   0.89665299
   5.4792441   0.88852926
   5.5125470   0.90898873
   5.5458499   0.88746949
   5.5791529   0.91982194
   5.6124558   0.92389733
   5.6457587   0.91575679
   5.6790617   0.93519028
   5.7123646   0.93090708
   5.7456675   0.93885478
   5.7789705   0.92135296
   5.8122734   0.94082018
   5.8455763   0.96380162
   5.8788792   0.97336377
   5.9121822   0.99109170
   5.9454851   0.99775017
   5.9787880   1.03203495
   6.0120910   1.05436309
   6.0453939   1.04259078
   6.0786968   1.07589291
   6.1119998   1.09542825
   6.1453027   1.09261250
   6.1786056   1.09968016
   6.2119085   1.10653386
   6.2452115   1.13869067
   6.2785144   1.15165232
   6.3118173   1.14533052
   6.3451203   1.15805375
   6.3784232   1.14812899
   6.4117261   1.15209060
   6.4450291   1.16488513
   6.4783320   1.16918103
   6.5116349   1.16787977
   6.5449378   1.16552981
   6.5782408   1.15915015
   6.6115437   1.14933358
   6.6448466   1.14592348
   6.6781496   1.13231745
   6.7114525   1.11745172
   6.7447554   1.12625482
   6.7780584   1.13393519
   6.8113613   1.11109057
   6.8446642   1.09854713
   6.8779671   1.09978103
   6.9112701   1.09768383
   6.9445730   1.08092043
   6.9778759   1.06611748
   7.0111789   1.04982464
   7.0444818   1.00820946
   7.0777847   1.00824149
   7.1110877   0.99203479
   7.1443906   0.98724435
   7.1776935   0.98849373
   7.2109964   0.96825504
   7.2442994   0.95022007
   7.2776023   0.93627446
   7.3109052   0.93983233
   7.3442082   0.93798627
   7.3775111   0.92449389
   7.4108140   0.92282579
   7.4441170   0.93316225
   7.4774199   0.91423175
   7.5107228   0.92037484
   7.5440257   0.91110129
   7.5773287   0.90350857
   7.6106316   0.91335017
   7.6439345   0.93637485
   7.6772375   0.93377958
