   0.05477   0.00080   0.00000   0.00080
   0.16432   0.00711   0.00768  -0.00056
   0.27386   0.01954   0.02559  -0.00606
   0.38341   0.03764   0.04777  -0.01014
   0.49295   0.06080   0.03156   0.02923
   0.60249   0.08824   0.03583   0.05242
   0.71204   0.11907   0.18426  -0.06520
   0.82158   0.15226   0.16976  -0.01750
   0.93113   0.18676   0.21327  -0.02651
   1.04067   0.22151   0.12114   0.10037
   1.15022   0.25545   0.26445  -0.00900
   1.25976   0.28762   0.26189   0.02573
   1.36931   0.31713   0.25422   0.06291
   1.47885   0.34322   0.47857  -0.13535
   1.58840   0.36528   0.37706  -0.01178
   1.69794   0.38286   0.56559  -0.18272
   1.80748   0.39567   0.41289  -0.01721
   1.91703   0.40358   0.38559   0.01799
   2.02657   0.40662   0.38729   0.01932
   2.13612   0.40494   0.45895  -0.05401
   2.24566   0.39886   0.28151   0.11734
   2.35521   0.38875   0.27554   0.11321
   2.46475   0.37510   0.61848  -0.24338
   2.57430   0.35842   0.29004   0.06838
   2.68384   0.33929   0.30455   0.03474
   2.79339   0.31827   0.28919   0.02908
   2.90293   0.29593   0.48881  -0.19288
   3.01247   0.27280   0.22777   0.04503
   3.12202   0.24937   0.19365   0.05572
   3.23156   0.22609   0.16464   0.06145
   3.34111   0.20333   0.11858   0.08476
   3.45065   0.18143   0.26104  -0.07961
   3.56020   0.16063   0.06057   0.10006
   3.66974   0.14113   0.13820   0.00293
   3.77929   0.12307   0.20218  -0.07911
   3.88883   0.10652   0.05204   0.05448
   3.99837   0.09152   0.08957   0.00195
   4.10792   0.07807   0.08189  -0.00382
   4.21746   0.06612   0.12455  -0.05843
   4.32701   0.05560   0.03583   0.01977
   4.43655   0.04642   0.01024   0.03619
   4.54610   0.03849   0.04863  -0.01013
   4.65564   0.03170   0.03668  -0.00498
   4.76519   0.02592   0.00171   0.02422
   4.87473   0.02106   0.00000   0.02106
   4.98428   0.01699   0.00000   0.01699
   5.09382   0.01362   0.03583  -0.02221
   5.20336   0.01084   0.01280  -0.00196
   5.31291   0.00857   0.00085   0.00772
   5.42245   0.00673   0.00000   0.00673
