   0.0200000   1.0000000  -0.0100000   0.5000500
   0.0400000   0.9996000  -0.0299960   0.5000500
   0.0600000   0.9988002  -0.0499800   0.5000499
   0.0800000   0.9976008  -0.0699440   0.5000498
   0.1000000   0.9960024  -0.0898800   0.5000496
   0.1200000   0.9940056  -0.1097801   0.5000494
   0.1400000   0.9916112  -0.1296363   0.5000492
   0.1600000   0.9888201  -0.1494406   0.5000489
   0.1800000   0.9856336  -0.1691851   0.5000486
   0.2000000   0.9820527  -0.1888620   0.5000482
   0.2200000   0.9780791  -0.2084633   0.5000478
   0.2400000   0.9737142  -0.2279813   0.5000474
   0.2600000   0.9689598  -0.2474080   0.5000469
   0.2800000   0.9638179  -0.2667358   0.5000464
   0.3000000   0.9582904  -0.2859569   0.5000459
   0.3200000   0.9523796  -0.3050636   0.5000454
   0.3400000   0.9460879  -0.3240482   0.5000448
   0.3600000   0.9394177  -0.3429033   0.5000441
   0.3800000   0.9323717  -0.3616212   0.5000435
   0.4000000   0.9249528  -0.3801944   0.5000428
   0.4200000   0.9171640  -0.3986156   0.5000421
   0.4400000   0.9090082  -0.4168773   0.5000413
   0.4600000   0.9004889  -0.4349723   0.5000405
   0.4800000   0.8916093  -0.4528933   0.5000397
   0.5000000   0.8823731  -0.4706331   0.5000389
   0.5200000   0.8727840  -0.4881847   0.5000381
   0.5400000   0.8628458  -0.5055410   0.5000372
   0.5600000   0.8525624  -0.5226950   0.5000363
   0.5800000   0.8419380  -0.5396400   0.5000354
   0.6000000   0.8309768  -0.5563692   0.5000345
   0.6200000   0.8196832  -0.5728758   0.5000336
   0.6400000   0.8080617  -0.5891532   0.5000326
   0.6600000   0.7961171  -0.6051950   0.5000317
   0.6800000   0.7838539  -0.6209947   0.5000307
   0.7000000   0.7712773  -0.6365460   0.5000297
   0.7200000   0.7583921  -0.6518427   0.5000288
   0.7400000   0.7452036  -0.6668787   0.5000278
   0.7600000   0.7317169  -0.6816479   0.5000268
   0.7800000   0.7179376  -0.6961444   0.5000258
   0.8000000   0.7038712  -0.7103625   0.5000248
   0.8200000   0.6895231  -0.7242965   0.5000238
   0.8400000   0.6748993  -0.7379407   0.5000228
   0.8600000   0.6600055  -0.7512897   0.5000218
   0.8800000   0.6448477  -0.7643383   0.5000208
   0.9000000   0.6294320  -0.7770811   0.5000198
   0.9200000   0.6137645  -0.7895130   0.5000188
   0.9400000   0.5978515  -0.8016292   0.5000179
   0.9600000   0.5816993  -0.8134247   0.5000169
   0.9800000   0.5653145  -0.8248948   0.5000160
   1.0000000   0.5487035  -0.8360350   0.5000151
   1.0200000   0.5318731  -0.8468408   0.5000141
   1.0400000   0.5148299  -0.8573078   0.5000133
   1.0600000   0.4975808  -0.8674319   0.5000124
   1.0800000   0.4801326  -0.8772091   0.5000115
   1.1000000   0.4624924  -0.8866353   0.5000107
   1.1200000   0.4446672  -0.8957069   0.5000099
   1.1400000   0.4266641  -0.9044202   0.5000091
   1.1600000   0.4084904  -0.9127718   0.5000083
   1.1800000   0.3901533  -0.9207582   0.5000076
   1.2000000   0.3716601  -0.9283763   0.5000069
   1.2200000   0.3530182  -0.9356231   0.5000062
   1.2400000   0.3342351  -0.9424956   0.5000056
   1.2600000   0.3153184  -0.9489912   0.5000050
   1.2800000   0.2962755  -0.9551071   0.5000044
   1.3000000   0.2771141  -0.9608410   0.5000038
   1.3200000   0.2578419  -0.9661906   0.5000033
   1.3400000   0.2384665  -0.9711537   0.5000028
   1.3600000   0.2189957  -0.9757283   0.5000024
   1.3800000   0.1994373  -0.9799126   0.5000020
   1.4000000   0.1797992  -0.9837050   0.5000016
   1.4200000   0.1600891  -0.9871039   0.5000013
   1.4400000   0.1403151  -0.9901079   0.5000010
   1.4600000   0.1204848  -0.9927159   0.5000007
   1.4800000   0.1006064  -0.9949268   0.5000005
   1.5000000   0.0806878  -0.9967398   0.5000003
   1.5200000   0.0607368  -0.9981540   0.5000002
   1.5400000   0.0407616  -0.9991690   0.5000001
   1.5600000   0.0207701  -0.9997843   0.5000000
   1.5800000   0.0007702  -0.9999997   0.5000000
   1.6000000  -0.0192299  -0.9998151   0.5000000
   1.6200000  -0.0392224  -0.9992306   0.5000001
   1.6400000  -0.0591991  -0.9982464   0.5000002
   1.6600000  -0.0791522  -0.9968629   0.5000003
   1.6800000  -0.0990737  -0.9950806   0.5000005
   1.7000000  -0.1189554  -0.9929003   0.5000007
   1.7200000  -0.1387897  -0.9903229   0.5000010
   1.7400000  -0.1585684  -0.9873493   0.5000013
   1.7600000  -0.1782836  -0.9839808   0.5000016
   1.7800000  -0.1979276  -0.9802186   0.5000020
   1.8000000  -0.2174924  -0.9760644   0.5000024
   1.8200000  -0.2369702  -0.9715198   0.5000028
   1.8400000  -0.2563532  -0.9665866   0.5000033
   1.8600000  -0.2756336  -0.9612667   0.5000038
   1.8800000  -0.2948038  -0.9555623   0.5000043
   1.9000000  -0.3138561  -0.9494757   0.5000049
   1.9200000  -0.3327829  -0.9430094   0.5000055
   1.9400000  -0.3515765  -0.9361658   0.5000062
   1.9600000  -0.3702295  -0.9289477   0.5000069
   1.9800000  -0.3887344  -0.9213581   0.5000076
   2.0000000  -0.4070838  -0.9133999   0.5000083
   2.0200000  -0.4252704  -0.9050763   0.5000090
   2.0400000  -0.4432869  -0.8963908   0.5000098
   2.0600000  -0.4611260  -0.8873466   0.5000106
   2.0800000  -0.4787807  -0.8779476   0.5000115
   2.1000000  -0.4962439  -0.8681973   0.5000123
   2.1200000  -0.5135086  -0.8580998   0.5000132
   2.1400000  -0.5305679  -0.8476590   0.5000141
   2.1600000  -0.5474150  -0.8368792   0.5000150
   2.1800000  -0.5640431  -0.8257646   0.5000159
   2.2000000  -0.5804456  -0.8143197   0.5000168
   2.2200000  -0.5966159  -0.8025491   0.5000178
   2.2399999  -0.6125475  -0.7904575   0.5000188
   2.2599999  -0.6282342  -0.7780497   0.5000197
   2.2799999  -0.6436695  -0.7653306   0.5000207
   2.2999999  -0.6588474  -0.7523055   0.5000217
   2.3199999  -0.6737617  -0.7389794   0.5000227
   2.3399999  -0.6884066  -0.7253577   0.5000237
   2.3599999  -0.7027760  -0.7114459   0.5000247
   2.3799999  -0.7168644  -0.6972495   0.5000257
   2.3999999  -0.7306660  -0.6827742   0.5000267
   2.4199999  -0.7441754  -0.6680257   0.5000277
   2.4399999  -0.7573871  -0.6530101   0.5000287
   2.4599999  -0.7702958  -0.6377333   0.5000297
   2.4799999  -0.7828964  -0.6222014   0.5000306
   2.4999999  -0.7951838  -0.6064206   0.5000316
   2.5199999  -0.8071532  -0.5903972   0.5000326
   2.5399999  -0.8187997  -0.5741377   0.5000335
   2.5599999  -0.8301187  -0.5576485   0.5000345
   2.5799999  -0.8411057  -0.5409362   0.5000354
   2.5999999  -0.8517562  -0.5240076   0.5000363
   2.6199999  -0.8620660  -0.5068694   0.5000372
   2.6399999  -0.8720309  -0.4895284   0.5000380
   2.6599999  -0.8816471  -0.4719917   0.5000389
   2.6799999  -0.8909106  -0.4542661   0.5000397
   2.6999999  -0.8998177  -0.4363588   0.5000405
   2.7199999  -0.9083650  -0.4182770   0.5000413
   2.7399999  -0.9165488  -0.4000278   0.5000420
   2.7599999  -0.9243661  -0.3816187   0.5000427
   2.7799999  -0.9318136  -0.3630569   0.5000434
   2.7999999  -0.9388883  -0.3443499   0.5000441
   2.8199999  -0.9455876  -0.3255051   0.5000447
   2.8399999  -0.9519085  -0.3065301   0.5000453
   2.8599999  -0.9578488  -0.2874326   0.5000459
   2.8799999  -0.9634058  -0.2682200   0.5000464
   2.8999999  -0.9685776  -0.2489002   0.5000469
   2.9199999  -0.9733619  -0.2294808   0.5000474
   2.9399999  -0.9777568  -0.2099696   0.5000478
   2.9599999  -0.9817606  -0.1903744   0.5000482
   2.9799999  -0.9853718  -0.1707031   0.5000485
   2.9999999  -0.9885888  -0.1509635   0.5000489
   3.0199999  -0.9914103  -0.1311635   0.5000491
   3.0399999  -0.9938353  -0.1113111   0.5000494
   3.0599999  -0.9958628  -0.0914141   0.5000496
   3.0799999  -0.9974919  -0.0714805   0.5000497
   3.0999999  -0.9987220  -0.0515184   0.5000499
   3.1199999  -0.9995526  -0.0315357   0.5000500
   3.1399999  -0.9999834  -0.0115403   0.5000500
   3.1599999  -1.0000142   0.0084597   0.5000500
   3.1799999  -0.9996450   0.0284563   0.5000500
   3.1999999  -0.9988760   0.0484415   0.5000499
   3.2199999  -0.9977074   0.0684073   0.5000498
   3.2399999  -0.9961397   0.0883458   0.5000496
   3.2599999  -0.9941735   0.1082489   0.5000494
   3.2799999  -0.9918097   0.1281087   0.5000492
   3.2999999  -0.9890492   0.1479173   0.5000489
   3.3199999  -0.9858930   0.1676668   0.5000486
   3.3399999  -0.9823425   0.1873491   0.5000482
   3.3599999  -0.9783991   0.2069565   0.5000479
   3.3799999  -0.9740643   0.2264812   0.5000474
   3.3999999  -0.9693398   0.2459152   0.5000470
   3.4199999  -0.9642276   0.2652509   0.5000465
   3.4399999  -0.9587298   0.2844804   0.5000460
   3.4599999  -0.9528484   0.3035962   0.5000454
   3.4799999  -0.9465859   0.3225906   0.5000448
   3.4999999  -0.9399448   0.3414559   0.5000442
   3.5199999  -0.9329277   0.3601846   0.5000435
   3.5399999  -0.9255374   0.3787693   0.5000428
   3.5599999  -0.9177769   0.3972024   0.5000421
   3.5799999  -0.9096493   0.4154767   0.5000414
   3.5999999  -0.9011579   0.4335847   0.5000406
   3.6199999  -0.8923059   0.4515194   0.5000398
   3.6399999  -0.8830971   0.4692734   0.5000390
   3.6599999  -0.8735350   0.4868397   0.5000382
   3.6799999  -0.8636235   0.5042113   0.5000373
   3.6999999  -0.8533665   0.5213812   0.5000364
   3.7199999  -0.8427683   0.5383426   0.5000355
   3.7399999  -0.8318328   0.5550886   0.5000346
   3.7599999  -0.8205647   0.5716125   0.5000337
   3.7799999  -0.8089683   0.5879079   0.5000327
   3.7999999  -0.7970484   0.6039680   0.5000318
   3.8199999  -0.7848096   0.6197866   0.5000308
   3.8399999  -0.7722569   0.6353573   0.5000298
   3.8599999  -0.7593953   0.6506738   0.5000288
   3.8799999  -0.7462300   0.6657301   0.5000278
   3.8999999  -0.7327661   0.6805200   0.5000268
   3.9199999  -0.7190092   0.6950378   0.5000258
   3.9399999  -0.7049646   0.7092775   0.5000248
   3.9599999  -0.6906381   0.7232335   0.5000238
   3.9799999  -0.6760353   0.7369003   0.5000229
   3.9999999  -0.6611621   0.7502722   0.5000219
   4.0199999  -0.6460244   0.7633441   0.5000209
   4.0399999  -0.6306283   0.7761106   0.5000199
   4.0599999  -0.6149800   0.7885667   0.5000189
   4.0799999  -0.5990856   0.8007074   0.5000179
   4.0999999  -0.5829517   0.8125277   0.5000170
   4.1199999  -0.5665845   0.8240231   0.5000161
   4.1399999  -0.5499908   0.8351889   0.5000151
   4.1599999  -0.5331770   0.8460205   0.5000142
   4.1799999  -0.5161499   0.8565138   0.5000133
   4.1999999  -0.4989164   0.8666645   0.5000124
   4.2199999  -0.4814834   0.8764685   0.5000116
   4.2399999  -0.4638577   0.8859219   0.5000108
   4.2599999  -0.4460465   0.8950209   0.5000099
   4.2799999  -0.4280569   0.9037619   0.5000092
   4.2999999  -0.4098960   0.9121415   0.5000084
   4.3199999  -0.3915712   0.9201561   0.5000077
   4.3399999  -0.3730898   0.9278028   0.5000070
   4.3599999  -0.3544591   0.9350782   0.5000063
   4.3799999  -0.3356866   0.9419797   0.5000056
   4.3999999  -0.3167799   0.9485044   0.5000050
   4.4199999  -0.2977465   0.9546496   0.5000044
   4.4399999  -0.2785939   0.9604130   0.5000039
   4.4599999  -0.2593299   0.9657923   0.5000034
   4.4799999  -0.2399622   0.9707852   0.5000029
   4.4999999  -0.2204985   0.9753898   0.5000024
   4.5199999  -0.2009466   0.9796043   0.5000020
   4.5399999  -0.1813144   0.9834269   0.5000016
   4.5599999  -0.1616096   0.9868561   0.5000013
   4.5799999  -0.1418401   0.9898906   0.5000010
   4.5999999  -0.1220139   0.9925291   0.5000007
   4.6199999  -0.1021389   0.9947707   0.5000005
   4.6399999  -0.0822231   0.9966143   0.5000003
   4.6599999  -0.0622744   0.9980593   0.5000002
   4.6799999  -0.0423007   0.9991050   0.5000001
   4.6999999  -0.0223102   0.9997511   0.5000000
   4.7199999  -0.0023107   0.9999973   0.5000000
   4.7399999   0.0176897   0.9998435   0.5000000
   4.7599999   0.0376830   0.9992898   0.5000001
   4.7799999   0.0576613   0.9983364   0.5000002
   4.7999999   0.0776165   0.9969836   0.5000003
   4.8199999   0.0975406   0.9952320   0.5000005
   4.8399999   0.1174258   0.9930824   0.5000007
   4.8599999   0.1372639   0.9905355   0.5000009
   4.8799999   0.1570472   0.9875923   0.5000012
   4.8999999   0.1767676   0.9842542   0.5000016
   4.9199999   0.1964174   0.9805223   0.5000019
   4.9399999   0.2159885   0.9763983   0.5000023
   4.9599999   0.2354733   0.9718837   0.5000028
   4.9799999   0.2548639   0.9669803   0.5000032
   4.9999999   0.2741525   0.9616901   0.5000038
   5.0199999   0.2933315   0.9560153   0.5000043
   5.0399999   0.3123931   0.9499581   0.5000049
   5.0599999   0.3313298   0.9435208   0.5000055
   5.0799999   0.3501339   0.9367062   0.5000061
   5.0999999   0.3687980   0.9295169   0.5000068
   5.1199999   0.3873146   0.9219557   0.5000075
   5.1399999   0.4056763   0.9140258   0.5000082
   5.1599999   0.4238757   0.9057303   0.5000090
   5.1799999   0.4419055   0.8970725   0.5000098
   5.1999999   0.4597586   0.8880559   0.5000106
   5.2199999   0.4774277   0.8786840   0.5000114
   5.2399999   0.4949059   0.8689607   0.5000122
   5.2599999   0.5121861   0.8588897   0.5000131
   5.2799999   0.5292615   0.8484753   0.5000140
   5.2999999   0.5461252   0.8377214   0.5000149
   5.3199999   0.5627704   0.8266324   0.5000158
   5.3399999   0.5791905   0.8152128   0.5000168
   5.3599999   0.5953789   0.8034671   0.5000177
   5.3799999   0.6113291   0.7914001   0.5000187
   5.3999999   0.6270349   0.7790164   0.5000197
   5.4199999   0.6424898   0.7663212   0.5000206
   5.4399999   0.6576877   0.7533194   0.5000216
   5.4599999   0.6726226   0.7400163   0.5000226
   5.4799999   0.6872884   0.7264172   0.5000236
   5.4999999   0.7016793   0.7125275   0.5000246
   5.5199999   0.7157895   0.6983528   0.5000256
   5.5399999   0.7296134   0.6838988   0.5000266
   5.5599999   0.7431454   0.6691712   0.5000276
   5.5799999   0.7563802   0.6541760   0.5000286
   5.5999999   0.7693125   0.6389190   0.5000296
   5.6199999   0.7819370   0.6234065   0.5000306
   5.6399999   0.7942487   0.6076447   0.5000315
   5.6599999   0.8062428   0.5916398   0.5000325
   5.6799999   0.8179143   0.5753982   0.5000334
   5.6999999   0.8292587   0.5589265   0.5000344
   5.7199999   0.8402714   0.5422312   0.5000353
   5.7399999   0.8509479   0.5253190   0.5000362
   5.7599999   0.8612841   0.5081967   0.5000371
   5.7799999   0.8712758   0.4908711   0.5000380
   5.7999999   0.8809190   0.4733491   0.5000388
   5.8199999   0.8902098   0.4556378   0.5000396
   5.8399999   0.8991445   0.4377443   0.5000404
   5.8599999   0.9077195   0.4196756   0.5000412
   5.8799999   0.9159315   0.4014391   0.5000419
   5.8999999   0.9237771   0.3830420   0.5000427
   5.9199999   0.9312532   0.3644917   0.5000434
   5.9399999   0.9383568   0.3457956   0.5000440
   5.9599999   0.9450850   0.3269612   0.5000447
   5.9799999   0.9514352   0.3079960   0.5000453
   5.9999999   0.9574049   0.2889076   0.5000458
   6.0199999   0.9629915   0.2697037   0.5000464
   6.0399999   0.9681930   0.2503918   0.5000469
   6.0599999   0.9730072   0.2309798   0.5000473
   6.0799999   0.9774322   0.2114754   0.5000478
   6.0999999   0.9814662   0.1918864   0.5000482
   6.1199999   0.9851076   0.1722207   0.5000485
   6.1399999   0.9883550   0.1524861   0.5000488
   6.1599999   0.9912071   0.1326904   0.5000491
   6.1799999   0.9936627   0.1128418   0.5000494
   6.1999999   0.9957208   0.0929479   0.5000496
   6.2199999   0.9973806   0.0730169   0.5000497
   6.2399999   0.9986414   0.0530567   0.5000499
   6.2599999   0.9995028   0.0330752   0.5000500
   6.2799999   0.9999644   0.0130806   0.5000500
   6.2999999   1.0000261  -0.0069193   0.5000500
   6.3199999   0.9996877  -0.0269165   0.5000500
   6.3399999   0.9989494  -0.0469028   0.5000499
   6.3599999   0.9978116  -0.0668705   0.5000498
   6.3799999   0.9962746  -0.0868113   0.5000496
   6.3999999   0.9943391  -0.1067174   0.5000494
   6.4199999   0.9920059  -0.1265809   0.5000492
   6.4399999   0.9892759  -0.1463937   0.5000489
   6.4599999   0.9861501  -0.1661480   0.5000486
   6.4799999   0.9826300  -0.1858358   0.5000483
   6.4999999   0.9787167  -0.2054492   0.5000479
   6.5199999   0.9744120  -0.2249805   0.5000475
   6.5399999   0.9697175  -0.2444218   0.5000470
   6.5599999   0.9646351  -0.2637653   0.5000465
   6.5799999   0.9591669  -0.2830034   0.5000460
   6.5999999   0.9533150  -0.3021282   0.5000454
   6.6199999   0.9470817  -0.3211322   0.5000448
   6.6399999   0.9404697  -0.3400077   0.5000442
   6.6599999   0.9334814  -0.3587472   0.5000436
   6.6799999   0.9261198  -0.3773432   0.5000429
   6.6999999   0.9183877  -0.3957883   0.5000422
   6.7199998   0.9102883  -0.4140750   0.5000414
   6.7399998   0.9018247  -0.4321962   0.5000407
   6.7599998   0.8930004  -0.4501444   0.5000399
   6.7799998   0.8838189  -0.4679126   0.5000391
   6.7999998   0.8742839  -0.4854936   0.5000382
   6.8199998   0.8643992  -0.5028805   0.5000374
   6.8399998   0.8541687  -0.5200661   0.5000365
   6.8599998   0.8435965  -0.5370438   0.5000356
   6.8799998   0.8326870  -0.5538066   0.5000347
   6.8999998   0.8214443  -0.5703479   0.5000337
   6.9199998   0.8098730  -0.5866611   0.5000328
   6.9399998   0.7979778  -0.6027396   0.5000318
   6.9599998   0.7857635  -0.6185770   0.5000309
   6.9799998   0.7732348  -0.6341670   0.5000299
   6.9999998   0.7603968  -0.6495033   0.5000289
   7.0199998   0.7472546  -0.6645798   0.5000279
   7.0399998   0.7338136  -0.6793905   0.5000269
   7.0599998   0.7200790  -0.6939294   0.5000259
   7.0799998   0.7060564  -0.7081908   0.5000249
   7.0999998   0.6917514  -0.7221689   0.5000239
   7.1199998   0.6771696  -0.7358581   0.5000229
   7.1399998   0.6623171  -0.7492530   0.5000219
   7.1599998   0.6471995  -0.7623481   0.5000209
   7.1799998   0.6318231  -0.7751383   0.5000200
   7.1999998   0.6161940  -0.7876185   0.5000190
   7.2199998   0.6003184  -0.7997836   0.5000180
   7.2399998   0.5842027  -0.8116288   0.5000171
   7.2599998   0.5678532  -0.8231494   0.5000161
   7.2799998   0.5512767  -0.8343407   0.5000152
   7.2999998   0.5344796  -0.8451983   0.5000143
   7.3199998   0.5174687  -0.8557178   0.5000134
   7.3399998   0.5002509  -0.8658949   0.5000125
   7.3599998   0.4828330  -0.8757258   0.5000117
   7.3799998   0.4652219  -0.8852063   0.5000108
   7.3999998   0.4474247  -0.8943328   0.5000100
   7.4199998   0.4294486  -0.9031015   0.5000092
   7.4399998   0.4113006  -0.9115090   0.5000085
   7.4599998   0.3929882  -0.9195519   0.5000077
   7.4799998   0.3745186  -0.9272270   0.5000070
   7.4999998   0.3558991  -0.9345312   0.5000063
   7.5199998   0.3371373  -0.9414615   0.5000057
   7.5399998   0.3182407  -0.9480153   0.5000051
   7.5599998   0.2992167  -0.9541899   0.5000045
   7.5799998   0.2800731  -0.9599828   0.5000039
   7.5999998   0.2608174  -0.9653917   0.5000034
   7.6199998   0.2414574  -0.9704144   0.5000029
   7.6399998   0.2220008  -0.9750490   0.5000025
   7.6599998   0.2024554  -0.9792936   0.5000020
   7.6799998   0.1828291  -0.9831464   0.5000017
   7.6999998   0.1631296  -0.9866060   0.5000013
   7.7199998   0.1433648  -0.9896709   0.5000010
   7.7399998   0.1235427  -0.9923400   0.5000008
   7.7599998   0.1036712  -0.9946122   0.5000005
   7.7799998   0.0837583  -0.9964865   0.5000004
   7.7999998   0.0638118  -0.9979622   0.5000002
   7.8199998   0.0438398  -0.9990387   0.5000001
   7.8399998   0.0238502  -0.9997156   0.5000000
   7.8599998   0.0038512  -0.9999926   0.5000000
   7.8799998  -0.0161495  -0.9998696   0.5000000
   7.8999998  -0.0361436  -0.9993467   0.5000001
   7.9199998  -0.0561233  -0.9984240   0.5000002
   7.9399998  -0.0760806  -0.9971020   0.5000003
   7.9599998  -0.0960074  -0.9953811   0.5000005
   7.9799998  -0.1158958  -0.9932620   0.5000007
   7.9999998  -0.1357379  -0.9907457   0.5000009
   8.0199998  -0.1555257  -0.9878331   0.5000012
   8.0399998  -0.1752512  -0.9845253   0.5000015
   8.0599998  -0.1949067  -0.9808237   0.5000019
   8.0799998  -0.2144842  -0.9767298   0.5000023
   8.0999998  -0.2339759  -0.9722452   0.5000027
   8.1199998  -0.2533740  -0.9673717   0.5000032
   8.1399998  -0.2726707  -0.9621113   0.5000037
   8.1599998  -0.2918584  -0.9564660   0.5000043
   8.1799998  -0.3109294  -0.9504381   0.5000048
   8.1999998  -0.3298759  -0.9440301   0.5000054
   8.2199998  -0.3486906  -0.9372444   0.5000061
   8.2399998  -0.3673657  -0.9300838   0.5000067
   8.2599998  -0.3858939  -0.9225512   0.5000074
   8.2799998  -0.4042678  -0.9146496   0.5000082
   8.2999998  -0.4224799  -0.9063821   0.5000089
   8.3199998  -0.4405231  -0.8977521   0.5000097
   8.3399998  -0.4583900  -0.8887630   0.5000105
   8.3599998  -0.4760736  -0.8794183   0.5000113
   8.3799998  -0.4935667  -0.8697219   0.5000122
   8.3999998  -0.5108624  -0.8596776   0.5000130
   8.4199998  -0.5279538  -0.8492895   0.5000139
   8.4399998  -0.5448340  -0.8385616   0.5000148
   8.4599998  -0.5614963  -0.8274983   0.5000158
   8.4799998  -0.5779340  -0.8161040   0.5000167
   8.4999998  -0.5941405  -0.8043833   0.5000177
   8.5199998  -0.6101093  -0.7923408   0.5000186
   8.5399998  -0.6258341  -0.7799813   0.5000196
   8.5599998  -0.6413085  -0.7673099   0.5000206
   8.5799998  -0.6565265  -0.7543316   0.5000216
   8.5999998  -0.6714818  -0.7410515   0.5000225
   8.6199998  -0.6861685  -0.7274750   0.5000235
   8.6399998  -0.7005808  -0.7136075   0.5000245
   8.6599998  -0.7147128  -0.6994545   0.5000255
   8.6799998  -0.7285590  -0.6850218   0.5000265
   8.6999998  -0.7421137  -0.6703151   0.5000275
   8.7199998  -0.7553716  -0.6553402   0.5000285
   8.7399998  -0.7683273  -0.6401033   0.5000295
   8.7599998  -0.7809757  -0.6246102   0.5000305
   8.7799998  -0.7933117  -0.6088673   0.5000315
   8.7999998  -0.8053304  -0.5928809   0.5000324
   8.8199998  -0.8170270  -0.5766574   0.5000334
   8.8399998  -0.8283967  -0.5602031   0.5000343
   8.8599998  -0.8394351  -0.5435248   0.5000352
   8.8799998  -0.8501377  -0.5266291   0.5000361
   8.8999998  -0.8605002  -0.5095227   0.5000370
   8.9199998  -0.8705186  -0.4922125   0.5000379
   8.9399998  -0.8801887  -0.4747054   0.5000387
   8.9599998  -0.8895068  -0.4570085   0.5000396
   8.9799998  -0.8984691  -0.4391287   0.5000404
   8.9999998  -0.9070720  -0.4210733   0.5000411
   9.0199998  -0.9153120  -0.4028495   0.5000419
   9.0399998  -0.9231859  -0.3844645   0.5000426
   9.0599998  -0.9306906  -0.3659257   0.5000433
   9.0799998  -0.9378230  -0.3472406   0.5000440
   9.0999998  -0.9445802  -0.3284166   0.5000446
   9.1199998  -0.9509596  -0.3094612   0.5000452
   9.1399998  -0.9569587  -0.2903820   0.5000458
   9.1599998  -0.9625749  -0.2711866   0.5000463
   9.1799998  -0.9678061  -0.2518828   0.5000468
   9.1999998  -0.9726502  -0.2324783   0.5000473
   9.2199998  -0.9771053  -0.2129807   0.5000477
   9.2399998  -0.9811695  -0.1933980   0.5000481
   9.2599998  -0.9848412  -0.1737379   0.5000485
   9.2799998  -0.9881190  -0.1540083   0.5000488
   9.2999998  -0.9910015  -0.1342171   0.5000491
   9.3199998  -0.9934876  -0.1143722   0.5000494
   9.3399998  -0.9955764  -0.0944815   0.5000496
   9.3599998  -0.9972669  -0.0745531   0.5000497
   9.3799998  -0.9985585  -0.0545948   0.5000499
   9.3999998  -0.9994507  -0.0346147   0.5000499
   9.4199998  -0.9999431  -0.0146208   0.5000500
   9.4399998  -1.0000355   0.0053790   0.5000500
   9.4599998  -0.9997279   0.0253766   0.5000500
   9.4799998  -0.9990205   0.0453641   0.5000499
   9.4999998  -0.9979134   0.0653334   0.5000498
   9.5199998  -0.9964071   0.0852766   0.5000496
   9.5399998  -0.9945023   0.1051857   0.5000495
   9.5599998  -0.9921997   0.1250528   0.5000492
   9.5799998  -0.9895002   0.1448697   0.5000490
   9.5999998  -0.9864049   0.1646288   0.5000486
   9.6199998  -0.9829151   0.1843220   0.5000483
   9.6399998  -0.9790320   0.2039415   0.5000479
   9.6599998  -0.9747574   0.2234794   0.5000475
   9.6799998  -0.9700929   0.2429279   0.5000471
   9.6999998  -0.9650403   0.2622792   0.5000466
   9.7199998  -0.9596017   0.2815256   0.5000460
   9.7399998  -0.9537793   0.3006594   0.5000455
   9.7599998  -0.9475753   0.3196730   0.5000449
   9.7799998  -0.9409923   0.3385586   0.5000443
   9.7999998  -0.9340330   0.3573089   0.5000436
   9.8199998  -0.9267000   0.3759162   0.5000429
   9.8399998  -0.9189963   0.3943732   0.5000422
   9.8599998  -0.9109251   0.4126724   0.5000415
   9.8799998  -0.9024894   0.4308066   0.5000407
   9.8999998  -0.8936928   0.4487684   0.5000399
   9.9199998  -0.8845387   0.4665507   0.5000391
   9.9399998  -0.8750308   0.4841464   0.5000383
   9.9599998  -0.8651728   0.5015484   0.5000374
   9.9799998  -0.8549688   0.5187498   0.5000365
   9.9999998  -0.8444228   0.5357437   0.5000357
