    0.00500000    0.00005974
    0.03000000    0.00208481
    0.05500000    0.00675805
    0.08000000    0.01374551
    0.10500000    0.02237464
    0.13000000    0.03175179
    0.15500000    0.04132066
    0.18000000    0.05062707
    0.20500000    0.05904094
    0.23000000    0.06651817
    0.25500000    0.07345962
    0.28000000    0.08011386
    0.30500000    0.08647513
    0.33000000    0.09232235
    0.35500000    0.09788567
    0.38000000    0.10367332
    0.40500000    0.10978163
    0.43000000    0.11562342
    0.45500000    0.12084096
    0.48000000    0.12592749
    0.50500000    0.13131062
    0.53000000    0.13725487
    0.55500000    0.14390993
    0.58000000    0.15096440
    0.60500000    0.15796486
    0.63000000    0.16474922
    0.65500000    0.17114056
    0.68000000    0.17715050
    0.70500000    0.18317180
    0.73000000    0.18958230
    0.75500000    0.19633015
    0.78000000    0.20318409
    0.80500000    0.21013773
    0.83000000    0.21746067
    0.85500000    0.22534286
    0.88000000    0.23362994
    0.90500000    0.24194576
    0.93000000    0.25001238
    0.95500000    0.25769035
    0.98000000    0.26497748
    1.00500000    0.27177534
    1.03000000    0.27835282
    1.05500000    0.28497122
    1.08000000    0.29119652
    1.10500000    0.29668373
    1.13000000    0.30171153
    1.15500000    0.30682132
    1.18000000    0.31227614
    1.20500000    0.31806341
    1.23000000    0.32391113
    1.25500000    0.32987718
    1.28000000    0.33644926
    1.30500000    0.34371413
    1.33000000    0.35125555
    1.35500000    0.35857397
    1.38000000    0.36597221
    1.40500000    0.37394739
    1.43000000    0.38194082
    1.45500000    0.38931693
    1.48000000    0.39607637
    1.50500000    0.40224107
    1.53000000    0.40763169
    1.55500000    0.41232266
    1.58000000    0.41654785
    1.60500000    0.42057489
    1.63000000    0.42478049
    1.65500000    0.42897297
    1.68000000    0.43248251
    1.70500000    0.43494687
    1.73000000    0.43669662
    1.75500000    0.43807120
    1.78000000    0.43961100
    1.80500000    0.44177719
    1.83000000    0.44442486
    1.85500000    0.44709830
    1.88000000    0.44989877
    1.90500000    0.45282495
    1.93000000    0.45624198
    1.95500000    0.46067398
    1.98000000    0.46599484
    2.00500000    0.47148384
    2.03000000    0.47666081
    2.05500000    0.48133040
    2.08000000    0.48630839
    2.10500000    0.49272101
    2.13000000    0.50066280
    2.15500000    0.50957549
    2.18000000    0.51875643
    2.20500000    0.52745684
    2.23000000    0.53534812
    2.25500000    0.54226309
    2.28000000    0.54805814
    2.30500000    0.55355882
    2.33000000    0.55946937
    2.35500000    0.56617887
    2.38000000    0.57373902
    2.40500000    0.58158890
    2.43000000    0.58869533
    2.45500000    0.59467395
    2.48000000    0.60028724
    2.50500000    0.60616906
    2.53000000    0.61250603
    2.55500000    0.61967890
    2.58000000    0.62805204
    2.60500000    0.63748547
    2.63000000    0.64680087
    2.65500000    0.65486193
    2.68000000    0.66157207
    2.70500000    0.66702615
    2.73000000    0.67123441
    2.75500000    0.67431719
    2.78000000    0.67704000
    2.80500000    0.68002857
    2.83000000    0.68365790
    2.85500000    0.68811274
    2.88000000    0.69300103
    2.90500000    0.69818931
    2.93000000    0.70330418
    2.95500000    0.70774918
    2.98000000    0.71102501
    3.00500000    0.71262957
    3.03000000    0.71220082
    3.05500000    0.71044676
    3.08000000    0.70862028
    3.10500000    0.70823059
    3.13000000    0.70946176
    3.15500000    0.71144029
    3.18000000    0.71366126
    3.20500000    0.71556051
    3.23000000    0.71720846
    3.25500000    0.71925796
    3.28000000    0.72210651
    3.30500000    0.72554335
    3.33000000    0.72900559
    3.35500000    0.73180317
    3.38000000    0.73387314
    3.40500000    0.73629269
    3.43000000    0.74020974
    3.45500000    0.74636002
    3.48000000    0.75395779
    3.50500000    0.76175383
    3.53000000    0.76939927
    3.55500000    0.77676151
    3.58000000    0.78369511
    3.60500000    0.79079399
    3.63000000    0.79888691
    3.65500000    0.80777991
    3.68000000    0.81642665
    3.70500000    0.82414833
    3.73000000    0.83083401
    3.75500000    0.83676538
    3.78000000    0.84180620
    3.80500000    0.84571287
    3.83000000    0.84810786
    3.85500000    0.84933194
    3.88000000    0.85058604
    3.90500000    0.85232819
    3.93000000    0.85435526
    3.95500000    0.85679935
    3.98000000    0.85969534
    4.00500000    0.86289775
    4.03000000    0.86602974
    4.05500000    0.86907103
    4.08000000    0.87260773
    4.10500000    0.87720319
    4.13000000    0.88292600
    4.15500000    0.88938575
    4.18000000    0.89592876
    4.20500000    0.90279327
    4.23000000    0.91077836
    4.25500000    0.92057356
    4.28000000    0.93186392
    4.30500000    0.94287526
    4.33000000    0.95206402
    4.35500000    0.95816126
    4.38000000    0.96174262
    4.40500000    0.96353367
    4.43000000    0.96455797
    4.45500000    0.96633861
    4.48000000    0.96983056
    4.50500000    0.97566126
    4.53000000    0.98372412
    4.55500000    0.99262375
    4.58000000    1.00155618
    4.60500000    1.01037755
    4.63000000    1.01886267
    4.65500000    1.02718443
    4.68000000    1.03577081
    4.70500000    1.04475361
    4.73000000    1.05427467
    4.75500000    1.06466070
    4.78000000    1.07525032
    4.80500000    1.08473130
    4.83000000    1.09318799
    4.85500000    1.10138582
    4.88000000    1.11038660
    4.90500000    1.12108073
    4.93000000    1.13332291
    4.95500000    1.14633880
    4.98000000    1.15902237
    5.00500000    1.17085835
    5.03000000    1.18164411
    5.05500000    1.19075329
    5.08000000    1.19833988
    5.10500000    1.20505397
    5.13000000    1.21169184
    5.15500000    1.21796068
    5.18000000    1.22340318
    5.20500000    1.22792588
    5.23000000    1.23159296
    5.25500000    1.23498856
    5.28000000    1.23913735
    5.30500000    1.24398887
    5.33000000    1.24827433
    5.35500000    1.25071871
    5.38000000    1.25164431
    5.40500000    1.25264231
    5.43000000    1.25577041
    5.45500000    1.26177157
    5.48000000    1.26989146
    5.50500000    1.27871972
    5.53000000    1.28618347
    5.55500000    1.29220318
    5.58000000    1.29786718
    5.60500000    1.30414535
    5.63000000    1.31203527
    5.65500000    1.32161135
    5.68000000    1.33267094
    5.70500000    1.34484226
    5.73000000    1.35613690
    5.75500000    1.36528661
    5.78000000    1.37317677
    5.80500000    1.38144573
    5.83000000    1.39050338
    5.85500000    1.39955389
    5.88000000    1.40882338
    5.90500000    1.41823651
    5.93000000    1.42668643
    5.95500000    1.43293083
    5.98000000    1.43733970
    6.00500000    1.44190296
    6.03000000    1.44783198
    6.05500000    1.45494668
    6.08000000    1.46236131
    6.10500000    1.46927944
    6.13000000    1.47500768
    6.15500000    1.47911551
    6.18000000    1.48166988
    6.20500000    1.48302892
    6.23000000    1.48415154
    6.25500000    1.48657895
    6.28000000    1.49129418
    6.30500000    1.49723739
    6.33000000    1.50260865
    6.35500000    1.50655413
    6.38000000    1.50928184
    6.40500000    1.51114236
    6.43000000    1.51253095
    6.45500000    1.51460063
    6.48000000    1.51851401
    6.50500000    1.52366233
    6.53000000    1.52833311
    6.55500000    1.53210584
    6.58000000    1.53555128
    6.60500000    1.53903888
    6.63000000    1.54234004
    6.65500000    1.54542383
    6.68000000    1.54922803
    6.70500000    1.55471485
    6.73000000    1.56211757
    6.75500000    1.57100845
    6.78000000    1.58035581
    6.80500000    1.58911922
    6.83000000    1.59681770
    6.85500000    1.60369292
    6.88000000    1.60932851
    6.90500000    1.61327076
    6.93000000    1.61629124
    6.95500000    1.61898865
    6.98000000    1.62130974
    7.00500000    1.62296866
    7.03000000    1.62378875
    7.05500000    1.62417794
    7.08000000    1.62586075
    7.10500000    1.62991151
    7.13000000    1.63621101
    7.15500000    1.64401281
    7.18000000    1.65227701
    7.20500000    1.66088851
    7.23000000    1.66974938
    7.25500000    1.67821200
    7.28000000    1.68507561
    7.30500000    1.69066617
    7.33000000    1.69604373
    7.35500000    1.70137383
    7.38000000    1.70771438
    7.40500000    1.71504282
    7.43000000    1.72262717
    7.45500000    1.72904610
    7.48000000    1.73394749
    7.50500000    1.73736364
    7.53000000    1.73874139
    7.55500000    1.73893211
    7.58000000    1.73972412
    7.60500000    1.74215185
    7.63000000    1.74553463
    7.65500000    1.74883205
    7.68000000    1.75194126
    7.70500000    1.75534495
    7.73000000    1.75883075
    7.75500000    1.76273885
    7.78000000    1.76804863
    7.80500000    1.77558845
    7.83000000    1.78513241
    7.85500000    1.79530670
    7.88000000    1.80459567
    7.90500000    1.81192750
    7.93000000    1.81765205
    7.95500000    1.82269866
    7.98000000    1.82770797
    8.00500000    1.83514692
    8.03000000    1.84628020
    8.05500000    1.86073338
    8.08000000    1.87793688
    8.10500000    1.89663933
    8.13000000    1.91594812
    8.15500000    1.93522928
    8.18000000    1.95379738
    8.20500000    1.97127518
    8.23000000    1.98673694
    8.25500000    1.99919531
    8.28000000    2.00873478
    8.30500000    2.01702126
    8.33000000    2.02605031
    8.35500000    2.03707302
    8.38000000    2.04914192
    8.40500000    2.05994790
    8.43000000    2.06793839
    8.45500000    2.07238881
    8.48000000    2.07336955
    8.50500000    2.07187058
    8.53000000    2.06940798
    8.55500000    2.06780797
    8.58000000    2.06786585
    8.60500000    2.06966189
    8.63000000    2.07319131
    8.65500000    2.07848562
    8.68000000    2.08654717
    8.70500000    2.09824426
    8.73000000    2.11229761
    8.75500000    2.12602081
    8.78000000    2.13705917
    8.80500000    2.14453870
    8.83000000    2.14956548
    8.85500000    2.15399234
    8.88000000    2.15812628
    8.90500000    2.16118969
    8.93000000    2.16348315
    8.95500000    2.16626160
    8.98000000    2.16993556
    9.00500000    2.17501515
    9.03000000    2.18272265
    9.05500000    2.19333126
    9.08000000    2.20455173
    9.10500000    2.21380635
    9.13000000    2.22060629
    9.15500000    2.22542263
    9.18000000    2.22910443
    9.20500000    2.23282951
    9.23000000    2.23799127
    9.25500000    2.24456753
    9.28000000    2.25106162
    9.30500000    2.25665287
    9.33000000    2.26137310
    9.35500000    2.26603871
    9.38000000    2.27082637
    9.40500000    2.27543254
    9.43000000    2.28044751
    9.45500000    2.28646921
    9.48000000    2.29308411
    9.50500000    2.29843547
    9.53000000    2.30129128
    9.55500000    2.30199723
    9.58000000    2.30134283
    9.60500000    2.30051238
    9.63000000    2.30071573
    9.65500000    2.30220426
    9.68000000    2.30497554
    9.70500000    2.30877567
    9.73000000    2.31196718
    9.75500000    2.31297761
    9.78000000    2.31165862
    9.80500000    2.31018569
    9.83000000    2.31077763
    9.85500000    2.31384128
    9.88000000    2.31903330
    9.90500000    2.32635571
    9.93000000    2.33517371
    9.95500000    2.34366844
    9.98000000    2.34972408
   10.00500000    2.35317338
   10.03000000    2.35466100
   10.05500000    2.35590184
   10.08000000    2.35860112
   10.10500000    2.36285125
   10.13000000    2.36817394
   10.15500000    2.37420022
   10.18000000    2.38096066
   10.20500000    2.38879623
   10.23000000    2.39809318
   10.25500000    2.40759261
   10.28000000    2.41461092
   10.30500000    2.41724073
   10.33000000    2.41525509
   10.35500000    2.41063485
   10.38000000    2.40522622
   10.40500000    2.40039243
   10.43000000    2.39767069
   10.45500000    2.39757614
   10.48000000    2.39966194
   10.50500000    2.40257937
   10.53000000    2.40513971
   10.55500000    2.40703874
   10.58000000    2.40933168
   10.60500000    2.41310765
   10.63000000    2.41852279
   10.65500000    2.42518419
   10.68000000    2.43265996
   10.70500000    2.44085258
   10.73000000    2.45015259
   10.75500000    2.46098993
   10.78000000    2.47432468
   10.80500000    2.49013446
   10.83000000    2.50686478
   10.85500000    2.52207896
   10.88000000    2.53421458
   10.90500000    2.54321818
   10.93000000    2.54986170
   10.95500000    2.55520423
   10.98000000    2.55966340
   11.00500000    2.56397241
   11.03000000    2.56830074
   11.05500000    2.57223245
   11.08000000    2.57547289
   11.10500000    2.57764954
   11.13000000    2.57831200
   11.15500000    2.57717248
   11.18000000    2.57603524
   11.20500000    2.57692984
   11.23000000    2.57833608
   11.25500000    2.57744977
   11.28000000    2.57349965
   11.30500000    2.56775813
   11.33000000    2.56283997
   11.35500000    2.56002638
   11.38000000    2.55942820
   11.40500000    2.56059832
   11.43000000    2.56269513
   11.45500000    2.56602511
   11.48000000    2.57201469
   11.50500000    2.58021293
   11.53000000    2.59021146
   11.55500000    2.60208026
   11.58000000    2.61674974
   11.60500000    2.63468303
   11.63000000    2.65274133
   11.65500000    2.66642328
   11.68000000    2.67510718
   11.70500000    2.68136174
   11.73000000    2.68715266
   11.75500000    2.69298538
   11.78000000    2.69814196
   11.80500000    2.70308221
   11.83000000    2.70885726
   11.85500000    2.71463513
   11.88000000    2.72030451
   11.90500000    2.72571900
   11.93000000    2.73060528
   11.95500000    2.73574133
   11.98000000    2.74205544
   12.00500000    2.74932703
   12.03000000    2.75631562
   12.05500000    2.76358345
   12.08000000    2.77260283
   12.10500000    2.78377953
   12.13000000    2.79618951
   12.15500000    2.80859052
   12.18000000    2.81991541
   12.20500000    2.82939128
   12.23000000    2.83755318
   12.25500000    2.84627129
   12.28000000    2.85714074
   12.30500000    2.87020692
   12.33000000    2.88502771
   12.35500000    2.90033166
   12.38000000    2.91373938
   12.40500000    2.92489794
   12.43000000    2.93350320
   12.45500000    2.93842790
   12.48000000    2.94039301
   12.50500000    2.94180210
   12.53000000    2.94465148
   12.55500000    2.95010257
   12.58000000    2.95765450
   12.60500000    2.96508429
   12.63000000    2.97026251
   12.65500000    2.97221962
   12.68000000    2.97241106
   12.70500000    2.97299281
   12.73000000    2.97537173
   12.75500000    2.97938862
   12.78000000    2.98286663
   12.80500000    2.98396546
   12.83000000    2.98220019
   12.85500000    2.97945452
   12.88000000    2.97883695
   12.90500000    2.98056184
   12.93000000    2.98280391
   12.95500000    2.98519014
   12.98000000    2.98905385
   13.00500000    2.99548288
   13.03000000    3.00377478
   13.05500000    3.01363678
   13.08000000    3.02490470
   13.10500000    3.03654333
   13.13000000    3.04745083
   13.15500000    3.05747764
   13.18000000    3.06680945
   13.20500000    3.07506079
   13.23000000    3.08139400
   13.25500000    3.08459757
   13.28000000    3.08466162
   13.30500000    3.08350120
   13.33000000    3.08369625
   13.35500000    3.08693006
   13.38000000    3.09381979
   13.40500000    3.10370663
   13.43000000    3.11548084
   13.45500000    3.12782069
   13.48000000    3.13917866
   13.50500000    3.14820258
   13.53000000    3.15506210
   13.55500000    3.16022530
   13.58000000    3.16406526
   13.60500000    3.16774372
   13.63000000    3.17305790
   13.65500000    3.18105526
   13.68000000    3.19082559
   13.70500000    3.20010851
   13.73000000    3.20745082
   13.75500000    3.21311551
   13.78000000    3.21805670
   13.80500000    3.22380799
   13.83000000    3.23112133
   13.85500000    3.23977839
   13.88000000    3.24992622
   13.90500000    3.26103610
   13.93000000    3.27254322
   13.95500000    3.28463480
   13.98000000    3.29762224
   14.00500000    3.31127674
   14.03000000    3.32365259
   14.05500000    3.33352627
   14.08000000    3.34169422
   14.10500000    3.34960741
   14.13000000    3.35710870
   14.15500000    3.36373949
   14.18000000    3.37005171
   14.20500000    3.37617642
   14.23000000    3.38166213
   14.25500000    3.38696894
   14.28000000    3.39352511
   14.30500000    3.40188362
   14.33000000    3.41159182
   14.35500000    3.42175166
   14.38000000    3.43123102
   14.40500000    3.43906208
   14.43000000    3.44415801
   14.45500000    3.44634265
   14.48000000    3.44798288
   14.50500000    3.45070957
   14.53000000    3.45450713
   14.55500000    3.45894001
   14.58000000    3.46310738
   14.60500000    3.46624906
   14.63000000    3.46809942
   14.65500000    3.46856477
   14.68000000    3.46776187
   14.70500000    3.46764812
   14.73000000    3.47085208
   14.75500000    3.47852944
   14.78000000    3.48923051
   14.80500000    3.50208035
   14.83000000    3.51680251
   14.85500000    3.53179535
   14.88000000    3.54515889
   14.90500000    3.55663395
   14.93000000    3.56689108
   14.95500000    3.57641814
   14.98000000    3.58568869
   15.00500000    3.59499965
   15.03000000    3.60424704
   15.05500000    3.61244537
   15.08000000    3.61718903
   15.10500000    3.61714155
   15.13000000    3.61345081
   15.15500000    3.60789838
   15.18000000    3.60312526
   15.20500000    3.60269832
   15.23000000    3.60805851
   15.25500000    3.61830746
   15.28000000    3.63197756
   15.30500000    3.64657286
   15.33000000    3.65988302
   15.35500000    3.67092345
   15.38000000    3.68061853
   15.40500000    3.68993124
   15.43000000    3.69814014
   15.45500000    3.70604001
   15.48000000    3.71484273
   15.50500000    3.72511637
   15.53000000    3.73719920
   15.55500000    3.75084505
   15.58000000    3.76456977
   15.60500000    3.77732566
   15.63000000    3.78941049
   15.65500000    3.80152104
   15.68000000    3.81295421
   15.70500000    3.82215223
   15.73000000    3.82768611
   15.75500000    3.82907809
   15.78000000    3.82843272
   15.80500000    3.82755722
   15.83000000    3.82731443
   15.85500000    3.82822516
   15.88000000    3.83087185
   15.90500000    3.83664277
   15.93000000    3.84548183
   15.95500000    3.85539098
   15.98000000    3.86468440
   16.00500000    3.87240538
   16.03000000    3.87789288
   16.05500000    3.88033333
   16.08000000    3.88078717
   16.10500000    3.88118946
   16.13000000    3.88236252
   16.15500000    3.88400716
   16.18000000    3.88599719
   16.20500000    3.88951387
   16.23000000    3.89449878
   16.25500000    3.89983910
   16.28000000    3.90394818
   16.30500000    3.90636563
   16.33000000    3.90838573
   16.35500000    3.91087996
   16.38000000    3.91382124
   16.40500000    3.91717153
   16.43000000    3.92144691
   16.45500000    3.92684544
   16.48000000    3.93280084
   16.50500000    3.93933882
   16.53000000    3.94826341
   16.55500000    3.96018930
   16.58000000    3.97354407
   16.60500000    3.98588123
   16.63000000    3.99556002
   16.65500000    4.00325946
   16.68000000    4.00978004
   16.70500000    4.01407244
   16.73000000    4.01582554
   16.75500000    4.01639977
   16.78000000    4.01704503
   16.80500000    4.01832271
   16.83000000    4.02038006
   16.85500000    4.02231275
   16.88000000    4.02273901
   16.90500000    4.02205280
   16.93000000    4.02277906
   16.95500000    4.02712511
   16.98000000    4.03478079
   17.00500000    4.04444502
   17.03000000    4.05558494
   17.05500000    4.06767867
   17.08000000    4.07858787
   17.10500000    4.08563318
   17.13000000    4.08818715
   17.15500000    4.08733140
   17.18000000    4.08403084
   17.20500000    4.07959113
   17.23000000    4.07738845
   17.25500000    4.08078280
   17.28000000    4.09082053
   17.30500000    4.10591831
   17.33000000    4.12271574
   17.35500000    4.13847802
   17.38000000    4.15291802
   17.40500000    4.16667975
   17.43000000    4.17961090
   17.45500000    4.19146427
   17.48000000    4.20319328
   17.50500000    4.21534226
   17.53000000    4.22719788
   17.55500000    4.23800479
   17.58000000    4.24740270
   17.60500000    4.25526510
   17.63000000    4.26132487
   17.65500000    4.26563947
   17.68000000    4.26885406
   17.70500000    4.27286510
   17.73000000    4.27917652
   17.75500000    4.28786180
   17.78000000    4.29962941
   17.80500000    4.31483880
   17.83000000    4.33276550
   17.85500000    4.35211615
   17.88000000    4.37188425
   17.90500000    4.39150775
   17.93000000    4.41010151
   17.95500000    4.42759067
   17.98000000    4.44414629
   18.00500000    4.45813975
   18.03000000    4.46763156
   18.05500000    4.47220108
   18.08000000    4.47226900
   18.10500000    4.47114948
   18.13000000    4.47323166
   18.15500000    4.47897445
   18.18000000    4.48529846
   18.20500000    4.48971573
   18.23000000    4.49187866
   18.25500000    4.49228408
   18.28000000    4.49173177
   18.30500000    4.49150680
   18.33000000    4.49366382
   18.35500000    4.49937149
   18.38000000    4.50889445
   18.40500000    4.52150661
   18.43000000    4.53490559
   18.45500000    4.54702245
   18.48000000    4.55821653
   18.50500000    4.56965851
   18.53000000    4.58125862
   18.55500000    4.59170156
   18.58000000    4.59964913
   18.60500000    4.60461224
   18.63000000    4.60696243
   18.65500000    4.60737320
   18.68000000    4.60659818
   18.70500000    4.60654514
   18.73000000    4.60810468
   18.75500000    4.60989399
   18.78000000    4.61147133
   18.80500000    4.61370213
   18.83000000    4.61766183
   18.85500000    4.62277998
   18.88000000    4.62631799
   18.90500000    4.62675930
   18.93000000    4.62637591
   18.95500000    4.62836378
   18.98000000    4.63370511
   19.00500000    4.64301510
   19.03000000    4.65629671
   19.05500000    4.67166534
   19.08000000    4.68678525
   19.10500000    4.69972217
   19.13000000    4.70949939
   19.15500000    4.71749117
   19.18000000    4.72525290
   19.20500000    4.73202960
   19.23000000    4.73699781
   19.25500000    4.74058201
   19.28000000    4.74436303
   19.30500000    4.75036616
   19.33000000    4.75753280
   19.35500000    4.76283514
   19.38000000    4.76490425
   19.40500000    4.76505866
   19.43000000    4.76590518
   19.45500000    4.76928256
   19.48000000    4.77459672
   19.50500000    4.78057051
   19.53000000    4.78618978
   19.55500000    4.79148722
   19.58000000    4.79693846
   19.60500000    4.80282131
   19.63000000    4.80866693
   19.65500000    4.81548420
   19.68000000    4.82432866
   19.70500000    4.83570522
   19.73000000    4.84944939
   19.75500000    4.86434897
   19.78000000    4.87915626
   19.80500000    4.89358330
   19.83000000    4.90799764
   19.85500000    4.92218878
   19.88000000    4.93635905
   19.90500000    4.95093030
   19.93000000    4.96579921
   19.95500000    4.98141500
   19.98000000    4.99785919
   20.00500000    5.01474298
   20.03000000    5.03184122
   20.05500000    5.04754915
   20.08000000    5.06007919
   20.10500000    5.06834728
   20.13000000    5.07204625
   20.15500000    5.07230186
   20.18000000    5.07091860
   20.20500000    5.06876439
   20.23000000    5.06510812
   20.25500000    5.05832132
   20.28000000    5.04774599
   20.30500000    5.03532408
   20.33000000    5.02421825
   20.35500000    5.01649156
   20.38000000    5.01182789
   20.40500000    5.00757802
   20.43000000    5.00356087
   20.45500000    5.00275853
   20.48000000    5.00638330
   20.50500000    5.01194909
   20.53000000    5.01925071
   20.55500000    5.02971915
   20.58000000    5.04310852
   20.60500000    5.05772962
   20.63000000    5.07304498
   20.65500000    5.08795100
   20.68000000    5.10043053
   20.70500000    5.11036609
   20.73000000    5.11892156
   20.75500000    5.12775453
   20.78000000    5.13712432
   20.80500000    5.14683563
   20.83000000    5.15659526
   20.85500000    5.16544586
   20.88000000    5.17270175
   20.90500000    5.17835933
   20.93000000    5.18335368
   20.95500000    5.19012210
   20.98000000    5.19883989
   21.00500000    5.20766043
   21.03000000    5.21428060
   21.05500000    5.21765963
   21.08000000    5.21981157
   21.10500000    5.22328969
   21.13000000    5.22935822
   21.15500000    5.23860542
   21.18000000    5.25146137
   21.20500000    5.26767283
   21.23000000    5.28443105
   21.25500000    5.29840442
   21.28000000    5.30936480
   21.30500000    5.31975076
   21.33000000    5.33159987
   21.35500000    5.34578015
   21.38000000    5.36133407
   21.40500000    5.37626902
   21.43000000    5.38913093
   21.45500000    5.39991221
   21.48000000    5.41039897
   21.50500000    5.42141566
   21.53000000    5.43177713
   21.55500000    5.44100530
   21.58000000    5.44962324
   21.60500000    5.45816451
   21.63000000    5.46593431
   21.65500000    5.47220403
   21.68000000    5.47735638
   21.70500000    5.48233698
   21.73000000    5.48708667
   21.75500000    5.49157904
   21.78000000    5.49757047
   21.80500000    5.50573921
   21.83000000    5.51494909
   21.85500000    5.52370281
   21.88000000    5.53223593
   21.90500000    5.54188768
   21.93000000    5.55308346
   21.95500000    5.56538027
   21.98000000    5.57697260
   22.00500000    5.58426988
   22.03000000    5.58483952
   22.05500000    5.58096105
   22.08000000    5.57732803
   22.10500000    5.57598164
   22.13000000    5.57465029
   22.15500000    5.57155674
   22.18000000    5.56804948
   22.20500000    5.56430514
   22.23000000    5.55922839
   22.25500000    5.55329047
   22.28000000    5.54829718
   22.30500000    5.54525088
   22.33000000    5.54329376
   22.35500000    5.54105508
   22.38000000    5.53716868
   22.40500000    5.53142894
   22.43000000    5.52583965
   22.45500000    5.52341725
   22.48000000    5.52593020
   22.50500000    5.53372684
   22.53000000    5.54427034
   22.55500000    5.55498570
   22.58000000    5.56528153
   22.60500000    5.57571946
   22.63000000    5.58696946
   22.65500000    5.59888189
   22.68000000    5.61106798
   22.70500000    5.62293265
   22.73000000    5.63320323
   22.75500000    5.64132755
   22.78000000    5.64818814
   22.80500000    5.65362600
   22.83000000    5.65715419
   22.85500000    5.65999445
   22.88000000    5.66305913
   22.90500000    5.66574624
   22.93000000    5.66586251
   22.95500000    5.66329551
   22.98000000    5.66007476
   23.00500000    5.65700055
   23.03000000    5.65310092
   23.05500000    5.64726049
   23.08000000    5.64172722
   23.10500000    5.63932248
   23.13000000    5.63956021
   23.15500000    5.63942439
   23.18000000    5.63778635
   23.20500000    5.63615948
   23.23000000    5.63540218
   23.25500000    5.63574324
   23.28000000    5.63702428
   23.30500000    5.63742373
   23.33000000    5.63573572
   23.35500000    5.63181383
   23.38000000    5.62623939
   23.40500000    5.62086672
   23.43000000    5.61762418
   23.45500000    5.61776072
   23.48000000    5.62188981
   23.50500000    5.62967579
   23.53000000    5.63960114
   23.55500000    5.65010037
   23.58000000    5.65998030
   23.60500000    5.66858632
   23.63000000    5.67568643
   23.65500000    5.68188509
   23.68000000    5.68672841
   23.70500000    5.68975590
   23.73000000    5.69135892
   23.75500000    5.69259162
   23.78000000    5.69445270
   23.80500000    5.69872366
   23.83000000    5.70719392
   23.85500000    5.71825140
   23.88000000    5.72934817
   23.90500000    5.73936294
   23.93000000    5.74743533
   23.95500000    5.75564589
   23.98000000    5.76730714
   24.00500000    5.78233939
   24.03000000    5.79699289
   24.05500000    5.80822599
   24.08000000    5.81534096
   24.10500000    5.81779417
   24.13000000    5.81587048
   24.15500000    5.81227680
   24.18000000    5.81095022
   24.20500000    5.81412102
   24.23000000    5.82044818
   24.25500000    5.82702248
   24.28000000    5.83529002
   24.30500000    5.84945609
   24.33000000    5.86935297
   24.35500000    5.89158987
   24.38000000    5.91323405
   24.40500000    5.93246230
   24.43000000    5.94930731
   24.45500000    5.96558872
   24.48000000    5.98099256
   24.50500000    5.99388438
   24.53000000    6.00448941
   24.55500000    6.01178364
   24.58000000    6.01376663
   24.60500000    6.00961509
   24.63000000    5.99986059
   24.65500000    5.98777831
   24.68000000    5.97824842
   24.70500000    5.97520343
   24.73000000    5.97927048
   24.75500000    5.98841943
   24.78000000    6.00047822
   24.80500000    6.01284912
   24.83000000    6.02240515
   24.85500000    6.02793315
   24.88000000    6.03071961
   24.90500000    6.03342274
   24.93000000    6.03767961
   24.95500000    6.04239774
   24.98000000    6.04575412
   25.00500000    6.04523115
   25.03000000    6.03949232
   25.05500000    6.02988150
   25.08000000    6.02007569
   25.10500000    6.01321853
   25.13000000    6.01143462
   25.15500000    6.01553033
   25.18000000    6.02423140
   25.20500000    6.03519194
   25.23000000    6.04610661
   25.25500000    6.05587892
   25.28000000    6.06517718
   25.30500000    6.07476255
   25.33000000    6.08400723
   25.35500000    6.09330234
   25.38000000    6.10504821
   25.40500000    6.11913836
   25.43000000    6.13253179
   25.45500000    6.14331042
   25.48000000    6.15372279
   25.50500000    6.16599542
   25.53000000    6.17865412
   25.55500000    6.18974788
   25.58000000    6.19815201
   25.60500000    6.20388998
   25.63000000    6.20865827
   25.65500000    6.21401658
   25.68000000    6.22062867
   25.70500000    6.23004574
   25.73000000    6.24351295
   25.75500000    6.26097663
   25.78000000    6.28115819
   25.80500000    6.30207404
   25.83000000    6.32123294
   25.85500000    6.33729249
   25.88000000    6.35060339
   25.90500000    6.36169472
   25.93000000    6.37107674
   25.95500000    6.37827892
   25.98000000    6.38000066
   26.00500000    6.37358422
   26.03000000    6.35918605
   26.05500000    6.33938568
   26.08000000    6.31853850
   26.10500000    6.29981249
   26.13000000    6.28523804
   26.15500000    6.27707314
   26.18000000    6.27561879
   26.20500000    6.27872649
   26.23000000    6.28333761
   26.25500000    6.28619760
   26.28000000    6.28765527
   26.30500000    6.29021726
   26.33000000    6.29560131
   26.35500000    6.30471806
   26.38000000    6.31728135
   26.40500000    6.33126539
   26.43000000    6.34444704
   26.45500000    6.35334213
   26.48000000    6.35554337
   26.50500000    6.35347337
   26.53000000    6.35084747
   26.55500000    6.35109825
   26.58000000    6.35554302
   26.60500000    6.36329875
   26.63000000    6.37301972
   26.65500000    6.38378445
   26.68000000    6.39415342
   26.70500000    6.40421124
   26.73000000    6.41499982
   26.75500000    6.42670410
   26.78000000    6.43693561
   26.80500000    6.44421761
   26.83000000    6.44790755
   26.85500000    6.44876308
   26.88000000    6.44958907
   26.90500000    6.45289944
   26.93000000    6.45981349
   26.95500000    6.46992463
   26.98000000    6.48241473
   27.00500000    6.49572026
   27.03000000    6.50834882
   27.05500000    6.52021420
   27.08000000    6.53242473
   27.10500000    6.54394369
   27.13000000    6.55172733
   27.15500000    6.55386092
   27.18000000    6.55379576
   27.20500000    6.55733861
   27.23000000    6.56668754
   27.25500000    6.57925176
   27.28000000    6.58970185
   27.30500000    6.59603457
   27.33000000    6.59981904
   27.35500000    6.60264867
   27.38000000    6.60617242
   27.40500000    6.60948983
   27.43000000    6.61058625
   27.45500000    6.60945120
   27.48000000    6.60632175
   27.50500000    6.60295451
   27.53000000    6.60445643
   27.55500000    6.61301133
   27.58000000    6.62561732
   27.60500000    6.63878734
   27.63000000    6.65029127
   27.65500000    6.65983787
   27.68000000    6.66928674
   27.70500000    6.68099031
   27.73000000    6.69583035
   27.75500000    6.71252168
   27.78000000    6.72936950
   27.80500000    6.74350653
   27.83000000    6.75192866
   27.85500000    6.75756152
   27.88000000    6.76466137
   27.90500000    6.77587839
   27.93000000    6.79063027
   27.95500000    6.80483373
   27.98000000    6.81516509
   28.00500000    6.82110318
   28.03000000    6.82346265
   28.05500000    6.82353121
   28.08000000    6.82330050
   28.10500000    6.82487114
   28.13000000    6.82950353
   28.15500000    6.83672558
   28.18000000    6.84472347
   28.20500000    6.85170330
   28.23000000    6.85704672
   28.25500000    6.86244178
   28.28000000    6.86979100
   28.30500000    6.87871016
   28.33000000    6.88757318
   28.35500000    6.89531059
   28.38000000    6.90219957
   28.40500000    6.90993880
   28.43000000    6.92075944
   28.45500000    6.93340728
   28.48000000    6.94470567
   28.50500000    6.95344526
   28.53000000    6.95956386
   28.55500000    6.96392426
   28.58000000    6.96798062
   28.60500000    6.97344343
   28.63000000    6.98214750
   28.65500000    6.99355789
   28.68000000    7.00458151
   28.70500000    7.01287431
   28.73000000    7.01961513
   28.75500000    7.02512820
   28.78000000    7.02674680
   28.80500000    7.02361629
   28.83000000    7.01709291
   28.85500000    7.00965844
   28.88000000    7.00464961
   28.90500000    7.00448886
   28.93000000    7.01079708
   28.95500000    7.02229203
   28.98000000    7.03650104
   29.00500000    7.05135828
   29.03000000    7.06410261
   29.05500000    7.07073434
   29.08000000    7.07045212
   29.10500000    7.06735346
   29.13000000    7.06537458
   29.15500000    7.06653036
   29.18000000    7.07026973
   29.20500000    7.07510384
   29.23000000    7.08100874
   29.25500000    7.08624002
   29.28000000    7.08816508
   29.30500000    7.08597154
   29.33000000    7.08104227
   29.35500000    7.07420899
   29.38000000    7.06702089
   29.40500000    7.06252014
   29.43000000    7.06246116
   29.45500000    7.06484316
   29.48000000    7.06723662
   29.50500000    7.06988905
   29.53000000    7.07354080
   29.55500000    7.07982052
   29.58000000    7.08870233
   29.60500000    7.09897124
   29.63000000    7.10922988
   29.65500000    7.12048124
   29.68000000    7.13417139
   29.70500000    7.15151057
   29.73000000    7.17425564
   29.75500000    7.19881398
   29.78000000    7.22087387
   29.80500000    7.23839962
   29.83000000    7.24945396
   29.85500000    7.25184098
   29.88000000    7.24798071
   29.90500000    7.23982966
   29.93000000    7.22605710
   29.95500000    7.20703789
   29.98000000    7.18643859
   30.00500000    7.16748266
   30.03000000    7.15198414
   30.05500000    7.13998568
   30.08000000    7.13110576
   30.10500000    7.12584300
   30.13000000    7.12570590
   30.15500000    7.13186878
   30.18000000    7.14435710
   30.20500000    7.16250039
   30.23000000    7.18370715
   30.25500000    7.20341539
   30.28000000    7.21775627
   30.30500000    7.22679167
   30.33000000    7.23076633
   30.35500000    7.23131404
   30.38000000    7.23410205
   30.40500000    7.24391184
   30.43000000    7.26001712
   30.45500000    7.27805482
   30.48000000    7.29526723
   30.50500000    7.31075305
   30.53000000    7.32387212
   30.55500000    7.33441517
   30.58000000    7.34357275
   30.60500000    7.35298564
   30.63000000    7.36451196
   30.65500000    7.37870087
   30.68000000    7.39341309
   30.70500000    7.40736877
   30.73000000    7.41981764
   30.75500000    7.42987397
   30.78000000    7.44003217
   30.80500000    7.45358851
   30.83000000    7.47033150
   30.85500000    7.48812730
   30.88000000    7.50476538
   30.90500000    7.51935985
   30.93000000    7.53467348
   30.95500000    7.55347899
   30.98000000    7.57455829
   31.00500000    7.59372836
   31.03000000    7.60762151
   31.05500000    7.61535260
   31.08000000    7.61753195
   31.10500000    7.61570657
   31.13000000    7.61181532
   31.15500000    7.60828962
   31.18000000    7.60709054
   31.20500000    7.60807836
   31.23000000    7.60912989
   31.25500000    7.60984950
   31.28000000    7.61141586
   31.30500000    7.61299456
   31.33000000    7.61352948
   31.35500000    7.61347738
   31.38000000    7.61237659
   31.40500000    7.60878330
   31.43000000    7.60250696
   31.45500000    7.59580024
   31.48000000    7.59325226
   31.50500000    7.59870176
   31.53000000    7.61136590
   31.55500000    7.62917807
   31.58000000    7.65006531
   31.60500000    7.67093411
   31.63000000    7.68962997
   31.65500000    7.70512019
   31.68000000    7.71824548
   31.70500000    7.73113074
   31.73000000    7.74667105
   31.75500000    7.76644043
   31.78000000    7.78995567
   31.80500000    7.81568969
   31.83000000    7.84200408
   31.85500000    7.86381781
   31.88000000    7.87999103
   31.90500000    7.89292359
   31.93000000    7.90209799
   31.95500000    7.90701236
   31.98000000    7.90762123
   32.00500000    7.90510348
   32.03000000    7.90154854
   32.05500000    7.89890587
   32.08000000    7.90037790
   32.10500000    7.90995148
   32.13000000    7.92809831
   32.15500000    7.95182103
   32.18000000    7.97910724
   32.20500000    8.00809737
   32.23000000    8.03609635
   32.25500000    8.06196018
   32.28000000    8.08497559
   32.30500000    8.10343523
   32.33000000    8.11676633
   32.35500000    8.12779836
   32.38000000    8.14039358
   32.40500000    8.15661640
   32.43000000    8.17599428
   32.45500000    8.19678391
   32.48000000    8.21837339
   32.50500000    8.24227159
   32.53000000    8.26864471
   32.55500000    8.29482777
   32.58000000    8.31773154
   32.60500000    8.33675355
   32.63000000    8.35180791
   32.65500000    8.36292606
   32.68000000    8.37086175
   32.70500000    8.37582786
   32.73000000    8.37788835
   32.75500000    8.37734608
   32.78000000    8.37302350
   32.80500000    8.36299873
   32.83000000    8.34860243
   32.85500000    8.33318653
   32.88000000    8.31984346
   32.90500000    8.30907387
   32.93000000    8.30153573
   32.95500000    8.29940130
   32.98000000    8.30244716
   33.00500000    8.30576946
   33.03000000    8.30299004
   33.05500000    8.29111333
   33.08000000    8.27398579
   33.10500000    8.25973312
   33.13000000    8.25085631
   33.15500000    8.24498072
   33.18000000    8.24219666
   33.20500000    8.24388294
   33.23000000    8.24833624
   33.25500000    8.25195552
   33.28000000    8.25263065
   33.30500000    8.25242288
   33.33000000    8.25312064
   33.35500000    8.25530330
   33.38000000    8.25908285
   33.40500000    8.26479006
   33.43000000    8.27515141
   33.45500000    8.29160151
   33.48000000    8.31087539
   33.50500000    8.32887658
   33.53000000    8.34431390
   33.55500000    8.35949118
   33.58000000    8.37786980
   33.60500000    8.39965075
   33.63000000    8.42231404
   33.65500000    8.44411890
   33.68000000    8.46345626
   33.70500000    8.47858524
   33.73000000    8.48870071
   33.75500000    8.49357556
   33.78000000    8.49356108
   33.80500000    8.48952116
   33.83000000    8.48351772
   33.85500000    8.47744392
   33.88000000    8.47224554
   33.90500000    8.46669955
   33.93000000    8.45914978
   33.95500000    8.45092268
   33.98000000    8.44614231
   34.00500000    8.44784468
   34.03000000    8.45368963
   34.05500000    8.45927156
   34.08000000    8.46407002
   34.10500000    8.46790687
   34.13000000    8.46850047
   34.15500000    8.46511509
   34.18000000    8.46041365
   34.20500000    8.45788117
   34.23000000    8.45892384
   34.25500000    8.46372251
   34.28000000    8.47262696
   34.30500000    8.48616876
   34.33000000    8.50490933
   34.35500000    8.52690143
   34.38000000    8.54940702
   34.40500000    8.57003257
   34.43000000    8.58735013
   34.45500000    8.60206516
   34.48000000    8.61481114
   34.50500000    8.62594776
   34.53000000    8.63762451
   34.55500000    8.65241485
   34.58000000    8.66969585
   34.60500000    8.68646762
   34.63000000    8.69968565
   34.65500000    8.70791285
   34.68000000    8.71240077
   34.70500000    8.71599876
   34.73000000    8.71985480
   34.75500000    8.72404141
   34.78000000    8.72966343
   34.80500000    8.73881340
   34.83000000    8.75162185
   34.85500000    8.76584172
   34.88000000    8.77966303
   34.90500000    8.79276928
   34.93000000    8.80542665
   34.95500000    8.81644507
   34.98000000    8.82444129
   35.00500000    8.82959525
   35.03000000    8.83332759
   35.05500000    8.83604012
   35.08000000    8.83732564
   35.10500000    8.83756566
   35.13000000    8.83713096
   35.15500000    8.83572759
   35.18000000    8.83419478
   35.20500000    8.83459007
   35.23000000    8.83752271
   35.25500000    8.84080928
   35.28000000    8.84127641
   35.30500000    8.84043475
   35.33000000    8.84325471
   35.35500000    8.85146961
   35.38000000    8.86184438
   35.40500000    8.86913081
   35.43000000    8.87041640
   35.45500000    8.86743879
   35.48000000    8.86159335
   35.50500000    8.85472807
   35.53000000    8.84809245
   35.55500000    8.84226404
   35.58000000    8.83777424
   35.60500000    8.83551666
   35.63000000    8.83564130
   35.65500000    8.83668808
   35.68000000    8.83732864
   35.70500000    8.83932327
   35.73000000    8.84446935
   35.75500000    8.85302329
   35.78000000    8.86309392
   35.80500000    8.87058633
   35.83000000    8.87187027
   35.85500000    8.86758550
   35.88000000    8.86030326
   35.90500000    8.85340710
   35.93000000    8.84886980
   35.95500000    8.84681274
   35.98000000    8.84780484
   36.00500000    8.85193914
   36.03000000    8.85655712
   36.05500000    8.85797228
   36.08000000    8.85516048
   36.10500000    8.84968373
   36.13000000    8.84321436
   36.15500000    8.83682078
   36.18000000    8.83086855
   36.20500000    8.82650700
   36.23000000    8.82450080
   36.25500000    8.82509383
   36.28000000    8.83012163
   36.30500000    8.84151439
   36.33000000    8.85827267
   36.35500000    8.87805219
   36.38000000    8.90102320
   36.40500000    8.92841083
   36.43000000    8.95839403
   36.45500000    8.98830995
   36.48000000    9.01598214
   36.50500000    9.04030400
   36.53000000    9.06078386
   36.55500000    9.07878373
   36.58000000    9.09460653
   36.60500000    9.10808732
   36.63000000    9.11766244
   36.65500000    9.12166066
   36.68000000    9.12047800
   36.70500000    9.11515976
   36.73000000    9.10690122
   36.75500000    9.09530659
   36.78000000    9.08152884
   36.80500000    9.06928478
   36.83000000    9.06219215
   36.85500000    9.06207302
   36.88000000    9.06820090
   36.90500000    9.07622522
   36.93000000    9.08306541
   36.95500000    9.08941830
   36.98000000    9.09538099
   37.00500000    9.10056948
   37.03000000    9.10465202
   37.05500000    9.10678326
   37.08000000    9.10714675
   37.10500000    9.10614854
   37.13000000    9.10565960
   37.15500000    9.10932613
   37.18000000    9.11818678
   37.20500000    9.12950150
   37.23000000    9.13982962
   37.25500000    9.14739391
   37.28000000    9.15271526
   37.30500000    9.15653211
   37.33000000    9.15853406
   37.35500000    9.15946261
   37.38000000    9.16237301
   37.40500000    9.17007449
   37.43000000    9.18267754
   37.45500000    9.19847161
   37.48000000    9.21355487
   37.50500000    9.22463992
   37.53000000    9.23143494
   37.55500000    9.23488796
   37.58000000    9.23665414
   37.60500000    9.23876820
   37.63000000    9.24207766
   37.65500000    9.24747919
   37.68000000    9.25577904
   37.70500000    9.26680367
   37.73000000    9.27981849
   37.75500000    9.29356710
   37.78000000    9.30592067
   37.80500000    9.31455825
   37.83000000    9.31812433
   37.85500000    9.31826595
   37.88000000    9.31898096
   37.90500000    9.32265960
   37.93000000    9.32942027
   37.95500000    9.33787284
   37.98000000    9.34580495
   38.00500000    9.35242584
   38.03000000    9.35788320
   38.05500000    9.36202542
   38.08000000    9.36352896
   38.10500000    9.36198909
   38.13000000    9.36024124
   38.15500000    9.36097308
   38.18000000    9.36514884
   38.20500000    9.37343379
   38.23000000    9.38688549
   38.25500000    9.40541178
   38.28000000    9.42601881
   38.30500000    9.44214310
   38.33000000    9.44742800
   38.35500000    9.44331306
   38.38000000    9.43644480
   38.40500000    9.43143640
   38.43000000    9.43115875
   38.45500000    9.43794280
   38.48000000    9.45219008
   38.50500000    9.47147541
   38.53000000    9.49396180
   38.55500000    9.51752888
   38.58000000    9.53945237
   38.60500000    9.55807037
   38.63000000    9.57163897
   38.65500000    9.57884040
   38.68000000    9.58122926
   38.70500000    9.58179976
   38.73000000    9.58091894
   38.75500000    9.57873825
   38.78000000    9.57562224
   38.80500000    9.57193652
   38.83000000    9.56860627
   38.85500000    9.56825758
   38.88000000    9.57193571
   38.90500000    9.57902363
   38.93000000    9.58822762
   38.95500000    9.59853108
   38.98000000    9.60834923
   39.00500000    9.61654261
   39.03000000    9.62300128
   39.05500000    9.62838073
   39.08000000    9.63350573
   39.10500000    9.63723159
   39.13000000    9.64026643
   39.15500000    9.64829247
   39.18000000    9.66241655
   39.20500000    9.67896935
   39.23000000    9.69597612
   39.25500000    9.71256112
   39.28000000    9.72909563
   39.30500000    9.74345785
   39.33000000    9.75276423
   39.35500000    9.75518482
   39.38000000    9.75048779
   39.40500000    9.74121978
   39.43000000    9.73217258
   39.45500000    9.72756662
   39.48000000    9.72897391
   39.50500000    9.73633463
   39.53000000    9.74876603
   39.55500000    9.76455455
   39.58000000    9.78088488
   39.60500000    9.79494828
   39.63000000    9.80463377
   39.65500000    9.80916480
   39.68000000    9.80864657
   39.70500000    9.80599798
   39.73000000    9.80563475
   39.75500000    9.80881046
   39.78000000    9.81391815
   39.80500000    9.82094361
   39.83000000    9.83181748
   39.85500000    9.84775295
   39.88000000    9.86874343
   39.90500000    9.89224163
   39.93000000    9.91265021
   39.95500000    9.92647637
   39.98000000    9.93221573
   40.00500000    9.93065698
   40.03000000    9.92454941
   40.05500000    9.91578884
   40.08000000    9.90755339
   40.10500000    9.90272602
   40.13000000    9.90033944
   40.15500000    9.89821027
   40.18000000    9.89363027
   40.20500000    9.88876831
   40.23000000    9.89169848
   40.25500000    9.90774503
   40.28000000    9.93376487
   40.30500000    9.96308442
   40.33000000    9.98945594
   40.35500000   10.00958370
   40.38000000   10.02502861
   40.40500000   10.03911678
   40.43000000   10.05491681
   40.45500000   10.07329954
   40.48000000   10.09302569
   40.50500000   10.11232063
   40.53000000   10.13003347
   40.55500000   10.14523492
   40.58000000   10.15718133
   40.60500000   10.16699690
   40.63000000   10.17804229
   40.65500000   10.19393095
   40.68000000   10.21650907
   40.70500000   10.24441982
   40.73000000   10.27547584
   40.75500000   10.30739588
   40.78000000   10.33700426
   40.80500000   10.36177360
   40.83000000   10.38035651
   40.85500000   10.39427990
   40.88000000   10.40434640
   40.90500000   10.41072281
   40.93000000   10.41590016
   40.95500000   10.42257430
   40.98000000   10.43129994
   41.00500000   10.43968418
   41.03000000   10.44393406
   41.05500000   10.44263511
   41.08000000   10.43748775
   41.10500000   10.43100803
   41.13000000   10.42715356
   41.15500000   10.42694750
   41.18000000   10.42842383
   41.20500000   10.43144980
   41.23000000   10.43644369
   41.25500000   10.44288970
   41.28000000   10.44883697
   41.30500000   10.45143105
   41.33000000   10.45079551
   41.35500000   10.44843856
   41.38000000   10.44652444
   41.40500000   10.44767892
   41.43000000   10.45425374
   41.45500000   10.46634747
   41.48000000   10.48038224
   41.50500000   10.49238179
   41.53000000   10.50081158
   41.55500000   10.50659115
   41.58000000   10.51070286
   41.60500000   10.51602778
   41.63000000   10.52571071
   41.65500000   10.54032800
   41.68000000   10.55741288
   41.70500000   10.57417345
   41.73000000   10.58884960
   41.75500000   10.59999525
   41.78000000   10.60928752
   41.80500000   10.61914979
   41.83000000   10.62922685
   41.85500000   10.63845575
   41.88000000   10.64784709
   41.90500000   10.65853286
   41.93000000   10.66873552
   41.95500000   10.67759230
   41.98000000   10.68591293
   42.00500000   10.69372088
   42.03000000   10.70045434
   42.05500000   10.70699211
   42.08000000   10.71653146
   42.10500000   10.72921781
   42.13000000   10.74184241
   42.15500000   10.75197616
   42.18000000   10.75965973
   42.20500000   10.76763411
   42.23000000   10.77834111
   42.25500000   10.79131132
   42.28000000   10.80449744
   42.30500000   10.81570928
   42.33000000   10.82392488
   42.35500000   10.82986176
   42.38000000   10.83647245
   42.40500000   10.84605015
   42.43000000   10.85596892
   42.45500000   10.86474103
   42.48000000   10.87398965
   42.50500000   10.88477422
   42.53000000   10.89674234
   42.55500000   10.90942231
   42.58000000   10.92208375
   42.60500000   10.93385357
   42.63000000   10.94242611
   42.65500000   10.94529851
   42.68000000   10.94388670
   42.70500000   10.94200751
   42.73000000   10.94258672
   42.75500000   10.94655469
   42.78000000   10.95252206
   42.80500000   10.95663002
   42.83000000   10.95527306
   42.85500000   10.94779603
   42.88000000   10.93828792
   42.90500000   10.93330023
   42.93000000   10.93586075
   42.95500000   10.94476826
   42.98000000   10.95714715
   43.00500000   10.97097693
   43.03000000   10.98371667
   43.05500000   10.99285579
   43.08000000   10.99720836
   43.10500000   10.99610979
   43.13000000   10.99052376
   43.15500000   10.98373040
   43.18000000   10.98002343
   43.20500000   10.98076855
   43.23000000   10.98513632
   43.25500000   10.99192837
   43.28000000   10.99797859
   43.30500000   11.00000005
   43.33000000   10.99775480
   43.35500000   10.99351422
   43.38000000   10.98754452
   43.40500000   10.97929560
   43.43000000   10.96888203
   43.45500000   10.95780924
   43.48000000   10.94750216
   43.50500000   10.93873593
   43.53000000   10.93140582
   43.55500000   10.92441265
   43.58000000   10.92027124
   43.60500000   10.92255264
   43.63000000   10.92969075
   43.65500000   10.93993678
   43.68000000   10.95273401
   43.70500000   10.96773656
   43.73000000   10.98571237
   43.75500000   11.00779135
   43.78000000   11.03309118
   43.80500000   11.05674458
   43.83000000   11.07344879
   43.85500000   11.08095044
   43.88000000   11.08054484
   43.90500000   11.07569464
   43.93000000   11.06894134
   43.95500000   11.06049316
   43.98000000   11.05174444
   44.00500000   11.04460661
   44.03000000   11.04138966
   44.05500000   11.04202173
   44.08000000   11.04653463
   44.10500000   11.05464256
   44.13000000   11.06381491
   44.15500000   11.07241718
   44.18000000   11.08030269
   44.20500000   11.08702360
   44.23000000   11.09265086
   44.25500000   11.09759233
   44.28000000   11.10136107
   44.30500000   11.10272235
   44.33000000   11.10145521
   44.35500000   11.09940991
   44.38000000   11.10104799
   44.40500000   11.10713546
   44.43000000   11.11435776
   44.45500000   11.12051655
   44.48000000   11.12595405
   44.50500000   11.13295407
   44.53000000   11.14431481
   44.55500000   11.16021554
   44.58000000   11.17814734
   44.60500000   11.19613690
   44.63000000   11.21248248
   44.65500000   11.22415799
   44.68000000   11.23145210
   44.70500000   11.23673194
   44.73000000   11.24166335
   44.75500000   11.24720519
   44.78000000   11.25220305
   44.80500000   11.25571401
   44.83000000   11.25692410
   44.85500000   11.25512019
   44.88000000   11.25133848
   44.90500000   11.24859274
   44.93000000   11.24995645
   44.95500000   11.25259415
   44.98000000   11.25465787
   45.00500000   11.25537591
   45.03000000   11.25472643
   45.05500000   11.25225790
   45.08000000   11.24596006
   45.10500000   11.23737415
   45.13000000   11.22978011
   45.15500000   11.22349446
   45.18000000   11.21594211
   45.20500000   11.20529269
   45.23000000   11.19261534
   45.25500000   11.18070416
   45.28000000   11.17097122
   45.30500000   11.16317393
   45.33000000   11.15454552
   45.35500000   11.14140681
   45.38000000   11.12373352
   45.40500000   11.10512600
   45.43000000   11.08939526
   45.45500000   11.07783597
   45.48000000   11.06917243
   45.50500000   11.06263835
   45.53000000   11.05888674
   45.55500000   11.05911751
   45.58000000   11.06555770
   45.60500000   11.08004704
   45.63000000   11.10209532
   45.65500000   11.12845677
   45.68000000   11.15425193
   45.70500000   11.17569456
   45.73000000   11.19236933
   45.75500000   11.20315069
   45.78000000   11.20608773
   45.80500000   11.20405412
   45.83000000   11.20097099
   45.85500000   11.19967997
   45.88000000   11.20222232
   45.90500000   11.20747676
   45.93000000   11.21287298
   45.95500000   11.21664224
   45.98000000   11.21769083
   46.00500000   11.21704901
   46.03000000   11.21669284
   46.05500000   11.21993956
   46.08000000   11.22814315
   46.10500000   11.23931032
   46.13000000   11.25200718
   46.15500000   11.26584132
   46.18000000   11.27905893
   46.20500000   11.28920169
   46.23000000   11.29462975
   46.25500000   11.29524179
   46.28000000   11.29238304
   46.30500000   11.29003442
   46.33000000   11.29238481
   46.35500000   11.29940657
   46.38000000   11.31031980
   46.40500000   11.32418649
   46.43000000   11.34135302
   46.45500000   11.36156858
   46.48000000   11.38133908
   46.50500000   11.39768621
   46.53000000   11.41044702
   46.55500000   11.41988702
   46.58000000   11.42821085
   46.60500000   11.43639193
   46.63000000   11.44345775
   46.65500000   11.45030907
   46.68000000   11.45993190
   46.70500000   11.47467215
   46.73000000   11.49268846
   46.75500000   11.51142136
   46.78000000   11.52880377
   46.80500000   11.54180169
   46.83000000   11.55008093
   46.85500000   11.55598194
   46.88000000   11.55980660
   46.90500000   11.56196622
   46.93000000   11.56279011
   46.95500000   11.56142120
   46.98000000   11.55805790
   47.00500000   11.55413440
   47.03000000   11.55141605
   47.05500000   11.55059297
   47.08000000   11.55370676
   47.10500000   11.56314522
   47.13000000   11.57866088
   47.15500000   11.59735980
   47.18000000   11.61830901
   47.20500000   11.64132357
   47.23000000   11.66363750
   47.25500000   11.68281818
   47.28000000   11.70059207
   47.30500000   11.71595722
   47.33000000   11.72708592
   47.35500000   11.73418814
   47.38000000   11.73545966
   47.40500000   11.73177152
   47.43000000   11.72779520
   47.45500000   11.72565083
   47.48000000   11.72471611
   47.50500000   11.72724405
   47.53000000   11.73485905
   47.55500000   11.74744574
   47.58000000   11.76207363
   47.60500000   11.77446753
   47.63000000   11.78474187
   47.65500000   11.79602545
   47.68000000   11.81114061
   47.70500000   11.83048350
   47.73000000   11.85137956
   47.75500000   11.87188218
   47.78000000   11.89197483
   47.80500000   11.91230541
   47.83000000   11.93326192
   47.85500000   11.95261928
   47.88000000   11.96713809
   47.90500000   11.97835244
   47.93000000   11.99135157
   47.95500000   12.00822546
   47.98000000   12.02879685
   48.00500000   12.05211838
   48.03000000   12.07545162
   48.05500000   12.09546468
   48.08000000   12.11061906
   48.10500000   12.12071707
   48.13000000   12.12643229
   48.15500000   12.12950533
   48.18000000   12.13012424
   48.20500000   12.12655613
   48.23000000   12.11918295
   48.25500000   12.11106482
   48.28000000   12.10317836
   48.30500000   12.09803697
   48.33000000   12.09860590
   48.35500000   12.10692884
   48.38000000   12.12193427
   48.40500000   12.13584746
   48.43000000   12.14207166
   48.45500000   12.14051120
   48.48000000   12.13297427
   48.50500000   12.12346478
   48.53000000   12.11756063
   48.55500000   12.11738818
   48.58000000   12.12377100
   48.60500000   12.13832765
   48.63000000   12.16110007
   48.65500000   12.18815054
   48.68000000   12.21347627
   48.70500000   12.23311942
   48.73000000   12.24629502
   48.75500000   12.25486597
   48.78000000   12.26138236
   48.80500000   12.26910688
   48.83000000   12.27921306
   48.85500000   12.28924806
   48.88000000   12.29386478
   48.90500000   12.28828876
   48.93000000   12.27610380
   48.95500000   12.26233915
   48.98000000   12.24986779
   49.00500000   12.24073070
   49.03000000   12.23535301
   49.05500000   12.23046276
   49.08000000   12.22557568
   49.10500000   12.22232125
   49.13000000   12.22014204
   49.15500000   12.21656826
   49.18000000   12.21070440
   49.20500000   12.20613871
   49.23000000   12.20757808
   49.25500000   12.21544837
   49.28000000   12.22730775
   49.30500000   12.24048019
   49.33000000   12.25528346
   49.35500000   12.27240821
   49.38000000   12.29057610
   49.40500000   12.30640687
   49.43000000   12.31484255
   49.45500000   12.31481186
   49.48000000   12.31063937
   49.50500000   12.30778340
   49.53000000   12.31031344
   49.55500000   12.31699666
   49.58000000   12.32213370
   49.60500000   12.32296356
   49.63000000   12.32088331
   49.65500000   12.31830612
   49.68000000   12.31670924
   49.70500000   12.31793167
   49.73000000   12.32244641
   49.75500000   12.32926470
   49.78000000   12.33870213
   49.80500000   12.35118109
   49.83000000   12.36691952
   49.85500000   12.38573107
   49.88000000   12.40580380
   49.90500000   12.42426336
   49.93000000   12.43943825
   49.95500000   12.44984255
   49.98000000   12.45463280
