    0.00500000    0.00006830
    0.03000000    0.00243431
    0.05500000    0.00783907
    0.08000000    0.01552569
    0.10500000    0.02469052
    0.13000000    0.03477776
    0.15500000    0.04503213
    0.18000000    0.05446683
    0.20500000    0.06295166
    0.23000000    0.07066394
    0.25500000    0.07754885
    0.28000000    0.08375868
    0.30500000    0.08931260
    0.33000000    0.09438219
    0.35500000    0.09954221
    0.38000000    0.10518341
    0.40500000    0.11134723
    0.43000000    0.11807169
    0.45500000    0.12549862
    0.48000000    0.13348437
    0.50500000    0.14189626
    0.53000000    0.15054449
    0.55500000    0.15914002
    0.58000000    0.16749163
    0.60500000    0.17568396
    0.63000000    0.18369852
    0.65500000    0.19161800
    0.68000000    0.19972416
    0.70500000    0.20787133
    0.73000000    0.21565020
    0.75500000    0.22305750
    0.78000000    0.23055174
    0.80500000    0.23834710
    0.83000000    0.24619948
    0.85500000    0.25338603
    0.88000000    0.25961418
    0.90500000    0.26509178
    0.93000000    0.27006420
    0.95500000    0.27467917
    0.98000000    0.27918841
    1.00500000    0.28440815
    1.03000000    0.29042600
    1.05500000    0.29661475
    1.08000000    0.30225222
    1.10500000    0.30724128
    1.13000000    0.31152307
    1.15500000    0.31526212
    1.18000000    0.31904450
    1.20500000    0.32308658
    1.23000000    0.32741457
    1.25500000    0.33208619
    1.28000000    0.33701426
    1.30500000    0.34207153
    1.33000000    0.34706635
    1.35500000    0.35196657
    1.38000000    0.35740481
    1.40500000    0.36381432
    1.43000000    0.37102698
    1.45500000    0.37896058
    1.48000000    0.38749637
    1.50500000    0.39568996
    1.53000000    0.40239817
    1.55500000    0.40723712
    1.58000000    0.41144898
    1.60500000    0.41638135
    1.63000000    0.42224592
    1.65500000    0.42883213
    1.68000000    0.43592256
    1.70500000    0.44269328
    1.73000000    0.44879157
    1.75500000    0.45460107
    1.78000000    0.46019434
    1.80500000    0.46567064
    1.83000000    0.47105426
    1.85500000    0.47624508
    1.88000000    0.48146039
    1.90500000    0.48685648
    1.93000000    0.49229824
    1.95500000    0.49779843
    1.98000000    0.50387021
    2.00500000    0.51068574
    2.03000000    0.51771418
    2.05500000    0.52456500
    2.08000000    0.53135819
    2.10500000    0.53878009
    2.13000000    0.54716864
    2.15500000    0.55559084
    2.18000000    0.56341341
    2.20500000    0.57082094
    2.23000000    0.57822159
    2.25500000    0.58565964
    2.28000000    0.59302106
    2.30500000    0.60063485
    2.33000000    0.60857244
    2.35500000    0.61689392
    2.38000000    0.62582595
    2.40500000    0.63504071
    2.43000000    0.64390197
    2.45500000    0.65166365
    2.48000000    0.65837493
    2.50500000    0.66413301
    2.53000000    0.66873112
    2.55500000    0.67244834
    2.58000000    0.67564748
    2.60500000    0.67825376
    2.63000000    0.68017155
    2.65500000    0.68234620
    2.68000000    0.68583666
    2.70500000    0.69059943
    2.73000000    0.69545864
    2.75500000    0.69998526
    2.78000000    0.70448913
    2.80500000    0.70914724
    2.83000000    0.71359744
    2.85500000    0.71809403
    2.88000000    0.72333104
    2.90500000    0.72974012
    2.93000000    0.73740833
    2.95500000    0.74584523
    2.98000000    0.75387038
    3.00500000    0.76050892
    3.03000000    0.76564129
    3.05500000    0.76984335
    3.08000000    0.77435212
    3.10500000    0.78024371
    3.13000000    0.78741501
    3.15500000    0.79516219
    3.18000000    0.80303075
    3.20500000    0.80989679
    3.23000000    0.81444709
    3.25500000    0.81700255
    3.28000000    0.81919041
    3.30500000    0.82217077
    3.33000000    0.82602474
    3.35500000    0.83128876
    3.38000000    0.83891643
    3.40500000    0.84914058
    3.43000000    0.86159080
    3.45500000    0.87541070
    3.48000000    0.88923029
    3.50500000    0.90144033
    3.53000000    0.91134000
    3.55500000    0.91918780
    3.58000000    0.92579391
    3.60500000    0.93153837
    3.63000000    0.93626225
    3.65500000    0.93971507
    3.68000000    0.94231667
    3.70500000    0.94457886
    3.73000000    0.94614556
    3.75500000    0.94705370
    3.78000000    0.94806288
    3.80500000    0.94970383
    3.83000000    0.95232726
    3.85500000    0.95543355
    3.88000000    0.95869127
    3.90500000    0.96306654
    3.93000000    0.96872449
    3.95500000    0.97554702
    3.98000000    0.98339168
    4.00500000    0.99157620
    4.03000000    0.99939583
    4.05500000    1.00643836
    4.08000000    1.01302260
    4.10500000    1.01951147
    4.13000000    1.02545778
    4.15500000    1.03144283
    4.18000000    1.03847362
    4.20500000    1.04680697
    4.23000000    1.05592616
    4.25500000    1.06459927
    4.28000000    1.07171341
    4.30500000    1.07725735
    4.33000000    1.08273749
    4.35500000    1.08954657
    4.38000000    1.09738147
    4.40500000    1.10532616
    4.43000000    1.11330909
    4.45500000    1.12148554
    4.48000000    1.12906838
    4.50500000    1.13545655
    4.53000000    1.14090582
    4.55500000    1.14647020
    4.58000000    1.15325228
    4.60500000    1.16153391
    4.63000000    1.17096950
    4.65500000    1.18030040
    4.68000000    1.18923713
    4.70500000    1.19893555
    4.73000000    1.20904256
    4.75500000    1.21844767
    4.78000000    1.22719744
    4.80500000    1.23563503
    4.83000000    1.24416653
    4.85500000    1.25327068
    4.88000000    1.26233164
    4.90500000    1.27101021
    4.93000000    1.28027948
    4.95500000    1.28964744
    4.98000000    1.29842198
    5.00500000    1.30584605
    5.03000000    1.31103994
    5.05500000    1.31432272
    5.08000000    1.31649848
    5.10500000    1.31879018
    5.13000000    1.32259679
    5.15500000    1.32782711
    5.18000000    1.33385855
    5.20500000    1.33997932
    5.23000000    1.34583692
    5.25500000    1.35171527
    5.28000000    1.35706556
    5.30500000    1.36126233
    5.33000000    1.36423958
    5.35500000    1.36606304
    5.38000000    1.36712115
    5.40500000    1.36795256
    5.43000000    1.36990717
    5.45500000    1.37407002
    5.48000000    1.37995969
    5.50500000    1.38691726
    5.53000000    1.39492957
    5.55500000    1.40397541
    5.58000000    1.41337635
    5.60500000    1.42221563
    5.63000000    1.43052037
    5.65500000    1.43839223
    5.68000000    1.44521276
    5.70500000    1.45003707
    5.73000000    1.45272048
    5.75500000    1.45439272
    5.78000000    1.45694711
    5.80500000    1.46099163
    5.83000000    1.46570612
    5.85500000    1.46996486
    5.88000000    1.47358444
    5.90500000    1.47654219
    5.93000000    1.47857851
    5.95500000    1.47963176
    5.98000000    1.48006221
    6.00500000    1.48036296
    6.03000000    1.48080055
    6.05500000    1.48189998
    6.08000000    1.48452901
    6.10500000    1.48968054
    6.13000000    1.49763084
    6.15500000    1.50696440
    6.18000000    1.51611192
    6.20500000    1.52508513
    6.23000000    1.53469099
    6.25500000    1.54551128
    6.28000000    1.55732909
    6.30500000    1.56901861
    6.33000000    1.57915021
    6.35500000    1.58693645
    6.38000000    1.59257905
    6.40500000    1.59609171
    6.43000000    1.59745684
    6.45500000    1.59692600
    6.48000000    1.59544530
    6.50500000    1.59487086
    6.53000000    1.59519494
    6.55500000    1.59652426
    6.58000000    1.59929871
    6.60500000    1.60352517
    6.63000000    1.60851753
    6.65500000    1.61405147
    6.68000000    1.62031891
    6.70500000    1.62723249
    6.73000000    1.63375724
    6.75500000    1.63889749
    6.78000000    1.64273449
    6.80500000    1.64633159
    6.83000000    1.65061121
    6.85500000    1.65609534
    6.88000000    1.66258035
    6.90500000    1.66938498
    6.93000000    1.67546091
    6.95500000    1.68039607
    6.98000000    1.68466881
    7.00500000    1.68801441
    7.03000000    1.68961152
    7.05500000    1.68961818
    7.08000000    1.69011137
    7.10500000    1.69339390
    7.13000000    1.69959457
    7.15500000    1.70691920
    7.18000000    1.71413440
    7.20500000    1.72074056
    7.23000000    1.72555791
    7.25500000    1.72752407
    7.28000000    1.72688130
    7.30500000    1.72561324
    7.33000000    1.72603495
    7.35500000    1.72924833
    7.38000000    1.73443304
    7.40500000    1.73983568
    7.43000000    1.74468732
    7.45500000    1.74907216
    7.48000000    1.75352810
    7.50500000    1.75856170
    7.53000000    1.76417862
    7.55500000    1.76922799
    7.58000000    1.77248466
    7.60500000    1.77406561
    7.63000000    1.77559658
    7.65500000    1.77959956
    7.68000000    1.78744250
    7.70500000    1.79762977
    7.73000000    1.80718695
    7.75500000    1.81441047
    7.78000000    1.81961617
    7.80500000    1.82337296
    7.83000000    1.82530951
    7.85500000    1.82540718
    7.88000000    1.82436373
    7.90500000    1.82324453
    7.93000000    1.82252563
    7.95500000    1.82214147
    7.98000000    1.82271198
    8.00500000    1.82544930
    8.03000000    1.83065888
    8.05500000    1.83705366
    8.08000000    1.84427664
    8.10500000    1.85164460
    8.13000000    1.85758529
    8.15500000    1.86230917
    8.18000000    1.86741533
    8.20500000    1.87403379
    8.23000000    1.88152436
    8.25500000    1.88909723
    8.28000000    1.89671563
    8.30500000    1.90389954
    8.33000000    1.91045162
    8.35500000    1.91611075
    8.38000000    1.92017478
    8.40500000    1.92228740
    8.43000000    1.92241521
    8.45500000    1.92096474
    8.48000000    1.91885108
    8.50500000    1.91734374
    8.53000000    1.91710932
    8.55500000    1.91821926
    8.58000000    1.91997083
    8.60500000    1.92279649
    8.63000000    1.92822552
    8.65500000    1.93660424
    8.68000000    1.94735644
    8.70500000    1.95919157
    8.73000000    1.96992166
    8.75500000    1.97691438
    8.78000000    1.98098076
    8.80500000    1.98531366
    8.83000000    1.99272611
    8.85500000    2.00420481
    8.88000000    2.01806634
    8.90500000    2.03175704
    8.93000000    2.04440857
    8.95500000    2.05620624
    8.98000000    2.06673440
    9.00500000    2.07504311
    9.03000000    2.08117176
    9.05500000    2.08584396
    9.08000000    2.08925931
    9.10500000    2.09195055
    9.13000000    2.09525467
    9.15500000    2.09976610
    9.18000000    2.10506391
    9.20500000    2.11138173
    9.23000000    2.11878850
    9.25500000    2.12725553
    9.28000000    2.13538302
    9.30500000    2.14183250
    9.33000000    2.14642287
    9.35500000    2.14733258
    9.38000000    2.14399712
    9.40500000    2.13961351
    9.43000000    2.13775737
    9.45500000    2.13900347
    9.48000000    2.14279713
    9.50500000    2.14798872
    9.53000000    2.15347967
    9.55500000    2.15929846
    9.58000000    2.16571777
    9.60500000    2.17190286
    9.63000000    2.17717307
    9.65500000    2.18222946
    9.68000000    2.18785651
    9.70500000    2.19430156
    9.73000000    2.20120749
    9.75500000    2.20777989
    9.78000000    2.21397409
    9.80500000    2.21993983
    9.83000000    2.22501251
    9.85500000    2.22856044
    9.88000000    2.23123191
    9.90500000    2.23407685
    9.93000000    2.23806698
    9.95500000    2.24410851
    9.98000000    2.25256356
   10.00500000    2.26330939
   10.03000000    2.27591325
   10.05500000    2.28898337
   10.08000000    2.30158746
   10.10500000    2.31479183
   10.13000000    2.32824717
   10.15500000    2.33994759
   10.18000000    2.34886492
   10.20500000    2.35579174
   10.23000000    2.36149476
   10.25500000    2.36685577
   10.28000000    2.37320327
   10.30500000    2.38159865
   10.33000000    2.39208150
   10.35500000    2.40372455
   10.38000000    2.41508744
   10.40500000    2.42476711
   10.43000000    2.43197816
   10.45500000    2.43690022
   10.48000000    2.43960793
   10.50500000    2.43988241
   10.53000000    2.43907926
   10.55500000    2.43851519
   10.58000000    2.43902978
   10.60500000    2.44095510
   10.63000000    2.44446442
   10.65500000    2.44971893
   10.68000000    2.45597462
   10.70500000    2.46316362
   10.73000000    2.47231183
   10.75500000    2.48280669
   10.78000000    2.49325640
   10.80500000    2.50259723
   10.83000000    2.51092812
   10.85500000    2.51859029
   10.88000000    2.52526020
   10.90500000    2.53098996
   10.93000000    2.53672158
   10.95500000    2.54277276
   10.98000000    2.54773945
   11.00500000    2.54926858
   11.03000000    2.54655433
   11.05500000    2.54146309
   11.08000000    2.53701701
   11.10500000    2.53474796
   11.13000000    2.53422523
   11.15500000    2.53541432
   11.18000000    2.53844251
   11.20500000    2.54289257
   11.23000000    2.54872325
   11.25500000    2.55511374
   11.28000000    2.56125567
   11.30500000    2.56592765
   11.33000000    2.56830632
   11.35500000    2.56930842
   11.38000000    2.57054331
   11.40500000    2.57298123
   11.43000000    2.57848775
   11.45500000    2.58769375
   11.48000000    2.59907217
   11.50500000    2.61099259
   11.53000000    2.62253362
   11.55500000    2.63337240
   11.58000000    2.64356777
   11.60500000    2.65260295
   11.63000000    2.65962519
   11.65500000    2.66487026
   11.68000000    2.66845297
   11.70500000    2.66880546
   11.73000000    2.66585837
   11.75500000    2.66244783
   11.78000000    2.66138473
   11.80500000    2.66362361
   11.83000000    2.66831539
   11.85500000    2.67390029
   11.88000000    2.68014659
   11.90500000    2.68768661
   11.93000000    2.69689359
   11.95500000    2.70750070
   11.98000000    2.71847500
   12.00500000    2.72872502
   12.03000000    2.73775367
   12.05500000    2.74600680
   12.08000000    2.75511367
   12.10500000    2.76621030
   12.13000000    2.77741311
   12.15500000    2.78609140
   12.18000000    2.79152082
   12.20500000    2.79537673
   12.23000000    2.79943219
   12.25500000    2.80476580
   12.28000000    2.81162760
   12.30500000    2.82012510
   12.33000000    2.83020228
   12.35500000    2.84249374
   12.38000000    2.85760106
   12.40500000    2.87378412
   12.43000000    2.88943221
   12.45500000    2.90381688
   12.48000000    2.91698923
   12.50500000    2.92895846
   12.53000000    2.93870003
   12.55500000    2.94647653
   12.58000000    2.95453144
   12.60500000    2.96484389
   12.63000000    2.97798936
   12.65500000    2.99234341
   12.68000000    3.00588291
   12.70500000    3.01897164
   12.73000000    3.03218451
   12.75500000    3.04503128
   12.78000000    3.05722064
   12.80500000    3.06919807
   12.83000000    3.08155833
   12.85500000    3.09456185
   12.88000000    3.10731546
   12.90500000    3.11920185
   12.93000000    3.13021297
   12.95500000    3.14068664
   12.98000000    3.15072928
   13.00500000    3.15900455
   13.03000000    3.16523939
   13.05500000    3.17071949
   13.08000000    3.17696362
   13.10500000    3.18609302
   13.13000000    3.19806553
   13.15500000    3.21067751
   13.18000000    3.22121858
   13.20500000    3.22851453
   13.23000000    3.23221225
   13.25500000    3.23247236
   13.28000000    3.23096063
   13.30500000    3.22961957
   13.33000000    3.23073992
   13.35500000    3.23608505
   13.38000000    3.24579200
   13.40500000    3.25718387
   13.43000000    3.26735993
   13.45500000    3.27585580
   13.48000000    3.28324996
   13.50500000    3.29062275
   13.53000000    3.29880831
   13.55500000    3.30773695
   13.58000000    3.31699868
   13.60500000    3.32552481
   13.63000000    3.33241892
   13.65500000    3.33716766
   13.68000000    3.34154720
   13.70500000    3.34796975
   13.73000000    3.35701934
   13.75500000    3.36886955
   13.78000000    3.38357496
   13.80500000    3.40070454
   13.83000000    3.41983400
   13.85500000    3.43932052
   13.88000000    3.45574665
   13.90500000    3.46544023
   13.93000000    3.46783963
   13.95500000    3.46627827
   13.98000000    3.46505230
   14.00500000    3.46641494
   14.03000000    3.47033624
   14.05500000    3.47579969
   14.08000000    3.48183292
   14.10500000    3.48764385
   14.13000000    3.49273775
   14.15500000    3.49718255
   14.18000000    3.50064274
   14.20500000    3.50197264
   14.23000000    3.50143820
   14.25500000    3.50082630
   14.28000000    3.50184601
   14.30500000    3.50584658
   14.33000000    3.51287128
   14.35500000    3.52229577
   14.38000000    3.53432299
   14.40500000    3.54813212
   14.43000000    3.56188964
   14.45500000    3.57441734
   14.48000000    3.58616426
   14.50500000    3.59785694
   14.53000000    3.60926551
   14.55500000    3.61986910
   14.58000000    3.62841430
   14.60500000    3.63376981
   14.63000000    3.63678761
   14.65500000    3.63844520
   14.68000000    3.63897438
   14.70500000    3.63938775
   14.73000000    3.64049122
   14.75500000    3.64265898
   14.78000000    3.64639275
   14.80500000    3.65228996
   14.83000000    3.66026039
   14.85500000    3.66965623
   14.88000000    3.68046116
   14.90500000    3.69192570
   14.93000000    3.70308405
   14.95500000    3.71209812
   14.98000000    3.71938721
   15.00500000    3.72694791
   15.03000000    3.73457484
   15.05500000    3.74138200
   15.08000000    3.74751604
   15.10500000    3.75282361
   15.13000000    3.75712775
   15.15500000    3.76106846
   15.18000000    3.76549221
   15.20500000    3.77135185
   15.23000000    3.77960829
   15.25500000    3.79046485
   15.28000000    3.80291023
   15.30500000    3.81393643
   15.33000000    3.82135144
   15.35500000    3.82733924
   15.38000000    3.83386258
   15.40500000    3.84131184
   15.43000000    3.84922033
   15.45500000    3.85706927
   15.48000000    3.86575822
   15.50500000    3.87520158
   15.53000000    3.88360790
   15.55500000    3.88949108
   15.58000000    3.89466601
   15.60500000    3.90227355
   15.63000000    3.91191916
   15.65500000    3.92213820
   15.68000000    3.93345954
   15.70500000    3.94602413
   15.73000000    3.95928237
   15.75500000    3.97174291
   15.78000000    3.98144973
   15.80500000    3.98724145
   15.83000000    3.98988808
   15.85500000    3.99134004
   15.88000000    3.99281003
   15.90500000    3.99499737
   15.93000000    3.99815907
   15.95500000    4.00174847
   15.98000000    4.00585636
   16.00500000    4.01075446
   16.03000000    4.01605322
   16.05500000    4.02099059
   16.08000000    4.02425406
   16.10500000    4.02367360
   16.13000000    4.01950429
   16.15500000    4.01448106
   16.18000000    4.01147662
   16.20500000    4.01079626
   16.23000000    4.01134502
   16.25500000    4.01220815
   16.28000000    4.01313788
   16.30500000    4.01451773
   16.33000000    4.01671026
   16.35500000    4.01861936
   16.38000000    4.01760196
   16.40500000    4.01212048
   16.43000000    4.00392987
   16.45500000    3.99687651
   16.48000000    3.99298011
   16.50500000    3.99171476
   16.53000000    3.99235748
   16.55500000    3.99571367
   16.58000000    4.00407120
   16.60500000    4.01745442
   16.63000000    4.03448938
   16.65500000    4.05356623
   16.68000000    4.07246317
   16.70500000    4.08963732
   16.73000000    4.10321875
   16.75500000    4.11305382
   16.78000000    4.12022500
   16.80500000    4.12602598
   16.83000000    4.13266096
   16.85500000    4.14105962
   16.88000000    4.15004180
   16.90500000    4.15799882
   16.93000000    4.16479673
   16.95500000    4.17108785
   16.98000000    4.17599437
   17.00500000    4.17902358
   17.03000000    4.18321259
   17.05500000    4.19036768
   17.08000000    4.19940940
   17.10500000    4.20820417
   17.13000000    4.21591168
   17.15500000    4.22168177
   17.18000000    4.22469533
   17.20500000    4.22526040
   17.23000000    4.22510651
   17.25500000    4.22582410
   17.28000000    4.22917128
   17.30500000    4.23614643
   17.33000000    4.24622842
   17.35500000    4.25742457
   17.38000000    4.26736307
   17.40500000    4.27419024
   17.43000000    4.27702703
   17.45500000    4.27758580
   17.48000000    4.27795796
   17.50500000    4.27948872
   17.53000000    4.28279718
   17.55500000    4.28700506
   17.58000000    4.29077969
   17.60500000    4.29361359
   17.63000000    4.29568134
   17.65500000    4.29669680
   17.68000000    4.29798031
   17.70500000    4.30166109
   17.73000000    4.30764228
   17.75500000    4.31404631
   17.78000000    4.31894452
   17.80500000    4.32142301
   17.83000000    4.32119363
   17.85500000    4.31949567
   17.88000000    4.31824956
   17.90500000    4.31904739
   17.93000000    4.32338941
   17.95500000    4.33053400
   17.98000000    4.33879054
   18.00500000    4.34809266
   18.03000000    4.35849211
   18.05500000    4.37024589
   18.08000000    4.38242339
   18.10500000    4.39202205
   18.13000000    4.39782956
   18.15500000    4.40166966
   18.18000000    4.40660106
   18.20500000    4.41447081
   18.23000000    4.42459488
   18.25500000    4.43448726
   18.28000000    4.44255810
   18.30500000    4.44899177
   18.33000000    4.45478314
   18.35500000    4.45987643
   18.38000000    4.46300038
   18.40500000    4.46457606
   18.43000000    4.46614483
   18.45500000    4.46920336
   18.48000000    4.47558091
   18.50500000    4.48521879
   18.53000000    4.49737352
   18.55500000    4.51072503
   18.58000000    4.52261849
   18.60500000    4.53104564
   18.63000000    4.53676972
   18.65500000    4.54173424
   18.68000000    4.54634698
   18.70500000    4.55017684
   18.73000000    4.55338936
   18.75500000    4.55649624
   18.78000000    4.55965910
   18.80500000    4.56463160
   18.83000000    4.57267518
   18.85500000    4.58272416
   18.88000000    4.59200559
   18.90500000    4.59923302
   18.93000000    4.60340797
   18.95500000    4.60481049
   18.98000000    4.60613086
   19.00500000    4.60880788
   19.03000000    4.61121044
   19.05500000    4.61195303
   19.08000000    4.61302500
   19.10500000    4.61795646
   19.13000000    4.62857267
   19.15500000    4.64434703
   19.18000000    4.66226284
   19.20500000    4.67842468
   19.23000000    4.69135543
   19.25500000    4.70151941
   19.28000000    4.70767803
   19.30500000    4.70882045
   19.33000000    4.70663789
   19.35500000    4.70280151
   19.38000000    4.69829327
   19.40500000    4.69433908
   19.43000000    4.69062914
   19.45500000    4.68666919
   19.48000000    4.68348724
   19.50500000    4.68351363
   19.53000000    4.68900519
   19.55500000    4.70086733
   19.58000000    4.71815980
   19.60500000    4.73861908
   19.63000000    4.75917374
   19.65500000    4.77642985
   19.68000000    4.78750974
   19.70500000    4.79097628
   19.73000000    4.78873955
   19.75500000    4.78286434
   19.78000000    4.77586745
   19.80500000    4.77008054
   19.83000000    4.76751215
   19.85500000    4.76908740
   19.88000000    4.77460465
   19.90500000    4.78324312
   19.93000000    4.79399479
   19.95500000    4.80546016
   19.98000000    4.81567198
   20.00500000    4.82502965
   20.03000000    4.83428778
   20.05500000    4.84310095
   20.08000000    4.85263906
   20.10500000    4.86280776
   20.13000000    4.87275106
   20.15500000    4.88231126
   20.18000000    4.89155841
   20.20500000    4.89927065
   20.23000000    4.90466938
   20.25500000    4.90846294
   20.28000000    4.91208019
   20.30500000    4.91574489
   20.33000000    4.92015382
   20.35500000    4.92710828
   20.38000000    4.93607456
   20.40500000    4.94447824
   20.43000000    4.95119131
   20.45500000    4.95752182
   20.48000000    4.96346726
   20.50500000    4.96819936
   20.53000000    4.97207000
   20.55500000    4.97521889
   20.58000000    4.97611007
   20.60500000    4.97361326
   20.63000000    4.96845104
   20.65500000    4.96146858
   20.68000000    4.95340549
   20.70500000    4.94546768
   20.73000000    4.93971424
   20.75500000    4.93884870
   20.78000000    4.94419854
   20.80500000    4.95418075
   20.83000000    4.96684256
   20.85500000    4.98190306
   20.88000000    4.99927275
   20.90500000    5.01831909
   20.93000000    5.03769989
   20.95500000    5.05497540
   20.98000000    5.06825928
   21.00500000    5.07757971
   21.03000000    5.08509924
   21.05500000    5.09258807
   21.08000000    5.10098616
   21.10500000    5.11168815
   21.13000000    5.12539829
   21.15500000    5.14249981
   21.18000000    5.16042110
   21.20500000    5.17567327
   21.23000000    5.18771257
   21.25500000    5.19570401
   21.28000000    5.19859096
   21.30500000    5.19788558
   21.33000000    5.19608898
   21.35500000    5.19529086
   21.38000000    5.19611355
   21.40500000    5.19862854
   21.43000000    5.20324828
   21.45500000    5.20838700
   21.48000000    5.21143052
   21.50500000    5.21136161
   21.53000000    5.20855863
   21.55500000    5.20507747
   21.58000000    5.20435677
   21.60500000    5.20933080
   21.63000000    5.22060996
   21.65500000    5.23641469
   21.68000000    5.25222186
   21.70500000    5.26361032
   21.73000000    5.26968572
   21.75500000    5.27090597
   21.78000000    5.26871652
   21.80500000    5.26642179
   21.83000000    5.26419539
   21.85500000    5.26084327
   21.88000000    5.25708526
   21.90500000    5.25413246
   21.93000000    5.25185322
   21.95500000    5.24955726
   21.98000000    5.24664269
   22.00500000    5.24422242
   22.03000000    5.24313189
   22.05500000    5.24222988
   22.08000000    5.24242785
   22.10500000    5.24712726
   22.13000000    5.25820646
   22.15500000    5.27298558
   22.18000000    5.28401679
   22.20500000    5.28841253
   22.23000000    5.28835970
   22.25500000    5.28445729
   22.28000000    5.27895821
   22.30500000    5.27628305
   22.33000000    5.27853729
   22.35500000    5.28400016
   22.38000000    5.29023054
   22.40500000    5.29743217
   22.43000000    5.30516152
   22.45500000    5.31322424
   22.48000000    5.32161983
   22.50500000    5.33070707
   22.53000000    5.34019096
   22.55500000    5.34863782
   22.58000000    5.35499118
   22.60500000    5.35921541
   22.63000000    5.36183792
   22.65500000    5.36233997
   22.68000000    5.36103506
   22.70500000    5.35954078
   22.73000000    5.35989471
   22.75500000    5.36287580
   22.78000000    5.36809972
   22.80500000    5.37517944
   22.83000000    5.38533728
   22.85500000    5.39874415
   22.88000000    5.41098724
   22.90500000    5.41926114
   22.93000000    5.42505330
   22.95500000    5.42985891
   22.98000000    5.43361028
   23.00500000    5.43614240
   23.03000000    5.43861495
   23.05500000    5.44195284
   23.08000000    5.44775236
   23.10500000    5.45529569
   23.13000000    5.46234243
   23.15500000    5.46922193
   23.18000000    5.47618392
   23.20500000    5.48219696
   23.23000000    5.48781670
   23.25500000    5.49381577
   23.28000000    5.49832729
   23.30500000    5.50168297
   23.33000000    5.50643622
   23.35500000    5.51470450
   23.38000000    5.52725088
   23.40500000    5.54168115
   23.43000000    5.55536985
   23.45500000    5.56836406
   23.48000000    5.58044720
   23.50500000    5.59070293
   23.53000000    5.59953414
   23.55500000    5.60635037
   23.58000000    5.60912408
   23.60500000    5.60699511
   23.63000000    5.60061285
   23.65500000    5.59154667
   23.68000000    5.58196338
   23.70500000    5.57454750
   23.73000000    5.57072210
   23.75500000    5.57038928
   23.78000000    5.57255539
   23.80500000    5.57499644
   23.83000000    5.57611770
   23.85500000    5.57625116
   23.88000000    5.57697403
   23.90500000    5.57907390
   23.93000000    5.58240039
   23.95500000    5.58671042
   23.98000000    5.59087785
   24.00500000    5.59403226
   24.03000000    5.59491313
   24.05500000    5.59184970
   24.08000000    5.58659038
   24.10500000    5.58289904
   24.13000000    5.58346200
   24.15500000    5.58848696
   24.18000000    5.59521203
   24.20500000    5.60107064
   24.23000000    5.60576117
   24.25500000    5.60993973
   24.28000000    5.61499427
   24.30500000    5.62161236
   24.33000000    5.62789571
   24.35500000    5.63181537
   24.38000000    5.63296357
   24.40500000    5.63152269
   24.43000000    5.62858338
   24.45500000    5.62587571
   24.48000000    5.62464621
   24.50500000    5.62538812
   24.53000000    5.62799308
   24.55500000    5.63143129
   24.58000000    5.63506873
   24.60500000    5.64106023
   24.63000000    5.65259333
   24.65500000    5.66971783
   24.68000000    5.68933983
   24.70500000    5.70811566
   24.73000000    5.72572403
   24.75500000    5.74316492
   24.78000000    5.75984811
   24.80500000    5.77436764
   24.83000000    5.78618752
   24.85500000    5.79298903
   24.88000000    5.79090557
   24.90500000    5.78231274
   24.93000000    5.77297549
   24.95500000    5.76669544
   24.98000000    5.76473831
   25.00500000    5.76634459
   25.03000000    5.77084174
   25.05500000    5.77735263
   25.08000000    5.78561099
   25.10500000    5.79669722
   25.13000000    5.81061138
   25.15500000    5.82442777
   25.18000000    5.83519164
   25.20500000    5.84179843
   25.23000000    5.84413078
   25.25500000    5.84355797
   25.28000000    5.84274188
   25.30500000    5.84438240
   25.33000000    5.85091639
   25.35500000    5.86197686
   25.38000000    5.87521384
   25.40500000    5.88922564
   25.43000000    5.90296759
   25.45500000    5.91482811
   25.48000000    5.92410936
   25.50500000    5.93138303
   25.53000000    5.93765577
   25.55500000    5.94443027
   25.58000000    5.95090275
   25.60500000    5.95426425
   25.63000000    5.95522807
   25.65500000    5.95612841
   25.68000000    5.95751192
   25.70500000    5.95998440
   25.73000000    5.96394825
   25.75500000    5.96869496
   25.78000000    5.97470155
   25.80500000    5.98147409
   25.83000000    5.98626899
   25.85500000    5.98849592
   25.88000000    5.99103532
   25.90500000    5.99601087
   25.93000000    6.00342966
   25.95500000    6.01091682
   25.98000000    6.01591803
   26.00500000    6.01803713
   26.03000000    6.01867646
   26.05500000    6.01836230
   26.08000000    6.01606157
   26.10500000    6.01156728
   26.13000000    6.00458394
   26.15500000    5.99622004
   26.18000000    5.99170001
   26.20500000    5.99350320
   26.23000000    5.99973210
   26.25500000    6.00754114
   26.28000000    6.01426389
   26.30500000    6.01830228
   26.33000000    6.01946505
   26.35500000    6.01776731
   26.38000000    6.01314712
   26.40500000    6.00637513
   26.43000000    6.00041592
   26.45500000    5.99917826
   26.48000000    6.00241556
   26.50500000    6.00772791
   26.53000000    6.01197085
   26.55500000    6.01133612
   26.58000000    6.00649571
   26.60500000    6.00054005
   26.63000000    5.99565036
   26.65500000    5.99256615
   26.68000000    5.99170508
   26.70500000    5.99465875
   26.73000000    6.00334481
   26.75500000    6.01649505
   26.78000000    6.03052831
   26.80500000    6.04270466
   26.83000000    6.05242877
   26.85500000    6.06017954
   26.88000000    6.06746552
   26.90500000    6.07649354
   26.93000000    6.08854373
   26.95500000    6.10307338
   26.98000000    6.11949940
   27.00500000    6.13691731
   27.03000000    6.15308821
   27.05500000    6.16563476
   27.08000000    6.17395891
   27.10500000    6.17884152
   27.13000000    6.18275573
   27.15500000    6.18617665
   27.18000000    6.18827951
   27.20500000    6.18970839
   27.23000000    6.19118020
   27.25500000    6.19379041
   27.28000000    6.20010236
   27.30500000    6.21156590
   27.33000000    6.22665287
   27.35500000    6.24130064
   27.38000000    6.25135702
   27.40500000    6.25539104
   27.43000000    6.25572338
   27.45500000    6.25471762
   27.48000000    6.25324661
   27.50500000    6.25049990
   27.53000000    6.24416210
   27.55500000    6.23552827
   27.58000000    6.22996002
   27.60500000    6.22962766
   27.63000000    6.23281745
   27.65500000    6.23868766
   27.68000000    6.24566002
   27.70500000    6.25074038
   27.73000000    6.25270081
   27.75500000    6.25221899
   27.78000000    6.25027437
   27.80500000    6.25012912
   27.83000000    6.25562492
   27.85500000    6.26655568
   27.88000000    6.27814856
   27.90500000    6.28645223
   27.93000000    6.29103734
   27.95500000    6.29162844
   27.98000000    6.28876136
   28.00500000    6.28648947
   28.03000000    6.28884703
   28.05500000    6.29658903
   28.08000000    6.30784472
   28.10500000    6.32005680
   28.13000000    6.33115693
   28.15500000    6.34031130
   28.18000000    6.34641858
   28.20500000    6.34847273
   28.23000000    6.34869258
   28.25500000    6.34999357
   28.28000000    6.35380886
   28.30500000    6.36142945
   28.33000000    6.37116906
   28.35500000    6.37874024
   28.38000000    6.38085032
   28.40500000    6.37907208
   28.43000000    6.37535061
   28.45500000    6.37166902
   28.48000000    6.37034083
   28.50500000    6.37217679
   28.53000000    6.37619820
   28.55500000    6.38129765
   28.58000000    6.38743760
   28.60500000    6.39547678
   28.63000000    6.40710875
   28.65500000    6.42478972
   28.68000000    6.44879022
   28.70500000    6.47561873
   28.73000000    6.50014414
   28.75500000    6.52021935
   28.78000000    6.53659901
   28.80500000    6.54859625
   28.83000000    6.55555565
   28.85500000    6.55865461
   28.88000000    6.56009913
   28.90500000    6.56135027
   28.93000000    6.56372045
   28.95500000    6.56802703
   28.98000000    6.57396616
   29.00500000    6.58084664
   29.03000000    6.58833738
   29.05500000    6.59459140
   29.08000000    6.59758153
   29.10500000    6.59852836
   29.13000000    6.59911876
   29.15500000    6.59917961
   29.18000000    6.59867835
   29.20500000    6.60046771
   29.23000000    6.60813933
   29.25500000    6.62068325
   29.28000000    6.63530817
   29.30500000    6.65097235
   29.33000000    6.66807481
   29.35500000    6.68715251
   29.38000000    6.70670714
   29.40500000    6.72306013
   29.43000000    6.73424399
   29.45500000    6.74077212
   29.48000000    6.74561545
   29.50500000    6.75161163
   29.53000000    6.75672684
   29.55500000    6.75798156
   29.58000000    6.75647582
   29.60500000    6.75358529
   29.63000000    6.74945423
   29.65500000    6.74538499
   29.68000000    6.74202389
   29.70500000    6.73864243
   29.73000000    6.73461955
   29.75500000    6.72970827
   29.78000000    6.72454777
   29.80500000    6.72009281
   29.83000000    6.71627043
   29.85500000    6.71219115
   29.88000000    6.70803312
   29.90500000    6.70172488
   29.93000000    6.69219279
   29.95500000    6.68400960
   29.98000000    6.68085635
   30.00500000    6.68249478
   30.03000000    6.68792703
   30.05500000    6.69599230
   30.08000000    6.70484311
   30.10500000    6.71570588
   30.13000000    6.72919736
   30.15500000    6.74383167
   30.18000000    6.75955282
   30.20500000    6.77678423
   30.23000000    6.79501562
   30.25500000    6.81147430
   30.28000000    6.82421990
   30.30500000    6.83585200
   30.33000000    6.84873631
   30.35500000    6.86208240
   30.38000000    6.87364197
   30.40500000    6.88087102
   30.43000000    6.88214941
   30.45500000    6.87912628
   30.48000000    6.87537270
   30.50500000    6.87363357
   30.53000000    6.87528681
   30.55500000    6.88062591
   30.58000000    6.88857284
   30.60500000    6.89714904
   30.63000000    6.90457025
   30.65500000    6.91053005
   30.68000000    6.91669673
   30.70500000    6.92302935
   30.73000000    6.92702740
   30.75500000    6.92581467
   30.78000000    6.91836599
   30.80500000    6.90720743
   30.83000000    6.89603058
   30.85500000    6.88670173
   30.88000000    6.87951927
   30.90500000    6.87469222
   30.93000000    6.87246273
   30.95500000    6.87214049
   30.98000000    6.87195441
   31.00500000    6.87126293
   31.03000000    6.87179389
   31.05500000    6.87695319
   31.08000000    6.88772106
   31.10500000    6.90186203
   31.13000000    6.91747350
   31.15500000    6.93451802
   31.18000000    6.95294449
   31.20500000    6.96972570
   31.23000000    6.98210149
   31.25500000    6.99128566
   31.28000000    6.99979587
   31.30500000    7.00778531
   31.33000000    7.01274312
   31.35500000    7.01451762
   31.38000000    7.01410468
   31.40500000    7.01280542
   31.43000000    7.01216738
   31.45500000    7.01416346
   31.48000000    7.02064955
   31.50500000    7.02894109
   31.53000000    7.03506696
   31.55500000    7.03907404
   31.58000000    7.04206289
   31.60500000    7.04582741
   31.63000000    7.05200727
   31.65500000    7.05892002
   31.68000000    7.06288322
   31.70500000    7.06353556
   31.73000000    7.06683875
   31.75500000    7.07624559
   31.78000000    7.08961931
   31.80500000    7.10439334
   31.83000000    7.11762487
   31.85500000    7.12757175
   31.88000000    7.13429749
   31.90500000    7.13884964
   31.93000000    7.14359248
   31.95500000    7.14978312
   31.98000000    7.15679554
   32.00500000    7.16283228
   32.03000000    7.16643663
   32.05500000    7.16929479
   32.08000000    7.17433981
   32.10500000    7.18141121
   32.13000000    7.18854855
   32.15500000    7.19429460
   32.18000000    7.19867244
   32.20500000    7.20107974
   32.23000000    7.20107106
   32.25500000    7.19714742
   32.28000000    7.18850077
   32.30500000    7.17810779
   32.33000000    7.16716225
   32.35500000    7.15590047
   32.38000000    7.14709787
   32.40500000    7.14401678
   32.43000000    7.14551532
   32.45500000    7.14763056
   32.48000000    7.14700905
   32.50500000    7.14292263
   32.53000000    7.13628922
   32.55500000    7.12810101
   32.58000000    7.12015651
   32.60500000    7.11371140
   32.63000000    7.10915909
   32.65500000    7.10653525
   32.68000000    7.10561022
   32.70500000    7.10637872
   32.73000000    7.10774641
   32.75500000    7.10819398
   32.78000000    7.10589411
   32.80500000    7.09828821
   32.83000000    7.08592341
   32.85500000    7.07123414
   32.88000000    7.05557202
   32.90500000    7.04124997
   32.93000000    7.03121017
   32.95500000    7.02622517
   32.98000000    7.02415506
   33.00500000    7.02287006
   33.03000000    7.02189728
   33.05500000    7.02330481
   33.08000000    7.02852825
   33.10500000    7.03674535
   33.13000000    7.04558599
   33.15500000    7.05353613
   33.18000000    7.05871807
   33.20500000    7.05931038
   33.23000000    7.05616363
   33.25500000    7.05133353
   33.28000000    7.04444201
   33.30500000    7.03491881
   33.33000000    7.02668984
   33.35500000    7.02580083
   33.38000000    7.03368515
   33.40500000    7.04558374
   33.43000000    7.05562328
   33.45500000    7.06266944
   33.48000000    7.07081273
   33.50500000    7.08052975
   33.53000000    7.09042790
   33.55500000    7.10030261
   33.58000000    7.11055358
   33.60500000    7.12157775
   33.63000000    7.13263243
   33.65500000    7.14307053
   33.68000000    7.15108832
   33.70500000    7.15669865
   33.73000000    7.16129749
   33.75500000    7.16524557
   33.78000000    7.17072129
   33.80500000    7.17872115
   33.83000000    7.18865880
   33.85500000    7.20079628
   33.88000000    7.21496329
   33.90500000    7.22932498
   33.93000000    7.24156385
   33.95500000    7.25122391
   33.98000000    7.26000103
   34.00500000    7.26856134
   34.03000000    7.27658694
   34.05500000    7.28664223
   34.08000000    7.30042105
   34.10500000    7.31578022
   34.13000000    7.33018597
   34.15500000    7.34246654
   34.18000000    7.35422560
   34.20500000    7.36810395
   34.23000000    7.38443111
   34.25500000    7.39999505
   34.28000000    7.41170811
   34.30500000    7.41946126
   34.33000000    7.42577087
   34.35500000    7.43416322
   34.38000000    7.44765357
   34.40500000    7.46643931
   34.43000000    7.48823788
   34.45500000    7.51055254
   34.48000000    7.53006386
   34.50500000    7.54391372
   34.53000000    7.55237397
   34.55500000    7.55882083
   34.58000000    7.56723858
   34.60500000    7.58206565
   34.63000000    7.60348965
   34.65500000    7.62536421
   34.68000000    7.63952339
   34.70500000    7.64352467
   34.73000000    7.64286475
   34.75500000    7.64301686
   34.78000000    7.64650689
   34.80500000    7.65369661
   34.83000000    7.66443968
   34.85500000    7.67756277
   34.88000000    7.69036309
   34.90500000    7.70026654
   34.93000000    7.70723383
   34.95500000    7.71132706
   34.98000000    7.71406858
   35.00500000    7.71901100
   35.03000000    7.72872530
   35.05500000    7.74148751
   35.08000000    7.75373348
   35.10500000    7.76290135
   35.13000000    7.76760822
   35.15500000    7.76875722
   35.18000000    7.76823555
   35.20500000    7.76810862
   35.23000000    7.77014496
   35.25500000    7.77414274
   35.28000000    7.77779000
   35.30500000    7.77897825
   35.33000000    7.77678068
   35.35500000    7.77179700
   35.38000000    7.76613875
   35.40500000    7.76275120
   35.43000000    7.76371367
   35.45500000    7.76851467
   35.48000000    7.77536958
   35.50500000    7.78275354
   35.53000000    7.78804235
   35.55500000    7.79014666
   35.58000000    7.79108376
   35.60500000    7.79259640
   35.63000000    7.79554413
   35.65500000    7.80081726
   35.68000000    7.80869694
   35.70500000    7.81812285
   35.73000000    7.82757174
   35.75500000    7.83642684
   35.78000000    7.84468824
   35.80500000    7.85272953
   35.83000000    7.86037609
   35.85500000    7.86819771
   35.88000000    7.87759868
   35.90500000    7.88895640
   35.93000000    7.90127153
   35.95500000    7.91316002
   35.98000000    7.92475793
   36.00500000    7.93711171
   36.03000000    7.95026020
   36.05500000    7.96357668
   36.08000000    7.97934284
   36.10500000    7.99934642
   36.13000000    8.02104898
   36.15500000    8.04124320
   36.18000000    8.05842940
   36.20500000    8.07062272
   36.23000000    8.07490838
   36.25500000    8.07135078
   36.28000000    8.06377677
   36.30500000    8.05657030
   36.33000000    8.05291273
   36.35500000    8.05351883
   36.38000000    8.05660372
   36.40500000    8.05975413
   36.43000000    8.06074566
   36.45500000    8.05991747
   36.48000000    8.06100426
   36.50500000    8.06610866
   36.53000000    8.07421920
   36.55500000    8.08203248
   36.58000000    8.08644983
   36.60500000    8.08573281
   36.63000000    8.08001377
   36.65500000    8.07247065
   36.68000000    8.06797074
   36.70500000    8.06949673
   36.73000000    8.07562321
   36.75500000    8.08166872
   36.78000000    8.08460953
   36.80500000    8.08591182
   36.83000000    8.08876195
   36.85500000    8.09556359
   36.88000000    8.10653775
   36.90500000    8.12015346
   36.93000000    8.13657218
   36.95500000    8.15550489
   36.98000000    8.17514788
   37.00500000    8.19495965
   37.03000000    8.21381729
   37.05500000    8.22991288
   37.08000000    8.24305088
   37.10500000    8.25613032
   37.13000000    8.26990720
   37.15500000    8.28348578
   37.18000000    8.29702113
   37.20500000    8.30944652
   37.23000000    8.32116708
   37.25500000    8.33343221
   37.28000000    8.34552352
   37.30500000    8.35332605
   37.33000000    8.35558190
   37.35500000    8.35560246
   37.38000000    8.35619973
   37.40500000    8.35815268
   37.43000000    8.36002196
   37.45500000    8.36068255
   37.48000000    8.36104679
   37.50500000    8.36116816
   37.53000000    8.36243519
   37.55500000    8.36880593
   37.58000000    8.38277945
   37.60500000    8.40338433
   37.63000000    8.42678116
   37.65500000    8.44833717
   37.68000000    8.46608698
   37.70500000    8.48045011
   37.73000000    8.49216919
   37.75500000    8.50331045
   37.78000000    8.51152528
   37.80500000    8.51462152
   37.83000000    8.51412119
   37.85500000    8.51107216
   37.88000000    8.50670735
   37.90500000    8.50279659
   37.93000000    8.49981793
   37.95500000    8.49710024
   37.98000000    8.49514400
   38.00500000    8.49421612
   38.03000000    8.49315631
   38.05500000    8.49117182
   38.08000000    8.48933773
   38.10500000    8.48833774
   38.13000000    8.48669814
   38.15500000    8.48309678
   38.18000000    8.47894337
   38.20500000    8.47903733
   38.23000000    8.48894976
   38.25500000    8.50917734
   38.28000000    8.53528992
   38.30500000    8.56159202
   38.33000000    8.58424794
   38.35500000    8.60169668
   38.38000000    8.61504757
   38.40500000    8.62573248
   38.43000000    8.63358672
   38.45500000    8.63895212
   38.48000000    8.64362922
   38.50500000    8.65028312
   38.53000000    8.66078316
   38.55500000    8.67416979
   38.58000000    8.68728073
   38.60500000    8.69899761
   38.63000000    8.71079073
   38.65500000    8.72359283
   38.68000000    8.73891862
   38.70500000    8.75537350
   38.73000000    8.76978950
   38.75500000    8.78078183
   38.78000000    8.78861936
   38.80500000    8.79579977
   38.83000000    8.80565083
   38.85500000    8.81791090
   38.88000000    8.82950828
   38.90500000    8.83854183
   38.93000000    8.84608211
   38.95500000    8.85522060
   38.98000000    8.86825801
   39.00500000    8.88441448
   39.03000000    8.90074000
   39.05500000    8.91688161
   39.08000000    8.93408376
   39.10500000    8.95105395
   39.13000000    8.96529655
   39.15500000    8.97548964
   39.18000000    8.98446894
   39.20500000    8.99508988
   39.23000000    9.00687393
   39.25500000    9.01833131
   39.28000000    9.02859614
   39.30500000    9.03522525
   39.33000000    9.03577448
   39.35500000    9.03102298
   39.38000000    9.02425854
   39.40500000    9.01856845
   39.43000000    9.01477777
   39.45500000    9.01164790
   39.48000000    9.00788118
   39.50500000    9.00312118
   39.53000000    8.99961453
   39.55500000    9.00198602
   39.58000000    9.01232548
   39.60500000    9.03072503
   39.63000000    9.05703944
   39.65500000    9.08708947
   39.68000000    9.11470214
   39.70500000    9.13886101
   39.73000000    9.15895661
   39.75500000    9.17524139
   39.78000000    9.19194686
   39.80500000    9.21009916
   39.83000000    9.22614081
   39.85500000    9.23895131
   39.88000000    9.25014194
   39.90500000    9.25991989
   39.93000000    9.26721322
   39.95500000    9.27101650
   39.98000000    9.27135324
   40.00500000    9.26951996
   40.03000000    9.26795881
   40.05500000    9.26791721
   40.08000000    9.26971438
   40.10500000    9.27375489
   40.13000000    9.27990865
   40.15500000    9.28696370
   40.18000000    9.29422211
   40.20500000    9.30413958
   40.23000000    9.31792597
   40.25500000    9.33353564
   40.28000000    9.34698572
   40.30500000    9.35524934
   40.33000000    9.35746510
   40.35500000    9.35435993
   40.38000000    9.34780358
   40.40500000    9.33985374
   40.43000000    9.33211181
   40.45500000    9.32626690
   40.48000000    9.32412917
   40.50500000    9.32517527
   40.53000000    9.32794757
   40.55500000    9.33178150
   40.58000000    9.33657691
   40.60500000    9.34262486
   40.63000000    9.35120876
   40.65500000    9.36231080
   40.68000000    9.37505256
   40.70500000    9.38995674
   40.73000000    9.40931187
   40.75500000    9.43395411
   40.78000000    9.46118555
   40.80500000    9.48725323
   40.83000000    9.51024803
   40.85500000    9.53024841
   40.88000000    9.54797079
   40.90500000    9.56352225
   40.93000000    9.57685186
   40.95500000    9.58638155
   40.98000000    9.59101550
   41.00500000    9.59182333
   41.03000000    9.58953256
   41.05500000    9.58408243
   41.08000000    9.57622576
   41.10500000    9.56835861
   41.13000000    9.56407488
   41.15500000    9.56464824
   41.18000000    9.56755799
   41.20500000    9.56965332
   41.23000000    9.56794591
   41.25500000    9.56137251
   41.28000000    9.55152898
   41.30500000    9.53974237
   41.33000000    9.52683867
   41.35500000    9.51362472
   41.38000000    9.50113650
   41.40500000    9.49197225
   41.43000000    9.48921274
   41.45500000    9.49423704
   41.48000000    9.50737386
   41.50500000    9.52819493
   41.53000000    9.55487300
   41.55500000    9.58271156
   41.58000000    9.60821171
   41.60500000    9.63086435
   41.63000000    9.65100518
   41.65500000    9.67038280
   41.68000000    9.68954246
   41.70500000    9.70874649
   41.73000000    9.72796155
   41.75500000    9.74618451
   41.78000000    9.76281465
   41.80500000    9.77783756
   41.83000000    9.79189711
   41.85500000    9.80575093
   41.88000000    9.81969341
   41.90500000    9.83376761
   41.93000000    9.84592510
   41.95500000    9.85445821
   41.98000000    9.85807722
   42.00500000    9.85752276
   42.03000000    9.85549073
   42.05500000    9.85517654
   42.08000000    9.85919256
   42.10500000    9.87062846
   42.13000000    9.88950131
   42.15500000    9.91567652
   42.18000000    9.94855213
   42.20500000    9.98378618
   42.23000000   10.01590077
   42.25500000   10.04170301
   42.28000000   10.06194497
   42.30500000   10.08020809
   42.33000000   10.09932631
   42.35500000   10.12031695
   42.38000000   10.14094212
   42.40500000   10.15604048
   42.43000000   10.16209162
   42.45500000   10.16091808
   42.48000000   10.15629671
   42.50500000   10.15108370
   42.53000000   10.14720727
   42.55500000   10.14553088
   42.58000000   10.14483509
   42.60500000   10.14289367
   42.63000000   10.14238341
   42.65500000   10.14759409
   42.68000000   10.15845221
   42.70500000   10.17108552
   42.73000000   10.18244958
   42.75500000   10.19189290
   42.78000000   10.19966833
   42.80500000   10.20849138
   42.83000000   10.21921975
   42.85500000   10.23054250
   42.88000000   10.24143098
   42.90500000   10.25186931
   42.93000000   10.26279101
   42.95500000   10.27585278
   42.98000000   10.29147769
   43.00500000   10.30755176
   43.03000000   10.32185767
   43.05500000   10.33182184
   43.08000000   10.33490720
   43.10500000   10.33486564
   43.13000000   10.33735786
   43.15500000   10.34529689
   43.18000000   10.35701460
   43.20500000   10.37007894
   43.23000000   10.38399153
   43.25500000   10.39748274
   43.28000000   10.40770067
   43.30500000   10.41000541
   43.33000000   10.40312158
   43.35500000   10.39242999
   43.38000000   10.38499558
   43.40500000   10.38640886
   43.43000000   10.39481567
   43.45500000   10.40442516
   43.48000000   10.41045934
   43.50500000   10.41139358
   43.53000000   10.40863744
   43.55500000   10.40537408
   43.58000000   10.40487628
   43.60500000   10.40720669
   43.63000000   10.40828587
   43.65500000   10.40513944
   43.68000000   10.40073876
   43.70500000   10.40180242
   43.73000000   10.41136400
   43.75500000   10.42861353
   43.78000000   10.45041632
   43.80500000   10.47433867
   43.83000000   10.49754547
   43.85500000   10.51920983
   43.88000000   10.53971314
   43.90500000   10.55801368
   43.93000000   10.57292620
   43.95500000   10.58227954
   43.98000000   10.58586581
   44.00500000   10.58600214
   44.03000000   10.58543123
   44.05500000   10.58696340
   44.08000000   10.59287127
   44.10500000   10.60281946
   44.13000000   10.61490278
   44.15500000   10.62544191
   44.18000000   10.63070112
   44.20500000   10.63006078
   44.23000000   10.62595857
   44.25500000   10.61971277
   44.28000000   10.61150309
   44.30500000   10.60336442
   44.33000000   10.59759405
   44.35500000   10.59276429
   44.38000000   10.58787855
   44.40500000   10.58467606
   44.43000000   10.58393006
   44.45500000   10.58686239
   44.48000000   10.59464034
   44.50500000   10.60786682
   44.53000000   10.62424826
   44.55500000   10.64047548
   44.58000000   10.65606856
   44.60500000   10.67050744
   44.63000000   10.68535054
   44.65500000   10.70052995
   44.68000000   10.71096681
   44.70500000   10.71424167
   44.73000000   10.71548184
   44.75500000   10.71733260
   44.78000000   10.71866506
   44.80500000   10.71686521
   44.83000000   10.71184986
   44.85500000   10.70622787
   44.88000000   10.70184224
   44.90500000   10.69783628
   44.93000000   10.69156777
   44.95500000   10.68103931
   44.98000000   10.66845416
   45.00500000   10.65816368
   45.03000000   10.65283339
   45.05500000   10.65267392
   45.08000000   10.65572366
   45.10500000   10.65808358
   45.13000000   10.65742150
   45.15500000   10.65403142
   45.18000000   10.65161727
   45.20500000   10.65370581
   45.23000000   10.65914211
   45.25500000   10.66398886
   45.28000000   10.66891967
   45.30500000   10.67758503
   45.33000000   10.69154456
   45.35500000   10.70704904
   45.38000000   10.71874031
   45.40500000   10.72837878
   45.43000000   10.74051055
   45.45500000   10.75744422
   45.48000000   10.77863090
   45.50500000   10.80016573
   45.53000000   10.81719880
   45.55500000   10.82797917
   45.58000000   10.83380805
   45.60500000   10.83791020
   45.63000000   10.84293363
   45.65500000   10.84848259
   45.68000000   10.85271249
   45.70500000   10.85553110
   45.73000000   10.85912718
   45.75500000   10.86441637
   45.78000000   10.87031649
   45.80500000   10.87562593
   45.83000000   10.88000662
   45.85500000   10.88429281
   45.88000000   10.88997330
   45.90500000   10.89581475
   45.93000000   10.89689336
   45.95500000   10.89228034
   45.98000000   10.88565256
   46.00500000   10.87955317
   46.03000000   10.87479690
   46.05500000   10.87230952
   46.08000000   10.87335786
   46.10500000   10.87913507
   46.13000000   10.89186687
   46.15500000   10.91126960
   46.18000000   10.93495078
   46.20500000   10.95938815
   46.23000000   10.98062718
   46.25500000   10.99905131
   46.28000000   11.01820573
   46.30500000   11.03792891
   46.33000000   11.05372030
   46.35500000   11.06233017
   46.38000000   11.06593305
   46.40500000   11.06893019
   46.43000000   11.07462185
   46.45500000   11.08441224
   46.48000000   11.09889143
   46.50500000   11.11716847
   46.53000000   11.13611243
   46.55500000   11.15343652
   46.58000000   11.16801522
   46.60500000   11.18032608
   46.63000000   11.19328382
   46.65500000   11.20748888
   46.68000000   11.22044758
   46.70500000   11.23241676
   46.73000000   11.24479765
   46.75500000   11.25700805
   46.78000000   11.27093726
   46.80500000   11.28646288
   46.83000000   11.30123166
   46.85500000   11.31594507
   46.88000000   11.33277748
   46.90500000   11.35282000
   46.93000000   11.37447667
   46.95500000   11.39845944
   46.98000000   11.42442041
   47.00500000   11.44784654
   47.03000000   11.46309774
   47.05500000   11.46887882
   47.08000000   11.46869984
   47.10500000   11.46755483
   47.13000000   11.47107037
   47.15500000   11.48034423
   47.18000000   11.49102942
   47.20500000   11.50055809
   47.23000000   11.51105845
   47.25500000   11.52280625
   47.28000000   11.53521568
   47.30500000   11.54985421
   47.33000000   11.56425912
   47.35500000   11.57869043
   47.38000000   11.59382930
   47.40500000   11.60542402
   47.43000000   11.60870662
   47.45500000   11.60112166
   47.48000000   11.58399672
   47.50500000   11.56137155
   47.53000000   11.53930461
   47.55500000   11.52428990
   47.58000000   11.51950708
   47.60500000   11.52464340
   47.63000000   11.53534305
   47.65500000   11.54511423
   47.68000000   11.54961720
   47.70500000   11.55160003
   47.73000000   11.55807089
   47.75500000   11.56882929
   47.78000000   11.57705140
   47.80500000   11.58038468
   47.83000000   11.58210825
   47.85500000   11.58423275
   47.88000000   11.58520192
   47.90500000   11.58486354
   47.93000000   11.58603132
   47.95500000   11.59252513
   47.98000000   11.60489596
   48.00500000   11.61648955
   48.03000000   11.62395435
   48.05500000   11.62835886
   48.08000000   11.63055691
   48.10500000   11.63272494
   48.13000000   11.63618635
   48.15500000   11.64159559
   48.18000000   11.64938503
   48.20500000   11.65874188
   48.23000000   11.66860143
   48.25500000   11.67961583
   48.28000000   11.69121125
   48.30500000   11.70112654
   48.33000000   11.70652622
   48.35500000   11.70711729
   48.38000000   11.70655977
   48.40500000   11.70861680
   48.43000000   11.71542331
   48.45500000   11.72764051
   48.48000000   11.74512914
   48.50500000   11.76677727
   48.53000000   11.78760162
   48.55500000   11.80276818
   48.58000000   11.81062511
   48.60500000   11.81183498
   48.63000000   11.80968168
   48.65500000   11.80708396
   48.68000000   11.80518831
   48.70500000   11.80523297
   48.73000000   11.80815396
   48.75500000   11.81406078
   48.78000000   11.82258248
   48.80500000   11.83449551
   48.83000000   11.84858053
   48.85500000   11.86109394
   48.88000000   11.86912070
   48.90500000   11.87186665
   48.93000000   11.87241830
   48.95500000   11.87716976
   48.98000000   11.88968988
   49.00500000   11.91050765
   49.03000000   11.93649282
   49.05500000   11.96068071
   49.08000000   11.97821217
   49.10500000   11.98878292
   49.13000000   11.99424351
   49.15500000   11.99693379
   49.18000000   11.99819092
   49.20500000   11.99826513
   49.23000000   11.99728082
   49.25500000   11.99528805
   49.28000000   11.99479391
   49.30500000   12.00032029
   49.33000000   12.01243242
   49.35500000   12.02727528
   49.38000000   12.04172699
   49.40500000   12.05434309
   49.43000000   12.06534390
   49.45500000   12.07436278
   49.48000000   12.07922566
   49.50500000   12.07981034
   49.53000000   12.07822855
   49.55500000   12.07591741
   49.58000000   12.07426003
   49.60500000   12.07426429
   49.63000000   12.07622116
   49.65500000   12.07881208
   49.68000000   12.08047174
   49.70500000   12.07945586
   49.73000000   12.07659277
   49.75500000   12.07508410
   49.78000000   12.07553972
   49.80500000   12.07910214
   49.83000000   12.08649043
   49.85500000   12.09834544
   49.88000000   12.11649381
   49.90500000   12.13606619
   49.93000000   12.14957576
   49.95500000   12.15299141
   49.98000000   12.14836648
