    0.00500000    0.00006769
    0.03000000    0.00232662
    0.05500000    0.00720051
    0.08000000    0.01383657
    0.10500000    0.02177686
    0.13000000    0.03084572
    0.15500000    0.04023416
    0.18000000    0.04928225
    0.20500000    0.05780373
    0.23000000    0.06557483
    0.25500000    0.07253022
    0.28000000    0.07889937
    0.30500000    0.08497304
    0.33000000    0.09086845
    0.35500000    0.09692030
    0.38000000    0.10343374
    0.40500000    0.11017995
    0.43000000    0.11698279
    0.45500000    0.12359229
    0.48000000    0.12972826
    0.50500000    0.13557718
    0.53000000    0.14126897
    0.55500000    0.14655662
    0.58000000    0.15153693
    0.60500000    0.15672272
    0.63000000    0.16233355
    0.65500000    0.16823255
    0.68000000    0.17407972
    0.70500000    0.17998924
    0.73000000    0.18612912
    0.75500000    0.19251929
    0.78000000    0.19916202
    0.80500000    0.20571001
    0.83000000    0.21212174
    0.85500000    0.21857401
    0.88000000    0.22510615
    0.90500000    0.23176408
    0.93000000    0.23825915
    0.95500000    0.24427567
    0.98000000    0.25031514
    1.00500000    0.25673982
    1.03000000    0.26343637
    1.05500000    0.26985141
    1.08000000    0.27543143
    1.10500000    0.28053439
    1.13000000    0.28562697
    1.15500000    0.29095468
    1.18000000    0.29675205
    1.20500000    0.30263310
    1.23000000    0.30811621
    1.25500000    0.31319883
    1.28000000    0.31847386
    1.30500000    0.32413434
    1.33000000    0.32991239
    1.35500000    0.33570553
    1.38000000    0.34139728
    1.40500000    0.34640926
    1.43000000    0.35025483
    1.45500000    0.35334986
    1.48000000    0.35647389
    1.50500000    0.36018316
    1.53000000    0.36418991
    1.55500000    0.36808843
    1.58000000    0.37260737
    1.60500000    0.37777745
    1.63000000    0.38327538
    1.65500000    0.38904403
    1.68000000    0.39477524
    1.70500000    0.40005950
    1.73000000    0.40481859
    1.75500000    0.40941065
    1.78000000    0.41420652
    1.80500000    0.41928688
    1.83000000    0.42453984
    1.85500000    0.42945760
    1.88000000    0.43395088
    1.90500000    0.43866836
    1.93000000    0.44392268
    1.95500000    0.44993020
    1.98000000    0.45653060
    2.00500000    0.46293779
    2.03000000    0.46875159
    2.05500000    0.47410476
    2.08000000    0.47877598
    2.10500000    0.48271048
    2.13000000    0.48611125
    2.15500000    0.48902771
    2.18000000    0.49145497
    2.20500000    0.49347785
    2.23000000    0.49552753
    2.25500000    0.49818981
    2.28000000    0.50172619
    2.30500000    0.50593410
    2.33000000    0.51054587
    2.35500000    0.51504077
    2.38000000    0.51894315
    2.40500000    0.52256047
    2.43000000    0.52645229
    2.45500000    0.53073698
    2.48000000    0.53543287
    2.50500000    0.54081080
    2.53000000    0.54692039
    2.55500000    0.55361578
    2.58000000    0.56078686
    2.60500000    0.56836176
    2.63000000    0.57615699
    2.65500000    0.58420223
    2.68000000    0.59287198
    2.70500000    0.60204391
    2.73000000    0.61119182
    2.75500000    0.62026951
    2.78000000    0.62873903
    2.80500000    0.63683932
    2.83000000    0.64515124
    2.85500000    0.65333617
    2.88000000    0.66088940
    2.90500000    0.66743457
    2.93000000    0.67271979
    2.95500000    0.67644781
    2.98000000    0.67830401
    3.00500000    0.67888230
    3.03000000    0.67908320
    3.05500000    0.67974738
    3.08000000    0.68153374
    3.10500000    0.68496443
    3.13000000    0.69030138
    3.15500000    0.69668843
    3.18000000    0.70299601
    3.20500000    0.70889392
    3.23000000    0.71402666
    3.25500000    0.71898889
    3.28000000    0.72449985
    3.30500000    0.73043292
    3.33000000    0.73645896
    3.35500000    0.74253227
    3.38000000    0.74832941
    3.40500000    0.75337928
    3.43000000    0.75724058
    3.45500000    0.76016945
    3.48000000    0.76320300
    3.50500000    0.76706626
    3.53000000    0.77162431
    3.55500000    0.77602879
    3.58000000    0.77990365
    3.60500000    0.78341710
    3.63000000    0.78734987
    3.65500000    0.79236343
    3.68000000    0.79827007
    3.70500000    0.80454809
    3.73000000    0.81076701
    3.75500000    0.81676839
    3.78000000    0.82307005
    3.80500000    0.82964143
    3.83000000    0.83592233
    3.85500000    0.84156344
    3.88000000    0.84685821
    3.90500000    0.85223567
    3.93000000    0.85804362
    3.95500000    0.86402091
    3.98000000    0.86967314
    4.00500000    0.87507317
    4.03000000    0.88079494
    4.05500000    0.88667381
    4.08000000    0.89228322
    4.10500000    0.89724515
    4.13000000    0.90115281
    4.15500000    0.90388790
    4.18000000    0.90638366
    4.20500000    0.90972464
    4.23000000    0.91401349
    4.25500000    0.91916914
    4.28000000    0.92570386
    4.30500000    0.93333501
    4.33000000    0.94058210
    4.35500000    0.94589013
    4.38000000    0.94880649
    4.40500000    0.95002586
    4.43000000    0.95019460
    4.45500000    0.94985351
    4.48000000    0.95064065
    4.50500000    0.95390919
    4.53000000    0.96001520
    4.55500000    0.96868978
    4.58000000    0.97886738
    4.60500000    0.98893200
    4.63000000    0.99806837
    4.65500000    1.00562204
    4.68000000    1.01136669
    4.70500000    1.01690213
    4.73000000    1.02363859
    4.75500000    1.03195316
    4.78000000    1.04136769
    4.80500000    1.05138687
    4.83000000    1.06180327
    4.85500000    1.07253431
    4.88000000    1.08318955
    4.90500000    1.09275770
    4.93000000    1.10032796
    4.95500000    1.10620596
    4.98000000    1.11164461
    5.00500000    1.11790421
    5.03000000    1.12511609
    5.05500000    1.13232853
    5.08000000    1.13931311
    5.10500000    1.14633130
    5.13000000    1.15386276
    5.15500000    1.16266658
    5.18000000    1.17314765
    5.20500000    1.18455860
    5.23000000    1.19584634
    5.25500000    1.20654618
    5.28000000    1.21715565
    5.30500000    1.22787603
    5.33000000    1.23829190
    5.35500000    1.24854487
    5.38000000    1.25844192
    5.40500000    1.26729644
    5.43000000    1.27460247
    5.45500000    1.28069201
    5.48000000    1.28629263
    5.50500000    1.29250191
    5.53000000    1.29971591
    5.55500000    1.30709661
    5.58000000    1.31387161
    5.60500000    1.31956180
    5.63000000    1.32454092
    5.65500000    1.32936729
    5.68000000    1.33441163
    5.70500000    1.34005192
    5.73000000    1.34662359
    5.75500000    1.35453540
    5.78000000    1.36428473
    5.80500000    1.37564716
    5.83000000    1.38727852
    5.85500000    1.39762949
    5.88000000    1.40647615
    5.90500000    1.41445302
    5.93000000    1.42257729
    5.95500000    1.43140648
    5.98000000    1.44095748
    6.00500000    1.45079868
    6.03000000    1.45999179
    6.05500000    1.46770999
    6.08000000    1.47367034
    6.10500000    1.47828348
    6.13000000    1.48266672
    6.15500000    1.48763825
    6.18000000    1.49295165
    6.20500000    1.49900544
    6.23000000    1.50635118
    6.25500000    1.51427377
    6.28000000    1.52139894
    6.30500000    1.52734368
    6.33000000    1.53210458
    6.35500000    1.53547525
    6.38000000    1.53739263
    6.40500000    1.53780948
    6.43000000    1.53746835
    6.45500000    1.53721435
    6.48000000    1.53772764
    6.50500000    1.53935340
    6.53000000    1.54137714
    6.55500000    1.54423291
    6.58000000    1.54933688
    6.60500000    1.55653192
    6.63000000    1.56468682
    6.65500000    1.57303146
    6.68000000    1.58063843
    6.70500000    1.58715381
    6.73000000    1.59287840
    6.75500000    1.59904355
    6.78000000    1.60767645
    6.80500000    1.62005669
    6.83000000    1.63479610
    6.85500000    1.64875423
    6.88000000    1.65957464
    6.90500000    1.66704461
    6.93000000    1.67262135
    6.95500000    1.67709596
    6.98000000    1.67992690
    7.00500000    1.68088473
    7.03000000    1.68140796
    7.05500000    1.68349678
    7.08000000    1.68817088
    7.10500000    1.69461914
    7.13000000    1.70202983
    7.15500000    1.70924001
    7.18000000    1.71504075
    7.20500000    1.71933571
    7.23000000    1.72246106
    7.25500000    1.72568977
    7.28000000    1.73100339
    7.30500000    1.73938286
    7.33000000    1.75003751
    7.35500000    1.76010866
    7.38000000    1.76743594
    7.40500000    1.77193705
    7.43000000    1.77463230
    7.45500000    1.77646927
    7.48000000    1.77771725
    7.50500000    1.77863927
    7.53000000    1.77952232
    7.55500000    1.78073742
    7.58000000    1.78289659
    7.60500000    1.78616327
    7.63000000    1.79115551
    7.65500000    1.79795376
    7.68000000    1.80548927
    7.70500000    1.81323488
    7.73000000    1.82214777
    7.75500000    1.83322931
    7.78000000    1.84551866
    7.80500000    1.85617174
    7.83000000    1.86328547
    7.85500000    1.86687661
    7.88000000    1.86826030
    7.90500000    1.86855792
    7.93000000    1.86808464
    7.95500000    1.86738498
    7.98000000    1.86677465
    8.00500000    1.86619125
    8.03000000    1.86617824
    8.05500000    1.86764998
    8.08000000    1.86986301
    8.10500000    1.87175463
    8.13000000    1.87374788
    8.15500000    1.87725449
    8.18000000    1.88346803
    8.20500000    1.89230628
    8.23000000    1.90149473
    8.25500000    1.90863172
    8.28000000    1.91364443
    8.30500000    1.91850247
    8.33000000    1.92436984
    8.35500000    1.93113408
    8.38000000    1.93876042
    8.40500000    1.94673657
    8.43000000    1.95402285
    8.45500000    1.96101097
    8.48000000    1.96923240
    8.50500000    1.97958756
    8.53000000    1.99134283
    8.55500000    2.00308347
    8.58000000    2.01339492
    8.60500000    2.02127071
    8.63000000    2.02615691
    8.65500000    2.02883171
    8.68000000    2.03026957
    8.70500000    2.03091376
    8.73000000    2.03101529
    8.75500000    2.02944586
    8.78000000    2.02593700
    8.80500000    2.02241354
    8.83000000    2.02000175
    8.85500000    2.01899345
    8.88000000    2.02039586
    8.90500000    2.02514369
    8.93000000    2.03351715
    8.95500000    2.04486654
    8.98000000    2.05738230
    9.00500000    2.06984293
    9.03000000    2.08108311
    9.05500000    2.08896423
    9.08000000    2.09206766
    9.10500000    2.09127347
    9.13000000    2.09003890
    9.15500000    2.09225910
    9.18000000    2.09845450
    9.20500000    2.10671939
    9.23000000    2.11460697
    9.25500000    2.12046482
    9.28000000    2.12400279
    9.30500000    2.12619613
    9.33000000    2.12894929
    9.35500000    2.13361685
    9.38000000    2.14021360
    9.40500000    2.14783435
    9.43000000    2.15656626
    9.45500000    2.16714864
    9.48000000    2.17974374
    9.50500000    2.19158146
    9.53000000    2.19915993
    9.55500000    2.20310719
    9.58000000    2.20569549
    9.60500000    2.20859791
    9.63000000    2.21237465
    9.65500000    2.21785551
    9.68000000    2.22511138
    9.70500000    2.23330017
    9.73000000    2.24125578
    9.75500000    2.24860737
    9.78000000    2.25594584
    9.80500000    2.26373267
    9.83000000    2.27125230
    9.85500000    2.27772186
    9.88000000    2.28231698
    9.90500000    2.28471142
    9.93000000    2.28535578
    9.95500000    2.28550210
    9.98000000    2.28577525
   10.00500000    2.28664259
   10.03000000    2.28923282
   10.05500000    2.29402246
   10.08000000    2.29955354
   10.10500000    2.30451575
   10.13000000    2.30802319
   10.15500000    2.30941785
   10.18000000    2.30895494
   10.20500000    2.30816660
   10.23000000    2.30877010
   10.25500000    2.31115490
   10.28000000    2.31478452
   10.30500000    2.32015203
   10.33000000    2.32833866
   10.35500000    2.33794761
   10.38000000    2.34680432
   10.40500000    2.35349376
   10.43000000    2.35783954
   10.45500000    2.36008704
   10.48000000    2.36083718
   10.50500000    2.36043191
   10.53000000    2.35871516
   10.55500000    2.35716936
   10.58000000    2.35845537
   10.60500000    2.36422413
   10.63000000    2.37359615
   10.65500000    2.38442898
   10.68000000    2.39506249
   10.70500000    2.40551908
   10.73000000    2.41562338
   10.75500000    2.42319915
   10.78000000    2.42677960
   10.80500000    2.42811519
   10.83000000    2.42999796
   10.85500000    2.43365467
   10.88000000    2.43906402
   10.90500000    2.44665297
   10.93000000    2.45665775
   10.95500000    2.46831635
   10.98000000    2.48035979
   11.00500000    2.49145135
   11.03000000    2.50030503
   11.05500000    2.50755013
   11.08000000    2.51484028
   11.10500000    2.52186644
   11.13000000    2.52737223
   11.15500000    2.53196286
   11.18000000    2.53664885
   11.20500000    2.54099498
   11.23000000    2.54430408
   11.25500000    2.54653116
   11.28000000    2.54737559
   11.30500000    2.54735312
   11.33000000    2.54741642
   11.35500000    2.54798979
   11.38000000    2.55009085
   11.40500000    2.55359774
   11.43000000    2.55748904
   11.45500000    2.56195974
   11.48000000    2.56689662
   11.50500000    2.57145905
   11.53000000    2.57542434
   11.55500000    2.57860258
   11.58000000    2.58048370
   11.60500000    2.58139226
   11.63000000    2.58141893
   11.65500000    2.58104768
   11.68000000    2.58125299
   11.70500000    2.58207154
   11.73000000    2.58312085
   11.75500000    2.58388125
   11.78000000    2.58377971
   11.80500000    2.58275858
   11.83000000    2.58054425
   11.85500000    2.57682658
   11.88000000    2.57213032
   11.90500000    2.56792744
   11.93000000    2.56448599
   11.95500000    2.56118023
   11.98000000    2.55849601
   12.00500000    2.55866065
   12.03000000    2.56352862
   12.05500000    2.57217619
   12.08000000    2.58281914
   12.10500000    2.59491889
   12.13000000    2.60800186
   12.15500000    2.62064010
   12.18000000    2.63219672
   12.20500000    2.64260660
   12.23000000    2.65071547
   12.25500000    2.65582655
   12.28000000    2.65836380
   12.30500000    2.66033126
   12.33000000    2.66411699
   12.35500000    2.67048089
   12.38000000    2.67818638
   12.40500000    2.68558756
   12.43000000    2.69255504
   12.45500000    2.70043545
   12.48000000    2.71018755
   12.50500000    2.72155558
   12.53000000    2.73343504
   12.55500000    2.74446962
   12.58000000    2.75432768
   12.60500000    2.76352423
   12.63000000    2.77306621
   12.65500000    2.78330479
   12.68000000    2.79226347
   12.70500000    2.79889556
   12.73000000    2.80454415
   12.75500000    2.81028268
   12.78000000    2.81637203
   12.80500000    2.82347802
   12.83000000    2.83180642
   12.85500000    2.84048855
   12.88000000    2.84868976
   12.90500000    2.85532109
   12.93000000    2.86074463
   12.95500000    2.86634181
   12.98000000    2.87189373
   13.00500000    2.87722517
   13.03000000    2.88446668
   13.05500000    2.89442668
   13.08000000    2.90558613
   13.10500000    2.91700695
   13.13000000    2.92816807
   13.15500000    2.93885069
   13.18000000    2.94854955
   13.20500000    2.95570645
   13.23000000    2.95939100
   13.25500000    2.96184392
   13.28000000    2.96513451
   13.30500000    2.96907109
   13.33000000    2.97269370
   13.35500000    2.97460398
   13.38000000    2.97393559
   13.40500000    2.97049183
   13.43000000    2.96478177
   13.45500000    2.95900194
   13.48000000    2.95395970
   13.50500000    2.94941289
   13.53000000    2.94609910
   13.55500000    2.94556090
   13.58000000    2.94906664
   13.60500000    2.95645453
   13.63000000    2.96588884
   13.65500000    2.97513271
   13.68000000    2.98273957
   13.70500000    2.98806333
   13.73000000    2.99134281
   13.75500000    2.99312288
   13.78000000    2.99383393
   13.80500000    2.99486145
   13.83000000    2.99699082
   13.85500000    3.00057455
   13.88000000    3.00537415
   13.90500000    3.00999902
   13.93000000    3.01415373
   13.95500000    3.01877965
   13.98000000    3.02443944
   14.00500000    3.03124869
   14.03000000    3.03949729
   14.05500000    3.05013799
   14.08000000    3.06387527
   14.10500000    3.08021178
   14.13000000    3.09773974
   14.15500000    3.11434696
   14.18000000    3.12770256
   14.20500000    3.13700386
   14.23000000    3.14249418
   14.25500000    3.14493591
   14.28000000    3.14475610
   14.30500000    3.14181869
   14.33000000    3.13741383
   14.35500000    3.13381747
   14.38000000    3.13317491
   14.40500000    3.13643685
   14.43000000    3.14317479
   14.45500000    3.15248026
   14.48000000    3.16380231
   14.50500000    3.17655668
   14.53000000    3.19005533
   14.55500000    3.20373711
   14.58000000    3.21755418
   14.60500000    3.23109157
   14.63000000    3.24417801
   14.65500000    3.25722589
   14.68000000    3.27022004
   14.70500000    3.28254698
   14.73000000    3.29394669
   14.75500000    3.30383775
   14.78000000    3.31247127
   14.80500000    3.31987955
   14.83000000    3.32567787
   14.85500000    3.32985243
   14.88000000    3.33284595
   14.90500000    3.33575554
   14.93000000    3.34001699
   14.95500000    3.34561778
   14.98000000    3.35068331
   15.00500000    3.35427646
   15.03000000    3.35723122
   15.05500000    3.36033528
   15.08000000    3.36419381
   15.10500000    3.36844725
   15.13000000    3.37254089
   15.15500000    3.37532454
   15.18000000    3.37616409
   15.20500000    3.37625781
   15.23000000    3.37743957
   15.25500000    3.38052259
   15.28000000    3.38480358
   15.30500000    3.38826957
   15.33000000    3.38978486
   15.35500000    3.38956853
   15.38000000    3.38992634
   15.40500000    3.39317587
   15.43000000    3.39932907
   15.45500000    3.40800045
   15.48000000    3.41726096
   15.50500000    3.42468322
   15.53000000    3.42994084
   15.55500000    3.43398843
   15.58000000    3.43763832
   15.60500000    3.44055762
   15.63000000    3.44250052
   15.65500000    3.44252176
   15.68000000    3.44007717
   15.70500000    3.43759938
   15.73000000    3.43674182
   15.75500000    3.43746187
   15.78000000    3.43887824
   15.80500000    3.44031138
   15.83000000    3.44257566
   15.85500000    3.44668402
   15.88000000    3.45209286
   15.90500000    3.45755211
   15.93000000    3.46222764
   15.95500000    3.46526765
   15.98000000    3.46539973
   16.00500000    3.46383219
   16.03000000    3.46211301
   16.05500000    3.45782962
   16.08000000    3.44939733
   16.10500000    3.43920684
   16.13000000    3.43008254
   16.15500000    3.42348013
   16.18000000    3.42038521
   16.20500000    3.42115250
   16.23000000    3.42576402
   16.25500000    3.43293664
   16.28000000    3.44029874
   16.30500000    3.44706175
   16.33000000    3.45355815
   16.35500000    3.45908643
   16.38000000    3.46301241
   16.40500000    3.46619061
   16.43000000    3.47055827
   16.45500000    3.47773932
   16.48000000    3.48728046
   16.50500000    3.49723166
   16.53000000    3.50555598
   16.55500000    3.51041777
   16.58000000    3.51190914
   16.60500000    3.51280313
   16.63000000    3.51523033
   16.65500000    3.51860340
   16.68000000    3.52176890
   16.70500000    3.52544882
   16.73000000    3.53158515
   16.75500000    3.54188213
   16.78000000    3.55494032
   16.80500000    3.56747891
   16.83000000    3.57813851
   16.85500000    3.58724230
   16.88000000    3.59518965
   16.90500000    3.60287941
   16.93000000    3.61140404
   16.95500000    3.62069801
   16.98000000    3.63014377
   17.00500000    3.63863498
   17.03000000    3.64598277
   17.05500000    3.65372921
   17.08000000    3.66272353
   17.10500000    3.67204403
   17.13000000    3.68176646
   17.15500000    3.69253341
   17.18000000    3.70272602
   17.20500000    3.71207762
   17.23000000    3.72212089
   17.25500000    3.73254471
   17.28000000    3.74088900
   17.30500000    3.74553896
   17.33000000    3.74755344
   17.35500000    3.74874894
   17.38000000    3.74903121
   17.40500000    3.74759125
   17.43000000    3.74584137
   17.45500000    3.74489277
   17.48000000    3.74458028
   17.50500000    3.74449124
   17.53000000    3.74538123
   17.55500000    3.74941943
   17.58000000    3.75757789
   17.60500000    3.76931321
   17.63000000    3.78328369
   17.65500000    3.79812045
   17.68000000    3.81238429
   17.70500000    3.82424856
   17.73000000    3.83313392
   17.75500000    3.83896567
   17.78000000    3.84283188
   17.80500000    3.84636144
   17.83000000    3.85046854
   17.85500000    3.85542109
   17.88000000    3.86215720
   17.90500000    3.87098100
   17.93000000    3.88120534
   17.95500000    3.89188633
   17.98000000    3.90321507
   18.00500000    3.91484185
   18.03000000    3.92566866
   18.05500000    3.93434658
   18.08000000    3.94017321
   18.10500000    3.94180623
   18.13000000    3.93911001
   18.15500000    3.93466735
   18.18000000    3.93174455
   18.20500000    3.93271322
   18.23000000    3.93819799
   18.25500000    3.94678886
   18.28000000    3.95540956
   18.30500000    3.96109571
   18.33000000    3.96266116
   18.35500000    3.95981973
   18.38000000    3.95381576
   18.40500000    3.94776393
   18.43000000    3.94359551
   18.45500000    3.94126085
   18.48000000    3.93966406
   18.50500000    3.93836146
   18.53000000    3.93803138
   18.55500000    3.93941242
   18.58000000    3.94306529
   18.60500000    3.94934905
   18.63000000    3.95868960
   18.65500000    3.97109112
   18.68000000    3.98540611
   18.70500000    3.99893136
   18.73000000    4.00950150
   18.75500000    4.01685984
   18.78000000    4.02107765
   18.80500000    4.02264382
   18.83000000    4.02223697
   18.85500000    4.02015484
   18.88000000    4.01849969
   18.90500000    4.01899764
   18.93000000    4.02278679
   18.95500000    4.03044209
   18.98000000    4.04171543
   19.00500000    4.05441536
   19.03000000    4.06640344
   19.05500000    4.07759198
   19.08000000    4.08724047
   19.10500000    4.09297974
   19.13000000    4.09425989
   19.15500000    4.09251183
   19.18000000    4.08783383
   19.20500000    4.07986574
   19.23000000    4.06886065
   19.25500000    4.05669032
   19.28000000    4.04625976
   19.30500000    4.03928046
   19.33000000    4.03560177
   19.35500000    4.03399610
   19.38000000    4.03214208
   19.40500000    4.02932926
   19.43000000    4.02792251
   19.45500000    4.02884137
   19.48000000    4.03258566
   19.50500000    4.04009482
   19.53000000    4.05147068
   19.55500000    4.06533810
   19.58000000    4.07997255
   19.60500000    4.09320112
   19.63000000    4.10472592
   19.65500000    4.11592410
   19.68000000    4.12763012
   19.70500000    4.13919151
   19.73000000    4.14894314
   19.75500000    4.15562785
   19.78000000    4.16007563
   19.80500000    4.16386533
   19.83000000    4.16835442
   19.85500000    4.17486766
   19.88000000    4.18341866
   19.90500000    4.19366922
   19.93000000    4.20579988
   19.95500000    4.22024559
   19.98000000    4.23731731
   20.00500000    4.25505408
   20.03000000    4.27105221
   20.05500000    4.28532767
   20.08000000    4.29817592
   20.10500000    4.30942755
   20.13000000    4.31913197
   20.15500000    4.32843889
   20.18000000    4.33750283
   20.20500000    4.34450565
   20.23000000    4.34906164
   20.25500000    4.35120935
   20.28000000    4.35078282
   20.30500000    4.34790645
   20.33000000    4.34272232
   20.35500000    4.33675709
   20.38000000    4.33375928
   20.40500000    4.33438066
   20.43000000    4.33584729
   20.45500000    4.33746143
   20.48000000    4.33998369
   20.50500000    4.34288713
   20.53000000    4.34505449
   20.55500000    4.34608831
   20.58000000    4.34689387
   20.60500000    4.34915932
   20.63000000    4.35348680
   20.65500000    4.35864687
   20.68000000    4.36275101
   20.70500000    4.36533903
   20.73000000    4.36767333
   20.75500000    4.37063617
   20.78000000    4.37311539
   20.80500000    4.37422111
   20.83000000    4.37478192
   20.85500000    4.37749983
   20.88000000    4.38390548
   20.90500000    4.39337281
   20.93000000    4.40411979
   20.95500000    4.41389231
   20.98000000    4.42098671
   21.00500000    4.42543049
   21.03000000    4.42908615
   21.05500000    4.43374807
   21.08000000    4.43971204
   21.10500000    4.44709052
   21.13000000    4.45586887
   21.15500000    4.46516130
   21.18000000    4.47458192
   21.20500000    4.48460500
   21.23000000    4.49547800
   21.25500000    4.50654574
   21.28000000    4.51758454
   21.30500000    4.52790826
   21.33000000    4.53584800
   21.35500000    4.54018310
   21.38000000    4.54184039
   21.40500000    4.54504426
   21.43000000    4.55319152
   21.45500000    4.56559945
   21.48000000    4.57978237
   21.50500000    4.59505675
   21.53000000    4.61194142
   21.55500000    4.62957899
   21.58000000    4.64602070
   21.60500000    4.66033270
   21.63000000    4.67156071
   21.65500000    4.67857669
   21.68000000    4.68253739
   21.70500000    4.68643519
   21.73000000    4.69204003
   21.75500000    4.69907738
   21.78000000    4.70565707
   21.80500000    4.70868601
   21.83000000    4.70846049
   21.85500000    4.70682950
   21.88000000    4.70501673
   21.90500000    4.70377513
   21.93000000    4.70371297
   21.95500000    4.70464441
   21.98000000    4.70777808
   22.00500000    4.71445878
   22.03000000    4.72406872
   22.05500000    4.73433725
   22.08000000    4.74463759
   22.10500000    4.75628040
   22.13000000    4.76805193
   22.15500000    4.77739683
   22.18000000    4.78312291
   22.20500000    4.78609675
   22.23000000    4.78749696
   22.25500000    4.78747668
   22.28000000    4.78710611
   22.30500000    4.78753862
   22.33000000    4.78905677
   22.35500000    4.79287018
   22.38000000    4.80039188
   22.40500000    4.81226525
   22.43000000    4.82955351
   22.45500000    4.85220752
   22.48000000    4.87695868
   22.50500000    4.89867362
   22.53000000    4.91560024
   22.55500000    4.92725483
   22.58000000    4.93322059
   22.60500000    4.93549042
   22.63000000    4.93638979
   22.65500000    4.93687874
   22.68000000    4.93780262
   22.70500000    4.93877215
   22.73000000    4.93984063
   22.75500000    4.94164297
   22.78000000    4.94448166
   22.80500000    4.94755770
   22.83000000    4.94945061
   22.85500000    4.94875286
   22.88000000    4.94537947
   22.90500000    4.94156640
   22.93000000    4.94117658
   22.95500000    4.94482471
   22.98000000    4.95193505
   23.00500000    4.96233666
   23.03000000    4.97455432
   23.05500000    4.98619926
   23.08000000    4.99420177
   23.10500000    4.99828306
   23.13000000    5.00064498
   23.15500000    5.00269627
   23.18000000    5.00532696
   23.20500000    5.00904591
   23.23000000    5.01404240
   23.25500000    5.02081413
   23.28000000    5.02954698
   23.30500000    5.03974898
   23.33000000    5.05031145
   23.35500000    5.05974927
   23.38000000    5.06687557
   23.40500000    5.07008188
   23.43000000    5.06675102
   23.45500000    5.05847285
   23.48000000    5.04814793
   23.50500000    5.03735629
   23.53000000    5.02899418
   23.55500000    5.02657843
   23.58000000    5.03109207
   23.60500000    5.04131868
   23.63000000    5.05515205
   23.65500000    5.06996496
   23.68000000    5.08371427
   23.70500000    5.09519281
   23.73000000    5.10353349
   23.75500000    5.10810301
   23.78000000    5.10854488
   23.80500000    5.10560304
   23.83000000    5.10105071
   23.85500000    5.09672116
   23.88000000    5.09245266
   23.90500000    5.08700939
   23.93000000    5.08131493
   23.95500000    5.07740136
   23.98000000    5.07752193
   24.00500000    5.08286863
   24.03000000    5.09275876
   24.05500000    5.10546075
   24.08000000    5.12011047
   24.10500000    5.13546901
   24.13000000    5.14995455
   24.15500000    5.16282489
   24.18000000    5.17419351
   24.20500000    5.18373363
   24.23000000    5.19075409
   24.25500000    5.19547273
   24.28000000    5.20018149
   24.30500000    5.20745546
   24.33000000    5.21780504
   24.35500000    5.22966787
   24.38000000    5.24123472
   24.40500000    5.25053160
   24.43000000    5.25623278
   24.45500000    5.25866220
   24.48000000    5.25814410
   24.50500000    5.25654666
   24.53000000    5.25448326
   24.55500000    5.25012946
   24.58000000    5.24221315
   24.60500000    5.23127687
   24.63000000    5.21918979
   24.65500000    5.20680009
   24.68000000    5.19490555
   24.70500000    5.18603846
   24.73000000    5.18194354
   24.75500000    5.18263761
   24.78000000    5.18713050
   24.80500000    5.19508078
   24.83000000    5.20563126
   24.85500000    5.21593947
   24.88000000    5.22303226
   24.90500000    5.22558098
   24.93000000    5.22319421
   24.95500000    5.21492187
   24.98000000    5.20301437
   25.00500000    5.19209479
   25.03000000    5.18696547
   25.05500000    5.18976512
   25.08000000    5.19821976
   25.10500000    5.20977830
   25.13000000    5.22223508
   25.15500000    5.23223222
   25.18000000    5.23802351
   25.20500000    5.24331510
   25.23000000    5.25336865
   25.25500000    5.26873463
   25.28000000    5.28526875
   25.30500000    5.29865769
   25.33000000    5.30722822
   25.35500000    5.31069565
   25.38000000    5.30981624
   25.40500000    5.30757994
   25.43000000    5.30653731
   25.45500000    5.30750037
   25.48000000    5.31173167
   25.50500000    5.31950755
   25.53000000    5.32948647
   25.55500000    5.34035102
   25.58000000    5.34879565
   25.60500000    5.35103723
   25.63000000    5.34828350
   25.65500000    5.34442266
   25.68000000    5.34235337
   25.70500000    5.34283289
   25.73000000    5.34567557
   25.75500000    5.35030419
   25.78000000    5.35714058
   25.80500000    5.36715531
   25.83000000    5.37980940
   25.85500000    5.39207801
   25.88000000    5.40011099
   25.90500000    5.40202525
   25.93000000    5.39818098
   25.95500000    5.39219513
   25.98000000    5.38768453
   26.00500000    5.38438253
   26.03000000    5.38106388
   26.05500000    5.37893405
   26.08000000    5.38050992
   26.10500000    5.38512042
   26.13000000    5.38895466
   26.15500000    5.38792301
   26.18000000    5.38191367
   26.20500000    5.37427298
   26.23000000    5.36825863
   26.25500000    5.36601418
   26.28000000    5.36754587
   26.30500000    5.36974284
   26.33000000    5.36895345
   26.35500000    5.36470193
   26.38000000    5.35957522
   26.40500000    5.35721343
   26.43000000    5.35898018
   26.45500000    5.36385506
   26.48000000    5.36847702
   26.50500000    5.37047640
   26.53000000    5.37171444
   26.55500000    5.37350422
   26.58000000    5.37606025
   26.60500000    5.37915932
   26.63000000    5.38212566
   26.65500000    5.38415393
   26.68000000    5.38531583
   26.70500000    5.38740896
   26.73000000    5.39206360
   26.75500000    5.39925723
   26.78000000    5.40959786
   26.80500000    5.42382779
   26.83000000    5.44060156
   26.85500000    5.45673310
   26.88000000    5.47100861
   26.90500000    5.48450113
   26.93000000    5.49791292
   26.95500000    5.51117696
   26.98000000    5.52369026
   27.00500000    5.53558529
   27.03000000    5.54688516
   27.05500000    5.55717888
   27.08000000    5.56531833
   27.10500000    5.57056404
   27.13000000    5.57390759
   27.15500000    5.57770113
   27.18000000    5.58382137
   27.20500000    5.59174574
   27.23000000    5.59903143
   27.25500000    5.60368241
   27.28000000    5.60649596
   27.30500000    5.60959486
   27.33000000    5.61402599
   27.35500000    5.61952939
   27.38000000    5.62393096
   27.40500000    5.62721737
   27.43000000    5.63085941
   27.45500000    5.63639332
   27.48000000    5.64333276
   27.50500000    5.64825702
   27.53000000    5.64947156
   27.55500000    5.64873373
   27.58000000    5.64756589
   27.60500000    5.64631148
   27.63000000    5.64568974
   27.65500000    5.64769891
   27.68000000    5.65359760
   27.70500000    5.66162834
   27.73000000    5.66937864
   27.75500000    5.67546488
   27.78000000    5.67983786
   27.80500000    5.68397137
   27.83000000    5.68891220
   27.85500000    5.69530219
   27.88000000    5.70436584
   27.90500000    5.71651120
   27.93000000    5.72977613
   27.95500000    5.74090582
   27.98000000    5.74779703
   28.00500000    5.74951843
   28.03000000    5.74663728
   28.05500000    5.74135983
   28.08000000    5.73422823
   28.10500000    5.72464924
   28.13000000    5.71507666
   28.15500000    5.70814471
   28.18000000    5.70323894
   28.20500000    5.70123843
   28.23000000    5.70358363
   28.25500000    5.71047933
   28.28000000    5.72153857
   28.30500000    5.73680202
   28.33000000    5.75473387
   28.35500000    5.77083958
   28.38000000    5.78072048
   28.40500000    5.78257496
   28.43000000    5.77948431
   28.45500000    5.77719863
   28.48000000    5.77890946
   28.50500000    5.78489041
   28.53000000    5.79333202
   28.55500000    5.80150636
   28.58000000    5.80695472
   28.60500000    5.80932088
   28.63000000    5.81048511
   28.65500000    5.81134202
   28.68000000    5.81343316
   28.70500000    5.81909550
   28.73000000    5.82970749
   28.75500000    5.84525619
   28.78000000    5.86344238
   28.80500000    5.87990935
   28.83000000    5.89195729
   28.85500000    5.89993534
   28.88000000    5.90569947
   28.90500000    5.91215782
   28.93000000    5.92108064
   28.95500000    5.93046268
   28.98000000    5.93775859
   29.00500000    5.94163871
   29.03000000    5.94157244
   29.05500000    5.93957942
   29.08000000    5.93838824
   29.10500000    5.93819726
   29.13000000    5.93850557
   29.15500000    5.94116564
   29.18000000    5.94644578
   29.20500000    5.95238617
   29.23000000    5.95714850
   29.25500000    5.95935479
   29.28000000    5.96044139
   29.30500000    5.96317274
   29.33000000    5.96732101
   29.35500000    5.97044131
   29.38000000    5.97304962
   29.40500000    5.97688928
   29.43000000    5.98257526
   29.45500000    5.99006497
   29.48000000    5.99726012
   29.50500000    6.00214319
   29.53000000    6.00614453
   29.55500000    6.01148373
   29.58000000    6.01817326
   29.60500000    6.02587381
   29.63000000    6.03460828
   29.65500000    6.04412031
   29.68000000    6.05411414
   29.70500000    6.06491708
   29.73000000    6.07651179
   29.75500000    6.08825443
   29.78000000    6.09962756
   29.80500000    6.10858949
   29.83000000    6.11427812
   29.85500000    6.11818028
   29.88000000    6.12157656
   29.90500000    6.12516992
   29.93000000    6.12894593
   29.95500000    6.13268535
   29.98000000    6.13723950
   30.00500000    6.14361553
   30.03000000    6.15054846
   30.05500000    6.15664716
   30.08000000    6.16112689
   30.10500000    6.16338157
   30.13000000    6.16254604
   30.15500000    6.15959555
   30.18000000    6.15753280
   30.20500000    6.15767706
   30.23000000    6.15729570
   30.25500000    6.15483102
   30.28000000    6.15320442
   30.30500000    6.15489302
   30.33000000    6.15872498
   30.35500000    6.16361093
   30.38000000    6.17076710
   30.40500000    6.17822009
   30.43000000    6.18225208
   30.45500000    6.18151584
   30.48000000    6.17927668
   30.50500000    6.17963667
   30.53000000    6.18388649
   30.55500000    6.19111544
   30.58000000    6.19923242
   30.60500000    6.20876083
   30.63000000    6.22106214
   30.65500000    6.23523075
   30.68000000    6.24912163
   30.70500000    6.26326321
   30.73000000    6.27939850
   30.75500000    6.29671480
   30.78000000    6.31237510
   30.80500000    6.32440223
   30.83000000    6.33220349
   30.85500000    6.33665637
   30.88000000    6.33965095
   30.90500000    6.34393082
   30.93000000    6.35083084
   30.95500000    6.35935629
   30.98000000    6.36949343
   31.00500000    6.38135017
   31.03000000    6.39542248
   31.05500000    6.41176130
   31.08000000    6.42826390
   31.10500000    6.44224927
   31.13000000    6.45437904
   31.15500000    6.46620637
   31.18000000    6.47817928
   31.20500000    6.48959548
   31.23000000    6.50110581
   31.25500000    6.51213408
   31.28000000    6.51961108
   31.30500000    6.52187639
   31.33000000    6.51925760
   31.35500000    6.51356123
   31.38000000    6.50782817
   31.40500000    6.50267969
   31.43000000    6.49743843
   31.45500000    6.49360644
   31.48000000    6.49393306
   31.50500000    6.49966155
   31.53000000    6.51127008
   31.55500000    6.52811218
   31.58000000    6.54868006
   31.60500000    6.57120003
   31.63000000    6.59204985
   31.65500000    6.61045172
   31.68000000    6.62643679
   31.70500000    6.64023094
   31.73000000    6.65358064
   31.75500000    6.66795533
   31.78000000    6.68238584
   31.80500000    6.69651480
   31.83000000    6.71169564
   31.85500000    6.72828030
   31.88000000    6.74433064
   31.90500000    6.75737301
   31.93000000    6.76613080
   31.95500000    6.77093186
   31.98000000    6.77340924
   32.00500000    6.77505380
   32.03000000    6.77835836
   32.05500000    6.78465672
   32.08000000    6.79306527
   32.10500000    6.80140105
   32.13000000    6.80667033
   32.15500000    6.80879341
   32.18000000    6.80843182
   32.20500000    6.80792311
   32.23000000    6.81003675
   32.25500000    6.81445932
   32.28000000    6.82020124
   32.30500000    6.82649623
   32.33000000    6.83343150
   32.35500000    6.84033644
   32.38000000    6.84584449
   32.40500000    6.85137161
   32.43000000    6.85843977
   32.45500000    6.86843764
   32.48000000    6.88269710
   32.50500000    6.90042873
   32.53000000    6.91920064
   32.55500000    6.93681454
   32.58000000    6.95192957
   32.60500000    6.96369664
   32.63000000    6.97086115
   32.65500000    6.97349176
   32.68000000    6.97398590
   32.70500000    6.97502849
   32.73000000    6.97763129
   32.75500000    6.98121360
   32.78000000    6.98402379
   32.80500000    6.98473440
   32.83000000    6.98458473
   32.85500000    6.98620770
   32.88000000    6.99157904
   32.90500000    6.99997361
   32.93000000    7.00866750
   32.95500000    7.01615848
   32.98000000    7.02277346
   33.00500000    7.02938539
   33.03000000    7.03639414
   33.05500000    7.04433832
   33.08000000    7.05395059
   33.10500000    7.06630471
   33.13000000    7.08110775
   33.15500000    7.09594328
   33.18000000    7.10946642
   33.20500000    7.11986188
   33.23000000    7.12573818
   33.25500000    7.13001232
   33.28000000    7.13714760
   33.30500000    7.14756784
   33.33000000    7.15869104
   33.35500000    7.16918985
   33.38000000    7.18004263
   33.40500000    7.19363216
   33.43000000    7.20903552
   33.45500000    7.22187103
   33.48000000    7.23080194
   33.50500000    7.23598354
   33.53000000    7.23845221
   33.55500000    7.23971906
   33.58000000    7.24022791
   33.60500000    7.24024703
   33.63000000    7.24000927
   33.65500000    7.24092805
   33.68000000    7.24577562
   33.70500000    7.25541354
   33.73000000    7.26755900
   33.75500000    7.28187889
   33.78000000    7.29969482
   33.80500000    7.32141475
   33.83000000    7.34660234
   33.85500000    7.37316744
   33.88000000    7.39932238
   33.90500000    7.42412960
   33.93000000    7.44882855
   33.95500000    7.47407340
   33.98000000    7.49856060
   34.00500000    7.52155901
   34.03000000    7.54372141
   34.05500000    7.56394619
   34.08000000    7.57986525
   34.10500000    7.59116452
   34.13000000    7.59895023
   34.15500000    7.60371207
   34.18000000    7.60516923
   34.20500000    7.60594212
   34.23000000    7.60969056
   34.25500000    7.61649932
   34.28000000    7.62354581
   34.30500000    7.62765385
   34.33000000    7.63006663
   34.35500000    7.63417765
   34.38000000    7.64159898
   34.40500000    7.65280786
   34.43000000    7.66600807
   34.45500000    7.67802280
   34.48000000    7.68786832
   34.50500000    7.69501611
   34.53000000    7.70022568
   34.55500000    7.70581955
   34.58000000    7.71217975
   34.60500000    7.71692897
   34.63000000    7.71857799
   34.65500000    7.71874388
   34.68000000    7.71764361
   34.70500000    7.71329793
   34.73000000    7.70508720
   34.75500000    7.69447087
   34.78000000    7.68398947
   34.80500000    7.67470080
   34.83000000    7.66768546
   34.85500000    7.66313299
   34.88000000    7.66027152
   34.90500000    7.66172730
   34.93000000    7.67059763
   34.95500000    7.68743319
   34.98000000    7.70954732
   35.00500000    7.73181447
   35.03000000    7.74897337
   35.05500000    7.75814982
   35.08000000    7.75971445
   35.10500000    7.75673980
   35.13000000    7.75262850
   35.15500000    7.74915116
   35.18000000    7.74791169
   35.20500000    7.75189129
   35.23000000    7.76220422
   35.25500000    7.77567971
   35.28000000    7.78950561
   35.30500000    7.80317219
   35.33000000    7.81765772
   35.35500000    7.83292338
   35.38000000    7.84675887
   35.40500000    7.85743918
   35.43000000    7.86426976
   35.45500000    7.86754938
   35.48000000    7.86934629
   35.50500000    7.87290910
   35.53000000    7.88133348
   35.55500000    7.89510838
   35.58000000    7.91090976
   35.60500000    7.92478664
   35.63000000    7.93450786
   35.65500000    7.93966710
   35.68000000    7.94356911
   35.70500000    7.94942908
   35.73000000    7.95766879
   35.75500000    7.96753321
   35.78000000    7.97951267
   35.80500000    7.99465726
   35.83000000    8.01060212
   35.85500000    8.02448169
   35.88000000    8.03508030
   35.90500000    8.03925277
   35.93000000    8.03423220
   35.95500000    8.02337484
   35.98000000    8.01350990
   36.00500000    8.00932761
   36.03000000    8.01178471
   36.05500000    8.01918435
   36.08000000    8.03011796
   36.10500000    8.04266930
   36.13000000    8.05298305
   36.15500000    8.05639603
   36.18000000    8.05205147
   36.20500000    8.04593951
   36.23000000    8.03961235
   36.25500000    8.03357267
   36.28000000    8.02956313
   36.30500000    8.02582475
   36.33000000    8.02042586
   36.35500000    8.01468302
   36.38000000    8.01087725
   36.40500000    8.01105723
   36.43000000    8.01714442
   36.45500000    8.02945686
   36.48000000    8.04803381
   36.50500000    8.07138170
   36.53000000    8.09404649
   36.55500000    8.11238180
   36.58000000    8.12839467
   36.60500000    8.14515676
   36.63000000    8.16354988
   36.65500000    8.18218334
   36.68000000    8.19983381
   36.70500000    8.21512672
   36.73000000    8.22648327
   36.75500000    8.23323260
   36.78000000    8.23604412
   36.80500000    8.23835271
   36.83000000    8.24209113
   36.85500000    8.24710024
   36.88000000    8.25269673
   36.90500000    8.25625225
   36.93000000    8.25652252
   36.95500000    8.25486403
   36.98000000    8.25340412
   37.00500000    8.25279921
   37.03000000    8.25346450
   37.05500000    8.25671751
   37.08000000    8.26385881
   37.10500000    8.27276057
   37.13000000    8.27967199
   37.15500000    8.28261684
   37.18000000    8.28257348
   37.20500000    8.28379726
   37.23000000    8.29069576
   37.25500000    8.30308227
   37.28000000    8.31760440
   37.30500000    8.33195785
   37.33000000    8.34514191
   37.35500000    8.35429192
   37.38000000    8.35420779
   37.40500000    8.34375700
   37.43000000    8.32808830
   37.45500000    8.31191132
   37.48000000    8.29601504
   37.50500000    8.28140152
   37.53000000    8.27051409
   37.55500000    8.26554156
   37.58000000    8.26806811
   37.60500000    8.27871324
   37.63000000    8.29660685
   37.65500000    8.32014326
   37.68000000    8.34555984
   37.70500000    8.36733511
   37.73000000    8.38414511
   37.75500000    8.39720127
   37.78000000    8.40613860
   37.80500000    8.41104827
   37.83000000    8.41286809
   37.85500000    8.41390741
   37.88000000    8.41778833
   37.90500000    8.42825408
   37.93000000    8.44509709
   37.95500000    8.46449208
   37.98000000    8.48079685
   38.00500000    8.49288130
   38.03000000    8.50323697
   38.05500000    8.51297025
   38.08000000    8.52274700
   38.10500000    8.53194911
   38.13000000    8.53819008
   38.15500000    8.53879678
   38.18000000    8.53483012
   38.20500000    8.53217010
   38.23000000    8.53574201
   38.25500000    8.54464333
   38.28000000    8.55763518
   38.30500000    8.57463704
   38.33000000    8.59504093
   38.35500000    8.61917625
   38.38000000    8.64662357
   38.40500000    8.67654490
   38.43000000    8.70676428
   38.45500000    8.73355365
   38.48000000    8.75421775
   38.50500000    8.76819108
   38.53000000    8.77724306
   38.55500000    8.78388489
   38.58000000    8.79041081
   38.60500000    8.79825062
   38.63000000    8.80833422
   38.65500000    8.82053455
   38.68000000    8.83402450
   38.70500000    8.84714851
   38.73000000    8.85845257
   38.75500000    8.86874984
   38.78000000    8.87933544
   38.80500000    8.88970202
   38.83000000    8.89851005
   38.85500000    8.90444606
   38.88000000    8.90668048
   38.90500000    8.90600347
   38.93000000    8.90564718
   38.95500000    8.90884876
   38.98000000    8.91620507
   39.00500000    8.92590243
   39.03000000    8.93521770
   39.05500000    8.93863422
   39.08000000    8.93656508
   39.10500000    8.93390438
   39.13000000    8.93213869
   39.15500000    8.93059259
   39.18000000    8.92942599
   39.20500000    8.92903107
   39.23000000    8.92815649
   39.25500000    8.92668054
   39.28000000    8.92732088
   39.30500000    8.93103343
   39.33000000    8.93769787
   39.35500000    8.94618723
   39.38000000    8.95536766
   39.40500000    8.96446018
   39.43000000    8.97138540
   39.45500000    8.97430154
   39.48000000    8.97297560
   39.50500000    8.96897927
   39.53000000    8.96495695
   39.55500000    8.96176291
   39.58000000    8.96090177
   39.60500000    8.96470222
   39.63000000    8.97354386
   39.65500000    8.98530883
   39.68000000    8.99725840
   39.70500000    9.00857144
   39.73000000    9.01861411
   39.75500000    9.02651782
   39.78000000    9.03280366
   39.80500000    9.03695240
   39.83000000    9.03841737
   39.85500000    9.03911719
   39.88000000    9.04010209
   39.90500000    9.04052197
   39.93000000    9.04016288
   39.95500000    9.04144422
   39.98000000    9.04705535
   40.00500000    9.05868368
   40.03000000    9.07521005
   40.05500000    9.09380682
   40.08000000    9.11182624
   40.10500000    9.12785829
   40.13000000    9.14197882
   40.15500000    9.15522308
   40.18000000    9.16778828
   40.20500000    9.17835056
   40.23000000    9.18546108
   40.25500000    9.18893322
   40.28000000    9.19049461
   40.30500000    9.19234147
   40.33000000    9.19693863
   40.35500000    9.20651167
   40.38000000    9.21840760
   40.40500000    9.22679813
   40.43000000    9.22972773
   40.45500000    9.22839954
   40.48000000    9.22567573
   40.50500000    9.22328008
   40.53000000    9.22026159
   40.55500000    9.21831679
   40.58000000    9.21984112
   40.60500000    9.22520079
   40.63000000    9.23497491
   40.65500000    9.24944040
   40.68000000    9.26792067
   40.70500000    9.28932721
   40.73000000    9.31150585
   40.75500000    9.33009456
   40.78000000    9.34240771
   40.80500000    9.34839217
   40.83000000    9.34806871
   40.85500000    9.34373310
   40.88000000    9.33864730
   40.90500000    9.33425317
   40.93000000    9.33175876
   40.95500000    9.33199341
   40.98000000    9.33554087
   41.00500000    9.34187934
   41.03000000    9.34906827
   41.05500000    9.35576994
   41.08000000    9.36372909
   41.10500000    9.37418059
   41.13000000    9.38630368
   41.15500000    9.39887672
   41.18000000    9.41082314
   41.20500000    9.42163845
   41.23000000    9.43130654
   41.25500000    9.44077148
   41.28000000    9.45062235
   41.30500000    9.45916222
   41.33000000    9.46612150
   41.35500000    9.47373581
   41.38000000    9.48469887
   41.40500000    9.49923629
   41.43000000    9.51349493
   41.45500000    9.52522315
   41.48000000    9.53491919
   41.50500000    9.54388979
   41.53000000    9.55455324
   41.55500000    9.56887964
   41.58000000    9.58682962
   41.60500000    9.60569514
   41.63000000    9.62038767
   41.65500000    9.62924841
   41.68000000    9.63484537
   41.70500000    9.63650638
   41.73000000    9.63327271
   41.75500000    9.62827333
   41.78000000    9.62409283
   41.80500000    9.61996063
   41.83000000    9.61471631
   41.85500000    9.60979521
   41.88000000    9.60795472
   41.90500000    9.61153725
   41.93000000    9.62011484
   41.95500000    9.63089125
   41.98000000    9.64046667
   42.00500000    9.64785010
   42.03000000    9.65406695
   42.05500000    9.65997502
   42.08000000    9.66621127
   42.10500000    9.67332790
   42.13000000    9.68142154
   42.15500000    9.69062800
   42.18000000    9.69923441
   42.20500000    9.70473435
   42.23000000    9.70637088
   42.25500000    9.70493428
   42.28000000    9.70243619
   42.30500000    9.70162814
   42.33000000    9.70328508
   42.35500000    9.70728034
   42.38000000    9.71298277
   42.40500000    9.71969228
   42.43000000    9.72829884
   42.45500000    9.74045102
   42.48000000    9.75635675
   42.50500000    9.77398833
   42.53000000    9.78976263
   42.55500000    9.80144119
   42.58000000    9.81030807
   42.60500000    9.81479786
   42.63000000    9.81521727
   42.65500000    9.81514979
   42.68000000    9.81927903
   42.70500000    9.82991490
   42.73000000    9.84428840
   42.75500000    9.85596141
   42.78000000    9.85941965
   42.80500000    9.85337357
   42.83000000    9.84044852
   42.85500000    9.82475962
   42.88000000    9.80942086
   42.90500000    9.79550453
   42.93000000    9.78546037
   42.95500000    9.78167883
   42.98000000    9.78354073
   43.00500000    9.78848121
   43.03000000    9.79381510
   43.05500000    9.79846182
   43.08000000    9.80422880
   43.10500000    9.81284820
   43.13000000    9.82413473
   43.15500000    9.83707600
   43.18000000    9.84927930
   43.20500000    9.85915400
   43.23000000    9.86580449
   43.25500000    9.87076956
   43.28000000    9.87607278
   43.30500000    9.88181842
   43.33000000    9.88875346
   43.35500000    9.89771913
   43.38000000    9.90786452
   43.40500000    9.91990961
   43.43000000    9.93521070
   43.45500000    9.95216781
   43.48000000    9.96856506
   43.50500000    9.98272081
   43.53000000    9.99407910
   43.55500000   10.00417658
   43.58000000   10.01514728
   43.60500000   10.02768065
   43.63000000   10.04076052
   43.65500000   10.05172302
   43.68000000   10.05769851
   43.70500000   10.05882308
   43.73000000   10.05780661
   43.75500000   10.05608612
   43.78000000   10.05446193
   43.80500000   10.05578961
   43.83000000   10.06350097
   43.85500000   10.07820845
   43.88000000   10.09696056
   43.90500000   10.11708522
   43.93000000   10.13823671
   43.95500000   10.15833992
   43.98000000   10.17457253
   44.00500000   10.18523260
   44.03000000   10.19186626
   44.05500000   10.19844716
   44.08000000   10.20766913
   44.10500000   10.21868280
   44.13000000   10.22669066
   44.15500000   10.23053456
   44.18000000   10.23275228
   44.20500000   10.23385195
   44.23000000   10.23572179
   44.25500000   10.24050389
   44.28000000   10.24845773
   44.30500000   10.25975189
   44.33000000   10.27382829
   44.35500000   10.28966028
   44.38000000   10.30770704
   44.40500000   10.32890125
   44.43000000   10.35265936
   44.45500000   10.37825435
   44.48000000   10.40480321
   44.50500000   10.43145486
   44.53000000   10.45849586
   44.55500000   10.48352877
   44.58000000   10.50365529
   44.60500000   10.52007968
   44.63000000   10.53494681
   44.65500000   10.54946668
   44.68000000   10.56405424
   44.70500000   10.57932096
   44.73000000   10.59526153
   44.75500000   10.61079787
   44.78000000   10.62353156
   44.80500000   10.63118504
   44.83000000   10.63608546
   44.85500000   10.64040374
   44.88000000   10.64352240
   44.90500000   10.64570562
   44.93000000   10.64711068
   44.95500000   10.64663947
   44.98000000   10.64471077
   45.00500000   10.64418139
   45.03000000   10.64699883
   45.05500000   10.65477229
   45.08000000   10.66734969
   45.10500000   10.68285654
   45.13000000   10.69862994
   45.15500000   10.71146328
   45.18000000   10.72016686
   45.20500000   10.72722941
   45.23000000   10.73575418
   45.25500000   10.74564829
   45.28000000   10.75425106
   45.30500000   10.76074820
   45.33000000   10.76649839
   45.35500000   10.77380027
   45.38000000   10.78147805
   45.40500000   10.78599429
   45.43000000   10.78728018
   45.45500000   10.79034190
   45.48000000   10.79810371
   45.50500000   10.80883660
   45.53000000   10.81923689
   45.55500000   10.82709945
   45.58000000   10.83398177
   45.60500000   10.84292454
   45.63000000   10.85567350
   45.65500000   10.87284169
   45.68000000   10.89274962
   45.70500000   10.91015469
   45.73000000   10.92129587
   45.75500000   10.92721242
   45.78000000   10.92954614
   45.80500000   10.92928078
   45.83000000   10.92710144
   45.85500000   10.92379260
   45.88000000   10.91905084
   45.90500000   10.91344724
   45.93000000   10.91156632
   45.95500000   10.91515924
   45.98000000   10.92109215
   46.00500000   10.92651829
   46.03000000   10.93029340
   46.05500000   10.93383255
   46.08000000   10.94017074
   46.10500000   10.95220477
   46.13000000   10.97315640
   46.15500000   11.00067333
   46.18000000   11.02736553
   46.20500000   11.04787834
   46.23000000   11.06018299
   46.25500000   11.06492882
   46.28000000   11.06479679
   46.30500000   11.06225587
   46.33000000   11.05878735
   46.35500000   11.05596887
   46.38000000   11.05506851
   46.40500000   11.05586694
   46.43000000   11.05626517
   46.45500000   11.05576008
   46.48000000   11.05886331
   46.50500000   11.06770680
   46.53000000   11.07833050
   46.55500000   11.08626731
   46.58000000   11.09066728
   46.60500000   11.09361892
   46.63000000   11.09727176
   46.65500000   11.10452811
   46.68000000   11.11695728
   46.70500000   11.13159604
   46.73000000   11.14347230
   46.75500000   11.15028744
   46.78000000   11.15419988
   46.80500000   11.15672665
   46.83000000   11.15855312
   46.85500000   11.16080449
   46.88000000   11.16377694
   46.90500000   11.16427120
   46.93000000   11.15937079
   46.95500000   11.15030341
   46.98000000   11.14256956
   47.00500000   11.13967889
   47.03000000   11.14225731
   47.05500000   11.14831208
   47.08000000   11.15597655
   47.10500000   11.16588229
   47.13000000   11.17744181
   47.15500000   11.18802212
   47.18000000   11.19519173
   47.20500000   11.19849352
   47.23000000   11.19965328
   47.25500000   11.20113293
   47.28000000   11.20640950
   47.30500000   11.22019576
   47.33000000   11.24138549
   47.35500000   11.26054836
   47.38000000   11.26968861
   47.40500000   11.27000700
   47.43000000   11.26804814
   47.45500000   11.26941528
   47.48000000   11.27530941
   47.50500000   11.28205800
   47.53000000   11.28775142
   47.55500000   11.29393207
   47.58000000   11.30082008
   47.60500000   11.30452824
   47.63000000   11.30206829
   47.65500000   11.29629545
   47.68000000   11.29149070
   47.70500000   11.29101778
   47.73000000   11.29526630
   47.75500000   11.30225403
   47.78000000   11.31139326
   47.80500000   11.32350747
   47.83000000   11.33791829
   47.85500000   11.35325454
   47.88000000   11.36890810
   47.90500000   11.38586207
   47.93000000   11.40235125
   47.95500000   11.41843815
   47.98000000   11.43555291
   48.00500000   11.45291884
   48.03000000   11.46689816
   48.05500000   11.47565956
   48.08000000   11.48193296
   48.10500000   11.48987002
   48.13000000   11.50007865
   48.15500000   11.50947169
   48.18000000   11.51576327
   48.20500000   11.51876374
   48.23000000   11.52030735
   48.25500000   11.52011028
   48.28000000   11.51583794
   48.30500000   11.50624141
   48.33000000   11.49413478
   48.35500000   11.48338511
   48.38000000   11.47857928
   48.40500000   11.48333413
   48.43000000   11.49506211
   48.45500000   11.50811764
   48.48000000   11.52107997
   48.50500000   11.53621281
   48.53000000   11.55404140
   48.55500000   11.57379360
   48.58000000   11.59421330
   48.60500000   11.61248572
   48.63000000   11.62581641
   48.65500000   11.63427179
   48.68000000   11.63817309
   48.70500000   11.63975479
   48.73000000   11.64294927
   48.75500000   11.64895329
   48.78000000   11.66083710
   48.80500000   11.68052111
   48.83000000   11.70442362
   48.85500000   11.72783737
   48.88000000   11.74989328
   48.90500000   11.76765170
   48.93000000   11.77634723
   48.95500000   11.77621497
   48.98000000   11.77312142
   49.00500000   11.77146694
   49.03000000   11.77032434
   49.05500000   11.76742894
   49.08000000   11.76376749
   49.10500000   11.76235323
   49.13000000   11.76425725
   49.15500000   11.76943752
   49.18000000   11.77780088
   49.20500000   11.78852784
   49.23000000   11.80058858
   49.25500000   11.81336466
   49.28000000   11.82849840
   49.30500000   11.84713072
   49.33000000   11.86465362
   49.35500000   11.87374330
   49.38000000   11.87107213
   49.40500000   11.86030688
   49.43000000   11.84693383
   49.45500000   11.83410247
   49.48000000   11.82343649
   49.50500000   11.81600431
   49.53000000   11.81157746
   49.55500000   11.81174674
   49.58000000   11.81523689
   49.60500000   11.81755351
   49.63000000   11.81861020
   49.65500000   11.82023740
   49.68000000   11.82252129
   49.70500000   11.82360787
   49.73000000   11.82285104
   49.75500000   11.82229834
   49.78000000   11.82434352
   49.80500000   11.82738863
   49.83000000   11.83029330
   49.85500000   11.83545871
   49.88000000   11.84324844
   49.90500000   11.85118708
   49.93000000   11.85712553
   49.95500000   11.85794491
   49.98000000   11.85334218
