    0.00500000    0.00006740
    0.03000000    0.00238706
    0.05500000    0.00768135
    0.08000000    0.01519699
    0.10500000    0.02400154
    0.13000000    0.03324918
    0.15500000    0.04220857
    0.18000000    0.05054209
    0.20500000    0.05827788
    0.23000000    0.06528641
    0.25500000    0.07181837
    0.28000000    0.07863618
    0.30500000    0.08601498
    0.33000000    0.09384240
    0.35500000    0.10218469
    0.38000000    0.11095153
    0.40500000    0.12000372
    0.43000000    0.12935898
    0.45500000    0.13892357
    0.48000000    0.14833426
    0.50500000    0.15752263
    0.53000000    0.16658536
    0.55500000    0.17557141
    0.58000000    0.18444888
    0.60500000    0.19331126
    0.63000000    0.20228520
    0.65500000    0.21124527
    0.68000000    0.22005978
    0.70500000    0.22854496
    0.73000000    0.23627630
    0.75500000    0.24387165
    0.78000000    0.25188121
    0.80500000    0.26003740
    0.83000000    0.26811888
    0.85500000    0.27578136
    0.88000000    0.28271061
    0.90500000    0.28883994
    0.93000000    0.29410527
    0.95500000    0.29860881
    0.98000000    0.30272050
    1.00500000    0.30738087
    1.03000000    0.31303056
    1.05500000    0.31958895
    1.08000000    0.32675968
    1.10500000    0.33425034
    1.13000000    0.34157261
    1.15500000    0.34816088
    1.18000000    0.35406598
    1.20500000    0.35950795
    1.23000000    0.36470848
    1.25500000    0.37035333
    1.28000000    0.37667819
    1.30500000    0.38325834
    1.33000000    0.38991768
    1.35500000    0.39672583
    1.38000000    0.40349369
    1.40500000    0.41014158
    1.43000000    0.41666029
    1.45500000    0.42253878
    1.48000000    0.42751767
    1.50500000    0.43240189
    1.53000000    0.43776648
    1.55500000    0.44331522
    1.58000000    0.44852605
    1.60500000    0.45362210
    1.63000000    0.45943139
    1.65500000    0.46620796
    1.68000000    0.47336969
    1.70500000    0.48077342
    1.73000000    0.48846841
    1.75500000    0.49615963
    1.78000000    0.50355971
    1.80500000    0.50987162
    1.83000000    0.51483871
    1.85500000    0.51925724
    1.88000000    0.52362264
    1.90500000    0.52851117
    1.93000000    0.53443651
    1.95500000    0.54122992
    1.98000000    0.54847410
    2.00500000    0.55548842
    2.03000000    0.56192993
    2.05500000    0.56793748
    2.08000000    0.57378574
    2.10500000    0.57959094
    2.13000000    0.58533146
    2.15500000    0.59077036
    2.18000000    0.59613232
    2.20500000    0.60197643
    2.23000000    0.60858422
    2.25500000    0.61615704
    2.28000000    0.62405185
    2.30500000    0.63125424
    2.33000000    0.63778152
    2.35500000    0.64424557
    2.38000000    0.65098654
    2.40500000    0.65747704
    2.43000000    0.66325231
    2.45500000    0.66842306
    2.48000000    0.67343314
    2.50500000    0.67866438
    2.53000000    0.68453797
    2.55500000    0.69126878
    2.58000000    0.69833117
    2.60500000    0.70497122
    2.63000000    0.71062268
    2.65500000    0.71532387
    2.68000000    0.71925306
    2.70500000    0.72287101
    2.73000000    0.72753294
    2.75500000    0.73376045
    2.78000000    0.74082808
    2.80500000    0.74840432
    2.83000000    0.75636885
    2.85500000    0.76395550
    2.88000000    0.76998394
    2.90500000    0.77396303
    2.93000000    0.77669142
    2.95500000    0.77948225
    2.98000000    0.78340452
    3.00500000    0.78936147
    3.03000000    0.79737407
    3.05500000    0.80617052
    3.08000000    0.81405765
    3.10500000    0.82018591
    3.13000000    0.82480870
    3.15500000    0.82849717
    3.18000000    0.83169592
    3.20500000    0.83503572
    3.23000000    0.83929832
    3.25500000    0.84493339
    3.28000000    0.85195196
    3.30500000    0.85955664
    3.33000000    0.86634124
    3.35500000    0.87132013
    3.38000000    0.87501046
    3.40500000    0.87826360
    3.43000000    0.88114372
    3.45500000    0.88325098
    3.48000000    0.88473136
    3.50500000    0.88623995
    3.53000000    0.88840074
    3.55500000    0.89191393
    3.58000000    0.89661295
    3.60500000    0.90184872
    3.63000000    0.90738869
    3.65500000    0.91394917
    3.68000000    0.92184580
    3.70500000    0.93008467
    3.73000000    0.93743964
    3.75500000    0.94368804
    3.78000000    0.94852725
    3.80500000    0.95205219
    3.83000000    0.95454666
    3.85500000    0.95645439
    3.88000000    0.95843165
    3.90500000    0.96082485
    3.93000000    0.96370409
    3.95500000    0.96721692
    3.98000000    0.97161156
    4.00500000    0.97683497
    4.03000000    0.98237682
    4.05500000    0.98758624
    4.08000000    0.99250310
    4.10500000    0.99690236
    4.13000000    1.00066011
    4.15500000    1.00421410
    4.18000000    1.00795645
    4.20500000    1.01168312
    4.23000000    1.01495197
    4.25500000    1.01795268
    4.28000000    1.02175357
    4.30500000    1.02691609
    4.33000000    1.03314732
    4.35500000    1.04007893
    4.38000000    1.04759811
    4.40500000    1.05526581
    4.43000000    1.06251872
    4.45500000    1.07005842
    4.48000000    1.07810533
    4.50500000    1.08658465
    4.53000000    1.09548785
    4.55500000    1.10485087
    4.58000000    1.11508371
    4.60500000    1.12607158
    4.63000000    1.13650939
    4.65500000    1.14499527
    4.68000000    1.15127998
    4.70500000    1.15665057
    4.73000000    1.16289044
    4.75500000    1.17081145
    4.78000000    1.18007321
    4.80500000    1.19004498
    4.83000000    1.19997441
    4.85500000    1.20809699
    4.88000000    1.21350999
    4.90500000    1.21782673
    4.93000000    1.22258421
    4.95500000    1.22844503
    4.98000000    1.23507723
    5.00500000    1.24235024
    5.03000000    1.24961832
    5.05500000    1.25675324
    5.08000000    1.26440894
    5.10500000    1.27225087
    5.13000000    1.27945614
    5.15500000    1.28550638
    5.18000000    1.29054983
    5.20500000    1.29559956
    5.23000000    1.30094957
    5.25500000    1.30645158
    5.28000000    1.31221701
    5.30500000    1.31758162
    5.33000000    1.32217051
    5.35500000    1.32649648
    5.38000000    1.33136743
    5.40500000    1.33716161
    5.43000000    1.34379391
    5.45500000    1.35083678
    5.48000000    1.35762766
    5.50500000    1.36347914
    5.53000000    1.36790596
    5.55500000    1.37115349
    5.58000000    1.37386122
    5.60500000    1.37718793
    5.63000000    1.38208158
    5.65500000    1.38775242
    5.68000000    1.39339614
    5.70500000    1.39872049
    5.73000000    1.40228911
    5.75500000    1.40318315
    5.78000000    1.40270472
    5.80500000    1.40213239
    5.83000000    1.40200154
    5.85500000    1.40192270
    5.88000000    1.40057035
    5.90500000    1.39876598
    5.93000000    1.39770827
    5.95500000    1.39788082
    5.98000000    1.39893661
    6.00500000    1.39964119
    6.03000000    1.39933866
    6.05500000    1.39902515
    6.08000000    1.39984832
    6.10500000    1.40150288
    6.13000000    1.40334208
    6.15500000    1.40434153
    6.18000000    1.40395741
    6.20500000    1.40293557
    6.23000000    1.40253592
    6.25500000    1.40366906
    6.28000000    1.40638616
    6.30500000    1.40955294
    6.33000000    1.41280843
    6.35500000    1.41677063
    6.38000000    1.42184401
    6.40500000    1.42834618
    6.43000000    1.43630010
    6.45500000    1.44504176
    6.48000000    1.45368227
    6.50500000    1.46249423
    6.53000000    1.47246727
    6.55500000    1.48272923
    6.58000000    1.49136265
    6.60500000    1.49745381
    6.63000000    1.50156440
    6.65500000    1.50561167
    6.68000000    1.51120497
    6.70500000    1.51905717
    6.73000000    1.52883513
    6.75500000    1.53945079
    6.78000000    1.54982479
    6.80500000    1.55976637
    6.83000000    1.56970582
    6.85500000    1.57970099
    6.88000000    1.58997143
    6.90500000    1.60102170
    6.93000000    1.61268489
    6.95500000    1.62421035
    6.98000000    1.63453570
    7.00500000    1.64237425
    7.03000000    1.64794194
    7.05500000    1.65276064
    7.08000000    1.65908218
    7.10500000    1.66740996
    7.13000000    1.67611671
    7.15500000    1.68390716
    7.18000000    1.69147071
    7.20500000    1.69982578
    7.23000000    1.70868128
    7.25500000    1.71782444
    7.28000000    1.72801181
    7.30500000    1.73993470
    7.33000000    1.75307323
    7.35500000    1.76625846
    7.38000000    1.77974083
    7.40500000    1.79343396
    7.43000000    1.80645348
    7.45500000    1.81857384
    7.48000000    1.83073883
    7.50500000    1.84385129
    7.53000000    1.85732493
    7.55500000    1.86907865
    7.58000000    1.87748484
    7.60500000    1.88266716
    7.63000000    1.88627829
    7.65500000    1.88927976
    7.68000000    1.89153044
    7.70500000    1.89254482
    7.73000000    1.89228665
    7.75500000    1.89139417
    7.78000000    1.89079283
    7.80500000    1.89083939
    7.83000000    1.89037791
    7.85500000    1.88869907
    7.88000000    1.88687277
    7.90500000    1.88550433
    7.93000000    1.88467368
    7.95500000    1.88525080
    7.98000000    1.88735578
    8.00500000    1.89067296
    8.03000000    1.89521594
    8.05500000    1.90182486
    8.08000000    1.91158979
    8.10500000    1.92407164
    8.13000000    1.93744905
    8.15500000    1.95065443
    8.18000000    1.96379759
    8.20500000    1.97601178
    8.23000000    1.98545953
    8.25500000    1.99199724
    8.28000000    1.99742750
    8.30500000    2.00306262
    8.33000000    2.00917518
    8.35500000    2.01455822
    8.38000000    2.01800221
    8.40500000    2.02062478
    8.43000000    2.02455030
    8.45500000    2.03023184
    8.48000000    2.03740335
    8.50500000    2.04589223
    8.53000000    2.05443029
    8.55500000    2.06080908
    8.58000000    2.06387678
    8.60500000    2.06447586
    8.63000000    2.06519602
    8.65500000    2.06820597
    8.68000000    2.07353484
    8.70500000    2.08060487
    8.73000000    2.08840831
    8.75500000    2.09547752
    8.78000000    2.10099909
    8.80500000    2.10500712
    8.83000000    2.10806025
    8.85500000    2.11179203
    8.88000000    2.11622820
    8.90500000    2.12020870
    8.93000000    2.12380076
    8.95500000    2.12723632
    8.98000000    2.13038826
    9.00500000    2.13414598
    9.03000000    2.13946182
    9.05500000    2.14572154
    9.08000000    2.15161538
    9.10500000    2.15567397
    9.13000000    2.15710885
    9.15500000    2.15669162
    9.18000000    2.15669216
    9.20500000    2.15943204
    9.23000000    2.16531176
    9.25500000    2.17350144
    9.28000000    2.18225875
    9.30500000    2.19028897
    9.33000000    2.19655876
    9.35500000    2.20048530
    9.38000000    2.20272472
    9.40500000    2.20376502
    9.43000000    2.20356460
    9.45500000    2.20251169
    9.48000000    2.20182803
    9.50500000    2.20283421
    9.53000000    2.20614684
    9.55500000    2.21187659
    9.58000000    2.21985831
    9.60500000    2.22971619
    9.63000000    2.24062055
    9.65500000    2.25180259
    9.68000000    2.26215407
    9.70500000    2.27063504
    9.73000000    2.27790781
    9.75500000    2.28545439
    9.78000000    2.29355949
    9.80500000    2.30102383
    9.83000000    2.30747105
    9.85500000    2.31339692
    9.88000000    2.31879301
    9.90500000    2.32365999
    9.93000000    2.32849274
    9.95500000    2.33437591
    9.98000000    2.34209155
   10.00500000    2.35115487
   10.03000000    2.36047786
   10.05500000    2.36937536
   10.08000000    2.37759497
   10.10500000    2.38575324
   10.13000000    2.39496768
   10.15500000    2.40366680
   10.18000000    2.41051751
   10.20500000    2.41672919
   10.23000000    2.42330462
   10.25500000    2.43002505
   10.28000000    2.43614792
   10.30500000    2.44155398
   10.33000000    2.44708503
   10.35500000    2.45325548
   10.38000000    2.45977533
   10.40500000    2.46662292
   10.43000000    2.47387828
   10.45500000    2.48061318
   10.48000000    2.48549608
   10.50500000    2.48835821
   10.53000000    2.49063953
   10.55500000    2.49330571
   10.58000000    2.49561629
   10.60500000    2.49773280
   10.63000000    2.50022604
   10.65500000    2.50394999
   10.68000000    2.50858525
   10.70500000    2.51298766
   10.73000000    2.51728683
   10.75500000    2.52265288
   10.78000000    2.52880558
   10.80500000    2.53426033
   10.83000000    2.53831250
   10.85500000    2.54175451
   10.88000000    2.54544357
   10.90500000    2.54995115
   10.93000000    2.55610768
   10.95500000    2.56490323
   10.98000000    2.57609569
   11.00500000    2.58847942
   11.03000000    2.60057834
   11.05500000    2.61113274
   11.08000000    2.61979208
   11.10500000    2.62640877
   11.13000000    2.63164125
   11.15500000    2.63677435
   11.18000000    2.64238583
   11.20500000    2.64759320
   11.23000000    2.65204251
   11.25500000    2.65578768
   11.28000000    2.66044631
   11.30500000    2.66766941
   11.33000000    2.67713276
   11.35500000    2.68792979
   11.38000000    2.69878599
   11.40500000    2.70792306
   11.43000000    2.71498877
   11.45500000    2.72016898
   11.48000000    2.72379391
   11.50500000    2.72740417
   11.53000000    2.73117865
   11.55500000    2.73429854
   11.58000000    2.73707153
   11.60500000    2.74134109
   11.63000000    2.74779854
   11.65500000    2.75515534
   11.68000000    2.76219866
   11.70500000    2.76860463
   11.73000000    2.77582737
   11.75500000    2.78374215
   11.78000000    2.79062479
   11.80500000    2.79588797
   11.83000000    2.79898558
   11.85500000    2.80001856
   11.88000000    2.80022945
   11.90500000    2.80130992
   11.93000000    2.80601899
   11.95500000    2.81530092
   11.98000000    2.82806589
   12.00500000    2.84277248
   12.03000000    2.85811488
   12.05500000    2.87211272
   12.08000000    2.88390064
   12.10500000    2.89436907
   12.13000000    2.90416977
   12.15500000    2.91417459
   12.18000000    2.92507301
   12.20500000    2.93700151
   12.23000000    2.94990238
   12.25500000    2.96373588
   12.28000000    2.97953398
   12.30500000    2.99836973
   12.33000000    3.02060824
   12.35500000    3.04514025
   12.38000000    3.06964521
   12.40500000    3.09202575
   12.43000000    3.11013835
   12.45500000    3.12392133
   12.48000000    3.13385646
   12.50500000    3.14048916
   12.53000000    3.14589468
   12.55500000    3.15272074
   12.58000000    3.16164045
   12.60500000    3.17057503
   12.63000000    3.17717200
   12.65500000    3.18098012
   12.68000000    3.18321408
   12.70500000    3.18496904
   12.73000000    3.18749691
   12.75500000    3.19245896
   12.78000000    3.20147670
   12.80500000    3.21449695
   12.83000000    3.22980776
   12.85500000    3.24551026
   12.88000000    3.25963960
   12.90500000    3.27120452
   12.93000000    3.27921558
   12.95500000    3.28496897
   12.98000000    3.29104938
   13.00500000    3.29899393
   13.03000000    3.30943276
   13.05500000    3.32157048
   13.08000000    3.33243505
   13.10500000    3.34002842
   13.13000000    3.34490268
   13.15500000    3.34857003
   13.18000000    3.35311282
   13.20500000    3.35927915
   13.23000000    3.36660577
   13.25500000    3.37336811
   13.28000000    3.37897456
   13.30500000    3.38476169
   13.33000000    3.39243700
   13.35500000    3.40315661
   13.38000000    3.41750506
   13.40500000    3.43453095
   13.43000000    3.45188729
   13.45500000    3.46750666
   13.48000000    3.48068449
   13.50500000    3.49117998
   13.53000000    3.49877599
   13.55500000    3.50401425
   13.58000000    3.50844272
   13.60500000    3.51198273
   13.63000000    3.51564636
   13.65500000    3.52162154
   13.68000000    3.52920606
   13.70500000    3.53741235
   13.73000000    3.54503944
   13.75500000    3.55070407
   13.78000000    3.55578694
   13.80500000    3.56269812
   13.83000000    3.57263222
   13.85500000    3.58527562
   13.88000000    3.60064692
   13.90500000    3.61813708
   13.93000000    3.63606624
   13.95500000    3.65361602
   13.98000000    3.67101175
   14.00500000    3.68693116
   14.03000000    3.69965811
   14.05500000    3.70899974
   14.08000000    3.71543639
   14.10500000    3.71922722
   14.13000000    3.72118950
   14.15500000    3.72250401
   14.18000000    3.72273440
   14.20500000    3.72172018
   14.23000000    3.72134724
   14.25500000    3.72410063
   14.28000000    3.73163563
   14.30500000    3.74377238
   14.33000000    3.75890612
   14.35500000    3.77474176
   14.38000000    3.78902082
   14.40500000    3.80114336
   14.43000000    3.81086159
   14.45500000    3.81799917
   14.48000000    3.82299995
   14.50500000    3.82636758
   14.53000000    3.82735669
   14.55500000    3.82639303
   14.58000000    3.82660225
   14.60500000    3.83181233
   14.63000000    3.84327926
   14.65500000    3.85932265
   14.68000000    3.87676432
   14.70500000    3.89285371
   14.73000000    3.90618770
   14.75500000    3.91751145
   14.78000000    3.92844078
   14.80500000    3.93936006
   14.83000000    3.94955463
   14.85500000    3.95784633
   14.88000000    3.96379590
   14.90500000    3.96820610
   14.93000000    3.97270146
   14.95500000    3.97900701
   14.98000000    3.98834960
   15.00500000    4.00060403
   15.03000000    4.01440030
   15.05500000    4.02829962
   15.08000000    4.04134988
   15.10500000    4.05312925
   15.13000000    4.06315206
   15.15500000    4.07059726
   15.18000000    4.07375435
   15.20500000    4.07121037
   15.23000000    4.06449220
   15.25500000    4.05692015
   15.28000000    4.05298443
   15.30500000    4.05397357
   15.33000000    4.05611032
   15.35500000    4.05675458
   15.38000000    4.05628547
   15.40500000    4.05517119
   15.43000000    4.05391077
   15.45500000    4.05299415
   15.48000000    4.05361838
   15.50500000    4.05748594
   15.53000000    4.06556702
   15.55500000    4.07713397
   15.58000000    4.08952467
   15.60500000    4.10118987
   15.63000000    4.11194273
   15.65500000    4.12171272
   15.68000000    4.13055241
   15.70500000    4.13793670
   15.73000000    4.14331271
   15.75500000    4.14648605
   15.78000000    4.14858730
   15.80500000    4.15140851
   15.83000000    4.15493044
   15.85500000    4.15918509
   15.88000000    4.16481103
   15.90500000    4.17271546
   15.93000000    4.18236391
   15.95500000    4.19320819
   15.98000000    4.20511528
   16.00500000    4.21697120
   16.03000000    4.22698041
   16.05500000    4.23532195
   16.08000000    4.24227527
   16.10500000    4.24748299
   16.13000000    4.25158943
   16.15500000    4.25555085
   16.18000000    4.26113912
   16.20500000    4.26930332
   16.23000000    4.27919167
   16.25500000    4.29107504
   16.28000000    4.30539912
   16.30500000    4.32030004
   16.33000000    4.33432919
   16.35500000    4.34718349
   16.38000000    4.35886867
   16.40500000    4.36818143
   16.43000000    4.37396901
   16.45500000    4.37754537
   16.48000000    4.38046170
   16.50500000    4.38299084
   16.53000000    4.38562566
   16.55500000    4.38913765
   16.58000000    4.39498329
   16.60500000    4.40388460
   16.63000000    4.41553660
   16.65500000    4.42894532
   16.68000000    4.44258906
   16.70500000    4.45440788
   16.73000000    4.46253645
   16.75500000    4.46651402
   16.78000000    4.46736987
   16.80500000    4.46577996
   16.83000000    4.46355150
   16.85500000    4.46392680
   16.88000000    4.46804838
   16.90500000    4.47519932
   16.93000000    4.48279178
   16.95500000    4.48952418
   16.98000000    4.49528844
   17.00500000    4.49980479
   17.03000000    4.50339814
   17.05500000    4.50666141
   17.08000000    4.51022606
   17.10500000    4.51524055
   17.13000000    4.52168030
   17.15500000    4.52851850
   17.18000000    4.53451580
   17.20500000    4.53866210
   17.23000000    4.53922571
   17.25500000    4.53643571
   17.28000000    4.53265134
   17.30500000    4.53040232
   17.33000000    4.53115998
   17.35500000    4.53290910
   17.38000000    4.53454310
   17.40500000    4.53659719
   17.43000000    4.54039917
   17.45500000    4.54647560
   17.48000000    4.55419211
   17.50500000    4.56259193
   17.53000000    4.57283871
   17.55500000    4.58519334
   17.58000000    4.59768424
   17.60500000    4.60841395
   17.63000000    4.61876778
   17.65500000    4.62977298
   17.68000000    4.64035507
   17.70500000    4.65000993
   17.73000000    4.66100303
   17.75500000    4.67498822
   17.78000000    4.69005847
   17.80500000    4.70278724
   17.83000000    4.71229470
   17.85500000    4.72033601
   17.88000000    4.72872652
   17.90500000    4.73812067
   17.93000000    4.74648246
   17.95500000    4.75177440
   17.98000000    4.75318057
   18.00500000    4.75102859
   18.03000000    4.74874169
   18.05500000    4.74939438
   18.08000000    4.75391323
   18.10500000    4.76194357
   18.13000000    4.77165943
   18.15500000    4.78243013
   18.18000000    4.79550092
   18.20500000    4.81123419
   18.23000000    4.82793591
   18.25500000    4.84463861
   18.28000000    4.86015406
   18.30500000    4.87274936
   18.33000000    4.88105499
   18.35500000    4.88435684
   18.38000000    4.88271614
   18.40500000    4.87677836
   18.43000000    4.86890374
   18.45500000    4.86272203
   18.48000000    4.86027925
   18.50500000    4.86148947
   18.53000000    4.86381755
   18.55500000    4.86551284
   18.58000000    4.86592768
   18.60500000    4.86436928
   18.63000000    4.85953855
   18.65500000    4.85157430
   18.68000000    4.84339926
   18.70500000    4.83852932
   18.73000000    4.83842376
   18.75500000    4.84122172
   18.78000000    4.84416380
   18.80500000    4.84644563
   18.83000000    4.85014009
   18.85500000    4.85712118
   18.88000000    4.86761714
   18.90500000    4.88091595
   18.93000000    4.89755153
   18.95500000    4.91655261
   18.98000000    4.93560343
   19.00500000    4.95225587
   19.03000000    4.96459977
   19.05500000    4.97303940
   19.08000000    4.97872092
   19.10500000    4.98407841
   19.13000000    4.99145572
   19.15500000    4.99964098
   19.18000000    5.00642947
   19.20500000    5.01193174
   19.23000000    5.01701479
   19.25500000    5.01965930
   19.28000000    5.01758001
   19.30500000    5.01135752
   19.33000000    5.00603850
   19.35500000    5.00677648
   19.38000000    5.01396012
   19.40500000    5.02447019
   19.43000000    5.03715989
   19.45500000    5.05167263
   19.48000000    5.06811172
   19.50500000    5.08658084
   19.53000000    5.10812020
   19.55500000    5.13020484
   19.58000000    5.14930947
   19.60500000    5.16487152
   19.63000000    5.17788224
   19.65500000    5.18899420
   19.68000000    5.19884043
   19.70500000    5.20750184
   19.73000000    5.21625183
   19.75500000    5.22528027
   19.78000000    5.23178257
   19.80500000    5.23385271
   19.83000000    5.23323637
   19.85500000    5.23231593
   19.88000000    5.23267320
   19.90500000    5.23409071
   19.93000000    5.23544752
   19.95500000    5.23569897
   19.98000000    5.23419077
   20.00500000    5.23247455
   20.03000000    5.23292084
   20.05500000    5.23695170
   20.08000000    5.24287274
   20.10500000    5.24835627
   20.13000000    5.25299889
   20.15500000    5.25791351
   20.18000000    5.26398067
   20.20500000    5.27112282
   20.23000000    5.27878371
   20.25500000    5.28588761
   20.28000000    5.29168796
   20.30500000    5.29694169
   20.33000000    5.30309212
   20.35500000    5.31194060
   20.38000000    5.32442508
   20.40500000    5.33849328
   20.43000000    5.35041514
   20.45500000    5.35765082
   20.48000000    5.35931719
   20.50500000    5.35779989
   20.53000000    5.35563967
   20.55500000    5.35470953
   20.58000000    5.35528301
   20.60500000    5.35647083
   20.63000000    5.35850866
   20.65500000    5.36257460
   20.68000000    5.36871876
   20.70500000    5.37597365
   20.73000000    5.38267277
   20.75500000    5.38653105
   20.78000000    5.38682930
   20.80500000    5.38498227
   20.83000000    5.38310966
   20.85500000    5.38302390
   20.88000000    5.38639334
   20.90500000    5.39360682
   20.93000000    5.40192423
   20.95500000    5.40881613
   20.98000000    5.41419833
   21.00500000    5.41853537
   21.03000000    5.42209059
   21.05500000    5.42456584
   21.08000000    5.42634798
   21.10500000    5.42693342
   21.13000000    5.42507759
   21.15500000    5.42089915
   21.18000000    5.41638203
   21.20500000    5.41333572
   21.23000000    5.41206676
   21.25500000    5.41155468
   21.28000000    5.41098713
   21.30500000    5.41070716
   21.33000000    5.41134346
   21.35500000    5.41342880
   21.38000000    5.41674281
   21.40500000    5.42150486
   21.43000000    5.42713217
   21.45500000    5.43161879
   21.48000000    5.43491804
   21.50500000    5.43954748
   21.53000000    5.44716214
   21.55500000    5.45734599
   21.58000000    5.46927562
   21.60500000    5.48185221
   21.63000000    5.49415076
   21.65500000    5.50463585
   21.68000000    5.51063382
   21.70500000    5.51059700
   21.73000000    5.50625786
   21.75500000    5.49989391
   21.78000000    5.49474974
   21.80500000    5.49219672
   21.83000000    5.49176492
   21.85500000    5.49300401
   21.88000000    5.49713326
   21.90500000    5.50532093
   21.93000000    5.51669812
   21.95500000    5.52919539
   21.98000000    5.54192543
   22.00500000    5.55522238
   22.03000000    5.56931620
   22.05500000    5.58289658
   22.08000000    5.59452249
   22.10500000    5.60350400
   22.13000000    5.61024245
   22.15500000    5.61551318
   22.18000000    5.62112250
   22.20500000    5.62844729
   22.23000000    5.63576497
   22.25500000    5.64170877
   22.28000000    5.64708761
   22.30500000    5.65261882
   22.33000000    5.65822653
   22.35500000    5.66304367
   22.38000000    5.66794997
   22.40500000    5.67466888
   22.43000000    5.68415104
   22.45500000    5.69606215
   22.48000000    5.70762450
   22.50500000    5.71589755
   22.53000000    5.71952616
   22.55500000    5.71968867
   22.58000000    5.71998298
   22.60500000    5.72248813
   22.63000000    5.72904173
   22.65500000    5.74165538
   22.68000000    5.75902448
   22.70500000    5.77692349
   22.73000000    5.78994406
   22.75500000    5.79575230
   22.78000000    5.79688454
   22.80500000    5.79663598
   22.83000000    5.79758305
   22.85500000    5.80081085
   22.88000000    5.80509469
   22.90500000    5.80864884
   22.93000000    5.81235946
   22.95500000    5.81874241
   22.98000000    5.82854159
   23.00500000    5.84114838
   23.03000000    5.85585549
   23.05500000    5.87108963
   23.08000000    5.88506609
   23.10500000    5.89653410
   23.13000000    5.90383830
   23.15500000    5.90594025
   23.18000000    5.90248778
   23.20500000    5.89572982
   23.23000000    5.88761714
   23.25500000    5.88051894
   23.28000000    5.87695761
   23.30500000    5.87725536
   23.33000000    5.88095321
   23.35500000    5.88689761
   23.38000000    5.89510883
   23.40500000    5.90620204
   23.43000000    5.91679741
   23.45500000    5.92399109
   23.48000000    5.92850053
   23.50500000    5.93207332
   23.53000000    5.93623646
   23.55500000    5.94186589
   23.58000000    5.95052926
   23.60500000    5.96296213
   23.63000000    5.97509298
   23.65500000    5.98260352
   23.68000000    5.98829052
   23.70500000    5.99495854
   23.73000000    6.00214155
   23.75500000    6.01133626
   23.78000000    6.02316997
   23.80500000    6.03534741
   23.83000000    6.04555665
   23.85500000    6.05260783
   23.88000000    6.05672343
   23.90500000    6.05799211
   23.93000000    6.05713990
   23.95500000    6.05796307
   23.98000000    6.06325884
   24.00500000    6.07263089
   24.03000000    6.08245407
   24.05500000    6.08898544
   24.08000000    6.09310370
   24.10500000    6.09688217
   24.13000000    6.10039870
   24.15500000    6.10292121
   24.18000000    6.10451049
   24.20500000    6.10729364
   24.23000000    6.11146757
   24.25500000    6.11534238
   24.28000000    6.11896304
   24.30500000    6.12377562
   24.33000000    6.13021567
   24.35500000    6.13655132
   24.38000000    6.13953873
   24.40500000    6.13767581
   24.43000000    6.13459545
   24.45500000    6.13330620
   24.48000000    6.13170495
   24.50500000    6.12943871
   24.53000000    6.12732376
   24.55500000    6.12522217
   24.58000000    6.12285384
   24.60500000    6.12032262
   24.63000000    6.11888337
   24.65500000    6.12027797
   24.68000000    6.12349129
   24.70500000    6.12827489
   24.73000000    6.13723459
   24.75500000    6.15135028
   24.78000000    6.16798779
   24.80500000    6.18450694
   24.83000000    6.19879169
   24.85500000    6.20937834
   24.88000000    6.21680288
   24.90500000    6.22197756
   24.93000000    6.22614493
   24.95500000    6.23166905
   24.98000000    6.23952003
   25.00500000    6.24771645
   25.03000000    6.25333442
   25.05500000    6.25629963
   25.08000000    6.26022801
   25.10500000    6.26801310
   25.13000000    6.27837720
   25.15500000    6.28746733
   25.18000000    6.29414285
   25.20500000    6.29908012
   25.23000000    6.30351257
   25.25500000    6.30826779
   25.28000000    6.31296223
   25.30500000    6.31596233
   25.33000000    6.31628996
   25.35500000    6.31434020
   25.38000000    6.31100961
   25.40500000    6.30674554
   25.43000000    6.30272005
   25.45500000    6.30009388
   25.48000000    6.29890458
   25.50500000    6.29878579
   25.53000000    6.29907373
   25.55500000    6.29993450
   25.58000000    6.30328144
   25.60500000    6.31012910
   25.63000000    6.31972469
   25.65500000    6.33150771
   25.68000000    6.34589351
   25.70500000    6.36157084
   25.73000000    6.37519042
   25.75500000    6.38436121
   25.78000000    6.38856489
   25.80500000    6.38812961
   25.83000000    6.38339070
   25.85500000    6.37456390
   25.88000000    6.36743778
   25.90500000    6.36781653
   25.93000000    6.37534904
   25.95500000    6.38738459
   25.98000000    6.40232678
   26.00500000    6.41982339
   26.03000000    6.43813354
   26.05500000    6.45540526
   26.08000000    6.47081420
   26.10500000    6.48428518
   26.13000000    6.49725665
   26.15500000    6.50871185
   26.18000000    6.51728165
   26.20500000    6.52281275
   26.23000000    6.52549334
   26.25500000    6.52761807
   26.28000000    6.53274455
   26.30500000    6.54222018
   26.33000000    6.55320774
   26.35500000    6.56164294
   26.38000000    6.56516984
   26.40500000    6.56467556
   26.43000000    6.56287605
   26.45500000    6.56192390
   26.48000000    6.56518912
   26.50500000    6.57440612
   26.53000000    6.58739139
   26.55500000    6.59866170
   26.58000000    6.60270275
   26.60500000    6.60090336
   26.63000000    6.59946454
   26.65500000    6.60408029
   26.68000000    6.61502564
   26.70500000    6.62843309
   26.73000000    6.64096523
   26.75500000    6.65275718
   26.78000000    6.66429827
   26.80500000    6.67534509
   26.83000000    6.68614024
   26.85500000    6.69779283
   26.88000000    6.71110884
   26.90500000    6.72628960
   26.93000000    6.74152236
   26.95500000    6.75574730
   26.98000000    6.76806697
   27.00500000    6.77587716
   27.03000000    6.77893113
   27.05500000    6.77914500
   27.08000000    6.77841697
   27.10500000    6.77730395
   27.13000000    6.77562146
   27.15500000    6.77330698
   27.18000000    6.76930424
   27.20500000    6.76259599
   27.23000000    6.75195612
   27.25500000    6.73756159
   27.28000000    6.72095486
   27.30500000    6.70410470
   27.33000000    6.68895469
   27.35500000    6.67654910
   27.38000000    6.66750260
   27.40500000    6.66216506
   27.43000000    6.66127754
   27.45500000    6.66659569
   27.48000000    6.67722652
   27.50500000    6.69042099
   27.53000000    6.70393023
   27.55500000    6.71592553
   27.58000000    6.72542279
   27.60500000    6.73328064
   27.63000000    6.74179382
   27.65500000    6.75275516
   27.68000000    6.76538317
   27.70500000    6.77800608
   27.73000000    6.78917342
   27.75500000    6.79747164
   27.78000000    6.80278468
   27.80500000    6.80759279
   27.83000000    6.81534941
   27.85500000    6.82819132
   27.88000000    6.84555416
   27.90500000    6.86370360
   27.93000000    6.87814168
   27.95500000    6.88601376
   27.98000000    6.88654573
   28.00500000    6.88088734
   28.03000000    6.87214951
   28.05500000    6.86432010
   28.08000000    6.85995925
   28.10500000    6.86100624
   28.13000000    6.86803770
   28.15500000    6.87976852
   28.18000000    6.89530400
   28.20500000    6.91463157
   28.23000000    6.93844088
   28.25500000    6.96701058
   28.28000000    6.99843119
   28.30500000    7.02922169
   28.33000000    7.05671333
   28.35500000    7.07888626
   28.38000000    7.09508972
   28.40500000    7.10617235
   28.43000000    7.11434038
   28.45500000    7.12438632
   28.48000000    7.13878318
   28.50500000    7.15788293
   28.53000000    7.18087701
   28.55500000    7.20414361
   28.58000000    7.22281914
   28.60500000    7.23424965
   28.63000000    7.24026746
   28.65500000    7.24290941
   28.68000000    7.24418081
   28.70500000    7.24461371
   28.73000000    7.24186551
   28.75500000    7.23639330
   28.78000000    7.23179932
   28.80500000    7.23073289
   28.83000000    7.23308789
   28.85500000    7.23564853
   28.88000000    7.23528561
   28.90500000    7.23067715
   28.93000000    7.22432566
   28.95500000    7.22041263
   28.98000000    7.22286870
   29.00500000    7.23258405
   29.03000000    7.24684147
   29.05500000    7.26313225
   29.08000000    7.27991805
   29.10500000    7.29533144
   29.13000000    7.30723613
   29.15500000    7.31527083
   29.18000000    7.31911860
   29.20500000    7.32336878
   29.23000000    7.33091787
   29.25500000    7.34258857
   29.28000000    7.35875026
   29.30500000    7.37803679
   29.33000000    7.39774168
   29.35500000    7.41589585
   29.38000000    7.43155796
   29.40500000    7.44295415
   29.43000000    7.44946936
   29.45500000    7.45193757
   29.48000000    7.45191896
   29.50500000    7.45130864
   29.53000000    7.45127093
   29.55500000    7.45348260
   29.58000000    7.45703460
   29.60500000    7.45809694
   29.63000000    7.45540590
   29.65500000    7.45289465
   29.68000000    7.45133019
   29.70500000    7.44841402
   29.73000000    7.44396513
   29.75500000    7.43938451
   29.78000000    7.43541810
   29.80500000    7.43257016
   29.83000000    7.43236750
   29.85500000    7.43756168
   29.88000000    7.44634717
   29.90500000    7.45417498
   29.93000000    7.45889841
   29.95500000    7.46275812
   29.98000000    7.46720380
   30.00500000    7.47224645
   30.03000000    7.47964155
   30.05500000    7.48899712
   30.08000000    7.49789543
   30.10500000    7.50489898
   30.13000000    7.50987349
   30.15500000    7.51347498
   30.18000000    7.51821346
   30.20500000    7.52659669
   30.23000000    7.53756457
   30.25500000    7.54758658
   30.28000000    7.55590775
   30.30500000    7.56408639
   30.33000000    7.57314438
   30.35500000    7.58271086
   30.38000000    7.59232784
   30.40500000    7.60211942
   30.43000000    7.61251756
   30.45500000    7.62484528
   30.48000000    7.63793521
   30.50500000    7.64965411
   30.53000000    7.65849585
   30.55500000    7.66469467
   30.58000000    7.67069262
   30.60500000    7.67792207
   30.63000000    7.68484538
   30.65500000    7.69014030
   30.68000000    7.69520399
   30.70500000    7.70283323
   30.73000000    7.71360680
   30.75500000    7.72731318
   30.78000000    7.74364396
   30.80500000    7.75995755
   30.83000000    7.77225003
   30.85500000    7.77857126
   30.88000000    7.77847257
   30.90500000    7.77380854
   30.93000000    7.76967837
   30.95500000    7.77024351
   30.98000000    7.77670870
   31.00500000    7.78829756
   31.03000000    7.80059743
   31.05500000    7.81046889
   31.08000000    7.81607359
   31.10500000    7.81816938
   31.13000000    7.82172451
   31.15500000    7.83065406
   31.18000000    7.84387566
   31.20500000    7.85834459
   31.23000000    7.87424738
   31.25500000    7.89267544
   31.28000000    7.91179483
   31.30500000    7.92939059
   31.33000000    7.94591154
   31.35500000    7.96204299
   31.38000000    7.97744524
   31.40500000    7.99040012
   31.43000000    8.00017980
   31.45500000    8.00797118
   31.48000000    8.01434059
   31.50500000    8.01939796
   31.53000000    8.02369593
   31.55500000    8.02773826
   31.58000000    8.03033165
   31.60500000    8.02828057
   31.63000000    8.02110526
   31.65500000    8.01018147
   31.68000000    7.99868302
   31.70500000    7.98942351
   31.73000000    7.98380964
   31.75500000    7.98170828
   31.78000000    7.98156936
   31.80500000    7.98262632
   31.83000000    7.98658885
   31.85500000    7.99534272
   31.88000000    8.00937795
   31.90500000    8.02742582
   31.93000000    8.04813962
   31.95500000    8.06993871
   31.98000000    8.09053777
   32.00500000    8.10792933
   32.03000000    8.12083530
   32.05500000    8.12829746
   32.08000000    8.13048985
   32.10500000    8.12919008
   32.13000000    8.12612357
   32.15500000    8.12309492
   32.18000000    8.12199236
   32.20500000    8.12461917
   32.23000000    8.13011666
   32.25500000    8.13700260
   32.28000000    8.14617589
   32.30500000    8.15763118
   32.33000000    8.16953132
   32.35500000    8.18091904
   32.38000000    8.19439697
   32.40500000    8.20981574
   32.43000000    8.22417498
   32.45500000    8.23595402
   32.48000000    8.24603313
   32.50500000    8.25589037
   32.53000000    8.26659661
   32.55500000    8.27868445
   32.58000000    8.29205471
   32.60500000    8.30499102
   32.63000000    8.31414653
   32.65500000    8.31810585
   32.68000000    8.32005342
   32.70500000    8.32437997
   32.73000000    8.33265459
   32.75500000    8.34454482
   32.78000000    8.35941508
   32.80500000    8.37702288
   32.83000000    8.39649516
   32.85500000    8.41748862
   32.88000000    8.43664194
   32.90500000    8.44960346
   32.93000000    8.45702252
   32.95500000    8.46168693
   32.98000000    8.46417217
   33.00500000    8.46531178
   33.03000000    8.46698443
   33.05500000    8.46976216
   33.08000000    8.47355869
   33.10500000    8.47940160
   33.13000000    8.48663549
   33.15500000    8.49320211
   33.18000000    8.49999149
   33.20500000    8.50831142
   33.23000000    8.51872786
   33.25500000    8.53100568
   33.28000000    8.54276421
   33.30500000    8.55057245
   33.33000000    8.55353276
   33.35500000    8.55361565
   33.38000000    8.55391520
   33.40500000    8.55685612
   33.43000000    8.56285121
   33.45500000    8.57147808
   33.48000000    8.58368241
   33.50500000    8.59976390
   33.53000000    8.61925147
   33.55500000    8.64013060
   33.58000000    8.65823267
   33.60500000    8.67111765
   33.63000000    8.68015586
   33.65500000    8.68953749
   33.68000000    8.70377703
   33.70500000    8.72459979
   33.73000000    8.74964953
   33.75500000    8.77530100
   33.78000000    8.79887575
   33.80500000    8.81877959
   33.83000000    8.83534939
   33.85500000    8.85106660
   33.88000000    8.86738092
   33.90500000    8.88244518
   33.93000000    8.89446998
   33.95500000    8.90285267
   33.98000000    8.90817189
   34.00500000    8.91258074
   34.03000000    8.91597403
   34.05500000    8.91715018
   34.08000000    8.91622767
   34.10500000    8.91407431
   34.13000000    8.90790432
   34.15500000    8.89493365
   34.18000000    8.87863656
   34.20500000    8.86428890
   34.23000000    8.85193369
   34.25500000    8.84077999
   34.28000000    8.83239280
   34.30500000    8.82776164
   34.33000000    8.82750001
   34.35500000    8.83206838
   34.38000000    8.84007370
   34.40500000    8.85087131
   34.43000000    8.86494142
   34.45500000    8.88105616
   34.48000000    8.89754853
   34.50500000    8.91517082
   34.53000000    8.93360209
   34.55500000    8.95210793
   34.58000000    8.96796355
   34.60500000    8.97762141
   34.63000000    8.98237424
   34.65500000    8.98503303
   34.68000000    8.98613386
   34.70500000    8.98816062
   34.73000000    8.99333747
   34.75500000    9.00319708
   34.78000000    9.01899999
   34.80500000    9.03843676
   34.83000000    9.05656734
   34.85500000    9.06856210
   34.88000000    9.07303075
   34.90500000    9.07087902
   34.93000000    9.06476215
   34.95500000    9.05930895
   34.98000000    9.05936728
   35.00500000    9.06641590
   35.03000000    9.07822263
   35.05500000    9.09140686
   35.08000000    9.10301969
   35.10500000    9.11134036
   35.13000000    9.11547652
   35.15500000    9.11566505
   35.18000000    9.11252015
   35.20500000    9.10701821
   35.23000000    9.10098034
   35.25500000    9.09626345
   35.28000000    9.09382470
   35.30500000    9.09374359
   35.33000000    9.09446740
   35.35500000    9.09297582
   35.38000000    9.08971137
   35.40500000    9.08734548
   35.43000000    9.08693983
   35.45500000    9.08733716
   35.48000000    9.08744449
   35.50500000    9.08744794
   35.53000000    9.08791321
   35.55500000    9.08932932
   35.58000000    9.09425854
   35.60500000    9.10480182
   35.63000000    9.12061566
   35.65500000    9.14042046
   35.68000000    9.16123785
   35.70500000    9.17971897
   35.73000000    9.19612509
   35.75500000    9.21235817
   35.78000000    9.22776790
   35.80500000    9.24049918
   35.83000000    9.25113558
   35.85500000    9.26149911
   35.88000000    9.27333188
   35.90500000    9.28590500
   35.93000000    9.29778076
   35.95500000    9.30909858
   35.98000000    9.31843982
   36.00500000    9.32599471
   36.03000000    9.33299575
   36.05500000    9.33620393
   36.08000000    9.33196528
   36.10500000    9.32152307
   36.13000000    9.30752467
   36.15500000    9.29312954
   36.18000000    9.28085296
   36.20500000    9.27264828
   36.23000000    9.26796958
   36.25500000    9.26658154
   36.28000000    9.26940632
   36.30500000    9.27832820
   36.33000000    9.29457180
   36.35500000    9.31595086
   36.38000000    9.34002845
   36.40500000    9.36355753
   36.43000000    9.38277766
   36.45500000    9.39729088
   36.48000000    9.41103177
   36.50500000    9.42618593
   36.53000000    9.44159201
   36.55500000    9.45709079
   36.58000000    9.47301218
   36.60500000    9.48786467
   36.63000000    9.50014964
   36.65500000    9.51179623
   36.68000000    9.52588974
   36.70500000    9.54204433
   36.73000000    9.55727828
   36.75500000    9.57023286
   36.78000000    9.58327964
   36.80500000    9.59665148
   36.83000000    9.60981131
   36.85500000    9.62151103
   36.88000000    9.63144481
   36.90500000    9.64246466
   36.93000000    9.65525689
   36.95500000    9.66552846
   36.98000000    9.66930745
   37.00500000    9.66632575
   37.03000000    9.66066204
   37.05500000    9.65749650
   37.08000000    9.65749393
   37.10500000    9.65833836
   37.13000000    9.65893106
   37.15500000    9.65874642
   37.18000000    9.65818329
   37.20500000    9.65990760
   37.23000000    9.66737333
   37.25500000    9.67854296
   37.28000000    9.68808667
   37.30500000    9.69411111
   37.33000000    9.69745452
   37.35500000    9.69814401
   37.38000000    9.69385247
   37.40500000    9.68570746
   37.43000000    9.67907711
   37.45500000    9.67702922
   37.48000000    9.67842705
   37.50500000    9.68134420
   37.53000000    9.68493610
   37.55500000    9.68994497
   37.58000000    9.69661948
   37.60500000    9.70492645
   37.63000000    9.71474979
   37.65500000    9.72524980
   37.68000000    9.73627641
   37.70500000    9.74832494
   37.73000000    9.76214760
   37.75500000    9.77680892
   37.78000000    9.79044756
   37.80500000    9.80125427
   37.83000000    9.80870340
   37.85500000    9.81397884
   37.88000000    9.81776648
   37.90500000    9.82012345
   37.93000000    9.82214999
   37.95500000    9.82532425
   37.98000000    9.83093170
   38.00500000    9.83877180
   38.03000000    9.84814612
   38.05500000    9.85692372
   38.08000000    9.86150238
   38.10500000    9.86047614
   38.13000000    9.85547980
   38.15500000    9.84794009
   38.18000000    9.84104254
   38.20500000    9.83862605
   38.23000000    9.84092038
   38.25500000    9.84689190
   38.28000000    9.85733078
   38.30500000    9.87323287
   38.33000000    9.89232385
   38.35500000    9.91091924
   38.38000000    9.92710889
   38.40500000    9.94052238
   38.43000000    9.95172672
   38.45500000    9.96134398
   38.48000000    9.97133381
   38.50500000    9.98259663
   38.53000000    9.99457341
   38.55500000   10.00593112
   38.58000000   10.01573898
   38.60500000   10.02334382
   38.63000000   10.02983868
   38.65500000   10.03670302
   38.68000000   10.04320056
   38.70500000   10.04927763
   38.73000000   10.05650763
   38.75500000   10.06551676
   38.78000000   10.07573455
   38.80500000   10.08839508
   38.83000000   10.10603073
   38.85500000   10.12784417
   38.88000000   10.15145557
   38.90500000   10.17221051
   38.93000000   10.18530821
   38.95500000   10.19160189
   38.98000000   10.19464205
   39.00500000   10.19590358
   39.03000000   10.19513364
   39.05500000   10.19305199
   39.08000000   10.19088459
   39.10500000   10.18927302
   39.13000000   10.18721762
   39.15500000   10.18656298
   39.18000000   10.19216194
   39.20500000   10.20595782
   39.23000000   10.22344588
   39.25500000   10.23786887
   39.28000000   10.24505627
   39.30500000   10.24474807
   39.33000000   10.23889406
   39.35500000   10.23114606
   39.38000000   10.22468395
   39.40500000   10.22135743
   39.43000000   10.22244548
   39.45500000   10.22844136
   39.48000000   10.23654283
   39.50500000   10.24449563
   39.53000000   10.25314465
   39.55500000   10.26397001
   39.58000000   10.27569636
   39.60500000   10.28670279
   39.63000000   10.29610067
   39.65500000   10.30395240
   39.68000000   10.31104648
   39.70500000   10.31946783
   39.73000000   10.33047841
   39.75500000   10.34306018
   39.78000000   10.35517301
   39.80500000   10.36613223
   39.83000000   10.37992612
   39.85500000   10.40154192
   39.88000000   10.43214628
   39.90500000   10.46874457
   39.93000000   10.50167169
   39.95500000   10.52027170
   39.98000000   10.52248982
   40.00500000   10.51426762
   40.03000000   10.50408230
   40.05500000   10.49801090
   40.08000000   10.49775472
   40.10500000   10.50182811
   40.13000000   10.50777360
   40.15500000   10.51425150
   40.18000000   10.51964445
   40.20500000   10.52155178
   40.23000000   10.52012112
   40.25500000   10.51860957
   40.28000000   10.51849590
   40.30500000   10.51853070
   40.33000000   10.51757562
   40.35500000   10.51568196
   40.38000000   10.51327978
   40.40500000   10.51173326
   40.43000000   10.51291746
   40.45500000   10.51844440
   40.48000000   10.52800656
   40.50500000   10.54057252
   40.53000000   10.55571526
   40.55500000   10.57061854
   40.58000000   10.58049987
   40.60500000   10.58270986
   40.63000000   10.57735611
   40.65500000   10.56897386
   40.68000000   10.56164030
   40.70500000   10.55634114
   40.73000000   10.55342180
   40.75500000   10.55345432
   40.78000000   10.55536686
   40.80500000   10.55605752
   40.83000000   10.55382355
   40.85500000   10.54935999
   40.88000000   10.54603605
   40.90500000   10.54715736
   40.93000000   10.55406400
   40.95500000   10.56664002
   40.98000000   10.58352477
   41.00500000   10.60239221
   41.03000000   10.62183702
   41.05500000   10.64123019
   41.08000000   10.65555159
   41.10500000   10.66188590
   41.13000000   10.66178188
   41.15500000   10.65807038
   41.18000000   10.65560056
   41.20500000   10.65716087
   41.23000000   10.66185862
   41.25500000   10.66713865
   41.28000000   10.67296827
   41.30500000   10.68031199
   41.33000000   10.68692719
   41.35500000   10.69103362
   41.38000000   10.69281716
   41.40500000   10.69104231
   41.43000000   10.68740693
   41.45500000   10.68505232
   41.48000000   10.68550419
   41.50500000   10.68844280
   41.53000000   10.69221399
   41.55500000   10.69635515
   41.58000000   10.70027836
   41.60500000   10.70181985
   41.63000000   10.69880969
   41.65500000   10.69163874
   41.68000000   10.68403513
   41.70500000   10.67908506
   41.73000000   10.67786198
   41.75500000   10.68086921
   41.78000000   10.68720440
   41.80500000   10.69354001
   41.83000000   10.69800420
   41.85500000   10.70148937
   41.88000000   10.70358866
   41.90500000   10.70246700
   41.93000000   10.69956261
   41.95500000   10.69841747
   41.98000000   10.69958139
   42.00500000   10.70430752
   42.03000000   10.71261665
   42.05500000   10.72141813
   42.08000000   10.72798893
   42.10500000   10.73213081
   42.13000000   10.73536932
   42.15500000   10.74008312
   42.18000000   10.74844269
   42.20500000   10.76172712
   42.23000000   10.78080000
   42.25500000   10.80494546
   42.28000000   10.83154345
   42.30500000   10.85745176
   42.33000000   10.87998305
   42.35500000   10.89854090
   42.38000000   10.91260669
   42.40500000   10.92133762
   42.43000000   10.92488605
   42.45500000   10.92493061
   42.48000000   10.92320199
   42.50500000   10.92062581
   42.53000000   10.91839403
   42.55500000   10.91891911
   42.58000000   10.92498225
   42.60500000   10.93928169
   42.63000000   10.96056303
   42.65500000   10.98433989
   42.68000000   11.00817132
   42.70500000   11.03066558
   42.73000000   11.05033862
   42.75500000   11.06495352
   42.78000000   11.07264554
   42.80500000   11.07433413
   42.83000000   11.07207692
   42.85500000   11.06617837
   42.88000000   11.05829413
   42.90500000   11.05045331
   42.93000000   11.04422347
   42.95500000   11.04019645
   42.98000000   11.03908736
   43.00500000   11.04025970
   43.03000000   11.04241008
   43.05500000   11.04469427
   43.08000000   11.04515261
   43.10500000   11.04484153
   43.13000000   11.04669465
   43.15500000   11.04873178
   43.18000000   11.04975608
   43.20500000   11.05189898
   43.23000000   11.05510167
   43.25500000   11.05630212
   43.28000000   11.05298001
   43.30500000   11.04661199
   43.33000000   11.03974658
   43.35500000   11.03473634
   43.38000000   11.03367814
   43.40500000   11.03617747
   43.43000000   11.04046766
   43.45500000   11.04503310
   43.48000000   11.04860334
   43.50500000   11.05064239
   43.53000000   11.05296477
   43.55500000   11.06071897
   43.58000000   11.07632949
   43.60500000   11.09746049
   43.63000000   11.11843526
   43.65500000   11.13573802
   43.68000000   11.14950471
   43.70500000   11.16057541
   43.73000000   11.17070981
   43.75500000   11.18404785
   43.78000000   11.20182404
   43.80500000   11.22111934
   43.83000000   11.23648740
   43.85500000   11.24615266
   43.88000000   11.24968378
   43.90500000   11.24785924
   43.93000000   11.24268399
   43.95500000   11.23768390
   43.98000000   11.23635391
   44.00500000   11.23879050
   44.03000000   11.24242293
   44.05500000   11.24546177
   44.08000000   11.25019452
   44.10500000   11.26008177
   44.13000000   11.27285791
   44.15500000   11.28379065
   44.18000000   11.29234668
   44.20500000   11.30185197
   44.23000000   11.31495369
   44.25500000   11.33215066
   44.28000000   11.35299122
   44.30500000   11.37501252
   44.33000000   11.39518310
   44.35500000   11.41027337
   44.38000000   11.41922551
   44.40500000   11.42452102
   44.43000000   11.42904154
   44.45500000   11.43210361
   44.48000000   11.43053995
   44.50500000   11.42625610
   44.53000000   11.42442131
   44.55500000   11.42875911
   44.58000000   11.44013445
   44.60500000   11.45616224
   44.63000000   11.47144210
   44.65500000   11.47782467
   44.68000000   11.47385356
   44.70500000   11.46445318
   44.73000000   11.45484737
   44.75500000   11.44887459
   44.78000000   11.44675281
   44.80500000   11.44598666
   44.83000000   11.44562997
   44.85500000   11.44634595
   44.88000000   11.44934342
   44.90500000   11.45643469
   44.93000000   11.46753254
   44.95500000   11.48186188
   44.98000000   11.49818809
   45.00500000   11.51622518
   45.03000000   11.53679321
   45.05500000   11.55836023
   45.08000000   11.57800352
   45.10500000   11.59433092
   45.13000000   11.60674289
   45.15500000   11.61376804
   45.18000000   11.61424407
   45.20500000   11.60942568
   45.23000000   11.60249442
   45.25500000   11.59764768
   45.28000000   11.59563449
   45.30500000   11.59441274
   45.33000000   11.59543695
   45.35500000   11.59880275
   45.38000000   11.60446488
   45.40500000   11.61413598
   45.43000000   11.62887947
   45.45500000   11.64580470
   45.48000000   11.66012149
   45.50500000   11.67099367
   45.53000000   11.68198018
   45.55500000   11.69489593
   45.58000000   11.71050813
   45.60500000   11.72804299
   45.63000000   11.74583181
   45.65500000   11.76113872
   45.68000000   11.77159804
   45.70500000   11.77845126
   45.73000000   11.78518472
   45.75500000   11.79475766
   45.78000000   11.80741239
   45.80500000   11.82104141
   45.83000000   11.83223884
   45.85500000   11.83863700
   45.88000000   11.84002300
   45.90500000   11.83658745
   45.93000000   11.82864446
   45.95500000   11.81991828
   45.98000000   11.81445073
   46.00500000   11.81359814
   46.03000000   11.81339272
   46.05500000   11.81023458
   46.08000000   11.80490510
   46.10500000   11.79905647
   46.13000000   11.79405662
   46.15500000   11.79016328
   46.18000000   11.78599340
   46.20500000   11.77993712
   46.23000000   11.77106559
   46.25500000   11.75849762
   46.28000000   11.74063280
   46.30500000   11.71896666
   46.33000000   11.69873054
   46.35500000   11.68357680
   46.38000000   11.67369201
   46.40500000   11.67083454
   46.43000000   11.67632131
   46.45500000   11.68598692
   46.48000000   11.69595020
   46.50500000   11.70597210
   46.53000000   11.71584458
   46.55500000   11.72251670
   46.58000000   11.72326657
   46.60500000   11.72293509
   46.63000000   11.72596223
   46.65500000   11.73252483
   46.68000000   11.74264186
   46.70500000   11.75800433
   46.73000000   11.77816178
   46.75500000   11.80006348
   46.78000000   11.81880267
   46.80500000   11.83207754
   46.83000000   11.84189904
   46.85500000   11.84904031
   46.88000000   11.85149767
   46.90500000   11.84720954
   46.93000000   11.83845737
   46.95500000   11.83071215
   46.98000000   11.82787215
   47.00500000   11.83095661
   47.03000000   11.83706783
   47.05500000   11.84130473
   47.08000000   11.84212079
   47.10500000   11.84417772
   47.13000000   11.85132529
   47.15500000   11.86137791
   47.18000000   11.87182412
   47.20500000   11.88239453
   47.23000000   11.89231989
   47.25500000   11.90074759
   47.28000000   11.90743237
   47.30500000   11.91736460
   47.33000000   11.93582599
   47.35500000   11.96151811
   47.38000000   11.98763471
   47.40500000   12.00803652
   47.43000000   12.02151062
   47.45500000   12.02759070
   47.48000000   12.02707247
   47.50500000   12.02313626
   47.53000000   12.01770337
   47.55500000   12.01230139
   47.58000000   12.00934310
   47.60500000   12.01060043
   47.63000000   12.01512972
   47.65500000   12.01971545
   47.68000000   12.02111253
   47.70500000   12.01865069
   47.73000000   12.01330741
   47.75500000   12.00744987
   47.78000000   12.00252268
   47.80500000   11.99835862
   47.83000000   11.99457635
   47.85500000   11.99079029
   47.88000000   11.98738145
   47.90500000   11.98398786
   47.93000000   11.97844021
   47.95500000   11.97032475
   47.98000000   11.95884871
   48.00500000   11.94468455
   48.03000000   11.93146101
   48.05500000   11.92231493
   48.08000000   11.91911323
   48.10500000   11.92025827
   48.13000000   11.92428499
   48.15500000   11.93124221
   48.18000000   11.94301914
   48.20500000   11.96064427
   48.23000000   11.97875024
   48.25500000   11.98884379
   48.28000000   11.99071637
   48.30500000   11.99237748
   48.33000000   11.99875188
   48.35500000   12.00984209
   48.38000000   12.02476799
   48.40500000   12.04348122
   48.43000000   12.06445120
   48.45500000   12.08492625
   48.48000000   12.10383499
   48.50500000   12.12232228
   48.53000000   12.14148958
   48.55500000   12.16111239
   48.58000000   12.17801332
   48.60500000   12.18814676
   48.63000000   12.18892175
   48.65500000   12.18235826
   48.68000000   12.17274114
   48.70500000   12.16272651
   48.73000000   12.15569526
   48.75500000   12.15357188
   48.78000000   12.15558192
   48.80500000   12.15957426
   48.83000000   12.16366103
   48.85500000   12.16672530
   48.88000000   12.16803033
   48.90500000   12.16775637
   48.93000000   12.16624134
   48.95500000   12.16478681
   48.98000000   12.16611369
   49.00500000   12.16975595
   49.03000000   12.17174704
   49.05500000   12.17113070
   49.08000000   12.17039430
   49.10500000   12.17047834
   49.13000000   12.17139500
   49.15500000   12.17368978
   49.18000000   12.17915801
   49.20500000   12.19161075
   49.23000000   12.21157240
   49.25500000   12.23520243
   49.28000000   12.25607565
   49.30500000   12.27303288
   49.33000000   12.28709832
   49.35500000   12.29615198
   49.38000000   12.29747727
   49.40500000   12.29269823
   49.43000000   12.28623340
   49.45500000   12.28167294
   49.48000000   12.27969885
   49.50500000   12.28011652
   49.53000000   12.28051196
   49.55500000   12.27875513
   49.58000000   12.27752956
   49.60500000   12.28165446
   49.63000000   12.29287802
   49.65500000   12.31047260
   49.68000000   12.33427815
   49.70500000   12.36353067
   49.73000000   12.39493674
   49.75500000   12.42537156
   49.78000000   12.45379622
   49.80500000   12.47826304
   49.83000000   12.49419854
   49.85500000   12.49960912
   49.88000000   12.49978369
   49.90500000   12.50025899
   49.93000000   12.50422987
   49.95500000   12.51268417
   49.98000000   12.52317492
