    0.00500000    0.00006311
    0.03000000    0.00219494
    0.05500000    0.00692780
    0.08000000    0.01364356
    0.10500000    0.02189409
    0.13000000    0.03088654
    0.15500000    0.03958020
    0.18000000    0.04775391
    0.20500000    0.05597580
    0.23000000    0.06456323
    0.25500000    0.07305672
    0.28000000    0.08087157
    0.30500000    0.08815789
    0.33000000    0.09561659
    0.35500000    0.10326577
    0.38000000    0.11075162
    0.40500000    0.11761378
    0.43000000    0.12358525
    0.45500000    0.12895358
    0.48000000    0.13413205
    0.50500000    0.13898669
    0.53000000    0.14315177
    0.55500000    0.14669118
    0.58000000    0.15002600
    0.60500000    0.15358975
    0.63000000    0.15713112
    0.65500000    0.16082082
    0.68000000    0.16524241
    0.70500000    0.17039560
    0.73000000    0.17573986
    0.75500000    0.18097972
    0.78000000    0.18619922
    0.80500000    0.19149757
    0.83000000    0.19659032
    0.85500000    0.20127284
    0.88000000    0.20557144
    0.90500000    0.20940565
    0.93000000    0.21288723
    0.95500000    0.21654832
    0.98000000    0.22053841
    1.00500000    0.22469828
    1.03000000    0.22900641
    1.05500000    0.23325801
    1.08000000    0.23761323
    1.10500000    0.24247567
    1.13000000    0.24764975
    1.15500000    0.25276549
    1.18000000    0.25760285
    1.20500000    0.26241623
    1.23000000    0.26720357
    1.25500000    0.27201295
    1.28000000    0.27708854
    1.30500000    0.28237333
    1.33000000    0.28750942
    1.35500000    0.29211668
    1.38000000    0.29646047
    1.40500000    0.30114572
    1.43000000    0.30695884
    1.45500000    0.31378684
    1.48000000    0.32098351
    1.50500000    0.32855097
    1.53000000    0.33670829
    1.55500000    0.34527976
    1.58000000    0.35400439
    1.60500000    0.36253598
    1.63000000    0.37017870
    1.65500000    0.37666271
    1.68000000    0.38298752
    1.70500000    0.39010691
    1.73000000    0.39791740
    1.75500000    0.40574310
    1.78000000    0.41296013
    1.80500000    0.41923015
    1.83000000    0.42457604
    1.85500000    0.42962027
    1.88000000    0.43546547
    1.90500000    0.44313711
    1.93000000    0.45241017
    1.95500000    0.46200656
    1.98000000    0.47087039
    2.00500000    0.47879535
    2.03000000    0.48615869
    2.05500000    0.49309423
    2.08000000    0.49996946
    2.10500000    0.50707929
    2.13000000    0.51456814
    2.15500000    0.52224677
    2.18000000    0.52970388
    2.20500000    0.53696331
    2.23000000    0.54372682
    2.25500000    0.54981895
    2.28000000    0.55550892
    2.30500000    0.56111635
    2.33000000    0.56671585
    2.35500000    0.57208421
    2.38000000    0.57722730
    2.40500000    0.58258363
    2.43000000    0.58812139
    2.45500000    0.59354726
    2.48000000    0.59881443
    2.50500000    0.60422450
    2.53000000    0.61033676
    2.55500000    0.61742004
    2.58000000    0.62547301
    2.60500000    0.63409587
    2.63000000    0.64273702
    2.65500000    0.65151179
    2.68000000    0.66055638
    2.70500000    0.66985602
    2.73000000    0.67938054
    2.75500000    0.68892807
    2.78000000    0.69850092
    2.80500000    0.70847862
    2.83000000    0.71880480
    2.85500000    0.72909848
    2.88000000    0.73905073
    2.90500000    0.74817328
    2.93000000    0.75614824
    2.95500000    0.76306249
    2.98000000    0.76916368
    3.00500000    0.77487587
    3.03000000    0.78093906
    3.05500000    0.78788407
    3.08000000    0.79559819
    3.10500000    0.80359294
    3.13000000    0.81127013
    3.15500000    0.81809445
    3.18000000    0.82378732
    3.20500000    0.82892695
    3.23000000    0.83410511
    3.25500000    0.83904202
    3.28000000    0.84326693
    3.30500000    0.84692120
    3.33000000    0.85122200
    3.35500000    0.85701740
    3.38000000    0.86418915
    3.40500000    0.87254753
    3.43000000    0.88161252
    3.45500000    0.89049969
    3.48000000    0.89841425
    3.50500000    0.90535166
    3.53000000    0.91092758
    3.55500000    0.91476305
    3.58000000    0.91754224
    3.60500000    0.92102316
    3.63000000    0.92614015
    3.65500000    0.93235212
    3.68000000    0.93825436
    3.70500000    0.94234705
    3.73000000    0.94518059
    3.75500000    0.94824408
    3.78000000    0.95169138
    3.80500000    0.95503959
    3.83000000    0.95823949
    3.85500000    0.96148992
    3.88000000    0.96554705
    3.90500000    0.97089611
    3.93000000    0.97703883
    3.95500000    0.98296312
    3.98000000    0.98818467
    4.00500000    0.99378088
    4.03000000    1.00106855
    4.05500000    1.01118436
    4.08000000    1.02396731
    4.10500000    1.03819301
    4.13000000    1.05202957
    4.15500000    1.06409866
    4.18000000    1.07376332
    4.20500000    1.08157556
    4.23000000    1.08848021
    4.25500000    1.09563000
    4.28000000    1.10348549
    4.30500000    1.11126173
    4.33000000    1.11832805
    4.35500000    1.12404292
    4.38000000    1.12742764
    4.40500000    1.12842463
    4.43000000    1.12840913
    4.45500000    1.12901803
    4.48000000    1.13088861
    4.50500000    1.13395226
    4.53000000    1.13826255
    4.55500000    1.14438998
    4.58000000    1.15236696
    4.60500000    1.16122224
    4.63000000    1.17007682
    4.65500000    1.17881648
    4.68000000    1.18818835
    4.70500000    1.19901244
    4.73000000    1.21109572
    4.75500000    1.22292230
    4.78000000    1.23313003
    4.80500000    1.24151916
    4.83000000    1.24962442
    4.85500000    1.25847492
    4.88000000    1.26726074
    4.90500000    1.27530758
    4.93000000    1.28277805
    4.95500000    1.28917992
    4.98000000    1.29347445
    5.00500000    1.29534103
    5.03000000    1.29539294
    5.05500000    1.29462755
    5.08000000    1.29373126
    5.10500000    1.29308858
    5.13000000    1.29336293
    5.15500000    1.29577309
    5.18000000    1.30034777
    5.20500000    1.30513489
    5.23000000    1.30874977
    5.25500000    1.31120941
    5.28000000    1.31366565
    5.30500000    1.31711928
    5.33000000    1.32197019
    5.35500000    1.32851410
    5.38000000    1.33674905
    5.40500000    1.34581517
    5.43000000    1.35492941
    5.45500000    1.36485187
    5.48000000    1.37671728
    5.50500000    1.38964484
    5.53000000    1.40142568
    5.55500000    1.41077001
    5.58000000    1.41792591
    5.60500000    1.42386116
    5.63000000    1.42983813
    5.65500000    1.43655675
    5.68000000    1.44414945
    5.70500000    1.45227618
    5.73000000    1.46055081
    5.75500000    1.46832207
    5.78000000    1.47488313
    5.80500000    1.48039489
    5.83000000    1.48567653
    5.85500000    1.49140207
    5.88000000    1.49741918
    5.90500000    1.50310861
    5.93000000    1.50846096
    5.95500000    1.51457276
    5.98000000    1.52165771
    6.00500000    1.52880194
    6.03000000    1.53613856
    6.05500000    1.54449519
    6.08000000    1.55416227
    6.10500000    1.56446254
    6.13000000    1.57470556
    6.15500000    1.58508916
    6.18000000    1.59545406
    6.20500000    1.60494349
    6.23000000    1.61295546
    6.25500000    1.62044174
    6.28000000    1.62846713
    6.30500000    1.63690777
    6.33000000    1.64528554
    6.35500000    1.65321553
    6.38000000    1.66063730
    6.40500000    1.66756394
    6.43000000    1.67359985
    6.45500000    1.67861820
    6.48000000    1.68310793
    6.50500000    1.68687059
    6.53000000    1.69052454
    6.55500000    1.69531910
    6.58000000    1.70133459
    6.60500000    1.70687464
    6.63000000    1.71067975
    6.65500000    1.71224188
    6.68000000    1.71192643
    6.70500000    1.71141149
    6.73000000    1.71285522
    6.75500000    1.71660263
    6.78000000    1.72151063
    6.80500000    1.72662438
    6.83000000    1.73143508
    6.85500000    1.73590497
    6.88000000    1.74031143
    6.90500000    1.74447286
    6.93000000    1.74810853
    6.95500000    1.75122191
    6.98000000    1.75459540
    7.00500000    1.76017846
    7.03000000    1.76807641
    7.05500000    1.77712443
    7.08000000    1.78484345
    7.10500000    1.78980946
    7.13000000    1.79271279
    7.15500000    1.79429909
    7.18000000    1.79502205
    7.20500000    1.79525608
    7.23000000    1.79629436
    7.25500000    1.79888629
    7.28000000    1.80244071
    7.30500000    1.80570293
    7.33000000    1.80838372
    7.35500000    1.81131519
    7.38000000    1.81541273
    7.40500000    1.82086654
    7.43000000    1.82658228
    7.45500000    1.83100071
    7.48000000    1.83419199
    7.50500000    1.83667728
    7.53000000    1.83831334
    7.55500000    1.83858993
    7.58000000    1.83760391
    7.60500000    1.83574563
    7.63000000    1.83383024
    7.65500000    1.83191435
    7.68000000    1.82933603
    7.70500000    1.82668458
    7.73000000    1.82486411
    7.75500000    1.82487296
    7.78000000    1.82624632
    7.80500000    1.82738808
    7.83000000    1.82755030
    7.85500000    1.82765979
    7.88000000    1.82882865
    7.90500000    1.83138776
    7.93000000    1.83475859
    7.95500000    1.83850148
    7.98000000    1.84300478
    8.00500000    1.84871700
    8.03000000    1.85553114
    8.05500000    1.86272711
    8.08000000    1.86976557
    8.10500000    1.87646050
    8.13000000    1.88254838
    8.15500000    1.88753891
    8.18000000    1.89189676
    8.20500000    1.89725412
    8.23000000    1.90349177
    8.25500000    1.90844893
    8.28000000    1.91033783
    8.30500000    1.90939639
    8.33000000    1.90780573
    8.35500000    1.90739200
    8.38000000    1.90920363
    8.40500000    1.91310896
    8.43000000    1.91826462
    8.45500000    1.92393905
    8.48000000    1.92906728
    8.50500000    1.93334461
    8.53000000    1.93719662
    8.55500000    1.94091213
    8.58000000    1.94505357
    8.60500000    1.94994671
    8.63000000    1.95528346
    8.65500000    1.96121934
    8.68000000    1.96869894
    8.70500000    1.97680449
    8.73000000    1.98291288
    8.75500000    1.98549307
    8.78000000    1.98552181
    8.80500000    1.98519640
    8.83000000    1.98644538
    8.85500000    1.99035701
    8.88000000    1.99691057
    8.90500000    2.00558219
    8.93000000    2.01498139
    8.95500000    2.02310718
    8.98000000    2.02977602
    9.00500000    2.03609772
    9.03000000    2.04174017
    9.05500000    2.04641655
    9.08000000    2.05095363
    9.10500000    2.05676364
    9.13000000    2.06450863
    9.15500000    2.07268900
    9.18000000    2.08028312
    9.20500000    2.08759851
    9.23000000    2.09495757
    9.25500000    2.10221378
    9.28000000    2.10858220
    9.30500000    2.11441864
    9.33000000    2.12078660
    9.35500000    2.12813115
    9.38000000    2.13640755
    9.40500000    2.14541934
    9.43000000    2.15413064
    9.45500000    2.16180662
    9.48000000    2.16909636
    9.50500000    2.17658243
    9.53000000    2.18485102
    9.55500000    2.19419794
    9.58000000    2.20374449
    9.60500000    2.21179705
    9.63000000    2.21786234
    9.65500000    2.22166272
    9.68000000    2.22334729
    9.70500000    2.22317741
    9.73000000    2.22153296
    9.75500000    2.21964052
    9.78000000    2.21906585
    9.80500000    2.22125735
    9.83000000    2.22681369
    9.85500000    2.23638391
    9.88000000    2.24892671
    9.90500000    2.26174681
    9.93000000    2.27299360
    9.95500000    2.28240180
    9.98000000    2.29150582
   10.00500000    2.30060589
   10.03000000    2.30833805
   10.05500000    2.31402882
   10.08000000    2.31840185
   10.10500000    2.32194496
   10.13000000    2.32384620
   10.15500000    2.32360392
   10.18000000    2.32215890
   10.20500000    2.32162232
   10.23000000    2.32400962
   10.25500000    2.32985736
   10.28000000    2.33797882
   10.30500000    2.34747137
   10.33000000    2.35770734
   10.35500000    2.36748537
   10.38000000    2.37584398
   10.40500000    2.38282235
   10.43000000    2.38876162
   10.45500000    2.39399032
   10.48000000    2.39930158
   10.50500000    2.40530182
   10.53000000    2.41201989
   10.55500000    2.41930582
   10.58000000    2.42745692
   10.60500000    2.43625859
   10.63000000    2.44545415
   10.65500000    2.45535737
   10.68000000    2.46587429
   10.70500000    2.47590127
   10.73000000    2.48494552
   10.75500000    2.49322374
   10.78000000    2.50116966
   10.80500000    2.50944608
   10.83000000    2.51789530
   10.85500000    2.52565801
   10.88000000    2.53190833
   10.90500000    2.53755677
   10.93000000    2.54372352
   10.95500000    2.54978913
   10.98000000    2.55573827
   11.00500000    2.56305208
   11.03000000    2.57381596
   11.05500000    2.58790793
   11.08000000    2.60332086
   11.10500000    2.61776184
   11.13000000    2.62966449
   11.15500000    2.63890152
   11.18000000    2.64544616
   11.20500000    2.64898167
   11.23000000    2.65039467
   11.25500000    2.65140636
   11.28000000    2.65402807
   11.30500000    2.65819984
   11.33000000    2.66313793
   11.35500000    2.66843170
   11.38000000    2.67357374
   11.40500000    2.67811341
   11.43000000    2.68079327
   11.45500000    2.67970402
   11.48000000    2.67611565
   11.50500000    2.67297903
   11.53000000    2.67273620
   11.55500000    2.67656462
   11.58000000    2.68412455
   11.60500000    2.69460437
   11.63000000    2.70557767
   11.65500000    2.71407611
   11.68000000    2.71958797
   11.70500000    2.72337486
   11.73000000    2.72639122
   11.75500000    2.72935160
   11.78000000    2.73316906
   11.80500000    2.73852340
   11.83000000    2.74528284
   11.85500000    2.75272338
   11.88000000    2.75954666
   11.90500000    2.76360457
   11.93000000    2.76457574
   11.95500000    2.76397444
   11.98000000    2.76255265
   12.00500000    2.76157692
   12.03000000    2.76285687
   12.05500000    2.76660121
   12.08000000    2.77091064
   12.10500000    2.77345799
   12.13000000    2.77352551
   12.15500000    2.77181628
   12.18000000    2.76929508
   12.20500000    2.76869870
   12.23000000    2.77250236
   12.25500000    2.77984443
   12.28000000    2.78879833
   12.30500000    2.79845586
   12.33000000    2.80802568
   12.35500000    2.81667755
   12.38000000    2.82514839
   12.40500000    2.83573184
   12.43000000    2.84912602
   12.45500000    2.86305510
   12.48000000    2.87544585
   12.50500000    2.88498992
   12.53000000    2.89096616
   12.55500000    2.89388247
   12.58000000    2.89468163
   12.60500000    2.89515181
   12.63000000    2.89731333
   12.65500000    2.90206781
   12.68000000    2.90880344
   12.70500000    2.91600463
   12.73000000    2.92264751
   12.75500000    2.92774893
   12.78000000    2.93124586
   12.80500000    2.93421262
   12.83000000    2.93720153
   12.85500000    2.94000706
   12.88000000    2.94331337
   12.90500000    2.94796364
   12.93000000    2.95424111
   12.95500000    2.96166187
   12.98000000    2.97022330
   13.00500000    2.98074692
   13.03000000    2.99342627
   13.05500000    3.00679528
   13.08000000    3.01853197
   13.10500000    3.02697997
   13.13000000    3.03139235
   13.15500000    3.03348867
   13.18000000    3.03573591
   13.20500000    3.03880399
   13.23000000    3.04344804
   13.25500000    3.04940498
   13.28000000    3.05513322
   13.30500000    3.05997869
   13.33000000    3.06495932
   13.35500000    3.07117931
   13.38000000    3.07886986
   13.40500000    3.08673136
   13.43000000    3.09333974
   13.45500000    3.10003663
   13.48000000    3.10828405
   13.50500000    3.11704934
   13.53000000    3.12525380
   13.55500000    3.13210369
   13.58000000    3.13666597
   13.60500000    3.13795145
   13.63000000    3.13618960
   13.65500000    3.13322918
   13.68000000    3.13089805
   13.70500000    3.12967689
   13.73000000    3.12906033
   13.75500000    3.12925384
   13.78000000    3.13085638
   13.80500000    3.13415794
   13.83000000    3.13900940
   13.85500000    3.14500142
   13.88000000    3.15176600
   13.90500000    3.15840381
   13.93000000    3.16345156
   13.95500000    3.16585434
   13.98000000    3.16472659
   14.00500000    3.16132726
   14.03000000    3.15938221
   14.05500000    3.16080603
   14.08000000    3.16498376
   14.10500000    3.17047436
   14.13000000    3.17652654
   14.15500000    3.18264068
   14.18000000    3.18782934
   14.20500000    3.19150058
   14.23000000    3.19610089
   14.25500000    3.20396797
   14.28000000    3.21488441
   14.30500000    3.22763743
   14.33000000    3.24053990
   14.35500000    3.25234739
   14.38000000    3.26297009
   14.40500000    3.27315229
   14.43000000    3.28487149
   14.45500000    3.29968021
   14.48000000    3.31684742
   14.50500000    3.33467225
   14.53000000    3.35133937
   14.55500000    3.36535760
   14.58000000    3.37614626
   14.60500000    3.38411184
   14.63000000    3.39046721
   14.65500000    3.39647985
   14.68000000    3.40304761
   14.70500000    3.41152373
   14.73000000    3.42329885
   14.75500000    3.43868557
   14.78000000    3.45702940
   14.80500000    3.47787354
   14.83000000    3.50133335
   14.85500000    3.52517968
   14.88000000    3.54585046
   14.90500000    3.56272264
   14.93000000    3.57721216
   14.95500000    3.58974167
   14.98000000    3.59958242
   15.00500000    3.60674525
   15.03000000    3.61205995
   15.05500000    3.61622947
   15.08000000    3.61955139
   15.10500000    3.62181414
   15.13000000    3.62211851
   15.15500000    3.62081731
   15.18000000    3.61881914
   15.20500000    3.61670768
   15.23000000    3.61548363
   15.25500000    3.61576407
   15.28000000    3.61847985
   15.30500000    3.62486992
   15.33000000    3.63391135
   15.35500000    3.64363551
   15.38000000    3.65361275
   15.40500000    3.66350562
   15.43000000    3.67160038
   15.45500000    3.67698488
   15.48000000    3.68029991
   15.50500000    3.68264638
   15.53000000    3.68411425
   15.55500000    3.68374973
   15.58000000    3.68145835
   15.60500000    3.67937709
   15.63000000    3.67907848
   15.65500000    3.68003098
   15.68000000    3.68193688
   15.70500000    3.68596308
   15.73000000    3.69360843
   15.75500000    3.70445451
   15.78000000    3.71606463
   15.80500000    3.72686243
   15.83000000    3.73653471
   15.85500000    3.74485043
   15.88000000    3.75102903
   15.90500000    3.75477760
   15.93000000    3.75787632
   15.95500000    3.76221266
   15.98000000    3.76885896
   16.00500000    3.77885717
   16.03000000    3.79219437
   16.05500000    3.80721249
   16.08000000    3.82118348
   16.10500000    3.83104634
   16.13000000    3.83587500
   16.15500000    3.83635875
   16.18000000    3.83338900
   16.20500000    3.82825739
   16.23000000    3.82349931
   16.25500000    3.82159061
   16.28000000    3.82322860
   16.30500000    3.82651975
   16.33000000    3.82976534
   16.35500000    3.83395330
   16.38000000    3.84071434
   16.40500000    3.85010564
   16.43000000    3.86175427
   16.45500000    3.87476926
   16.48000000    3.88789142
   16.50500000    3.90131366
   16.53000000    3.91475908
   16.55500000    3.92660909
   16.58000000    3.93541497
   16.60500000    3.94224612
   16.63000000    3.94972262
   16.65500000    3.95896315
   16.68000000    3.96866859
   16.70500000    3.97701398
   16.73000000    3.98282568
   16.75500000    3.98609506
   16.78000000    3.98717398
   16.80500000    3.98748462
   16.83000000    3.98804499
   16.85500000    3.98881546
   16.88000000    3.98894282
   16.90500000    3.98705872
   16.93000000    3.98280953
   16.95500000    3.97686604
   16.98000000    3.97002577
   17.00500000    3.96559416
   17.03000000    3.96651757
   17.05500000    3.97270007
   17.08000000    3.98113273
   17.10500000    3.98905851
   17.13000000    3.99497165
   17.15500000    3.99940269
   17.18000000    4.00589668
   17.20500000    4.01618822
   17.23000000    4.02970262
   17.25500000    4.04501845
   17.28000000    4.06054735
   17.30500000    4.07551794
   17.33000000    4.09038081
   17.35500000    4.10594317
   17.38000000    4.12024041
   17.40500000    4.13214142
   17.43000000    4.14220596
   17.45500000    4.14940475
   17.48000000    4.15279122
   17.50500000    4.15494261
   17.53000000    4.15744555
   17.55500000    4.15920919
   17.58000000    4.15872145
   17.60500000    4.15630701
   17.63000000    4.15483543
   17.65500000    4.15610857
   17.68000000    4.15991786
   17.70500000    4.16520684
   17.73000000    4.16911745
   17.75500000    4.16825863
   17.78000000    4.16163961
   17.80500000    4.15096988
   17.83000000    4.13939059
   17.85500000    4.13012902
   17.88000000    4.12548050
   17.90500000    4.12661675
   17.93000000    4.13243448
   17.95500000    4.14021409
   17.98000000    4.14822783
   18.00500000    4.15536175
   18.03000000    4.16161884
   18.05500000    4.16810759
   18.08000000    4.17549564
   18.10500000    4.18361565
   18.13000000    4.19095045
   18.15500000    4.19510452
   18.18000000    4.19411320
   18.20500000    4.18809191
   18.23000000    4.17859312
   18.25500000    4.16717820
   18.28000000    4.15492660
   18.30500000    4.14379769
   18.33000000    4.13628362
   18.35500000    4.13380859
   18.38000000    4.13645231
   18.40500000    4.14292558
   18.43000000    4.15106471
   18.45500000    4.15847557
   18.48000000    4.16445963
   18.50500000    4.16872480
   18.53000000    4.17019652
   18.55500000    4.16819594
   18.58000000    4.16393991
   18.60500000    4.15933934
   18.63000000    4.15705433
   18.65500000    4.15870802
   18.68000000    4.16402692
   18.70500000    4.17246475
   18.73000000    4.18278172
   18.75500000    4.19237613
   18.78000000    4.19976081
   18.80500000    4.20568085
   18.83000000    4.21322282
   18.85500000    4.22538984
   18.88000000    4.24203610
   18.90500000    4.26096733
   18.93000000    4.28061600
   18.95500000    4.29896360
   18.98000000    4.31329694
   19.00500000    4.32169868
   19.03000000    4.32417131
   19.05500000    4.32244120
   19.08000000    4.32055441
   19.10500000    4.32208391
   19.13000000    4.32754862
   19.15500000    4.33505882
   19.18000000    4.34309257
   19.20500000    4.35083403
   19.23000000    4.35766210
   19.25500000    4.36291723
   19.28000000    4.36597623
   19.30500000    4.36759211
   19.33000000    4.37068261
   19.35500000    4.37590068
   19.38000000    4.38157528
   19.40500000    4.38802428
   19.43000000    4.39686173
   19.45500000    4.40920042
   19.48000000    4.42330829
   19.50500000    4.43599110
   19.53000000    4.44560521
   19.55500000    4.45194213
   19.58000000    4.45540088
   19.60500000    4.45715352
   19.63000000    4.45921485
   19.65500000    4.46127582
   19.68000000    4.46257193
   19.70500000    4.46363841
   19.73000000    4.46510125
   19.75500000    4.46674674
   19.78000000    4.46829559
   19.80500000    4.47039019
   19.83000000    4.47319649
   19.85500000    4.47636722
   19.88000000    4.48089216
   19.90500000    4.48759646
   19.93000000    4.49397778
   19.95500000    4.49690951
   19.98000000    4.49635626
   20.00500000    4.49438787
   20.03000000    4.49264326
   20.05500000    4.49370577
   20.08000000    4.49907888
   20.10500000    4.50689708
   20.13000000    4.51504658
   20.15500000    4.52213929
   20.18000000    4.52735786
   20.20500000    4.53109737
   20.23000000    4.53370897
   20.25500000    4.53579455
   20.28000000    4.53921373
   20.30500000    4.54534999
   20.33000000    4.55490691
   20.35500000    4.56692297
   20.38000000    4.58003213
   20.40500000    4.59209488
   20.43000000    4.60248472
   20.45500000    4.61387722
   20.48000000    4.62740047
   20.50500000    4.64094418
   20.53000000    4.65207992
   20.55500000    4.66144564
   20.58000000    4.67082900
   20.60500000    4.68107239
   20.63000000    4.69101829
   20.65500000    4.69935767
   20.68000000    4.70523147
   20.70500000    4.70701434
   20.73000000    4.70488142
   20.75500000    4.70021471
   20.78000000    4.69379854
   20.80500000    4.68699356
   20.83000000    4.68231345
   20.85500000    4.68151928
   20.88000000    4.68624673
   20.90500000    4.69600269
   20.93000000    4.70853342
   20.95500000    4.72089942
   20.98000000    4.72922543
   21.00500000    4.73225759
   21.03000000    4.73294146
   21.05500000    4.73498669
   21.08000000    4.74060412
   21.10500000    4.74949175
   21.13000000    4.76038714
   21.15500000    4.77290872
   21.18000000    4.78661777
   21.20500000    4.79850093
   21.23000000    4.80542808
   21.25500000    4.80663894
   21.28000000    4.80393696
   21.30500000    4.80080641
   21.33000000    4.79868915
   21.35500000    4.79777751
   21.38000000    4.79840734
   21.40500000    4.80141988
   21.43000000    4.80578439
   21.45500000    4.80931215
   21.48000000    4.81182283
   21.50500000    4.81492472
   21.53000000    4.81993123
   21.55500000    4.82634507
   21.58000000    4.83424626
   21.60500000    4.84318067
   21.63000000    4.85378563
   21.65500000    4.86635647
   21.68000000    4.87823321
   21.70500000    4.88508002
   21.73000000    4.88673901
   21.75500000    4.88586886
   21.78000000    4.88522440
   21.80500000    4.88744332
   21.83000000    4.89427364
   21.85500000    4.90441424
   21.88000000    4.91548167
   21.90500000    4.92555988
   21.93000000    4.93322315
   21.95500000    4.93834124
   21.98000000    4.94282414
   22.00500000    4.94807866
   22.03000000    4.95405346
   22.05500000    4.96186450
   22.08000000    4.97206253
   22.10500000    4.98440390
   22.13000000    4.99867189
   22.15500000    5.01356837
   22.18000000    5.02672251
   22.20500000    5.03636831
   22.23000000    5.04332409
   22.25500000    5.04847281
   22.28000000    5.05148406
   22.30500000    5.05312559
   22.33000000    5.05428969
   22.35500000    5.05565177
   22.38000000    5.05824619
   22.40500000    5.06335052
   22.43000000    5.07027496
   22.45500000    5.07715836
   22.48000000    5.08440161
   22.50500000    5.09363104
   22.53000000    5.10401690
   22.55500000    5.11534383
   22.58000000    5.12817848
   22.60500000    5.14195932
   22.63000000    5.15512263
   22.65500000    5.16643856
   22.68000000    5.17588923
   22.70500000    5.18376896
   22.73000000    5.18964599
   22.75500000    5.19351431
   22.78000000    5.19683374
   22.80500000    5.20128629
   22.83000000    5.20709233
   22.85500000    5.21348983
   22.88000000    5.21953745
   22.90500000    5.22448481
   22.93000000    5.23043870
   22.95500000    5.23969020
   22.98000000    5.25206727
   23.00500000    5.26736951
   23.03000000    5.28463014
   23.05500000    5.30128436
   23.08000000    5.31615982
   23.10500000    5.32944538
   23.13000000    5.34196682
   23.15500000    5.35516907
   23.18000000    5.36999299
   23.20500000    5.38488951
   23.23000000    5.39906701
   23.25500000    5.41424561
   23.28000000    5.43063050
   23.30500000    5.44587702
   23.33000000    5.45785077
   23.35500000    5.46764060
   23.38000000    5.47671187
   23.40500000    5.48695263
   23.43000000    5.49959235
   23.45500000    5.51256659
   23.48000000    5.52319848
   23.50500000    5.53006995
   23.53000000    5.53186162
   23.55500000    5.52769950
   23.58000000    5.51882149
   23.60500000    5.50912165
   23.63000000    5.50179646
   23.65500000    5.49741164
   23.68000000    5.49604653
   23.70500000    5.49760214
   23.73000000    5.50175843
   23.75500000    5.50721409
   23.78000000    5.51084308
   23.80500000    5.51012600
   23.83000000    5.50678349
   23.85500000    5.50453568
   23.88000000    5.50504130
   23.90500000    5.50857920
   23.93000000    5.51520149
   23.95500000    5.52396255
   23.98000000    5.53349260
   24.00500000    5.54300042
   24.03000000    5.55283285
   24.05500000    5.56401172
   24.08000000    5.57626797
   24.10500000    5.58778702
   24.13000000    5.59450959
   24.15500000    5.59388835
   24.18000000    5.58705769
   24.20500000    5.57649180
   24.23000000    5.56352741
   24.25500000    5.54869983
   24.28000000    5.53360712
   24.30500000    5.52172518
   24.33000000    5.51688956
   24.35500000    5.52052431
   24.38000000    5.53219562
   24.40500000    5.54964330
   24.43000000    5.57143911
   24.45500000    5.59786640
   24.48000000    5.62722975
   24.50500000    5.65516089
   24.53000000    5.67773207
   24.55500000    5.69468582
   24.58000000    5.70668891
   24.60500000    5.71427718
   24.63000000    5.71766868
   24.65500000    5.71982314
   24.68000000    5.72659876
   24.70500000    5.73944975
   24.73000000    5.75509013
   24.75500000    5.77103878
   24.78000000    5.78679068
   24.80500000    5.80176366
   24.83000000    5.81309550
   24.85500000    5.81877676
   24.88000000    5.81916376
   24.90500000    5.81742842
   24.93000000    5.81775049
   24.95500000    5.82227351
   24.98000000    5.83043925
   25.00500000    5.84115655
   25.03000000    5.85291155
   25.05500000    5.86446113
   25.08000000    5.87487524
   25.10500000    5.88315657
   25.13000000    5.88771984
   25.15500000    5.88879403
   25.18000000    5.88705324
   25.20500000    5.88210567
   25.23000000    5.87534609
   25.25500000    5.86920706
   25.28000000    5.86579080
   25.30500000    5.86670717
   25.33000000    5.87186712
   25.35500000    5.87963122
   25.38000000    5.88924520
   25.40500000    5.90100330
   25.43000000    5.91378627
   25.45500000    5.92662461
   25.48000000    5.93811582
   25.50500000    5.94570668
   25.53000000    5.94838432
   25.55500000    5.94953791
   25.58000000    5.95374766
   25.60500000    5.96185227
   25.63000000    5.97265082
   25.65500000    5.98638013
   25.68000000    6.00315094
   25.70500000    6.02032340
   25.73000000    6.03724210
   25.75500000    6.05429861
   25.78000000    6.07056777
   25.80500000    6.08484276
   25.83000000    6.09584064
   25.85500000    6.10421593
   25.88000000    6.11332787
   25.90500000    6.12518862
   25.93000000    6.13717665
   25.95500000    6.14575421
   25.98000000    6.15129728
   26.00500000    6.15749779
   26.03000000    6.16715662
   26.05500000    6.17899508
   26.08000000    6.19088257
   26.10500000    6.20254913
   26.13000000    6.21310864
   26.15500000    6.22083489
   26.18000000    6.22638858
   26.20500000    6.23346696
   26.23000000    6.24474880
   26.25500000    6.25959585
   26.28000000    6.27731849
   26.30500000    6.29654951
   26.33000000    6.31463006
   26.35500000    6.32902330
   26.38000000    6.33955727
   26.40500000    6.34785334
   26.43000000    6.35488418
   26.45500000    6.35971779
   26.48000000    6.36155209
   26.50500000    6.36076237
   26.53000000    6.35829577
   26.55500000    6.35600337
   26.58000000    6.35653726
   26.60500000    6.36302866
   26.63000000    6.37696235
   26.65500000    6.39718689
   26.68000000    6.41941642
   26.70500000    6.43921851
   26.73000000    6.45352652
   26.75500000    6.46223584
   26.78000000    6.46862182
   26.80500000    6.47503559
   26.83000000    6.48128658
   26.85500000    6.48632489
   26.88000000    6.48959099
   26.90500000    6.49265090
   26.93000000    6.49720411
   26.95500000    6.50263032
   26.98000000    6.50752516
   27.00500000    6.51237186
   27.03000000    6.51896944
   27.05500000    6.52737268
   27.08000000    6.53699361
   27.10500000    6.54874446
   27.13000000    6.56261118
   27.15500000    6.57640407
   27.18000000    6.58832277
   27.20500000    6.59700545
   27.23000000    6.60224915
   27.25500000    6.60344202
   27.28000000    6.59964798
   27.30500000    6.59116784
   27.33000000    6.57935944
   27.35500000    6.56706721
   27.38000000    6.55748425
   27.40500000    6.55245589
   27.43000000    6.55190546
   27.45500000    6.55499675
   27.48000000    6.56090338
   27.50500000    6.56787106
   27.53000000    6.57533159
   27.55500000    6.58262407
   27.58000000    6.58848634
   27.60500000    6.59189411
   27.63000000    6.59278112
   27.65500000    6.59271882
   27.68000000    6.59260534
   27.70500000    6.59242796
   27.73000000    6.59316789
   27.75500000    6.59637726
   27.78000000    6.60188403
   27.80500000    6.60772915
   27.83000000    6.61378317
   27.85500000    6.62190376
   27.88000000    6.63213644
   27.90500000    6.64229325
   27.93000000    6.64971279
   27.95500000    6.65371034
   27.98000000    6.65673653
   28.00500000    6.66313233
   28.03000000    6.67486002
   28.05500000    6.69007188
   28.08000000    6.70481715
   28.10500000    6.71684599
   28.13000000    6.72499988
   28.15500000    6.72813856
   28.18000000    6.72487373
   28.20500000    6.71616745
   28.23000000    6.70504283
   28.25500000    6.69337397
   28.28000000    6.68234263
   28.30500000    6.67272744
   28.33000000    6.66386583
   28.35500000    6.65494526
   28.38000000    6.64610862
   28.40500000    6.63734749
   28.43000000    6.62799871
   28.45500000    6.61910088
   28.48000000    6.61258065
   28.50500000    6.60921817
   28.53000000    6.61039261
   28.55500000    6.61625996
   28.58000000    6.62670416
   28.60500000    6.64095611
   28.63000000    6.65625864
   28.65500000    6.66982253
   28.68000000    6.68020531
   28.70500000    6.68818197
   28.73000000    6.69520417
   28.75500000    6.70023945
   28.78000000    6.70387091
   28.80500000    6.70796031
   28.83000000    6.71258196
   28.85500000    6.71745554
   28.88000000    6.72237832
   28.90500000    6.72741397
   28.93000000    6.73427504
   28.95500000    6.74572338
   28.98000000    6.76299642
   29.00500000    6.78548334
   29.03000000    6.81112536
   29.05500000    6.83642792
   29.08000000    6.85709940
   29.10500000    6.87023948
   29.13000000    6.87742547
   29.15500000    6.88075002
   29.18000000    6.88306759
   29.20500000    6.88667406
   29.23000000    6.89104721
   29.25500000    6.89508511
   29.28000000    6.89883850
   29.30500000    6.90227039
   29.33000000    6.90504632
   29.35500000    6.90774364
   29.38000000    6.91154711
   29.40500000    6.91725143
   29.43000000    6.92405084
   29.45500000    6.93209462
   29.48000000    6.93989056
   29.50500000    6.94640242
   29.53000000    6.95376395
   29.55500000    6.96370490
   29.58000000    6.97735596
   29.60500000    6.99484655
   29.63000000    7.01456767
   29.65500000    7.03334962
   29.68000000    7.05031399
   29.70500000    7.06509613
   29.73000000    7.07674179
   29.75500000    7.08592569
   29.78000000    7.09548842
   29.80500000    7.10589657
   29.83000000    7.11491059
   29.85500000    7.12273894
   29.88000000    7.13226567
   29.90500000    7.14534254
   29.93000000    7.16139836
   29.95500000    7.17894373
   29.98000000    7.19542770
   30.00500000    7.20829652
   30.03000000    7.21667892
   30.05500000    7.21986256
   30.08000000    7.21912234
   30.10500000    7.21752635
   30.13000000    7.21664071
   30.15500000    7.21757286
   30.18000000    7.22125593
   30.20500000    7.22762201
   30.23000000    7.23498898
   30.25500000    7.24250356
   30.28000000    7.24982568
   30.30500000    7.25701559
   30.33000000    7.26535759
   30.35500000    7.27556833
   30.38000000    7.28751506
   30.40500000    7.30023474
   30.43000000    7.31366751
   30.45500000    7.32799951
   30.48000000    7.34024939
   30.50500000    7.34736105
   30.53000000    7.35074013
   30.55500000    7.35112443
   30.58000000    7.34856425
   30.60500000    7.34327720
   30.63000000    7.33670302
   30.65500000    7.33138709
   30.68000000    7.33014987
   30.70500000    7.33549604
   30.73000000    7.34631644
   30.75500000    7.35846998
   30.78000000    7.36943070
   30.80500000    7.37785553
   30.83000000    7.38348523
   30.85500000    7.38713105
   30.88000000    7.38857276
   30.90500000    7.38753626
   30.93000000    7.38607594
   30.95500000    7.38606567
   30.98000000    7.39015762
   31.00500000    7.40002116
   31.03000000    7.41527364
   31.05500000    7.43269175
   31.08000000    7.44684919
   31.10500000    7.45684514
   31.13000000    7.46511451
   31.15500000    7.47293694
   31.18000000    7.48095392
   31.20500000    7.48806357
   31.23000000    7.49240850
   31.25500000    7.49261465
   31.28000000    7.48738668
   31.30500000    7.47684388
   31.33000000    7.46294030
   31.35500000    7.44953696
   31.38000000    7.43915579
   31.40500000    7.43258068
   31.43000000    7.42843338
   31.45500000    7.42499299
   31.48000000    7.42317486
   31.50500000    7.42474821
   31.53000000    7.42892087
   31.55500000    7.43388213
   31.58000000    7.43923200
   31.60500000    7.44551685
   31.63000000    7.45420072
   31.65500000    7.46553352
   31.68000000    7.47963253
   31.70500000    7.49605241
   31.73000000    7.51315008
   31.75500000    7.52879014
   31.78000000    7.54093029
   31.80500000    7.54972342
   31.83000000    7.55609120
   31.85500000    7.56023711
   31.88000000    7.56253506
   31.90500000    7.56264515
   31.93000000    7.56196943
   31.95500000    7.56152190
   31.98000000    7.56126660
   32.00500000    7.56143749
   32.03000000    7.56197442
   32.05500000    7.56294256
   32.08000000    7.56402736
   32.10500000    7.56520700
   32.13000000    7.56659451
   32.15500000    7.56940875
   32.18000000    7.57476434
   32.20500000    7.58162987
   32.23000000    7.58812733
   32.25500000    7.59433825
   32.28000000    7.60115367
   32.30500000    7.60918729
   32.33000000    7.61802290
   32.35500000    7.62548429
   32.38000000    7.62805540
   32.40500000    7.62442626
   32.43000000    7.61714877
   32.45500000    7.60893861
   32.48000000    7.60178665
   32.50500000    7.59799279
   32.53000000    7.59767389
   32.55500000    7.59955310
   32.58000000    7.60313348
   32.60500000    7.60845243
   32.63000000    7.61600896
   32.65500000    7.62604573
   32.68000000    7.63630043
   32.70500000    7.64417769
   32.73000000    7.65217080
   32.75500000    7.66364974
   32.78000000    7.67782811
   32.80500000    7.69100578
   32.83000000    7.70200877
   32.85500000    7.71127630
   32.88000000    7.71892891
   32.90500000    7.72492449
   32.93000000    7.73011024
   32.95500000    7.73648930
   32.98000000    7.74492125
   33.00500000    7.75590185
   33.03000000    7.76934373
   33.05500000    7.78362914
   33.08000000    7.79788477
   33.10500000    7.81179890
   33.13000000    7.82337137
   33.15500000    7.83135457
   33.18000000    7.83555221
   33.20500000    7.83697802
   33.23000000    7.83919807
   33.25500000    7.84415233
   33.28000000    7.85184324
   33.30500000    7.86073612
   33.33000000    7.86876978
   33.35500000    7.87738899
   33.38000000    7.88704309
   33.40500000    7.89675137
   33.43000000    7.90436101
   33.45500000    7.90855233
   33.48000000    7.91169078
   33.50500000    7.91657053
   33.53000000    7.92354351
   33.55500000    7.93261051
   33.58000000    7.94401389
   33.60500000    7.95791112
   33.63000000    7.97433441
   33.65500000    7.99143531
   33.68000000    8.00495315
   33.70500000    8.01316361
   33.73000000    8.01629843
   33.75500000    8.01569506
   33.78000000    8.01356886
   33.80500000    8.01198631
   33.83000000    8.01180496
   33.85500000    8.01475807
   33.88000000    8.02249133
   33.90500000    8.03335790
   33.93000000    8.04478015
   33.95500000    8.05556847
   33.98000000    8.06531297
   34.00500000    8.07338275
   34.03000000    8.07887734
   34.05500000    8.08169080
   34.08000000    8.08253840
   34.10500000    8.08069366
   34.13000000    8.07542061
   34.15500000    8.06802974
   34.18000000    8.05933706
   34.20500000    8.05038789
   34.23000000    8.04285249
   34.25500000    8.03866134
   34.28000000    8.03887047
   34.30500000    8.04234908
   34.33000000    8.04797768
   34.35500000    8.05383679
   34.38000000    8.05905429
   34.40500000    8.06513478
   34.43000000    8.07369424
   34.45500000    8.08360573
   34.48000000    8.09229107
   34.50500000    8.09876329
   34.53000000    8.10561524
   34.55500000    8.11545972
   34.58000000    8.12788789
   34.60500000    8.14024592
   34.63000000    8.15018446
   34.65500000    8.15700354
   34.68000000    8.16186399
   34.70500000    8.16514921
   34.73000000    8.16654472
   34.75500000    8.16541825
   34.78000000    8.16224386
   34.80500000    8.15756319
   34.83000000    8.15250290
   34.85500000    8.14761247
   34.88000000    8.14496830
   34.90500000    8.14546288
   34.93000000    8.14841416
   34.95500000    8.15443747
   34.98000000    8.16303649
   35.00500000    8.17359191
   35.03000000    8.18521403
   35.05500000    8.19471164
   35.08000000    8.20048242
   35.10500000    8.20392210
   35.13000000    8.20544667
   35.15500000    8.20543182
   35.18000000    8.20692698
   35.20500000    8.21226565
   35.23000000    8.21981077
   35.25500000    8.22677261
   35.28000000    8.23256841
   35.30500000    8.23629979
   35.33000000    8.23838119
   35.35500000    8.24246989
   35.38000000    8.25126179
   35.40500000    8.26334614
   35.43000000    8.27516468
   35.45500000    8.28373787
   35.48000000    8.28945954
   35.50500000    8.29382815
   35.53000000    8.29735406
   35.55500000    8.29992115
   35.58000000    8.30337858
   35.60500000    8.30870516
   35.63000000    8.31347146
   35.65500000    8.31673112
   35.68000000    8.31924140
   35.70500000    8.31935965
   35.73000000    8.31441908
   35.75500000    8.30634785
   35.78000000    8.29850629
   35.80500000    8.29296217
   35.83000000    8.29081123
   35.85500000    8.29137464
   35.88000000    8.29360357
   35.90500000    8.29722124
   35.93000000    8.30020823
   35.95500000    8.30113902
   35.98000000    8.30133671
   36.00500000    8.30438732
   36.03000000    8.31208389
   36.05500000    8.32309423
   36.08000000    8.33663943
   36.10500000    8.35420794
   36.13000000    8.37578318
   36.15500000    8.39724609
   36.18000000    8.41264003
   36.20500000    8.41836256
   36.23000000    8.41634540
   36.25500000    8.41166628
   36.28000000    8.40869142
   36.30500000    8.40869607
   36.33000000    8.41070835
   36.35500000    8.41419844
   36.38000000    8.41916969
   36.40500000    8.42555331
   36.43000000    8.43158716
   36.45500000    8.43487243
   36.48000000    8.43565622
   36.50500000    8.43436967
   36.53000000    8.42952458
   36.55500000    8.42128670
   36.58000000    8.41294481
   36.60500000    8.40731527
   36.63000000    8.40481666
   36.65500000    8.40784770
   36.68000000    8.41946455
   36.70500000    8.43777466
   36.73000000    8.45788786
   36.75500000    8.47783205
   36.78000000    8.49560279
   36.80500000    8.51152501
   36.83000000    8.52800534
   36.85500000    8.54344451
   36.88000000    8.55582689
   36.90500000    8.56348938
   36.93000000    8.56552989
   36.95500000    8.56507461
   36.98000000    8.56554165
   37.00500000    8.56729405
   37.03000000    8.56847101
   37.05500000    8.56746367
   37.08000000    8.56437547
   37.10500000    8.55976612
   37.13000000    8.55497330
   37.15500000    8.55196542
   37.18000000    8.55207530
   37.20500000    8.55722729
   37.23000000    8.56844403
   37.25500000    8.58207197
   37.28000000    8.59482900
   37.30500000    8.60736005
   37.33000000    8.62040523
   37.35500000    8.63527179
   37.38000000    8.65006033
   37.40500000    8.66197114
   37.43000000    8.67154369
   37.45500000    8.67936549
   37.48000000    8.68589416
   37.50500000    8.69202104
   37.53000000    8.69697433
   37.55500000    8.70033613
   37.58000000    8.70047918
   37.60500000    8.69508522
   37.63000000    8.68435132
   37.65500000    8.67251672
   37.68000000    8.66270582
   37.70500000    8.65353663
   37.73000000    8.64425688
   37.75500000    8.63546593
   37.78000000    8.62852721
   37.80500000    8.62443234
   37.83000000    8.62358984
   37.85500000    8.62443702
   37.88000000    8.62543063
   37.90500000    8.62805994
   37.93000000    8.63362565
   37.95500000    8.64096826
   37.98000000    8.64764824
   38.00500000    8.65378348
   38.03000000    8.66188933
   38.05500000    8.67372134
   38.08000000    8.68783384
   38.10500000    8.69878991
   38.13000000    8.70207476
   38.15500000    8.69769786
   38.18000000    8.68879479
   38.20500000    8.67830038
   38.23000000    8.66814591
   38.25500000    8.65901385
   38.28000000    8.65111485
   38.30500000    8.64461124
   38.33000000    8.63831581
   38.35500000    8.63048728
   38.38000000    8.62120952
   38.40500000    8.61166409
   38.43000000    8.60253010
   38.45500000    8.59448459
   38.48000000    8.58735023
   38.50500000    8.58260220
   38.53000000    8.58339376
   38.55500000    8.59113591
   38.58000000    8.60394735
   38.60500000    8.61866893
   38.63000000    8.63280229
   38.65500000    8.64550633
   38.68000000    8.65692586
   38.70500000    8.66526036
   38.73000000    8.66703972
   38.75500000    8.66155852
   38.78000000    8.64975845
   38.80500000    8.63346111
   38.83000000    8.61756113
   38.85500000    8.60690923
   38.88000000    8.60253800
   38.90500000    8.60227520
   38.93000000    8.60616398
   38.95500000    8.61365041
   38.98000000    8.62341285
   39.00500000    8.63403464
   39.03000000    8.64362763
   39.05500000    8.65207303
   39.08000000    8.66101561
   39.10500000    8.67253304
   39.13000000    8.68508698
   39.15500000    8.69611089
   39.18000000    8.70544428
   39.20500000    8.71633343
   39.23000000    8.73137199
   39.25500000    8.74906601
   39.28000000    8.76612697
   39.30500000    8.78270718
   39.33000000    8.79973274
   39.35500000    8.81709667
   39.38000000    8.83430488
   39.40500000    8.84937506
   39.43000000    8.85966965
   39.45500000    8.86662885
   39.48000000    8.87451481
   39.50500000    8.88623424
   39.53000000    8.90184530
   39.55500000    8.91897507
   39.58000000    8.93503975
   39.60500000    8.94892350
   39.63000000    8.95983718
   39.65500000    8.96676614
   39.68000000    8.97030432
   39.70500000    8.97082826
   39.73000000    8.96852821
   39.75500000    8.96517465
   39.78000000    8.96251404
   39.80500000    8.95986461
   39.83000000    8.95626347
   39.85500000    8.95234879
   39.88000000    8.95020093
   39.90500000    8.94819180
   39.93000000    8.94501359
   39.95500000    8.94431199
   39.98000000    8.94793288
   40.00500000    8.95494786
   40.03000000    8.96495168
   40.05500000    8.97755962
   40.08000000    8.99097540
   40.10500000    9.00329129
   40.13000000    9.01282011
   40.15500000    9.01798999
   40.18000000    9.01788781
   40.20500000    9.01422461
   40.23000000    9.01113220
   40.25500000    9.01252076
   40.28000000    9.01988319
   40.30500000    9.03124221
   40.33000000    9.04446871
   40.35500000    9.05634850
   40.38000000    9.06268539
   40.40500000    9.06407417
   40.43000000    9.06408928
   40.45500000    9.06596078
   40.48000000    9.07255695
   40.50500000    9.08314162
   40.53000000    9.09321896
   40.55500000    9.09992100
   40.58000000    9.10480445
   40.60500000    9.11150027
   40.63000000    9.12371997
   40.65500000    9.14252734
   40.68000000    9.16448299
   40.70500000    9.18564068
   40.73000000    9.20348893
   40.75500000    9.21706701
   40.78000000    9.22829511
   40.80500000    9.24048230
   40.83000000    9.25466845
   40.85500000    9.27043155
   40.88000000    9.28712411
   40.90500000    9.30296529
   40.93000000    9.31831050
   40.95500000    9.33463041
   40.98000000    9.35276475
   41.00500000    9.37071540
   41.03000000    9.38366987
   41.05500000    9.38862405
   41.08000000    9.38648840
   41.10500000    9.37940883
   41.13000000    9.36815351
   41.15500000    9.35740261
   41.18000000    9.35381544
   41.20500000    9.35994084
   41.23000000    9.37281155
   41.25500000    9.38846852
   41.28000000    9.40293020
   41.30500000    9.41376982
   41.33000000    9.42083070
   41.35500000    9.42542823
   41.38000000    9.42734648
   41.40500000    9.42621970
   41.43000000    9.42436835
   41.45500000    9.42270859
   41.48000000    9.41985196
   41.50500000    9.41539933
   41.53000000    9.41147877
   41.55500000    9.40827826
   41.58000000    9.40384910
   41.60500000    9.39912889
   41.63000000    9.39557318
   41.65500000    9.39446124
   41.68000000    9.39698326
   41.70500000    9.40272260
   41.73000000    9.40938474
   41.75500000    9.41481202
   41.78000000    9.42001841
   41.80500000    9.42686497
   41.83000000    9.43608186
   41.85500000    9.44854752
   41.88000000    9.46329037
   41.90500000    9.47836968
   41.93000000    9.48973913
   41.95500000    9.49317506
   41.98000000    9.48948431
   42.00500000    9.48141666
   42.03000000    9.47155807
   42.05500000    9.46118056
   42.08000000    9.44957808
   42.10500000    9.43643412
   42.13000000    9.42350912
   42.15500000    9.41460346
   42.18000000    9.41367565
   42.20500000    9.42133274
   42.23000000    9.43680697
   42.25500000    9.45612140
   42.28000000    9.47450683
   42.30500000    9.49236348
   42.33000000    9.51042872
   42.35500000    9.52379663
   42.38000000    9.52969772
   42.40500000    9.52893529
   42.43000000    9.52368857
   42.45500000    9.51598905
   42.48000000    9.50975671
   42.50500000    9.50795449
   42.53000000    9.51029519
   42.55500000    9.51516420
   42.58000000    9.52176864
   42.60500000    9.52945570
   42.63000000    9.53669640
   42.65500000    9.54551099
   42.68000000    9.55864753
   42.70500000    9.57358643
   42.73000000    9.58686149
   42.75500000    9.59931585
   42.78000000    9.61198102
   42.80500000    9.62263946
   42.83000000    9.62829927
   42.85500000    9.62876838
   42.88000000    9.62597583
   42.90500000    9.62166431
   42.93000000    9.61618598
   42.95500000    9.60915450
   42.98000000    9.60092141
   43.00500000    9.59424123
   43.03000000    9.59154032
   43.05500000    9.59226456
   43.08000000    9.59669901
   43.10500000    9.60566586
   43.13000000    9.61722799
   43.15500000    9.62867500
   43.18000000    9.63894189
   43.20500000    9.64965305
   43.23000000    9.66148010
   43.25500000    9.67353963
   43.28000000    9.68584651
   43.30500000    9.69901242
   43.33000000    9.71438218
   43.35500000    9.73251267
   43.38000000    9.75175083
   43.40500000    9.77034624
   43.43000000    9.78917172
   43.45500000    9.80823643
   43.48000000    9.82308541
   43.50500000    9.82888135
   43.53000000    9.82622428
   43.55500000    9.82055119
   43.58000000    9.81687794
   43.60500000    9.81609338
   43.63000000    9.81750853
   43.65500000    9.82048316
   43.68000000    9.82441521
   43.70500000    9.82989197
   43.73000000    9.83739694
   43.75500000    9.84641957
   43.78000000    9.85682055
   43.80500000    9.86753563
   43.83000000    9.87599618
   43.85500000    9.88185414
   43.88000000    9.88702308
   43.90500000    9.89252979
   43.93000000    9.89929327
   43.95500000    9.90905671
   43.98000000    9.92061173
   44.00500000    9.93161005
   44.03000000    9.94226469
   44.05500000    9.95312266
   44.08000000    9.96234248
   44.10500000    9.96715495
   44.13000000    9.96876176
   44.15500000    9.96938282
   44.18000000    9.97081384
   44.20500000    9.97566986
   44.23000000    9.98559250
   44.25500000    9.99944531
   44.28000000   10.01398068
   44.30500000   10.02769472
   44.33000000   10.04240347
   44.35500000   10.05944669
   44.38000000   10.07731440
   44.40500000   10.09627220
   44.43000000   10.11573336
   44.45500000   10.13330698
   44.48000000   10.14779723
   44.50500000   10.15842780
   44.53000000   10.16682748
   44.55500000   10.17443471
   44.58000000   10.18044267
   44.60500000   10.18481963
   44.63000000   10.19056113
   44.65500000   10.19919073
   44.68000000   10.20943415
   44.70500000   10.22136343
   44.73000000   10.23679901
   44.75500000   10.25519446
   44.78000000   10.27525996
   44.80500000   10.29607631
   44.83000000   10.31838755
   44.85500000   10.34301982
   44.88000000   10.36693377
   44.90500000   10.38783703
   44.93000000   10.40471404
   44.95500000   10.41453599
   44.98000000   10.41423018
   45.00500000   10.40454742
   45.03000000   10.39303446
   45.05500000   10.38585327
   45.08000000   10.38490961
   45.10500000   10.38937123
   45.13000000   10.39666338
   45.15500000   10.40322999
   45.18000000   10.40934288
   45.20500000   10.41682817
   45.23000000   10.42592734
   45.25500000   10.43597965
   45.28000000   10.44735602
   45.30500000   10.45854917
   45.33000000   10.46552665
   45.35500000   10.46759737
   45.38000000   10.46591663
   45.40500000   10.46053244
   45.43000000   10.45059168
   45.45500000   10.43729799
   45.48000000   10.42481134
   45.50500000   10.41742318
   45.53000000   10.41509053
   45.55500000   10.41652829
   45.58000000   10.41906379
   45.60500000   10.42050907
   45.63000000   10.42072162
   45.65500000   10.41947006
   45.68000000   10.41547840
   45.70500000   10.40735986
   45.73000000   10.39825872
   45.75500000   10.39170072
   45.78000000   10.38550302
   45.80500000   10.37886633
   45.83000000   10.37380870
   45.85500000   10.37048599
   45.88000000   10.36609166
   45.90500000   10.35724217
   45.93000000   10.34476556
   45.95500000   10.33101922
   45.98000000   10.31683298
   46.00500000   10.30338380
   46.03000000   10.29285028
   46.05500000   10.28611304
   46.08000000   10.28379604
   46.10500000   10.28754914
   46.13000000   10.29847749
   46.15500000   10.31429951
   46.18000000   10.33107431
   46.20500000   10.34667164
   46.23000000   10.36045026
   46.25500000   10.37333223
   46.28000000   10.38816634
   46.30500000   10.40599787
   46.33000000   10.42183662
   46.35500000   10.43092818
   46.38000000   10.43390415
   46.40500000   10.43606991
   46.43000000   10.44215089
   46.45500000   10.45277420
   46.48000000   10.46570324
   46.50500000   10.47941678
   46.53000000   10.49349009
   46.55500000   10.50866945
   46.58000000   10.52526881
   46.60500000   10.54058297
   46.63000000   10.55243369
   46.65500000   10.56034724
   46.68000000   10.56361713
   46.70500000   10.56658415
   46.73000000   10.57525184
   46.75500000   10.58939016
   46.78000000   10.60572620
   46.80500000   10.62223115
   46.83000000   10.63619428
   46.85500000   10.64245940
   46.88000000   10.63932193
   46.90500000   10.63197473
   46.93000000   10.62571606
   46.95500000   10.62092099
   46.98000000   10.61644755
   47.00500000   10.61180406
   47.03000000   10.60931003
   47.05500000   10.61074278
   47.08000000   10.61504702
   47.10500000   10.61975214
   47.13000000   10.62193964
   47.15500000   10.62216452
   47.18000000   10.62436814
   47.20500000   10.62947147
   47.23000000   10.63510710
   47.25500000   10.64170018
   47.28000000   10.65105135
   47.30500000   10.66120252
   47.33000000   10.66753341
   47.35500000   10.66806976
   47.38000000   10.66486608
   47.40500000   10.66204622
   47.43000000   10.66043779
   47.45500000   10.66102039
   47.48000000   10.66444885
   47.50500000   10.67024814
   47.53000000   10.67664195
   47.55500000   10.68294725
   47.58000000   10.69260859
   47.60500000   10.70792412
   47.63000000   10.72829032
   47.65500000   10.74998901
   47.68000000   10.76736089
   47.70500000   10.77866458
   47.73000000   10.78679504
   47.75500000   10.79349770
   47.78000000   10.79953950
   47.80500000   10.80484159
   47.83000000   10.80887430
   47.85500000   10.81290943
   47.88000000   10.81960118
   47.90500000   10.83031271
   47.93000000   10.84504835
   47.95500000   10.86237773
   47.98000000   10.87966674
   48.00500000   10.89628664
   48.03000000   10.91307669
   48.05500000   10.92843346
   48.08000000   10.93693441
   48.10500000   10.93398224
   48.13000000   10.92308761
   48.15500000   10.91075002
   48.18000000   10.90120624
   48.20500000   10.89605254
   48.23000000   10.89440946
   48.25500000   10.89586603
   48.28000000   10.90133183
   48.30500000   10.90966391
   48.33000000   10.91973788
   48.35500000   10.93185843
   48.38000000   10.94428641
   48.40500000   10.95442874
   48.43000000   10.95925970
   48.45500000   10.96028573
   48.48000000   10.96068711
   48.50500000   10.96135828
   48.53000000   10.96470017
   48.55500000   10.97243011
   48.58000000   10.98347928
   48.60500000   10.99325901
   48.63000000   10.99907465
   48.65500000   11.00133897
   48.68000000   11.00125109
   48.70500000   11.00130521
   48.73000000   11.00463459
   48.75500000   11.01352002
   48.78000000   11.02677621
   48.80500000   11.04219600
   48.83000000   11.06269952
   48.85500000   11.08910002
   48.88000000   11.11936876
   48.90500000   11.15139915
   48.93000000   11.18452168
   48.95500000   11.21790488
   48.98000000   11.24750185
   49.00500000   11.27151095
   49.03000000   11.29129971
   49.05500000   11.30840121
   49.08000000   11.32370855
   49.10500000   11.33678898
   49.13000000   11.34643615
   49.15500000   11.35181209
   49.18000000   11.35452819
   49.20500000   11.35825551
   49.23000000   11.36559070
   49.25500000   11.37727251
   49.28000000   11.39143707
   49.30500000   11.40680727
   49.33000000   11.42120859
   49.35500000   11.43307047
   49.38000000   11.44633304
   49.40500000   11.46682386
   49.43000000   11.49374496
   49.45500000   11.52074234
   49.48000000   11.54353677
   49.50500000   11.55993752
   49.53000000   11.56953780
   49.55500000   11.57377925
   49.58000000   11.57331012
   49.60500000   11.56822923
   49.63000000   11.55966078
   49.65500000   11.54942986
   49.68000000   11.54144819
   49.70500000   11.53780578
   49.73000000   11.53705664
   49.75500000   11.53664016
   49.78000000   11.53507178
   49.80500000   11.53368707
   49.83000000   11.53381552
   49.85500000   11.53512758
   49.88000000   11.53635441
   49.90500000   11.53554965
   49.93000000   11.53355304
   49.95500000   11.53164156
   49.98000000   11.52870003
