    0.00500000    0.00006294
    0.03000000    0.00221506
    0.05500000    0.00707123
    0.08000000    0.01384336
    0.10500000    0.02175992
    0.13000000    0.03023436
    0.15500000    0.03871400
    0.18000000    0.04675999
    0.20500000    0.05441894
    0.23000000    0.06175171
    0.25500000    0.06846369
    0.28000000    0.07473608
    0.30500000    0.08087743
    0.33000000    0.08676269
    0.35500000    0.09232526
    0.38000000    0.09741946
    0.40500000    0.10228758
    0.43000000    0.10739265
    0.45500000    0.11288672
    0.48000000    0.11874416
    0.50500000    0.12483680
    0.53000000    0.13106382
    0.55500000    0.13703592
    0.58000000    0.14270165
    0.60500000    0.14849434
    0.63000000    0.15419805
    0.65500000    0.15921931
    0.68000000    0.16374507
    0.70500000    0.16823432
    0.73000000    0.17299928
    0.75500000    0.17810484
    0.78000000    0.18354403
    0.80500000    0.18912191
    0.83000000    0.19468317
    0.85500000    0.20048560
    0.88000000    0.20699072
    0.90500000    0.21418644
    0.93000000    0.22159326
    0.95500000    0.22911324
    0.98000000    0.23668102
    1.00500000    0.24416740
    1.03000000    0.25165721
    1.05500000    0.25907326
    1.08000000    0.26659402
    1.10500000    0.27445290
    1.13000000    0.28261365
    1.15500000    0.29071734
    1.18000000    0.29840167
    1.20500000    0.30551745
    1.23000000    0.31174301
    1.25500000    0.31665902
    1.28000000    0.32044366
    1.30500000    0.32381660
    1.33000000    0.32713789
    1.35500000    0.33084946
    1.38000000    0.33524057
    1.40500000    0.34002687
    1.43000000    0.34542512
    1.45500000    0.35190470
    1.48000000    0.35937436
    1.50500000    0.36736088
    1.53000000    0.37576914
    1.55500000    0.38438926
    1.58000000    0.39296643
    1.60500000    0.40160818
    1.63000000    0.41034493
    1.65500000    0.41909760
    1.68000000    0.42796279
    1.70500000    0.43685712
    1.73000000    0.44551149
    1.75500000    0.45389158
    1.78000000    0.46216220
    1.80500000    0.47035903
    1.83000000    0.47908164
    1.85500000    0.48856638
    1.88000000    0.49874893
    1.90500000    0.50929123
    1.93000000    0.51941721
    1.95500000    0.52827060
    1.98000000    0.53579850
    2.00500000    0.54264459
    2.03000000    0.54890686
    2.05500000    0.55456260
    2.08000000    0.56017933
    2.10500000    0.56649063
    2.13000000    0.57316062
    2.15500000    0.57943907
    2.18000000    0.58550172
    2.20500000    0.59180691
    2.23000000    0.59872653
    2.25500000    0.60640587
    2.28000000    0.61465987
    2.30500000    0.62357755
    2.33000000    0.63309165
    2.35500000    0.64281929
    2.38000000    0.65246959
    2.40500000    0.66190692
    2.43000000    0.67103158
    2.45500000    0.68003209
    2.48000000    0.68890844
    2.50500000    0.69729180
    2.53000000    0.70493289
    2.55500000    0.71137627
    2.58000000    0.71615924
    2.60500000    0.71987475
    2.63000000    0.72364806
    2.65500000    0.72862299
    2.68000000    0.73489622
    2.70500000    0.74117973
    2.73000000    0.74588620
    2.75500000    0.74846980
    2.78000000    0.75003188
    2.80500000    0.75155737
    2.83000000    0.75367870
    2.85500000    0.75722738
    2.88000000    0.76205563
    2.90500000    0.76724601
    2.93000000    0.77245590
    2.95500000    0.77758954
    2.98000000    0.78215841
    3.00500000    0.78620299
    3.03000000    0.79020749
    3.05500000    0.79425494
    3.08000000    0.79832088
    3.10500000    0.80208880
    3.13000000    0.80572632
    3.15500000    0.80948821
    3.18000000    0.81365810
    3.20500000    0.81883878
    3.23000000    0.82530679
    3.25500000    0.83248538
    3.28000000    0.83941706
    3.30500000    0.84555006
    3.33000000    0.85131751
    3.35500000    0.85691463
    3.38000000    0.86233614
    3.40500000    0.86756587
    3.43000000    0.87238027
    3.45500000    0.87615443
    3.48000000    0.87830924
    3.50500000    0.87944436
    3.53000000    0.88062332
    3.55500000    0.88260455
    3.58000000    0.88639463
    3.60500000    0.89286770
    3.63000000    0.90177573
    3.65500000    0.91186508
    3.68000000    0.92171731
    3.70500000    0.93070548
    3.73000000    0.93834674
    3.75500000    0.94479738
    3.78000000    0.95048069
    3.80500000    0.95578028
    3.83000000    0.96165953
    3.85500000    0.96835667
    3.88000000    0.97567135
    3.90500000    0.98343636
    3.93000000    0.99165221
    3.95500000    1.00028145
    3.98000000    1.00861306
    4.00500000    1.01636353
    4.03000000    1.02383132
    4.05500000    1.03147183
    4.08000000    1.04001630
    4.10500000    1.04947033
    4.13000000    1.05959218
    4.15500000    1.06991017
    4.18000000    1.07957961
    4.20500000    1.08771131
    4.23000000    1.09431946
    4.25500000    1.10058772
    4.28000000    1.10801623
    4.30500000    1.11727722
    4.33000000    1.12700524
    4.35500000    1.13563928
    4.38000000    1.14285013
    4.40500000    1.14903351
    4.43000000    1.15523925
    4.45500000    1.16202702
    4.48000000    1.16894219
    4.50500000    1.17609203
    4.53000000    1.18338067
    4.55500000    1.18964369
    4.58000000    1.19488417
    4.60500000    1.19966624
    4.63000000    1.20432007
    4.65500000    1.20953382
    4.68000000    1.21611918
    4.70500000    1.22422709
    4.73000000    1.23312316
    4.75500000    1.24164416
    4.78000000    1.24881139
    4.80500000    1.25444549
    4.83000000    1.25928299
    4.85500000    1.26429211
    4.88000000    1.27009437
    4.90500000    1.27666199
    4.93000000    1.28386948
    4.95500000    1.29184671
    4.98000000    1.30070689
    5.00500000    1.30995928
    5.03000000    1.31849199
    5.05500000    1.32546742
    5.08000000    1.33077354
    5.10500000    1.33472339
    5.13000000    1.33771809
    5.15500000    1.34063866
    5.18000000    1.34431527
    5.20500000    1.34859574
    5.23000000    1.35315612
    5.25500000    1.35719041
    5.28000000    1.35955026
    5.30500000    1.36063428
    5.33000000    1.36159813
    5.35500000    1.36289579
    5.38000000    1.36535810
    5.40500000    1.36955996
    5.43000000    1.37501682
    5.45500000    1.38089603
    5.48000000    1.38715813
    5.50500000    1.39361100
    5.53000000    1.39866605
    5.55500000    1.40215201
    5.58000000    1.40574438
    5.60500000    1.41066929
    5.63000000    1.41724469
    5.65500000    1.42484421
    5.68000000    1.43278845
    5.70500000    1.44009358
    5.73000000    1.44618390
    5.75500000    1.45179252
    5.78000000    1.45770432
    5.80500000    1.46354156
    5.83000000    1.46898974
    5.85500000    1.47443049
    5.88000000    1.48008709
    5.90500000    1.48568867
    5.93000000    1.49127819
    5.95500000    1.49761759
    5.98000000    1.50403575
    6.00500000    1.50974399
    6.03000000    1.51615365
    6.05500000    1.52384041
    6.08000000    1.53188819
    6.10500000    1.53945307
    6.13000000    1.54610282
    6.15500000    1.55183702
    6.18000000    1.55706283
    6.20500000    1.56226372
    6.23000000    1.56797963
    6.25500000    1.57413746
    6.28000000    1.58049314
    6.30500000    1.58732530
    6.33000000    1.59351782
    6.35500000    1.59868024
    6.38000000    1.60365322
    6.40500000    1.60872094
    6.43000000    1.61396105
    6.45500000    1.61938924
    6.48000000    1.62471437
    6.50500000    1.62932384
    6.53000000    1.63346142
    6.55500000    1.63828146
    6.58000000    1.64392965
    6.60500000    1.64964741
    6.63000000    1.65458856
    6.65500000    1.65797000
    6.68000000    1.65973454
    6.70500000    1.66123267
    6.73000000    1.66374641
    6.75500000    1.66785438
    6.78000000    1.67312614
    6.80500000    1.67875880
    6.83000000    1.68426700
    6.85500000    1.69017010
    6.88000000    1.69790141
    6.90500000    1.70735924
    6.93000000    1.71766343
    6.95500000    1.72859460
    6.98000000    1.73949482
    7.00500000    1.74936368
    7.03000000    1.75743351
    7.05500000    1.76450350
    7.08000000    1.77172742
    7.10500000    1.77903977
    7.13000000    1.78633952
    7.15500000    1.79357884
    7.18000000    1.80124721
    7.20500000    1.80870225
    7.23000000    1.81447840
    7.25500000    1.81967187
    7.28000000    1.82622890
    7.30500000    1.83470258
    7.33000000    1.84422905
    7.35500000    1.85291257
    7.38000000    1.85895021
    7.40500000    1.86121822
    7.43000000    1.86053847
    7.45500000    1.85848254
    7.48000000    1.85662502
    7.50500000    1.85689679
    7.53000000    1.86052949
    7.55500000    1.86676566
    7.58000000    1.87343661
    7.60500000    1.87892624
    7.63000000    1.88328727
    7.65500000    1.88814284
    7.68000000    1.89488827
    7.70500000    1.90337617
    7.73000000    1.91239159
    7.75500000    1.91884501
    7.78000000    1.92087936
    7.80500000    1.92118846
    7.83000000    1.92144637
    7.85500000    1.92189956
    7.88000000    1.92289926
    7.90500000    1.92456693
    7.93000000    1.92660781
    7.95500000    1.92829268
    7.98000000    1.92857330
    8.00500000    1.92806976
    8.03000000    1.92810709
    8.05500000    1.92897746
    8.08000000    1.93066863
    8.10500000    1.93451432
    8.13000000    1.94093179
    8.15500000    1.94894204
    8.18000000    1.95745070
    8.20500000    1.96536435
    8.23000000    1.97240315
    8.25500000    1.97863632
    8.28000000    1.98386911
    8.30500000    1.98835577
    8.33000000    1.99340360
    8.35500000    2.00002932
    8.38000000    2.00767660
    8.40500000    2.01502820
    8.43000000    2.02091528
    8.45500000    2.02492184
    8.48000000    2.02770295
    8.50500000    2.02947033
    8.53000000    2.03013438
    8.55500000    2.03034768
    8.58000000    2.03072634
    8.60500000    2.03185465
    8.63000000    2.03359899
    8.65500000    2.03561941
    8.68000000    2.03726247
    8.70500000    2.03761978
    8.73000000    2.03682412
    8.75500000    2.03578026
    8.78000000    2.03520277
    8.80500000    2.03539607
    8.83000000    2.03715128
    8.85500000    2.04131776
    8.88000000    2.04794444
    8.90500000    2.05656985
    8.93000000    2.06591759
    8.95500000    2.07337795
    8.98000000    2.07808561
    9.00500000    2.08125433
    9.03000000    2.08430210
    9.05500000    2.08804574
    9.08000000    2.09277212
    9.10500000    2.09917550
    9.13000000    2.10748116
    9.15500000    2.11721678
    9.18000000    2.12705109
    9.20500000    2.13545722
    9.23000000    2.14214392
    9.25500000    2.14681032
    9.28000000    2.14977025
    9.30500000    2.15173155
    9.33000000    2.15314473
    9.35500000    2.15570484
    9.38000000    2.16097885
    9.40500000    2.16913446
    9.43000000    2.17802561
    9.45500000    2.18537472
    9.48000000    2.19037754
    9.50500000    2.19470946
    9.53000000    2.20097004
    9.55500000    2.20962670
    9.58000000    2.21934113
    9.60500000    2.22880745
    9.63000000    2.23791089
    9.65500000    2.24764197
    9.68000000    2.26015706
    9.70500000    2.27605954
    9.73000000    2.29395442
    9.75500000    2.31142859
    9.78000000    2.32600858
    9.80500000    2.33747006
    9.83000000    2.34717005
    9.85500000    2.35620804
    9.88000000    2.36519119
    9.90500000    2.37461770
    9.93000000    2.38372163
    9.95500000    2.39094352
    9.98000000    2.39538779
   10.00500000    2.39787419
   10.03000000    2.40007394
   10.05500000    2.40284837
   10.08000000    2.40657084
   10.10500000    2.41209531
   10.13000000    2.42005967
   10.15500000    2.43014773
   10.18000000    2.44163092
   10.20500000    2.45231138
   10.23000000    2.46027649
   10.25500000    2.46629569
   10.28000000    2.47132149
   10.30500000    2.47597299
   10.33000000    2.48077055
   10.35500000    2.48626634
   10.38000000    2.49311222
   10.40500000    2.50090913
   10.43000000    2.50905912
   10.45500000    2.51811379
   10.48000000    2.52975951
   10.50500000    2.54421010
   10.53000000    2.55910121
   10.55500000    2.57262379
   10.58000000    2.58364619
   10.60500000    2.59092171
   10.63000000    2.59512065
   10.65500000    2.59816927
   10.68000000    2.60027587
   10.70500000    2.60049326
   10.73000000    2.59897296
   10.75500000    2.59704143
   10.78000000    2.59711050
   10.80500000    2.59982257
   10.83000000    2.60248136
   10.85500000    2.60246239
   10.88000000    2.60085627
   10.90500000    2.59993497
   10.93000000    2.60081830
   10.95500000    2.60276828
   10.98000000    2.60541133
   11.00500000    2.60900013
   11.03000000    2.61397593
   11.05500000    2.62016399
   11.08000000    2.62712217
   11.10500000    2.63546062
   11.13000000    2.64577322
   11.15500000    2.65757973
   11.18000000    2.66877404
   11.20500000    2.67756184
   11.23000000    2.68413168
   11.25500000    2.68999553
   11.28000000    2.69706502
   11.30500000    2.70634302
   11.33000000    2.71763995
   11.35500000    2.73075457
   11.38000000    2.74560336
   11.40500000    2.76089674
   11.43000000    2.77582505
   11.45500000    2.79085647
   11.48000000    2.80765614
   11.50500000    2.82644488
   11.53000000    2.84628142
   11.55500000    2.86596948
   11.58000000    2.88385263
   11.60500000    2.89922472
   11.63000000    2.91230073
   11.65500000    2.92402168
   11.68000000    2.93646198
   11.70500000    2.95062475
   11.73000000    2.96515186
   11.75500000    2.97732346
   11.78000000    2.98565404
   11.80500000    2.99090209
   11.83000000    2.99345281
   11.85500000    2.99351265
   11.88000000    2.99325030
   11.90500000    2.99367214
   11.93000000    2.99394476
   11.95500000    2.99407197
   11.98000000    2.99486032
   12.00500000    2.99688385
   12.03000000    3.00012141
   12.05500000    3.00372448
   12.08000000    3.00728141
   12.10500000    3.01070795
   12.13000000    3.01409900
   12.15500000    3.01707352
   12.18000000    3.01767554
   12.20500000    3.01552580
   12.23000000    3.01253871
   12.25500000    3.01101332
   12.28000000    3.01299275
   12.30500000    3.01843332
   12.33000000    3.02564415
   12.35500000    3.03275609
   12.38000000    3.03877535
   12.40500000    3.04412174
   12.43000000    3.04846831
   12.45500000    3.05199002
   12.48000000    3.05657751
   12.50500000    3.06367048
   12.53000000    3.07352920
   12.55500000    3.08525286
   12.58000000    3.09648805
   12.60500000    3.10543787
   12.63000000    3.11198560
   12.65500000    3.11697997
   12.68000000    3.12152384
   12.70500000    3.12494412
   12.73000000    3.12613186
   12.75500000    3.12538694
   12.78000000    3.12352484
   12.80500000    3.12068471
   12.83000000    3.11682702
   12.85500000    3.11282300
   12.88000000    3.10987820
   12.90500000    3.11031555
   12.93000000    3.11525640
   12.95500000    3.12371291
   12.98000000    3.13407644
   13.00500000    3.14440151
   13.03000000    3.15443314
   13.05500000    3.16468037
   13.08000000    3.17527698
   13.10500000    3.18543283
   13.13000000    3.19512462
   13.15500000    3.20490040
   13.18000000    3.21485100
   13.20500000    3.22447029
   13.23000000    3.23387617
   13.25500000    3.24389893
   13.28000000    3.25463333
   13.30500000    3.26507854
   13.33000000    3.27452469
   13.35500000    3.28327333
   13.38000000    3.29246659
   13.40500000    3.30272203
   13.43000000    3.31306520
   13.45500000    3.32164875
   13.48000000    3.32681057
   13.50500000    3.32835037
   13.53000000    3.32808413
   13.55500000    3.32763640
   13.58000000    3.32841866
   13.60500000    3.33108133
   13.63000000    3.33508430
   13.65500000    3.34073360
   13.68000000    3.34837228
   13.70500000    3.35679952
   13.73000000    3.36368388
   13.75500000    3.36780951
   13.78000000    3.37126500
   13.80500000    3.37681536
   13.83000000    3.38573058
   13.85500000    3.39802146
   13.88000000    3.41202327
   13.90500000    3.42406587
   13.93000000    3.43279167
   13.95500000    3.43971018
   13.98000000    3.44568258
   14.00500000    3.45105668
   14.03000000    3.45648374
   14.05500000    3.46314992
   14.08000000    3.47267345
   14.10500000    3.48474486
   14.13000000    3.49855477
   14.15500000    3.51364527
   14.18000000    3.52990037
   14.20500000    3.54696659
   14.23000000    3.56340495
   14.25500000    3.57844866
   14.28000000    3.59164173
   14.30500000    3.60283368
   14.33000000    3.61311152
   14.35500000    3.62452643
   14.38000000    3.63835865
   14.40500000    3.65370172
   14.43000000    3.66790915
   14.45500000    3.67864214
   14.48000000    3.68540077
   14.50500000    3.68865913
   14.53000000    3.68980716
   14.55500000    3.69086728
   14.58000000    3.69340926
   14.60500000    3.69802943
   14.63000000    3.70536980
   14.65500000    3.71639592
   14.68000000    3.73147036
   14.70500000    3.74940253
   14.73000000    3.76743022
   14.75500000    3.78434523
   14.78000000    3.80061424
   14.80500000    3.81624746
   14.83000000    3.83128331
   14.85500000    3.84548553
   14.88000000    3.85848028
   14.90500000    3.86936227
   14.93000000    3.87780406
   14.95500000    3.88461008
   14.98000000    3.89154759
   15.00500000    3.89954404
   15.03000000    3.90978077
   15.05500000    3.92214869
   15.08000000    3.93610462
   15.10500000    3.95200052
   15.13000000    3.96902682
   15.15500000    3.98484580
   15.18000000    3.99804848
   15.20500000    4.00969605
   15.23000000    4.02131798
   15.25500000    4.03301874
   15.28000000    4.04390353
   15.30500000    4.05322818
   15.33000000    4.06094950
   15.35500000    4.06679606
   15.38000000    4.07294146
   15.40500000    4.08175906
   15.43000000    4.09186129
   15.45500000    4.10092898
   15.48000000    4.10798197
   15.50500000    4.11469135
   15.53000000    4.12444916
   15.55500000    4.13843857
   15.58000000    4.15521587
   15.60500000    4.17311567
   15.63000000    4.19053208
   15.65500000    4.20644633
   15.68000000    4.22126011
   15.70500000    4.23563730
   15.73000000    4.24883654
   15.75500000    4.26024614
   15.78000000    4.26898319
   15.80500000    4.27450720
   15.83000000    4.27800563
   15.85500000    4.28083254
   15.88000000    4.28272479
   15.90500000    4.28386257
   15.93000000    4.28608588
   15.95500000    4.29028712
   15.98000000    4.29527707
   16.00500000    4.29993057
   16.03000000    4.30444578
   16.05500000    4.31028059
   16.08000000    4.31873449
   16.10500000    4.32927438
   16.13000000    4.33992252
   16.15500000    4.34863027
   16.18000000    4.35519558
   16.20500000    4.35995293
   16.23000000    4.36174050
   16.25500000    4.36028426
   16.28000000    4.35577421
   16.30500000    4.34938790
   16.33000000    4.34312423
   16.35500000    4.33810084
   16.38000000    4.33440341
   16.40500000    4.33171774
   16.43000000    4.33008581
   16.45500000    4.33071802
   16.48000000    4.33337459
   16.50500000    4.33642404
   16.53000000    4.33951891
   16.55500000    4.34263999
   16.58000000    4.34539779
   16.60500000    4.34824561
   16.63000000    4.35134977
   16.65500000    4.35473090
   16.68000000    4.35880680
   16.70500000    4.36558633
   16.73000000    4.37695203
   16.75500000    4.39136568
   16.78000000    4.40566901
   16.80500000    4.41810544
   16.83000000    4.42835715
   16.85500000    4.43733040
   16.88000000    4.44677560
   16.90500000    4.45653412
   16.93000000    4.46510994
   16.95500000    4.47241900
   16.98000000    4.47914460
   17.00500000    4.48566719
   17.03000000    4.49166654
   17.05500000    4.49594845
   17.08000000    4.50005757
   17.10500000    4.50598704
   17.13000000    4.51362282
   17.15500000    4.52305884
   17.18000000    4.53487372
   17.20500000    4.55023164
   17.23000000    4.56950314
   17.25500000    4.59036015
   17.28000000    4.60941450
   17.30500000    4.62386529
   17.33000000    4.63256833
   17.35500000    4.63603103
   17.38000000    4.63591586
   17.40500000    4.63436548
   17.43000000    4.63237397
   17.45500000    4.63062042
   17.48000000    4.62997259
   17.50500000    4.62976406
   17.53000000    4.62977986
   17.55500000    4.63077528
   17.58000000    4.63267784
   17.60500000    4.63568080
   17.63000000    4.63974899
   17.65500000    4.64328461
   17.68000000    4.64450820
   17.70500000    4.64288827
   17.73000000    4.64076368
   17.75500000    4.64152964
   17.78000000    4.64624120
   17.80500000    4.65296955
   17.83000000    4.65978893
   17.85500000    4.66558382
   17.88000000    4.66970964
   17.90500000    4.67251336
   17.93000000    4.67428183
   17.95500000    4.67590682
   17.98000000    4.67949573
   18.00500000    4.68713224
   18.03000000    4.69897838
   18.05500000    4.71160109
   18.08000000    4.72263772
   18.10500000    4.73123287
   18.13000000    4.73908690
   18.15500000    4.74738821
   18.18000000    4.75464590
   18.20500000    4.75990706
   18.23000000    4.76332043
   18.25500000    4.76503536
   18.28000000    4.76590383
   18.30500000    4.76760802
   18.33000000    4.77062249
   18.35500000    4.77533273
   18.38000000    4.78248856
   18.40500000    4.79188820
   18.43000000    4.80284875
   18.45500000    4.81391245
   18.48000000    4.82269532
   18.50500000    4.82756718
   18.53000000    4.82896870
   18.55500000    4.82839328
   18.58000000    4.82771448
   18.60500000    4.82876728
   18.63000000    4.83225078
   18.65500000    4.83832549
   18.68000000    4.84734355
   18.70500000    4.85872246
   18.73000000    4.87101688
   18.75500000    4.88271165
   18.78000000    4.89302073
   18.80500000    4.90213060
   18.83000000    4.91227339
   18.85500000    4.92556163
   18.88000000    4.93991700
   18.90500000    4.95064048
   18.93000000    4.95530389
   18.95500000    4.95496597
   18.98000000    4.95195256
   19.00500000    4.94993394
   19.03000000    4.95159045
   19.05500000    4.95715567
   19.08000000    4.96561678
   19.10500000    4.97482042
   19.13000000    4.98474140
   19.15500000    4.99642212
   19.18000000    5.00855941
   19.20500000    5.02039043
   19.23000000    5.03215358
   19.25500000    5.04387967
   19.28000000    5.05506020
   19.30500000    5.06436046
   19.33000000    5.07043489
   19.35500000    5.07211577
   19.38000000    5.07040790
   19.40500000    5.06891136
   19.43000000    5.07083407
   19.45500000    5.07758056
   19.48000000    5.08947382
   19.50500000    5.10451948
   19.53000000    5.12052386
   19.55500000    5.13640976
   19.58000000    5.15272291
   19.60500000    5.16919554
   19.63000000    5.18499334
   19.65500000    5.19992281
   19.68000000    5.21351899
   19.70500000    5.22560073
   19.73000000    5.23633907
   19.75500000    5.24672671
   19.78000000    5.25739278
   19.80500000    5.26748913
   19.83000000    5.27645088
   19.85500000    5.28453678
   19.88000000    5.29233112
   19.90500000    5.29996056
   19.93000000    5.30856784
   19.95500000    5.31940327
   19.98000000    5.33162891
   20.00500000    5.34374867
   20.03000000    5.35522063
   20.05500000    5.36704962
   20.08000000    5.37799826
   20.10500000    5.38482732
   20.13000000    5.38859767
   20.15500000    5.39192021
   20.18000000    5.39610580
   20.20500000    5.40131497
   20.23000000    5.40557386
   20.25500000    5.40761026
   20.28000000    5.40792602
   20.30500000    5.40821699
   20.33000000    5.40954476
   20.35500000    5.41221642
   20.38000000    5.41686710
   20.40500000    5.42314864
   20.43000000    5.43072770
   20.45500000    5.43953598
   20.48000000    5.44856097
   20.50500000    5.45774782
   20.53000000    5.46843909
   20.55500000    5.48196105
   20.58000000    5.49796810
   20.60500000    5.51613657
   20.63000000    5.53608364
   20.65500000    5.55633110
   20.68000000    5.57445774
   20.70500000    5.59004096
   20.73000000    5.60522031
   20.75500000    5.62076391
   20.78000000    5.63474854
   20.80500000    5.64563484
   20.83000000    5.65380351
   20.85500000    5.66097974
   20.88000000    5.66954769
   20.90500000    5.68113743
   20.93000000    5.69490200
   20.95500000    5.70941241
   20.98000000    5.72429694
   21.00500000    5.73996585
   21.03000000    5.75600578
   21.05500000    5.77122151
   21.08000000    5.78572382
   21.10500000    5.80084838
   21.13000000    5.81681662
   21.15500000    5.83374287
   21.18000000    5.85161696
   21.20500000    5.87023943
   21.23000000    5.88962138
   21.25500000    5.90895561
   21.28000000    5.92798304
   21.30500000    5.94728645
   21.33000000    5.96578715
   21.35500000    5.98031171
   21.38000000    5.99039663
   21.40500000    5.99799514
   21.43000000    6.00600917
   21.45500000    6.01546102
   21.48000000    6.02555032
   21.50500000    6.03729292
   21.53000000    6.05156984
   21.55500000    6.06717355
   21.58000000    6.08167662
   21.60500000    6.09291353
   21.63000000    6.10001760
   21.65500000    6.10428339
   21.68000000    6.10785525
   21.70500000    6.11129339
   21.73000000    6.11398686
   21.75500000    6.11571817
   21.78000000    6.11652497
   21.80500000    6.11632773
   21.83000000    6.11554899
   21.85500000    6.11428916
   21.88000000    6.11178143
   21.90500000    6.10902774
   21.93000000    6.10798236
   21.95500000    6.10996914
   21.98000000    6.11599012
   22.00500000    6.12573305
   22.03000000    6.13930419
   22.05500000    6.15587303
   22.08000000    6.17272225
   22.10500000    6.18552226
   22.13000000    6.19095364
   22.15500000    6.19058072
   22.18000000    6.18954559
   22.20500000    6.19055770
   22.23000000    6.19421618
   22.25500000    6.20078519
   22.28000000    6.20965798
   22.30500000    6.22039478
   22.33000000    6.23159707
   22.35500000    6.24177875
   22.38000000    6.25223512
   22.40500000    6.26479858
   22.43000000    6.27935963
   22.45500000    6.29429585
   22.48000000    6.30843821
   22.50500000    6.32271801
   22.53000000    6.33850874
   22.55500000    6.35597708
   22.58000000    6.37351885
   22.60500000    6.38954447
   22.63000000    6.40470057
   22.65500000    6.42095415
   22.68000000    6.43848065
   22.70500000    6.45522020
   22.73000000    6.47047369
   22.75500000    6.48267706
   22.78000000    6.48940933
   22.80500000    6.49179199
   22.83000000    6.49210258
   22.85500000    6.49112881
   22.88000000    6.49021350
   22.90500000    6.48978011
   22.93000000    6.48926021
   22.95500000    6.48738794
   22.98000000    6.48538366
   23.00500000    6.48528782
   23.03000000    6.48737730
   23.05500000    6.49119394
   23.08000000    6.49510217
   23.10500000    6.49698867
   23.13000000    6.49617226
   23.15500000    6.49361780
   23.18000000    6.48921475
   23.20500000    6.48234328
   23.23000000    6.47362897
   23.25500000    6.46384749
   23.28000000    6.45595252
   23.30500000    6.45449379
   23.33000000    6.46149337
   23.35500000    6.47399591
   23.38000000    6.48789987
   23.40500000    6.50063580
   23.43000000    6.51180702
   23.45500000    6.52212511
   23.48000000    6.53077370
   23.50500000    6.53506835
   23.53000000    6.53405159
   23.55500000    6.53061582
   23.58000000    6.52780796
   23.60500000    6.52834455
   23.63000000    6.53167003
   23.65500000    6.53439134
   23.68000000    6.53576146
   23.70500000    6.53829388
   23.73000000    6.54379134
   23.75500000    6.54928830
   23.78000000    6.55038216
   23.80500000    6.54711857
   23.83000000    6.54285895
   23.85500000    6.54030900
   23.88000000    6.54130082
   23.90500000    6.54667982
   23.93000000    6.55546044
   23.95500000    6.56538105
   23.98000000    6.57384186
   24.00500000    6.57872297
   24.03000000    6.58001300
   24.05500000    6.57982037
   24.08000000    6.58169851
   24.10500000    6.58784767
   24.13000000    6.59686831
   24.15500000    6.60611330
   24.18000000    6.61438158
   24.20500000    6.62182404
   24.23000000    6.62961077
   24.25500000    6.63808534
   24.28000000    6.64558664
   24.30500000    6.64978582
   24.33000000    6.64878413
   24.35500000    6.64343995
   24.38000000    6.63691059
   24.40500000    6.63188029
   24.43000000    6.62896549
   24.45500000    6.62913330
   24.48000000    6.63218364
   24.50500000    6.63558865
   24.53000000    6.63778659
   24.55500000    6.64064542
   24.58000000    6.64540882
   24.60500000    6.65094994
   24.63000000    6.65641927
   24.65500000    6.66155289
   24.68000000    6.66600819
   24.70500000    6.66986250
   24.73000000    6.67446818
   24.75500000    6.68055989
   24.78000000    6.68611634
   24.80500000    6.68928575
   24.83000000    6.68904273
   24.85500000    6.68548160
   24.88000000    6.67886061
   24.90500000    6.67050628
   24.93000000    6.66403030
   24.95500000    6.66211693
   24.98000000    6.66533771
   25.00500000    6.67157743
   25.03000000    6.67688838
   25.05500000    6.68025703
   25.08000000    6.68374833
   25.10500000    6.68802482
   25.13000000    6.69132427
   25.15500000    6.69168439
   25.18000000    6.68982184
   25.20500000    6.68924853
   25.23000000    6.69234206
   25.25500000    6.69871125
   25.28000000    6.70715038
   25.30500000    6.71780117
   25.33000000    6.73041737
   25.35500000    6.74245049
   25.38000000    6.75113726
   25.40500000    6.75639121
   25.43000000    6.75973842
   25.45500000    6.76233989
   25.48000000    6.76473192
   25.50500000    6.76645356
   25.53000000    6.76747743
   25.55500000    6.76960890
   25.58000000    6.77503683
   25.60500000    6.78367090
   25.63000000    6.79315491
   25.65500000    6.80088502
   25.68000000    6.80646620
   25.70500000    6.81116651
   25.73000000    6.81505867
   25.75500000    6.81730562
   25.78000000    6.81720726
   25.80500000    6.81396841
   25.83000000    6.80915126
   25.85500000    6.80582766
   25.88000000    6.80493776
   25.90500000    6.80606238
   25.93000000    6.80880919
   25.95500000    6.81198463
   25.98000000    6.81688483
   26.00500000    6.82607503
   26.03000000    6.83720633
   26.05500000    6.84605688
   26.08000000    6.85101496
   26.10500000    6.85284014
   26.13000000    6.85358911
   26.15500000    6.85690882
   26.18000000    6.86557516
   26.20500000    6.87872967
   26.23000000    6.89194957
   26.25500000    6.90115150
   26.28000000    6.90702695
   26.30500000    6.91306207
   26.33000000    6.92294874
   26.35500000    6.93595272
   26.38000000    6.94806083
   26.40500000    6.95824653
   26.43000000    6.96749520
   26.45500000    6.97624285
   26.48000000    6.98502254
   26.50500000    6.99483075
   26.53000000    7.00454028
   26.55500000    7.01437555
   26.58000000    7.02656668
   26.60500000    7.04144576
   26.63000000    7.05900499
   26.65500000    7.07709491
   26.68000000    7.09075789
   26.70500000    7.09646222
   26.73000000    7.09597471
   26.75500000    7.09266901
   26.78000000    7.09022349
   26.80500000    7.09290062
   26.83000000    7.10022393
   26.85500000    7.10693015
   26.88000000    7.10808441
   26.90500000    7.10265567
   26.93000000    7.09451772
   26.95500000    7.08789606
   26.98000000    7.08447182
   27.00500000    7.08304783
   27.03000000    7.08194135
   27.05500000    7.08118662
   27.08000000    7.08207244
   27.10500000    7.08510164
   27.13000000    7.08897003
   27.15500000    7.09308600
   27.18000000    7.09815335
   27.20500000    7.10459078
   27.23000000    7.10980913
   27.25500000    7.11112195
   27.28000000    7.11026074
   27.30500000    7.10930738
   27.33000000    7.10903953
   27.35500000    7.11061135
   27.38000000    7.11342494
   27.40500000    7.11615984
   27.43000000    7.11999323
   27.45500000    7.12638556
   27.48000000    7.13449370
   27.50500000    7.14092279
   27.53000000    7.14248398
   27.55500000    7.13977568
   27.58000000    7.13602478
   27.60500000    7.13364160
   27.63000000    7.13437411
   27.65500000    7.13878464
   27.68000000    7.14501512
   27.70500000    7.15166860
   27.73000000    7.15819314
   27.75500000    7.16343483
   27.78000000    7.16684829
   27.80500000    7.16976203
   27.83000000    7.17259052
   27.85500000    7.17485231
   27.88000000    7.17649134
   27.90500000    7.17734805
   27.93000000    7.17821211
   27.95500000    7.18006016
   27.98000000    7.18266146
   28.00500000    7.18548137
   28.03000000    7.18689644
   28.05500000    7.18608894
   28.08000000    7.18447483
   28.10500000    7.18408208
   28.13000000    7.18664732
   28.15500000    7.19227379
   28.18000000    7.20107184
   28.20500000    7.21310082
   28.23000000    7.22579629
   28.25500000    7.23519704
   28.28000000    7.24031349
   28.30500000    7.24437477
   28.33000000    7.24971515
   28.35500000    7.25596723
   28.38000000    7.26212677
   28.40500000    7.26895181
   28.43000000    7.27817920
   28.45500000    7.29061225
   28.48000000    7.30700302
   28.50500000    7.32671979
   28.53000000    7.34621654
   28.55500000    7.36060006
   28.58000000    7.36771951
   28.60500000    7.36853738
   28.63000000    7.36479989
   28.65500000    7.35886928
   28.68000000    7.35177031
   28.70500000    7.34354608
   28.73000000    7.33564961
   28.75500000    7.33010596
   28.78000000    7.32729653
   28.80500000    7.32696797
   28.83000000    7.32928330
   28.85500000    7.33221101
   28.88000000    7.33270012
   28.90500000    7.33126337
   28.93000000    7.32956537
   28.95500000    7.32869850
   28.98000000    7.32933005
   29.00500000    7.33037169
   29.03000000    7.33172199
   29.05500000    7.33487397
   29.08000000    7.33951597
   29.10500000    7.34510491
   29.13000000    7.35238245
   29.15500000    7.36060426
   29.18000000    7.36706605
   29.20500000    7.37191961
   29.23000000    7.37637733
   29.25500000    7.38128111
   29.28000000    7.38741758
   29.30500000    7.39515550
   29.33000000    7.40399012
   29.35500000    7.41322491
   29.38000000    7.42314542
   29.40500000    7.43315050
   29.43000000    7.44101595
   29.45500000    7.44551749
   29.48000000    7.44830568
   29.50500000    7.45079006
   29.53000000    7.45248921
   29.55500000    7.45221124
   29.58000000    7.45066939
   29.60500000    7.44886296
   29.63000000    7.44695393
   29.65500000    7.44488144
   29.68000000    7.44327245
   29.70500000    7.43989074
   29.73000000    7.43305200
   29.75500000    7.42747777
   29.78000000    7.42898774
   29.80500000    7.43872984
   29.83000000    7.45525534
   29.85500000    7.47657465
   29.88000000    7.49954398
   29.90500000    7.52003150
   29.93000000    7.53379358
   29.95500000    7.53964343
   29.98000000    7.53868830
   30.00500000    7.53504056
   30.03000000    7.53319923
   30.05500000    7.53333344
   30.08000000    7.53363871
   30.10500000    7.53480151
   30.13000000    7.53723130
   30.15500000    7.54222927
   30.18000000    7.55141271
   30.20500000    7.56342084
   30.23000000    7.57725186
   30.25500000    7.59200071
   30.28000000    7.60540480
   30.30500000    7.61659803
   30.33000000    7.62695582
   30.35500000    7.63786273
   30.38000000    7.64818076
   30.40500000    7.65575494
   30.43000000    7.65966445
   30.45500000    7.65920290
   30.48000000    7.65594803
   30.50500000    7.65336626
   30.53000000    7.65401561
   30.55500000    7.65946619
   30.58000000    7.66975985
   30.60500000    7.68350707
   30.63000000    7.69728621
   30.65500000    7.70957527
   30.68000000    7.72205721
   30.70500000    7.73539411
   30.73000000    7.74809963
   30.75500000    7.76040986
   30.78000000    7.77494896
   30.80500000    7.79458774
   30.83000000    7.81893302
   30.85500000    7.84526758
   30.88000000    7.87144666
   30.90500000    7.89555477
   30.93000000    7.91645001
   30.95500000    7.93286465
   30.98000000    7.94333030
   31.00500000    7.95048957
   31.03000000    7.95647689
   31.05500000    7.96076145
   31.08000000    7.96349786
   31.10500000    7.96390830
   31.13000000    7.96105943
   31.15500000    7.95489410
   31.18000000    7.94783989
   31.20500000    7.94388591
   31.23000000    7.94580092
   31.25500000    7.95353410
   31.28000000    7.96503264
   31.30500000    7.97843394
   31.33000000    7.99194711
   31.35500000    8.00459805
   31.38000000    8.01664584
   31.40500000    8.02732683
   31.43000000    8.03789083
   31.45500000    8.04975982
   31.48000000    8.06241252
   31.50500000    8.07445547
   31.53000000    8.08624233
   31.55500000    8.09950635
   31.58000000    8.11377320
   31.60500000    8.12602150
   31.63000000    8.13555116
   31.65500000    8.14382729
   31.68000000    8.15378903
   31.70500000    8.16780003
   31.73000000    8.18648196
   31.75500000    8.20842220
   31.78000000    8.22838629
   31.80500000    8.24184044
   31.83000000    8.24911848
   31.85500000    8.25204013
   31.88000000    8.25172964
   31.90500000    8.24976501
   31.93000000    8.24822520
   31.95500000    8.24965936
   31.98000000    8.25587168
   32.00500000    8.26668651
   32.03000000    8.28237049
   32.05500000    8.30379263
   32.08000000    8.32755162
   32.10500000    8.34986678
   32.13000000    8.36839306
   32.15500000    8.38164519
   32.18000000    8.39025786
   32.20500000    8.39594974
   32.23000000    8.40117035
   32.25500000    8.40648042
   32.28000000    8.41179670
   32.30500000    8.41789211
   32.33000000    8.42573845
   32.35500000    8.43650863
   32.38000000    8.44943555
   32.40500000    8.46272817
   32.43000000    8.47521842
   32.45500000    8.48439918
   32.48000000    8.48817339
   32.50500000    8.48676809
   32.53000000    8.48211831
   32.55500000    8.47894631
   32.58000000    8.47965838
   32.60500000    8.48444275
   32.63000000    8.49257347
   32.65500000    8.50279768
   32.68000000    8.51298733
   32.70500000    8.52132688
   32.73000000    8.52730059
   32.75500000    8.53218136
   32.78000000    8.53830193
   32.80500000    8.54716366
   32.83000000    8.55836225
   32.85500000    8.57218525
   32.88000000    8.58964644
   32.90500000    8.60999820
   32.93000000    8.63070575
   32.95500000    8.64926491
   32.98000000    8.66595569
   33.00500000    8.68236116
   33.03000000    8.69785909
   33.05500000    8.71204935
   33.08000000    8.72610107
   33.10500000    8.73970924
   33.13000000    8.75146137
   33.15500000    8.76241884
   33.18000000    8.77438935
   33.20500000    8.78916106
   33.23000000    8.80783675
   33.25500000    8.82946398
   33.28000000    8.85092103
   33.30500000    8.86699069
   33.33000000    8.87466766
   33.35500000    8.87541707
   33.38000000    8.87152423
   33.40500000    8.86304905
   33.43000000    8.85064923
   33.45500000    8.83945058
   33.48000000    8.83307144
   33.50500000    8.82958647
   33.53000000    8.82667050
   33.55500000    8.82566380
   33.58000000    8.82855844
   33.60500000    8.83537122
   33.63000000    8.84466324
   33.65500000    8.85382218
   33.68000000    8.86157010
   33.70500000    8.86948518
   33.73000000    8.87674687
   33.75500000    8.87934081
   33.78000000    8.87621149
   33.80500000    8.87005121
   33.83000000    8.86387986
   33.85500000    8.85891406
   33.88000000    8.85508381
   33.90500000    8.85098092
   33.93000000    8.84537156
   33.95500000    8.83954980
   33.98000000    8.83762462
   34.00500000    8.84231239
   34.03000000    8.85385669
   34.05500000    8.86866724
   34.08000000    8.88113368
   34.10500000    8.88777300
   34.13000000    8.89043103
   34.15500000    8.89223499
   34.18000000    8.89802845
   34.20500000    8.91109226
   34.23000000    8.93046419
   34.25500000    8.95368206
   34.28000000    8.97763465
   34.30500000    9.00030853
   34.33000000    9.02129037
   34.35500000    9.04185829
   34.38000000    9.06375504
   34.40500000    9.08680952
   34.43000000    9.10821505
   34.45500000    9.12534183
   34.48000000    9.13885339
   34.50500000    9.15356253
   34.53000000    9.17456129
   34.55500000    9.20295158
   34.58000000    9.23578069
   34.60500000    9.26983818
   34.63000000    9.30257897
   34.65500000    9.33199541
   34.68000000    9.35571976
   34.70500000    9.37358833
   34.73000000    9.38953803
   34.75500000    9.40596618
   34.78000000    9.42017284
   34.80500000    9.42755411
   34.83000000    9.42860812
   34.85500000    9.42935859
   34.88000000    9.43479938
   34.90500000    9.44571011
   34.93000000    9.46152094
   34.95500000    9.47864296
   34.98000000    9.49238628
   35.00500000    9.50088617
   35.03000000    9.50629205
   35.05500000    9.51170750
   35.08000000    9.51971781
   35.10500000    9.53080781
   35.13000000    9.54225692
   35.15500000    9.55052265
   35.18000000    9.55768269
   35.20500000    9.56974466
   35.23000000    9.58881305
   35.25500000    9.61338466
   35.28000000    9.63979320
   35.30500000    9.66636078
   35.33000000    9.69065327
   35.35500000    9.70892987
   35.38000000    9.72201616
   35.40500000    9.73291818
   35.43000000    9.74408196
   35.45500000    9.75605228
   35.48000000    9.76785635
   35.50500000    9.77977208
   35.53000000    9.79274964
   35.55500000    9.80523360
   35.58000000    9.81474149
   35.60500000    9.82294601
   35.63000000    9.83291372
   35.65500000    9.84461074
   35.68000000    9.85688170
   35.70500000    9.86833869
   35.73000000    9.87965222
   35.75500000    9.89125035
   35.78000000    9.90070962
   35.80500000    9.90870493
   35.83000000    9.92048137
   35.85500000    9.93692279
   35.88000000    9.95484971
   35.90500000    9.97277951
   35.93000000    9.98961575
   35.95500000   10.00174326
   35.98000000   10.00702906
   36.00500000   10.00749298
   36.03000000   10.00781621
   36.05500000   10.00957542
   36.08000000   10.01108371
   36.10500000   10.00959498
   36.13000000   10.00315956
   36.15500000    9.99410181
   36.18000000    9.98850661
   36.20500000    9.98953153
   36.23000000    9.99617538
   36.25500000   10.00759220
   36.28000000   10.02314796
   36.30500000   10.04024916
   36.33000000   10.05577743
   36.35500000   10.06953786
   36.38000000   10.08361551
   36.40500000   10.09953275
   36.43000000   10.11656359
   36.45500000   10.13481886
   36.48000000   10.15422852
   36.50500000   10.17223805
   36.53000000   10.18571576
   36.55500000   10.19391407
   36.58000000   10.19903537
   36.60500000   10.20632098
   36.63000000   10.21930777
   36.65500000   10.23717524
   36.68000000   10.25960459
   36.70500000   10.28637382
   36.73000000   10.31431511
   36.75500000   10.33747577
   36.78000000   10.35065911
   36.80500000   10.35260280
   36.83000000   10.34623672
   36.85500000   10.33580849
   36.88000000   10.32529025
   36.90500000   10.31756944
   36.93000000   10.31294381
   36.95500000   10.31093921
   36.98000000   10.31123521
   37.00500000   10.31327819
   37.03000000   10.31744252
   37.05500000   10.32482282
   37.08000000   10.33617087
   37.10500000   10.35212761
   37.13000000   10.37043919
   37.15500000   10.38804858
   37.18000000   10.40407795
   37.20500000   10.41682434
   37.23000000   10.42624720
   37.25500000   10.43464358
   37.28000000   10.44313203
   37.30500000   10.45151843
   37.33000000   10.45932820
   37.35500000   10.46729483
   37.38000000   10.47585789
   37.40500000   10.48512475
   37.43000000   10.49364057
   37.45500000   10.49944366
   37.48000000   10.50123216
   37.50500000   10.49805836
   37.53000000   10.49126272
   37.55500000   10.48227707
   37.58000000   10.47120856
   37.60500000   10.45792142
   37.63000000   10.44312835
   37.65500000   10.43014406
   37.68000000   10.42162119
   37.70500000   10.41806064
   37.73000000   10.41827500
   37.75500000   10.42176891
   37.78000000   10.42869530
   37.80500000   10.43761451
   37.83000000   10.44973239
   37.85500000   10.46691113
   37.88000000   10.48712488
   37.90500000   10.50754598
   37.93000000   10.52455160
   37.95500000   10.53799010
   37.98000000   10.55201969
   38.00500000   10.56898905
   38.03000000   10.58859157
   38.05500000   10.61120531
   38.08000000   10.63611557
   38.10500000   10.66111063
   38.13000000   10.68333658
   38.15500000   10.70023754
   38.18000000   10.71181807
   38.20500000   10.71981875
   38.23000000   10.72449561
   38.25500000   10.72485621
   38.28000000   10.72268879
   38.30500000   10.72071059
   38.33000000   10.72148086
   38.35500000   10.72774376
   38.38000000   10.73903425
   38.40500000   10.75303705
   38.43000000   10.76752285
   38.45500000   10.78057027
   38.48000000   10.79199819
   38.50500000   10.80099758
   38.53000000   10.80644338
   38.55500000   10.80841362
   38.58000000   10.80674745
   38.60500000   10.80336073
   38.63000000   10.80175988
   38.65500000   10.80324365
   38.68000000   10.80709724
   38.70500000   10.81226056
   38.73000000   10.81996016
   38.75500000   10.83279785
   38.78000000   10.84933542
   38.80500000   10.86700199
   38.83000000   10.88298257
   38.85500000   10.89346663
   38.88000000   10.89743809
   38.90500000   10.89614867
   38.93000000   10.89207419
   38.95500000   10.89125272
   38.98000000   10.89812565
   39.00500000   10.91314222
   39.03000000   10.93394531
   39.05500000   10.95692854
   39.08000000   10.97851405
   39.10500000   10.99610751
   39.13000000   11.00973501
   39.15500000   11.02099864
   39.18000000   11.03223244
   39.20500000   11.04429646
   39.23000000   11.05591130
   39.25500000   11.06527984
   39.28000000   11.07120370
   39.30500000   11.07432592
   39.33000000   11.07611069
   39.35500000   11.07818323
   39.38000000   11.08265330
   39.40500000   11.09251782
   39.43000000   11.10694261
   39.45500000   11.12195806
   39.48000000   11.13454374
   39.50500000   11.14445855
   39.53000000   11.15288987
   39.55500000   11.16064536
   39.58000000   11.16774431
   39.60500000   11.17366550
   39.63000000   11.17754480
   39.65500000   11.17663594
   39.68000000   11.17092191
   39.70500000   11.16322542
   39.73000000   11.15767241
   39.75500000   11.15697780
   39.78000000   11.16061765
   39.80500000   11.16674560
   39.83000000   11.17435542
   39.85500000   11.18438457
   39.88000000   11.19626880
   39.90500000   11.20770705
   39.93000000   11.21637856
   39.95500000   11.22053868
   39.98000000   11.22024637
   40.00500000   11.21776228
   40.03000000   11.21684582
   40.05500000   11.21912535
   40.08000000   11.22422669
   40.10500000   11.23172718
   40.13000000   11.24039032
   40.15500000   11.24903316
   40.18000000   11.25585525
   40.20500000   11.25833888
   40.23000000   11.25681837
   40.25500000   11.25507863
   40.28000000   11.25701232
   40.30500000   11.26172491
   40.33000000   11.26547467
   40.35500000   11.26455230
   40.38000000   11.25857237
   40.40500000   11.25242181
   40.43000000   11.25133379
   40.45500000   11.25604778
   40.48000000   11.26441170
   40.50500000   11.27406733
   40.53000000   11.28409404
   40.55500000   11.29422698
   40.58000000   11.30221423
   40.60500000   11.30430386
   40.63000000   11.30120795
   40.65500000   11.29917532
   40.68000000   11.30273082
   40.70500000   11.31136706
   40.73000000   11.32263101
   40.75500000   11.33313950
   40.78000000   11.34032651
   40.80500000   11.34451591
   40.83000000   11.34776452
   40.85500000   11.35244330
   40.88000000   11.35978292
   40.90500000   11.36837585
   40.93000000   11.37583477
   40.95500000   11.38049312
   40.98000000   11.38057411
   41.00500000   11.37544728
   41.03000000   11.36548670
   41.05500000   11.35119681
   41.08000000   11.33454265
   41.10500000   11.31947781
   41.13000000   11.30851974
   41.15500000   11.30194277
   41.18000000   11.30005018
   41.20500000   11.30405594
   41.23000000   11.31329998
   41.25500000   11.32523156
   41.28000000   11.33863777
   41.30500000   11.35241154
   41.33000000   11.36626179
   41.35500000   11.38147427
   41.38000000   11.39908489
   41.40500000   11.41813308
   41.43000000   11.43547152
   41.45500000   11.44937029
   41.48000000   11.46152152
   41.50500000   11.47516070
   41.53000000   11.49377674
   41.55500000   11.51661337
   41.58000000   11.53857075
   41.60500000   11.55416135
   41.63000000   11.56121604
   41.65500000   11.56307581
   41.68000000   11.56428729
   41.70500000   11.56869797
   41.73000000   11.58025132
   41.75500000   11.59707822
   41.78000000   11.61427456
   41.80500000   11.62917340
   41.83000000   11.64175871
   41.85500000   11.65424464
   41.88000000   11.66775634
   41.90500000   11.68112991
   41.93000000   11.69352154
   41.95500000   11.70429819
   41.98000000   11.71318791
   42.00500000   11.72143453
   42.03000000   11.73070870
   42.05500000   11.74309713
   42.08000000   11.76000963
   42.10500000   11.78115773
   42.13000000   11.80597144
   42.15500000   11.83031814
   42.18000000   11.84986157
   42.20500000   11.86339941
   42.23000000   11.87416798
   42.25500000   11.88604283
   42.28000000   11.90110593
   42.30500000   11.91762752
   42.33000000   11.93190710
   42.35500000   11.94132679
   42.38000000   11.94499388
   42.40500000   11.94309699
   42.43000000   11.93832321
   42.45500000   11.93212589
   42.48000000   11.92433444
   42.50500000   11.91546931
   42.53000000   11.90788318
   42.55500000   11.90342301
   42.58000000   11.90144228
   42.60500000   11.90022079
   42.63000000   11.90115101
   42.65500000   11.90732263
   42.68000000   11.91910531
   42.70500000   11.93298222
   42.73000000   11.94539167
   42.75500000   11.95615797
   42.78000000   11.96643031
   42.80500000   11.97603201
   42.83000000   11.98320880
   42.85500000   11.98820247
   42.88000000   11.99330340
   42.90500000   12.00211570
   42.93000000   12.01466545
   42.95500000   12.02752650
   42.98000000   12.03809871
   43.00500000   12.04542538
   43.03000000   12.05295528
   43.05500000   12.06447623
   43.08000000   12.07987611
   43.10500000   12.09710618
   43.13000000   12.11405339
   43.15500000   12.13166792
   43.18000000   12.15104369
   43.20500000   12.16942645
   43.23000000   12.18431341
   43.25500000   12.19772485
   43.28000000   12.21172365
   43.30500000   12.22649616
   43.33000000   12.24149958
   43.35500000   12.25597762
   43.38000000   12.26917487
   43.40500000   12.28162642
   43.43000000   12.29327006
   43.45500000   12.30351323
   43.48000000   12.31154205
   43.50500000   12.31619087
   43.53000000   12.31597092
   43.55500000   12.30934637
   43.58000000   12.29732948
   43.60500000   12.28325709
   43.63000000   12.26938917
   43.65500000   12.25717641
   43.68000000   12.24798426
   43.70500000   12.24291489
   43.73000000   12.24157680
   43.75500000   12.24122051
   43.78000000   12.23985512
   43.80500000   12.23899357
   43.83000000   12.24119056
   43.85500000   12.24836993
   43.88000000   12.26190527
   43.90500000   12.28315583
   43.93000000   12.31061399
   43.95500000   12.33852261
   43.98000000   12.36243142
   44.00500000   12.38092606
   44.03000000   12.39315787
   44.05500000   12.39908485
   44.08000000   12.40117540
   44.10500000   12.40264799
   44.13000000   12.40683457
   44.15500000   12.41503653
   44.18000000   12.42581705
   44.20500000   12.43579461
   44.23000000   12.44364985
   44.25500000   12.44814603
   44.28000000   12.44692765
   44.30500000   12.44118270
   44.33000000   12.43483360
   44.35500000   12.43038483
   44.38000000   12.42918588
   44.40500000   12.43333241
   44.43000000   12.44284233
   44.45500000   12.45600176
   44.48000000   12.47072113
   44.50500000   12.48403281
   44.53000000   12.49600395
   44.55500000   12.51118512
   44.58000000   12.52954693
   44.60500000   12.54671429
   44.63000000   12.56122778
   44.65500000   12.57408081
   44.68000000   12.58734638
   44.70500000   12.60080145
   44.73000000   12.61195060
   44.75500000   12.61792823
   44.78000000   12.61804865
   44.80500000   12.61523265
   44.83000000   12.61056521
   44.85500000   12.60328358
   44.88000000   12.59606928
   44.90500000   12.59478173
   44.93000000   12.60224513
   44.95500000   12.61557569
   44.98000000   12.62996227
   45.00500000   12.64194298
   45.03000000   12.64991225
   45.05500000   12.65607253
   45.08000000   12.66572804
   45.10500000   12.67990469
   45.13000000   12.69365751
   45.15500000   12.70301039
   45.18000000   12.70721714
   45.20500000   12.70864094
   45.23000000   12.71078599
   45.25500000   12.71490770
   45.28000000   12.71981657
   45.30500000   12.72533406
   45.33000000   12.73297388
   45.35500000   12.74372545
   45.38000000   12.75392415
   45.40500000   12.75894522
   45.43000000   12.75772791
   45.45500000   12.75401131
   45.48000000   12.75280848
   45.50500000   12.75549533
   45.53000000   12.75953032
   45.55500000   12.76180321
   45.58000000   12.76219330
   45.60500000   12.76316470
   45.63000000   12.76535653
   45.65500000   12.76912985
   45.68000000   12.77621296
   45.70500000   12.78697223
   45.73000000   12.80213267
   45.75500000   12.82131078
   45.78000000   12.84187093
   45.80500000   12.86050092
   45.83000000   12.87678703
   45.85500000   12.89245283
   45.88000000   12.90693261
   45.90500000   12.91749256
   45.93000000   12.92385525
   45.95500000   12.92807240
   45.98000000   12.93131335
   46.00500000   12.93405133
   46.03000000   12.93532336
   46.05500000   12.93363248
   46.08000000   12.92987046
   46.10500000   12.92475828
   46.13000000   12.91868758
   46.15500000   12.91188249
   46.18000000   12.90413771
   46.20500000   12.89681236
   46.23000000   12.89065203
   46.25500000   12.88507521
   46.28000000   12.87983777
   46.30500000   12.87382131
   46.33000000   12.86723081
   46.35500000   12.86088594
   46.38000000   12.85409705
   46.40500000   12.84549195
   46.43000000   12.83643199
   46.45500000   12.83160967
   46.48000000   12.83189911
   46.50500000   12.83520522
   46.53000000   12.84012056
   46.55500000   12.84523965
   46.58000000   12.85022427
   46.60500000   12.85561368
   46.63000000   12.86151713
   46.65500000   12.87063060
   46.68000000   12.88505096
   46.70500000   12.90262073
   46.73000000   12.91741072
   46.75500000   12.92559157
   46.78000000   12.92647932
   46.80500000   12.92116949
   46.83000000   12.91454777
   46.85500000   12.91260153
   46.88000000   12.91338514
   46.90500000   12.91216187
   46.93000000   12.90657249
   46.95500000   12.89819439
   46.98000000   12.89017783
   47.00500000   12.88573669
   47.03000000   12.88673566
   47.05500000   12.89253183
   47.08000000   12.90125117
   47.10500000   12.90934416
   47.13000000   12.91627580
   47.15500000   12.92410211
   47.18000000   12.93520166
   47.20500000   12.94950444
   47.23000000   12.96273206
   47.25500000   12.97385743
   47.28000000   12.98406173
   47.30500000   12.99231488
   47.33000000   12.99672985
   47.35500000   12.99756678
   47.38000000   12.99556291
   47.40500000   12.99168071
   47.43000000   12.98682634
   47.45500000   12.98227082
   47.48000000   12.97808187
   47.50500000   12.97338116
   47.53000000   12.96970057
   47.55500000   12.96994002
   47.58000000   12.97532229
   47.60500000   12.98709648
   47.63000000   13.00595978
   47.65500000   13.03084133
   47.68000000   13.06031738
   47.70500000   13.09248636
   47.73000000   13.12442711
   47.75500000   13.15330351
   47.78000000   13.17608448
   47.80500000   13.19085708
   47.83000000   13.19883452
   47.85500000   13.20336787
   47.88000000   13.20777221
   47.90500000   13.21146704
   47.93000000   13.21333189
   47.95500000   13.21238683
   47.98000000   13.20707135
   48.00500000   13.19934801
   48.03000000   13.19437204
   48.05500000   13.19657555
   48.08000000   13.20726307
   48.10500000   13.22249682
   48.13000000   13.23655811
   48.15500000   13.24530065
   48.18000000   13.24763326
   48.20500000   13.24351152
   48.23000000   13.23593788
   48.25500000   13.22915868
   48.28000000   13.22235846
   48.30500000   13.21675175
   48.33000000   13.21655037
   48.35500000   13.22189937
   48.38000000   13.23188801
   48.40500000   13.24539031
   48.43000000   13.25992794
   48.45500000   13.27286969
   48.48000000   13.28385542
   48.50500000   13.29418336
   48.53000000   13.30496275
   48.55500000   13.31556338
   48.58000000   13.32349747
   48.60500000   13.32989572
   48.63000000   13.33706542
   48.65500000   13.34253677
   48.68000000   13.34221295
   48.70500000   13.33453391
   48.73000000   13.32077388
   48.75500000   13.30321590
   48.78000000   13.28483882
   48.80500000   13.26898420
   48.83000000   13.25813376
   48.85500000   13.25215743
   48.88000000   13.24898870
   48.90500000   13.24662102
   48.93000000   13.24534935
   48.95500000   13.24500305
   48.98000000   13.24387271
   49.00500000   13.24024627
   49.03000000   13.23697196
   49.05500000   13.23755727
   49.08000000   13.24002176
   49.10500000   13.24339881
   49.13000000   13.24911897
   49.15500000   13.25801259
   49.18000000   13.26876194
   49.20500000   13.27980687
   49.23000000   13.29082997
   49.25500000   13.30259127
   49.28000000   13.31684449
   49.30500000   13.33579227
   49.33000000   13.35967256
   49.35500000   13.38846611
   49.38000000   13.42300321
   49.40500000   13.45949824
   49.43000000   13.49268740
   49.45500000   13.52120752
   49.48000000   13.54635500
   49.50500000   13.56938433
   49.53000000   13.59152529
   49.55500000   13.61301097
   49.58000000   13.63480790
   49.60500000   13.65969752
   49.63000000   13.68882935
   49.65500000   13.71985452
   49.68000000   13.74897104
   49.70500000   13.77301728
   49.73000000   13.79062514
   49.75500000   13.80221807
   49.78000000   13.80770976
   49.80500000   13.80505668
   49.83000000   13.79617823
   49.85500000   13.78851565
   49.88000000   13.78722920
   49.90500000   13.79038094
   49.93000000   13.79347131
   49.95500000   13.79428365
   49.98000000   13.79644850
