    0.00500000    0.00006297
    0.03000000    0.00221998
    0.05500000    0.00712990
    0.08000000    0.01413173
    0.10500000    0.02243461
    0.13000000    0.03134692
    0.15500000    0.04047123
    0.18000000    0.04929358
    0.20500000    0.05738746
    0.23000000    0.06472782
    0.25500000    0.07158748
    0.28000000    0.07834800
    0.30500000    0.08545218
    0.33000000    0.09309255
    0.35500000    0.10084595
    0.38000000    0.10857747
    0.40500000    0.11639947
    0.43000000    0.12412265
    0.45500000    0.13166047
    0.48000000    0.13915791
    0.50500000    0.14662328
    0.53000000    0.15418804
    0.55500000    0.16189354
    0.58000000    0.16979456
    0.60500000    0.17788182
    0.63000000    0.18584021
    0.65500000    0.19345752
    0.68000000    0.20061900
    0.70500000    0.20701799
    0.73000000    0.21264988
    0.75500000    0.21814357
    0.78000000    0.22374379
    0.80500000    0.22942315
    0.83000000    0.23498247
    0.85500000    0.24041910
    0.88000000    0.24586395
    0.90500000    0.25170665
    0.93000000    0.25800879
    0.95500000    0.26440404
    0.98000000    0.27071185
    1.00500000    0.27681289
    1.03000000    0.28253869
    1.05500000    0.28786996
    1.08000000    0.29288271
    1.10500000    0.29804759
    1.13000000    0.30367793
    1.15500000    0.30992410
    1.18000000    0.31666292
    1.20500000    0.32355658
    1.23000000    0.33054926
    1.25500000    0.33771095
    1.28000000    0.34438554
    1.30500000    0.35018812
    1.33000000    0.35551289
    1.35500000    0.36066672
    1.38000000    0.36606644
    1.40500000    0.37215450
    1.43000000    0.37904597
    1.45500000    0.38621400
    1.48000000    0.39337656
    1.50500000    0.40023042
    1.53000000    0.40620819
    1.55500000    0.41103047
    1.58000000    0.41504744
    1.60500000    0.41862508
    1.63000000    0.42176433
    1.65500000    0.42473745
    1.68000000    0.42826153
    1.70500000    0.43291305
    1.73000000    0.43879704
    1.75500000    0.44538431
    1.78000000    0.45165288
    1.80500000    0.45677188
    1.83000000    0.46096826
    1.85500000    0.46520758
    1.88000000    0.46986283
    1.90500000    0.47447109
    1.93000000    0.47862444
    1.95500000    0.48275049
    1.98000000    0.48731667
    2.00500000    0.49262098
    2.03000000    0.49861122
    2.05500000    0.50464051
    2.08000000    0.51028556
    2.10500000    0.51523680
    2.13000000    0.51991109
    2.15500000    0.52510520
    2.18000000    0.53040472
    2.20500000    0.53492816
    2.23000000    0.53902105
    2.25500000    0.54333346
    2.28000000    0.54820723
    2.30500000    0.55420375
    2.33000000    0.56183423
    2.35500000    0.57077895
    2.38000000    0.57956462
    2.40500000    0.58644185
    2.43000000    0.59119123
    2.45500000    0.59441378
    2.48000000    0.59682040
    2.50500000    0.59960694
    2.53000000    0.60329999
    2.55500000    0.60837469
    2.58000000    0.61498357
    2.60500000    0.62261531
    2.63000000    0.63101050
    2.65500000    0.64030528
    2.68000000    0.64996609
    2.70500000    0.65957900
    2.73000000    0.66859857
    2.75500000    0.67612433
    2.78000000    0.68192512
    2.80500000    0.68682418
    2.83000000    0.69205339
    2.85500000    0.69843396
    2.88000000    0.70569560
    2.90500000    0.71333393
    2.93000000    0.72114244
    2.95500000    0.72880038
    2.98000000    0.73624695
    3.00500000    0.74336148
    3.03000000    0.75008600
    3.05500000    0.75660801
    3.08000000    0.76294114
    3.10500000    0.76931082
    3.13000000    0.77626162
    3.15500000    0.78404828
    3.18000000    0.79150888
    3.20500000    0.79757809
    3.23000000    0.80233149
    3.25500000    0.80646654
    3.28000000    0.81057076
    3.30500000    0.81533204
    3.33000000    0.82102272
    3.35500000    0.82712099
    3.38000000    0.83293560
    3.40500000    0.83873189
    3.43000000    0.84524457
    3.45500000    0.85227555
    3.48000000    0.85918963
    3.50500000    0.86539504
    3.53000000    0.87063967
    3.55500000    0.87497137
    3.58000000    0.87913335
    3.60500000    0.88303466
    3.63000000    0.88573133
    3.65500000    0.88735667
    3.68000000    0.88879797
    3.70500000    0.89080416
    3.73000000    0.89365265
    3.75500000    0.89771063
    3.78000000    0.90326682
    3.80500000    0.91047210
    3.83000000    0.91920296
    3.85500000    0.92941277
    3.88000000    0.94091138
    3.90500000    0.95235928
    3.93000000    0.96193165
    3.95500000    0.96860283
    3.98000000    0.97294591
    4.00500000    0.97654365
    4.03000000    0.98038625
    4.05500000    0.98577283
    4.08000000    0.99312205
    4.10500000    1.00125426
    4.13000000    1.00824722
    4.15500000    1.01262137
    4.18000000    1.01476060
    4.20500000    1.01616036
    4.23000000    1.01829092
    4.25500000    1.02248134
    4.28000000    1.02920596
    4.30500000    1.03807097
    4.33000000    1.04816568
    4.35500000    1.05879721
    4.38000000    1.06948863
    4.40500000    1.07979564
    4.43000000    1.08923468
    4.45500000    1.09706600
    4.48000000    1.10319487
    4.50500000    1.10759995
    4.53000000    1.11037666
    4.55500000    1.11243733
    4.58000000    1.11497649
    4.60500000    1.11894984
    4.63000000    1.12442536
    4.65500000    1.13083069
    4.68000000    1.13770775
    4.70500000    1.14437339
    4.73000000    1.14988988
    4.75500000    1.15373419
    4.78000000    1.15602720
    4.80500000    1.15712751
    4.83000000    1.15650261
    4.85500000    1.15383809
    4.88000000    1.15088683
    4.90500000    1.14969118
    4.93000000    1.15073884
    4.95500000    1.15333505
    4.98000000    1.15643027
    5.00500000    1.15936517
    5.03000000    1.16160961
    5.05500000    1.16341449
    5.08000000    1.16467525
    5.10500000    1.16463341
    5.13000000    1.16346956
    5.15500000    1.16272288
    5.18000000    1.16346872
    5.20500000    1.16569830
    5.23000000    1.16944222
    5.25500000    1.17446785
    5.28000000    1.18055259
    5.30500000    1.18743260
    5.33000000    1.19417798
    5.35500000    1.20001983
    5.38000000    1.20489475
    5.40500000    1.20907773
    5.43000000    1.21284628
    5.45500000    1.21633116
    5.48000000    1.21948185
    5.50500000    1.22230066
    5.53000000    1.22571931
    5.55500000    1.23086003
    5.58000000    1.23732701
    5.60500000    1.24420394
    5.63000000    1.24992606
    5.65500000    1.25338793
    5.68000000    1.25550120
    5.70500000    1.25728494
    5.73000000    1.25962360
    5.75500000    1.26321001
    5.78000000    1.26789913
    5.80500000    1.27413574
    5.83000000    1.28256778
    5.85500000    1.29251273
    5.88000000    1.30270758
    5.90500000    1.31283126
    5.93000000    1.32350626
    5.95500000    1.33497438
    5.98000000    1.34660669
    6.00500000    1.35802673
    6.03000000    1.36820252
    6.05500000    1.37628621
    6.08000000    1.38174572
    6.10500000    1.38416664
    6.13000000    1.38437378
    6.15500000    1.38422103
    6.18000000    1.38582843
    6.20500000    1.39078191
    6.23000000    1.39941096
    6.25500000    1.41037999
    6.28000000    1.42152261
    6.30500000    1.43152524
    6.33000000    1.44023766
    6.35500000    1.44855988
    6.38000000    1.45816386
    6.40500000    1.46938705
    6.43000000    1.48045638
    6.45500000    1.48953554
    6.48000000    1.49713172
    6.50500000    1.50467487
    6.53000000    1.51279546
    6.55500000    1.52141926
    6.58000000    1.52955275
    6.60500000    1.53688060
    6.63000000    1.54412126
    6.65500000    1.55137035
    6.68000000    1.55885281
    6.70500000    1.56780642
    6.73000000    1.57887312
    6.75500000    1.59141226
    6.78000000    1.60417681
    6.80500000    1.61616606
    6.83000000    1.62748106
    6.85500000    1.63850220
    6.88000000    1.64879112
    6.90500000    1.65812717
    6.93000000    1.66703214
    6.95500000    1.67564645
    6.98000000    1.68407148
    7.00500000    1.69290208
    7.03000000    1.70097589
    7.05500000    1.70670691
    7.08000000    1.71067326
    7.10500000    1.71470327
    7.13000000    1.72099139
    7.15500000    1.72993956
    7.18000000    1.74107715
    7.20500000    1.75364256
    7.23000000    1.76582868
    7.25500000    1.77587087
    7.28000000    1.78381209
    7.30500000    1.79088498
    7.33000000    1.79822755
    7.35500000    1.80622623
    7.38000000    1.81468644
    7.40500000    1.82369227
    7.43000000    1.83297027
    7.45500000    1.84215148
    7.48000000    1.85167414
    7.50500000    1.86182619
    7.53000000    1.87133609
    7.55500000    1.87941959
    7.58000000    1.88649863
    7.60500000    1.89357930
    7.63000000    1.90248987
    7.65500000    1.91456754
    7.68000000    1.92891305
    7.70500000    1.94419327
    7.73000000    1.95934279
    7.75500000    1.97437217
    7.78000000    1.98978909
    7.80500000    2.00528418
    7.83000000    2.01972660
    7.85500000    2.03195872
    7.88000000    2.04163487
    7.90500000    2.04923138
    7.93000000    2.05562325
    7.95500000    2.06241100
    7.98000000    2.07028283
    8.00500000    2.07890739
    8.03000000    2.08787093
    8.05500000    2.09690961
    8.08000000    2.10534019
    8.10500000    2.11265956
    8.13000000    2.11843717
    8.15500000    2.12239254
    8.18000000    2.12482714
    8.20500000    2.12731812
    8.23000000    2.13147206
    8.25500000    2.13718657
    8.28000000    2.14324423
    8.30500000    2.14906677
    8.33000000    2.15536407
    8.35500000    2.16273076
    8.38000000    2.17124670
    8.40500000    2.17963028
    8.43000000    2.18607590
    8.45500000    2.19013977
    8.48000000    2.19278232
    8.50500000    2.19511454
    8.53000000    2.19791390
    8.55500000    2.20091275
    8.58000000    2.20322837
    8.60500000    2.20547746
    8.63000000    2.20924186
    8.65500000    2.21579848
    8.68000000    2.22567212
    8.70500000    2.23815364
    8.73000000    2.25143146
    8.75500000    2.26353687
    8.78000000    2.27351758
    8.80500000    2.28087361
    8.83000000    2.28630346
    8.85500000    2.29146745
    8.88000000    2.29687238
    8.90500000    2.30197903
    8.93000000    2.30639042
    8.95500000    2.31066136
    8.98000000    2.31540765
    9.00500000    2.31970128
    9.03000000    2.32287217
    9.05500000    2.32551367
    9.08000000    2.32849510
    9.10500000    2.33220691
    9.13000000    2.33655875
    9.15500000    2.34162933
    9.18000000    2.34681771
    9.20500000    2.35119467
    9.23000000    2.35529629
    9.25500000    2.36073313
    9.28000000    2.36859511
    9.30500000    2.37891156
    9.33000000    2.39085831
    9.35500000    2.40262756
    9.38000000    2.41151192
    9.40500000    2.41706191
    9.43000000    2.42202787
    9.45500000    2.42894825
    9.48000000    2.43767346
    9.50500000    2.44640515
    9.53000000    2.45350405
    9.55500000    2.45833736
    9.58000000    2.45990174
    9.60500000    2.45849201
    9.63000000    2.45685465
    9.65500000    2.45785414
    9.68000000    2.46203756
    9.70500000    2.46788683
    9.73000000    2.47332836
    9.75500000    2.47642130
    9.78000000    2.47725014
    9.80500000    2.47756095
    9.83000000    2.47897660
    9.85500000    2.48206558
    9.88000000    2.48743184
    9.90500000    2.49538382
    9.93000000    2.50383039
    9.95500000    2.51040376
    9.98000000    2.51525672
   10.00500000    2.52015443
   10.03000000    2.52711534
   10.05500000    2.53733022
   10.08000000    2.55076794
   10.10500000    2.56578378
   10.13000000    2.58015752
   10.15500000    2.59290044
   10.18000000    2.60433188
   10.20500000    2.61526444
   10.23000000    2.62617536
   10.25500000    2.63635231
   10.28000000    2.64439400
   10.30500000    2.64954764
   10.33000000    2.65218617
   10.35500000    2.65225217
   10.38000000    2.65024414
   10.40500000    2.64718375
   10.43000000    2.64363273
   10.45500000    2.64037328
   10.48000000    2.63878181
   10.50500000    2.63986771
   10.53000000    2.64305202
   10.55500000    2.64757546
   10.58000000    2.65366560
   10.60500000    2.66144609
   10.63000000    2.67004101
   10.65500000    2.67851178
   10.68000000    2.68694336
   10.70500000    2.69481532
   10.73000000    2.70073619
   10.75500000    2.70479508
   10.78000000    2.70917793
   10.80500000    2.71497760
   10.83000000    2.72183194
   10.85500000    2.72938056
   10.88000000    2.73670556
   10.90500000    2.74310627
   10.93000000    2.74885849
   10.95500000    2.75332670
   10.98000000    2.75577383
   11.00500000    2.75718452
   11.03000000    2.75943031
   11.05500000    2.76383873
   11.08000000    2.76987209
   11.10500000    2.77674421
   11.13000000    2.78336041
   11.15500000    2.78828220
   11.18000000    2.79090751
   11.20500000    2.79177772
   11.23000000    2.79147267
   11.25500000    2.79118570
   11.28000000    2.79273343
   11.30500000    2.79741157
   11.33000000    2.80453399
   11.35500000    2.81214306
   11.38000000    2.81845835
   11.40500000    2.82207100
   11.43000000    2.82308227
   11.45500000    2.82311289
   11.48000000    2.82248447
   11.50500000    2.82111170
   11.53000000    2.81986673
   11.55500000    2.82010848
   11.58000000    2.82204533
   11.60500000    2.82447468
   11.63000000    2.82744925
   11.65500000    2.83218913
   11.68000000    2.83880217
   11.70500000    2.84672415
   11.73000000    2.85459468
   11.75500000    2.86173614
   11.78000000    2.86899731
   11.80500000    2.87799125
   11.83000000    2.88958794
   11.85500000    2.90301999
   11.88000000    2.91631990
   11.90500000    2.92698971
   11.93000000    2.93409279
   11.95500000    2.93901119
   11.98000000    2.94335798
   12.00500000    2.94724621
   12.03000000    2.95051870
   12.05500000    2.95344715
   12.08000000    2.95612825
   12.10500000    2.95816035
   12.13000000    2.95993432
   12.15500000    2.96254158
   12.18000000    2.96689292
   12.20500000    2.97307343
   12.23000000    2.98021741
   12.25500000    2.98712563
   12.28000000    2.99370123
   12.30500000    3.00030588
   12.33000000    3.00623720
   12.35500000    3.01018227
   12.38000000    3.01193853
   12.40500000    3.01357803
   12.43000000    3.01610072
   12.45500000    3.01960221
   12.48000000    3.02353901
   12.50500000    3.02645164
   12.53000000    3.02789627
   12.55500000    3.02948924
   12.58000000    3.03370366
   12.60500000    3.04117874
   12.63000000    3.05155070
   12.65500000    3.06375771
   12.68000000    3.07399207
   12.70500000    3.07926557
   12.73000000    3.08088413
   12.75500000    3.08114921
   12.78000000    3.08095446
   12.80500000    3.08218381
   12.83000000    3.08688569
   12.85500000    3.09606466
   12.88000000    3.10905688
   12.90500000    3.12336894
   12.93000000    3.13730973
   12.95500000    3.15065216
   12.98000000    3.16307505
   13.00500000    3.17256921
   13.03000000    3.17881889
   13.05500000    3.18311881
   13.08000000    3.18677057
   13.10500000    3.19100338
   13.13000000    3.19685861
   13.15500000    3.20417874
   13.18000000    3.21151891
   13.20500000    3.21774426
   13.23000000    3.22328367
   13.25500000    3.22910116
   13.28000000    3.23518268
   13.30500000    3.24120653
   13.33000000    3.24716478
   13.35500000    3.25332390
   13.38000000    3.26038172
   13.40500000    3.26739061
   13.43000000    3.27094334
   13.45500000    3.26964021
   13.48000000    3.26466744
   13.50500000    3.25781680
   13.53000000    3.25204270
   13.55500000    3.24929549
   13.58000000    3.24978987
   13.60500000    3.25273496
   13.63000000    3.25755431
   13.65500000    3.26398757
   13.68000000    3.27112070
   13.70500000    3.27650696
   13.73000000    3.27880628
   13.75500000    3.27918430
   13.78000000    3.27925085
   13.80500000    3.28115342
   13.83000000    3.28622021
   13.85500000    3.29334304
   13.88000000    3.29992498
   13.90500000    3.30468735
   13.93000000    3.30834692
   13.95500000    3.31118165
   13.98000000    3.31333159
   14.00500000    3.31556704
   14.03000000    3.31922341
   14.05500000    3.32460427
   14.08000000    3.33049873
   14.10500000    3.33504220
   14.13000000    3.33679658
   14.15500000    3.33513264
   14.18000000    3.33034430
   14.20500000    3.32339261
   14.23000000    3.31553338
   14.25500000    3.30791384
   14.28000000    3.30208925
   14.30500000    3.30070581
   14.33000000    3.30522155
   14.35500000    3.31434370
   14.38000000    3.32458836
   14.40500000    3.33423356
   14.43000000    3.34220037
   14.45500000    3.34691051
   14.48000000    3.34849741
   14.50500000    3.34703184
   14.53000000    3.34143896
   14.55500000    3.33305302
   14.58000000    3.32556926
   14.60500000    3.32017521
   14.63000000    3.31638658
   14.65500000    3.31456085
   14.68000000    3.31535832
   14.70500000    3.31893583
   14.73000000    3.32674921
   14.75500000    3.34005129
   14.78000000    3.35718020
   14.80500000    3.37509796
   14.83000000    3.39149444
   14.85500000    3.40602177
   14.88000000    3.42023293
   14.90500000    3.43430659
   14.93000000    3.44769452
   14.95500000    3.46022278
   14.98000000    3.47170760
   15.00500000    3.48204273
   15.03000000    3.49097865
   15.05500000    3.49922468
   15.08000000    3.50749680
   15.10500000    3.51664676
   15.13000000    3.52740027
   15.15500000    3.53882475
   15.18000000    3.54863735
   15.20500000    3.55615533
   15.23000000    3.56151540
   15.25500000    3.56556698
   15.28000000    3.56941432
   15.30500000    3.57339726
   15.33000000    3.57879423
   15.35500000    3.58653412
   15.38000000    3.59555801
   15.40500000    3.60435841
   15.43000000    3.61227836
   15.45500000    3.61956524
   15.48000000    3.62615280
   15.50500000    3.63167133
   15.53000000    3.63714409
   15.55500000    3.64324790
   15.58000000    3.64924276
   15.60500000    3.65554486
   15.63000000    3.66226969
   15.65500000    3.67029548
   15.68000000    3.68192626
   15.70500000    3.69697427
   15.73000000    3.71395291
   15.75500000    3.73122774
   15.78000000    3.74874238
   15.80500000    3.76693637
   15.83000000    3.78559612
   15.85500000    3.80488415
   15.88000000    3.82428011
   15.90500000    3.84162819
   15.93000000    3.85484038
   15.95500000    3.86354126
   15.98000000    3.86909151
   16.00500000    3.87360005
   16.03000000    3.87824602
   16.05500000    3.88342202
   16.08000000    3.89062064
   16.10500000    3.90032722
   16.13000000    3.90985569
   16.15500000    3.91698806
   16.18000000    3.92109854
   16.20500000    3.92257750
   16.23000000    3.92237165
   16.25500000    3.92159593
   16.28000000    3.92189233
   16.30500000    3.92630790
   16.33000000    3.93640966
   16.35500000    3.95050380
   16.38000000    3.96623440
   16.40500000    3.98208539
   16.43000000    3.99732858
   16.45500000    4.01237692
   16.48000000    4.02698653
   16.50500000    4.04073062
   16.53000000    4.05393813
   16.55500000    4.06575333
   16.58000000    4.07491884
   16.60500000    4.08097614
   16.63000000    4.08424381
   16.65500000    4.08599237
   16.68000000    4.08807672
   16.70500000    4.09313768
   16.73000000    4.10324543
   16.75500000    4.11794771
   16.78000000    4.13467098
   16.80500000    4.15192338
   16.83000000    4.16962754
   16.85500000    4.18691401
   16.88000000    4.20225502
   16.90500000    4.21488545
   16.93000000    4.22476662
   16.95500000    4.23227916
   16.98000000    4.23682459
   17.00500000    4.23732982
   17.03000000    4.23509759
   17.05500000    4.23190756
   17.08000000    4.22973358
   17.10500000    4.22917593
   17.13000000    4.22880280
   17.15500000    4.22808348
   17.18000000    4.22801861
   17.20500000    4.23083206
   17.23000000    4.23739563
   17.25500000    4.24636139
   17.28000000    4.25605099
   17.30500000    4.26472218
   17.33000000    4.27276607
   17.35500000    4.28064226
   17.38000000    4.28775450
   17.40500000    4.29431416
   17.43000000    4.30069225
   17.45500000    4.30537394
   17.48000000    4.30641437
   17.50500000    4.30435156
   17.53000000    4.30122080
   17.55500000    4.29965195
   17.58000000    4.30116868
   17.60500000    4.30472909
   17.63000000    4.30832861
   17.65500000    4.31157166
   17.68000000    4.31469293
   17.70500000    4.31722222
   17.73000000    4.31868421
   17.75500000    4.31879840
   17.78000000    4.31714827
   17.80500000    4.31540013
   17.83000000    4.31479341
   17.85500000    4.31456383
   17.88000000    4.31544423
   17.90500000    4.31969121
   17.93000000    4.32874782
   17.95500000    4.34299616
   17.98000000    4.36183294
   18.00500000    4.38302024
   18.03000000    4.40328613
   18.05500000    4.41993563
   18.08000000    4.43232542
   18.10500000    4.44210465
   18.13000000    4.45010604
   18.15500000    4.45655239
   18.18000000    4.46057534
   18.20500000    4.45954977
   18.23000000    4.45452074
   18.25500000    4.45068495
   18.28000000    4.45137777
   18.30500000    4.45539044
   18.33000000    4.46045269
   18.35500000    4.46528897
   18.38000000    4.47041985
   18.40500000    4.47495695
   18.43000000    4.47727723
   18.45500000    4.47841675
   18.48000000    4.48076614
   18.50500000    4.48600228
   18.53000000    4.49510984
   18.55500000    4.50752181
   18.58000000    4.52202956
   18.60500000    4.53792531
   18.63000000    4.55482335
   18.65500000    4.57264881
   18.68000000    4.59064883
   18.70500000    4.60662538
   18.73000000    4.61980236
   18.75500000    4.63088267
   18.78000000    4.64017102
   18.80500000    4.64676417
   18.83000000    4.65026940
   18.85500000    4.65151683
   18.88000000    4.65242993
   18.90500000    4.65430311
   18.93000000    4.65654498
   18.95500000    4.65901264
   18.98000000    4.66279000
   19.00500000    4.66902346
   19.03000000    4.67786856
   19.05500000    4.68849598
   19.08000000    4.70022290
   19.10500000    4.71239056
   19.13000000    4.72453727
   19.15500000    4.73622236
   19.18000000    4.74649587
   19.20500000    4.75385803
   19.23000000    4.75918091
   19.25500000    4.76376923
   19.28000000    4.76809013
   19.30500000    4.77415198
   19.33000000    4.78335955
   19.35500000    4.79438812
   19.38000000    4.80673558
   19.40500000    4.82144110
   19.43000000    4.83739641
   19.45500000    4.85202897
   19.48000000    4.86546471
   19.50500000    4.88049344
   19.53000000    4.89821750
   19.55500000    4.91596555
   19.58000000    4.93191128
   19.60500000    4.94510520
   19.63000000    4.95507109
   19.65500000    4.96246250
   19.68000000    4.96716644
   19.70500000    4.96870003
   19.73000000    4.96725977
   19.75500000    4.96570356
   19.78000000    4.96679458
   19.80500000    4.97060693
   19.83000000    4.97672954
   19.85500000    4.98370973
   19.88000000    4.98890530
   19.90500000    4.99206809
   19.93000000    4.99512335
   19.95500000    4.99957935
   19.98000000    5.00602873
   20.00500000    5.01432467
   20.03000000    5.02304669
   20.05500000    5.03163509
   20.08000000    5.04190236
   20.10500000    5.05548475
   20.13000000    5.07144451
   20.15500000    5.08797822
   20.18000000    5.10451644
   20.20500000    5.12072268
   20.23000000    5.13658966
   20.25500000    5.15226521
   20.28000000    5.16899307
   20.30500000    5.18738502
   20.33000000    5.20522917
   20.35500000    5.21982996
   20.38000000    5.23031467
   20.40500000    5.23687139
   20.43000000    5.24079127
   20.45500000    5.24290149
   20.48000000    5.24358663
   20.50500000    5.24392283
   20.53000000    5.24422433
   20.55500000    5.24471332
   20.58000000    5.24601810
   20.60500000    5.24927163
   20.63000000    5.25453834
   20.65500000    5.25985770
   20.68000000    5.26425758
   20.70500000    5.26925236
   20.73000000    5.27704703
   20.75500000    5.28962201
   20.78000000    5.30782005
   20.80500000    5.32862866
   20.83000000    5.34862709
   20.85500000    5.36715869
   20.88000000    5.38365402
   20.90500000    5.39731093
   20.93000000    5.40754823
   20.95500000    5.41492050
   20.98000000    5.42161677
   21.00500000    5.42751928
   21.03000000    5.43154221
   21.05500000    5.43464361
   21.08000000    5.43822412
   21.10500000    5.44302877
   21.13000000    5.44733358
   21.15500000    5.44847722
   21.18000000    5.44704701
   21.20500000    5.44574459
   21.23000000    5.44615946
   21.25500000    5.44896269
   21.28000000    5.45543070
   21.30500000    5.46606286
   21.33000000    5.48001695
   21.35500000    5.49532715
   21.38000000    5.50850986
   21.40500000    5.51830336
   21.43000000    5.52585125
   21.45500000    5.53117290
   21.48000000    5.53319559
   21.50500000    5.53241886
   21.53000000    5.53051965
   21.55500000    5.52837988
   21.58000000    5.52547920
   21.60500000    5.52271480
   21.63000000    5.52119195
   21.65500000    5.52062659
   21.68000000    5.52060966
   21.70500000    5.52120673
   21.73000000    5.52247466
   21.75500000    5.52491594
   21.78000000    5.52842883
   21.80500000    5.53347786
   21.83000000    5.54100254
   21.85500000    5.55096741
   21.88000000    5.56289403
   21.90500000    5.57735220
   21.93000000    5.59485425
   21.95500000    5.61347194
   21.98000000    5.62956974
   22.00500000    5.64186516
   22.03000000    5.65217733
   22.05500000    5.66346390
   22.08000000    5.67675483
   22.10500000    5.69074540
   22.13000000    5.70303729
   22.15500000    5.71239384
   22.18000000    5.71989055
   22.20500000    5.72711778
   22.23000000    5.73444575
   22.25500000    5.74242948
   22.28000000    5.74997877
   22.30500000    5.75591200
   22.33000000    5.76138363
   22.35500000    5.76586333
   22.38000000    5.76743752
   22.40500000    5.76717137
   22.43000000    5.76760863
   22.45500000    5.76928871
   22.48000000    5.76994017
   22.50500000    5.76779947
   22.53000000    5.76483445
   22.55500000    5.76266251
   22.58000000    5.76123541
   22.60500000    5.76087973
   22.63000000    5.76200315
   22.65500000    5.76405677
   22.68000000    5.76562885
   22.70500000    5.76729035
   22.73000000    5.77074669
   22.75500000    5.77666378
   22.78000000    5.78275326
   22.80500000    5.78615691
   22.83000000    5.78624199
   22.85500000    5.78552347
   22.88000000    5.78843198
   22.90500000    5.79720404
   22.93000000    5.81109221
   22.95500000    5.82658403
   22.98000000    5.84033906
   23.00500000    5.85117336
   23.03000000    5.86005988
   23.05500000    5.86908698
   23.08000000    5.88060318
   23.10500000    5.89637470
   23.13000000    5.91449329
   23.15500000    5.93249288
   23.18000000    5.94836793
   23.20500000    5.96189785
   23.23000000    5.97348437
   23.25500000    5.98208254
   23.28000000    5.98656415
   23.30500000    5.98809388
   23.33000000    5.98808213
   23.35500000    5.98747715
   23.38000000    5.98621528
   23.40500000    5.98459357
   23.43000000    5.98237498
   23.45500000    5.98032775
   23.48000000    5.97845395
   23.50500000    5.97906398
   23.53000000    5.98449004
   23.55500000    5.99314531
   23.58000000    6.00249348
   23.60500000    6.00995549
   23.63000000    6.01398837
   23.65500000    6.01745062
   23.68000000    6.02352226
   23.70500000    6.03261342
   23.73000000    6.04419707
   23.75500000    6.05760980
   23.78000000    6.07146608
   23.80500000    6.08434295
   23.83000000    6.09648233
   23.85500000    6.10888819
   23.88000000    6.12119512
   23.90500000    6.13212197
   23.93000000    6.13991950
   23.95500000    6.14498416
   23.98000000    6.14892123
   24.00500000    6.15307413
   24.03000000    6.15783252
   24.05500000    6.16308267
   24.08000000    6.16935837
   24.10500000    6.17655681
   24.13000000    6.18246046
   24.15500000    6.18568713
   24.18000000    6.19001584
   24.20500000    6.19690329
   24.23000000    6.20335556
   24.25500000    6.20866927
   24.28000000    6.21375513
   24.30500000    6.22013087
   24.33000000    6.22969109
   24.35500000    6.24152778
   24.38000000    6.25269687
   24.40500000    6.26020764
   24.43000000    6.26482929
   24.45500000    6.27022823
   24.48000000    6.27789945
   24.50500000    6.28845525
   24.53000000    6.30196428
   24.55500000    6.31428442
   24.58000000    6.32237246
   24.60500000    6.32651499
   24.63000000    6.32868981
   24.65500000    6.33025368
   24.68000000    6.33161827
   24.70500000    6.33332717
   24.73000000    6.33495699
   24.75500000    6.33629655
   24.78000000    6.33794259
   24.80500000    6.34103382
   24.83000000    6.34605343
   24.85500000    6.35214366
   24.88000000    6.35918929
   24.90500000    6.36622970
   24.93000000    6.37127817
   24.95500000    6.37431560
   24.98000000    6.37692969
   25.00500000    6.37890628
   25.03000000    6.37846862
   25.05500000    6.37606140
   25.08000000    6.37583548
   25.10500000    6.38164332
   25.13000000    6.39497952
   25.15500000    6.41394680
   25.18000000    6.43332220
   25.20500000    6.44870861
   25.23000000    6.45977483
   25.25500000    6.46885374
   25.28000000    6.47656667
   25.30500000    6.48313080
   25.33000000    6.49012518
   25.35500000    6.49803605
   25.38000000    6.50695013
   25.40500000    6.51709288
   25.43000000    6.52835809
   25.45500000    6.53891423
   25.48000000    6.54690028
   25.50500000    6.55333494
   25.53000000    6.56069132
   25.55500000    6.57196327
   25.58000000    6.58796945
   25.60500000    6.60589608
   25.63000000    6.62565897
   25.65500000    6.64750833
   25.68000000    6.66894514
   25.70500000    6.68824344
   25.73000000    6.70278553
   25.75500000    6.70982442
   25.78000000    6.70920704
   25.80500000    6.70374901
   25.83000000    6.69673002
   25.85500000    6.69043170
   25.88000000    6.68728218
   25.90500000    6.68818356
   25.93000000    6.69178334
   25.95500000    6.69500920
   25.98000000    6.69705213
   26.00500000    6.69881398
   26.03000000    6.70044861
   26.05500000    6.70261169
   26.08000000    6.70671603
   26.10500000    6.71051572
   26.13000000    6.70995250
   26.15500000    6.70664225
   26.18000000    6.70318169
   26.20500000    6.69819254
   26.23000000    6.68942101
   26.25500000    6.67713056
   26.28000000    6.66259861
   26.30500000    6.64802617
   26.33000000    6.63624210
   26.35500000    6.62824932
   26.38000000    6.62421878
   26.40500000    6.62329719
   26.43000000    6.62357985
   26.45500000    6.62416373
   26.48000000    6.62541770
   26.50500000    6.62712959
   26.53000000    6.62760036
   26.55500000    6.62636649
   26.58000000    6.62433705
   26.60500000    6.62197338
   26.63000000    6.61945749
   26.65500000    6.61767709
   26.68000000    6.61716598
   26.70500000    6.61849097
   26.73000000    6.62240451
   26.75500000    6.62690098
   26.78000000    6.62969465
   26.80500000    6.63008528
   26.83000000    6.62857180
   26.85500000    6.62747874
   26.88000000    6.62993984
   26.90500000    6.63747030
   26.93000000    6.64788236
   26.95500000    6.65751889
   26.98000000    6.66428773
   27.00500000    6.67075461
   27.03000000    6.67941225
   27.05500000    6.68720618
   27.08000000    6.69166975
   27.10500000    6.69399186
   27.13000000    6.69601116
   27.15500000    6.69712773
   27.18000000    6.69810061
   27.20500000    6.70082626
   27.23000000    6.70654120
   27.25500000    6.71551531
   27.28000000    6.72629894
   27.30500000    6.73495006
   27.33000000    6.73781240
   27.35500000    6.73569234
   27.38000000    6.73174122
   27.40500000    6.72951397
   27.43000000    6.73160595
   27.45500000    6.73683319
   27.48000000    6.74309533
   27.50500000    6.74992435
   27.53000000    6.75591238
   27.55500000    6.76059281
   27.58000000    6.76612585
   27.60500000    6.77402407
   27.63000000    6.78454315
   27.65500000    6.79781417
   27.68000000    6.81278895
   27.70500000    6.82871841
   27.73000000    6.84496143
   27.75500000    6.86040670
   27.78000000    6.87150386
   27.80500000    6.87441139
   27.83000000    6.86783560
   27.85500000    6.85526610
   27.88000000    6.84111474
   27.90500000    6.82707138
   27.93000000    6.81308040
   27.95500000    6.79915273
   27.98000000    6.78491046
   28.00500000    6.77359720
   28.03000000    6.77039264
   28.05500000    6.77641539
   28.08000000    6.78813558
   28.10500000    6.80037037
   28.13000000    6.80903833
   28.15500000    6.81399137
   28.18000000    6.81677370
   28.20500000    6.81651286
   28.23000000    6.81258781
   28.25500000    6.80783697
   28.28000000    6.80541170
   28.30500000    6.80583461
   28.33000000    6.80987779
   28.35500000    6.81786183
   28.38000000    6.82737354
   28.40500000    6.83607866
   28.43000000    6.84298455
   28.45500000    6.84797218
   28.48000000    6.85192823
   28.50500000    6.85483523
   28.53000000    6.85680334
   28.55500000    6.85939749
   28.58000000    6.86345850
   28.60500000    6.86864798
   28.63000000    6.87471684
   28.65500000    6.88019443
   28.68000000    6.88285758
   28.70500000    6.88269269
   28.73000000    6.88229251
   28.75500000    6.88484067
   28.78000000    6.89271395
   28.80500000    6.90481424
   28.83000000    6.91830135
   28.85500000    6.92828377
   28.88000000    6.93115254
   28.90500000    6.92707135
   28.93000000    6.91609377
   28.95500000    6.89945290
   28.98000000    6.88199094
   29.00500000    6.86731783
   29.03000000    6.85671512
   29.05500000    6.85059897
   29.08000000    6.84854541
   29.10500000    6.84818382
   29.13000000    6.84765038
   29.15500000    6.85010041
   29.18000000    6.85865168
   29.20500000    6.87289173
   29.23000000    6.89103655
   29.25500000    6.91310383
   29.28000000    6.93846154
   29.30500000    6.96491652
   29.33000000    6.98845662
   29.35500000    7.00340047
   29.38000000    7.00984490
   29.40500000    7.01182509
   29.43000000    7.00994132
   29.45500000    7.00287275
   29.48000000    6.99046483
   29.50500000    6.97432262
   29.53000000    6.95658581
   29.55500000    6.93822864
   29.58000000    6.92009803
   29.60500000    6.90267900
   29.63000000    6.88566118
   29.65500000    6.87010259
   29.68000000    6.85840179
   29.70500000    6.85262440
   29.73000000    6.85402425
   29.75500000    6.86245078
   29.78000000    6.87656472
   29.80500000    6.89379728
   29.83000000    6.91145267
   29.85500000    6.92712790
   29.88000000    6.93848088
   29.90500000    6.94454738
   29.93000000    6.94756535
   29.95500000    6.95070408
   29.98000000    6.95598780
   30.00500000    6.96325493
   30.03000000    6.97173726
   30.05500000    6.97909695
   30.08000000    6.98272887
   30.10500000    6.98308687
   30.13000000    6.98143529
   30.15500000    6.97829552
   30.18000000    6.97458937
   30.20500000    6.97010395
   30.23000000    6.96456765
   30.25500000    6.95739510
   30.28000000    6.94783836
   30.30500000    6.93597321
   30.33000000    6.92355153
   30.35500000    6.91444650
   30.38000000    6.91088638
   30.40500000    6.91321632
   30.43000000    6.92116125
   30.45500000    6.93145637
   30.48000000    6.93832922
   30.50500000    6.93790424
   30.53000000    6.93086835
   30.55500000    6.92016673
   30.58000000    6.91040891
   30.60500000    6.90788234
   30.63000000    6.91644926
   30.65500000    6.93371436
   30.68000000    6.95520241
   30.70500000    6.97676269
   30.73000000    6.99527825
   30.75500000    7.01021116
   30.78000000    7.02295883
   30.80500000    7.03295524
   30.83000000    7.03822315
   30.85500000    7.03946843
   30.88000000    7.04168715
   30.90500000    7.04793809
   30.93000000    7.05679508
   30.95500000    7.06460013
   30.98000000    7.06899364
   31.00500000    7.07003383
   31.03000000    7.06922514
   31.05500000    7.06857666
   31.08000000    7.07049777
   31.10500000    7.07465259
   31.13000000    7.07856643
   31.15500000    7.07995402
   31.18000000    7.07843613
   31.20500000    7.07415506
   31.23000000    7.06912017
   31.25500000    7.06783056
   31.28000000    7.07320186
   31.30500000    7.08516306
   31.33000000    7.09933102
   31.35500000    7.11254142
   31.38000000    7.12436008
   31.40500000    7.13448241
   31.43000000    7.14290272
   31.45500000    7.14826002
   31.48000000    7.14957768
   31.50500000    7.14803456
   31.53000000    7.14646164
   31.55500000    7.14708288
   31.58000000    7.15122568
   31.60500000    7.15920075
   31.63000000    7.17139735
   31.65500000    7.18765029
   31.68000000    7.20661102
   31.70500000    7.22492262
   31.73000000    7.23933351
   31.75500000    7.25093063
   31.78000000    7.26130593
   31.80500000    7.27012159
   31.83000000    7.27624976
   31.85500000    7.27931212
   31.88000000    7.27940264
   31.90500000    7.27672278
   31.93000000    7.27337429
   31.95500000    7.27203332
   31.98000000    7.27592643
   32.00500000    7.28641280
   32.03000000    7.29965831
   32.05500000    7.31168916
   32.08000000    7.32224839
   32.10500000    7.33284441
   32.13000000    7.34307002
   32.15500000    7.35318202
   32.18000000    7.36550502
   32.20500000    7.37947824
   32.23000000    7.39061240
   32.25500000    7.39739948
   32.28000000    7.40134386
   32.30500000    7.40259143
   32.33000000    7.40101847
   32.35500000    7.39785011
   32.38000000    7.39622078
   32.40500000    7.39836156
   32.43000000    7.40467818
   32.45500000    7.41502092
   32.48000000    7.42859553
   32.50500000    7.44659675
   32.53000000    7.46892960
   32.55500000    7.49126918
   32.58000000    7.51004061
   32.60500000    7.52376364
   32.63000000    7.53297326
   32.65500000    7.54058070
   32.68000000    7.54977799
   32.70500000    7.56103514
   32.73000000    7.57243362
   32.75500000    7.58045705
   32.78000000    7.58467694
   32.80500000    7.58809972
   32.83000000    7.59186573
   32.85500000    7.59680293
   32.88000000    7.60298827
   32.90500000    7.60867626
   32.93000000    7.61441866
   32.95500000    7.62181688
   32.98000000    7.63105677
   33.00500000    7.64186257
   33.03000000    7.65579080
   33.05500000    7.67556254
   33.08000000    7.70047634
   33.10500000    7.72504965
   33.13000000    7.74450824
   33.15500000    7.75827666
   33.18000000    7.76782289
   33.20500000    7.77446000
   33.23000000    7.78136343
   33.25500000    7.79230125
   33.28000000    7.80665949
   33.30500000    7.82038844
   33.33000000    7.83123920
   33.35500000    7.83960513
   33.38000000    7.84782999
   33.40500000    7.85817018
   33.43000000    7.87128601
   33.45500000    7.88428509
   33.48000000    7.89411273
   33.50500000    7.89914653
   33.53000000    7.89935728
   33.55500000    7.89575952
   33.58000000    7.88876810
   33.60500000    7.87888633
   33.63000000    7.86863691
   33.65500000    7.86115592
   33.68000000    7.85694831
   33.70500000    7.85538372
   33.73000000    7.85566936
   33.75500000    7.85592434
   33.78000000    7.85256794
   33.80500000    7.84358905
   33.83000000    7.83069015
   33.85500000    7.81698265
   33.88000000    7.80547323
   33.90500000    7.79645197
   33.93000000    7.78977921
   33.95500000    7.78739144
   33.98000000    7.79150597
   34.00500000    7.80147548
   34.03000000    7.81369494
   34.05500000    7.82289753
   34.08000000    7.82467029
   34.10500000    7.81938660
   34.13000000    7.80996625
   34.15500000    7.79971228
   34.18000000    7.79168645
   34.20500000    7.78760280
   34.23000000    7.78892804
   34.25500000    7.79581905
   34.28000000    7.80815258
   34.30500000    7.82432526
   34.33000000    7.84162980
   34.35500000    7.85804179
   34.38000000    7.87251459
   34.40500000    7.88556532
   34.43000000    7.89855782
   34.45500000    7.91213993
   34.48000000    7.92619983
   34.50500000    7.94094981
   34.53000000    7.95596785
   34.55500000    7.96921122
   34.58000000    7.97896253
   34.60500000    7.98441206
   34.63000000    7.98747916
   34.65500000    7.99158160
   34.68000000    7.99822999
   34.70500000    8.00758991
   34.73000000    8.01819931
   34.75500000    8.02858597
   34.78000000    8.03847287
   34.80500000    8.04785100
   34.83000000    8.05748221
   34.85500000    8.06677872
   34.88000000    8.07373758
   34.90500000    8.07898231
   34.93000000    8.08412333
   34.95500000    8.08962457
   34.98000000    8.09662124
   35.00500000    8.10578577
   35.03000000    8.11654952
   35.05500000    8.12805637
   35.08000000    8.13933624
   35.10500000    8.15005158
   35.13000000    8.15917085
   35.15500000    8.16699078
   35.18000000    8.17370262
   35.20500000    8.17840026
   35.23000000    8.17933876
   35.25500000    8.17620288
   35.28000000    8.17212144
   35.30500000    8.17102142
   35.33000000    8.17346150
   35.35500000    8.17740292
   35.38000000    8.18174654
   35.40500000    8.18660559
   35.43000000    8.19158008
   35.45500000    8.19652171
   35.48000000    8.20437343
   35.50500000    8.21851717
   35.53000000    8.23913352
   35.55500000    8.26186623
   35.58000000    8.28055188
   35.60500000    8.29317573
   35.63000000    8.30192619
   35.65500000    8.31047714
   35.68000000    8.32089526
   35.70500000    8.33219330
   35.73000000    8.34317848
   35.75500000    8.35624023
   35.78000000    8.37312441
   35.80500000    8.39092192
   35.83000000    8.40483529
   35.85500000    8.41336398
   35.88000000    8.41690958
   35.90500000    8.41708184
   35.93000000    8.41607030
   35.95500000    8.41521265
   35.98000000    8.41617110
   36.00500000    8.42127621
   36.03000000    8.43161019
   36.05500000    8.44608126
   36.08000000    8.46236082
   36.10500000    8.47923924
   36.13000000    8.49531936
   36.15500000    8.50801662
   36.18000000    8.51582759
   36.20500000    8.51891878
   36.23000000    8.51892728
   36.25500000    8.52070714
   36.28000000    8.52663476
   36.30500000    8.53329201
   36.33000000    8.53957674
   36.35500000    8.54574129
   36.38000000    8.54981775
   36.40500000    8.54912190
   36.43000000    8.54296505
   36.45500000    8.53180029
   36.48000000    8.51798048
   36.50500000    8.50589483
   36.53000000    8.49993255
   36.55500000    8.50269717
   36.58000000    8.51298210
   36.60500000    8.52726195
   36.63000000    8.54252336
   36.65500000    8.55609748
   36.68000000    8.56578594
   36.70500000    8.57248636
   36.73000000    8.57894450
   36.75500000    8.58544832
   36.78000000    8.59210410
   36.80500000    8.59929901
   36.83000000    8.60558401
   36.85500000    8.60915617
   36.88000000    8.61069423
   36.90500000    8.61331499
   36.93000000    8.61855988
   36.95500000    8.62624651
   36.98000000    8.63522368
   37.00500000    8.64472895
   37.03000000    8.65390152
   37.05500000    8.65998058
   37.08000000    8.66116340
   37.10500000    8.65812059
   37.13000000    8.65168136
   37.15500000    8.64411294
   37.18000000    8.63751623
   37.20500000    8.63182137
   37.23000000    8.62568144
   37.25500000    8.61714186
   37.28000000    8.60462499
   37.30500000    8.59141148
   37.33000000    8.58300494
   37.35500000    8.58102211
   37.38000000    8.58388357
   37.40500000    8.58889991
   37.43000000    8.59225444
   37.45500000    8.59097121
   37.48000000    8.58414527
   37.50500000    8.57556812
   37.53000000    8.57192702
   37.55500000    8.57776599
   37.58000000    8.59286796
   37.60500000    8.61325284
   37.63000000    8.63398319
   37.65500000    8.65045860
   37.68000000    8.65925497
   37.70500000    8.65985648
   37.73000000    8.65356435
   37.75500000    8.64450148
   37.78000000    8.63995154
   37.80500000    8.64398725
   37.83000000    8.65443767
   37.85500000    8.66690604
   37.88000000    8.67944031
   37.90500000    8.69067534
   37.93000000    8.70109990
   37.95500000    8.71302302
   37.98000000    8.72724437
   38.00500000    8.74184625
   38.03000000    8.75553173
   38.05500000    8.76914806
   38.08000000    8.78484751
   38.10500000    8.80371753
   38.13000000    8.82387145
   38.15500000    8.84243881
   38.18000000    8.85683181
   38.20500000    8.86533742
   38.23000000    8.86923815
   38.25500000    8.87300065
   38.28000000    8.87904250
   38.30500000    8.88449469
   38.33000000    8.88515299
   38.35500000    8.87961032
   38.38000000    8.87050888
   38.40500000    8.86042252
   38.43000000    8.85012019
   38.45500000    8.84142795
   38.48000000    8.83679508
   38.50500000    8.83761196
   38.53000000    8.84394268
   38.55500000    8.85455425
   38.58000000    8.86866196
   38.60500000    8.88435660
   38.63000000    8.89892754
   38.65500000    8.91390220
   38.68000000    8.93352752
   38.70500000    8.95647819
   38.73000000    8.97869046
   38.75500000    8.99658881
   38.78000000    9.00716586
   38.80500000    9.00949694
   38.83000000    9.00636568
   38.85500000    9.00285144
   38.88000000    9.00062489
   38.90500000    8.99980890
   38.93000000    9.00325227
   38.95500000    9.01256412
   38.98000000    9.02582770
   39.00500000    9.03966026
   39.03000000    9.05287461
   39.05500000    9.06465620
   39.08000000    9.07214806
   39.10500000    9.07472245
   39.13000000    9.07486381
   39.15500000    9.07566873
   39.18000000    9.07954677
   39.20500000    9.08752601
   39.23000000    9.09710102
   39.25500000    9.10552237
   39.28000000    9.11254489
   39.30500000    9.11856621
   39.33000000    9.12298649
   39.35500000    9.12646532
   39.38000000    9.12983734
   39.40500000    9.13321472
   39.43000000    9.13588587
   39.45500000    9.13847148
   39.48000000    9.14328365
   39.50500000    9.15119818
   39.53000000    9.16153927
   39.55500000    9.17533243
   39.58000000    9.19387720
   39.60500000    9.21517383
   39.63000000    9.23555772
   39.65500000    9.25299431
   39.68000000    9.26696743
   39.70500000    9.27577007
   39.73000000    9.28065979
   39.75500000    9.28642883
   39.78000000    9.29467712
   39.80500000    9.30548746
   39.83000000    9.31689348
   39.85500000    9.32655592
   39.88000000    9.33353743
   39.90500000    9.33779783
   39.93000000    9.34086445
   39.95500000    9.34219842
   39.98000000    9.34052153
   40.00500000    9.33448150
   40.03000000    9.32558319
   40.05500000    9.31614220
   40.08000000    9.30741075
   40.10500000    9.29927547
   40.13000000    9.29116265
   40.15500000    9.28352535
   40.18000000    9.27832045
   40.20500000    9.27779753
   40.23000000    9.28256464
   40.25500000    9.29206997
   40.28000000    9.30728549
   40.30500000    9.32655167
   40.33000000    9.34381660
   40.35500000    9.35678922
   40.38000000    9.36824546
   40.40500000    9.37883606
   40.43000000    9.38740192
   40.45500000    9.39302701
   40.48000000    9.39578633
   40.50500000    9.39837871
   40.53000000    9.40371635
   40.55500000    9.41186088
   40.58000000    9.41922017
   40.60500000    9.42055422
   40.63000000    9.41664482
   40.65500000    9.41320413
   40.68000000    9.41322128
   40.70500000    9.41719493
   40.73000000    9.42666529
   40.75500000    9.44462668
   40.78000000    9.46830615
   40.80500000    9.49093717
   40.83000000    9.50898688
   40.85500000    9.52344446
   40.88000000    9.53676407
   40.90500000    9.54932906
   40.93000000    9.56077411
   40.95500000    9.57045521
   40.98000000    9.57802240
   41.00500000    9.58311328
   41.03000000    9.58614355
   41.05500000    9.58898605
   41.08000000    9.59103371
   41.10500000    9.58968993
   41.13000000    9.58307234
   41.15500000    9.57196945
   41.18000000    9.55904918
   41.20500000    9.54662404
   41.23000000    9.53597803
   41.25500000    9.52841408
   41.28000000    9.52307352
   41.30500000    9.51946884
   41.33000000    9.51697122
   41.35500000    9.51611445
   41.38000000    9.52047797
   41.40500000    9.53257018
   41.43000000    9.55109494
   41.45500000    9.57012153
   41.48000000    9.58423127
   41.50500000    9.59464858
   41.53000000    9.60561638
   41.55500000    9.61778928
   41.58000000    9.62949516
   41.60500000    9.63817740
   41.63000000    9.64631491
   41.65500000    9.65846327
   41.68000000    9.67572547
   41.70500000    9.69637523
   41.73000000    9.71871242
   41.75500000    9.74024858
   41.78000000    9.75816630
   41.80500000    9.77131291
   41.83000000    9.77960474
   41.85500000    9.78377145
   41.88000000    9.78542576
   41.90500000    9.78523646
   41.93000000    9.78294956
   41.95500000    9.77781160
   41.98000000    9.77020304
   42.00500000    9.76137109
   42.03000000    9.75289841
   42.05500000    9.74469936
   42.08000000    9.73452120
   42.10500000    9.72224817
   42.13000000    9.71146365
   42.15500000    9.70584841
   42.18000000    9.70576647
   42.20500000    9.70825600
   42.23000000    9.71063889
   42.25500000    9.71007767
   42.28000000    9.70447165
   42.30500000    9.69479472
   42.33000000    9.68355717
   42.35500000    9.67393805
   42.38000000    9.66944300
   42.40500000    9.67141499
   42.43000000    9.67861703
   42.45500000    9.68906043
   42.48000000    9.69967528
   42.50500000    9.70627563
   42.53000000    9.70683916
   42.55500000    9.70559404
   42.58000000    9.70749486
   42.60500000    9.71405832
   42.63000000    9.72442933
   42.65500000    9.73740292
   42.68000000    9.75130993
   42.70500000    9.76242599
   42.73000000    9.76955382
   42.75500000    9.77354303
   42.78000000    9.77519045
   42.80500000    9.77532141
   42.83000000    9.77560793
   42.85500000    9.77836579
   42.88000000    9.78630958
   42.90500000    9.79993519
   42.93000000    9.81874968
   42.95500000    9.84038278
   42.98000000    9.85935804
   43.00500000    9.86929013
   43.03000000    9.86914008
   43.05500000    9.86154669
   43.08000000    9.84856719
   43.10500000    9.83361881
   43.13000000    9.82272820
   43.15500000    9.82015272
   43.18000000    9.82704161
   43.20500000    9.84178016
   43.23000000    9.86216208
   43.25500000    9.88583180
   43.28000000    9.90890946
   43.30500000    9.92786328
   43.33000000    9.93926368
   43.35500000    9.94329774
   43.38000000    9.94393372
   43.40500000    9.94501296
   43.43000000    9.95011570
   43.45500000    9.96150461
   43.48000000    9.97688590
   43.50500000    9.99321567
   43.53000000   10.00909592
   43.55500000   10.02468633
   43.58000000   10.03912044
   43.60500000   10.05021728
   43.63000000   10.05798305
   43.65500000   10.06410514
   43.68000000   10.06909848
   43.70500000   10.07258061
   43.73000000   10.07505745
   43.75500000   10.07774526
   43.78000000   10.07999175
   43.80500000   10.08019483
   43.83000000   10.07804072
   43.85500000   10.07486852
   43.88000000   10.07360900
   43.90500000   10.07594550
   43.93000000   10.08481148
   43.95500000   10.09952283
   43.98000000   10.11743087
   44.00500000   10.13564801
   44.03000000   10.15262432
   44.05500000   10.16926754
   44.08000000   10.18695490
   44.10500000   10.20547653
   44.13000000   10.22608191
   44.15500000   10.25070038
   44.18000000   10.27779586
   44.20500000   10.30447193
   44.23000000   10.32797546
   44.25500000   10.34541946
   44.28000000   10.35602353
   44.30500000   10.36119592
   44.33000000   10.36418238
   44.35500000   10.36706970
   44.38000000   10.36747286
   44.40500000   10.36295023
   44.43000000   10.35646991
   44.45500000   10.35250337
   44.48000000   10.35271415
   44.50500000   10.35510600
   44.53000000   10.35729778
   44.55500000   10.36065520
   44.58000000   10.36735970
   44.60500000   10.37813962
   44.63000000   10.39065841
   44.65500000   10.40392343
   44.68000000   10.41833232
   44.70500000   10.43410359
   44.73000000   10.44886114
   44.75500000   10.46043764
   44.78000000   10.46989197
   44.80500000   10.47793412
   44.83000000   10.48372287
   44.85500000   10.48711693
   44.88000000   10.48974643
   44.90500000   10.49384034
   44.93000000   10.50129249
   44.95500000   10.51097203
   44.98000000   10.51972166
   45.00500000   10.52663519
   45.03000000   10.53496112
   45.05500000   10.54726878
   45.08000000   10.56421355
   45.10500000   10.58450796
   45.13000000   10.60640163
   45.15500000   10.62994670
   45.18000000   10.65648837
   45.20500000   10.68457580
   45.23000000   10.70964166
   45.25500000   10.73013752
   45.28000000   10.74729096
   45.30500000   10.76172079
   45.33000000   10.77275565
   45.35500000   10.78035739
   45.38000000   10.78569351
   45.40500000   10.79021627
   45.43000000   10.79448090
   45.45500000   10.79971150
   45.48000000   10.80639597
   45.50500000   10.81454229
   45.53000000   10.82520229
   45.55500000   10.83912960
   45.58000000   10.85477436
   45.60500000   10.86933942
   45.63000000   10.88071836
   45.65500000   10.89025314
   45.68000000   10.90159156
   45.70500000   10.91608549
   45.73000000   10.93275212
   45.75500000   10.95053258
   45.78000000   10.96785627
   45.80500000   10.98088883
   45.83000000   10.98951112
   45.85500000   10.99645889
   45.88000000   11.00206255
   45.90500000   11.00816512
   45.93000000   11.01503060
   45.95500000   11.02134446
   45.98000000   11.02730826
   46.00500000   11.03276297
   46.03000000   11.03759872
   46.05500000   11.04200541
   46.08000000   11.04587520
   46.10500000   11.04858839
   46.13000000   11.04979526
   46.15500000   11.05201101
   46.18000000   11.05715503
   46.20500000   11.06490117
   46.23000000   11.07530347
   46.25500000   11.08879134
   46.28000000   11.10548682
   46.30500000   11.12206522
   46.33000000   11.13288048
   46.35500000   11.13527586
   46.38000000   11.12935105
   46.40500000   11.11780453
   46.43000000   11.10316344
   46.45500000   11.08727741
   46.48000000   11.07370514
   46.50500000   11.06478987
   46.53000000   11.05941386
   46.55500000   11.05582696
   46.58000000   11.05742729
   46.60500000   11.06540152
   46.63000000   11.07599692
   46.65500000   11.08570047
   46.68000000   11.09295700
   46.70500000   11.09930598
   46.73000000   11.10734870
   46.75500000   11.11831213
   46.78000000   11.13018402
   46.80500000   11.14192862
   46.83000000   11.15346354
   46.85500000   11.16239234
   46.88000000   11.16728957
   46.90500000   11.16924050
   46.93000000   11.16998549
   46.95500000   11.17172150
   46.98000000   11.17649996
   47.00500000   11.18455290
   47.03000000   11.19406726
   47.05500000   11.20167077
   47.08000000   11.20592733
   47.10500000   11.20875487
   47.13000000   11.21081403
   47.15500000   11.21057870
   47.18000000   11.20736298
   47.20500000   11.20305948
   47.23000000   11.19981062
   47.25500000   11.20076606
   47.28000000   11.20905486
   47.30500000   11.22346107
   47.33000000   11.24078105
   47.35500000   11.25698000
   47.38000000   11.26799375
   47.40500000   11.27217806
   47.43000000   11.27163164
   47.45500000   11.26916706
   47.48000000   11.26837648
   47.50500000   11.27165611
   47.53000000   11.27859761
   47.55500000   11.28810942
   47.58000000   11.29883157
   47.60500000   11.30947993
   47.63000000   11.32076259
   47.65500000   11.33394230
   47.68000000   11.34786515
   47.70500000   11.36092850
   47.73000000   11.37339014
   47.75500000   11.38471941
   47.78000000   11.39483041
   47.80500000   11.40427294
   47.83000000   11.41353606
   47.85500000   11.42426732
   47.88000000   11.43634119
   47.90500000   11.44564403
   47.93000000   11.44815915
   47.95500000   11.44457865
   47.98000000   11.44085564
   48.00500000   11.44246829
   48.03000000   11.44786862
   48.05500000   11.45252036
   48.08000000   11.45397980
   48.10500000   11.45148185
   48.13000000   11.44621181
   48.15500000   11.44213560
   48.18000000   11.44233531
   48.20500000   11.44909291
   48.23000000   11.46225006
   48.25500000   11.47735777
   48.28000000   11.49177862
   48.30500000   11.50710471
   48.33000000   11.52424943
   48.35500000   11.54252029
   48.38000000   11.56029825
   48.40500000   11.57640115
   48.43000000   11.58849584
   48.45500000   11.59360940
   48.48000000   11.59227675
   48.50500000   11.58915140
   48.53000000   11.58823184
   48.55500000   11.59032486
   48.58000000   11.59380527
   48.60500000   11.59595874
   48.63000000   11.59562224
   48.65500000   11.59568848
   48.68000000   11.59842842
   48.70500000   11.60432966
   48.73000000   11.61265463
   48.75500000   11.62240490
   48.78000000   11.62983567
   48.80500000   11.63010833
   48.83000000   11.62427056
   48.85500000   11.61743798
   48.88000000   11.61230397
   48.90500000   11.61049789
   48.93000000   11.61376295
   48.95500000   11.61885191
   48.98000000   11.62106458
   49.00500000   11.61887658
   49.03000000   11.61399918
   49.05500000   11.60954278
   49.08000000   11.60824785
   49.10500000   11.61257190
   49.13000000   11.62272078
   49.15500000   11.63493529
   49.18000000   11.64338268
   49.20500000   11.64347801
   49.23000000   11.63403381
   49.25500000   11.61583222
   49.28000000   11.59077179
   49.30500000   11.56434736
   49.33000000   11.54121187
   49.35500000   11.52148394
   49.38000000   11.50346418
   49.40500000   11.48843139
   49.43000000   11.47958957
   49.45500000   11.47827005
   49.48000000   11.48230645
   49.50500000   11.48894755
   49.53000000   11.49868437
   49.55500000   11.51257685
   49.58000000   11.52940901
   49.60500000   11.54817557
   49.63000000   11.56915852
   49.65500000   11.59084695
   49.68000000   11.60995959
   49.70500000   11.62577813
   49.73000000   11.63948782
   49.75500000   11.65123281
   49.78000000   11.66015297
   49.80500000   11.66633557
   49.83000000   11.67157557
   49.85500000   11.67892750
   49.88000000   11.69236662
   49.90500000   11.71359343
   49.93000000   11.73915930
   49.95500000   11.76429301
   49.98000000   11.78635827
