    0.00500000    0.00006451
    0.03000000    0.00227631
    0.05500000    0.00721923
    0.08000000    0.01401476
    0.10500000    0.02204971
    0.13000000    0.03083580
    0.15500000    0.03971294
    0.18000000    0.04783898
    0.20500000    0.05526576
    0.23000000    0.06253444
    0.25500000    0.06987628
    0.28000000    0.07727137
    0.30500000    0.08466131
    0.33000000    0.09211222
    0.35500000    0.09981593
    0.38000000    0.10755663
    0.40500000    0.11506345
    0.43000000    0.12224245
    0.45500000    0.12891131
    0.48000000    0.13522739
    0.50500000    0.14138263
    0.53000000    0.14776902
    0.55500000    0.15450818
    0.58000000    0.16117630
    0.60500000    0.16748233
    0.63000000    0.17350688
    0.65500000    0.17938700
    0.68000000    0.18538358
    0.70500000    0.19149201
    0.73000000    0.19750739
    0.75500000    0.20342026
    0.78000000    0.20939476
    0.80500000    0.21542378
    0.83000000    0.22123718
    0.85500000    0.22663530
    0.88000000    0.23173986
    0.90500000    0.23687447
    0.93000000    0.24233157
    0.95500000    0.24818499
    0.98000000    0.25438303
    1.00500000    0.26082561
    1.03000000    0.26743165
    1.05500000    0.27416891
    1.08000000    0.28132602
    1.10500000    0.28921815
    1.13000000    0.29796882
    1.15500000    0.30753536
    1.18000000    0.31769069
    1.20500000    0.32806579
    1.23000000    0.33852097
    1.25500000    0.34921073
    1.28000000    0.35976979
    1.30500000    0.36953900
    1.33000000    0.37797020
    1.35500000    0.38494454
    1.38000000    0.39103352
    1.40500000    0.39658060
    1.43000000    0.40147051
    1.45500000    0.40567120
    1.48000000    0.40946132
    1.50500000    0.41360762
    1.53000000    0.41901984
    1.55500000    0.42570090
    1.58000000    0.43323168
    1.60500000    0.44151715
    1.63000000    0.45054752
    1.65500000    0.45999478
    1.68000000    0.46935313
    1.70500000    0.47820294
    1.73000000    0.48640502
    1.75500000    0.49400068
    1.78000000    0.50069382
    1.80500000    0.50581489
    1.83000000    0.50968302
    1.85500000    0.51340888
    1.88000000    0.51789298
    1.90500000    0.52288362
    1.93000000    0.52745248
    1.95500000    0.53084660
    1.98000000    0.53244008
    2.00500000    0.53304139
    2.03000000    0.53447963
    2.05500000    0.53779239
    2.08000000    0.54277468
    2.10500000    0.54861876
    2.13000000    0.55447620
    2.15500000    0.55982611
    2.18000000    0.56396406
    2.20500000    0.56647477
    2.23000000    0.56819518
    2.25500000    0.57038830
    2.28000000    0.57349876
    2.30500000    0.57734426
    2.33000000    0.58167201
    2.35500000    0.58610448
    2.38000000    0.59044744
    2.40500000    0.59490354
    2.43000000    0.59986040
    2.45500000    0.60586866
    2.48000000    0.61337544
    2.50500000    0.62150699
    2.53000000    0.62835613
    2.55500000    0.63322167
    2.58000000    0.63686959
    2.60500000    0.64018147
    2.63000000    0.64316551
    2.65500000    0.64588194
    2.68000000    0.64927993
    2.70500000    0.65412691
    2.73000000    0.66025275
    2.75500000    0.66700111
    2.78000000    0.67448496
    2.80500000    0.68288312
    2.83000000    0.69170773
    2.85500000    0.70044261
    2.88000000    0.70894453
    2.90500000    0.71698578
    2.93000000    0.72466309
    2.95500000    0.73223925
    2.98000000    0.74007465
    3.00500000    0.74875379
    3.03000000    0.75796245
    3.05500000    0.76699465
    3.08000000    0.77547498
    3.10500000    0.78320393
    3.13000000    0.78994007
    3.15500000    0.79579691
    3.18000000    0.80128262
    3.20500000    0.80688070
    3.23000000    0.81268272
    3.25500000    0.81851752
    3.28000000    0.82324704
    3.30500000    0.82621332
    3.33000000    0.82853412
    3.35500000    0.83082434
    3.38000000    0.83315615
    3.40500000    0.83546548
    3.43000000    0.83745753
    3.45500000    0.83895741
    3.48000000    0.84020419
    3.50500000    0.84118421
    3.53000000    0.84177627
    3.55500000    0.84175425
    3.58000000    0.84129346
    3.60500000    0.84083564
    3.63000000    0.84110976
    3.65500000    0.84245996
    3.68000000    0.84495409
    3.70500000    0.84879844
    3.73000000    0.85362938
    3.75500000    0.85842304
    3.78000000    0.86267897
    3.80500000    0.86638437
    3.83000000    0.86933517
    3.85500000    0.87071054
    3.88000000    0.87035580
    3.90500000    0.86979677
    3.93000000    0.86978267
    3.95500000    0.87049125
    3.98000000    0.87319183
    4.00500000    0.87837768
    4.03000000    0.88545910
    4.05500000    0.89333814
    4.08000000    0.90163475
    4.10500000    0.91068582
    4.13000000    0.91976378
    4.15500000    0.92796377
    4.18000000    0.93540918
    4.20500000    0.94205995
    4.23000000    0.94778494
    4.25500000    0.95324335
    4.28000000    0.95927855
    4.30500000    0.96536883
    4.33000000    0.97077954
    4.35500000    0.97507688
    4.38000000    0.97828948
    4.40500000    0.98130144
    4.43000000    0.98491211
    4.45500000    0.99032495
    4.48000000    0.99839121
    4.50500000    1.00838748
    4.53000000    1.01938378
    4.55500000    1.03024249
    4.58000000    1.03974237
    4.60500000    1.04799268
    4.63000000    1.05489547
    4.65500000    1.06013083
    4.68000000    1.06438635
    4.70500000    1.06916718
    4.73000000    1.07562700
    4.75500000    1.08316365
    4.78000000    1.08994763
    4.80500000    1.09506692
    4.83000000    1.09862064
    4.85500000    1.10092958
    4.88000000    1.10209711
    4.90500000    1.10244471
    4.93000000    1.10234072
    4.95500000    1.10169054
    4.98000000    1.10152513
    5.00500000    1.10365955
    5.03000000    1.10857554
    5.05500000    1.11568552
    5.08000000    1.12409570
    5.10500000    1.13279390
    5.13000000    1.14096558
    5.15500000    1.14854482
    5.18000000    1.15566153
    5.20500000    1.16208330
    5.23000000    1.16775115
    5.25500000    1.17282593
    5.28000000    1.17785719
    5.30500000    1.18348646
    5.33000000    1.18974829
    5.35500000    1.19517569
    5.38000000    1.19889932
    5.40500000    1.20136996
    5.43000000    1.20338103
    5.45500000    1.20517162
    5.48000000    1.20675491
    5.50500000    1.20832025
    5.53000000    1.21017243
    5.55500000    1.21237291
    5.58000000    1.21502061
    5.60500000    1.21819596
    5.63000000    1.22146462
    5.65500000    1.22407150
    5.68000000    1.22601740
    5.70500000    1.22823820
    5.73000000    1.23142085
    5.75500000    1.23531334
    5.78000000    1.23971789
    5.80500000    1.24406101
    5.83000000    1.24742081
    5.85500000    1.24936220
    5.88000000    1.25029966
    5.90500000    1.25120233
    5.93000000    1.25273163
    5.95500000    1.25564444
    5.98000000    1.26103734
    6.00500000    1.26950122
    6.03000000    1.27993888
    6.05500000    1.29016984
    6.08000000    1.29866340
    6.10500000    1.30516827
    6.13000000    1.31053665
    6.15500000    1.31547785
    6.18000000    1.32043351
    6.20500000    1.32552467
    6.23000000    1.33073618
    6.25500000    1.33671990
    6.28000000    1.34405236
    6.30500000    1.35273850
    6.33000000    1.36305304
    6.35500000    1.37513349
    6.38000000    1.38814966
    6.40500000    1.40092155
    6.43000000    1.41266170
    6.45500000    1.42326998
    6.48000000    1.43366516
    6.50500000    1.44509061
    6.53000000    1.45794604
    6.55500000    1.47168054
    6.58000000    1.48523151
    6.60500000    1.49725480
    6.63000000    1.50706133
    6.65500000    1.51502594
    6.68000000    1.52181543
    6.70500000    1.52762167
    6.73000000    1.53244253
    6.75500000    1.53601712
    6.78000000    1.53871488
    6.80500000    1.54165870
    6.83000000    1.54541466
    6.85500000    1.55014020
    6.88000000    1.55635027
    6.90500000    1.56434920
    6.93000000    1.57365783
    6.95500000    1.58355298
    6.98000000    1.59387406
    7.00500000    1.60359290
    7.03000000    1.61099328
    7.05500000    1.61574071
    7.08000000    1.61870776
    7.10500000    1.62096213
    7.13000000    1.62421495
    7.15500000    1.62977155
    7.18000000    1.63701900
    7.20500000    1.64423733
    7.23000000    1.65038328
    7.25500000    1.65527540
    7.28000000    1.65939987
    7.30500000    1.66379122
    7.33000000    1.66916772
    7.35500000    1.67489527
    7.38000000    1.67995840
    7.40500000    1.68462161
    7.43000000    1.68968924
    7.45500000    1.69587313
    7.48000000    1.70388862
    7.50500000    1.71359415
    7.53000000    1.72398517
    7.55500000    1.73445270
    7.58000000    1.74524654
    7.60500000    1.75696604
    7.63000000    1.76946767
    7.65500000    1.78188425
    7.68000000    1.79322536
    7.70500000    1.80319990
    7.73000000    1.81220842
    7.75500000    1.82020665
    7.78000000    1.82703860
    7.80500000    1.83315932
    7.83000000    1.83850214
    7.85500000    1.84249914
    7.88000000    1.84458690
    7.90500000    1.84435050
    7.93000000    1.84332408
    7.95500000    1.84381226
    7.98000000    1.84602011
    8.00500000    1.84994732
    8.03000000    1.85609860
    8.05500000    1.86449965
    8.08000000    1.87424545
    8.10500000    1.88508384
    8.13000000    1.89639782
    8.15500000    1.90668000
    8.18000000    1.91542218
    8.20500000    1.92351998
    8.23000000    1.93157122
    8.25500000    1.93983950
    8.28000000    1.94813452
    8.30500000    1.95571456
    8.33000000    1.96187569
    8.35500000    1.96792082
    8.38000000    1.97619343
    8.40500000    1.98743015
    8.43000000    2.00095079
    8.45500000    2.01545213
    8.48000000    2.02913180
    8.50500000    2.04093452
    8.53000000    2.05097879
    8.55500000    2.06009873
    8.58000000    2.06842039
    8.60500000    2.07535689
    8.63000000    2.08036342
    8.65500000    2.08306651
    8.68000000    2.08330490
    8.70500000    2.08164371
    8.73000000    2.07971516
    8.75500000    2.07973429
    8.78000000    2.08284124
    8.80500000    2.08817467
    8.83000000    2.09353589
    8.85500000    2.09740587
    8.88000000    2.09997726
    8.90500000    2.10245847
    8.93000000    2.10558175
    8.95500000    2.10973710
    8.98000000    2.11482459
    9.00500000    2.12085769
    9.03000000    2.12760836
    9.05500000    2.13421912
    9.08000000    2.13923116
    9.10500000    2.14140735
    9.13000000    2.14085605
    9.15500000    2.13880587
    9.18000000    2.13658738
    9.20500000    2.13540083
    9.23000000    2.13625660
    9.25500000    2.13949359
    9.28000000    2.14373060
    9.30500000    2.14634390
    9.33000000    2.14595604
    9.35500000    2.14349361
    9.38000000    2.14005843
    9.40500000    2.13650219
    9.43000000    2.13361845
    9.45500000    2.13226186
    9.48000000    2.13308310
    9.50500000    2.13630241
    9.53000000    2.14200338
    9.55500000    2.14992639
    9.58000000    2.15985237
    9.60500000    2.17143995
    9.63000000    2.18326929
    9.65500000    2.19323953
    9.68000000    2.20091296
    9.70500000    2.20777988
    9.73000000    2.21541195
    9.75500000    2.22311264
    9.78000000    2.23001592
    9.80500000    2.23625576
    9.83000000    2.24160923
    9.85500000    2.24699177
    9.88000000    2.25301118
    9.90500000    2.25887286
    9.93000000    2.26485450
    9.95500000    2.27158225
    9.98000000    2.27878199
   10.00500000    2.28690666
   10.03000000    2.29604122
   10.05500000    2.30630097
   10.08000000    2.31816934
   10.10500000    2.33161818
   10.13000000    2.34502720
   10.15500000    2.35774093
   10.18000000    2.37012982
   10.20500000    2.38137379
   10.23000000    2.39026535
   10.25500000    2.39650908
   10.28000000    2.40067158
   10.30500000    2.40299748
   10.33000000    2.40343409
   10.35500000    2.40216635
   10.38000000    2.40109309
   10.40500000    2.40273565
   10.43000000    2.40767045
   10.45500000    2.41504310
   10.48000000    2.42440623
   10.50500000    2.43444580
   10.53000000    2.44330696
   10.55500000    2.45007371
   10.58000000    2.45478847
   10.60500000    2.45836374
   10.63000000    2.46169108
   10.65500000    2.46551302
   10.68000000    2.47086150
   10.70500000    2.47891138
   10.73000000    2.49015601
   10.75500000    2.50300324
   10.78000000    2.51498431
   10.80500000    2.52443734
   10.83000000    2.53241687
   10.85500000    2.54158625
   10.88000000    2.55440317
   10.90500000    2.57109788
   10.93000000    2.58956776
   10.95500000    2.60722117
   10.98000000    2.62228753
   11.00500000    2.63475368
   11.03000000    2.64521000
   11.05500000    2.65540018
   11.08000000    2.66763636
   11.10500000    2.68223525
   11.13000000    2.69788930
   11.15500000    2.71257402
   11.18000000    2.72451786
   11.20500000    2.73409317
   11.23000000    2.74242726
   11.25500000    2.75019445
   11.28000000    2.75632528
   11.30500000    2.75996875
   11.33000000    2.76173096
   11.35500000    2.76209196
   11.38000000    2.76225602
   11.40500000    2.76431413
   11.43000000    2.76806501
   11.45500000    2.77287006
   11.48000000    2.77914665
   11.50500000    2.78606856
   11.53000000    2.79173013
   11.55500000    2.79566529
   11.58000000    2.79928255
   11.60500000    2.80377391
   11.63000000    2.80914016
   11.65500000    2.81507707
   11.68000000    2.82156793
   11.70500000    2.82824893
   11.73000000    2.83469348
   11.75500000    2.84127589
   11.78000000    2.84890280
   11.80500000    2.85806123
   11.83000000    2.86750804
   11.85500000    2.87545515
   11.88000000    2.88170775
   11.90500000    2.88724772
   11.93000000    2.89250990
   11.95500000    2.89830220
   11.98000000    2.90598415
   12.00500000    2.91570674
   12.03000000    2.92662962
   12.05500000    2.93843214
   12.08000000    2.95202128
   12.10500000    2.96684534
   12.13000000    2.98018913
   12.15500000    2.99028988
   12.18000000    2.99796227
   12.20500000    3.00563868
   12.23000000    3.01540577
   12.25500000    3.02726934
   12.28000000    3.04066787
   12.30500000    3.05518117
   12.33000000    3.06932253
   12.35500000    3.08042763
   12.38000000    3.08739847
   12.40500000    3.09173628
   12.43000000    3.09559820
   12.45500000    3.09878226
   12.48000000    3.10021298
   12.50500000    3.10000721
   12.53000000    3.09934727
   12.55500000    3.09934768
   12.58000000    3.10086989
   12.60500000    3.10309663
   12.63000000    3.10476092
   12.65500000    3.10725931
   12.68000000    3.11194434
   12.70500000    3.11839865
   12.73000000    3.12665175
   12.75500000    3.13513306
   12.78000000    3.14172298
   12.80500000    3.14603503
   12.83000000    3.14896278
   12.85500000    3.15158923
   12.88000000    3.15498214
   12.90500000    3.16002887
   12.93000000    3.16627546
   12.95500000    3.17267117
   12.98000000    3.17888783
   13.00500000    3.18458604
   13.03000000    3.19047438
   13.05500000    3.19799732
   13.08000000    3.20713017
   13.10500000    3.21795627
   13.13000000    3.23087645
   13.15500000    3.24374956
   13.18000000    3.25266497
   13.20500000    3.25742090
   13.23000000    3.25962371
   13.25500000    3.26045179
   13.28000000    3.26189258
   13.30500000    3.26519895
   13.33000000    3.26996520
   13.35500000    3.27474747
   13.38000000    3.27859561
   13.40500000    3.28157716
   13.43000000    3.28462279
   13.45500000    3.29048584
   13.48000000    3.30108274
   13.50500000    3.31612047
   13.53000000    3.33315036
   13.55500000    3.34944285
   13.58000000    3.36417425
   13.60500000    3.37725222
   13.63000000    3.38759621
   13.65500000    3.39439357
   13.68000000    3.39854718
   13.70500000    3.40162410
   13.73000000    3.40604314
   13.75500000    3.41247378
   13.78000000    3.41920933
   13.80500000    3.42557596
   13.83000000    3.43232396
   13.85500000    3.44040138
   13.88000000    3.44897331
   13.90500000    3.45622926
   13.93000000    3.46244635
   13.95500000    3.46867859
   13.98000000    3.47524019
   14.00500000    3.48255681
   14.03000000    3.49047996
   14.05500000    3.49872417
   14.08000000    3.50722071
   14.10500000    3.51674366
   14.13000000    3.52777731
   14.15500000    3.53949302
   14.18000000    3.55066017
   14.20500000    3.56082772
   14.23000000    3.56970290
   14.25500000    3.57805738
   14.28000000    3.58667292
   14.30500000    3.59473664
   14.33000000    3.60240615
   14.35500000    3.61229008
   14.38000000    3.62462373
   14.40500000    3.63835115
   14.43000000    3.65333077
   14.45500000    3.66846332
   14.48000000    3.68305983
   14.50500000    3.69612840
   14.53000000    3.70739029
   14.55500000    3.71763593
   14.58000000    3.72688626
   14.60500000    3.73504907
   14.63000000    3.74304843
   14.65500000    3.75206344
   14.68000000    3.76283381
   14.70500000    3.77487415
   14.73000000    3.78762940
   14.75500000    3.79961119
   14.78000000    3.80822063
   14.80500000    3.81281176
   14.83000000    3.81372834
   14.85500000    3.81171011
   14.88000000    3.80857961
   14.90500000    3.80534073
   14.93000000    3.80286298
   14.95500000    3.80229273
   14.98000000    3.80452672
   15.00500000    3.80947735
   15.03000000    3.81530280
   15.05500000    3.81989808
   15.08000000    3.82283169
   15.10500000    3.82424433
   15.13000000    3.82432452
   15.15500000    3.82400127
   15.18000000    3.82527874
   15.20500000    3.83059970
   15.23000000    3.84001969
   15.25500000    3.85034066
   15.28000000    3.85801043
   15.30500000    3.86154678
   15.33000000    3.86125487
   15.35500000    3.85880133
   15.38000000    3.85600667
   15.40500000    3.85396556
   15.43000000    3.85298499
   15.45500000    3.85221206
   15.48000000    3.85148040
   15.50500000    3.85069258
   15.53000000    3.85114039
   15.55500000    3.85454717
   15.58000000    3.86037659
   15.60500000    3.86737800
   15.63000000    3.87501606
   15.65500000    3.88275424
   15.68000000    3.88968067
   15.70500000    3.89456760
   15.73000000    3.89710881
   15.75500000    3.89879350
   15.78000000    3.90160361
   15.80500000    3.90680843
   15.83000000    3.91382197
   15.85500000    3.92103135
   15.88000000    3.92675654
   15.90500000    3.92969747
   15.93000000    3.92988092
   15.95500000    3.92885133
   15.98000000    3.92790930
   16.00500000    3.92714615
   16.03000000    3.92701569
   16.05500000    3.92924065
   16.08000000    3.93560747
   16.10500000    3.94643892
   16.13000000    3.95990247
   16.15500000    3.97331570
   16.18000000    3.98634367
   16.20500000    3.99896662
   16.23000000    4.00910914
   16.25500000    4.01588841
   16.28000000    4.02046858
   16.30500000    4.02289774
   16.33000000    4.02195378
   16.35500000    4.01730120
   16.38000000    4.01014789
   16.40500000    4.00480596
   16.43000000    4.00491483
   16.45500000    4.01161435
   16.48000000    4.02427625
   16.50500000    4.03891658
   16.53000000    4.05162102
   16.55500000    4.06043096
   16.58000000    4.06541017
   16.60500000    4.06657558
   16.63000000    4.06455967
   16.65500000    4.06035887
   16.68000000    4.05608769
   16.70500000    4.05299466
   16.73000000    4.05027311
   16.75500000    4.04937052
   16.78000000    4.05337471
   16.80500000    4.06369666
   16.83000000    4.07806347
   16.85500000    4.09141302
   16.88000000    4.10067818
   16.90500000    4.10787354
   16.93000000    4.11485164
   16.95500000    4.12090348
   16.98000000    4.12528805
   17.00500000    4.12856147
   17.03000000    4.13129458
   17.05500000    4.13387272
   17.08000000    4.13502205
   17.10500000    4.13434414
   17.13000000    4.13360506
   17.15500000    4.13363720
   17.18000000    4.13458601
   17.20500000    4.13552885
   17.23000000    4.13546339
   17.25500000    4.13518897
   17.28000000    4.13718708
   17.30500000    4.14378894
   17.33000000    4.15381502
   17.35500000    4.16523636
   17.38000000    4.17792592
   17.40500000    4.19091422
   17.43000000    4.20190033
   17.45500000    4.21073815
   17.48000000    4.21836383
   17.50500000    4.22404673
   17.53000000    4.22852722
   17.55500000    4.23501834
   17.58000000    4.24537779
   17.60500000    4.25876590
   17.63000000    4.27201732
   17.65500000    4.28220265
   17.68000000    4.28861692
   17.70500000    4.29198319
   17.73000000    4.29389628
   17.75500000    4.29590378
   17.78000000    4.29950377
   17.80500000    4.30578200
   17.83000000    4.31371513
   17.85500000    4.32256511
   17.88000000    4.33284022
   17.90500000    4.34521497
   17.93000000    4.35889244
   17.95500000    4.37130502
   17.98000000    4.38048499
   18.00500000    4.38614260
   18.03000000    4.38939309
   18.05500000    4.39227971
   18.08000000    4.39427350
   18.10500000    4.39467455
   18.13000000    4.39391283
   18.15500000    4.39290403
   18.18000000    4.39217037
   18.20500000    4.39250436
   18.23000000    4.39373890
   18.25500000    4.39432070
   18.28000000    4.39460615
   18.30500000    4.39597322
   18.33000000    4.39827198
   18.35500000    4.40035390
   18.38000000    4.40150836
   18.40500000    4.40063708
   18.43000000    4.39779410
   18.45500000    4.39454560
   18.48000000    4.39217979
   18.50500000    4.39143588
   18.53000000    4.39295226
   18.55500000    4.39747541
   18.58000000    4.40658512
   18.60500000    4.42159364
   18.63000000    4.44027841
   18.65500000    4.45905459
   18.68000000    4.47569932
   18.70500000    4.48933536
   18.73000000    4.50088961
   18.75500000    4.51050932
   18.78000000    4.51661880
   18.80500000    4.51925219
   18.83000000    4.52096765
   18.85500000    4.52415397
   18.88000000    4.53024054
   18.90500000    4.53889320
   18.93000000    4.54945613
   18.95500000    4.56148087
   18.98000000    4.57463960
   19.00500000    4.58873674
   19.03000000    4.60319096
   19.05500000    4.61742430
   19.08000000    4.63041850
   19.10500000    4.64014815
   19.13000000    4.64551511
   19.15500000    4.64761749
   19.18000000    4.64799961
   19.20500000    4.64684971
   19.23000000    4.64428997
   19.25500000    4.64139945
   19.28000000    4.63781761
   19.30500000    4.63300362
   19.33000000    4.62717781
   19.35500000    4.62149228
   19.38000000    4.61597061
   19.40500000    4.61121132
   19.43000000    4.60997530
   19.45500000    4.61432005
   19.48000000    4.62312491
   19.50500000    4.63433505
   19.53000000    4.64564573
   19.55500000    4.65555403
   19.58000000    4.66430569
   19.60500000    4.67282847
   19.63000000    4.68242346
   19.65500000    4.69426428
   19.68000000    4.70932523
   19.70500000    4.72621295
   19.73000000    4.74287306
   19.75500000    4.75792707
   19.78000000    4.77044280
   19.80500000    4.77973105
   19.83000000    4.78621899
   19.85500000    4.78862173
   19.88000000    4.78533431
   19.90500000    4.77944983
   19.93000000    4.77588784
   19.95500000    4.77659730
   19.98000000    4.77977176
   20.00500000    4.78164823
   20.03000000    4.78226183
   20.05500000    4.78542366
   20.08000000    4.79298135
   20.10500000    4.80394060
   20.13000000    4.81761776
   20.15500000    4.83352663
   20.18000000    4.85149303
   20.20500000    4.87119175
   20.23000000    4.88966745
   20.25500000    4.90304568
   20.28000000    4.90962762
   20.30500000    4.91089536
   20.33000000    4.91007330
   20.35500000    4.90914671
   20.38000000    4.90791241
   20.40500000    4.90625634
   20.43000000    4.90546608
   20.45500000    4.90699751
   20.48000000    4.91009194
   20.50500000    4.91358067
   20.53000000    4.91797748
   20.55500000    4.92502613
   20.58000000    4.93480125
   20.60500000    4.94555322
   20.63000000    4.95601920
   20.65500000    4.96629252
   20.68000000    4.97667482
   20.70500000    4.98720813
   20.73000000    4.99778087
   20.75500000    5.00627015
   20.78000000    5.01046294
   20.80500000    5.01199312
   20.83000000    5.01328557
   20.85500000    5.01344086
   20.88000000    5.01097943
   20.90500000    5.00853016
   20.93000000    5.00949870
   20.95500000    5.01472127
   20.98000000    5.02244959
   21.00500000    5.03170595
   21.03000000    5.04146432
   21.05500000    5.04999596
   21.08000000    5.05656574
   21.10500000    5.06278099
   21.13000000    5.07122555
   21.15500000    5.08313249
   21.18000000    5.09823475
   21.20500000    5.11507599
   21.23000000    5.13272602
   21.25500000    5.14884993
   21.28000000    5.16000544
   21.30500000    5.16456474
   21.33000000    5.16447510
   21.35500000    5.16394839
   21.38000000    5.16406773
   21.40500000    5.16296394
   21.43000000    5.16056379
   21.45500000    5.15793088
   21.48000000    5.15613115
   21.50500000    5.15473426
   21.53000000    5.15223793
   21.55500000    5.14893577
   21.58000000    5.14588793
   21.60500000    5.14327243
   21.63000000    5.14050135
   21.65500000    5.13705939
   21.68000000    5.13416920
   21.70500000    5.13373200
   21.73000000    5.13608647
   21.75500000    5.14076524
   21.78000000    5.14782418
   21.80500000    5.15645358
   21.83000000    5.16622657
   21.85500000    5.17838182
   21.88000000    5.19305132
   21.90500000    5.20814880
   21.93000000    5.22332628
   21.95500000    5.23966158
   21.98000000    5.25609156
   22.00500000    5.26939573
   22.03000000    5.27719488
   22.05500000    5.27968930
   22.08000000    5.28012360
   22.10500000    5.28375064
   22.13000000    5.29437281
   22.15500000    5.31233119
   22.18000000    5.33582719
   22.20500000    5.36247159
   22.23000000    5.38966212
   22.25500000    5.41295821
   22.28000000    5.42929669
   22.30500000    5.43764682
   22.33000000    5.43892348
   22.35500000    5.43595784
   22.38000000    5.43178383
   22.40500000    5.42834301
   22.43000000    5.42661729
   22.45500000    5.42769156
   22.48000000    5.43351599
   22.50500000    5.44243265
   22.53000000    5.45035802
   22.55500000    5.45576442
   22.58000000    5.45846460
   22.60500000    5.45947903
   22.63000000    5.46041790
   22.65500000    5.46170357
   22.68000000    5.46315669
   22.70500000    5.46445068
   22.73000000    5.46528945
   22.75500000    5.46613994
   22.78000000    5.46801163
   22.80500000    5.47178191
   22.83000000    5.47432644
   22.85500000    5.47411737
   22.88000000    5.47379790
   22.90500000    5.47482549
   22.93000000    5.47712876
   22.95500000    5.48110616
   22.98000000    5.48676914
   23.00500000    5.49291706
   23.03000000    5.49882060
   23.05500000    5.50397361
   23.08000000    5.50911769
   23.10500000    5.51412675
   23.13000000    5.51850977
   23.15500000    5.52538530
   23.18000000    5.53708929
   23.20500000    5.55154699
   23.23000000    5.56530928
   23.25500000    5.57550574
   23.28000000    5.58089850
   23.30500000    5.58266679
   23.33000000    5.58259047
   23.35500000    5.58156116
   23.38000000    5.57997059
   23.40500000    5.57792763
   23.43000000    5.57462130
   23.45500000    5.56955596
   23.48000000    5.56253485
   23.50500000    5.55410063
   23.53000000    5.54747308
   23.55500000    5.54577709
   23.58000000    5.54941187
   23.60500000    5.55613907
   23.63000000    5.56400739
   23.65500000    5.57183696
   23.68000000    5.57802370
   23.70500000    5.58295068
   23.73000000    5.58803755
   23.75500000    5.59395786
   23.78000000    5.60061164
   23.80500000    5.60759880
   23.83000000    5.61354730
   23.85500000    5.61713487
   23.88000000    5.61865260
   23.90500000    5.62048729
   23.93000000    5.62381315
   23.95500000    5.62844957
   23.98000000    5.63373892
   24.00500000    5.63880672
   24.03000000    5.64214034
   24.05500000    5.64143522
   24.08000000    5.63717825
   24.10500000    5.63081258
   24.13000000    5.62395646
   24.15500000    5.61916889
   24.18000000    5.61890295
   24.20500000    5.62367180
   24.23000000    5.63292467
   24.25500000    5.64556814
   24.28000000    5.65878149
   24.30500000    5.66933408
   24.33000000    5.67423579
   24.35500000    5.67228902
   24.38000000    5.66564366
   24.40500000    5.65766964
   24.43000000    5.65214388
   24.45500000    5.65055129
   24.48000000    5.64948949
   24.50500000    5.64607940
   24.53000000    5.64064633
   24.55500000    5.63451341
   24.58000000    5.62911710
   24.60500000    5.62503288
   24.63000000    5.62281004
   24.65500000    5.62337111
   24.68000000    5.62646567
   24.70500000    5.63227655
   24.73000000    5.64164067
   24.75500000    5.65353822
   24.78000000    5.66570092
   24.80500000    5.67583502
   24.83000000    5.68468690
   24.85500000    5.69510757
   24.88000000    5.70933488
   24.90500000    5.72712488
   24.93000000    5.74675304
   24.95500000    5.76585443
   24.98000000    5.78328745
   25.00500000    5.80004530
   25.03000000    5.81663887
   25.05500000    5.83354163
   25.08000000    5.85091509
   25.10500000    5.86819982
   25.13000000    5.88502981
   25.15500000    5.90110691
   25.18000000    5.91530379
   25.20500000    5.92682897
   25.23000000    5.93564677
   25.25500000    5.94230159
   25.28000000    5.94691177
   25.30500000    5.95006551
   25.33000000    5.95320054
   25.35500000    5.95764829
   25.38000000    5.96500270
   25.40500000    5.97396854
   25.43000000    5.98199953
   25.45500000    5.99019524
   25.48000000    6.00074761
   25.50500000    6.01396998
   25.53000000    6.02714923
   25.55500000    6.03775143
   25.58000000    6.04698455
   25.60500000    6.05524085
   25.63000000    6.06133767
   25.65500000    6.06332931
   25.68000000    6.05986994
   25.70500000    6.05135578
   25.73000000    6.04020379
   25.75500000    6.02879038
   25.78000000    6.01970560
   25.80500000    6.01583738
   25.83000000    6.01811856
   25.85500000    6.02278672
   25.88000000    6.02357490
   25.90500000    6.01926674
   25.93000000    6.01268651
   25.95500000    6.00630162
   25.98000000    6.00063015
   26.00500000    5.99493386
   26.03000000    5.98926255
   26.05500000    5.98426285
   26.08000000    5.97995378
   26.10500000    5.97644693
   26.13000000    5.97287367
   26.15500000    5.96897857
   26.18000000    5.96636154
   26.20500000    5.96583353
   26.23000000    5.96678336
   26.25500000    5.97011934
   26.28000000    5.97577361
   26.30500000    5.98146667
   26.33000000    5.98649763
   26.35500000    5.99047148
   26.38000000    5.99317445
   26.40500000    5.99409618
   26.43000000    5.99373210
   26.45500000    5.99497069
   26.48000000    5.99955220
   26.50500000    6.00535779
   26.53000000    6.00902648
   26.55500000    6.00945014
   26.58000000    6.00829016
   26.60500000    6.00693239
   26.63000000    6.00632980
   26.65500000    6.00699292
   26.68000000    6.00870438
   26.70500000    6.01109658
   26.73000000    6.01388664
   26.75500000    6.01811702
   26.78000000    6.02523884
   26.80500000    6.03589159
   26.83000000    6.04865489
   26.85500000    6.06256019
   26.88000000    6.07768306
   26.90500000    6.09357109
   26.93000000    6.10808604
   26.95500000    6.12173633
   26.98000000    6.13649257
   27.00500000    6.15282460
   27.03000000    6.17017380
   27.05500000    6.18737075
   27.08000000    6.20278886
   27.10500000    6.21405746
   27.13000000    6.21927547
   27.15500000    6.21829614
   27.18000000    6.21119979
   27.20500000    6.20174816
   27.23000000    6.19468681
   27.25500000    6.19083327
   27.28000000    6.18808268
   27.30500000    6.18538767
   27.33000000    6.18276632
   27.35500000    6.17927140
   27.38000000    6.17470372
   27.40500000    6.17082704
   27.43000000    6.16932969
   27.45500000    6.17214691
   27.48000000    6.17949193
   27.50500000    6.18881844
   27.53000000    6.19935136
   27.55500000    6.21165266
   27.58000000    6.22534739
   27.60500000    6.23939217
   27.63000000    6.25259446
   27.65500000    6.26443440
   27.68000000    6.27384810
   27.70500000    6.27864347
   27.73000000    6.27957871
   27.75500000    6.27835476
   27.78000000    6.27445452
   27.80500000    6.26773074
   27.83000000    6.25936259
   27.85500000    6.25182647
   27.88000000    6.24658451
   27.90500000    6.24163221
   27.93000000    6.23421835
   27.95500000    6.22439278
   27.98000000    6.21444864
   28.00500000    6.20808455
   28.03000000    6.20829757
   28.05500000    6.21541558
   28.08000000    6.22690451
   28.10500000    6.24151350
   28.13000000    6.25856886
   28.15500000    6.27555539
   28.18000000    6.28983435
   28.20500000    6.30072622
   28.23000000    6.30997419
   28.25500000    6.31881862
   28.28000000    6.32800535
   28.30500000    6.33718700
   28.33000000    6.34518826
   28.35500000    6.35198508
   28.38000000    6.35792780
   28.40500000    6.36286087
   28.43000000    6.36580687
   28.45500000    6.36611567
   28.48000000    6.36544671
   28.50500000    6.36723185
   28.53000000    6.37365818
   28.55500000    6.38489814
   28.58000000    6.39853708
   28.60500000    6.41067042
   28.63000000    6.41821817
   28.65500000    6.41916077
   28.68000000    6.41356920
   28.70500000    6.40272720
   28.73000000    6.38914985
   28.75500000    6.37779073
   28.78000000    6.37318303
   28.80500000    6.37645461
   28.83000000    6.38591633
   28.85500000    6.39943444
   28.88000000    6.41454636
   28.90500000    6.43013922
   28.93000000    6.44673105
   28.95500000    6.46218540
   28.98000000    6.47456862
   29.00500000    6.48301695
   29.03000000    6.48696013
   29.05500000    6.48789825
   29.08000000    6.48792914
   29.10500000    6.48721692
   29.13000000    6.48638463
   29.15500000    6.48618508
   29.18000000    6.48606819
   29.20500000    6.48610386
   29.23000000    6.48854831
   29.25500000    6.49333113
   29.28000000    6.49737229
   29.30500000    6.49935493
   29.33000000    6.49980175
   29.35500000    6.49942267
   29.38000000    6.50036541
   29.40500000    6.50582828
   29.43000000    6.51783867
   29.45500000    6.53448396
   29.48000000    6.55248915
   29.50500000    6.57025160
   29.53000000    6.58653239
   29.55500000    6.60209882
   29.58000000    6.61883573
   29.60500000    6.63553010
   29.63000000    6.64990145
   29.65500000    6.66027278
   29.68000000    6.66480680
   29.70500000    6.66346018
   29.73000000    6.65990837
   29.75500000    6.65970484
   29.78000000    6.66288375
   29.80500000    6.66631050
   29.83000000    6.66810841
   29.85500000    6.66716514
   29.88000000    6.66324030
   29.90500000    6.65570685
   29.93000000    6.64453095
   29.95500000    6.63134158
   29.98000000    6.61829983
   30.00500000    6.60564772
   30.03000000    6.59290385
   30.05500000    6.58099006
   30.08000000    6.57206666
   30.10500000    6.56893561
   30.13000000    6.57369821
   30.15500000    6.58474886
   30.18000000    6.59643032
   30.20500000    6.60412953
   30.23000000    6.60683592
   30.25500000    6.60697465
   30.28000000    6.60801128
   30.30500000    6.61193763
   30.33000000    6.61948564
   30.35500000    6.63075550
   30.38000000    6.64306321
   30.40500000    6.65382199
   30.43000000    6.66324204
   30.45500000    6.67325618
   30.48000000    6.68429272
   30.50500000    6.69515737
   30.53000000    6.70553268
   30.55500000    6.71658283
   30.58000000    6.72827774
   30.60500000    6.74015398
   30.63000000    6.75151727
   30.65500000    6.76200533
   30.68000000    6.77191801
   30.70500000    6.78144797
   30.73000000    6.79057955
   30.75500000    6.79888988
   30.78000000    6.80428682
   30.80500000    6.80728067
   30.83000000    6.80842633
   30.85500000    6.80685052
   30.88000000    6.80613372
   30.90500000    6.81202944
   30.93000000    6.82615644
   30.95500000    6.84423489
   30.98000000    6.86106520
   31.00500000    6.87615010
   31.03000000    6.89192742
   31.05500000    6.90951034
   31.08000000    6.92842908
   31.10500000    6.94790620
   31.13000000    6.96597442
   31.15500000    6.97910873
   31.18000000    6.98696645
   31.20500000    6.99135569
   31.23000000    6.99305354
   31.25500000    6.99151706
   31.28000000    6.98517145
   31.30500000    6.97640384
   31.33000000    6.96924794
   31.35500000    6.96421015
   31.38000000    6.96045531
   31.40500000    6.95870704
   31.43000000    6.95867130
   31.45500000    6.95961173
   31.48000000    6.96312316
   31.50500000    6.97028501
   31.53000000    6.97886986
   31.55500000    6.98500533
   31.58000000    6.98761009
   31.60500000    6.98909764
   31.63000000    6.99278453
   31.65500000    6.99741377
   31.68000000    6.99990568
   31.70500000    6.99971461
   31.73000000    6.99820601
   31.75500000    6.99781865
   31.78000000    6.99939464
   31.80500000    7.00245193
   31.83000000    7.00746157
   31.85500000    7.01559147
   31.88000000    7.02627136
   31.90500000    7.03546507
   31.93000000    7.03921746
   31.95500000    7.03780534
   31.98000000    7.03350363
   32.00500000    7.02998710
   32.03000000    7.02997306
   32.05500000    7.03533108
   32.08000000    7.04731568
   32.10500000    7.06478036
   32.13000000    7.08522094
   32.15500000    7.10554079
   32.18000000    7.12201078
   32.20500000    7.13201863
   32.23000000    7.13621305
   32.25500000    7.13559239
   32.28000000    7.13118417
   32.30500000    7.12669757
   32.33000000    7.12630530
   32.35500000    7.13125164
   32.38000000    7.13828440
   32.40500000    7.14415773
   32.43000000    7.14926984
   32.45500000    7.15593566
   32.48000000    7.16502257
   32.50500000    7.17708135
   32.53000000    7.19070420
   32.55500000    7.20184046
   32.58000000    7.20841334
   32.60500000    7.21234856
   32.63000000    7.21682835
   32.65500000    7.22298768
   32.68000000    7.23028661
   32.70500000    7.23648590
   32.73000000    7.23918636
   32.75500000    7.23955903
   32.78000000    7.24093956
   32.80500000    7.24539863
   32.83000000    7.25171657
   32.85500000    7.25548079
   32.88000000    7.25481828
   32.90500000    7.25155125
   32.93000000    7.24842365
   32.95500000    7.24727075
   32.98000000    7.24716970
   33.00500000    7.24747403
   33.03000000    7.25072082
   33.05500000    7.25973652
   33.08000000    7.27674408
   33.10500000    7.30139483
   33.13000000    7.32967067
   33.15500000    7.35523508
   33.18000000    7.37543150
   33.20500000    7.39025833
   33.23000000    7.39982706
   33.25500000    7.40441771
   33.28000000    7.40548839
   33.30500000    7.40581782
   33.33000000    7.40666120
   33.35500000    7.41043068
   33.38000000    7.41695151
   33.40500000    7.42749172
   33.43000000    7.44419082
   33.45500000    7.46572350
   33.48000000    7.48761037
   33.50500000    7.50582884
   33.53000000    7.52031659
   33.55500000    7.53199707
   33.58000000    7.54352335
   33.60500000    7.55847789
   33.63000000    7.57724081
   33.65500000    7.59874275
   33.68000000    7.62082743
   33.70500000    7.64119350
   33.73000000    7.66102066
   33.75500000    7.67930862
   33.78000000    7.69364408
   33.80500000    7.70387037
   33.83000000    7.71119921
   33.85500000    7.71702102
   33.88000000    7.72226595
   33.90500000    7.72838862
   33.93000000    7.73779255
   33.95500000    7.75167362
   33.98000000    7.76897848
   34.00500000    7.78759774
   34.03000000    7.80608945
   34.05500000    7.82319910
   34.08000000    7.83626501
   34.10500000    7.84485642
   34.13000000    7.85070861
   34.15500000    7.85607936
   34.18000000    7.86132772
   34.20500000    7.86614391
   34.23000000    7.87227963
   34.25500000    7.88177137
   34.28000000    7.89389552
   34.30500000    7.90709026
   34.33000000    7.91990759
   34.35500000    7.93212484
   34.38000000    7.94409320
   34.40500000    7.95671673
   34.43000000    7.97132448
   34.45500000    7.98859115
   34.48000000    8.00730828
   34.50500000    8.02539148
   34.53000000    8.04147093
   34.55500000    8.05477340
   34.58000000    8.06506687
   34.60500000    8.07345313
   34.63000000    8.08283956
   34.65500000    8.09509086
   34.68000000    8.10806925
   34.70500000    8.11951266
   34.73000000    8.12974609
   34.75500000    8.13887283
   34.78000000    8.14751953
   34.80500000    8.15742580
   34.83000000    8.16939787
   34.85500000    8.18318635
   34.88000000    8.19844521
   34.90500000    8.21383336
   34.93000000    8.22876466
   34.95500000    8.24328741
   34.98000000    8.25589529
   35.00500000    8.26697219
   35.03000000    8.27652524
   35.05500000    8.28502583
   35.08000000    8.29528928
   35.10500000    8.30894980
   35.13000000    8.32457504
   35.15500000    8.34035760
   35.18000000    8.35412783
   35.20500000    8.36260404
   35.23000000    8.36555684
   35.25500000    8.36558014
   35.28000000    8.36560850
   35.30500000    8.36808925
   35.33000000    8.37259709
   35.35500000    8.37700386
   35.38000000    8.38055757
   35.40500000    8.38312522
   35.43000000    8.38527090
   35.45500000    8.38904337
   35.48000000    8.39567319
   35.50500000    8.40541663
   35.53000000    8.41862982
   35.55500000    8.43340521
   35.58000000    8.44524450
   35.60500000    8.45298915
   35.63000000    8.45927520
   35.65500000    8.46350154
   35.68000000    8.46318628
   35.70500000    8.46025226
   35.73000000    8.45848306
   35.75500000    8.45889464
   35.78000000    8.46127346
   35.80500000    8.46642840
   35.83000000    8.47617441
   35.85500000    8.49105138
   35.88000000    8.50917700
   35.90500000    8.52952068
   35.93000000    8.55171258
   35.95500000    8.57551060
   35.98000000    8.59831131
   36.00500000    8.61612502
   36.03000000    8.62811251
   36.05500000    8.63459040
   36.08000000    8.63526012
   36.10500000    8.63080930
   36.13000000    8.62381816
   36.15500000    8.61677509
   36.18000000    8.61051620
   36.20500000    8.60437285
   36.23000000    8.59810428
   36.25500000    8.59200475
   36.28000000    8.58613601
   36.30500000    8.58031400
   36.33000000    8.57467538
   36.35500000    8.56908504
   36.38000000    8.56317396
   36.40500000    8.55703156
   36.43000000    8.55152111
   36.45500000    8.54961753
   36.48000000    8.55258552
   36.50500000    8.56015552
   36.53000000    8.57453389
   36.55500000    8.59664661
   36.58000000    8.62188138
   36.60500000    8.64383970
   36.63000000    8.65834666
   36.65500000    8.66597121
   36.68000000    8.66987599
   36.70500000    8.67261968
   36.73000000    8.67544888
   36.75500000    8.67975522
   36.78000000    8.68662835
   36.80500000    8.69603955
   36.83000000    8.70500898
   36.85500000    8.71013816
   36.88000000    8.71209374
   36.90500000    8.71404939
   36.93000000    8.71790973
   36.95500000    8.72373141
   36.98000000    8.73021083
   37.00500000    8.73547998
   37.03000000    8.74047183
   37.05500000    8.74699522
   37.08000000    8.75447923
   37.10500000    8.76179825
   37.13000000    8.76811985
   37.15500000    8.77263001
   37.18000000    8.77464237
   37.20500000    8.77269859
   37.23000000    8.76536207
   37.25500000    8.75282057
   37.28000000    8.73860211
   37.30500000    8.72698960
   37.33000000    8.71946221
   37.35500000    8.71680668
   37.38000000    8.72126545
   37.40500000    8.73393746
   37.43000000    8.75280694
   37.45500000    8.77359651
   37.48000000    8.79208949
   37.50500000    8.80623855
   37.53000000    8.81646936
   37.55500000    8.82371163
   37.58000000    8.82749971
   37.60500000    8.82782735
   37.63000000    8.82597020
   37.65500000    8.82400664
   37.68000000    8.82331122
   37.70500000    8.82444561
   37.73000000    8.82705829
   37.75500000    8.83140586
   37.78000000    8.83609581
   37.80500000    8.83811105
   37.83000000    8.83685869
   37.85500000    8.83350268
   37.88000000    8.82953632
   37.90500000    8.82707982
   37.93000000    8.82676053
   37.95500000    8.82858013
   37.98000000    8.83426425
   38.00500000    8.84647437
   38.03000000    8.86419558
   38.05500000    8.88289498
   38.08000000    8.89974751
   38.10500000    8.91580186
   38.13000000    8.93395446
   38.15500000    8.95449094
   38.18000000    8.97371095
   38.20500000    8.98679762
   38.23000000    8.99143577
   38.25500000    8.98791505
   38.28000000    8.97792214
   38.30500000    8.96480229
   38.33000000    8.95266931
   38.35500000    8.94577338
   38.38000000    8.94478973
   38.40500000    8.94779121
   38.43000000    8.95377881
   38.45500000    8.96170727
   38.48000000    8.97012258
   38.50500000    8.97831717
   38.53000000    8.98454940
   38.55500000    8.98863987
   38.58000000    8.99308980
   38.60500000    9.00100902
   38.63000000    9.01539235
   38.65500000    9.03415310
   38.68000000    9.05229346
   38.70500000    9.06848240
   38.73000000    9.08272718
   38.75500000    9.09526390
   38.78000000    9.10679078
   38.80500000    9.11813713
   38.83000000    9.12638727
   38.85500000    9.12834562
   38.88000000    9.12443742
   38.90500000    9.11892257
   38.93000000    9.11681136
   38.95500000    9.12087600
   38.98000000    9.13012563
   39.00500000    9.14031653
   39.03000000    9.14795608
   39.05500000    9.14941596
   39.08000000    9.14305108
   39.10500000    9.13196198
   39.13000000    9.12169995
   39.15500000    9.11611879
   39.18000000    9.11653515
   39.20500000    9.12098361
   39.23000000    9.12659240
   39.25500000    9.13236418
   39.28000000    9.13723384
   39.30500000    9.13890099
   39.33000000    9.13538380
   39.35500000    9.12636048
   39.38000000    9.11346492
   39.40500000    9.09936385
   39.43000000    9.08684922
   39.45500000    9.07919997
   39.48000000    9.07907818
   39.50500000    9.08484234
   39.53000000    9.09344023
   39.55500000    9.10206091
   39.58000000    9.10677536
   39.60500000    9.10770880
   39.63000000    9.10771562
   39.65500000    9.10877635
   39.68000000    9.10853040
   39.70500000    9.10463810
   39.73000000    9.10072204
   39.75500000    9.10233667
   39.78000000    9.10994188
   39.80500000    9.12158191
   39.83000000    9.13467509
   39.85500000    9.14628537
   39.88000000    9.15498387
   39.90500000    9.16299534
   39.93000000    9.17489152
   39.95500000    9.19354294
   39.98000000    9.21830586
   40.00500000    9.24714263
   40.03000000    9.27398545
   40.05500000    9.29259706
   40.08000000    9.30244686
   40.10500000    9.30696842
   40.13000000    9.30784946
   40.15500000    9.30543239
   40.18000000    9.30136921
   40.20500000    9.29896817
   40.23000000    9.29982727
   40.25500000    9.30441873
   40.28000000    9.31172719
   40.30500000    9.32028087
   40.33000000    9.33097968
   40.35500000    9.34368171
   40.38000000    9.35571301
   40.40500000    9.36530030
   40.43000000    9.37239647
   40.45500000    9.37756032
   40.48000000    9.38089570
   40.50500000    9.38345381
   40.53000000    9.38612994
   40.55500000    9.38835498
   40.58000000    9.39043929
   40.60500000    9.39573773
   40.63000000    9.40585966
   40.65500000    9.41920191
   40.68000000    9.43246810
   40.70500000    9.44261637
   40.73000000    9.44849602
   40.75500000    9.45093917
   40.78000000    9.45427915
   40.80500000    9.46287557
   40.83000000    9.47915286
   40.85500000    9.50065983
   40.88000000    9.52088171
   40.90500000    9.53269161
   40.93000000    9.53293914
   40.95500000    9.52444604
   40.98000000    9.51360024
   41.00500000    9.50683206
   41.03000000    9.50675781
   41.05500000    9.51119497
   41.08000000    9.51452913
   41.10500000    9.51296651
   41.13000000    9.50654260
   41.15500000    9.49621059
   41.18000000    9.48261070
   41.20500000    9.46839638
   41.23000000    9.45685866
   41.25500000    9.45059366
   41.28000000    9.45202908
   41.30500000    9.46014789
   41.33000000    9.47421610
   41.35500000    9.49334360
   41.38000000    9.51488858
   41.40500000    9.53472630
   41.43000000    9.55126167
   41.45500000    9.56447217
   41.48000000    9.57655752
   41.50500000    9.58970599
   41.53000000    9.60171156
   41.55500000    9.61043930
   41.58000000    9.61559815
   41.60500000    9.61842388
   41.63000000    9.62169524
   41.65500000    9.62579815
   41.68000000    9.62837595
   41.70500000    9.62829113
   41.73000000    9.62587791
   41.75500000    9.62246531
   41.78000000    9.61993993
   41.80500000    9.61934438
   41.83000000    9.61921211
   41.85500000    9.61765528
   41.88000000    9.61597205
   41.90500000    9.61851111
   41.93000000    9.62828235
   41.95500000    9.64532011
   41.98000000    9.66822989
   42.00500000    9.69459668
   42.03000000    9.71988563
   42.05500000    9.74076090
   42.08000000    9.75689307
   42.10500000    9.76899673
   42.13000000    9.77860720
   42.15500000    9.78710155
   42.18000000    9.79373702
   42.20500000    9.79771089
   42.23000000    9.79983668
   42.25500000    9.80276762
   42.28000000    9.80741057
   42.30500000    9.81140397
   42.33000000    9.81349123
   42.35500000    9.81617207
   42.38000000    9.82277507
   42.40500000    9.83398398
   42.43000000    9.84772902
   42.45500000    9.86104327
   42.48000000    9.86995917
   42.50500000    9.87141865
   42.53000000    9.86682871
   42.55500000    9.85906370
   42.58000000    9.84833696
   42.60500000    9.83599222
   42.63000000    9.82777229
   42.65500000    9.82770289
   42.68000000    9.83569957
   42.70500000    9.84754164
   42.73000000    9.85960254
   42.75500000    9.87112769
   42.78000000    9.88206667
   42.80500000    9.89182502
   42.83000000    9.89977857
   42.85500000    9.90635914
   42.88000000    9.91307515
   42.90500000    9.92204691
   42.93000000    9.93201956
   42.95500000    9.93998920
   42.98000000    9.94355216
   43.00500000    9.94149762
   43.03000000    9.93478211
   43.05500000    9.92459639
   43.08000000    9.91198824
   43.10500000    9.90016382
   43.13000000    9.89326011
   43.15500000    9.89098060
   43.18000000    9.89261819
   43.20500000    9.89717183
   43.23000000    9.90463293
   43.25500000    9.91562933
   43.28000000    9.92958192
   43.30500000    9.94628941
   43.33000000    9.96415392
   43.35500000    9.97955087
   43.38000000    9.98782779
   43.40500000    9.98676680
   43.43000000    9.98038398
   43.45500000    9.97483376
   43.48000000    9.97478128
   43.50500000    9.98036752
   43.53000000    9.98385076
   43.55500000    9.97963681
   43.58000000    9.97079544
   43.60500000    9.96126999
   43.63000000    9.95379979
   43.65500000    9.94955067
   43.68000000    9.94774039
   43.70500000    9.94827070
   43.73000000    9.95170042
   43.75500000    9.95544715
   43.78000000    9.95758570
   43.80500000    9.96010429
   43.83000000    9.96526745
   43.85500000    9.97422684
   43.88000000    9.98659443
   43.90500000    9.99956168
   43.93000000   10.01119679
   43.95500000   10.01949038
   43.98000000   10.02030043
   44.00500000   10.01462077
   44.03000000   10.00871578
   44.05500000   10.00542046
   44.08000000   10.00379956
   44.10500000   10.00375498
   44.13000000   10.00868123
   44.15500000   10.02057666
   44.18000000   10.03767265
   44.20500000   10.05678556
   44.23000000   10.07720631
   44.25500000   10.09682528
   44.28000000   10.10996027
   44.30500000   10.11426253
   44.33000000   10.11487531
   44.35500000   10.11761977
   44.38000000   10.12378823
   44.40500000   10.13246865
   44.43000000   10.14369980
   44.45500000   10.15471663
   44.48000000   10.16438978
   44.50500000   10.17566502
   44.53000000   10.19061604
   44.55500000   10.20743198
   44.58000000   10.22355544
   44.60500000   10.23838344
   44.63000000   10.25137372
   44.65500000   10.26388344
   44.68000000   10.27806096
   44.70500000   10.29525216
   44.73000000   10.31518078
   44.75500000   10.33490602
   44.78000000   10.35218976
   44.80500000   10.36673921
   44.83000000   10.37772466
   44.85500000   10.38518671
   44.88000000   10.39221773
   44.90500000   10.40119157
   44.93000000   10.41286673
   44.95500000   10.42705397
   44.98000000   10.44174005
   45.00500000   10.45215570
   45.03000000   10.45678966
   45.05500000   10.45885346
   45.08000000   10.45945634
   45.10500000   10.45810498
   45.13000000   10.45632737
   45.15500000   10.45816651
   45.18000000   10.46635892
   45.20500000   10.47838594
   45.23000000   10.48753365
   45.25500000   10.48893657
   45.28000000   10.48430877
   45.30500000   10.47750360
   45.33000000   10.47274549
   45.35500000   10.47427246
   45.38000000   10.47945861
   45.40500000   10.48027996
   45.43000000   10.47416972
   45.45500000   10.46353635
   45.48000000   10.44990274
   45.50500000   10.43571418
   45.53000000   10.42292027
   45.55500000   10.41352747
   45.58000000   10.40953578
   45.60500000   10.40932509
   45.63000000   10.40954989
   45.65500000   10.40666610
   45.68000000   10.40043284
   45.70500000   10.39575511
   45.73000000   10.39723870
   45.75500000   10.40650062
   45.78000000   10.42088064
   45.80500000   10.43530819
   45.83000000   10.44810894
   45.85500000   10.45874718
   45.88000000   10.46612696
   45.90500000   10.47247154
   45.93000000   10.47696303
   45.95500000   10.47598585
   45.98000000   10.46746825
   46.00500000   10.45239932
   46.03000000   10.43408061
   46.05500000   10.41745891
   46.08000000   10.40679637
   46.10500000   10.40342583
   46.13000000   10.40467639
   46.15500000   10.40462315
   46.18000000   10.39958360
   46.20500000   10.39343437
   46.23000000   10.39237576
   46.25500000   10.40022514
   46.28000000   10.41595398
   46.30500000   10.43212196
   46.33000000   10.44132793
   46.35500000   10.44499975
   46.38000000   10.44619220
   46.40500000   10.44627661
   46.43000000   10.44681198
   46.45500000   10.44730428
   46.48000000   10.44645134
   46.50500000   10.44440678
   46.53000000   10.44357285
   46.55500000   10.44654183
   46.58000000   10.45523267
   46.60500000   10.47003984
   46.63000000   10.48850014
   46.65500000   10.50666134
   46.68000000   10.52039788
   46.70500000   10.52867115
   46.73000000   10.53389979
   46.75500000   10.54064111
   46.78000000   10.54869480
   46.80500000   10.55449218
   46.83000000   10.55637786
   46.85500000   10.55652640
   46.88000000   10.55878300
   46.90500000   10.56558943
   46.93000000   10.57590668
   46.95500000   10.58572207
   46.98000000   10.59426727
   47.00500000   10.60397337
   47.03000000   10.61418404
   47.05500000   10.62211539
   47.08000000   10.62614798
   47.10500000   10.62701751
   47.13000000   10.62486795
   47.15500000   10.61950092
   47.18000000   10.61210011
   47.20500000   10.60579645
   47.23000000   10.60490946
   47.25500000   10.61106569
   47.28000000   10.62042066
   47.30500000   10.62780808
   47.33000000   10.62902098
   47.35500000   10.62300742
   47.38000000   10.61440963
   47.40500000   10.60661402
   47.43000000   10.60041645
   47.45500000   10.59498607
   47.48000000   10.59121989
   47.50500000   10.59029253
   47.53000000   10.59082469
   47.55500000   10.59263000
   47.58000000   10.59623334
   47.60500000   10.60282311
   47.63000000   10.61301720
   47.65500000   10.62397432
   47.68000000   10.63441517
   47.70500000   10.64563632
   47.73000000   10.65841007
   47.75500000   10.67204755
   47.78000000   10.68533837
   47.80500000   10.69831749
   47.83000000   10.71145030
   47.85500000   10.72682787
   47.88000000   10.74537800
   47.90500000   10.76707495
   47.93000000   10.79050108
   47.95500000   10.81103297
   47.98000000   10.82377290
   48.00500000   10.82762747
   48.03000000   10.82512537
   48.05500000   10.82033110
   48.08000000   10.81419085
   48.10500000   10.80708902
   48.13000000   10.80227917
   48.15500000   10.80231613
   48.18000000   10.80485808
   48.20500000   10.80496953
   48.23000000   10.79953832
   48.25500000   10.78732950
   48.28000000   10.76951810
   48.30500000   10.75139243
   48.33000000   10.74068823
   48.35500000   10.73958583
   48.38000000   10.74516858
   48.40500000   10.75458502
   48.43000000   10.76419511
   48.45500000   10.76985918
   48.48000000   10.77045823
   48.50500000   10.76778665
   48.53000000   10.76290372
   48.55500000   10.75680606
   48.58000000   10.75202217
   48.60500000   10.74742976
   48.63000000   10.73940798
   48.65500000   10.72863223
   48.68000000   10.71810742
   48.70500000   10.71061541
   48.73000000   10.70776205
   48.75500000   10.71026898
   48.78000000   10.71834824
   48.80500000   10.73098216
   48.83000000   10.74584034
   48.85500000   10.76030163
   48.88000000   10.77225090
   48.90500000   10.78006252
   48.93000000   10.78271856
   48.95500000   10.78023731
   48.98000000   10.77660653
   49.00500000   10.77593941
   49.03000000   10.77916646
   49.05500000   10.78420763
   49.08000000   10.79081496
   49.10500000   10.80185797
   49.13000000   10.82012955
   49.15500000   10.84514532
   49.18000000   10.87122692
   49.20500000   10.88977901
   49.23000000   10.89549344
   49.25500000   10.88931827
   49.28000000   10.87609739
   49.30500000   10.86106992
   49.33000000   10.84974988
   49.35500000   10.84461420
   49.38000000   10.84532233
   49.40500000   10.85028787
   49.43000000   10.85522112
   49.45500000   10.85897554
   49.48000000   10.86478106
   49.50500000   10.87560926
   49.53000000   10.89190837
   49.55500000   10.90915335
   49.58000000   10.92301093
   49.60500000   10.93392959
   49.63000000   10.94541122
   49.65500000   10.96032793
   49.68000000   10.97735784
   49.70500000   10.99428386
   49.73000000   11.01114205
   49.75500000   11.02774814
   49.78000000   11.04438964
   49.80500000   11.06194599
   49.83000000   11.07931650
   49.85500000   11.09583400
   49.88000000   11.11200924
   49.90500000   11.12655403
   49.93000000   11.13712994
   49.95500000   11.14359155
   49.98000000   11.14880409
