    0.00500000    0.00006770
    0.03000000    0.00241430
    0.05500000    0.00768540
    0.08000000    0.01480068
    0.10500000    0.02276572
    0.13000000    0.03110895
    0.15500000    0.03958974
    0.18000000    0.04771812
    0.20500000    0.05526121
    0.23000000    0.06272321
    0.25500000    0.07032625
    0.28000000    0.07792987
    0.30500000    0.08527765
    0.33000000    0.09225685
    0.35500000    0.09909982
    0.38000000    0.10613292
    0.40500000    0.11347798
    0.43000000    0.12114579
    0.45500000    0.12916079
    0.48000000    0.13732990
    0.50500000    0.14528260
    0.53000000    0.15281198
    0.55500000    0.16027692
    0.58000000    0.16783658
    0.60500000    0.17548735
    0.63000000    0.18324129
    0.65500000    0.19132139
    0.68000000    0.19957505
    0.70500000    0.20770217
    0.73000000    0.21551790
    0.75500000    0.22331527
    0.78000000    0.23131036
    0.80500000    0.23882078
    0.83000000    0.24557059
    0.85500000    0.25221327
    0.88000000    0.25949298
    0.90500000    0.26755507
    0.93000000    0.27578079
    0.95500000    0.28361593
    0.98000000    0.29151010
    1.00500000    0.29974280
    1.03000000    0.30781997
    1.05500000    0.31582483
    1.08000000    0.32411894
    1.10500000    0.33286595
    1.13000000    0.34227383
    1.15500000    0.35202701
    1.18000000    0.36146399
    1.20500000    0.37023394
    1.23000000    0.37844948
    1.25500000    0.38630596
    1.28000000    0.39356371
    1.30500000    0.40057540
    1.33000000    0.40813843
    1.35500000    0.41644545
    1.38000000    0.42558749
    1.40500000    0.43517679
    1.43000000    0.44425725
    1.45500000    0.45257379
    1.48000000    0.46010636
    1.50500000    0.46649769
    1.53000000    0.47160919
    1.55500000    0.47581297
    1.58000000    0.48012429
    1.60500000    0.48505564
    1.63000000    0.49069175
    1.65500000    0.49692180
    1.68000000    0.50305817
    1.70500000    0.50930113
    1.73000000    0.51595155
    1.75500000    0.52259336
    1.78000000    0.52862899
    1.80500000    0.53404009
    1.83000000    0.53951289
    1.85500000    0.54528842
    1.88000000    0.55119013
    1.90500000    0.55745820
    1.93000000    0.56425823
    1.95500000    0.57164551
    1.98000000    0.57974568
    2.00500000    0.58857149
    2.03000000    0.59814090
    2.05500000    0.60800971
    2.08000000    0.61729746
    2.10500000    0.62553118
    2.13000000    0.63271668
    2.15500000    0.63895148
    2.18000000    0.64419216
    2.20500000    0.64893022
    2.23000000    0.65352612
    2.25500000    0.65759338
    2.28000000    0.66133943
    2.30500000    0.66571117
    2.33000000    0.67171768
    2.35500000    0.67949728
    2.38000000    0.68826048
    2.40500000    0.69685337
    2.43000000    0.70483648
    2.45500000    0.71195784
    2.48000000    0.71805714
    2.50500000    0.72301564
    2.53000000    0.72725375
    2.55500000    0.73163231
    2.58000000    0.73676971
    2.60500000    0.74270673
    2.63000000    0.74923070
    2.65500000    0.75609278
    2.68000000    0.76399813
    2.70500000    0.77338863
    2.73000000    0.78407068
    2.75500000    0.79555243
    2.78000000    0.80711374
    2.80500000    0.81824005
    2.83000000    0.82814391
    2.85500000    0.83631864
    2.88000000    0.84263383
    2.90500000    0.84817392
    2.93000000    0.85385903
    2.95500000    0.86000520
    2.98000000    0.86672742
    3.00500000    0.87443859
    3.03000000    0.88296234
    3.05500000    0.89056057
    3.08000000    0.89589294
    3.10500000    0.89895985
    3.13000000    0.90080184
    3.15500000    0.90282691
    3.18000000    0.90599098
    3.20500000    0.91052006
    3.23000000    0.91622420
    3.25500000    0.92307226
    3.28000000    0.93111775
    3.30500000    0.93991744
    3.33000000    0.94897504
    3.35500000    0.95769252
    3.38000000    0.96545254
    3.40500000    0.97219447
    3.43000000    0.97868805
    3.45500000    0.98524378
    3.48000000    0.99140463
    3.50500000    0.99732388
    3.53000000    1.00329450
    3.55500000    1.00898231
    3.58000000    1.01390245
    3.60500000    1.01784382
    3.63000000    1.02125040
    3.65500000    1.02511840
    3.68000000    1.03010160
    3.70500000    1.03645553
    3.73000000    1.04452546
    3.75500000    1.05461443
    3.78000000    1.06561704
    3.80500000    1.07592205
    3.83000000    1.08465643
    3.85500000    1.09149200
    3.88000000    1.09708568
    3.90500000    1.10242625
    3.93000000    1.10783451
    3.95500000    1.11370687
    3.98000000    1.11991590
    4.00500000    1.12578948
    4.03000000    1.13096625
    4.05500000    1.13591311
    4.08000000    1.14059736
    4.10500000    1.14384891
    4.13000000    1.14515837
    4.15500000    1.14576444
    4.18000000    1.14739188
    4.20500000    1.15087780
    4.23000000    1.15597982
    4.25500000    1.16223542
    4.28000000    1.16981121
    4.30500000    1.17840677
    4.33000000    1.18692578
    4.35500000    1.19450297
    4.38000000    1.20094584
    4.40500000    1.20663168
    4.43000000    1.21200019
    4.45500000    1.21729236
    4.48000000    1.22260011
    4.50500000    1.22724365
    4.53000000    1.23115060
    4.55500000    1.23507007
    4.58000000    1.23933897
    4.60500000    1.24408357
    4.63000000    1.24885920
    4.65500000    1.25346798
    4.68000000    1.25856797
    4.70500000    1.26452882
    4.73000000    1.27119741
    4.75500000    1.27844343
    4.78000000    1.28646661
    4.80500000    1.29478122
    4.83000000    1.30224226
    4.85500000    1.30812591
    4.88000000    1.31306734
    4.90500000    1.31817962
    4.93000000    1.32387982
    4.95500000    1.33045124
    4.98000000    1.33857365
    5.00500000    1.34818634
    5.03000000    1.35868498
    5.05500000    1.37016401
    5.08000000    1.38138836
    5.10500000    1.39079601
    5.13000000    1.39940920
    5.15500000    1.40911857
    5.18000000    1.42025794
    5.20500000    1.43200193
    5.23000000    1.44296342
    5.25500000    1.45253859
    5.28000000    1.46089362
    5.30500000    1.46822436
    5.33000000    1.47530106
    5.35500000    1.48238229
    5.38000000    1.48898940
    5.40500000    1.49536035
    5.43000000    1.50198655
    5.45500000    1.50893270
    5.48000000    1.51610860
    5.50500000    1.52328645
    5.53000000    1.52955573
    5.55500000    1.53463384
    5.58000000    1.53936470
    5.60500000    1.54353711
    5.63000000    1.54710554
    5.65500000    1.55086568
    5.68000000    1.55573677
    5.70500000    1.56169164
    5.73000000    1.56839491
    5.75500000    1.57572408
    5.78000000    1.58284825
    5.80500000    1.58905065
    5.83000000    1.59457854
    5.85500000    1.59924065
    5.88000000    1.60274735
    5.90500000    1.60600882
    5.93000000    1.61008850
    5.95500000    1.61541909
    5.98000000    1.62140377
    6.00500000    1.62685006
    6.03000000    1.63188037
    6.05500000    1.63732743
    6.08000000    1.64352235
    6.10500000    1.65040957
    6.13000000    1.65767440
    6.15500000    1.66541866
    6.18000000    1.67315022
    6.20500000    1.68029644
    6.23000000    1.68690812
    6.25500000    1.69332363
    6.28000000    1.70009743
    6.30500000    1.70722284
    6.33000000    1.71487731
    6.35500000    1.72330707
    6.38000000    1.73202744
    6.40500000    1.73972411
    6.43000000    1.74600805
    6.45500000    1.75103699
    6.48000000    1.75482517
    6.50500000    1.75793566
    6.53000000    1.76081736
    6.55500000    1.76495700
    6.58000000    1.77201499
    6.60500000    1.78208273
    6.63000000    1.79339690
    6.65500000    1.80445734
    6.68000000    1.81512027
    6.70500000    1.82589628
    6.73000000    1.83810296
    6.75500000    1.85299323
    6.78000000    1.86975681
    6.80500000    1.88546296
    6.83000000    1.89806851
    6.85500000    1.90699817
    6.88000000    1.91391640
    6.90500000    1.92162527
    6.93000000    1.93109614
    6.95500000    1.94153406
    6.98000000    1.95071692
    7.00500000    1.95765496
    7.03000000    1.96339211
    7.05500000    1.96918352
    7.08000000    1.97704971
    7.10500000    1.98689459
    7.13000000    1.99695883
    7.15500000    2.00589372
    7.18000000    2.01271965
    7.20500000    2.01843279
    7.23000000    2.02397434
    7.25500000    2.02825460
    7.28000000    2.02982858
    7.30500000    2.02863399
    7.33000000    2.02585603
    7.35500000    2.02309386
    7.38000000    2.02067386
    7.40500000    2.01823072
    7.43000000    2.01670610
    7.45500000    2.01749785
    7.48000000    2.01963658
    7.50500000    2.02156359
    7.53000000    2.02352203
    7.55500000    2.02683598
    7.58000000    2.03264953
    7.60500000    2.04076190
    7.63000000    2.04989695
    7.65500000    2.05903043
    7.68000000    2.06858429
    7.70500000    2.07822241
    7.73000000    2.08716322
    7.75500000    2.09557382
    7.78000000    2.10395204
    7.80500000    2.11235602
    7.83000000    2.12106456
    7.85500000    2.12992524
    7.88000000    2.13753956
    7.90500000    2.14189263
    7.93000000    2.14368430
    7.95500000    2.14472452
    7.98000000    2.14525948
    8.00500000    2.14492760
    8.03000000    2.14388442
    8.05500000    2.14296050
    8.08000000    2.14319747
    8.10500000    2.14481151
    8.13000000    2.14758261
    8.15500000    2.15154019
    8.18000000    2.15682512
    8.20500000    2.16295636
    8.23000000    2.16798878
    8.25500000    2.17152041
    8.28000000    2.17507535
    8.30500000    2.18080703
    8.33000000    2.18880199
    8.35500000    2.19746068
    8.38000000    2.20499411
    8.40500000    2.21034201
    8.43000000    2.21429364
    8.45500000    2.21826604
    8.48000000    2.22206111
    8.50500000    2.22522594
    8.53000000    2.22900951
    8.55500000    2.23521579
    8.58000000    2.24344959
    8.60500000    2.25196911
    8.63000000    2.25974021
    8.65500000    2.26566367
    8.68000000    2.26899322
    8.70500000    2.27002724
    8.73000000    2.26922305
    8.75500000    2.26723491
    8.78000000    2.26497740
    8.80500000    2.26312317
    8.83000000    2.26193667
    8.85500000    2.26125230
    8.88000000    2.26146017
    8.90500000    2.26253014
    8.93000000    2.26446241
    8.95500000    2.26775056
    8.98000000    2.27241224
    9.00500000    2.27862631
    9.03000000    2.28681058
    9.05500000    2.29602418
    9.08000000    2.30512116
    9.10500000    2.31424144
    9.13000000    2.32283050
    9.15500000    2.33032276
    9.18000000    2.33690259
    9.20500000    2.34196119
    9.23000000    2.34553165
    9.25500000    2.34859147
    9.28000000    2.35163363
    9.30500000    2.35496066
    9.33000000    2.35918098
    9.35500000    2.36414197
    9.38000000    2.36845988
    9.40500000    2.37121214
    9.43000000    2.37192376
    9.45500000    2.37042814
    9.48000000    2.36742166
    9.50500000    2.36366020
    9.53000000    2.36049033
    9.55500000    2.35972744
    9.58000000    2.36180056
    9.60500000    2.36681434
    9.63000000    2.37360071
    9.65500000    2.38000589
    9.68000000    2.38481356
    9.70500000    2.38764881
    9.73000000    2.38902080
    9.75500000    2.38971446
    9.78000000    2.39009233
    9.80500000    2.39021324
    9.83000000    2.38958382
    9.85500000    2.38752776
    9.88000000    2.38341398
    9.90500000    2.37786794
    9.93000000    2.37273039
    9.95500000    2.36921945
    9.98000000    2.36754755
   10.00500000    2.36785530
   10.03000000    2.36928796
   10.05500000    2.37011026
   10.08000000    2.37060159
   10.10500000    2.37202746
   10.13000000    2.37531680
   10.15500000    2.38020563
   10.18000000    2.38514885
   10.20500000    2.38930503
   10.23000000    2.39381831
   10.25500000    2.39953465
   10.28000000    2.40578506
   10.30500000    2.41244698
   10.33000000    2.41947887
   10.35500000    2.42642869
   10.38000000    2.43256330
   10.40500000    2.43611437
   10.43000000    2.43716632
   10.45500000    2.43741668
   10.48000000    2.43722921
   10.50500000    2.43669638
   10.53000000    2.43658257
   10.55500000    2.43791299
   10.58000000    2.44162656
   10.60500000    2.44818683
   10.63000000    2.45680820
   10.65500000    2.46608225
   10.68000000    2.47537068
   10.70500000    2.48435202
   10.73000000    2.49092028
   10.75500000    2.49412681
   10.78000000    2.49547356
   10.80500000    2.49661015
   10.83000000    2.49888232
   10.85500000    2.50280914
   10.88000000    2.50784738
   10.90500000    2.51405698
   10.93000000    2.52213182
   10.95500000    2.53255999
   10.98000000    2.54453013
   11.00500000    2.55661884
   11.03000000    2.56750362
   11.05500000    2.57534276
   11.08000000    2.57942674
   11.10500000    2.58152618
   11.13000000    2.58366251
   11.15500000    2.58652109
   11.18000000    2.59095296
   11.20500000    2.59748895
   11.23000000    2.60469609
   11.25500000    2.61109084
   11.28000000    2.61719953
   11.30500000    2.62375641
   11.33000000    2.63165933
   11.35500000    2.64184980
   11.38000000    2.65412215
   11.40500000    2.66683623
   11.43000000    2.67713281
   11.45500000    2.68422369
   11.48000000    2.68836959
   11.50500000    2.68893663
   11.53000000    2.68715036
   11.55500000    2.68720673
   11.58000000    2.69236135
   11.60500000    2.70259560
   11.63000000    2.71484610
   11.65500000    2.72543462
   11.68000000    2.73301854
   11.70500000    2.73830538
   11.73000000    2.74231267
   11.75500000    2.74623357
   11.78000000    2.75149388
   11.80500000    2.75807134
   11.83000000    2.76607650
   11.85500000    2.77609423
   11.88000000    2.78812177
   11.90500000    2.80149960
   11.93000000    2.81525964
   11.95500000    2.82932742
   11.98000000    2.84382692
   12.00500000    2.85769074
   12.03000000    2.86964900
   12.05500000    2.87952398
   12.08000000    2.88870044
   12.10500000    2.89892103
   12.13000000    2.91065419
   12.15500000    2.92281759
   12.18000000    2.93352521
   12.20500000    2.94162503
   12.23000000    2.94810895
   12.25500000    2.95364857
   12.28000000    2.95779815
   12.30500000    2.95988816
   12.33000000    2.95921853
   12.35500000    2.95515410
   12.38000000    2.94859720
   12.40500000    2.94116803
   12.43000000    2.93475656
   12.45500000    2.93060409
   12.48000000    2.93015547
   12.50500000    2.93426501
   12.53000000    2.94153260
   12.55500000    2.94945240
   12.58000000    2.95624877
   12.60500000    2.96138383
   12.63000000    2.96542261
   12.65500000    2.97028342
   12.68000000    2.97754152
   12.70500000    2.98636485
   12.73000000    2.99505970
   12.75500000    3.00153427
   12.78000000    3.00469204
   12.80500000    3.00574231
   12.83000000    3.00650303
   12.85500000    3.01017810
   12.88000000    3.01791616
   12.90500000    3.02703276
   12.93000000    3.03374695
   12.95500000    3.03663520
   12.98000000    3.03667249
   13.00500000    3.03550616
   13.03000000    3.03567697
   13.05500000    3.03887315
   13.08000000    3.04471263
   13.10500000    3.05100619
   13.13000000    3.05583619
   13.15500000    3.05920602
   13.18000000    3.06154068
   13.20500000    3.06190900
   13.23000000    3.06165535
   13.25500000    3.06318754
   13.28000000    3.06781080
   13.30500000    3.07568752
   13.33000000    3.08589090
   13.35500000    3.09589930
   13.38000000    3.10321601
   13.40500000    3.10693187
   13.43000000    3.10931821
   13.45500000    3.11370230
   13.48000000    3.12058697
   13.50500000    3.12865673
   13.53000000    3.13614629
   13.55500000    3.14297863
   13.58000000    3.15108218
   13.60500000    3.15985945
   13.63000000    3.16703409
   13.65500000    3.17126343
   13.68000000    3.17372806
   13.70500000    3.17573721
   13.73000000    3.17874300
   13.75500000    3.18360311
   13.78000000    3.19008486
   13.80500000    3.19715981
   13.83000000    3.20469272
   13.85500000    3.21327629
   13.88000000    3.22346127
   13.90500000    3.23429630
   13.93000000    3.24403213
   13.95500000    3.25171029
   13.98000000    3.25711536
   14.00500000    3.26145867
   14.03000000    3.26625979
   14.05500000    3.27233175
   14.08000000    3.28031762
   14.10500000    3.29067996
   14.13000000    3.30243111
   14.15500000    3.31396386
   14.18000000    3.32379824
   14.20500000    3.33113509
   14.23000000    3.33593289
   14.25500000    3.33827722
   14.28000000    3.33798152
   14.30500000    3.33469418
   14.33000000    3.32942990
   14.35500000    3.32347860
   14.38000000    3.31767551
   14.40500000    3.31354252
   14.43000000    3.31288340
   14.45500000    3.31608170
   14.48000000    3.32264509
   14.50500000    3.33124380
   14.53000000    3.33955613
   14.55500000    3.34628536
   14.58000000    3.35268531
   14.60500000    3.36016476
   14.63000000    3.36899853
   14.65500000    3.37918747
   14.68000000    3.39051002
   14.70500000    3.40290462
   14.73000000    3.41633429
   14.75500000    3.42931928
   14.78000000    3.44160955
   14.80500000    3.45379197
   14.83000000    3.46424646
   14.85500000    3.47098039
   14.88000000    3.47382329
   14.90500000    3.47456267
   14.93000000    3.47606066
   14.95500000    3.48063203
   14.98000000    3.48821937
   15.00500000    3.49766921
   15.03000000    3.50820567
   15.05500000    3.51901084
   15.08000000    3.52884618
   15.10500000    3.53734380
   15.13000000    3.54647116
   15.15500000    3.55812115
   15.18000000    3.57207106
   15.20500000    3.58792856
   15.23000000    3.60475199
   15.25500000    3.62133869
   15.28000000    3.63693541
   15.30500000    3.64997139
   15.33000000    3.65904520
   15.35500000    3.66432509
   15.38000000    3.66671605
   15.40500000    3.66830238
   15.43000000    3.67042685
   15.45500000    3.67357111
   15.48000000    3.67896589
   15.50500000    3.68839795
   15.53000000    3.70174254
   15.55500000    3.71638506
   15.58000000    3.73067320
   15.60500000    3.74357245
   15.63000000    3.75448270
   15.65500000    3.76319261
   15.68000000    3.76944451
   15.70500000    3.77475074
   15.73000000    3.78095861
   15.75500000    3.78734506
   15.78000000    3.79227322
   15.80500000    3.79579270
   15.83000000    3.79935148
   15.85500000    3.80387583
   15.88000000    3.80950247
   15.90500000    3.81652317
   15.93000000    3.82581242
   15.95500000    3.83678142
   15.98000000    3.84851828
   16.00500000    3.86071607
   16.03000000    3.87293694
   16.05500000    3.88472701
   16.08000000    3.89614136
   16.10500000    3.90780921
   16.13000000    3.91965385
   16.15500000    3.93162216
   16.18000000    3.94309993
   16.20500000    3.95336698
   16.23000000    3.96267339
   16.25500000    3.97298321
   16.28000000    3.98644525
   16.30500000    4.00313266
   16.33000000    4.02059534
   16.35500000    4.03630782
   16.38000000    4.04950452
   16.40500000    4.06021403
   16.43000000    4.06844854
   16.45500000    4.07526193
   16.48000000    4.08193815
   16.50500000    4.08736384
   16.53000000    4.09000415
   16.55500000    4.09037776
   16.58000000    4.09137540
   16.60500000    4.09412720
   16.63000000    4.09580172
   16.65500000    4.09600815
   16.68000000    4.09758813
   16.70500000    4.10327384
   16.73000000    4.11377688
   16.75500000    4.12772808
   16.78000000    4.14255033
   16.80500000    4.15644110
   16.83000000    4.16850288
   16.85500000    4.17856735
   16.88000000    4.18725706
   16.90500000    4.19464544
   16.93000000    4.20125672
   16.95500000    4.20665229
   16.98000000    4.20936939
   17.00500000    4.20960400
   17.03000000    4.21016542
   17.05500000    4.21315995
   17.08000000    4.21727472
   17.10500000    4.22227004
   17.13000000    4.22932644
   17.15500000    4.23951311
   17.18000000    4.25280701
   17.20500000    4.26695642
   17.23000000    4.28035395
   17.25500000    4.29283270
   17.28000000    4.30226758
   17.30500000    4.30684852
   17.33000000    4.30833819
   17.35500000    4.30906242
   17.38000000    4.30967523
   17.40500000    4.30954676
   17.43000000    4.30935068
   17.45500000    4.30962757
   17.48000000    4.30976851
   17.50500000    4.30965687
   17.53000000    4.30827166
   17.55500000    4.30341846
   17.58000000    4.29694370
   17.60500000    4.29125034
   17.63000000    4.28719332
   17.65500000    4.28474067
   17.68000000    4.28418322
   17.70500000    4.28603136
   17.73000000    4.29129750
   17.75500000    4.30057822
   17.78000000    4.31178940
   17.80500000    4.32096319
   17.83000000    4.32486585
   17.85500000    4.32298480
   17.88000000    4.31911594
   17.90500000    4.31578613
   17.93000000    4.31384534
   17.95500000    4.31398733
   17.98000000    4.31664500
   18.00500000    4.32209420
   18.03000000    4.32974185
   18.05500000    4.33800809
   18.08000000    4.34702497
   18.10500000    4.35703821
   18.13000000    4.36708000
   18.15500000    4.37653976
   18.18000000    4.38565694
   18.20500000    4.39419945
   18.23000000    4.40092438
   18.25500000    4.40589807
   18.28000000    4.41094890
   18.30500000    4.41851808
   18.33000000    4.42859739
   18.35500000    4.43935308
   18.38000000    4.44839913
   18.40500000    4.45427333
   18.43000000    4.45755390
   18.45500000    4.45979400
   18.48000000    4.46129820
   18.50500000    4.46281929
   18.53000000    4.46573945
   18.55500000    4.46983846
   18.58000000    4.47462009
   18.60500000    4.47820383
   18.63000000    4.47962102
   18.65500000    4.47969371
   18.68000000    4.47965498
   18.70500000    4.48099394
   18.73000000    4.48519641
   18.75500000    4.49274017
   18.78000000    4.50344533
   18.80500000    4.51659672
   18.83000000    4.53190009
   18.85500000    4.54916215
   18.88000000    4.56760740
   18.90500000    4.58612977
   18.93000000    4.60444440
   18.95500000    4.62119874
   18.98000000    4.63379289
   19.00500000    4.64038696
   19.03000000    4.64210626
   19.05500000    4.64153090
   19.08000000    4.64109774
   19.10500000    4.64204385
   19.13000000    4.64490705
   19.15500000    4.64871356
   19.18000000    4.65156246
   19.20500000    4.65276539
   19.23000000    4.65311548
   19.25500000    4.65215313
   19.28000000    4.64931520
   19.30500000    4.64580758
   19.33000000    4.64217369
   19.35500000    4.63650280
   19.38000000    4.62687751
   19.40500000    4.61474823
   19.43000000    4.60367980
   19.45500000    4.59628154
   19.48000000    4.59317402
   19.50500000    4.59293255
   19.53000000    4.59541689
   19.55500000    4.60165002
   19.58000000    4.61062952
   19.60500000    4.62138078
   19.63000000    4.63454791
   19.65500000    4.64855966
   19.68000000    4.66024149
   19.70500000    4.66812567
   19.73000000    4.67292104
   19.75500000    4.67744798
   19.78000000    4.68258616
   19.80500000    4.68853023
   19.83000000    4.69844866
   19.85500000    4.71422975
   19.88000000    4.73352883
   19.90500000    4.75359736
   19.93000000    4.77186346
   19.95500000    4.78595672
   19.98000000    4.79470015
   20.00500000    4.79829851
   20.03000000    4.79822684
   20.05500000    4.79654251
   20.08000000    4.79545127
   20.10500000    4.79747377
   20.13000000    4.80392514
   20.15500000    4.81348915
   20.18000000    4.82517359
   20.20500000    4.83586947
   20.23000000    4.84390267
   20.25500000    4.85248179
   20.28000000    4.86563461
   20.30500000    4.88474870
   20.33000000    4.90834416
   20.35500000    4.93266418
   20.38000000    4.95490446
   20.40500000    4.97529324
   20.43000000    4.99343332
   20.45500000    5.00841772
   20.48000000    5.02117888
   20.50500000    5.03379507
   20.53000000    5.04892829
   20.55500000    5.06752920
   20.58000000    5.08819815
   20.60500000    5.10779899
   20.63000000    5.12267963
   20.65500000    5.13253730
   20.68000000    5.14008035
   20.70500000    5.14797183
   20.73000000    5.15779474
   20.75500000    5.17115413
   20.78000000    5.18832414
   20.80500000    5.20838587
   20.83000000    5.23019759
   20.85500000    5.25203489
   20.88000000    5.27271042
   20.90500000    5.29246636
   20.93000000    5.31098283
   20.95500000    5.32679189
   20.98000000    5.33938530
   21.00500000    5.34944851
   21.03000000    5.35887206
   21.05500000    5.37057798
   21.08000000    5.38652220
   21.10500000    5.40582125
   21.13000000    5.42723068
   21.15500000    5.45081653
   21.18000000    5.47498932
   21.20500000    5.49639325
   21.23000000    5.51310701
   21.25500000    5.52543475
   21.28000000    5.53442992
   21.30500000    5.54265248
   21.33000000    5.55165158
   21.35500000    5.56106789
   21.38000000    5.57068518
   21.40500000    5.57939810
   21.43000000    5.58684820
   21.45500000    5.59269014
   21.48000000    5.59764839
   21.50500000    5.60426442
   21.53000000    5.61410345
   21.55500000    5.62694548
   21.58000000    5.64121351
   21.60500000    5.65484759
   21.63000000    5.66450886
   21.65500000    5.66730826
   21.68000000    5.66531828
   21.70500000    5.66370848
   21.73000000    5.66572455
   21.75500000    5.67136145
   21.78000000    5.67909766
   21.80500000    5.68806853
   21.83000000    5.69730853
   21.85500000    5.70589898
   21.88000000    5.71345435
   21.90500000    5.71871887
   21.93000000    5.72130073
   21.95500000    5.72357489
   21.98000000    5.72899935
   22.00500000    5.73986470
   22.03000000    5.75556665
   22.05500000    5.77389440
   22.08000000    5.79344389
   22.10500000    5.81222942
   22.13000000    5.82720913
   22.15500000    5.83591622
   22.18000000    5.83908879
   22.20500000    5.83920717
   22.23000000    5.83862990
   22.25500000    5.83752134
   22.28000000    5.83549539
   22.30500000    5.83392970
   22.33000000    5.83535718
   22.35500000    5.84138458
   22.38000000    5.85118764
   22.40500000    5.86372075
   22.43000000    5.87903559
   22.45500000    5.89715606
   22.48000000    5.91673248
   22.50500000    5.93517267
   22.53000000    5.95027144
   22.55500000    5.96158286
   22.58000000    5.96975746
   22.60500000    5.97711136
   22.63000000    5.98578394
   22.65500000    5.99604302
   22.68000000    6.00769781
   22.70500000    6.02040484
   22.73000000    6.03303878
   22.75500000    6.04305638
   22.78000000    6.04802009
   22.80500000    6.04804923
   22.83000000    6.04464108
   22.85500000    6.03941933
   22.88000000    6.03474742
   22.90500000    6.03329816
   22.93000000    6.03734078
   22.95500000    6.04802278
   22.98000000    6.06424869
   23.00500000    6.08204710
   23.03000000    6.09808030
   23.05500000    6.11013497
   23.08000000    6.11697409
   23.10500000    6.11982722
   23.13000000    6.12061980
   23.15500000    6.12023280
   23.18000000    6.11920603
   23.20500000    6.11593719
   23.23000000    6.10951221
   23.25500000    6.10255920
   23.28000000    6.09741634
   23.30500000    6.09426428
   23.33000000    6.09330134
   23.35500000    6.09466414
   23.38000000    6.09790468
   23.40500000    6.10371485
   23.43000000    6.11243882
   23.45500000    6.12335824
   23.48000000    6.13460369
   23.50500000    6.14420131
   23.53000000    6.15080002
   23.55500000    6.15367258
   23.58000000    6.15368712
   23.60500000    6.15125206
   23.63000000    6.14752209
   23.65500000    6.14453483
   23.68000000    6.14391274
   23.70500000    6.14628973
   23.73000000    6.15003232
   23.75500000    6.15469175
   23.78000000    6.16202059
   23.80500000    6.17224278
   23.83000000    6.18242707
   23.85500000    6.18915965
   23.88000000    6.19241476
   23.90500000    6.19508489
   23.93000000    6.19758127
   23.95500000    6.19875503
   23.98000000    6.19931225
   24.00500000    6.20211201
   24.03000000    6.20910815
   24.05500000    6.21995800
   24.08000000    6.23166368
   24.10500000    6.24291133
   24.13000000    6.25493824
   24.15500000    6.26943217
   24.18000000    6.28864924
   24.20500000    6.31292663
   24.23000000    6.34034129
   24.25500000    6.36849490
   24.28000000    6.39416557
   24.30500000    6.41501358
   24.33000000    6.43025200
   24.35500000    6.44024977
   24.38000000    6.44705376
   24.40500000    6.45239460
   24.43000000    6.45830391
   24.45500000    6.46435281
   24.48000000    6.46903808
   24.50500000    6.47265518
   24.53000000    6.47751738
   24.55500000    6.48661512
   24.58000000    6.50033882
   24.60500000    6.51692717
   24.63000000    6.53299359
   24.65500000    6.54486334
   24.68000000    6.55127996
   24.70500000    6.55262861
   24.73000000    6.54971529
   24.75500000    6.54481678
   24.78000000    6.54121076
   24.80500000    6.53924595
   24.83000000    6.53792745
   24.85500000    6.53714593
   24.88000000    6.53762866
   24.90500000    6.53948245
   24.93000000    6.54187226
   24.95500000    6.54614674
   24.98000000    6.55335686
   25.00500000    6.56367798
   25.03000000    6.57563059
   25.05500000    6.58748837
   25.08000000    6.59711491
   25.10500000    6.60195163
   25.13000000    6.60215949
   25.15500000    6.60116656
   25.18000000    6.60078466
   25.20500000    6.60152995
   25.23000000    6.60197934
   25.25500000    6.60020644
   25.28000000    6.59583998
   25.30500000    6.59115757
   25.33000000    6.59009966
   25.35500000    6.59526662
   25.38000000    6.60455526
   25.40500000    6.61283702
   25.43000000    6.61795937
   25.45500000    6.62185536
   25.48000000    6.62614945
   25.50500000    6.63077631
   25.53000000    6.63444768
   25.55500000    6.63687857
   25.58000000    6.63930602
   25.60500000    6.64321796
   25.63000000    6.64905713
   25.65500000    6.65607902
   25.68000000    6.66450564
   25.70500000    6.67330100
   25.73000000    6.68241176
   25.75500000    6.69216780
   25.78000000    6.70057079
   25.80500000    6.70543016
   25.83000000    6.70576189
   25.85500000    6.70278191
   25.88000000    6.69828211
   25.90500000    6.69366331
   25.93000000    6.69034383
   25.95500000    6.69120762
   25.98000000    6.69852622
   26.00500000    6.70931821
   26.03000000    6.71760520
   26.05500000    6.71902497
   26.08000000    6.71354414
   26.10500000    6.70326835
   26.13000000    6.69159877
   26.15500000    6.68235751
   26.18000000    6.67693017
   26.20500000    6.67328818
   26.23000000    6.66964024
   26.25500000    6.66761684
   26.28000000    6.66972847
   26.30500000    6.67647649
   26.33000000    6.68350264
   26.35500000    6.68565306
   26.38000000    6.68265101
   26.40500000    6.67723053
   26.43000000    6.67224355
   26.45500000    6.66910709
   26.48000000    6.66907452
   26.50500000    6.67285103
   26.53000000    6.68022126
   26.55500000    6.68972861
   26.58000000    6.69660955
   26.60500000    6.69772936
   26.63000000    6.69650263
   26.65500000    6.69604746
   26.68000000    6.69799533
   26.70500000    6.70421872
   26.73000000    6.71448861
   26.75500000    6.72660045
   26.78000000    6.73785442
   26.80500000    6.74734628
   26.83000000    6.75523748
   26.85500000    6.76157117
   26.88000000    6.76702232
   26.90500000    6.77254618
   26.93000000    6.77956647
   26.95500000    6.78964294
   26.98000000    6.80439230
   27.00500000    6.82321585
   27.03000000    6.84250854
   27.05500000    6.85696189
   27.08000000    6.86472415
   27.10500000    6.86607575
   27.13000000    6.86260791
   27.15500000    6.85849228
   27.18000000    6.85859674
   27.20500000    6.86372103
   27.23000000    6.87281916
   27.25500000    6.88535595
   27.28000000    6.90008656
   27.30500000    6.91536521
   27.33000000    6.92898345
   27.35500000    6.93991455
   27.38000000    6.94744850
   27.40500000    6.95109547
   27.43000000    6.95135638
   27.45500000    6.94732620
   27.48000000    6.94155625
   27.50500000    6.93996230
   27.53000000    6.94592563
   27.55500000    6.95937816
   27.58000000    6.97703229
   27.60500000    6.99450033
   27.63000000    7.00895784
   27.65500000    7.01928128
   27.68000000    7.02529249
   27.70500000    7.02768854
   27.73000000    7.02660468
   27.75500000    7.02403678
   27.78000000    7.02182284
   27.80500000    7.01990504
   27.83000000    7.01953954
   27.85500000    7.02140906
   27.88000000    7.02249168
   27.90500000    7.01831229
   27.93000000    7.00834413
   27.95500000    6.99723525
   27.98000000    6.98974382
   28.00500000    6.98656489
   28.03000000    6.98555088
   28.05500000    6.98563922
   28.08000000    6.98708114
   28.10500000    6.98912875
   28.13000000    6.99040412
   28.15500000    6.99086700
   28.18000000    6.99121611
   28.20500000    6.99092362
   28.23000000    6.98908665
   28.25500000    6.98616794
   28.28000000    6.98348031
   28.30500000    6.98271853
   28.33000000    6.98560074
   28.35500000    6.99229821
   28.38000000    7.00237395
   28.40500000    7.01455093
   28.43000000    7.02676959
   28.45500000    7.03688872
   28.48000000    7.04383634
   28.50500000    7.04831892
   28.53000000    7.05204229
   28.55500000    7.05598633
   28.58000000    7.05949881
   28.60500000    7.06150126
   28.63000000    7.06337862
   28.65500000    7.06665927
   28.68000000    7.07138814
   28.70500000    7.07840675
   28.73000000    7.08668526
   28.75500000    7.09552809
   28.78000000    7.10520956
   28.80500000    7.11422828
   28.83000000    7.12165478
   28.85500000    7.12637115
   28.88000000    7.12652024
   28.90500000    7.12341373
   28.93000000    7.12228201
   28.95500000    7.12833362
   28.98000000    7.14240863
   29.00500000    7.16064893
   29.03000000    7.17840942
   29.05500000    7.19165761
   29.08000000    7.19893821
   29.10500000    7.20275228
   29.13000000    7.20571354
   29.15500000    7.20716447
   29.18000000    7.20876789
   29.20500000    7.21476606
   29.23000000    7.22777214
   29.25500000    7.24746433
   29.28000000    7.27094949
   29.30500000    7.29327556
   29.33000000    7.30952829
   29.35500000    7.31702181
   29.38000000    7.31679291
   29.40500000    7.31094012
   29.43000000    7.30075938
   29.45500000    7.28888024
   29.48000000    7.27891683
   29.50500000    7.27235109
   29.53000000    7.26881089
   29.55500000    7.26955912
   29.58000000    7.27726197
   29.60500000    7.29051793
   29.63000000    7.30423200
   29.65500000    7.31645838
   29.68000000    7.32702910
   29.70500000    7.33429987
   29.73000000    7.33770972
   29.75500000    7.33796309
   29.78000000    7.33690493
   29.80500000    7.33783517
   29.83000000    7.34260400
   29.85500000    7.35124515
   29.88000000    7.36183506
   29.90500000    7.37017949
   29.93000000    7.37046961
   29.95500000    7.36334840
   29.98000000    7.35443459
   30.00500000    7.34617038
   30.03000000    7.33694820
   30.05500000    7.32823938
   30.08000000    7.32220416
   30.10500000    7.31793064
   30.13000000    7.31523210
   30.15500000    7.31219252
   30.18000000    7.30672376
   30.20500000    7.30028371
   30.23000000    7.29483816
   30.25500000    7.29094594
   30.28000000    7.28860727
   30.30500000    7.28751997
   30.33000000    7.28780638
   30.35500000    7.29126053
   30.38000000    7.29711446
   30.40500000    7.30147637
   30.43000000    7.30193398
   30.45500000    7.29773508
   30.48000000    7.29128611
   30.50500000    7.28676833
   30.53000000    7.28638115
   30.55500000    7.28924404
   30.58000000    7.29401547
   30.60500000    7.30084374
   30.63000000    7.31086504
   30.65500000    7.32435687
   30.68000000    7.33901538
   30.70500000    7.35346987
   30.73000000    7.36705523
   30.75500000    7.37799284
   30.78000000    7.38534210
   30.80500000    7.39045867
   30.83000000    7.39800851
   30.85500000    7.41112357
   30.88000000    7.42835954
   30.90500000    7.44673043
   30.93000000    7.46436126
   30.95500000    7.47977914
   30.98000000    7.49086720
   31.00500000    7.49639085
   31.03000000    7.49780936
   31.05500000    7.49850033
   31.08000000    7.50164334
   31.10500000    7.50704510
   31.13000000    7.51339752
   31.15500000    7.52030816
   31.18000000    7.52746421
   31.20500000    7.53547618
   31.23000000    7.54666283
   31.25500000    7.56106747
   31.28000000    7.57465567
   31.30500000    7.58523928
   31.33000000    7.59308642
   31.35500000    7.59810073
   31.38000000    7.60055875
   31.40500000    7.60093662
   31.43000000    7.60033897
   31.45500000    7.60112915
   31.48000000    7.60597761
   31.50500000    7.61476537
   31.53000000    7.62579689
   31.55500000    7.63752761
   31.58000000    7.64850590
   31.60500000    7.65965894
   31.63000000    7.67104847
   31.65500000    7.68174782
   31.68000000    7.69161151
   31.70500000    7.69941508
   31.73000000    7.70340898
   31.75500000    7.70391391
   31.78000000    7.70294314
   31.80500000    7.70246726
   31.83000000    7.70343105
   31.85500000    7.70961749
   31.88000000    7.72513989
   31.90500000    7.74758174
   31.93000000    7.77133717
   31.95500000    7.79013796
   31.98000000    7.80133371
   32.00500000    7.80744441
   32.03000000    7.81346284
   32.05500000    7.82239855
   32.08000000    7.83355017
   32.10500000    7.84458202
   32.13000000    7.85495497
   32.15500000    7.86596653
   32.18000000    7.87625041
   32.20500000    7.88403745
   32.23000000    7.88994497
   32.25500000    7.89522293
   32.28000000    7.90223209
   32.30500000    7.91255030
   32.33000000    7.92491535
   32.35500000    7.93519077
   32.38000000    7.94002425
   32.40500000    7.94043223
   32.43000000    7.94114636
   32.45500000    7.94662088
   32.48000000    7.95675206
   32.50500000    7.96862657
   32.53000000    7.98015524
   32.55500000    7.98961813
   32.58000000    7.99480803
   32.60500000    7.99352411
   32.63000000    7.98725939
   32.65500000    7.97839204
   32.68000000    7.96782045
   32.70500000    7.95605193
   32.73000000    7.94314181
   32.75500000    7.92955724
   32.78000000    7.91672195
   32.80500000    7.90753048
   32.83000000    7.90427543
   32.85500000    7.90638819
   32.88000000    7.91065260
   32.90500000    7.91391370
   32.93000000    7.91624183
   32.95500000    7.91978889
   32.98000000    7.92408786
   33.00500000    7.92723422
   33.03000000    7.93017608
   33.05500000    7.93466359
   33.08000000    7.93973227
   33.10500000    7.94391214
   33.13000000    7.94707611
   33.15500000    7.94914645
   33.18000000    7.94944494
   33.20500000    7.94793336
   33.23000000    7.94656537
   33.25500000    7.94675379
   33.28000000    7.94707432
   33.30500000    7.94529186
   33.33000000    7.94110213
   33.35500000    7.93551851
   33.38000000    7.93046367
   33.40500000    7.92874236
   33.43000000    7.93276605
   33.45500000    7.94341070
   33.48000000    7.95813540
   33.50500000    7.97452882
   33.53000000    7.99208797
   33.55500000    8.00951782
   33.58000000    8.02538956
   33.60500000    8.04007913
   33.63000000    8.05453272
   33.65500000    8.06964485
   33.68000000    8.08530602
   33.70500000    8.09981822
   33.73000000    8.11107473
   33.75500000    8.11871489
   33.78000000    8.12463795
   33.80500000    8.13292658
   33.83000000    8.14402767
   33.85500000    8.15341452
   33.88000000    8.15947291
   33.90500000    8.16588245
   33.93000000    8.17515642
   33.95500000    8.18459779
   33.98000000    8.19025327
   34.00500000    8.19103454
   34.03000000    8.18852350
   34.05500000    8.18344446
   34.08000000    8.17495606
   34.10500000    8.16383009
   34.13000000    8.15331696
   34.15500000    8.14643370
   34.18000000    8.14406434
   34.20500000    8.14626614
   34.23000000    8.15199366
   34.25500000    8.15927902
   34.28000000    8.16631025
   34.30500000    8.17082551
   34.33000000    8.17117832
   34.35500000    8.16782982
   34.38000000    8.16443731
   34.40500000    8.16457517
   34.43000000    8.16878308
   34.45500000    8.17604162
   34.48000000    8.18588840
   34.50500000    8.19756308
   34.53000000    8.20925844
   34.55500000    8.21953724
   34.58000000    8.22837862
   34.60500000    8.23661686
   34.63000000    8.24485298
   34.65500000    8.25289340
   34.68000000    8.25980840
   34.70500000    8.26605157
   34.73000000    8.27094545
   34.75500000    8.27443091
   34.78000000    8.27883877
   34.80500000    8.28443845
   34.83000000    8.29172551
   34.85500000    8.30220347
   34.88000000    8.31652655
   34.90500000    8.33362754
   34.93000000    8.34956219
   34.95500000    8.36104902
   34.98000000    8.36766536
   35.00500000    8.36985738
   35.03000000    8.36742371
   35.05500000    8.36206065
   35.08000000    8.35605481
   35.10500000    8.35142760
   35.13000000    8.35176879
   35.15500000    8.36051962
   35.18000000    8.37688584
   35.20500000    8.39611811
   35.23000000    8.41414014
   35.25500000    8.42915617
   35.28000000    8.44198875
   35.30500000    8.45255917
   35.33000000    8.46101005
   35.35500000    8.46828302
   35.38000000    8.47353349
   35.40500000    8.47570632
   35.43000000    8.47549838
   35.45500000    8.47410376
   35.48000000    8.47194371
   35.50500000    8.46969447
   35.53000000    8.46795250
   35.55500000    8.46563698
   35.58000000    8.46176335
   35.60500000    8.45527822
   35.63000000    8.44564322
   35.65500000    8.43598319
   35.68000000    8.43028995
   35.70500000    8.42833724
   35.73000000    8.42815321
   35.75500000    8.43111391
   35.78000000    8.43991108
   35.80500000    8.45408799
   35.83000000    8.47120777
   35.85500000    8.48845289
   35.88000000    8.50200126
   35.90500000    8.51141874
   35.93000000    8.51878191
   35.95500000    8.52852112
   35.98000000    8.54462600
   36.00500000    8.56712962
   36.03000000    8.59366234
   36.05500000    8.62094597
   36.08000000    8.64725955
   36.10500000    8.67127846
   36.13000000    8.69112532
   36.15500000    8.70643589
   36.18000000    8.71841524
   36.20500000    8.72790506
   36.23000000    8.73423544
   36.25500000    8.73707959
   36.28000000    8.73866598
   36.30500000    8.74130195
   36.33000000    8.74632781
   36.35500000    8.75467000
   36.38000000    8.76617331
   36.40500000    8.78010875
   36.43000000    8.79473790
   36.45500000    8.80709098
   36.48000000    8.81473684
   36.50500000    8.81826915
   36.53000000    8.82229786
   36.55500000    8.83129791
   36.58000000    8.84682961
   36.60500000    8.86828416
   36.63000000    8.89329742
   36.65500000    8.91619522
   36.68000000    8.93292596
   36.70500000    8.94520759
   36.73000000    8.95789699
   36.75500000    8.97239653
   36.78000000    8.98759618
   36.80500000    9.00008056
   36.83000000    9.00646565
   36.85500000    9.00733839
   36.88000000    9.00588036
   36.90500000    9.00542587
   36.93000000    9.00607514
   36.95500000    9.00413527
   36.98000000    8.99504734
   37.00500000    8.97986493
   37.03000000    8.96387898
   37.05500000    8.95140593
   37.08000000    8.94191836
   37.10500000    8.93449049
   37.13000000    8.93051909
   37.15500000    8.93074516
   37.18000000    8.93613801
   37.20500000    8.94785089
   37.23000000    8.96461122
   37.25500000    8.98182303
   37.28000000    8.99579579
   37.30500000    9.00737274
   37.33000000    9.01844283
   37.35500000    9.03019667
   37.38000000    9.04350149
   37.40500000    9.05718671
   37.43000000    9.07014747
   37.45500000    9.08313845
   37.48000000    9.09498056
   37.50500000    9.10451031
   37.53000000    9.11310696
   37.55500000    9.12017123
   37.58000000    9.12606981
   37.60500000    9.13319165
   37.63000000    9.14074310
   37.65500000    9.14568153
   37.68000000    9.14692234
   37.70500000    9.14913770
   37.73000000    9.15567098
   37.75500000    9.16457902
   37.78000000    9.17242939
   37.80500000    9.17732168
   37.83000000    9.17878203
   37.85500000    9.18055006
   37.88000000    9.18760286
   37.90500000    9.20269790
   37.93000000    9.22401897
   37.95500000    9.24617354
   37.98000000    9.26410781
   38.00500000    9.27533394
   38.03000000    9.28120947
   38.05500000    9.28551783
   38.08000000    9.29170957
   38.10500000    9.30018451
   38.13000000    9.30884987
   38.15500000    9.31412963
   38.18000000    9.31531766
   38.20500000    9.31495564
   38.23000000    9.31411036
   38.25500000    9.31418628
   38.28000000    9.31773262
   38.30500000    9.32442616
   38.33000000    9.33112536
   38.35500000    9.33485043
   38.38000000    9.33378997
   38.40500000    9.32897864
   38.43000000    9.32391132
   38.45500000    9.32064731
   38.48000000    9.31939991
   38.50500000    9.31993200
   38.53000000    9.32281225
   38.55500000    9.32872787
   38.58000000    9.33658847
   38.60500000    9.34454865
   38.63000000    9.35215387
   38.65500000    9.36123772
   38.68000000    9.37312918
   38.70500000    9.38491520
   38.73000000    9.39485646
   38.75500000    9.40343628
   38.78000000    9.41100126
   38.80500000    9.42082985
   38.83000000    9.43545759
   38.85500000    9.45357103
   38.88000000    9.47155911
   38.90500000    9.48642461
   38.93000000    9.49584152
   38.95500000    9.49998428
   38.98000000    9.50277530
   39.00500000    9.50686532
   39.03000000    9.51318249
   39.05500000    9.51958427
   39.08000000    9.52325824
   39.10500000    9.52250653
   39.13000000    9.51815550
   39.15500000    9.51238289
   39.18000000    9.50821013
   39.20500000    9.50821716
   39.23000000    9.51180315
   39.25500000    9.51669698
   39.28000000    9.51952934
   39.30500000    9.51739973
   39.33000000    9.51121320
   39.35500000    9.50460406
   39.38000000    9.49810520
   39.40500000    9.49104973
   39.43000000    9.48488101
   39.45500000    9.48200485
   39.48000000    9.48223453
   39.50500000    9.48504709
   39.53000000    9.48986052
   39.55500000    9.49613377
   39.58000000    9.50427625
   39.60500000    9.51537062
   39.63000000    9.52966604
   39.65500000    9.54553518
   39.68000000    9.55918107
   39.70500000    9.56814102
   39.73000000    9.57163246
   39.75500000    9.57162547
   39.78000000    9.57130230
   39.80500000    9.57141898
   39.83000000    9.57096002
   39.85500000    9.56986149
   39.88000000    9.57018117
   39.90500000    9.57296140
   39.93000000    9.57735514
   39.95500000    9.58305038
   39.98000000    9.59055973
   40.00500000    9.60010700
   40.03000000    9.61081431
   40.05500000    9.62261641
   40.08000000    9.63721885
   40.10500000    9.65364683
   40.13000000    9.66768856
   40.15500000    9.67632685
   40.18000000    9.67962654
   40.20500000    9.68221074
   40.23000000    9.68808700
   40.25500000    9.69862965
   40.28000000    9.71402419
   40.30500000    9.72992128
   40.33000000    9.74114643
   40.35500000    9.74691148
   40.38000000    9.74709104
   40.40500000    9.74252927
   40.43000000    9.73772450
   40.45500000    9.73604852
   40.48000000    9.73821284
   40.50500000    9.74476166
   40.53000000    9.75511189
   40.55500000    9.76744392
   40.58000000    9.78095946
   40.60500000    9.79601275
   40.63000000    9.81204731
   40.65500000    9.82927030
   40.68000000    9.84642611
   40.70500000    9.86166187
   40.73000000    9.87624357
   40.75500000    9.89177776
   40.78000000    9.90584080
   40.80500000    9.91774333
   40.83000000    9.92958902
   40.85500000    9.94159423
   40.88000000    9.95326984
   40.90500000    9.96550425
   40.93000000    9.97787085
   40.95500000    9.98799948
   40.98000000    9.99475380
   41.00500000   10.00036464
   41.03000000   10.00671233
   41.05500000   10.01280930
   41.08000000   10.01593094
   41.10500000   10.01632822
   41.13000000   10.01509018
   41.15500000   10.01164559
   41.18000000   10.00737864
   41.20500000   10.00570480
   41.23000000   10.00674141
   41.25500000   10.01018205
   41.28000000   10.01455216
   41.30500000   10.01762945
   41.33000000   10.01848092
   41.35500000   10.01886985
   41.38000000   10.02267639
   41.40500000   10.03081670
   41.43000000   10.04204887
   41.45500000   10.05352963
   41.48000000   10.06385240
   41.50500000   10.07478401
   41.53000000   10.08787613
   41.55500000   10.10026276
   41.58000000   10.10856624
   41.60500000   10.11441452
   41.63000000   10.11847052
   41.65500000   10.12122773
   41.68000000   10.12597085
   41.70500000   10.13419909
   41.73000000   10.14426372
   41.75500000   10.15475658
   41.78000000   10.16385894
   41.80500000   10.16959751
   41.83000000   10.17066871
   41.85500000   10.16800495
   41.88000000   10.16369487
   41.90500000   10.15773122
   41.93000000   10.14977833
   41.95500000   10.14178631
   41.98000000   10.13767951
   42.00500000   10.13881242
   42.03000000   10.14376867
   42.05500000   10.15019922
   42.08000000   10.15631899
   42.10500000   10.16045624
   42.13000000   10.16311085
   42.15500000   10.16828053
   42.18000000   10.17745108
   42.20500000   10.18811419
   42.23000000   10.19833944
   42.25500000   10.20714180
   42.28000000   10.21459349
   42.30500000   10.22175423
   42.33000000   10.22874677
   42.35500000   10.23610656
   42.38000000   10.24566203
   42.40500000   10.25433163
   42.43000000   10.25781337
   42.45500000   10.25565161
   42.48000000   10.25037279
   42.50500000   10.24635066
   42.53000000   10.24564882
   42.55500000   10.24736821
   42.58000000   10.25173141
   42.60500000   10.26047310
   42.63000000   10.27431956
   42.65500000   10.29273997
   42.68000000   10.31490172
   42.70500000   10.33927194
   42.73000000   10.36441169
   42.75500000   10.38807318
   42.78000000   10.40895323
   42.80500000   10.42736953
   42.83000000   10.44340079
   42.85500000   10.45534040
   42.88000000   10.46205647
   42.90500000   10.46493732
   42.93000000   10.46776154
   42.95500000   10.47325355
   42.98000000   10.48141164
   43.00500000   10.49123921
   43.03000000   10.49986700
   43.05500000   10.50352416
   43.08000000   10.50065297
   43.10500000   10.49235791
   43.13000000   10.48130285
   43.15500000   10.47195346
   43.18000000   10.46952282
   43.20500000   10.47489504
   43.23000000   10.48330381
   43.25500000   10.48993882
   43.28000000   10.49308283
   43.30500000   10.49198454
   43.33000000   10.48808157
   43.35500000   10.48250871
   43.38000000   10.47571215
   43.40500000   10.46965185
   43.43000000   10.46489631
   43.45500000   10.46121370
   43.48000000   10.45968543
   43.50500000   10.46184087
   43.53000000   10.46713050
   43.55500000   10.47267543
   43.58000000   10.47699781
   43.60500000   10.48209020
   43.63000000   10.48933483
   43.65500000   10.49890632
   43.68000000   10.50983853
   43.70500000   10.52025517
   43.73000000   10.52789997
   43.75500000   10.53124787
   43.78000000   10.53063807
   43.80500000   10.52821445
   43.83000000   10.52566618
   43.85500000   10.52288875
   43.88000000   10.51955388
   43.90500000   10.51669280
   43.93000000   10.51378173
   43.95500000   10.51133329
   43.98000000   10.51119513
   44.00500000   10.51369926
   44.03000000   10.51840360
   44.05500000   10.52558496
   44.08000000   10.53523793
   44.10500000   10.54623452
   44.13000000   10.55676415
   44.15500000   10.56824765
   44.18000000   10.57975924
   44.20500000   10.59030468
   44.23000000   10.60036461
   44.25500000   10.60867482
   44.28000000   10.61193003
   44.30500000   10.60778447
   44.33000000   10.59569289
   44.35500000   10.57933453
   44.38000000   10.56594952
   44.40500000   10.55940191
   44.43000000   10.55793217
   44.45500000   10.55785023
   44.48000000   10.55750269
   44.50500000   10.55724183
   44.53000000   10.55715434
   44.55500000   10.55721593
   44.58000000   10.55673437
   44.60500000   10.55558357
   44.63000000   10.55627255
   44.65500000   10.56348149
   44.68000000   10.57814251
   44.70500000   10.59548157
   44.73000000   10.61108348
   44.75500000   10.62407316
   44.78000000   10.63540461
   44.80500000   10.64511442
   44.83000000   10.65432274
   44.85500000   10.66692011
   44.88000000   10.68595849
   44.90500000   10.70805964
   44.93000000   10.72950484
   44.95500000   10.75039957
   44.98000000   10.77153525
   45.00500000   10.79064434
   45.03000000   10.80447158
   45.05500000   10.81344179
   45.08000000   10.82079277
   45.10500000   10.82960807
   45.13000000   10.84083994
   45.15500000   10.85025679
   45.18000000   10.85542376
   45.20500000   10.86096246
   45.23000000   10.86931692
   45.25500000   10.87797449
   45.28000000   10.88186791
   45.30500000   10.87998169
   45.33000000   10.87653332
   45.35500000   10.87709433
   45.38000000   10.88251888
   45.40500000   10.88609478
   45.43000000   10.88447014
   45.45500000   10.87988432
   45.48000000   10.87478437
   45.50500000   10.86999432
   45.53000000   10.86634092
   45.55500000   10.86416791
   45.58000000   10.86382419
   45.60500000   10.86711499
   45.63000000   10.87789044
   45.65500000   10.89816648
   45.68000000   10.92486270
   45.70500000   10.95250218
   45.73000000   10.97726484
   45.75500000   10.99646486
   45.78000000   11.00923662
   45.80500000   11.01912318
   45.83000000   11.02947705
   45.85500000   11.04085173
   45.88000000   11.05128163
   45.90500000   11.05755265
   45.93000000   11.05935897
   45.95500000   11.06037868
   45.98000000   11.06438243
   46.00500000   11.07241759
   46.03000000   11.08430231
   46.05500000   11.09870760
   46.08000000   11.11097242
   46.10500000   11.11633925
   46.13000000   11.11605587
   46.15500000   11.11370250
   46.18000000   11.11207665
   46.20500000   11.11108563
   46.23000000   11.11096390
   46.25500000   11.11359069
   46.28000000   11.11798012
   46.30500000   11.12089442
   46.33000000   11.11908998
   46.35500000   11.11084679
   46.38000000   11.10008734
   46.40500000   11.09333508
   46.43000000   11.09358978
   46.45500000   11.09985567
   46.48000000   11.10761510
   46.50500000   11.11319102
   46.53000000   11.11470914
   46.55500000   11.11202897
   46.58000000   11.10742734
   46.60500000   11.10386565
   46.63000000   11.10329627
   46.65500000   11.10642938
   46.68000000   11.11279713
   46.70500000   11.12016757
   46.73000000   11.12572685
   46.75500000   11.12707986
   46.78000000   11.12474550
   46.80500000   11.12025568
   46.83000000   11.11361425
   46.85500000   11.10495197
   46.88000000   11.09897728
   46.90500000   11.10143822
   46.93000000   11.11490659
   46.95500000   11.13547102
   46.98000000   11.15788394
   47.00500000   11.17997115
   47.03000000   11.20029135
   47.05500000   11.21818430
   47.08000000   11.23531064
   47.10500000   11.25442577
   47.13000000   11.27622430
   47.15500000   11.29622414
   47.18000000   11.31057616
   47.20500000   11.32154171
   47.23000000   11.32975075
   47.25500000   11.33287391
   47.28000000   11.33041616
   47.30500000   11.32535261
   47.33000000   11.32016439
   47.35500000   11.31606774
   47.38000000   11.31670523
   47.40500000   11.32465367
   47.43000000   11.33891971
   47.45500000   11.35597052
   47.48000000   11.37198426
   47.50500000   11.38437166
   47.53000000   11.39375843
   47.55500000   11.40395771
   47.58000000   11.41824678
   47.60500000   11.43547101
   47.63000000   11.45212079
   47.65500000   11.46578015
   47.68000000   11.47461245
   47.70500000   11.47857256
   47.73000000   11.47826039
   47.75500000   11.47326166
   47.78000000   11.46402832
   47.80500000   11.45329521
   47.83000000   11.44478055
   47.85500000   11.44104057
   47.88000000   11.44237217
   47.90500000   11.44704808
   47.93000000   11.45350760
   47.95500000   11.46167454
   47.98000000   11.47287298
   48.00500000   11.48746364
   48.03000000   11.50390224
   48.05500000   11.51950362
   48.08000000   11.53116042
   48.10500000   11.53573807
   48.13000000   11.53444493
   48.15500000   11.53339938
   48.18000000   11.53726981
   48.20500000   11.54678423
   48.23000000   11.56044858
   48.25500000   11.57627391
   48.28000000   11.59065899
   48.30500000   11.60119318
   48.33000000   11.60926419
   48.35500000   11.61706687
   48.38000000   11.62675693
   48.40500000   11.64121138
   48.43000000   11.66202011
   48.45500000   11.68818162
   48.48000000   11.71720300
   48.50500000   11.74669954
   48.53000000   11.77200835
   48.55500000   11.78895146
   48.58000000   11.79695105
   48.60500000   11.79838268
   48.63000000   11.79789629
   48.65500000   11.79926482
   48.68000000   11.80334994
   48.70500000   11.80813059
   48.73000000   11.81178121
   48.75500000   11.81353630
   48.78000000   11.81309571
   48.80500000   11.81203465
   48.83000000   11.81173108
   48.85500000   11.81037413
   48.88000000   11.80714558
   48.90500000   11.80380160
   48.93000000   11.80122169
   48.95500000   11.79548980
   48.98000000   11.78500725
   49.00500000   11.77440053
   49.03000000   11.76599264
   49.05500000   11.75889627
   49.08000000   11.75097509
   49.10500000   11.74212564
   49.13000000   11.73263220
   49.15500000   11.72313128
   49.18000000   11.71666439
   49.20500000   11.71728289
   49.23000000   11.72628686
   49.25500000   11.74095382
   49.28000000   11.75854867
   49.30500000   11.77842629
   49.33000000   11.79878273
   49.35500000   11.81697891
   49.38000000   11.83266984
   49.40500000   11.84781576
   49.43000000   11.86424717
   49.45500000   11.88100371
   49.48000000   11.89736625
   49.50500000   11.91299062
   49.53000000   11.92794870
   49.55500000   11.94308418
   49.58000000   11.95826816
   49.60500000   11.97183964
   49.63000000   11.98220218
   49.65500000   11.98755491
   49.68000000   11.98412003
   49.70500000   11.96943627
   49.73000000   11.94755235
   49.75500000   11.92804158
   49.78000000   11.92011096
   49.80500000   11.92515641
   49.83000000   11.94006632
   49.85500000   11.96055998
   49.88000000   11.98280575
   49.90500000   12.00428645
   49.93000000   12.02173407
   49.95500000   12.03304516
   49.98000000   12.03892754
