    0.00500000    0.00006472
    0.03000000    0.00227667
    0.05500000    0.00720786
    0.08000000    0.01401487
    0.10500000    0.02168094
    0.13000000    0.02962821
    0.15500000    0.03773039
    0.18000000    0.04600600
    0.20500000    0.05435033
    0.23000000    0.06251772
    0.25500000    0.07044635
    0.28000000    0.07812446
    0.30500000    0.08528078
    0.33000000    0.09209967
    0.35500000    0.09889230
    0.38000000    0.10547838
    0.40500000    0.11155976
    0.43000000    0.11697595
    0.45500000    0.12187427
    0.48000000    0.12659581
    0.50500000    0.13108498
    0.53000000    0.13525912
    0.55500000    0.13932160
    0.58000000    0.14359816
    0.60500000    0.14794221
    0.63000000    0.15225384
    0.65500000    0.15665042
    0.68000000    0.16139000
    0.70500000    0.16650810
    0.73000000    0.17163676
    0.75500000    0.17643384
    0.78000000    0.18134088
    0.80500000    0.18708806
    0.83000000    0.19370176
    0.85500000    0.20066912
    0.88000000    0.20770809
    0.90500000    0.21452125
    0.93000000    0.22060406
    0.95500000    0.22518994
    0.98000000    0.22868157
    1.00500000    0.23225181
    1.03000000    0.23624644
    1.05500000    0.24050767
    1.08000000    0.24477115
    1.10500000    0.24912899
    1.13000000    0.25405546
    1.15500000    0.25940466
    1.18000000    0.26481779
    1.20500000    0.27027711
    1.23000000    0.27565370
    1.25500000    0.28084210
    1.28000000    0.28613460
    1.30500000    0.29192451
    1.33000000    0.29816374
    1.35500000    0.30450998
    1.38000000    0.31080446
    1.40500000    0.31711771
    1.43000000    0.32355976
    1.45500000    0.32974442
    1.48000000    0.33535390
    1.50500000    0.34072231
    1.53000000    0.34629146
    1.55500000    0.35245618
    1.58000000    0.35935636
    1.60500000    0.36630773
    1.63000000    0.37300897
    1.65500000    0.37929895
    1.68000000    0.38499318
    1.70500000    0.39021592
    1.73000000    0.39580315
    1.75500000    0.40261830
    1.78000000    0.41098504
    1.80500000    0.42011449
    1.83000000    0.42896812
    1.85500000    0.43700413
    1.88000000    0.44426157
    1.90500000    0.45079263
    1.93000000    0.45684155
    1.95500000    0.46260720
    1.98000000    0.46806314
    2.00500000    0.47334916
    2.03000000    0.47865200
    2.05500000    0.48449138
    2.08000000    0.49165252
    2.10500000    0.50062811
    2.13000000    0.51121819
    2.15500000    0.52258509
    2.18000000    0.53349678
    2.20500000    0.54384263
    2.23000000    0.55404733
    2.25500000    0.56405839
    2.28000000    0.57312416
    2.30500000    0.58126609
    2.33000000    0.58902054
    2.35500000    0.59693683
    2.38000000    0.60519966
    2.40500000    0.61357140
    2.43000000    0.62166036
    2.45500000    0.62886538
    2.48000000    0.63526182
    2.50500000    0.64162904
    2.53000000    0.64857405
    2.55500000    0.65628947
    2.58000000    0.66459870
    2.60500000    0.67284107
    2.63000000    0.68022612
    2.65500000    0.68641681
    2.68000000    0.69158755
    2.70500000    0.69582283
    2.73000000    0.69926067
    2.75500000    0.70258140
    2.78000000    0.70623092
    2.80500000    0.71064442
    2.83000000    0.71619257
    2.85500000    0.72303477
    2.88000000    0.73102768
    2.90500000    0.73971167
    2.93000000    0.74846789
    2.95500000    0.75678417
    2.98000000    0.76461317
    3.00500000    0.77214168
    3.03000000    0.77997680
    3.05500000    0.78831515
    3.08000000    0.79693533
    3.10500000    0.80560554
    3.13000000    0.81430219
    3.15500000    0.82264771
    3.18000000    0.82960982
    3.20500000    0.83487766
    3.23000000    0.83984948
    3.25500000    0.84602223
    3.28000000    0.85359122
    3.30500000    0.86162323
    3.33000000    0.86951947
    3.35500000    0.87740814
    3.38000000    0.88586943
    3.40500000    0.89536598
    3.43000000    0.90550061
    3.45500000    0.91594203
    3.48000000    0.92713116
    3.50500000    0.93911413
    3.53000000    0.95122019
    3.55500000    0.96238841
    3.58000000    0.97259463
    3.60500000    0.98249825
    3.63000000    0.99182909
    3.65500000    0.99969300
    3.68000000    1.00626398
    3.70500000    1.01223935
    3.73000000    1.01803186
    3.75500000    1.02432329
    3.78000000    1.03156650
    3.80500000    1.03914269
    3.83000000    1.04603374
    3.85500000    1.05164144
    3.88000000    1.05614163
    3.90500000    1.06035177
    3.93000000    1.06442479
    3.95500000    1.06800081
    3.98000000    1.07125470
    4.00500000    1.07393681
    4.03000000    1.07613487
    4.05500000    1.07814924
    4.08000000    1.07911191
    4.10500000    1.07917641
    4.13000000    1.08043287
    4.15500000    1.08418547
    4.18000000    1.08944083
    4.20500000    1.09487138
    4.23000000    1.10081168
    4.25500000    1.10824468
    4.28000000    1.11667592
    4.30500000    1.12491253
    4.33000000    1.13243568
    4.35500000    1.13968547
    4.38000000    1.14735863
    4.40500000    1.15500749
    4.43000000    1.16124058
    4.45500000    1.16545953
    4.48000000    1.16822794
    4.50500000    1.17060340
    4.53000000    1.17388258
    4.55500000    1.17855138
    4.58000000    1.18505700
    4.60500000    1.19335846
    4.63000000    1.20241959
    4.65500000    1.21092462
    4.68000000    1.21840401
    4.70500000    1.22503192
    4.73000000    1.23122346
    4.75500000    1.23814070
    4.78000000    1.24652989
    4.80500000    1.25593897
    4.83000000    1.26518738
    4.85500000    1.27325176
    4.88000000    1.27995145
    4.90500000    1.28492499
    4.93000000    1.28809797
    4.95500000    1.28988035
    4.98000000    1.29120286
    5.00500000    1.29305236
    5.03000000    1.29499633
    5.05500000    1.29680022
    5.08000000    1.29942365
    5.10500000    1.30368810
    5.13000000    1.30880629
    5.15500000    1.31315820
    5.18000000    1.31596127
    5.20500000    1.31773510
    5.23000000    1.31998462
    5.25500000    1.32341738
    5.28000000    1.32731740
    5.30500000    1.33059823
    5.33000000    1.33248312
    5.35500000    1.33280714
    5.38000000    1.33179610
    5.40500000    1.33042366
    5.43000000    1.32968391
    5.45500000    1.33028923
    5.48000000    1.33267837
    5.50500000    1.33688459
    5.53000000    1.34268304
    5.55500000    1.34955469
    5.58000000    1.35688890
    5.60500000    1.36395221
    5.63000000    1.36997991
    5.65500000    1.37501692
    5.68000000    1.37950030
    5.70500000    1.38379105
    5.73000000    1.38750505
    5.75500000    1.39039749
    5.78000000    1.39242218
    5.80500000    1.39389486
    5.83000000    1.39681175
    5.85500000    1.40239296
    5.88000000    1.41046848
    5.90500000    1.42040459
    5.93000000    1.43079800
    5.95500000    1.44045813
    5.98000000    1.44924214
    6.00500000    1.45732859
    6.03000000    1.46415601
    6.05500000    1.46944934
    6.08000000    1.47372415
    6.10500000    1.47688622
    6.13000000    1.47946542
    6.15500000    1.48279547
    6.18000000    1.48780344
    6.20500000    1.49488206
    6.23000000    1.50346430
    6.25500000    1.51206568
    6.28000000    1.51980942
    6.30500000    1.52754637
    6.33000000    1.53561495
    6.35500000    1.54402341
    6.38000000    1.55309811
    6.40500000    1.56339921
    6.43000000    1.57525320
    6.45500000    1.58860936
    6.48000000    1.60256610
    6.50500000    1.61532446
    6.53000000    1.62523418
    6.55500000    1.63186654
    6.58000000    1.63628395
    6.60500000    1.63965141
    6.63000000    1.64275019
    6.65500000    1.64602123
    6.68000000    1.65026511
    6.70500000    1.65634163
    6.73000000    1.66389390
    6.75500000    1.67216095
    6.78000000    1.68074532
    6.80500000    1.68902355
    6.83000000    1.69642205
    6.85500000    1.70320731
    6.88000000    1.70980043
    6.90500000    1.71687946
    6.93000000    1.72488790
    6.95500000    1.73308227
    6.98000000    1.74099541
    7.00500000    1.74824670
    7.03000000    1.75470380
    7.05500000    1.76082992
    7.08000000    1.76756221
    7.10500000    1.77572676
    7.13000000    1.78586287
    7.15500000    1.79694641
    7.18000000    1.80789557
    7.20500000    1.81766220
    7.23000000    1.82518730
    7.25500000    1.83082603
    7.28000000    1.83605930
    7.30500000    1.84207770
    7.33000000    1.84886292
    7.35500000    1.85549212
    7.38000000    1.86213843
    7.40500000    1.86998533
    7.43000000    1.87931203
    7.45500000    1.88933722
    7.48000000    1.89924127
    7.50500000    1.90857022
    7.53000000    1.91664030
    7.55500000    1.92221489
    7.58000000    1.92497070
    7.60500000    1.92591711
    7.63000000    1.92676616
    7.65500000    1.92805662
    7.68000000    1.92851324
    7.70500000    1.92800526
    7.73000000    1.92753956
    7.75500000    1.92750260
    7.78000000    1.92827906
    7.80500000    1.93070858
    7.83000000    1.93537579
    7.85500000    1.94255974
    7.88000000    1.95140939
    7.90500000    1.96047865
    7.93000000    1.96975622
    7.95500000    1.98107243
    7.98000000    1.99552044
    8.00500000    2.01200352
    8.03000000    2.02797575
    8.05500000    2.04135646
    8.08000000    2.05272615
    8.10500000    2.06365270
    8.13000000    2.07392060
    8.15500000    2.08296834
    8.18000000    2.09137906
    8.20500000    2.09892199
    8.23000000    2.10441752
    8.25500000    2.10810518
    8.28000000    2.11182725
    8.30500000    2.11656658
    8.33000000    2.12248519
    8.35500000    2.12994451
    8.38000000    2.13881744
    8.40500000    2.14778442
    8.43000000    2.15586766
    8.45500000    2.16291373
    8.48000000    2.16957712
    8.50500000    2.17638117
    8.53000000    2.18404892
    8.55500000    2.19345286
    8.58000000    2.20500475
    8.60500000    2.21746573
    8.63000000    2.22909995
    8.65500000    2.23897096
    8.68000000    2.24636386
    8.70500000    2.25172623
    8.73000000    2.25670217
    8.75500000    2.26308929
    8.78000000    2.27197293
    8.80500000    2.28435056
    8.83000000    2.30009468
    8.85500000    2.31675623
    8.88000000    2.33186777
    8.90500000    2.34404099
    8.93000000    2.35407608
    8.95500000    2.36399536
    8.98000000    2.37390892
    9.00500000    2.38290733
    9.03000000    2.39089082
    9.05500000    2.39920017
    9.08000000    2.40822734
    9.10500000    2.41740929
    9.13000000    2.42596797
    9.15500000    2.43383217
    9.18000000    2.44124284
    9.20500000    2.44774733
    9.23000000    2.45214106
    9.25500000    2.45459180
    9.28000000    2.45640757
    9.30500000    2.45854486
    9.33000000    2.46144792
    9.35500000    2.46554628
    9.38000000    2.47007809
    9.40500000    2.47330944
    9.43000000    2.47492709
    9.45500000    2.47598282
    9.48000000    2.47683819
    9.50500000    2.47756319
    9.53000000    2.47791693
    9.55500000    2.47809461
    9.58000000    2.47881575
    9.60500000    2.47959251
    9.63000000    2.48004802
    9.65500000    2.48088276
    9.68000000    2.48237070
    9.70500000    2.48333913
    9.73000000    2.48341475
    9.75500000    2.48258372
    9.78000000    2.48058056
    9.80500000    2.47800783
    9.83000000    2.47593572
    9.85500000    2.47613723
    9.88000000    2.47983845
    9.90500000    2.48641563
    9.93000000    2.49455000
    9.95500000    2.50276690
    9.98000000    2.51013384
   10.00500000    2.51654327
   10.03000000    2.52232730
   10.05500000    2.52714041
   10.08000000    2.53081405
   10.10500000    2.53417366
   10.13000000    2.53773081
   10.15500000    2.54185482
   10.18000000    2.54652521
   10.20500000    2.55108850
   10.23000000    2.55545599
   10.25500000    2.56068990
   10.28000000    2.56747109
   10.30500000    2.57699150
   10.33000000    2.58983770
   10.35500000    2.60413675
   10.38000000    2.61725080
   10.40500000    2.62879509
   10.43000000    2.63962022
   10.45500000    2.64980758
   10.48000000    2.65879770
   10.50500000    2.66624519
   10.53000000    2.67219379
   10.55500000    2.67660099
   10.58000000    2.67896100
   10.60500000    2.67871468
   10.63000000    2.67634734
   10.65500000    2.67295266
   10.68000000    2.66896665
   10.70500000    2.66476370
   10.73000000    2.66048554
   10.75500000    2.65640035
   10.78000000    2.65329373
   10.80500000    2.65185191
   10.83000000    2.65230169
   10.85500000    2.65441024
   10.88000000    2.65740635
   10.90500000    2.66049748
   10.93000000    2.66338185
   10.95500000    2.66612152
   10.98000000    2.66977087
   11.00500000    2.67558541
   11.03000000    2.68310401
   11.05500000    2.69086667
   11.08000000    2.69730221
   11.10500000    2.70152470
   11.13000000    2.70329472
   11.15500000    2.70268584
   11.18000000    2.70051665
   11.20500000    2.69784934
   11.23000000    2.69518706
   11.25500000    2.69400420
   11.28000000    2.69602479
   11.30500000    2.70076573
   11.33000000    2.70633407
   11.35500000    2.71135827
   11.38000000    2.71558101
   11.40500000    2.71939599
   11.43000000    2.72395364
   11.45500000    2.73008085
   11.48000000    2.73778698
   11.50500000    2.74623316
   11.53000000    2.75444322
   11.55500000    2.76216425
   11.58000000    2.76969722
   11.60500000    2.77738935
   11.63000000    2.78610436
   11.65500000    2.79650118
   11.68000000    2.80794008
   11.70500000    2.81794234
   11.73000000    2.82561957
   11.75500000    2.83242098
   11.78000000    2.84037062
   11.80500000    2.84914491
   11.83000000    2.85617747
   11.85500000    2.85980051
   11.88000000    2.86154259
   11.90500000    2.86355716
   11.93000000    2.86620198
   11.95500000    2.86864866
   11.98000000    2.87049906
   12.00500000    2.87235605
   12.03000000    2.87512851
   12.05500000    2.87958934
   12.08000000    2.88550501
   12.10500000    2.89219197
   12.13000000    2.89907674
   12.15500000    2.90675359
   12.18000000    2.91591759
   12.20500000    2.92471727
   12.23000000    2.93215802
   12.25500000    2.93939481
   12.28000000    2.94636913
   12.30500000    2.95230993
   12.33000000    2.95657097
   12.35500000    2.95948267
   12.38000000    2.96185082
   12.40500000    2.96352789
   12.43000000    2.96319515
   12.45500000    2.96061905
   12.48000000    2.95837652
   12.50500000    2.95752660
   12.53000000    2.95725589
   12.55500000    2.95685314
   12.58000000    2.95672185
   12.60500000    2.95782470
   12.63000000    2.96059795
   12.65500000    2.96405609
   12.68000000    2.96747762
   12.70500000    2.97077519
   12.73000000    2.97391745
   12.75500000    2.97788722
   12.78000000    2.98389104
   12.80500000    2.99224391
   12.83000000    3.00222887
   12.85500000    3.01251403
   12.88000000    3.02244199
   12.90500000    3.03129731
   12.93000000    3.03830166
   12.95500000    3.04331292
   12.98000000    3.04703125
   13.00500000    3.05091430
   13.03000000    3.05563127
   13.05500000    3.06141853
   13.08000000    3.06900405
   13.10500000    3.07859962
   13.13000000    3.08988192
   13.15500000    3.10228223
   13.18000000    3.11449487
   13.20500000    3.12582029
   13.23000000    3.13689930
   13.25500000    3.14708550
   13.28000000    3.15617690
   13.30500000    3.16435605
   13.33000000    3.17153941
   13.35500000    3.17751146
   13.38000000    3.18191222
   13.40500000    3.18671608
   13.43000000    3.19601507
   13.45500000    3.21108371
   13.48000000    3.23026319
   13.50500000    3.25067566
   13.53000000    3.26939753
   13.55500000    3.28497610
   13.58000000    3.29739144
   13.60500000    3.30758826
   13.63000000    3.31772231
   13.65500000    3.33013864
   13.68000000    3.34606506
   13.70500000    3.36458400
   13.73000000    3.38296111
   13.75500000    3.39925852
   13.78000000    3.41298103
   13.80500000    3.42405009
   13.83000000    3.43279769
   13.85500000    3.44057376
   13.88000000    3.44744861
   13.90500000    3.45280131
   13.93000000    3.45643459
   13.95500000    3.45765189
   13.98000000    3.45551333
   14.00500000    3.44967073
   14.03000000    3.44079662
   14.05500000    3.43108364
   14.08000000    3.42428529
   14.10500000    3.42293483
   14.13000000    3.42691062
   14.15500000    3.43425949
   14.18000000    3.44286764
   14.20500000    3.45158447
   14.23000000    3.45941035
   14.25500000    3.46576258
   14.28000000    3.47091227
   14.30500000    3.47550898
   14.33000000    3.47973729
   14.35500000    3.48273790
   14.38000000    3.48457409
   14.40500000    3.48686817
   14.43000000    3.49092415
   14.45500000    3.49739996
   14.48000000    3.50511503
   14.50500000    3.51248898
   14.53000000    3.51836772
   14.55500000    3.52126211
   14.58000000    3.51957761
   14.60500000    3.51430284
   14.63000000    3.50901475
   14.65500000    3.50733366
   14.68000000    3.51016007
   14.70500000    3.51464697
   14.73000000    3.51752770
   14.75500000    3.51793390
   14.78000000    3.51679855
   14.80500000    3.51554608
   14.83000000    3.51455918
   14.85500000    3.51368802
   14.88000000    3.51343328
   14.90500000    3.51485795
   14.93000000    3.51839404
   14.95500000    3.52336083
   14.98000000    3.52869177
   15.00500000    3.53476270
   15.03000000    3.54172405
   15.05500000    3.54942872
   15.08000000    3.55781216
   15.10500000    3.56629976
   15.13000000    3.57419421
   15.15500000    3.58131124
   15.18000000    3.58786264
   15.20500000    3.59404887
   15.23000000    3.59971309
   15.25500000    3.60517087
   15.28000000    3.61206448
   15.30500000    3.62080283
   15.33000000    3.62982614
   15.35500000    3.63771411
   15.38000000    3.64379585
   15.40500000    3.64998617
   15.43000000    3.65830613
   15.45500000    3.66886062
   15.48000000    3.68088625
   15.50500000    3.69365000
   15.53000000    3.70579912
   15.55500000    3.71558955
   15.58000000    3.72416606
   15.60500000    3.73346146
   15.63000000    3.74382652
   15.65500000    3.75411407
   15.68000000    3.76260671
   15.70500000    3.76775588
   15.73000000    3.76970162
   15.75500000    3.77000751
   15.78000000    3.77038778
   15.80500000    3.77195788
   15.83000000    3.77509580
   15.85500000    3.77918244
   15.88000000    3.78259285
   15.90500000    3.78464386
   15.93000000    3.78607899
   15.95500000    3.78882141
   15.98000000    3.79435645
   16.00500000    3.80327074
   16.03000000    3.81451227
   16.05500000    3.82658854
   16.08000000    3.83788509
   16.10500000    3.84679408
   16.13000000    3.85244746
   16.15500000    3.85633415
   16.18000000    3.86203666
   16.20500000    3.87151260
   16.23000000    3.88401686
   16.25500000    3.89693672
   16.28000000    3.90729267
   16.30500000    3.91389523
   16.33000000    3.91853327
   16.35500000    3.92385685
   16.38000000    3.93135709
   16.40500000    3.94227076
   16.43000000    3.95729669
   16.45500000    3.97450884
   16.48000000    3.99064952
   16.50500000    4.00435452
   16.53000000    4.01649141
   16.55500000    4.02750764
   16.58000000    4.03688862
   16.60500000    4.04408534
   16.63000000    4.05022869
   16.65500000    4.05695793
   16.68000000    4.06373931
   16.70500000    4.06923660
   16.73000000    4.07313954
   16.75500000    4.07788516
   16.78000000    4.08632015
   16.80500000    4.09746489
   16.83000000    4.10923892
   16.85500000    4.12039721
   16.88000000    4.12852552
   16.90500000    4.13269855
   16.93000000    4.13337349
   16.95500000    4.13117149
   16.98000000    4.12866986
   17.00500000    4.12803845
   17.03000000    4.13061788
   17.05500000    4.13694431
   17.08000000    4.14344523
   17.10500000    4.14642177
   17.13000000    4.14639514
   17.15500000    4.14505441
   17.18000000    4.14361049
   17.20500000    4.14338054
   17.23000000    4.14554380
   17.25500000    4.15136546
   17.28000000    4.16096507
   17.30500000    4.17297274
   17.33000000    4.18613866
   17.35500000    4.19975756
   17.38000000    4.21341354
   17.40500000    4.22647557
   17.43000000    4.23896610
   17.45500000    4.25175255
   17.48000000    4.26339550
   17.50500000    4.27159840
   17.53000000    4.27714532
   17.55500000    4.28164834
   17.58000000    4.28553165
   17.60500000    4.28825392
   17.63000000    4.28820740
   17.65500000    4.28413809
   17.68000000    4.27760216
   17.70500000    4.27193705
   17.73000000    4.26923908
   17.75500000    4.26964844
   17.78000000    4.27338502
   17.80500000    4.28074089
   17.83000000    4.28974137
   17.85500000    4.29684947
   17.88000000    4.30141855
   17.90500000    4.30570813
   17.93000000    4.31127806
   17.95500000    4.31838873
   17.98000000    4.32626289
   18.00500000    4.33382425
   18.03000000    4.34168601
   18.05500000    4.35101628
   18.08000000    4.36370963
   18.10500000    4.38010721
   18.13000000    4.39742180
   18.15500000    4.41376417
   18.18000000    4.42948588
   18.20500000    4.44461672
   18.23000000    4.45829446
   18.25500000    4.47015672
   18.28000000    4.48131037
   18.30500000    4.49281326
   18.33000000    4.50270706
   18.35500000    4.50764612
   18.38000000    4.50688244
   18.40500000    4.50303764
   18.43000000    4.49926775
   18.45500000    4.49872413
   18.48000000    4.50394954
   18.50500000    4.51489762
   18.53000000    4.52905670
   18.55500000    4.54506827
   18.58000000    4.56323821
   18.60500000    4.58317473
   18.63000000    4.60317881
   18.65500000    4.62124966
   18.68000000    4.63714526
   18.70500000    4.65259424
   18.73000000    4.66884806
   18.75500000    4.68540135
   18.78000000    4.70144702
   18.80500000    4.71632388
   18.83000000    4.72911177
   18.85500000    4.73856320
   18.88000000    4.74386532
   18.90500000    4.74611315
   18.93000000    4.74702192
   18.95500000    4.74772171
   18.98000000    4.74953531
   19.00500000    4.75238892
   19.03000000    4.75374577
   19.05500000    4.75265133
   19.08000000    4.75070346
   19.10500000    4.74866536
   19.13000000    4.74670296
   19.15500000    4.74583279
   19.18000000    4.74618341
   19.20500000    4.74801386
   19.23000000    4.75237362
   19.25500000    4.75987953
   19.28000000    4.77177251
   19.30500000    4.78846951
   19.33000000    4.80631026
   19.35500000    4.82017661
   19.38000000    4.82662971
   19.40500000    4.82402164
   19.43000000    4.81426448
   19.45500000    4.80209471
   19.48000000    4.79019811
   19.50500000    4.77948906
   19.53000000    4.77149018
   19.55500000    4.76884638
   19.58000000    4.77352357
   19.60500000    4.78388844
   19.63000000    4.79510951
   19.65500000    4.80434091
   19.68000000    4.81166819
   19.70500000    4.81747147
   19.73000000    4.82223331
   19.75500000    4.82633461
   19.78000000    4.83024312
   19.80500000    4.83467711
   19.83000000    4.83973538
   19.85500000    4.84698391
   19.88000000    4.85769129
   19.90500000    4.87062647
   19.93000000    4.88288835
   19.95500000    4.89297076
   19.98000000    4.90021074
   20.00500000    4.90610901
   20.03000000    4.91215527
   20.05500000    4.91929621
   20.08000000    4.92979707
   20.10500000    4.94336668
   20.13000000    4.95787596
   20.15500000    4.97272814
   20.18000000    4.98801885
   20.20500000    5.00234801
   20.23000000    5.01407594
   20.25500000    5.02312147
   20.28000000    5.02923512
   20.30500000    5.03282974
   20.33000000    5.03505362
   20.35500000    5.03575418
   20.38000000    5.03437320
   20.40500000    5.03086751
   20.43000000    5.02694028
   20.45500000    5.02450277
   20.48000000    5.02404451
   20.50500000    5.02502545
   20.53000000    5.02497133
   20.55500000    5.02271711
   20.58000000    5.01896914
   20.60500000    5.01530066
   20.63000000    5.01524904
   20.65500000    5.02033811
   20.68000000    5.02836752
   20.70500000    5.03672586
   20.73000000    5.04592513
   20.75500000    5.05725390
   20.78000000    5.06997712
   20.80500000    5.08177674
   20.83000000    5.09174130
   20.85500000    5.10062763
   20.88000000    5.10833746
   20.90500000    5.11440159
   20.93000000    5.11993154
   20.95500000    5.12543041
   20.98000000    5.13245143
   21.00500000    5.14218788
   21.03000000    5.15555413
   21.05500000    5.17196517
   21.08000000    5.18872216
   21.10500000    5.20300303
   21.13000000    5.21356090
   21.15500000    5.22046453
   21.18000000    5.22521589
   21.20500000    5.22904185
   21.23000000    5.23420098
   21.25500000    5.24454070
   21.28000000    5.26006878
   21.30500000    5.27619551
   21.33000000    5.28873404
   21.35500000    5.29679926
   21.38000000    5.30246741
   21.40500000    5.30750721
   21.43000000    5.31290412
   21.45500000    5.31909917
   21.48000000    5.32319920
   21.50500000    5.32242718
   21.53000000    5.31843765
   21.55500000    5.31651877
   21.58000000    5.32084586
   21.60500000    5.32968381
   21.63000000    5.33924933
   21.65500000    5.34616328
   21.68000000    5.34642162
   21.70500000    5.33941844
   21.73000000    5.32858944
   21.75500000    5.31924648
   21.78000000    5.31560899
   21.80500000    5.31860697
   21.83000000    5.32722775
   21.85500000    5.33967123
   21.88000000    5.35415932
   21.90500000    5.36930230
   21.93000000    5.38482837
   21.95500000    5.40001273
   21.98000000    5.41390650
   22.00500000    5.42570964
   22.03000000    5.43495880
   22.05500000    5.43963020
   22.08000000    5.43767649
   22.10500000    5.43008088
   22.13000000    5.42064851
   22.15500000    5.41237065
   22.18000000    5.40533651
   22.20500000    5.40019735
   22.23000000    5.39782014
   22.25500000    5.39933676
   22.28000000    5.40356153
   22.30500000    5.40860559
   22.33000000    5.41552200
   22.35500000    5.42569240
   22.38000000    5.43789258
   22.40500000    5.44954057
   22.43000000    5.45923723
   22.45500000    5.46738770
   22.48000000    5.47401346
   22.50500000    5.47955677
   22.53000000    5.48592706
   22.55500000    5.49409716
   22.58000000    5.50365055
   22.60500000    5.51404434
   22.63000000    5.52413656
   22.65500000    5.53301733
   22.68000000    5.54002768
   22.70500000    5.54397125
   22.73000000    5.54503352
   22.75500000    5.54535577
   22.78000000    5.54720627
   22.80500000    5.55304776
   22.83000000    5.56413133
   22.85500000    5.57872325
   22.88000000    5.59336979
   22.90500000    5.60686703
   22.93000000    5.62092918
   22.95500000    5.63700989
   22.98000000    5.65386574
   23.00500000    5.66813195
   23.03000000    5.67846931
   23.05500000    5.68420998
   23.08000000    5.68463158
   23.10500000    5.68249171
   23.13000000    5.67962198
   23.15500000    5.67619626
   23.18000000    5.67480495
   23.20500000    5.67812291
   23.23000000    5.68656895
   23.25500000    5.69863322
   23.28000000    5.71206292
   23.30500000    5.72534489
   23.33000000    5.73812246
   23.35500000    5.75007799
   23.38000000    5.76135659
   23.40500000    5.77276370
   23.43000000    5.78472074
   23.45500000    5.79770609
   23.48000000    5.81095003
   23.50500000    5.82320067
   23.53000000    5.83296918
   23.55500000    5.83874986
   23.58000000    5.83869258
   23.60500000    5.83231191
   23.63000000    5.82143533
   23.65500000    5.80888433
   23.68000000    5.79782652
   23.70500000    5.79084311
   23.73000000    5.78925830
   23.75500000    5.79354302
   23.78000000    5.80356543
   23.80500000    5.81687352
   23.83000000    5.82969295
   23.85500000    5.84131665
   23.88000000    5.85256683
   23.90500000    5.86326289
   23.93000000    5.87300388
   23.95500000    5.88126349
   23.98000000    5.88809116
   24.00500000    5.89364991
   24.03000000    5.89788369
   24.05500000    5.90231487
   24.08000000    5.90995124
   24.10500000    5.92157181
   24.13000000    5.93606969
   24.15500000    5.95269421
   24.18000000    5.97076975
   24.20500000    5.98888802
   24.23000000    6.00427307
   24.25500000    6.01390136
   24.28000000    6.01630823
   24.30500000    6.01327960
   24.33000000    6.00737750
   24.35500000    6.00010562
   24.38000000    5.99132054
   24.40500000    5.98159137
   24.43000000    5.97374705
   24.45500000    5.97094902
   24.48000000    5.97515451
   24.50500000    5.98481678
   24.53000000    5.99633241
   24.55500000    6.00780102
   24.58000000    6.01712981
   24.60500000    6.02123988
   24.63000000    6.01968107
   24.65500000    6.01452591
   24.68000000    6.00743021
   24.70500000    5.99886367
   24.73000000    5.99062873
   24.75500000    5.98532171
   24.78000000    5.98430965
   24.80500000    5.98614051
   24.83000000    5.98906751
   24.85500000    5.99170054
   24.88000000    5.99292688
   24.90500000    5.99372005
   24.93000000    5.99678789
   24.95500000    6.00411349
   24.98000000    6.01514124
   25.00500000    6.02741596
   25.03000000    6.03957120
   25.05500000    6.05234172
   25.08000000    6.06679075
   25.10500000    6.08209156
   25.13000000    6.09722763
   25.15500000    6.11312280
   25.18000000    6.13115663
   25.20500000    6.15035631
   25.23000000    6.16763649
   25.25500000    6.18033137
   25.28000000    6.18644800
   25.30500000    6.18590258
   25.33000000    6.18110904
   25.35500000    6.17316993
   25.38000000    6.16399892
   25.40500000    6.15697361
   25.43000000    6.15301837
   25.45500000    6.15053410
   25.48000000    6.14832694
   25.50500000    6.14742305
   25.53000000    6.14793728
   25.55500000    6.14715589
   25.58000000    6.14359659
   25.60500000    6.13914330
   25.63000000    6.13597695
   25.65500000    6.13460430
   25.68000000    6.13478877
   25.70500000    6.13599312
   25.73000000    6.13899191
   25.75500000    6.14424943
   25.78000000    6.15009426
   25.80500000    6.15479264
   25.83000000    6.15936656
   25.85500000    6.16620990
   25.88000000    6.17561343
   25.90500000    6.18723587
   25.93000000    6.20027196
   25.95500000    6.21357977
   25.98000000    6.22588708
   26.00500000    6.23722495
   26.03000000    6.24679792
   26.05500000    6.25348725
   26.08000000    6.25685786
   26.10500000    6.25905443
   26.13000000    6.26553987
   26.15500000    6.27845614
   26.18000000    6.29479007
   26.20500000    6.30986166
   26.23000000    6.31896409
   26.25500000    6.31976293
   26.28000000    6.31341116
   26.30500000    6.30280968
   26.33000000    6.29071191
   26.35500000    6.27801743
   26.38000000    6.26597219
   26.40500000    6.25641399
   26.43000000    6.25062772
   26.45500000    6.24894355
   26.48000000    6.25172792
   26.50500000    6.25785932
   26.53000000    6.26517989
   26.55500000    6.27210543
   26.58000000    6.27670756
   26.60500000    6.27820240
   26.63000000    6.27798423
   26.65500000    6.27712596
   26.68000000    6.27767863
   26.70500000    6.27934671
   26.73000000    6.28130548
   26.75500000    6.28638736
   26.78000000    6.29587020
   26.80500000    6.30745420
   26.83000000    6.31834512
   26.85500000    6.32831267
   26.88000000    6.33688565
   26.90500000    6.34135298
   26.93000000    6.33981328
   26.95500000    6.33412357
   26.98000000    6.33098863
   27.00500000    6.33523998
   27.03000000    6.34505718
   27.05500000    6.35693800
   27.08000000    6.36875028
   27.10500000    6.37920759
   27.13000000    6.38820250
   27.15500000    6.39624237
   27.18000000    6.40398586
   27.20500000    6.41224271
   27.23000000    6.42115487
   27.25500000    6.43117087
   27.28000000    6.44075421
   27.30500000    6.44791813
   27.33000000    6.45147984
   27.35500000    6.45231846
   27.38000000    6.45309260
   27.40500000    6.45405421
   27.43000000    6.45624500
   27.45500000    6.46107895
   27.48000000    6.46678937
   27.50500000    6.47219666
   27.53000000    6.47602675
   27.55500000    6.47660060
   27.58000000    6.47341354
   27.60500000    6.46938866
   27.63000000    6.46813236
   27.65500000    6.47140997
   27.68000000    6.47837984
   27.70500000    6.48613200
   27.73000000    6.49244171
   27.75500000    6.49675563
   27.78000000    6.49866177
   27.80500000    6.49893007
   27.83000000    6.49996995
   27.85500000    6.50353852
   27.88000000    6.50955351
   27.90500000    6.51611564
   27.93000000    6.52221299
   27.95500000    6.53017311
   27.98000000    6.54231177
   28.00500000    6.55903129
   28.03000000    6.57804326
   28.05500000    6.59613019
   28.08000000    6.61242631
   28.10500000    6.62604748
   28.13000000    6.63700320
   28.15500000    6.64756984
   28.18000000    6.66015930
   28.20500000    6.67293180
   28.23000000    6.68442387
   28.25500000    6.69521051
   28.28000000    6.70649137
   28.30500000    6.71684684
   28.33000000    6.72452960
   28.35500000    6.73004708
   28.38000000    6.73604177
   28.40500000    6.74390757
   28.43000000    6.75275110
   28.45500000    6.76043071
   28.48000000    6.76610340
   28.50500000    6.77138750
   28.53000000    6.77718840
   28.55500000    6.78176172
   28.58000000    6.78343936
   28.60500000    6.78316848
   28.63000000    6.78348433
   28.65500000    6.78634425
   28.68000000    6.79133721
   28.70500000    6.79731959
   28.73000000    6.80347515
   28.75500000    6.80927781
   28.78000000    6.81415452
   28.80500000    6.81739720
   28.83000000    6.81938296
   28.85500000    6.81908767
   28.88000000    6.81480332
   28.90500000    6.80845932
   28.93000000    6.80210557
   28.95500000    6.79723694
   28.98000000    6.79511307
   29.00500000    6.79574098
   29.03000000    6.79763465
   29.05500000    6.79902027
   29.08000000    6.79870472
   29.10500000    6.79627912
   29.13000000    6.79183016
   29.15500000    6.78715608
   29.18000000    6.78371799
   29.20500000    6.78190694
   29.23000000    6.78248216
   29.25500000    6.78725784
   29.28000000    6.79867453
   29.30500000    6.81630284
   29.33000000    6.83750650
   29.35500000    6.85866190
   29.38000000    6.87768723
   29.40500000    6.89499134
   29.43000000    6.91060189
   29.45500000    6.92654175
   29.48000000    6.94479322
   29.50500000    6.96416997
   29.53000000    6.98130506
   29.55500000    6.99385351
   29.58000000    7.00081956
   29.60500000    7.00252324
   29.63000000    7.00083500
   29.65500000    6.99811254
   29.68000000    6.99575296
   29.70500000    6.99401020
   29.73000000    6.99181884
   29.75500000    6.98928595
   29.78000000    6.98921616
   29.80500000    6.99438546
   29.83000000    7.00481336
   29.85500000    7.01841262
   29.88000000    7.03349193
   29.90500000    7.04943073
   29.93000000    7.06397350
   29.95500000    7.07491704
   29.98000000    7.08269161
   30.00500000    7.08968245
   30.03000000    7.09718432
   30.05500000    7.10428004
   30.08000000    7.11078392
   30.10500000    7.11769918
   30.13000000    7.12665076
   30.15500000    7.13846385
   30.18000000    7.15282016
   30.20500000    7.16901023
   30.23000000    7.18600322
   30.25500000    7.20205756
   30.28000000    7.21593240
   30.30500000    7.22689024
   30.33000000    7.23543455
   30.35500000    7.24228502
   30.38000000    7.24616082
   30.40500000    7.24654907
   30.43000000    7.24705567
   30.45500000    7.25025391
   30.48000000    7.25615262
   30.50500000    7.26646789
   30.53000000    7.28293735
   30.55500000    7.30410991
   30.58000000    7.32670194
   30.60500000    7.34684106
   30.63000000    7.36139829
   30.65500000    7.37111237
   30.68000000    7.37957887
   30.70500000    7.38829231
   30.73000000    7.39712349
   30.75500000    7.40733032
   30.78000000    7.42035390
   30.80500000    7.43602255
   30.83000000    7.45149774
   30.85500000    7.46189805
   30.88000000    7.46508952
   30.90500000    7.46278248
   30.93000000    7.45700234
   30.95500000    7.45101531
   30.98000000    7.44910146
   31.00500000    7.45273009
   31.03000000    7.46072908
   31.05500000    7.47110988
   31.08000000    7.48114592
   31.10500000    7.48993824
   31.13000000    7.49897130
   31.15500000    7.50903558
   31.18000000    7.51811364
   31.20500000    7.52429035
   31.23000000    7.52716965
   31.25500000    7.52766495
   31.28000000    7.52805507
   31.30500000    7.53104612
   31.33000000    7.53782174
   31.35500000    7.54676739
   31.38000000    7.55449004
   31.40500000    7.55871675
   31.43000000    7.56111846
   31.45500000    7.56452863
   31.48000000    7.57041452
   31.50500000    7.57982157
   31.53000000    7.59321748
   31.55500000    7.60853244
   31.58000000    7.62435023
   31.60500000    7.64009025
   31.63000000    7.65579977
   31.65500000    7.67071577
   31.68000000    7.68250310
   31.70500000    7.69082955
   31.73000000    7.69899047
   31.75500000    7.70868181
   31.78000000    7.71740657
   31.80500000    7.72402188
   31.83000000    7.73024418
   31.85500000    7.73776370
   31.88000000    7.74592561
   31.90500000    7.75418201
   31.93000000    7.76137670
   31.95500000    7.76547300
   31.98000000    7.76594786
   32.00500000    7.76384649
   32.03000000    7.76022518
   32.05500000    7.75606656
   32.08000000    7.75135536
   32.10500000    7.74672439
   32.13000000    7.74251792
   32.15500000    7.73840665
   32.18000000    7.73649441
   32.20500000    7.73986651
   32.23000000    7.74973002
   32.25500000    7.76353272
   32.28000000    7.77848367
   32.30500000    7.79435100
   32.33000000    7.81226312
   32.35500000    7.83101778
   32.38000000    7.84550262
   32.40500000    7.85159325
   32.43000000    7.84933389
   32.45500000    7.84079196
   32.48000000    7.82959330
   32.50500000    7.82217057
   32.53000000    7.82204363
   32.55500000    7.82674354
   32.58000000    7.83291235
   32.60500000    7.83911773
   32.63000000    7.84397494
   32.65500000    7.84646179
   32.68000000    7.84650104
   32.70500000    7.84378450
   32.73000000    7.83703222
   32.75500000    7.82447696
   32.78000000    7.80579179
   32.80500000    7.78346077
   32.83000000    7.76125777
   32.85500000    7.74237521
   32.88000000    7.72687833
   32.90500000    7.71286496
   32.93000000    7.69940441
   32.95500000    7.68746457
   32.98000000    7.67781011
   33.00500000    7.66963652
   33.03000000    7.66243645
   33.05500000    7.65792574
   33.08000000    7.65775763
   33.10500000    7.66119471
   33.13000000    7.66654768
   33.15500000    7.67171005
   33.18000000    7.67520238
   33.20500000    7.67905459
   33.23000000    7.68825018
   33.25500000    7.70514522
   33.28000000    7.72671776
   33.30500000    7.74840437
   33.33000000    7.76804014
   33.35500000    7.78596238
   33.38000000    7.80199534
   33.40500000    7.81636329
   33.43000000    7.82836775
   33.45500000    7.83718262
   33.48000000    7.84545803
   33.50500000    7.85415031
   33.53000000    7.85939604
   33.55500000    7.85722375
   33.58000000    7.84918430
   33.60500000    7.84080501
   33.63000000    7.83514975
   33.65500000    7.83237945
   33.68000000    7.83274729
   33.70500000    7.83671305
   33.73000000    7.84282100
   33.75500000    7.84924479
   33.78000000    7.85542365
   33.80500000    7.86231883
   33.83000000    7.86923496
   33.85500000    7.87421888
   33.88000000    7.87730819
   33.90500000    7.88009088
   33.93000000    7.88466682
   33.95500000    7.89003397
   33.98000000    7.89399978
   34.00500000    7.89835162
   34.03000000    7.90485101
   34.05500000    7.91127032
   34.08000000    7.91620392
   34.10500000    7.92080452
   34.13000000    7.92577533
   34.15500000    7.93130367
   34.18000000    7.93737815
   34.20500000    7.94339361
   34.23000000    7.94953720
   34.25500000    7.95696860
   34.28000000    7.96435989
   34.30500000    7.96834904
   34.33000000    7.96929227
   34.35500000    7.97063034
   34.38000000    7.97598868
   34.40500000    7.98814740
   34.43000000    8.00605444
   34.45500000    8.02630520
   34.48000000    8.04665395
   34.50500000    8.06357263
   34.53000000    8.07438219
   34.55500000    8.07892469
   34.58000000    8.07788371
   34.60500000    8.07172086
   34.63000000    8.06339277
   34.65500000    8.05767490
   34.68000000    8.05878798
   34.70500000    8.06850071
   34.73000000    8.08505668
   34.75500000    8.10500739
   34.78000000    8.12547613
   34.80500000    8.14499119
   34.83000000    8.16145684
   34.85500000    8.17246010
   34.88000000    8.18068394
   34.90500000    8.18958459
   34.93000000    8.19934076
   34.95500000    8.20925269
   34.98000000    8.21760248
   35.00500000    8.22448849
   35.03000000    8.23052832
   35.05500000    8.23486112
   35.08000000    8.23768265
   35.10500000    8.24001604
   35.13000000    8.24095866
   35.15500000    8.24094406
   35.18000000    8.24204484
   35.20500000    8.24412090
   35.23000000    8.24772567
   35.25500000    8.25531448
   35.28000000    8.26627555
   35.30500000    8.27920617
   35.33000000    8.29303389
   35.35500000    8.30611588
   35.38000000    8.31783330
   35.40500000    8.32825448
   35.43000000    8.33848599
   35.45500000    8.34987968
   35.48000000    8.36194130
   35.50500000    8.37156385
   35.53000000    8.37646292
   35.55500000    8.37725169
   35.58000000    8.37594728
   35.60500000    8.37599180
   35.63000000    8.38115779
   35.65500000    8.39296548
   35.68000000    8.40949443
   35.70500000    8.42777460
   35.73000000    8.44675496
   35.75500000    8.46505061
   35.78000000    8.47756617
   35.80500000    8.47955902
   35.83000000    8.47039632
   35.85500000    8.45314673
   35.88000000    8.43358801
   35.90500000    8.41760228
   35.93000000    8.40859945
   35.95500000    8.40466663
   35.98000000    8.40130318
   36.00500000    8.39747796
   36.03000000    8.39362084
   36.05500000    8.39078921
   36.08000000    8.38786110
   36.10500000    8.38363338
   36.13000000    8.38069683
   36.15500000    8.38158326
   36.18000000    8.38430907
   36.20500000    8.38642194
   36.23000000    8.38785564
   36.25500000    8.38994757
   36.28000000    8.39415336
   36.30500000    8.39989540
   36.33000000    8.40617103
   36.35500000    8.41380016
   36.38000000    8.42241020
   36.40500000    8.43161896
   36.43000000    8.44062107
   36.45500000    8.44848199
   36.48000000    8.45701353
   36.50500000    8.46788607
   36.53000000    8.48030621
   36.55500000    8.49269572
   36.58000000    8.50320137
   36.60500000    8.51261423
   36.63000000    8.52323657
   36.65500000    8.53526382
   36.68000000    8.54678888
   36.70500000    8.55604746
   36.73000000    8.56185964
   36.75500000    8.56532817
   36.78000000    8.56785592
   36.80500000    8.56830416
   36.83000000    8.56462986
   36.85500000    8.55824679
   36.88000000    8.55361350
   36.90500000    8.55253883
   36.93000000    8.55466121
   36.95500000    8.56029948
   36.98000000    8.56733715
   37.00500000    8.57130434
   37.03000000    8.57089307
   37.05500000    8.56887264
   37.08000000    8.56690229
   37.10500000    8.56471330
   37.13000000    8.56338854
   37.15500000    8.56281898
   37.18000000    8.56205099
   37.20500000    8.56120290
   37.23000000    8.56049981
   37.25500000    8.56022297
   37.28000000    8.56135879
   37.30500000    8.56426728
   37.33000000    8.56878772
   37.35500000    8.57529618
   37.38000000    8.58444441
   37.40500000    8.59570389
   37.43000000    8.60831558
   37.45500000    8.62194991
   37.48000000    8.63661371
   37.50500000    8.65137331
   37.53000000    8.66385985
   37.55500000    8.66979468
   37.58000000    8.66762925
   37.60500000    8.66408887
   37.63000000    8.66783402
   37.65500000    8.68116587
   37.68000000    8.69882780
   37.70500000    8.71331071
   37.73000000    8.72153122
   37.75500000    8.72411409
   37.78000000    8.72332588
   37.80500000    8.72255618
   37.83000000    8.72507518
   37.85500000    8.73059772
   37.88000000    8.73461723
   37.90500000    8.73297052
   37.93000000    8.72619468
   37.95500000    8.71628820
   37.98000000    8.70426427
   38.00500000    8.69397762
   38.03000000    8.68913969
   38.05500000    8.69004433
   38.08000000    8.69488704
   38.10500000    8.70163161
   38.13000000    8.71053194
   38.15500000    8.72270879
   38.18000000    8.73751412
   38.20500000    8.75299274
   38.23000000    8.76593672
   38.25500000    8.77385959
   38.28000000    8.77748279
   38.30500000    8.77806273
   38.33000000    8.77838065
   38.35500000    8.78127608
   38.38000000    8.78690045
   38.40500000    8.79386403
   38.43000000    8.80360237
   38.45500000    8.81865762
   38.48000000    8.83960706
   38.50500000    8.86533223
   38.53000000    8.89358904
   38.55500000    8.92212831
   38.58000000    8.94888933
   38.60500000    8.97240035
   38.63000000    8.99345460
   38.65500000    9.01383075
   38.68000000    9.03522395
   38.70500000    9.05653409
   38.73000000    9.07388155
   38.75500000    9.08590968
   38.78000000    9.09473289
   38.80500000    9.10160632
   38.83000000    9.10555504
   38.85500000    9.10744492
   38.88000000    9.10850363
   38.90500000    9.10990412
   38.93000000    9.11252348
   38.95500000    9.11694220
   38.98000000    9.12227846
   39.00500000    9.12855584
   39.03000000    9.13791752
   39.05500000    9.15243750
   39.08000000    9.17284580
   39.10500000    9.19850113
   39.13000000    9.22731360
   39.15500000    9.25667599
   39.18000000    9.28431782
   39.20500000    9.30807933
   39.23000000    9.32789596
   39.25500000    9.34591725
   39.28000000    9.36282597
   39.30500000    9.37740504
   39.33000000    9.39028427
   39.35500000    9.40406269
   39.38000000    9.41927142
   39.40500000    9.43401441
   39.43000000    9.44868293
   39.45500000    9.46418246
   39.48000000    9.48068046
   39.50500000    9.49693936
   39.53000000    9.51228860
   39.55500000    9.52775368
   39.58000000    9.54315215
   39.60500000    9.55880975
   39.63000000    9.57709356
   39.65500000    9.59932108
   39.68000000    9.62505280
   39.70500000    9.65135163
   39.73000000    9.67480562
   39.75500000    9.69420648
   39.78000000    9.70853591
   39.80500000    9.71778683
   39.83000000    9.72345470
   39.85500000    9.72818287
   39.88000000    9.73484950
   39.90500000    9.74679269
   39.93000000    9.76534409
   39.95500000    9.78770294
   39.98000000    9.81038121
   40.00500000    9.83124582
   40.03000000    9.85068065
   40.05500000    9.87055931
   40.08000000    9.89086245
   40.10500000    9.91039797
   40.13000000    9.92846837
   40.15500000    9.94599854
   40.18000000    9.96236527
   40.20500000    9.97550569
   40.23000000    9.98657987
   40.25500000    9.99817011
   40.28000000   10.01263806
   40.30500000   10.02943660
   40.33000000   10.04599764
   40.35500000   10.06002846
   40.38000000   10.07095011
   40.40500000   10.07657698
   40.43000000   10.07569845
   40.45500000   10.07033354
   40.48000000   10.06185969
   40.50500000   10.05088309
   40.53000000   10.03731003
   40.55500000   10.02047930
   40.58000000   10.00458375
   40.60500000    9.99611278
   40.63000000    9.99962265
   40.65500000   10.01397552
   40.68000000   10.03451215
   40.70500000   10.05526218
   40.73000000   10.07264641
   40.75500000   10.08749626
   40.78000000   10.10104062
   40.80500000   10.11393321
   40.83000000   10.12594298
   40.85500000   10.13579743
   40.88000000   10.14418842
   40.90500000   10.15291110
   40.93000000   10.16004865
   40.95500000   10.16772029
   40.98000000   10.18169178
   41.00500000   10.20230171
   41.03000000   10.22665618
   41.05500000   10.25175840
   41.08000000   10.27433788
   41.10500000   10.29348984
   41.13000000   10.31060875
   41.15500000   10.32312916
   41.18000000   10.32796272
   41.20500000   10.32542473
   41.23000000   10.31777234
   41.25500000   10.30828259
   41.28000000   10.29989861
   41.30500000   10.29382214
   41.33000000   10.29130951
   41.35500000   10.29672237
   41.38000000   10.31247643
   41.40500000   10.33508637
   41.43000000   10.35950783
   41.45500000   10.38338480
   41.48000000   10.40819829
   41.50500000   10.43466201
   41.53000000   10.45997469
   41.55500000   10.48163259
   41.58000000   10.49994932
   41.60500000   10.51624422
   41.63000000   10.53117695
   41.65500000   10.54610947
   41.68000000   10.56189200
   41.70500000   10.57903852
   41.73000000   10.59546553
   41.75500000   10.60657164
   41.78000000   10.61204047
   41.80500000   10.61545863
   41.83000000   10.61779631
   41.85500000   10.61813267
   41.88000000   10.61530634
   41.90500000   10.60992164
   41.93000000   10.60344291
   41.95500000   10.59757513
   41.98000000   10.59704576
   42.00500000   10.60410963
   42.03000000   10.61747054
   42.05500000   10.63372269
   42.08000000   10.64935167
   42.10500000   10.66129398
   42.13000000   10.66705325
   42.15500000   10.66858299
   42.18000000   10.66964299
   42.20500000   10.67159890
   42.23000000   10.67234473
   42.25500000   10.66833061
   42.28000000   10.65847135
   42.30500000   10.64427115
   42.33000000   10.62646258
   42.35500000   10.60843586
   42.38000000   10.59605596
   42.40500000   10.59340705
   42.43000000   10.60046381
   42.45500000   10.61337533
   42.48000000   10.62878250
   42.50500000   10.64336658
   42.53000000   10.65214893
   42.55500000   10.65203150
   42.58000000   10.64424437
   42.60500000   10.63118470
   42.63000000   10.61635793
   42.65500000   10.60422789
   42.68000000   10.59734701
   42.70500000   10.59527489
   42.73000000   10.59743905
   42.75500000   10.60450749
   42.78000000   10.61460315
   42.80500000   10.62385046
   42.83000000   10.63123105
   42.85500000   10.63879459
   42.88000000   10.64867975
   42.90500000   10.66128552
   42.93000000   10.67600452
   42.95500000   10.68989103
   42.98000000   10.69797128
   43.00500000   10.70045723
   43.03000000   10.70335195
   43.05500000   10.71021468
   43.08000000   10.72076623
   43.10500000   10.73388283
   43.13000000   10.74777431
   43.15500000   10.76177749
   43.18000000   10.77567276
   43.20500000   10.78954217
   43.23000000   10.80469375
   43.25500000   10.82001410
   43.28000000   10.83531839
   43.30500000   10.85168650
   43.33000000   10.86812710
   43.35500000   10.88346266
   43.38000000   10.89679494
   43.40500000   10.90786423
   43.43000000   10.91672456
   43.45500000   10.92564400
   43.48000000   10.93903698
   43.50500000   10.95887101
   43.53000000   10.98237970
   43.55500000   11.00492411
   43.58000000   11.02272040
   43.60500000   11.03315913
   43.63000000   11.03865022
   43.65500000   11.04430430
   43.68000000   11.05178855
   43.70500000   11.06043659
   43.73000000   11.07088877
   43.75500000   11.08494620
   43.78000000   11.10440659
   43.80500000   11.12759593
   43.83000000   11.15042352
   43.85500000   11.16978931
   43.88000000   11.18407479
   43.90500000   11.19378401
   43.93000000   11.20017530
   43.95500000   11.20677491
   43.98000000   11.21637684
   44.00500000   11.22749738
   44.03000000   11.23848762
   44.05500000   11.24840782
   44.08000000   11.25663166
   44.10500000   11.26419698
   44.13000000   11.27247132
   44.15500000   11.28226045
   44.18000000   11.29380731
   44.20500000   11.30674370
   44.23000000   11.32121369
   44.25500000   11.33720545
   44.28000000   11.35430080
   44.30500000   11.36916611
   44.33000000   11.37944277
   44.35500000   11.38382345
   44.38000000   11.38213080
   44.40500000   11.37638288
   44.43000000   11.36823509
   44.45500000   11.35907544
   44.48000000   11.35183633
   44.50500000   11.35000562
   44.53000000   11.35697127
   44.55500000   11.37176968
   44.58000000   11.38878071
   44.60500000   11.40266712
   44.63000000   11.41304003
   44.65500000   11.42117656
   44.68000000   11.43007382
   44.70500000   11.44292563
   44.73000000   11.46016695
   44.75500000   11.47921002
   44.78000000   11.49727210
   44.80500000   11.51330816
   44.83000000   11.52753006
   44.85500000   11.54101337
   44.88000000   11.55411807
   44.90500000   11.56502303
   44.93000000   11.56990669
   44.95500000   11.56750740
   44.98000000   11.56278231
   45.00500000   11.55907523
   45.03000000   11.55749638
   45.05500000   11.55827301
   45.08000000   11.55836917
   45.10500000   11.55808734
   45.13000000   11.55926178
   45.15500000   11.56385655
   45.18000000   11.57285817
   45.20500000   11.58588724
   45.23000000   11.60361014
   45.25500000   11.62684836
   45.28000000   11.65458392
   45.30500000   11.68311280
   45.33000000   11.70653678
   45.35500000   11.72174222
   45.38000000   11.72844231
   45.40500000   11.72745912
   45.43000000   11.72172929
   45.45500000   11.71736369
   45.48000000   11.72081176
   45.50500000   11.73438186
   45.53000000   11.75502975
   45.55500000   11.77608407
   45.58000000   11.79172441
   45.60500000   11.79867252
   45.63000000   11.79798647
   45.65500000   11.79404540
   45.68000000   11.78923798
   45.70500000   11.78619412
   45.73000000   11.78790203
   45.75500000   11.79635532
   45.78000000   11.81217019
   45.80500000   11.83304908
   45.83000000   11.85384177
   45.85500000   11.86930293
   45.88000000   11.87716402
   45.90500000   11.87927811
   45.93000000   11.88123329
   45.95500000   11.88481424
   45.98000000   11.88612227
   46.00500000   11.88300495
   46.03000000   11.87473185
   46.05500000   11.86204676
   46.08000000   11.84657393
   46.10500000   11.83091493
   46.13000000   11.81935130
   46.15500000   11.81397914
   46.18000000   11.81461130
   46.20500000   11.81904105
   46.23000000   11.82327675
   46.25500000   11.82309749
   46.28000000   11.81810060
   46.30500000   11.81078856
   46.33000000   11.80600651
   46.35500000   11.80676448
   46.38000000   11.81263847
   46.40500000   11.82102700
   46.43000000   11.82947048
   46.45500000   11.83790166
   46.48000000   11.84424564
   46.50500000   11.84656871
   46.53000000   11.84539139
   46.55500000   11.84150763
   46.58000000   11.83804349
   46.60500000   11.83925133
   46.63000000   11.84563867
   46.65500000   11.85546807
   46.68000000   11.86501143
   46.70500000   11.87154363
   46.73000000   11.87678073
   46.75500000   11.88126470
   46.78000000   11.88386236
   46.80500000   11.88411699
   46.83000000   11.88304290
   46.85500000   11.88393107
   46.88000000   11.88883149
   46.90500000   11.89910773
   46.93000000   11.91420994
   46.95500000   11.92969448
   46.98000000   11.94136900
   47.00500000   11.94664079
   47.03000000   11.94594777
   47.05500000   11.94474420
   47.08000000   11.94937020
   47.10500000   11.95991797
   47.13000000   11.97301294
   47.15500000   11.98601622
   47.18000000   12.00026931
   47.20500000   12.01798082
   47.23000000   12.03889432
   47.25500000   12.05970538
   47.28000000   12.07490601
   47.30500000   12.08177395
   47.33000000   12.08228685
   47.35500000   12.07935562
   47.38000000   12.07408391
   47.40500000   12.06618064
   47.43000000   12.05789893
   47.45500000   12.05156538
   47.48000000   12.04714517
   47.50500000   12.04320595
   47.53000000   12.03629093
   47.55500000   12.02474397
   47.58000000   12.01357571
   47.60500000   12.00870614
   47.63000000   12.01245546
   47.65500000   12.02515674
   47.68000000   12.04547423
   47.70500000   12.06954461
   47.73000000   12.09349793
   47.75500000   12.11343711
   47.78000000   12.12859846
   47.80500000   12.14143304
   47.83000000   12.15468090
   47.85500000   12.16854946
   47.88000000   12.17837283
   47.90500000   12.18083533
   47.93000000   12.17853212
   47.95500000   12.17341559
   47.98000000   12.16633552
   48.00500000   12.15683780
   48.03000000   12.14399693
   48.05500000   12.13114977
   48.08000000   12.12275552
   48.10500000   12.12087665
   48.13000000   12.12567213
   48.15500000   12.13599700
   48.18000000   12.15087903
   48.20500000   12.17058560
   48.23000000   12.19351747
   48.25500000   12.21529128
   48.28000000   12.23289272
   48.30500000   12.24645345
   48.33000000   12.25764179
   48.35500000   12.26696495
   48.38000000   12.27247374
   48.40500000   12.27393493
   48.43000000   12.27622345
   48.45500000   12.28311226
   48.48000000   12.29425689
   48.50500000   12.30899597
   48.53000000   12.32567832
   48.55500000   12.34268365
   48.58000000   12.35954418
   48.60500000   12.37672371
   48.63000000   12.39249538
   48.65500000   12.40408869
   48.68000000   12.41007397
   48.70500000   12.41212993
   48.73000000   12.41508883
   48.75500000   12.42358540
   48.78000000   12.43862137
   48.80500000   12.45813490
   48.83000000   12.47782247
   48.85500000   12.49585341
   48.88000000   12.51068890
   48.90500000   12.52093664
   48.93000000   12.53084055
   48.95500000   12.54473409
   48.98000000   12.56015259
   49.00500000   12.57295368
   49.03000000   12.58372364
   49.05500000   12.59512670
   49.08000000   12.60705476
   49.10500000   12.61715405
   49.13000000   12.62226689
   49.15500000   12.62170238
   49.18000000   12.61844598
   49.20500000   12.61770114
   49.23000000   12.62076258
   49.25500000   12.62620216
   49.28000000   12.63289696
   49.30500000   12.64015783
   49.33000000   12.64733120
   49.35500000   12.65581612
   49.38000000   12.66445728
   49.40500000   12.67340560
   49.43000000   12.68780854
   49.45500000   12.70967338
   49.48000000   12.73318909
   49.50500000   12.75347379
   49.53000000   12.76914617
   49.55500000   12.78054838
   49.58000000   12.78789535
   49.60500000   12.79073479
   49.63000000   12.78798475
   49.65500000   12.78051425
   49.68000000   12.77296391
   49.70500000   12.77003654
   49.73000000   12.77362044
   49.75500000   12.78017504
   49.78000000   12.78531916
   49.80500000   12.78769451
   49.83000000   12.78676653
   49.85500000   12.78562447
   49.88000000   12.78968647
   49.90500000   12.80057048
   49.93000000   12.81503187
   49.95500000   12.83015070
   49.98000000   12.84503917
