    0.000000000000000         2.557160485133275     
   2.5000000000000000E-002    2.332353543323867     
   5.0000000000000000E-002    1.768532041250276     
   7.5000000000000009E-002    1.092339569087670     
   0.1000000000000000        0.4919268860590973     
   0.1250000000000000        6.1112592676120103E-002
   0.1500000000000000       -0.1866482905721440     
   0.1750000000000000       -0.2852798213713244     
   0.2000000000000000       -0.2867600647394598     
   0.2250000000000000       -0.2409706638877669     
   0.2500000000000000       -0.1847927010529709     
   0.2750000000000000       -0.1389164812915046     
   0.3000000000000000       -0.1098163395820895     
   0.3250000000000000       -9.4706714381917738E-002
   0.3500000000000000       -8.7305065964694393E-002
   0.3750000000000000       -8.2208068887207215E-002
   0.4000000000000000       -7.6628510113898809E-002
   0.4250000000000000       -6.9835022035292624E-002
   0.4500000000000000       -6.2157179005860863E-002
   0.4750000000000000       -5.4230086597243421E-002
   0.5000000000000000       -4.6427474469586789E-002
   0.5250000000000000       -3.8776077367101870E-002
   0.5500000000000000       -3.1483463168383801E-002
   0.5750000000000001       -2.5098307761001748E-002
   0.6000000000000001       -1.9938513147814142E-002
   0.6250000000000000       -1.5961586887028330E-002
   0.6500000000000000       -1.3096941008188114E-002
   0.6750000000000000       -1.1344222984083521E-002
   0.7000000000000001       -1.0551267609306290E-002
   0.7250000000000001       -1.0316185890023701E-002
   0.7500000000000000       -1.0262170699480935E-002
   0.7750000000000000       -1.0183567564645033E-002
   0.8000000000000000       -9.9230560566858088E-003
   0.8250000000000000       -9.4196517219196512E-003
   0.8500000000000000       -8.7449288095096165E-003
   0.8750000000000000       -7.9972442979817080E-003
   0.9000000000000000       -7.3749522701900165E-003
   0.9250000000000000       -7.2461243929752488E-003
   0.9500000000000000       -8.0019072670523013E-003
   0.9750000000000000       -9.6647439701199023E-003
    1.000000000000000       -1.1602694676246186E-002
    1.025000000000000       -1.2797273224699608E-002
    1.050000000000000       -1.2493738290143395E-002
    1.075000000000000       -1.0548782964836780E-002
    1.100000000000000       -7.5343288905555656E-003
    1.125000000000000       -4.5069905510785571E-003
    1.150000000000000       -2.4822875340424599E-003
    1.175000000000000       -1.9572105329343641E-003
    1.200000000000000       -2.6622037265952496E-003
    1.225000000000000       -3.7231579511244406E-003
    1.250000000000000       -4.2066156487947994E-003
    1.275000000000000       -3.6345564125090668E-003
    1.300000000000000       -2.1329686245558555E-003
    1.325000000000000       -3.0141719302227954E-004
    1.350000000000000        1.1617681590314421E-003
    1.375000000000000        1.8545559009720499E-003
    1.400000000000000        1.7900141981676403E-003
    1.425000000000000        1.1518815566812846E-003
    1.450000000000000        1.3612065120077386E-004
    1.475000000000000       -8.9863959925263579E-004
    1.500000000000000       -1.5057752663505060E-003
    1.525000000000000       -1.4941072059085627E-003
    1.550000000000000       -8.7014864140178840E-004
    1.575000000000000        5.8531653688103358E-004
    1.600000000000000        3.2735416456119277E-003
    1.625000000000000        7.2341581998845319E-003
    1.650000000000000        1.1694404090947907E-002
    1.675000000000000        1.5129499573381191E-002
    1.700000000000000        1.5923755739577299E-002
    1.725000000000000        1.3271703850165513E-002
    1.750000000000000        7.6812635311750741E-003
    1.775000000000000        6.9029322088780107E-004
    1.800000000000000       -5.8857496900301154E-003
    1.825000000000000       -1.0655609216391699E-002
    1.850000000000000       -1.3042749419298767E-002
    1.875000000000000       -1.3229385040409858E-002
    1.900000000000000       -1.1859099997443361E-002
    1.925000000000000       -9.9625868882607556E-003
    1.950000000000000       -8.3517084073132395E-003
    1.975000000000000       -6.8884616665317742E-003
    2.000000000000000       -4.8355683690186391E-003
    2.025000000000000       -1.8990178348403528E-003
    2.050000000000000        1.3335516505740472E-003
    2.075000000000000        3.8372718664024372E-003
    2.100000000000000        4.6482262063094062E-003
    2.125000000000000        3.2785223639631536E-003
    2.150000000000000        2.2753510792429270E-004
    2.175000000000000       -3.0612046152288173E-003
    2.200000000000000       -5.1484145858549972E-003
    2.225000000000000       -5.5618524299492824E-003
    2.250000000000000       -4.9103667996728886E-003
    2.275000000000000       -4.2631093492706391E-003
    2.300000000000000       -4.3193520127285288E-003
    2.325000000000000       -5.0201858250892162E-003
    2.350000000000000       -5.8574898502859609E-003
    2.375000000000000       -6.3027059536255878E-003
    2.400000000000000       -5.9555794379351479E-003
    2.425000000000000       -4.5395327430753003E-003
    2.450000000000000       -1.9541335368312120E-003
    2.475000000000000        1.7525326438488642E-003
    2.500000000000000        6.2947988506362211E-003
    2.525000000000000        1.0827099678919647E-002
    2.550000000000000        1.3990654576856663E-002
    2.575000000000000        1.4749341766103474E-002
    2.600000000000000        1.3176022373584022E-002
    2.625000000000000        1.0351684906397363E-002
    2.650000000000000        7.5953574763698972E-003
    2.675000000000000        5.8867266657394213E-003
    2.700000000000000        5.5231550425106581E-003
    2.725000000000000        6.0358858637479527E-003
    2.750000000000000        6.5661404541014479E-003
    2.775000000000000        6.4561521695998731E-003
    2.800000000000000        5.5848938113460918E-003
    2.825000000000000        4.1357755502809850E-003
    2.850000000000000        2.2809104219147081E-003
    2.875000000000000        1.6136541579695467E-004
    2.900000000000000       -1.9350948743634756E-003
    2.925000000000000       -3.4321368275172510E-003
    2.950000000000000       -3.6402723642904284E-003
    2.975000000000000       -2.3878847985338876E-003
    3.000000000000000       -3.3903230629695442E-004
    3.025000000000000        1.3600917157468975E-003
    3.050000000000000        1.7117349993635953E-003
    3.075000000000000        2.0739345297905789E-004
    3.100000000000000       -2.9264856861009667E-003
    3.125000000000000       -6.4539656813537558E-003
    3.150000000000000       -8.5244182745795740E-003
    3.175000000000000       -7.7375350465149975E-003
    3.200000000000000       -4.0061194064124628E-003
    3.225000000000000        1.4866679960516334E-003
    3.250000000000000        7.0019954357819278E-003
    3.275000000000000        1.0946757891835617E-002
    3.300000000000000        1.2320005652134089E-002
    3.325000000000000        1.0967091238727944E-002
    3.350000000000000        7.6673000121966597E-003
    3.375000000000000        3.9039959873320518E-003
    3.400000000000000        1.1310232707353756E-003
    3.425000000000000        2.1673234170789160E-004
    3.450000000000000        1.2130629459647442E-003
    3.475000000000000        3.2988236457490689E-003
    3.500000000000000        5.2362155629500249E-003
    3.525000000000000        6.2652544224488205E-003
    3.550000000000000        6.4295793190596591E-003
    3.575000000000000        6.0776546698587808E-003
    3.600000000000000        5.1941408961106319E-003
    3.625000000000000        3.2127812053864009E-003
    3.650000000000000       -3.9815676945162348E-004
    3.675000000000000       -5.5199349594780811E-003
    3.700000000000000       -1.1290003363078198E-002
    3.725000000000000       -1.6245220855235354E-002
    3.750000000000000       -1.8667045378256098E-002
    3.775000000000000       -1.7439707720324993E-002
    3.800000000000000       -1.2828750672297651E-002
    3.825000000000000       -6.2251447741226400E-003
    3.850000000000000        6.5024481949207296E-004
    3.875000000000000        6.4070583271386496E-003
    3.900000000000000        1.0388188437387182E-002
    3.925000000000000        1.2635301590966974E-002
    3.950000000000000        1.3507164229797208E-002
    3.975000000000000        1.3391441507203621E-002
    4.000000000000000        1.2573905217266934E-002
