    0.000000000000000         2.561337021494460     
   2.5000000000000000E-002    2.335921880952585     
   5.0000000000000000E-002    1.770753861034196     
   7.5000000000000009E-002    1.092870067440189     
   0.1000000000000000        0.4902765235905107     
   0.1250000000000000        5.6861393482817419E-002
   0.1500000000000000       -0.1933149311485046     
   0.1750000000000000       -0.2934497732612109     
   0.2000000000000000       -0.2951327636274582     
   0.2250000000000000       -0.2484140281073317     
   0.2500000000000000       -0.1909229337469970     
   0.2750000000000000       -0.1442758827797970     
   0.3000000000000000       -0.1158437518780868     
   0.3250000000000000       -0.1033547476839517     
   0.3500000000000000       -9.9923604640514654E-002
   0.3750000000000000       -9.8381074728310374E-002
   0.4000000000000000       -9.4384003013373725E-002
   0.4250000000000000       -8.7157079400270607E-002
   0.4500000000000000       -7.7958177075014747E-002
   0.4750000000000000       -6.8291417264163385E-002
   0.5000000000000000       -5.9107671990925930E-002
   0.5250000000000000       -5.0790539408314617E-002
   0.5500000000000000       -4.3349316394888717E-002
   0.5750000000000001       -3.6595411518297971E-002
   0.6000000000000001       -3.0181494539453722E-002
   0.6250000000000000       -2.3727805305936931E-002
   0.6500000000000000       -1.7268028371505793E-002
   0.6750000000000000       -1.1479855766456508E-002
   0.7000000000000001       -7.1386455496953225E-003
   0.7250000000000001       -4.3445389336924274E-003
   0.7500000000000000       -2.5931900619442190E-003
   0.7750000000000000       -1.3041928936718956E-003
   0.8000000000000000        9.1162909117536337E-007
   0.8250000000000000        1.7666863197778435E-003
   0.8500000000000000        4.3449642023654844E-003
   0.8750000000000000        7.7082915294216603E-003
   0.9000000000000000        1.1130244490672105E-002
   0.9250000000000000        1.3351446708388612E-002
   0.9500000000000000        1.3215998063365095E-002
   0.9750000000000000        1.0217286209698127E-002
    1.000000000000000        4.5312731228606680E-003
    1.025000000000000       -3.0388382999473915E-003
    1.050000000000000       -1.1167824697266264E-002
    1.075000000000000       -1.8304257289294270E-002
    1.100000000000000       -2.3044926957857386E-002
    1.125000000000000       -2.4491759407621840E-002
    1.150000000000000       -2.2548133343616046E-002
    1.175000000000000       -1.7946069644520817E-002
    1.200000000000000       -1.2056751021223215E-002
    1.225000000000000       -6.3053428115843353E-003
    1.250000000000000       -1.5246683247616586E-003
    1.275000000000000        2.0313288619559549E-003
    1.300000000000000        4.1311478756787192E-003
    1.325000000000000        4.5317811564630333E-003
    1.350000000000000        3.4881779183049852E-003
    1.375000000000000        1.8400213067028062E-003
    1.400000000000000        4.6524574251444468E-004
    1.425000000000000       -3.0761073366233838E-004
    1.450000000000000       -7.0633845602402499E-004
    1.475000000000000       -1.1292522607870898E-003
    1.500000000000000       -1.8094758515475952E-003
    1.525000000000000       -2.7825900855543706E-003
    1.550000000000000       -3.7869066849554822E-003
    1.575000000000000       -4.2673216337781597E-003
    1.600000000000000       -3.6650721763273264E-003
    1.625000000000000       -1.6867143725294338E-003
    1.650000000000000        1.5601627135480724E-003
    1.675000000000000        5.5110212064895512E-003
    1.700000000000000        9.1545822553338603E-003
    1.725000000000000        1.1224174987733382E-002
    1.750000000000000        1.0944949230802385E-002
    1.775000000000000        8.6990364115054692E-003
    1.800000000000000        5.6828533073919569E-003
    1.825000000000000        2.9462062086261437E-003
    1.850000000000000        9.4011418045744435E-004
    1.875000000000000       -3.3789393680610305E-004
    1.900000000000000       -1.1725064955655311E-003
    1.925000000000000       -2.1541880381505449E-003
    1.950000000000000       -3.8838921923321008E-003
    1.975000000000000       -6.3469554176104168E-003
    2.000000000000000       -8.7047061811899979E-003
    2.025000000000000       -9.8983508552469068E-003
    2.050000000000000       -9.5170950356575297E-003
    2.075000000000000       -8.0437612569976675E-003
    2.100000000000000       -6.2762197274302434E-003
    2.125000000000000       -4.5720757417552225E-003
    2.150000000000000       -2.6797906630610275E-003
    2.175000000000000       -2.7486017650546373E-004
    2.200000000000000        2.3675360757951553E-003
    2.225000000000000        4.3908414642875373E-003
    2.250000000000000        5.0745276210174781E-003
    2.275000000000000        4.3312788526197608E-003
    2.300000000000000        2.6266213843520116E-003
    2.325000000000000        7.1873913538838972E-004
    2.350000000000000       -6.7006714553271438E-004
    2.375000000000000       -1.1553580457245540E-003
    2.400000000000000       -6.4943787271994458E-004
    2.425000000000000        8.1498783777721613E-004
    2.450000000000000        2.9627309859997508E-003
    2.475000000000000        5.1799235385006366E-003
    2.500000000000000        6.6086483409687169E-003
    2.525000000000000        6.4735627102863402E-003
    2.550000000000000        4.4061348702895167E-003
    2.575000000000000        6.5119265234232238E-004
    2.600000000000000       -3.7227637561462759E-003
    2.625000000000000       -7.2102950100445229E-003
    2.650000000000000       -8.7320302932584664E-003
    2.675000000000000       -8.0868475960066579E-003
    2.700000000000000       -5.6208803011634689E-003
    2.725000000000000       -1.8116640780955340E-003
    2.750000000000000        2.7067594279856335E-003
    2.775000000000000        7.0430111663339190E-003
    2.800000000000000        1.0370730041902363E-002
    2.825000000000000        1.2280436834629744E-002
    2.850000000000000        1.2768691323454771E-002
    2.875000000000000        1.2131733892383643E-002
    2.900000000000000        1.0837420118936090E-002
    2.925000000000000        9.4397754565558660E-003
    2.950000000000000        8.5606951131235451E-003
    2.975000000000000        8.6229480856155760E-003
    3.000000000000000        9.4031245913911317E-003
    3.025000000000000        1.0274321108890399E-002
    3.050000000000000        1.0847319221934237E-002
    3.075000000000000        1.0911802588537913E-002
    3.100000000000000        9.9890296369627407E-003
    3.125000000000000        7.4849493523936639E-003
    3.150000000000000        3.2878379819815731E-003
    3.175000000000000       -1.9557144335301778E-003
    3.200000000000000       -7.0495424684939252E-003
    3.225000000000000       -1.0711222404930423E-002
    3.250000000000000       -1.2083244988268169E-002
    3.275000000000000       -1.0954613262362312E-002
    3.300000000000000       -7.8315221352976572E-003
    3.325000000000000       -3.9580862744256379E-003
    3.350000000000000       -8.3231205200131857E-004
    3.375000000000000        5.7752645345094225E-004
    3.400000000000000        2.3370509740811594E-004
    3.425000000000000       -1.1346200182150641E-003
    3.450000000000000       -2.4586828621710382E-003
    3.475000000000000       -2.6724394416363872E-003
    3.500000000000000       -1.1808123774423280E-003
    3.525000000000000        1.6447302650099718E-003
    3.550000000000000        4.5594856843114915E-003
    3.575000000000000        6.2726170932355956E-003
    3.600000000000000        6.1496814287867956E-003
    3.625000000000000        4.3170279425825067E-003
    3.650000000000000        1.3035486759123631E-003
    3.675000000000000       -2.0830038731445848E-003
    3.700000000000000       -4.8897848966203590E-003
    3.725000000000000       -6.3960486443214970E-003
    3.750000000000000       -6.5394661422942217E-003
    3.775000000000000       -5.8424473210997458E-003
    3.800000000000000       -4.8689048842573941E-003
    3.825000000000000       -3.8531509071714094E-003
    3.850000000000000       -2.7517712570426163E-003
    3.875000000000000       -1.5749688104091910E-003
    3.900000000000000       -4.6315606942955201E-004
    3.925000000000000        4.5035732550276624E-004
    3.950000000000000        1.1292567377588603E-003
    3.975000000000000        1.6567110749846705E-003
    4.000000000000000        2.0570215103610567E-003
