    0.000000000000000         2.559387103809499     
   2.5000000000000000E-002    2.334097975751282     
   5.0000000000000000E-002    1.769211764484560     
   7.5000000000000009E-002    1.091969746180626     
   0.1000000000000000        0.4912435093812181     
   0.1250000000000000        6.1257021063361901E-002
   0.1500000000000000       -0.1848947491556212     
   0.1750000000000000       -0.2819403587892259     
   0.2000000000000000       -0.2826078344683161     
   0.2250000000000000       -0.2372224723534188     
   0.2500000000000000       -0.1828172055310223     
   0.2750000000000000       -0.1399886624884798     
   0.3000000000000000       -0.1150712522308786     
   0.3250000000000000       -0.1051582514184430     
   0.3500000000000000       -0.1035120244147580     
   0.3750000000000000       -0.1034607468403419     
   0.4000000000000000       -0.1002808014327734     
   0.4250000000000000       -9.1780722679656961E-002
   0.4500000000000000       -7.8214049428323760E-002
   0.4750000000000000       -6.1655162777435208E-002
   0.5000000000000000       -4.4961781780776269E-002
   0.5250000000000000       -3.0628741746166943E-002
   0.5500000000000000       -2.0047191734045229E-002
   0.5750000000000001       -1.3545812470109571E-002
   0.6000000000000001       -1.0864144784378498E-002
   0.6250000000000000       -1.1487876571864173E-002
   0.6500000000000000       -1.4661855244865539E-002
   0.6750000000000000       -1.9122119527388289E-002
   0.7000000000000001       -2.3060008983122255E-002
   0.7250000000000001       -2.4735750948585293E-002
   0.7500000000000000       -2.3246194567560301E-002
   0.7750000000000000       -1.8954824149543704E-002
   0.8000000000000000       -1.3491795337006693E-002
   0.8250000000000000       -8.9965333452623781E-003
   0.8500000000000000       -7.0722391339460451E-003
   0.8750000000000000       -8.3076843106372742E-003
   0.9000000000000000       -1.2206259612696286E-002
   0.9250000000000000       -1.7283594578384105E-002
   0.9500000000000000       -2.1517825977231784E-002
   0.9750000000000000       -2.3255121321384089E-002
    1.000000000000000       -2.2122468134547542E-002
    1.025000000000000       -1.9121529975493852E-002
    1.050000000000000       -1.5861667611778849E-002
    1.075000000000000       -1.3732046008880627E-002
    1.100000000000000       -1.3295129915184822E-002
    1.125000000000000       -1.4096217147807513E-002
    1.150000000000000       -1.4892936154916947E-002
    1.175000000000000       -1.4342252404474292E-002
    1.200000000000000       -1.1678431821677067E-002
    1.225000000000000       -6.9764720489427621E-003
    1.250000000000000       -1.1594562597061506E-003
    1.275000000000000        4.4220454356103742E-003
    1.300000000000000        8.5594266544089503E-003
    1.325000000000000        1.0619193603053214E-002
    1.350000000000000        1.0693542655282038E-002
    1.375000000000000        9.2476652506359382E-003
    1.400000000000000        6.8992161724764633E-003
    1.425000000000000        4.4401845280188095E-003
    1.450000000000000        2.5509637321568217E-003
    1.475000000000000        1.3792075757318876E-003
    1.500000000000000        6.7491724597383591E-004
    1.525000000000000        1.8880093291263368E-004
    1.550000000000000       -2.2856065941835642E-004
    1.575000000000000       -8.4554284594935893E-004
    1.600000000000000       -2.1564718364629010E-003
    1.625000000000000       -4.5014965169416730E-003
    1.650000000000000       -7.7176844215450213E-003
    1.675000000000000       -1.1040387041164998E-002
    1.700000000000000       -1.3313756022991567E-002
    1.725000000000000       -1.3505973100735436E-002
    1.750000000000000       -1.1138871680968796E-002
    1.775000000000000       -6.5133021353009930E-003
    1.800000000000000       -7.3877270799833585E-004
    1.825000000000000        4.4782236250823715E-003
    1.850000000000000        7.5704243579062913E-003
    1.875000000000000        7.8669643438525094E-003
    1.900000000000000        5.7653755864639749E-003
    1.925000000000000        2.3913972862776669E-003
    1.950000000000000       -1.1009908353874900E-003
    1.975000000000000       -3.9958306554135570E-003
    2.000000000000000       -5.9848652632369150E-003
    2.025000000000000       -7.1449317565447457E-003
    2.050000000000000       -7.7461662694094002E-003
    2.075000000000000       -8.0898433009360513E-003
    2.100000000000000       -8.5138241527823180E-003
    2.125000000000000       -9.1320331185386507E-003
    2.150000000000000       -9.6580087438569286E-003
    2.175000000000000       -9.4996274784027435E-003
    2.200000000000000       -8.2248875131267667E-003
    2.225000000000000       -6.1042210879416601E-003
    2.250000000000000       -4.0449807019066695E-003
    2.275000000000000       -2.9325449975791006E-003
    2.300000000000000       -3.0763653113736424E-003
    2.325000000000000       -4.1349203598404669E-003
    2.350000000000000       -5.3382336330321323E-003
    2.375000000000000       -5.9254246903068815E-003
    2.400000000000000       -5.5526573579318281E-003
    2.425000000000000       -4.2192310643655890E-003
    2.450000000000000       -1.9595794493597914E-003
    2.475000000000000        1.1300803345594637E-003
    2.500000000000000        4.7545213415085961E-003
    2.525000000000000        8.4560762422789253E-003
    2.550000000000000        1.1780545618993901E-002
    2.575000000000000        1.4393213074413858E-002
    2.600000000000000        1.6063557525144931E-002
    2.625000000000000        1.6603644757023637E-002
    2.650000000000000        1.5837305060100482E-002
    2.675000000000000        1.3741420381810243E-002
    2.700000000000000        1.0681058637013294E-002
    2.725000000000000        7.3449430054471243E-003
    2.750000000000000        4.4550402070348563E-003
    2.775000000000000        2.6605230550563159E-003
    2.800000000000000        2.4870296384387993E-003
    2.825000000000000        3.9196361381794137E-003
    2.850000000000000        6.0404099274348679E-003
    2.875000000000000        7.4488446134557833E-003
    2.900000000000000        7.1496700779360314E-003
    2.925000000000000        5.1095156831682411E-003
    2.950000000000000        2.0706175056416400E-003
    2.975000000000000       -1.1043301036051207E-003
    3.000000000000000       -3.8160725933274065E-003
    3.025000000000000       -5.7159967265222615E-003
    3.050000000000000       -6.7121721982126603E-003
    3.075000000000000       -6.9733458353386224E-003
    3.100000000000000       -6.7394186547781052E-003
    3.125000000000000       -6.0948743705965969E-003
    3.150000000000000       -5.1047655340255993E-003
    3.175000000000000       -4.2245988612522041E-003
    3.200000000000000       -4.1186298722246057E-003
    3.225000000000000       -5.1532740975233606E-003
    3.250000000000000       -7.0275808028530564E-003
    3.275000000000000       -8.8433265627215913E-003
    3.300000000000000       -9.7249050533209864E-003
    3.325000000000000       -9.5651434614103863E-003
    3.350000000000000       -9.1448254175860377E-003
    3.375000000000000       -9.2098338814849701E-003
    3.400000000000000       -9.6230558650030105E-003
    3.425000000000000       -9.7244972089975672E-003
    3.450000000000000       -9.1594687365743681E-003
    3.475000000000000       -7.9470398837865117E-003
    3.500000000000000       -6.1418184526528634E-003
    3.525000000000000       -3.7928682107819300E-003
    3.550000000000000       -1.2572327863519495E-003
    3.575000000000000        7.1365034627328292E-004
    3.600000000000000        1.5238324794434539E-003
    3.625000000000000        1.3129554875411422E-003
    3.650000000000000        8.2451391871859894E-004
    3.675000000000000        6.4617598428956144E-004
    3.700000000000000        7.7810072560284844E-004
    3.725000000000000        9.4780257789995659E-004
    3.750000000000000        1.1580147569947419E-003
    3.775000000000000        1.6284949182757202E-003
    3.800000000000000        2.4052743092895792E-003
    3.825000000000000        3.1726585911259297E-003
    3.850000000000000        3.4157372291419383E-003
    3.875000000000000        2.8729114016273254E-003
    3.900000000000000        1.8698067059860659E-003
    3.925000000000000        1.1005270134495015E-003
    3.950000000000000        9.1967741338842828E-004
    3.975000000000000        1.1098962305444551E-003
    4.000000000000000        1.1746055736371861E-003
