    0.000000000000000         2.578385734963639     
   2.5000000000000000E-002    2.353466708873685     
   5.0000000000000000E-002    1.788662784721111     
   7.5000000000000009E-002    1.109342152567421     
   0.1000000000000000        0.5025071735970159     
   0.1250000000000000        6.2082123091062691E-002
   0.1500000000000000       -0.1971488742955298     
   0.1750000000000000       -0.3068835378199235     
   0.2000000000000000       -0.3163792963231060     
   0.2250000000000000       -0.2733212817344819     
   0.2500000000000000       -0.2140716593064652     
   0.2750000000000000       -0.1610003528976538     
   0.3000000000000000       -0.1239262529889670     
   0.3250000000000000       -0.1034827497732340     
   0.3500000000000000       -9.5193410412133801E-002
   0.3750000000000000       -9.2968041356812687E-002
   0.4000000000000000       -9.1236234876118303E-002
   0.4250000000000000       -8.6390696429687850E-002
   0.4500000000000000       -7.7624172828012092E-002
   0.4750000000000000       -6.6470857978883053E-002
   0.5000000000000000       -5.5221086400118757E-002
   0.5250000000000000       -4.5378888546415244E-002
   0.5500000000000000       -3.7309527669439801E-002
   0.5750000000000001       -3.0526651205663820E-002
   0.6000000000000001       -2.4348754756984543E-002
   0.6250000000000000       -1.8617042087386988E-002
   0.6500000000000000       -1.3759254450850449E-002
   0.6750000000000000       -1.0242738204501274E-002
   0.7000000000000001       -8.1112813206909777E-003
   0.7250000000000001       -7.0860580112525628E-003
   0.7500000000000000       -6.7241887660878064E-003
   0.7750000000000000       -6.5713698082215792E-003
   0.8000000000000000       -6.2085802304413074E-003
   0.8250000000000000       -5.4368176165735882E-003
   0.8500000000000000       -4.6148245706548439E-003
   0.8750000000000000       -4.4652811209067451E-003
   0.9000000000000000       -5.4252013502250165E-003
   0.9250000000000000       -7.4100459065291364E-003
   0.9500000000000000       -1.0176880031723570E-002
   0.9750000000000000       -1.3610544920124670E-002
    1.000000000000000       -1.7510204091111525E-002
    1.025000000000000       -2.1372101260007899E-002
    1.050000000000000       -2.4444197969269803E-002
    1.075000000000000       -2.5967821128872477E-002
    1.100000000000000       -2.5614461211491006E-002
    1.125000000000000       -2.3535497754022154E-002
    1.150000000000000       -1.9923672885386075E-002
    1.175000000000000       -1.4921725525607505E-002
    1.200000000000000       -8.9862093136324361E-003
    1.225000000000000       -3.1076203711942081E-003
    1.250000000000000        1.4671427821367868E-003
    1.275000000000000        3.7803904696864943E-003
    1.300000000000000        3.6928952248790159E-003
    1.325000000000000        1.9546214271731955E-003
    1.350000000000000       -2.1937218671461696E-004
    1.375000000000000       -1.7413202528676031E-003
    1.400000000000000       -2.0548821472266616E-003
    1.425000000000000       -1.1932903744065695E-003
    1.450000000000000        2.2584926441264108E-004
    1.475000000000000        1.1739533667318796E-003
    1.500000000000000        5.3817441938282995E-004
    1.525000000000000       -2.2731215269612632E-003
    1.550000000000000       -6.5585036607845808E-003
    1.575000000000000       -1.0458629656025202E-002
    1.600000000000000       -1.2009316462645425E-002
    1.625000000000000       -1.0209204021047971E-002
    1.650000000000000       -5.5016292878054154E-003
    1.675000000000000        5.7654077615176833E-004
    1.700000000000000        6.1992053935800628E-003
    1.725000000000000        9.9381996029331443E-003
    1.750000000000000        1.1167103784442565E-002
    1.775000000000000        1.0328165219236085E-002
    1.800000000000000        8.6705344287483115E-003
    1.825000000000000        7.3445915905398342E-003
    1.850000000000000        6.7518495275799513E-003
    1.875000000000000        6.5692504616104310E-003
    1.900000000000000        6.4541833624625058E-003
    1.925000000000000        6.4616581801432442E-003
    1.950000000000000        6.6828040820910211E-003
    1.975000000000000        6.8402594954447169E-003
    2.000000000000000        6.5042772367651382E-003
    2.025000000000000        5.4770276690269437E-003
    2.050000000000000        3.7491157264654018E-003
    2.075000000000000        1.3474974014452061E-003
    2.100000000000000       -1.6157659941515677E-003
    2.125000000000000       -4.8144048771065870E-003
    2.150000000000000       -7.6920825494327536E-003
    2.175000000000000       -9.7294336095066019E-003
    2.200000000000000       -1.0640489893214464E-002
    2.225000000000000       -1.0377848196873205E-002
    2.250000000000000       -9.2790403552572673E-003
    2.275000000000000       -8.0336147619623066E-003
    2.300000000000000       -7.0998760078471292E-003
    2.325000000000000       -6.2570227806907468E-003
    2.350000000000000       -4.9005774647826561E-003
    2.375000000000000       -2.5884602221987456E-003
    2.400000000000000        6.0693274313595698E-004
    2.425000000000000        4.1402913039991418E-003
    2.450000000000000        7.4403018469051130E-003
    2.475000000000000        1.0165402759281392E-002
    2.500000000000000        1.1914945462968478E-002
    2.525000000000000        1.2165130817108594E-002
    2.550000000000000        1.0828704606311499E-002
    2.575000000000000        8.4844583325699876E-003
    2.600000000000000        5.9535843643249651E-003
    2.625000000000000        3.6783057339373308E-003
    2.650000000000000        1.4980764285815549E-003
    2.675000000000000       -8.6226847317634743E-004
    2.700000000000000       -3.3089974909990385E-003
    2.725000000000000       -5.6121693299462336E-003
    2.750000000000000       -7.7845315508883095E-003
    2.775000000000000       -9.9482442754415317E-003
    2.800000000000000       -1.2006485054288765E-002
    2.825000000000000       -1.3559166603487294E-002
    2.850000000000000       -1.4140899875203806E-002
    2.875000000000000       -1.3518137776243004E-002
    2.900000000000000       -1.1765612840105395E-002
    2.925000000000000       -9.2309612200827544E-003
    2.950000000000000       -6.4509880780644293E-003
    2.975000000000000       -3.8269700489776138E-003
    3.000000000000000       -1.5771076750079105E-003
    3.025000000000000       -1.5481804311396409E-004
    3.050000000000000       -1.3139395996451118E-004
    3.075000000000000       -1.5513417388780971E-003
    3.100000000000000       -3.8010627096199991E-003
    3.125000000000000       -6.0368918629329027E-003
    3.150000000000000       -7.6627727772495700E-003
    3.175000000000000       -8.4040751346666340E-003
    3.200000000000000       -8.0903630621267819E-003
    3.225000000000000       -6.6417503699885581E-003
    3.250000000000000       -4.1840033167908217E-003
    3.275000000000000       -1.1625977952669617E-003
    3.300000000000000        1.5401074539268698E-003
    3.325000000000000        2.9781005425865601E-003
    3.350000000000000        2.9334660005371592E-003
    3.375000000000000        2.1782829394561061E-003
    3.400000000000000        1.8110175316463073E-003
    3.425000000000000        2.3556020380592422E-003
    3.450000000000000        3.5278391895435162E-003
    3.475000000000000        4.6698667417348876E-003
    3.500000000000000        4.9916060898650221E-003
    3.525000000000000        3.7771603779785257E-003
    3.550000000000000        7.1228112037089080E-004
    3.575000000000000       -3.7109686861424636E-003
    3.600000000000000       -8.1043605425215137E-003
    3.625000000000000       -1.0885518156457041E-002
    3.650000000000000       -1.1142375306957817E-002
    3.675000000000000       -8.9521669286479373E-003
    3.700000000000000       -5.3352056961998837E-003
    3.725000000000000       -1.9467438936465840E-003
    3.750000000000000       -3.6345698939319346E-004
    3.775000000000000       -1.3965976984129078E-003
    3.800000000000000       -4.7792007176149722E-003
    3.825000000000000       -9.4135173096478102E-003
    3.850000000000000       -1.3788591212640300E-002
    3.875000000000000       -1.6412995332108782E-002
    3.900000000000000       -1.6534520521084537E-002
    3.925000000000000       -1.4556204542012050E-002
    3.950000000000000       -1.1727216547277977E-002
    3.975000000000000       -9.4891626245952398E-003
    4.000000000000000       -8.6371810326233884E-003
