    0.000000000000000         2.568139761403303     
   2.5000000000000000E-002    2.344389721914324     
   5.0000000000000000E-002    1.782565196166459     
   7.5000000000000009E-002    1.107130431942241     
   0.1000000000000000        0.5048036124590368     
   0.1250000000000000        6.9603809893890300E-002
   0.1500000000000000       -0.1836343396601385     
   0.1750000000000000       -0.2870149764664039     
   0.2000000000000000       -0.2909712205968738     
   0.2250000000000000       -0.2448727399738521     
   0.2500000000000000       -0.1862902018600818     
   0.2750000000000000       -0.1374318873820599     
   0.3000000000000000       -0.1066563308583770     
   0.3250000000000000       -9.2627417962456882E-002
   0.3500000000000000       -8.9312056461400537E-002
   0.3750000000000000       -9.0102471230108510E-002
   0.4000000000000000       -9.0102210032914911E-002
   0.4250000000000000       -8.6838395643928727E-002
   0.4500000000000000       -7.9951114431774952E-002
   0.4750000000000000       -7.0331160892314815E-002
   0.5000000000000000       -5.9382182416321889E-002
   0.5250000000000000       -4.8677651868117859E-002
   0.5500000000000000       -3.9500048387874491E-002
   0.5750000000000001       -3.2353496184532560E-002
   0.6000000000000001       -2.6926084650609079E-002
   0.6250000000000000       -2.2449513369567176E-002
   0.6500000000000000       -1.8233363884346332E-002
   0.6750000000000000       -1.4123423464032292E-002
   0.7000000000000001       -1.0671474400688887E-002
   0.7250000000000001       -8.8674692161037623E-003
   0.7500000000000000       -9.5247898697210420E-003
   0.7750000000000000       -1.2768711229883123E-002
   0.8000000000000000       -1.7863299321450370E-002
   0.8250000000000000       -2.3507421730643423E-002
   0.8500000000000000       -2.8317079782319162E-002
   0.8750000000000000       -3.1088639518483090E-002
   0.9000000000000000       -3.1019893336783837E-002
   0.9250000000000000       -2.7971271509714271E-002
   0.9500000000000000       -2.2415935849482200E-002
   0.9750000000000000       -1.5150455019472933E-002
    1.000000000000000       -7.3320322686437498E-003
    1.025000000000000       -4.9044141809519655E-004
    1.050000000000000        4.1614392478411508E-003
    1.075000000000000        6.4137043071991258E-003
    1.100000000000000        6.9178543731227222E-003
    1.125000000000000        6.6724512738052235E-003
    1.150000000000000        6.4094014643365380E-003
    1.175000000000000        6.1679470444031921E-003
    1.200000000000000        5.5808732544271447E-003
    1.225000000000000        4.4837220716745447E-003
    1.250000000000000        3.0633695584981293E-003
    1.275000000000000        1.6033458530453522E-003
    1.300000000000000        1.3082278402950016E-004
    1.325000000000000       -1.4567798619879251E-003
    1.350000000000000       -3.1005972124655381E-003
    1.375000000000000       -4.4986280325514176E-003
    1.400000000000000       -5.2960469095548399E-003
    1.425000000000000       -5.4838919484166793E-003
    1.450000000000000       -5.5990969317118298E-003
    1.475000000000000       -6.1946600893599921E-003
    1.500000000000000       -7.1826064677922341E-003
    1.525000000000000       -7.8331598662220170E-003
    1.550000000000000       -7.3839148108369042E-003
    1.575000000000000       -5.6519559820325052E-003
    1.600000000000000       -3.0237266383696420E-003
    1.625000000000000       -1.0114569420549846E-004
    1.650000000000000        2.5182144531472495E-003
    1.675000000000000        4.3068193149383438E-003
    1.700000000000000        5.0210717854419382E-003
    1.725000000000000        4.9512045831557758E-003
    1.750000000000000        4.7953484596326925E-003
    1.775000000000000        5.1512486455163984E-003
    1.800000000000000        6.1496278998480136E-003
    1.825000000000000        7.5776980734431270E-003
    1.850000000000000        8.9803233331694550E-003
    1.875000000000000        9.8052927230312807E-003
    1.900000000000000        9.7186760604828386E-003
    1.925000000000000        8.7555667666595589E-003
    1.950000000000000        7.1389212739912651E-003
    1.975000000000000        5.1492935778964650E-003
    2.000000000000000        3.1324115176104010E-003
    2.025000000000000        1.5642989674294703E-003
    2.050000000000000        9.8258020002627084E-004
    2.075000000000000        1.7048872129528403E-003
    2.100000000000000        3.4916883291051026E-003
    2.125000000000000        5.5383289523095227E-003
    2.150000000000000        6.9442102834502784E-003
    2.175000000000000        7.3241042151984708E-003
    2.200000000000000        7.0494216368380851E-003
    2.225000000000000        6.7177723964872431E-003
    2.250000000000000        6.5124813256833569E-003
    2.275000000000000        6.2286143485204892E-003
    2.300000000000000        5.7881042538949394E-003
    2.325000000000000        5.3493735815114754E-003
    2.350000000000000        5.0831114366468118E-003
    2.375000000000000        5.1035646625719462E-003
    2.400000000000000        5.4273702601141016E-003
    2.425000000000000        5.8836465178458734E-003
    2.450000000000000        6.2443038858811573E-003
    2.475000000000000        6.5453793102972835E-003
    2.500000000000000        7.0053870531225559E-003
    2.525000000000000        7.4917103596207895E-003
    2.550000000000000        7.5994037257372069E-003
    2.575000000000000        7.2128099687355176E-003
    2.600000000000000        6.6503999217091669E-003
    2.625000000000000        6.3128968363210163E-003
    2.650000000000000        6.2243108373368781E-003
    2.675000000000000        6.0255186686116087E-003
    2.700000000000000        5.3747531125609882E-003
    2.725000000000000        4.2527069535508844E-003
    2.750000000000000        2.9458227606387904E-003
    2.775000000000000        1.8611088388760521E-003
    2.800000000000000        1.3775068928735079E-003
    2.825000000000000        1.6478379317451815E-003
    2.850000000000000        2.3274034710077141E-003
    2.875000000000000        2.7166640244098224E-003
    2.900000000000000        2.3888374985801359E-003
    2.925000000000000        1.4236939575302843E-003
    2.950000000000000        1.3285808599202686E-004
    2.975000000000000       -1.0968467538033697E-003
    3.000000000000000       -1.9102965887399076E-003
    3.025000000000000       -2.2834459467976731E-003
    3.050000000000000       -2.5636057825080472E-003
    3.075000000000000       -2.9092957432270406E-003
    3.100000000000000       -3.0742242754760500E-003
    3.125000000000000       -2.8215063424759572E-003
    3.150000000000000       -2.1918391106676860E-003
    3.175000000000000       -1.4295977115474434E-003
    3.200000000000000       -7.5558443334481034E-004
    3.225000000000000       -2.1013820125424978E-004
    3.250000000000000        4.4144262698247001E-005
    3.275000000000000       -4.2784234913175805E-004
    3.300000000000000       -1.9354578759727104E-003
    3.325000000000000       -4.0213775369164884E-003
    3.350000000000000       -5.7578843481222854E-003
    3.375000000000000       -6.7195491925849957E-003
    3.400000000000000       -7.1482898880232728E-003
    3.425000000000000       -7.2670023329641182E-003
    3.450000000000000       -6.9366289045962324E-003
    3.475000000000000       -5.7689493002347518E-003
    3.500000000000000       -3.4481675878655920E-003
    3.525000000000000       -1.6804631343273346E-004
    3.550000000000000        3.3028825899408250E-003
    3.575000000000000        6.0813401146538979E-003
    3.600000000000000        7.7078009831861021E-003
    3.625000000000000        8.2849521694641997E-003
    3.650000000000000        8.2615511215752502E-003
    3.675000000000000        8.0580935859490950E-003
    3.700000000000000        7.9304878314734806E-003
    3.725000000000000        8.1518393177885393E-003
    3.750000000000000        8.8738232641077968E-003
    3.775000000000000        9.6673245452222503E-003
    3.800000000000000        9.7277058752290859E-003
    3.825000000000000        8.5114039933310135E-003
    3.850000000000000        6.0223066947079662E-003
    3.875000000000000        2.6355470346151133E-003
    3.900000000000000       -1.1432439411512050E-003
    3.925000000000000       -4.8004410285220072E-003
    3.950000000000000       -7.8143322072083521E-003
    3.975000000000000       -9.7696612195164185E-003
    4.000000000000000       -1.0496149722707042E-002
