   1.1391682   0.00000000
   1.2319469   0.00000000
   1.3247257   0.00000000
   1.4175045   0.00000000
   1.5102832   0.00000000
   1.6030620   0.00000000
   1.6958408   0.00000000
   1.7886195   0.00000000
   1.8813983   0.00000000
   1.9741771   0.00000000
   2.0669558   0.00000000
   2.1597346   0.00000000
   2.2525134   0.00000000
   2.3452921   0.00000000
   2.4380709   0.00000000
   2.5308497   0.00000000
   2.6236284   0.00000000
   2.7164072   0.00000000
   2.80918603218.54757787
   2.9019647  30.46519358
   2.9947435   0.00000000
   3.0875223   0.00000000
   3.1803010   0.00000000
   3.2730798   0.00000000
   3.3658586   0.00000000
   3.4586373   0.00000000
   3.5514161   0.00000000
   3.6441949   0.00000000
   3.7369736   0.00000000
   3.8297524   0.00000000
   3.9225312   0.00000000
   4.0153099   0.00000000
   4.1080887   0.00000000
   4.2008675   0.00000000
   4.2936462   0.00000000
   4.3864250   0.00000000
   4.4792038   0.00000000
   4.5719825   0.00000000
   4.6647613   0.00000000
   4.7575401   0.00000000
   4.8503189   0.00000000
   4.9430976   0.00000000
   5.0358764   0.00000000
   5.1286552   0.00000000
   5.2214339   0.00000000
   5.3142127   0.00000000
   5.4069915   0.00000000
   5.4997702   0.00000000
   5.5925490   0.00000000
   5.6853278   0.00000000
   5.7781065   0.00000000
   5.8708853   0.00000000
   5.9636641   0.00000000
   6.0564428   0.00000000
   6.1492216   0.00000000
   6.2420004   0.00000000
   6.3347791   0.00000000
   6.4275579   0.00000000
   6.5203367   0.00000000
   6.6131154   0.00000000
   6.7058942   0.00000000
   6.7986730   0.00000000
   6.8914517   0.00000000
   6.9842305   0.00000000
   7.0770093   0.00000000
   7.1697880   0.00000000
   7.2625668   0.00000000
   7.3553456   0.00000000
   7.4481243   0.00000000
   7.5409031   0.00000000
   7.6336819   0.00000000
   7.7264606   0.00000000
   7.8192394   0.00000000
   7.9120182   0.00000000
   8.0047969   0.00000000
   8.0975757   0.00000000
   8.1903545   0.00000000
   8.2831332   0.00000000
   8.3759120   0.00000000
   8.4686908   0.00000000
   8.5614696   0.00000000
   8.6542483   0.00000000
   8.7470271   0.00000000
   8.8398059   0.00000000
   8.9325846   0.00000000
   9.0253634   0.00000000
   9.1181422   0.00000000
   9.2109209   0.00000000
   9.3036997   0.00000000
   9.3964785   0.00000000
   9.4892572   0.00000000
   9.5820360   0.00000000
   9.6748148   0.00000000
   9.7675935   0.00000000
   9.8603723   0.00000000
   9.9531511   0.00000000
  10.0459298   0.00000000
  10.1387086   0.00000000
  10.2314874   0.00000000
  10.3242661   0.00000000
  10.4170449   0.00000000
  10.5098237   0.00000000
  10.6026024   0.00000000
  10.6953812   0.00000000
  10.7881600   0.00000000
  10.8809387   0.00000000
  10.9737175   0.00000000
  11.0664963   0.00000000
  11.1592750   0.00000000
  11.2520538   0.00000000
  11.3448326   0.00000000
  11.4376113   0.00000000
  11.5303901   0.00000000
  11.6231689   0.00000000
  11.7159476   0.00000000
  11.8087264   0.00000000
  11.9015052   0.00000000
  11.9942839   0.00000000
  12.0870627   0.00000000
  12.1798415   0.00000000
  12.2726203   0.00000000
  12.3653990   0.00000000
  12.4581778   0.00000000
  12.5509566   0.00000000
  12.6437353   0.00000000
  12.7365141   0.00000000
  12.8292929   0.00000000
  12.9220716   0.00000000
  13.0148504   0.00000000
  13.1076292   0.00000000
  13.2004079   0.00000000
  13.2931867   0.00000000
  13.3859655   0.00000000
  13.4787442   0.00000000
  13.5715230   0.00000000
  13.6643018   0.00000000
  13.7570805   0.00000000
  13.8498593   0.00000000
  13.9426381   0.00000000
  14.0354168   0.00000000
  14.1281956   0.00000000
  14.2209744   0.00000000
  14.3137531   0.00000000
  14.4065319   0.00000000
  14.4993107   0.00000000
  14.5920894   0.00000000
  14.6848682   0.00000000
  14.7776470   0.00000000
  14.8704257   0.00000000
  14.9632045   0.00000000
  15.0559833   0.00000000
  15.1487620   0.00000000
  15.2415408   0.00000000
  15.3343196   0.00000000
  15.4270983   0.00000000
  15.5198771   0.00000000
  15.6126559   0.00000000
  15.7054346   0.00000000
  15.7982134   0.00000000
  15.8909922   0.00000000
  15.9837710   0.00000000
  16.0765497   0.00000000
  16.1693285   0.00000000
  16.2621073   0.00000000
  16.3548860   0.00000000
  16.4476648   0.00000000
  16.5404436   0.00000000
  16.6332223   0.00000000
  16.7260011   0.00000000
  16.8187799   0.00000000
  16.9115586   0.00000000
  17.0043374   0.00000000
  17.0971162   0.00000000
  17.1898949   0.00000000
  17.2826737   0.00000000
  17.3754525   0.00000000
  17.4682312   0.00000000
  17.5610100   0.00000000
  17.6537888   0.00000000
  17.7465675   0.00000000
  17.8393463   0.00000000
  17.9321251   0.00000000
  18.0249038   0.00000000
  18.1176826   0.00000000
  18.2104614   0.00000000
  18.3032401   0.00000000
  18.3960189   0.00000000
  18.4887977   0.00000000
  18.5815764   0.00000000
  18.6743552   0.00000000
  18.7671340   0.00000000
  18.8599127   0.00000000
  18.9526915   0.00000000
  19.0454703   0.00000000
  19.1382490   0.00000000
  19.2310278   0.00000000
  19.3238066   0.00000000
  19.4165853   0.00000000
  19.5093641   0.00000000
  19.6021429   0.00000000
