    0.000000000000000         2.556057460988241     
   5.0000000000000000E-003    2.546790833285558     
   1.0000000000000000E-002    2.519222298191047     
   1.5000000000000000E-002    2.473978940022784     
   2.0000000000000000E-002    2.412066265284967     
   2.5000000000000000E-002    2.334814131597238     
   3.0000000000000000E-002    2.243810568315286     
   3.5000000000000004E-002    2.140830281835289     
   4.0000000000000000E-002    2.027763849780035     
   4.5000000000000000E-002    1.906552142864849     
   5.0000000000000000E-002    1.779128875301543     
   5.5000000000000000E-002    1.647372705083090     
   6.0000000000000000E-002    1.513069171156419     
   6.5000000000000000E-002    1.377881987989829     
   7.0000000000000009E-002    1.243332771177252     
   7.5000000000000000E-002    1.110788073677334     
   8.0000000000000000E-002   0.9814525569237597     
   8.5000000000000000E-002   0.8563671689167483     
   9.0000000000000000E-002   0.7364113161701415     
   9.5000000000000000E-002   0.6223081294329782     
   0.1000000000000000        0.5146320435022821     
   0.1050000000000000        0.4138180385379796     
   0.1100000000000000        0.3201720024697504     
   0.1150000000000000        0.2338817749024861     
   0.1200000000000000        0.1550285259274462     
   0.1250000000000000        8.3598198843549802E-002
   0.1300000000000000        1.9492798412878898E-002
   0.1350000000000000       -3.7458646651105436E-002
   0.1400000000000000       -8.7489578341048855E-002
   0.1450000000000000       -0.1308859691753158     
   0.1500000000000000       -0.1679770096549366     
   0.1550000000000000       -0.1991264555717888     
   0.1600000000000000       -0.2247246363495546     
   0.1650000000000000       -0.2451811038443549     
   0.1700000000000000       -0.2609178940606267     
   0.1750000000000000       -0.2723633689723748     
   0.1800000000000000       -0.2799466176629451     
   0.1850000000000000       -0.2840924002659962     
   0.1900000000000000       -0.2852166171128405     
   0.1950000000000000       -0.2837222864140942     
   0.2000000000000000       -0.2799960260855172     
   0.2050000000000000       -0.2744050288110679     
   0.2100000000000000       -0.2672945205671311     
   0.2150000000000000       -0.2589856957170298     
   0.2200000000000000       -0.2497741154488196     
   0.2250000000000000       -0.2399285575243880     
   0.2300000000000000       -0.2296903051592849     
   0.2350000000000000       -0.2192728701456676     
   0.2400000000000000       -0.2088621412797175     
   0.2450000000000000       -0.1986169373375734     
   0.2500000000000000       -0.1886699383362025     
   0.2550000000000000       -0.1791289549104918     
   0.2600000000000000       -0.1700784771015589     
   0.2650000000000000       -0.1615814390252913     
   0.2700000000000000       -0.1536811371385076     
   0.2750000000000000       -0.1464032344963768     
   0.2800000000000000       -0.1397577890094296     
   0.2850000000000001       -0.1337412597582561     
   0.2900000000000000       -0.1283384566498802     
   0.2950000000000000       -0.1235244195196375     
   0.3000000000000000       -0.1192662134572033     
   0.3050000000000000       -0.1155246217129097     
   0.3100000000000000       -0.1122557316557694     
   0.3150000000000000       -0.1094124135033848     
   0.3200000000000000       -0.1069456856144336     
   0.3250000000000000       -0.1048059680705584     
   0.3300000000000000       -0.1029442185125732     
   0.3350000000000000       -0.1013129253787570     
   0.3400000000000000       -9.9866944142918914E-002
   0.3450000000000000       -9.8564167963484302E-002
   0.3500000000000000       -9.7366033523243551E-002
   0.3550000000000000       -9.6237875793868390E-002
   0.3600000000000000       -9.5149148986293550E-002
   0.3650000000000000       -9.4073524777525215E-002
   0.3700000000000000       -9.2988885737682399E-002
   0.3750000000000000       -9.1877237029819465E-002
   0.3800000000000000       -9.0724548649974661E-002
   0.3850000000000000       -8.9520539343371901E-002
   0.3900000000000000       -8.8258409760623238E-002
   0.3950000000000000       -8.6934531671395696E-002
   0.4000000000000000       -8.5548097506695839E-002
   0.4050000000000001       -8.4100736317474443E-002
   0.4100000000000001       -8.2596105382496106E-002
   0.4150000000000000       -8.1039472422697436E-002
   0.4200000000000000       -7.9437308983702106E-002
   0.4250000000000000       -7.7796905031727936E-002
   0.4300000000000000       -7.6126022362187182E-002
   0.4350000000000000       -7.4432595691786378E-002
   0.4400000000000000       -7.2724474229844907E-002
   0.4450000000000000       -7.1009207147746887E-002
   0.4500000000000000       -6.9293869585420786E-002
   0.4550000000000000       -6.7584924786580869E-002
   0.4600000000000001       -6.5888127598936119E-002
   0.4650000000000000       -6.4208469777823707E-002
   0.4700000000000000       -6.2550160686238998E-002
   0.4750000000000000       -6.0916634193984613E-002
   0.4800000000000000       -5.9310569722898983E-002
   0.4850000000000000       -5.7733920137242229E-002
   0.4900000000000000       -5.6187956279388453E-002
   0.4950000000000000       -5.4673327060475172E-002
   0.5000000000000000       -5.3190131917367234E-002
   0.5050000000000000       -5.1738011485862856E-002
   0.5100000000000000       -5.0316247599427868E-002
   0.5150000000000000       -4.8923865561775601E-002
   0.5200000000000000       -4.7559730256775632E-002
   0.5250000000000000       -4.6222632959010941E-002
   0.5300000000000001       -4.4911370659051650E-002
   0.5350000000000001       -4.3624821422111202E-002
   0.5400000000000000       -4.2362027534182323E-002
   0.5450000000000000       -4.1122286241685044E-002
   0.5500000000000000       -3.9905243658515115E-002
   0.5550000000000001       -3.8710984270370563E-002
   0.5600000000000001       -3.7540104474904066E-002
   0.5650000000000000       -3.6393764771763868E-002
   0.5700000000000001       -3.5273711380274553E-002
   0.5750000000000001       -3.4182263102347199E-002
   0.5800000000000000       -3.3122262535415183E-002
   0.5850000000000000       -3.2096990396250384E-002
   0.5899999999999999       -3.1110050343448972E-002
   0.5949999999999999       -3.0165231647480666E-002
   0.6000000000000000       -2.9266354514521154E-002
   0.6050000000000000       -2.8417111697128284E-002
   0.6100000000000000       -2.7620909412188333E-002
   0.6150000000000000       -2.6880709797662834E-002
   0.6200000000000000       -2.6198878687156943E-002
   0.6250000000000000       -2.5577033507387110E-002
   0.6300000000000000       -2.5015901198690149E-002
   0.6350000000000000       -2.4515190411252705E-002
   0.6400000000000000       -2.4073480241805001E-002
   0.6450000000000000       -2.3688134147281796E-002
   0.6500000000000000       -2.3355245277478147E-002
   0.6550000000000001       -2.3069620276970655E-002
   0.6600000000000001       -2.2824810347013362E-002
   0.6650000000000000       -2.2613196852019564E-002
   0.6700000000000000       -2.2426138335278054E-002
   0.6750000000000000       -2.2254177420877443E-002
   0.6800000000000001       -2.2087301105071986E-002
   0.6850000000000001       -2.1915247390694343E-002
   0.6900000000000000       -2.1727842697745907E-002
   0.6950000000000001       -2.1515353215029780E-002
   0.7000000000000001       -2.1268829231188451E-002
   0.7050000000000000       -2.0980414869243651E-002
   0.7100000000000000       -2.0643608200118093E-002
   0.7149999999999999       -2.0253458631340333E-002
   0.7199999999999999       -1.9806693657618448E-002
   0.7250000000000000       -1.9301781365941695E-002
   0.7300000000000000       -1.8738935140394400E-002
   0.7350000000000000       -1.8120073174271877E-002
   0.7400000000000000       -1.7448754208505221E-002
   0.7450000000000000       -1.6730107331356980E-002
   0.7500000000000000       -1.5970766534599157E-002
   0.7550000000000000       -1.5178807708141377E-002
   0.7600000000000000       -1.4363675233876028E-002
   0.7650000000000000       -1.3536076875928427E-002
   0.7700000000000000       -1.2707820310827158E-002
   0.7750000000000000       -1.1891583315643603E-002
   0.7800000000000001       -1.1100621861939164E-002
   0.7850000000000001       -1.0348431897338026E-002
   0.7900000000000000       -9.6483836810454253E-003
   0.7950000000000000       -9.0133492476319095E-003
   0.8000000000000000       -8.4553465881897711E-003
   0.8050000000000001       -7.9852135453228543E-003
   0.8100000000000001       -7.6123154790122012E-003
   0.8150000000000000       -7.3442876781526181E-003
   0.8200000000000001       -7.1868127180203416E-003
   0.8250000000000000       -7.1434368747051771E-003
   0.8300000000000001       -7.2154273437274883E-003
   0.8350000000000000       -7.4016774338903089E-003
   0.8400000000000000       -7.6986792545657048E-003
   0.8449999999999999       -8.1005672181254358E-003
   0.8500000000000000       -8.5992381810765934E-003
   0.8550000000000001       -9.1845472714569105E-003
   0.8600000000000000       -9.8445710882164796E-003
   0.8650000000000000       -1.0565922539593988E-002
   0.8699999999999999       -1.1334096727270495E-002
   0.8750000000000000       -1.2133826457931538E-002
   0.8800000000000001       -1.2949423064771202E-002
   0.8850000000000000       -1.3765097335265377E-002
   0.8900000000000000       -1.4565256334673427E-002
   0.8949999999999999       -1.5334771298312120E-002
   0.9000000000000000       -1.6059213182478260E-002
   0.9050000000000001       -1.6725054360966500E-002
   0.9100000000000000       -1.7319830666524276E-002
   0.9150000000000000       -1.7832260953633492E-002
   0.9200000000000001       -1.8252334929005379E-002
   0.9250000000000000       -1.8571387715412463E-002
   0.9300000000000001       -1.8782178567149256E-002
   0.9350000000000001       -1.8878982203756889E-002
   0.9400000000000000       -1.8857702060246222E-002
   0.9450000000000001       -1.8716010172676505E-002
   0.9500000000000000       -1.8453499695386295E-002
   0.9550000000000001       -1.8071837188460684E-002
   0.9600000000000000       -1.7574889537045988E-002
   0.9650000000000000       -1.6968796412033660E-002
   0.9699999999999999       -1.6261970186154260E-002
   0.9750000000000000       -1.5465009456111973E-002
   0.9800000000000001       -1.4590521698409780E-002
   0.9850000000000000       -1.3652865730746677E-002
   0.9900000000000000       -1.2667823645640044E-002
   0.9949999999999999       -1.1652203034831046E-002
    1.000000000000000       -1.0623376151725599E-002
    1.005000000000000       -9.5987691547413316E-003
    1.010000000000000       -8.5953331104633310E-003
    1.015000000000000       -7.6290413509625088E-003
    1.020000000000000       -6.7144512417596456E-003
    1.025000000000000       -5.8643547592542404E-003
    1.030000000000000       -5.0895360283126179E-003
    1.035000000000000       -4.3986297966486791E-003
    1.040000000000000       -3.7980684452211966E-003
    1.045000000000000       -3.2921043326206343E-003
    1.050000000000000       -2.8828862056666566E-003
    1.055000000000000       -2.5705778517764766E-003
    1.060000000000000       -2.3534990793769555E-003
    1.065000000000000       -2.2282725137110386E-003
    1.070000000000000       -2.1899715065714553E-003
    1.075000000000000       -2.2322681684482064E-003
    1.080000000000000       -2.3475925476691222E-003
    1.085000000000000       -2.5273088460336233E-003
    1.090000000000000       -2.7619046741975546E-003
    1.095000000000000       -3.0412014555425708E-003
    1.100000000000000       -3.3545879613460916E-003
    1.105000000000000       -3.6912735887269292E-003
    1.110000000000000       -4.0405613881905857E-003
    1.115000000000000       -4.3921276114952175E-003
    1.120000000000000       -4.7362867032046889E-003
    1.125000000000000       -5.0642343998197346E-003
    1.130000000000000       -5.3682613688694660E-003
    1.135000000000000       -5.6419222886817462E-003
    1.140000000000000       -5.8801515339619623E-003
    1.145000000000000       -6.0793227977919262E-003
    1.150000000000000       -6.2372485020409938E-003
    1.155000000000000       -6.3531274510691631E-003
    1.160000000000000       -6.4274604875284194E-003
    1.165000000000000       -6.4619502676983185E-003
    1.170000000000000       -6.4594031072631424E-003
    1.175000000000000       -6.4236350252155949E-003
    1.180000000000000       -6.3593677489841287E-003
    1.185000000000000       -6.2721019991032803E-003
    1.190000000000000       -6.1679583410096388E-003
    1.195000000000000       -6.0534919006140155E-003
    1.200000000000000       -5.9355038033943766E-003
    1.205000000000000       -5.8208652475492251E-003
    1.210000000000000       -5.7163690843061161E-003
    1.215000000000000       -5.6286107162026111E-003
    1.220000000000000       -5.5638940295185719E-003
    1.225000000000000       -5.5281496764127684E-003
    1.230000000000000       -5.5268478654439814E-003
    1.235000000000000       -5.5648972828604162E-003
    1.240000000000000       -5.6465257604904338E-003
    1.245000000000000       -5.7751502416930398E-003
    1.250000000000000       -5.9532480264419361E-003
    1.255000000000000       -6.1822494039341747E-003
    1.260000000000000       -6.4624611745283165E-003
    1.265000000000000       -6.7930147502180347E-003
    1.270000000000000       -7.1718382288798104E-003
    1.275000000000000       -7.5956551103825420E-003
    1.280000000000000       -8.0600099463576633E-003
    1.285000000000000       -8.5593207940228400E-003
    1.290000000000000       -9.0869572476429710E-003
    1.295000000000000       -9.6353409223688846E-003
    1.300000000000000       -1.0196063678805007E-002
    1.305000000000000       -1.0760015291846519E-002
    1.310000000000000       -1.1317518763104719E-002
    1.315000000000000       -1.1858481930687588E-002
    1.320000000000000       -1.2372567955911629E-002
    1.325000000000000       -1.2849387414122488E-002
    1.330000000000000       -1.3278715401841938E-002
    1.335000000000000       -1.3650727225798538E-002
    1.340000000000000       -1.3956235729793407E-002
    1.345000000000000       -1.4186909885281185E-002
    1.350000000000000       -1.4335465924091522E-002
    1.355000000000000       -1.4395816654840581E-002
    1.360000000000000       -1.4363168320629562E-002
    1.365000000000000       -1.4234067022002357E-002
    1.370000000000000       -1.4006396847006874E-002
    1.375000000000000       -1.3679327591672505E-002
    1.380000000000000       -1.3253216845605851E-002
    1.385000000000000       -1.2729488087587759E-002
    1.390000000000000       -1.2110508270348856E-002
    1.395000000000000       -1.1399496046669357E-002
    1.400000000000000       -1.0600475184223996E-002
    1.405000000000000       -9.7182671078356879E-003
    1.410000000000000       -8.7585169110360432E-003
    1.415000000000000       -7.7277300763339918E-003
    1.420000000000000       -6.6332914153175899E-003
    1.425000000000000       -5.4834624568741228E-003
    1.430000000000000       -4.2873580994705023E-003
    1.435000000000000       -3.0549185481951113E-003
    1.440000000000000       -1.7968942814910176E-003
    1.445000000000000       -5.2482590083230338E-004
    1.450000000000000        7.4901294573020625E-004
    1.455000000000000        2.0117409818552341E-003
    1.460000000000000        3.2500682806831378E-003
    1.465000000000000        4.4505558015378508E-003
    1.470000000000000        5.5999127862456959E-003
    1.475000000000000        6.6853060165593785E-003
    1.480000000000000        7.6946672489203500E-003
    1.485000000000000        8.6169863941787366E-003
    1.490000000000000        9.4425823144598695E-003
    1.495000000000000        1.0163346297307727E-002
    1.500000000000000        1.0772951490572107E-002
    1.505000000000000        1.1267015177965745E-002
    1.510000000000000        1.1643197632546942E-002
    1.515000000000000        1.1901227985429337E-002
    1.520000000000000        1.2042840240577442E-002
    1.525000000000000        1.2071614236595904E-002
    1.530000000000000        1.1992740827783688E-002
    1.535000000000000        1.1812735034626762E-002
    1.540000000000000        1.1539129702891167E-002
    1.545000000000000        1.1180180332774208E-002
    1.550000000000000        1.0744593524535069E-002
    1.555000000000000        1.0241287425163461E-002
    1.560000000000000        9.6791910604417186E-003
    1.565000000000000        9.0670754469799206E-003
    1.570000000000000        8.4134098691171495E-003
    1.575000000000000        7.7262356486324721E-003
    1.580000000000000        7.0130545280959762E-003
    1.585000000000000        6.2807413667864118E-003
    1.590000000000000        5.5354870740422291E-003
    1.595000000000000        4.7827689696553009E-003
    1.600000000000000        4.0273388938536181E-003
    1.605000000000000        3.2732162690006494E-003
    1.610000000000000        2.5236728735915159E-003
    1.615000000000000        1.7812175996967285E-003
    1.620000000000000        1.0476055645341844E-003
    1.625000000000000        3.2388887456184841E-004
    1.630000000000000       -3.8949456337844811E-004
    1.635000000000000       -1.0926219151398766E-003
    1.640000000000000       -1.7860004273017811E-003
    1.645000000000000       -2.4705026944092174E-003
    1.650000000000000       -3.1473028377270178E-003
    1.655000000000000       -3.8177994127366400E-003
    1.660000000000000       -4.4835218110284174E-003
    1.665000000000000       -5.1460128022070206E-003
    1.670000000000000       -5.8066901938179942E-003
    1.675000000000000       -6.4666945938240641E-003
    1.680000000000000       -7.1267319460919616E-003
    1.685000000000000       -7.7869221961920312E-003
    1.690000000000000       -8.4466600676342392E-003
    1.695000000000000       -9.1044919449307908E-003
    1.700000000000000       -9.7580210688389108E-003
    1.705000000000000       -1.0403851508728290E-002
    1.710000000000000       -1.1037579934189474E-002
    1.715000000000000       -1.1653855193224887E-002
    1.720000000000000       -1.2246507923790748E-002
    1.725000000000000       -1.2808744314281322E-002
    1.730000000000000       -1.3333393459397913E-002
    1.735000000000000       -1.3813181244834283E-002
    1.740000000000000       -1.4241009869702750E-002
    1.745000000000000       -1.4610229768358223E-002
    1.750000000000000       -1.4914894468965247E-002
    1.755000000000000       -1.5149991328863621E-002
    1.760000000000000       -1.5311642874564524E-002
    1.765000000000000       -1.5397267469305915E-002
    1.770000000000000       -1.5405687385575686E-002
    1.775000000000000       -1.5337175291727596E-002
    1.780000000000000       -1.5193426168533244E-002
    1.785000000000000       -1.4977453682901364E-002
    1.790000000000000       -1.4693413828890300E-002
    1.795000000000000       -1.4346368038994292E-002
    1.800000000000000       -1.3942013846387167E-002
    1.805000000000000       -1.3486410603098613E-002
    1.810000000000000       -1.2985728992408618E-002
    1.815000000000000       -1.2446043753723812E-002
    1.820000000000000       -1.1873181242868400E-002
    1.825000000000000       -1.1272628238453086E-002
    1.830000000000000       -1.0649491422548514E-002
    1.835000000000000       -1.0008491444135645E-002
    1.840000000000000       -9.3539766326556091E-003
    1.845000000000000       -8.6899327286056192E-003
    1.850000000000000       -8.0199758960950085E-003
    1.855000000000000       -7.3473281681655127E-003
    1.860000000000000       -6.6747899160390380E-003
    1.865000000000000       -6.0047279165925662E-003
    1.870000000000000       -5.3390917255971706E-003
    1.875000000000000       -4.6794742192994123E-003
    1.880000000000000       -4.0272188552208332E-003
    1.885000000000000       -3.3835704474087458E-003
    1.890000000000000       -2.7498530683030764E-003
    1.895000000000000       -2.1276490194395232E-003
    1.900000000000000       -1.5189590723665736E-003
    1.905000000000000       -9.2631829124877605E-004
    1.910000000000000       -3.5285739630350204E-004
    1.915000000000000        1.9769507500854729E-004
    1.920000000000000        7.2107492235308275E-004
    1.925000000000000        1.2126024989806743E-003
    1.930000000000000        1.6673517128256528E-003
    1.935000000000000        2.0803510092284423E-003
    1.940000000000000        2.4468114720246588E-003
    1.945000000000000        2.7623724099144322E-003
    1.950000000000000        3.0233500163939189E-003
    1.955000000000000        3.2269806721094563E-003
    1.960000000000000        3.3716436998987067E-003
    1.965000000000000        3.4570363660615069E-003
    1.970000000000000        3.4842794907296581E-003
    1.975000000000000        3.4559469141376224E-003
    1.980000000000000        3.3760063567300969E-003
    1.985000000000000        3.2496709318093697E-003
    1.990000000000000        3.0831726815048501E-003
    1.995000000000000        2.8834756792217902E-003
    2.000000000000000        2.6579631822133720E-003
    2.005000000000000        2.4141371187317673E-003
    2.010000000000000        2.1593425560387707E-003
    2.015000000000000        1.9005149145698814E-003
    2.020000000000000        1.6439486443883089E-003
    2.025000000000000        1.3950944881530791E-003
    2.030000000000000        1.1583934468660289E-003
    2.035000000000000        9.3714941737103992E-004
    2.040000000000000        7.3345302948178777E-004
    2.045000000000000        5.4816920842710584E-004
    2.050000000000000        3.8098304790968793E-004
    2.055000000000000        2.3050076379464590E-004
    2.060000000000000        9.4402223533246357E-005
    2.065000000000000       -3.0365778096726848E-005
    2.070000000000000       -1.4736791122502200E-004
    2.075000000000000       -2.6044011414744173E-004
    2.080000000000000       -3.7344259957118808E-004
    2.085000000000000       -4.9002599182482536E-004
    2.090000000000000       -6.1342034030570840E-004
    2.095000000000000       -7.4625415938719648E-004
    2.100000000000000       -8.9040985866028564E-004
    2.105000000000000       -1.0469211153179248E-003
    2.110000000000000       -1.2159189583525853E-003
    2.115000000000000       -1.3966341433647391E-003
    2.120000000000000       -1.5874547520972500E-003
    2.125000000000000       -1.7860228592130643E-003
    2.130000000000000       -1.9893614346610109E-003
    2.135000000000000       -2.1940140719890704E-003
    2.140000000000000       -2.3961860672667799E-003
    2.145000000000000       -2.5918917552759053E-003
    2.150000000000000       -2.7770983992060820E-003
    2.155000000000000       -2.9478656904865597E-003
    2.160000000000000       -3.1004721754341222E-003
    2.165000000000000       -3.2315154175889598E-003
    2.170000000000000       -3.3379869917670386E-003
    2.175000000000000       -3.4173173014845091E-003
    2.180000000000000       -3.4673864892360355E-003
    2.185000000000000       -3.4865062536937019E-003
    2.190000000000000       -3.4733815759483475E-003
    2.195000000000000       -3.4270560842038043E-003
    2.200000000000000       -3.3468476378359120E-003
    2.205000000000000       -3.2322891995657606E-003
    2.210000000000000       -3.0830877530991696E-003
    2.215000000000000       -2.8991106518958221E-003
    2.220000000000000       -2.6804136229991533E-003
    2.225000000000000       -2.4273124590601052E-003
    2.230000000000000       -2.1404942113852914E-003
    2.235000000000000       -1.8211591915548928E-003
    2.240000000000000       -1.4711783463925554E-003
    2.245000000000000       -1.0932424496971416E-003
    2.250000000000000       -6.9096894614818547E-004
    2.255000000000000       -2.6894118099317006E-004
    2.260000000000000        1.6733100348261834E-004
    2.265000000000000        6.1151775001849087E-004
    2.270000000000000        1.0566219902236840E-003
    2.275000000000000        1.4951710181535991E-003
    2.280000000000000        1.9194451814416524E-003
    2.285000000000000        2.3217382494860050E-003
    2.290000000000000        2.6946470084822440E-003
    2.295000000000000        3.0313782084107328E-003
    2.300000000000000        3.3260468175232361E-003
    2.305000000000000        3.5739443210964472E-003
    2.310000000000000        3.7717629828346402E-003
    2.315000000000000        3.9177583020997382E-003
    2.320000000000000        4.0118280684218561E-003
    2.325000000000000        4.0554898310664784E-003
    2.330000000000000        4.0517495510735442E-003
    2.335000000000000        4.0048660799667690E-003
    2.340000000000000        3.9200395672837010E-003
    2.345000000000000        3.8030599853539790E-003
    2.350000000000000        3.6599551203959457E-003
    2.355000000000000        3.4966799057975568E-003
    2.360000000000000        3.3188695100693422E-003
    2.365000000000000        3.1316669531084167E-003
    2.370000000000000        2.9396272874106000E-003
    2.375000000000000        2.7466837464825185E-003
    2.380000000000000        2.5561536029289256E-003
    2.385000000000000        2.3707627490002521E-003
    2.390000000000000        2.1926710246100094E-003
    2.395000000000000        2.0234893612649709E-003
    2.400000000000000        1.8642855978428212E-003
    2.405000000000000        1.7155852093036410E-003
    2.410000000000000        1.5773767990692367E-003
    2.415000000000000        1.4491337748325939E-003
    2.420000000000000        1.3298576236877273E-003
    2.425000000000000        1.2181439816189215E-003
    2.430000000000000        1.1122749872557438E-003
    2.435000000000000        1.0103239770625965E-003
    2.440000000000000        9.1026623364926778E-004
    2.445000000000000        8.1009249693263499E-004
    2.450000000000000        7.0791767698617853E-004
    2.455000000000000        6.0208636346855737E-004
    2.460000000000000        4.9127300666286402E-004
    2.465000000000000        3.7457507262405674E-004
    2.470000000000000        2.5159786056400186E-004
    2.475000000000000        1.2252349201434412E-004
    2.480000000000000       -1.1843293157589640E-005
    2.485000000000000       -1.5005634137174795E-004
    2.490000000000000       -2.9002814627418614E-004
    2.495000000000000       -4.2903643320133922E-004
    2.500000000000000       -5.6372648206016294E-004
    2.505000000000000       -6.9011350600610788E-004
    2.510000000000000       -8.0361533657570110E-004
    2.515000000000000       -8.9913606317576491E-004
    2.520000000000000       -9.7119805827525205E-004
    2.525000000000000       -1.0141114075641489E-003
    2.530000000000000       -1.0221612543579521E-003
    2.535000000000000       -9.8979278919737936E-004
    2.540000000000000       -9.1178894658815768E-004
    2.545000000000000       -7.8342455039989831E-004
    2.550000000000000       -6.0058646743138748E-004
    2.555000000000000       -3.5986779288839479E-004
    2.560000000000000       -5.8631835546528288E-005
    2.565000000000000        3.0494720753607911E-004
    2.570000000000000        7.3185789132172498E-004
    2.575000000000000        1.2222311053180235E-003
    2.580000000000000        1.7753142829263227E-003
    2.585000000000000        2.3894370504860598E-003
    2.590000000000000        3.0619705888265840E-003
    2.595000000000000        3.7892706810261756E-003
    2.600000000000000        4.5665988216878342E-003
    2.605000000000000        5.3880285187995973E-003
    2.610000000000000        6.2463435039036348E-003
    2.615000000000000        7.1329510073943458E-003
    2.620000000000000        8.0378461578218356E-003
    2.625000000000000        8.9496647005810956E-003
    2.630000000000000        9.8558519461039129E-003
    2.635000000000000        1.0742960736984366E-002
    2.640000000000000        1.1597063731491879E-002
    2.645000000000000        1.2404240479465758E-002
    2.650000000000000        1.3151081111182528E-002
    2.655000000000000        1.3825159859123983E-002
    2.660000000000000        1.4415440594945084E-002
    2.665000000000000        1.4912589035765080E-002
    2.670000000000000        1.5309189353342947E-002
    2.675000000000000        1.5599872298423563E-002
    2.680000000000000        1.5781365543090899E-002
    2.685000000000000        1.5852478739168818E-002
    2.690000000000000        1.5814036413145209E-002
    2.695000000000000        1.5668756530531307E-002
    2.700000000000000        1.5421077112341903E-002
    2.705000000000000        1.5076945118204302E-002
    2.710000000000000        1.4643571247058507E-002
    2.715000000000000        1.4129160185399052E-002
    2.720000000000000        1.3542630514036289E-002
    2.725000000000000        1.2893330000103256E-002
    2.730000000000000        1.2190753202580877E-002
    2.735000000000000        1.1444277419574584E-002
    2.740000000000000        1.0662929106176193E-002
    2.745000000000000        9.8551961295910129E-003
    2.750000000000000        9.0289044616053911E-003
    2.755000000000000        8.1911661965597684E-003
    2.760000000000000        7.3484114948924066E-003
    2.765000000000000        6.5064992711281633E-003
    2.770000000000000        5.6708879461131527E-003
    2.775000000000000        4.8468413487066107E-003
    2.780000000000000        4.0396268615117350E-003
    2.785000000000000        3.2546774733145649E-003
    2.790000000000000        2.4976995084685845E-003
    2.795000000000000        1.7747145783205256E-003
    2.800000000000000        1.0920356238361735E-003
    2.805000000000000        4.5618426234089293E-004
    2.810000000000000       -1.2623872907080533E-004
    2.815000000000000       -6.4871894636121645E-004
    2.820000000000000       -1.1050160232156832E-003
    2.825000000000000       -1.4893503169164370E-003
    2.830000000000000       -1.7965795013092045E-003
    2.835000000000000       -2.0223615848999277E-003
    2.840000000000000       -2.1633031587591587E-003
    2.845000000000000       -2.2171023565050358E-003
    2.850000000000000       -2.1826839718051478E-003
    2.855000000000000       -2.0603197477559956E-003
    2.860000000000000       -1.8517260402690830E-003
    2.865000000000000       -1.5601353624716352E-003
    2.870000000000000       -1.1903324225684207E-003
    2.875000000000000       -7.4863916663483074E-004
    2.880000000000000       -2.4284546115758019E-004
    2.885000000000000        3.1791861157424273E-004
    2.890000000000000        9.2336686258586216E-004
    2.895000000000000        1.5622852824005600E-003
    2.900000000000000        2.2227874312673541E-003
    2.905000000000000        2.8925736509629729E-003
    2.910000000000000        3.5591731608841251E-003
    2.915000000000000        4.2101553217099683E-003
    2.920000000000000        4.8333089146049515E-003
    2.925000000000000        5.4167934705385212E-003
    2.930000000000000        5.9492797223733369E-003
    2.935000000000000        6.4200891133634341E-003
    2.940000000000000        6.8193363827274789E-003
    2.945000000000000        7.1380767124843416E-003
    2.950000000000000        7.3684513688412263E-003
    2.955000000000000        7.5038361100793924E-003
    2.960000000000000        7.5389819000793166E-003
    2.965000000000000        7.4701425602496530E-003
    2.970000000000000        7.2951898713686250E-003
    2.975000000000000        7.0137004946445867E-003
    2.980000000000000        6.6270083351509657E-003
    2.985000000000000        6.1382123541611868E-003
    2.990000000000000        5.5521326720463726E-003
    2.995000000000000        4.8752093855866088E-003
    3.000000000000000        4.1153375391287996E-003
    3.005000000000000        3.2816486813217223E-003
    3.010000000000000        2.3842553136228597E-003
    3.015000000000000        1.4339825710695651E-003
    3.020000000000000        4.4211535676129508E-004
    3.025000000000000       -5.7981964496995939E-004
    3.030000000000000       -1.6202234600252012E-003
    3.035000000000000       -2.6675366274067791E-003
    3.040000000000000       -3.7102980284740013E-003
    3.045000000000000       -4.7371610072432500E-003
    3.050000000000000       -5.7368921152873007E-003
    3.055000000000000       -6.6983783830830035E-003
    3.060000000000000       -7.6106691808986602E-003
    3.065000000000000       -8.4630858012163372E-003
    3.070000000000000       -9.2454107417331066E-003
    3.075000000000000       -9.9481557774871661E-003
    3.080000000000000       -1.0562878514386778E-002
    3.085000000000000       -1.1082499023577184E-002
    3.090000000000000       -1.1501577500016473E-002
    3.095000000000000       -1.1816515184237648E-002
    3.100000000000000       -1.2025659083246847E-002
    3.105000000000000       -1.2129302535462583E-002
    3.110000000000000       -1.2129586379138155E-002
    3.115000000000000       -1.2030319688359723E-002
    3.120000000000000       -1.1836742287676449E-002
    3.125000000000000       -1.1555264034030341E-002
    3.130000000000000       -1.1193210793024515E-002
    3.135000000000000       -1.0758595806745916E-002
    3.140000000000000       -1.0259933130988583E-002
    3.145000000000000       -9.7060985551824874E-003
    3.150000000000000       -9.1062267045210863E-003
    3.155000000000000       -8.4696238206740500E-003
    3.160000000000000       -7.8056781208368911E-003
    3.165000000000000       -7.1237555427806845E-003
    3.170000000000000       -6.4330692540937697E-003
    3.175000000000000       -5.7425304265914843E-003
    3.180000000000000       -5.0606013112637562E-003
    3.185000000000000       -4.3951596293267636E-003
    3.190000000000000       -3.7533813003982974E-003
    3.195000000000000       -3.1416533401355191E-003
    3.200000000000000       -2.5655132731558874E-003
    3.205000000000000       -2.0296100289348535E-003
    3.210000000000000       -1.5376848901614637E-003
    3.215000000000000       -1.0925659996507964E-003
    3.220000000000000       -6.9617261124378498E-004
    3.225000000000000       -3.4952818752857038E-004
    3.230000000000000       -5.2782470284225234E-005
    3.235000000000000        1.9475154049984562E-004
    3.240000000000000        3.9453838683857988E-004
    3.245000000000000        5.4873478286968789E-004
    3.250000000000000        6.6007979990769901E-004
    3.255000000000000        7.3177536258830571E-004
    3.260000000000000        7.6738118811703879E-004
    3.265000000000000        7.7074970297868308E-004
    3.270000000000000        7.4599611461361848E-004
    3.275000000000000        6.9747490989224143E-004
    3.280000000000000        6.2972280811797754E-004
    3.285000000000000        5.4736045693311404E-004
    3.290000000000000        4.5499374554469894E-004
    3.295000000000000        3.5714350759037106E-004
    3.300000000000000        2.5820222524237950E-004
    3.305000000000000        1.6240270133648790E-004
    3.310000000000000        7.3787664416109831E-005
    3.315000000000000       -3.8212133204670735E-006
    3.320000000000000       -6.6852878284755075E-005
    3.325000000000000       -1.1201376033532897E-004
    3.330000000000000       -1.3630934451398455E-004
    3.335000000000000       -1.3705681724585015E-004
    3.340000000000000       -1.1189023949374246E-004
    3.345000000000000       -5.8765776541309558E-005
    3.350000000000000        2.4025851301187493E-005
    3.355000000000000        1.3783061878691831E-004
    3.360000000000000        2.8358101358755556E-004
    3.365000000000000        4.6172975851868703E-004
    3.370000000000000        6.7217805170831957E-004
    3.375000000000000        9.1420741616995986E-004
    3.380000000000000        1.1864313731879885E-003
    3.385000000000000        1.4867812072678404E-003
    3.390000000000000        1.8125234116177591E-003
    3.395000000000000        2.1603168774832557E-003
    3.400000000000000        2.5263064178253893E-003
    3.405000000000000        2.9062303504738924E-003
    3.410000000000000        3.2955290306232543E-003
    3.415000000000000        3.6894397478897472E-003
    3.420000000000000        4.0830716031272667E-003
    3.425000000000000        4.4714636402890839E-003
    3.430000000000000        4.8496335943957325E-003
    3.435000000000000        5.2126247007038584E-003
    3.440000000000000        5.5555524901759821E-003
    3.445000000000000        5.8736448840753930E-003
    3.450000000000000        6.1622730703131969E-003
    3.455000000000000        6.4169834829694743E-003
    3.460000000000000        6.6335418853277526E-003
    3.465000000000000        6.8079991782627776E-003
    3.470000000000000        6.9367863582276552E-003
    3.475000000000000        7.0168362487760438E-003
    3.480000000000000        7.0457280557568520E-003
    3.485000000000000        7.0218370820959288E-003
    3.490000000000000        6.9444649429626635E-003
    3.495000000000000        6.8139327312780580E-003
    3.500000000000000        6.6316290972181813E-003
    3.505000000000000        6.4000121657341378E-003
    3.510000000000000        6.1225548579106546E-003
    3.515000000000000        5.8036376807877037E-003
    3.520000000000000        5.4483868772594812E-003
    3.525000000000000        5.0624621506806307E-003
    3.530000000000000        4.6518258919333588E-003
    3.535000000000000        4.2225231983709826E-003
    3.540000000000000        3.7805079876480625E-003
    3.545000000000000        3.3315394676262851E-003
    3.550000000000000        2.8811500361462898E-003
    3.555000000000000        2.4346550941973102E-003
    3.560000000000000        1.9971683619244974E-003
    3.565000000000000        1.5736052228969355E-003
    3.570000000000000        1.1686718140851151E-003
    3.575000000000000        7.8686515212850070E-004
    3.580000000000000        4.3249933429411049E-004
    3.585000000000000        1.0976292156976097E-004
    3.590000000000000       -1.7720031165951418E-004
    3.595000000000000       -4.2421063136262589E-004
    3.600000000000000       -6.2698468034959651E-004
    3.605000000000000       -7.8109524938385979E-004
    3.610000000000000       -8.8197521996584456E-004
    3.615000000000000       -9.2496872582214902E-004
    3.620000000000000       -9.0542693363879376E-004
    3.625000000000000       -8.1885359585923965E-004
    3.630000000000000       -6.6109115900810753E-004
    3.635000000000000       -4.2853437496509637E-004
    3.640000000000000       -1.1835683336619689E-004
    3.645000000000000        2.7127233989560899E-004
    3.650000000000000        7.4099071126772387E-004
    3.655000000000000        1.2900676475574844E-003
    3.660000000000000        1.9162590400664381E-003
    3.665000000000000        2.6156908154156193E-003
    3.670000000000000        3.3827762459162609E-003
    3.675000000000000        4.2101753128589330E-003
    3.680000000000000        5.0888027157329052E-003
    3.685000000000000        6.0078940499131770E-003
    3.690000000000000        6.9551361966026617E-003
    3.695000000000000        7.9168612282345112E-003
    3.700000000000000        8.8782950288915430E-003
    3.705000000000000        9.8238500333892524E-003
    3.710000000000000        1.0737452836370482E-002
    3.715000000000000        1.1602899714196593E-002
    3.720000000000000        1.2404237222212429E-002
    3.725000000000000        1.3126165650253188E-002
    3.730000000000000        1.3754453333870151E-002
    3.735000000000000        1.4276339850841020E-002
    3.740000000000000        1.4680887395344699E-002
    3.745000000000000        1.4959239274570002E-002
    3.750000000000000        1.5104767080958355E-002
    3.755000000000000        1.5113112306830876E-002
    3.760000000000000        1.4982137339769337E-002
    3.765000000000000        1.4711811369749874E-002
    3.770000000000000        1.4304058294019382E-002
    3.775000000000000        1.3762583744699790E-002
    3.780000000000000        1.3092692980637211E-002
    3.785000000000000        1.2301113147902707E-002
    3.790000000000000        1.1395826154844011E-002
    3.795000000000000        1.0385908251477440E-002
    3.800000000000000        9.2813763245340901E-003
    3.805000000000000        8.0930380362160435E-003
    3.810000000000000        6.8323478089514058E-003
    3.815000000000000        5.5112668702701919E-003
    3.820000000000000        4.1421201592431283E-003
    3.825000000000000        2.7374456565045255E-003
    3.830000000000000        1.3098267888580155E-003
    3.835000000000000       -1.2828212734799003E-004
    3.840000000000000       -1.5647188789103699E-003
    3.845000000000000       -2.9877420499850347E-003
    3.850000000000000       -4.3861135609146515E-003
    3.855000000000000       -5.7491344535117310E-003
    3.860000000000000       -7.0666332918473334E-003
    3.865000000000000       -8.3289183653717451E-003
    3.870000000000000       -9.5267041148619498E-003
    3.875000000000000       -1.0651025637297655E-002
    3.880000000000000       -1.1693155273704978E-002
    3.885000000000000       -1.2644542051135725E-002
    3.890000000000000       -1.3496784680141922E-002
    3.895000000000000       -1.4241649839817272E-002
    3.900000000000000       -1.4871142813955753E-002
    3.905000000000000       -1.5377627519052823E-002
    3.910000000000000       -1.5753998703438555E-002
    3.915000000000000       -1.5993899097680337E-002
    3.920000000000000       -1.6091970343351520E-002
    3.925000000000000       -1.6044122618300842E-002
    3.930000000000000       -1.5847796291702368E-002
    3.935000000000000       -1.5502184395312524E-002
    3.940000000000000       -1.5008400229673569E-002
    3.945000000000000       -1.4369576083673450E-002
    3.950000000000000       -1.3590881948167401E-002
    3.955000000000000       -1.2679464943770187E-002
    3.960000000000000       -1.1644305008114195E-002
    3.965000000000000       -1.0495991837440661E-002
    3.970000000000000       -9.2464450068033059E-003
    3.975000000000000       -7.9086055903302146E-003
    3.980000000000000       -6.4961443005023112E-003
    3.985000000000000       -5.0232245546465499E-003
    3.990000000000000       -3.5043269675463460E-003
    3.995000000000000       -1.9541170321042589E-003
    4.000000000000000       -3.8732680973452895E-004
