    0.000000000000000         2.554890786501324     
   5.0000000000000000E-003    2.545674000360081     
   1.0000000000000000E-002    2.518225093387203     
   1.5000000000000000E-002    2.473168993497573     
   2.0000000000000000E-002    2.411506822253028     
   2.5000000000000000E-002    2.334561830842161     
   3.0000000000000000E-002    2.243913414543795     
   3.5000000000000004E-002    2.141325950687794     
   4.0000000000000000E-002    2.028678442317775     
   4.5000000000000000E-002    1.907899492824980     
   5.0000000000000000E-002    1.780910472696625     
   5.5000000000000000E-002    1.649578255004528     
   6.0000000000000000E-002    1.515677743333016     
   6.5000000000000000E-002    1.380863633926207     
   7.0000000000000009E-002    1.246650430697108     
   7.5000000000000000E-002    1.114399568815340     
   8.0000000000000000E-002   0.9853124969797991     
   8.5000000000000000E-002   0.8604286394243848     
   9.0000000000000000E-002   0.7406272582666245     
   9.5000000000000000E-002   0.6266323603549236     
   0.1000000000000000        0.5190199069176021     
   0.1050000000000000        0.4182267086541734     
   0.1100000000000000        0.3245605043046997     
   0.1150000000000000        0.2382108009455205     
   0.1200000000000000        0.1592601311088171     
   0.1250000000000000        8.7695443242086100E-002
   0.1300000000000000        2.3419393717868737E-002
   0.1350000000000000       -3.3738643802072921E-002
   0.1400000000000000       -8.4012000004742902E-002
   0.1450000000000000       -0.1276866492152706     
   0.1500000000000000       -0.1650917034050693     
   0.1550000000000000       -0.1965904926955923     
   0.1600000000000000       -0.2225722573144623     
   0.1650000000000000       -0.2434444792748705     
   0.1700000000000000       -0.2596258749765936     
   0.1750000000000000       -0.2715400496327186     
   0.1800000000000000       -0.2796098116321761     
   0.1850000000000000       -0.2842521418032631     
   0.1900000000000000       -0.2858738087913220     
   0.1950000000000000       -0.2848676201644957     
   0.2000000000000000       -0.2816092849778641     
   0.2050000000000000       -0.2764548525633669     
   0.2100000000000000       -0.2697386770919147     
   0.2150000000000000       -0.2617718685587164     
   0.2200000000000000       -0.2528411981371208     
   0.2250000000000000       -0.2432084169303455     
   0.2300000000000000       -0.2331099475099616     
   0.2350000000000000       -0.2227569057548852     
   0.2400000000000000       -0.2123354159190530     
   0.2450000000000000       -0.2020071815294418     
   0.2500000000000000       -0.1919102780062333     
   0.2550000000000000       -0.1821601334255941     
   0.2600000000000000       -0.1728506738365942     
   0.2650000000000000       -0.1640556107552881     
   0.2700000000000000       -0.1558298467670990     
   0.2750000000000000       -0.1482109867030850     
   0.2800000000000000       -0.1412209307941073     
   0.2850000000000001       -0.1348675206249091     
   0.2900000000000000       -0.1291462051954116     
   0.2950000000000000       -0.1240416904918790     
   0.3000000000000000       -0.1195295427275276     
   0.3050000000000000       -0.1155777202242279     
   0.3100000000000000       -0.1121480162561513     
   0.3150000000000000       -0.1091974099420745     
   0.3200000000000000       -0.1066793239507903     
   0.3250000000000000       -0.1045447843771661     
   0.3300000000000000       -0.1027434834100825     
   0.3350000000000000       -0.1012247443917192     
   0.3400000000000000       -9.9938392772468951E-002
   0.3450000000000000       -9.8835535094997145E-002
   0.3500000000000000       -9.7869245606247652E-002
   0.3550000000000000       -9.6995163042596761E-002
   0.3600000000000000       -9.6172002319619363E-002
   0.3650000000000000       -9.5361983826728363E-002
   0.3700000000000000       -9.4531192069285339E-002
   0.3750000000000000       -9.3649874117158465E-002
   0.3800000000000000       -9.2692672732654735E-002
   0.3850000000000000       -9.1638790636083360E-002
   0.3900000000000000       -9.0472081297157629E-002
   0.3950000000000000       -8.9181051059305396E-002
   0.4000000000000000       -8.7758769997468438E-002
   0.4050000000000001       -8.6202688880679439E-002
   0.4100000000000001       -8.4514361699392797E-002
   0.4150000000000000       -8.2699082927574157E-002
   0.4200000000000000       -8.0765443777760400E-002
   0.4250000000000000       -7.8724821700268244E-002
   0.4300000000000000       -7.6590823266525270E-002
   0.4350000000000000       -7.4378713525650593E-002
   0.4400000000000000       -7.2104877899858080E-002
   0.4450000000000000       -6.9786349492931476E-002
   0.4500000000000000       -6.7440405439628019E-002
   0.4550000000000000       -6.5084201816289973E-002
   0.4600000000000001       -6.2734421809526664E-002
   0.4650000000000000       -6.0406943917645917E-002
   0.4700000000000000       -5.8116550634212905E-002
   0.4750000000000000       -5.5876697900739414E-002
   0.4800000000000000       -5.3699344280684338E-002
   0.4850000000000000       -5.1594837333473684E-002
   0.4900000000000000       -4.9571854010295819E-002
   0.4950000000000000       -4.7637388050898366E-002
   0.5000000000000000       -4.5796785181534103E-002
   0.5050000000000000       -4.4053814010264789E-002
   0.5100000000000000       -4.2410761323002415E-002
   0.5150000000000000       -4.0868543281815057E-002
   0.5200000000000000       -3.9426823100694786E-002
   0.5250000000000000       -3.8084130222322186E-002
   0.5300000000000001       -3.6837982209659392E-002
   0.5350000000000001       -3.5685008511756831E-002
   0.5400000000000000       -3.4621079198979117E-002
   0.5450000000000000       -3.3641439174174770E-002
   0.5500000000000000       -3.2740836966300924E-002
   0.5550000000000001       -3.1913639549921733E-002
   0.5600000000000001       -3.1153933673595544E-002
   0.5650000000000000       -3.0455614225595982E-002
   0.5700000000000001       -2.9812465856831487E-002
   0.5750000000000001       -2.9218251593907132E-002
   0.5800000000000000       -2.8666811473561280E-002
   0.5850000000000000       -2.8152173227428602E-002
   0.5899999999999999       -2.7668669741005436E-002
   0.5949999999999999       -2.7211048823075497E-002
   0.6000000000000000       -2.6774563599003409E-002
   0.6050000000000000       -2.6355036775428076E-002
   0.6100000000000000       -2.5948887772609188E-002
   0.6150000000000000       -2.5553120453886495E-002
   0.6200000000000000       -2.5165269299473332E-002
   0.6250000000000000       -2.4783307502423662E-002
   0.6300000000000000       -2.4405532369086931E-002
   0.6350000000000000       -2.4030442643075500E-002
   0.6400000000000000       -2.3656631537340234E-002
   0.6450000000000000       -2.3282716513351374E-002
   0.6500000000000000       -2.2907314549544977E-002
   0.6550000000000001       -2.2529064402128887E-002
   0.6600000000000001       -2.2146695889772254E-002
   0.6650000000000000       -2.1759141030060962E-002
   0.6700000000000000       -2.1365674229362512E-002
   0.6750000000000000       -2.0966060319533857E-002
   0.6800000000000001       -2.0560689102016387E-002
   0.6850000000000001       -2.0150668535076988E-002
   0.6900000000000000       -1.9737852752482075E-002
   0.6950000000000001       -1.9324796893654499E-002
   0.7000000000000001       -1.8914636265074478E-002
   0.7050000000000000       -1.8510906893092267E-002
   0.7100000000000000       -1.8117324523267158E-002
   0.7149999999999999       -1.7737550566527172E-002
   0.7199999999999999       -1.7374980435257967E-002
   0.7250000000000000       -1.7032580218160486E-002
   0.7300000000000000       -1.6712783160547032E-002
   0.7350000000000000       -1.6417436246263679E-002
   0.7400000000000000       -1.6147784324951857E-002
   0.7450000000000000       -1.5904474368809261E-002
   0.7500000000000000       -1.5687558054526445E-002
   0.7550000000000000       -1.5496484230310705E-002
   0.7600000000000000       -1.5330084257953733E-002
   0.7650000000000000       -1.5186560545386256E-002
   0.7700000000000000       -1.5063486498095633E-002
   0.7750000000000000       -1.4957819831692712E-002
   0.7800000000000001       -1.4865938984130138E-002
   0.7850000000000001       -1.4783703400138604E-002
   0.7900000000000000       -1.4706534339275268E-002
   0.7950000000000000       -1.4629509625128927E-002
   0.8000000000000000       -1.4547461715885190E-002
   0.8050000000000001       -1.4455074003410817E-002
   0.8100000000000001       -1.4346966735639315E-002
   0.8150000000000000       -1.4217781202601245E-002
   0.8200000000000001       -1.4062277535673875E-002
   0.8250000000000000       -1.3875448983821439E-002
   0.8300000000000001       -1.3652651162011464E-002
   0.8350000000000000       -1.3389745531693875E-002
   0.8400000000000000       -1.3083257418265832E-002
   0.8449999999999999       -1.2730543257432108E-002
   0.8500000000000000       -1.2329962784445194E-002
   0.8550000000000001       -1.1881048646367292E-002
   0.8600000000000000       -1.1384658296104715E-002
   0.8650000000000000       -1.0843087792246786E-002
   0.8699999999999999       -1.0260119120499560E-002
   0.8750000000000000       -9.6409789705180167E-003
   0.8800000000000001       -8.9922019846818575E-003
   0.8850000000000000       -8.3214082393513671E-003
   0.8900000000000000       -7.6370168645449681E-003
   0.8949999999999999       -6.9479204499816838E-003
   0.9000000000000000       -6.2631483197987681E-003
   0.9050000000000001       -5.5915444256998406E-003
   0.9100000000000000       -4.9414707063212910E-003
   0.9150000000000000       -4.3205472421608411E-003
   0.9200000000000001       -3.7354424459153686E-003
   0.9250000000000000       -3.1917182917393392E-003
   0.9300000000000001       -2.6937379838033673E-003
   0.9350000000000001       -2.2446468896995952E-003
   0.9400000000000000       -1.8464334111369284E-003
   0.9450000000000001       -1.5000670638298661E-003
   0.9500000000000000       -1.2057044499460734E-003
   0.9550000000000001       -9.6294764381885898E-004
   0.9600000000000000       -7.7113043402941344E-004
   0.9650000000000000       -6.2960543726107376E-004
   0.9699999999999999       -5.3800521839269608E-004
   0.9750000000000000       -4.9645502520188503E-004
   0.9800000000000001       -5.0571523712238244E-004
   0.9850000000000000       -5.6724198888558099E-004
   0.9900000000000000       -6.8316342921226036E-004
   0.9949999999999999       -8.5616904944825496E-004
    1.000000000000000       -1.0893114429667032E-003
    1.005000000000000       -1.3857238994270205E-003
    1.010000000000000       -1.7482767391686438E-003
    1.015000000000000       -2.1791874017536155E-003
    1.020000000000000       -2.6796127760222448E-003
    1.025000000000000       -3.2492706211398659E-003
    1.030000000000000       -3.8861329547014103E-003
    1.035000000000000       -4.5862239595571532E-003
    1.040000000000000       -5.3435411869605431E-003
    1.045000000000000       -6.1501032934969402E-003
    1.050000000000000       -6.9961078623868511E-003
    1.055000000000000       -7.8701843933821891E-003
    1.060000000000000       -8.7597290695229226E-003
    1.065000000000000       -9.6513018722381165E-003
    1.070000000000000       -1.0531071397156733E-002
    1.075000000000000       -1.1385288049604618E-002
    1.080000000000000       -1.2200763344262526E-002
    1.085000000000000       -1.2965329663129530E-002
    1.090000000000000       -1.3668242281860421E-002
    1.095000000000000       -1.4300501893190019E-002
    1.100000000000000       -1.4855101341822044E-002
    1.105000000000000       -1.5327191329248420E-002
    1.110000000000000       -1.5714156715124952E-002
    1.115000000000000       -1.6015596288811881E-002
    1.120000000000000       -1.6233199713458990E-002
    1.125000000000000       -1.6370530579170572E-002
    1.130000000000000       -1.6432741105618140E-002
    1.135000000000000       -1.6426265283238386E-002
    1.140000000000000       -1.6358534271140810E-002
    1.145000000000000       -1.6237718922554829E-002
    1.150000000000000       -1.6072473298375758E-002
    1.155000000000000       -1.5871652686595561E-002
    1.160000000000000       -1.5644000347869267E-002
    1.165000000000000       -1.5397815909462458E-002
    1.170000000000000       -1.5140619731938251E-002
    1.175000000000000       -1.4878826439598337E-002
    1.180000000000000       -1.4617444825078463E-002
    1.185000000000000       -1.4359826135932359E-002
    1.190000000000000       -1.4107474981116046E-002
    1.195000000000000       -1.3859940111221969E-002
    1.200000000000000       -1.3614801251898347E-002
    1.205000000000000       -1.3367760853857473E-002
    1.210000000000000       -1.3112839577209578E-002
    1.215000000000000       -1.2842664887498123E-002
    1.220000000000000       -1.2548838949013650E-002
    1.225000000000000       -1.2222367657773647E-002
    1.230000000000000       -1.1854122097797335E-002
    1.235000000000000       -1.1435301836705603E-002
    1.240000000000000       -1.0957875867463893E-002
    1.245000000000000       -1.0414980419281377E-002
    1.250000000000000       -9.8012592037489856E-003
    1.255000000000000       -9.1131421340263188E-003
    1.260000000000000       -8.3490593857814019E-003
    1.265000000000000       -7.5095837589549426E-003
    1.270000000000000       -6.5975041313231300E-003
    1.275000000000000       -5.6178300957014349E-003
    1.280000000000000       -4.5777284594682319E-003
    1.285000000000000       -3.4863943081148845E-003
    1.290000000000000       -2.3548547717803077E-003
    1.295000000000000       -1.1957047514593684E-003
    1.300000000000000       -2.2778527765395657E-005
    1.305000000000000        1.1492328629722726E-003
    1.310000000000000        2.3052075928107469E-003
    1.315000000000000        3.4300370411178309E-003
    1.320000000000000        4.5090671485630560E-003
    1.325000000000000        5.5285225733907470E-003
    1.330000000000000        6.4759046959795246E-003
    1.335000000000000        7.3403517691378717E-003
    1.340000000000000        8.1129438045918043E-003
    1.345000000000000        8.7869416923869341E-003
    1.350000000000000        9.3579398311852131E-003
    1.355000000000000        9.8239241229796264E-003
    1.360000000000000        1.0185235764599039E-002
    1.365000000000000        1.0444440659682477E-002
    1.370000000000000        1.0606113401622361E-002
    1.375000000000000        1.0676552404127146E-002
    1.380000000000000        1.0663441359557364E-002
    1.385000000000000        1.0575473739317753E-002
    1.390000000000000        1.0421966217511960E-002
    1.395000000000000        1.0212486971868160E-002
    1.400000000000000        9.9565098789199364E-003
    1.405000000000000        9.6631036062859046E-003
    1.410000000000000        9.3406619040542971E-003
    1.415000000000000        8.9966793889759415E-003
    1.420000000000000        8.6375802523965763E-003
    1.425000000000000        8.2685964022598810E-003
    1.430000000000000        7.8937006685368090E-003
    1.435000000000000        7.5155963260265306E-003
    1.440000000000000        7.1357583616967757E-003
    1.445000000000000        6.7545276563227592E-003
    1.450000000000000        6.3712430082107243E-003
    1.455000000000000        5.9843961707625803E-003
    1.460000000000000        5.5918030838881325E-003
    1.465000000000000        5.1907843176199702E-003
    1.470000000000000        4.7783519487171224E-003
    1.475000000000000        4.3514034168802782E-003
    1.480000000000000        3.9069235604041861E-003
    1.485000000000000        3.4421995304486752E-003
    1.490000000000000        2.9550481023310695E-003
    1.495000000000000        2.4440395768909715E-003
    1.500000000000000        1.9086913017665552E-003
    1.505000000000000        1.3495946956327221E-003
    1.510000000000000        7.6844651303604934E-004
    1.515000000000000        1.6797779512326079E-004
    1.520000000000000       -4.4819633852304666E-004
    1.525000000000000       -1.0757694674851894E-003
    1.530000000000000       -1.7099537389548627E-003
    1.535000000000000       -2.3456752804031420E-003
    1.540000000000000       -2.9777241274044863E-003
    1.545000000000000       -3.6008491301507539E-003
    1.550000000000000       -4.2098013113663146E-003
    1.555000000000000       -4.7993466627382766E-003
    1.560000000000000       -5.3642604674937822E-003
    1.565000000000000       -5.8993203475546485E-003
    1.570000000000000       -6.3993226433494090E-003
    1.575000000000000       -6.8591436291691741E-003
    1.580000000000000       -7.2738700569222932E-003
    1.585000000000000       -7.6390020127760794E-003
    1.590000000000000       -7.9507084889132091E-003
    1.595000000000000       -8.2060911943529025E-003
    1.600000000000000       -8.4034094744089174E-003
    1.605000000000000       -8.5422467456595257E-003
    1.610000000000000       -8.6236236650738611E-003
    1.615000000000000       -8.6500648091542143E-003
    1.620000000000000       -8.6256236011103269E-003
    1.625000000000000       -8.5558641730472669E-003
    1.630000000000000       -8.4477952503974443E-003
    1.635000000000000       -8.3097508319686249E-003
    1.640000000000000       -8.1512080778760350E-003
    1.645000000000000       -7.9825375018539946E-003
    1.650000000000000       -7.8146889719531032E-003
    1.655000000000000       -7.6588239978989723E-003
    1.660000000000000       -7.5259124655897409E-003
    1.665000000000000       -7.4263190672699322E-003
    1.670000000000000       -7.3694101731937334E-003
    1.675000000000000       -7.3632064704176781E-003
    1.680000000000000       -7.4141066574173102E-003
    1.685000000000000       -7.5267018886062154E-003
    1.690000000000000       -7.7036796400928074E-003
    1.695000000000000       -7.9458238263078069E-003
    1.700000000000000       -8.2521025524370444E-003
    1.705000000000000       -8.6198235219917265E-003
    1.710000000000000       -9.0448399723868427E-003
    1.715000000000000       -9.5217830899910734E-003
    1.720000000000000       -1.0044303229933607E-002
    1.725000000000000       -1.0605305489646317E-002
    1.730000000000000       -1.1197177915897583E-002
    1.735000000000000       -1.1812001748366852E-002
    1.740000000000000       -1.2441732278468296E-002
    1.745000000000000       -1.3078348484485898E-002
    1.750000000000000       -1.3713964803755534E-002
    1.755000000000000       -1.4340906025388069E-002
    1.760000000000000       -1.4951759991351277E-002
    1.765000000000000       -1.5539416117583982E-002
    1.770000000000000       -1.6097100035793790E-002
    1.775000000000000       -1.6618405328139949E-002
    1.780000000000000       -1.7097320307509658E-002
    1.785000000000000       -1.7528254648632560E-002
    1.790000000000000       -1.7906060977207878E-002
    1.795000000000000       -1.8226049421268350E-002
    1.800000000000000       -1.8483999871915341E-002
    1.805000000000000       -1.8676182756468256E-002
    1.810000000000000       -1.8799392584553519E-002
    1.815000000000000       -1.8850998268535593E-002
    1.820000000000000       -1.8828995177623643E-002
    1.825000000000000       -1.8732040117911355E-002
    1.830000000000000       -1.8559454282353339E-002
    1.835000000000000       -1.8311191397553317E-002
    1.840000000000000       -1.7987790324798370E-002
    1.845000000000000       -1.7590337121681243E-002
    1.850000000000000       -1.7120455139431772E-002
    1.855000000000000       -1.6580315171437472E-002
    1.860000000000000       -1.5972660929958780E-002
    1.865000000000000       -1.5300845148252504E-002
    1.870000000000000       -1.4568866904731372E-002
    1.875000000000000       -1.3781403358035260E-002
    1.880000000000000       -1.2943823327662172E-002
    1.885000000000000       -1.2062179116112106E-002
    1.890000000000000       -1.1143175558399692E-002
    1.895000000000000       -1.0194109130832294E-002
    1.900000000000000       -9.2227747419718593E-003
    1.905000000000000       -8.2373429590220244E-003
    1.910000000000000       -7.2462124057894819E-003
    1.915000000000000       -6.2578391620940410E-003
    1.920000000000000       -5.2805494814911578E-003
    1.925000000000000       -4.3223498118566610E-003
    1.930000000000000       -3.3907517849437987E-003
    1.935000000000000       -2.4926323420302388E-003
    1.940000000000000       -1.6341417809984771E-003
    1.945000000000000       -8.2066746085883207E-004
    1.950000000000000       -5.6855403975150089E-005
    1.955000000000000        6.5332211070478081E-004
    1.960000000000000        1.3064656519691442E-003
    1.965000000000000        1.8996334698082036E-003
    1.970000000000000        2.4302293518836420E-003
    1.975000000000000        2.8959002158136954E-003
    1.980000000000000        3.2944505994474671E-003
    1.985000000000000        3.6237792141207761E-003
    1.990000000000000        3.8818519146527608E-003
    1.995000000000000        4.0667253314565697E-003
    2.000000000000000        4.1766274104130119E-003
    2.005000000000000        4.2100912075294916E-003
    2.010000000000000        4.1661274772172856E-003
    2.015000000000000        4.0444088493354444E-003
    2.020000000000000        3.8454429707503790E-003
    2.025000000000000        3.5707055677107427E-003
    2.030000000000000        3.2227077677298990E-003
    2.035000000000000        2.8049915622402199E-003
    2.040000000000000        2.3220472665027807E-003
    2.045000000000000        1.7791650285974563E-003
    2.050000000000000        1.1822455833330379E-003
    2.055000000000000        5.3759898064903977E-004
    2.060000000000000       -1.4823356909882626E-004
    2.065000000000000       -8.6860717147490956E-004
    2.070000000000000       -1.6168435942452344E-003
    2.075000000000000       -2.3862519878920114E-003
    2.080000000000000       -3.1701174757877491E-003
    2.085000000000000       -3.9616700308437135E-003
    2.090000000000000       -4.7540465497196625E-003
    2.095000000000000       -5.5402661301721592E-003
    2.100000000000000       -6.3132272625715089E-003
    2.105000000000000       -7.0657326512347556E-003
    2.110000000000000       -7.7905454234883242E-003
    2.115000000000000       -8.4804756130297818E-003
    2.120000000000000       -9.1284897565979399E-003
    2.125000000000000       -9.7278391915472735E-003
    2.130000000000000       -1.0272200431838501E-002
    2.135000000000000       -1.0755813827238474E-002
    2.140000000000000       -1.1173612671911550E-002
    2.145000000000000       -1.1521333993448926E-002
    2.150000000000000       -1.1795607585607077E-002
    2.155000000000000       -1.1994030046780484E-002
    2.160000000000000       -1.2115228776792495E-002
    2.165000000000000       -1.2158923557579040E-002
    2.170000000000000       -1.2125981479083316E-002
    2.175000000000000       -1.2018449717083026E-002
    2.180000000000000       -1.1839551497851457E-002
    2.185000000000000       -1.1593634388816934E-002
    2.190000000000000       -1.1286070462322961E-002
    2.195000000000000       -1.0923112154029231E-002
    2.200000000000000       -1.0511713542274974E-002
    2.205000000000000       -1.0059331592964342E-002
    2.210000000000000       -9.5737224842655184E-003
    2.215000000000000       -9.0627482226031866E-003
    2.220000000000000       -8.5342144315580200E-003
    2.225000000000000       -7.9957555549924546E-003
    2.230000000000000       -7.4547748318368097E-003
    2.235000000000000       -6.9184356258501172E-003
    2.240000000000000       -6.3936915213892265E-003
    2.245000000000000       -5.8873389524433586E-003
    2.250000000000000       -5.4060733903053286E-003
    2.255000000000000       -4.9565297690077657E-003
    2.260000000000000       -4.5452914034521994E-003
    2.265000000000000       -4.1788666371297145E-003
    2.270000000000000       -3.8636415100468975E-003
    2.275000000000000       -3.6058074262421642E-003
    2.280000000000000       -3.4112586732649453E-003
    2.285000000000000       -3.2854475735656932E-003
    2.290000000000000       -3.2331930738822412E-003
    2.295000000000000       -3.2584593589563053E-003
    2.300000000000000       -3.3641228221407191E-003
    2.305000000000000       -3.5517480536944745E-003
    2.310000000000000       -3.8213950578449785E-003
    2.315000000000000       -4.1714775584575783E-003
    2.320000000000000       -4.5986773175217488E-003
    2.325000000000000       -5.0979219523389405E-003
    2.330000000000000       -5.6624380275190358E-003
    2.335000000000000       -6.2838730224904848E-003
    2.340000000000000       -6.9524871163994240E-003
    2.345000000000000       -7.6574082211203791E-003
    2.350000000000000       -8.3869305508515613E-003
    2.355000000000000       -9.1288437360229562E-003
    2.360000000000000       -9.8707680461315732E-003
    2.365000000000000       -1.0600473997398085E-002
    2.370000000000000       -1.1306182945676888E-002
    2.375000000000000       -1.1976842054539027E-002
    2.380000000000000       -1.2602362027418044E-002
    2.385000000000000       -1.3173815394049035E-002
    2.390000000000000       -1.3683592856332349E-002
    2.395000000000000       -1.4125509033789547E-002
    2.400000000000000       -1.4494862368666537E-002
    2.405000000000000       -1.4788449533867776E-002
    2.410000000000000       -1.5004532490670464E-002
    2.415000000000000       -1.5142763762799172E-002
    2.420000000000000       -1.5204077587218087E-002
    2.425000000000000       -1.5190568175967492E-002
    2.430000000000000       -1.5105368461474411E-002
    2.435000000000000       -1.4952535344664676E-002
    2.440000000000000       -1.4736945935237566E-002
    2.445000000000000       -1.4464205236812024E-002
    2.450000000000000       -1.4140567419336825E-002
    2.455000000000000       -1.3772875694021010E-002
    2.460000000000000       -1.3368516277228684E-002
    2.465000000000000       -1.2935375375852232E-002
    2.470000000000000       -1.2481788407384613E-002
    2.475000000000000       -1.2016463035547262E-002
    2.480000000000000       -1.1548365949011292E-002
    2.485000000000000       -1.1086570792474815E-002
    2.490000000000000       -1.0640066551426957E-002
    2.495000000000000       -1.0217537866368862E-002
    2.500000000000000       -9.8271276945570367E-003
    2.505000000000000       -9.4762028493443591E-003
    2.510000000000000       -9.1711415465894621E-003
    2.515000000000000       -8.9171499869097222E-003
    2.520000000000000       -8.7181191841879304E-003
    2.525000000000000       -8.5765215298523643E-003
    2.530000000000000       -8.4933489819529449E-003
    2.535000000000000       -8.4681005222321026E-003
    2.540000000000000       -8.4988211405768048E-003
    2.545000000000000       -8.5821809280065438E-003
    2.550000000000000       -8.7135897211533830E-003
    2.555000000000000       -8.8873353700732807E-003
    2.560000000000000       -9.0967322474256420E-003
    2.565000000000000       -9.3342822954969158E-003
    2.570000000000000       -9.5918388858239272E-003
    2.575000000000000       -9.8607732150100968E-003
    2.580000000000000       -1.0132143793794872E-002
    2.585000000000000       -1.0396863407066517E-002
    2.590000000000000       -1.0645867090161729E-002
    2.595000000000000       -1.0870281625404670E-002
    2.600000000000000       -1.1061585925811346E-002
    2.605000000000000       -1.1211758641814120E-002
    2.610000000000000       -1.1313411261768747E-002
    2.615000000000000       -1.1359900596207613E-002
    2.620000000000000       -1.1345430529717766E-002
    2.625000000000000       -1.1265157300912403E-002
    2.630000000000000       -1.1115299014178333E-002
    2.635000000000000       -1.0893250134872940E-002
    2.640000000000000       -1.0597699520936201E-002
    2.645000000000000       -1.0228738334822538E-002
    2.650000000000000       -9.7879450282175888E-003
    2.655000000000000       -9.2784384252068115E-003
    2.660000000000000       -8.7048826605849978E-003
    2.665000000000000       -8.0734435858916047E-003
    2.670000000000000       -7.3916978754091813E-003
    2.675000000000000       -6.6684876960605166E-003
    2.680000000000000       -5.9137244596311414E-003
    2.685000000000000       -5.1381399411696593E-003
    2.690000000000000       -4.3529890702920513E-003
    2.695000000000000       -3.5697163780373242E-003
    2.700000000000000       -2.7995987556290203E-003
    2.705000000000000       -2.0533863100170127E-003
    2.710000000000000       -1.3409690286808054E-003
    2.715000000000000       -6.7109132060066532E-004
    2.720000000000000       -5.1138853051543256E-005
    2.725000000000000        5.1298903452601152E-004
    2.730000000000000        1.0169200934141867E-003
    2.735000000000000        1.4577631792385120E-003
    2.740000000000000        1.8339909319587981E-003
    2.745000000000000        2.1452660280368532E-003
    2.750000000000000        2.3922285030039854E-003
    2.755000000000000        2.5762630000592646E-003
    2.760000000000000        2.6992600525249753E-003
    2.765000000000000        2.7633837755696282E-003
    2.770000000000000        2.7708544018815733E-003
    2.775000000000000        2.7237543923744481E-003
    2.780000000000000        2.6238617391111836E-003
    2.785000000000000        2.4725121047427336E-003
    2.790000000000000        2.2704997883540909E-003
    2.795000000000000        2.0180248308318620E-003
    2.800000000000000        1.7146911469470661E-003
    2.805000000000000        1.3595563560638917E-003
    2.810000000000000        9.5122585700382025E-004
    2.815000000000000        4.8798989594005668E-004
    2.820000000000000       -3.2004109189955141E-005
    2.825000000000000       -6.1055307970823760E-004
    2.830000000000000       -1.2491704476169474E-003
    2.835000000000000       -1.9488316429290354E-003
    2.840000000000000       -2.7097009049176886E-003
    2.845000000000000       -3.5308470103365734E-003
    2.850000000000000       -4.4099663523703700E-003
    2.855000000000000       -5.3431356553633425E-003
    2.860000000000000       -6.3246181733927820E-003
    2.865000000000000       -7.3467504443964575E-003
    2.870000000000000       -8.3999235627581736E-003
    2.875000000000000       -9.4726658842028364E-003
    2.880000000000000       -1.0551827173500343E-002
    2.885000000000000       -1.1622843999380497E-002
    2.890000000000000       -1.2670081410348604E-002
    2.895000000000000       -1.3677242044071027E-002
    2.900000000000000       -1.4627815363895422E-002
    2.905000000000000       -1.5505552716702862E-002
    2.910000000000000       -1.6294942992218586E-002
    2.915000000000000       -1.6981659707044816E-002
    2.920000000000000       -1.7552953883173501E-002
    2.925000000000000       -1.7997969406513292E-002
    2.930000000000000       -1.8307970684705479E-002
    2.935000000000000       -1.8476480961595144E-002
    2.940000000000000       -1.8499339449011051E-002
    2.945000000000000       -1.8374690791183209E-002
    2.950000000000000       -1.8102928990567371E-002
    2.955000000000000       -1.7686620935949242E-002
    2.960000000000000       -1.7130423044854872E-002
    2.965000000000000       -1.6440995092524626E-002
    2.970000000000000       -1.5626899473030265E-002
    2.975000000000000       -1.4698476612436688E-002
    2.980000000000000       -1.3667694393730458E-002
    2.985000000000000       -1.2547982163926714E-002
    2.990000000000000       -1.1354064553622409E-002
    2.995000000000000       -1.0101781915314398E-002
    3.000000000000000       -8.8078883658207339E-003
    3.005000000000000       -7.4898194581410777E-003
    3.010000000000000       -6.1654270439853036E-003
    3.015000000000000       -4.8526873456412627E-003
    3.020000000000000       -3.5693906728469535E-003
    3.025000000000000       -2.3328381668018401E-003
    3.030000000000000       -1.1595671059993276E-003
    3.035000000000000       -6.5120371974077855E-005
    3.040000000000000        9.3613532514043989E-004
    3.045000000000000        1.8311461723561726E-003
    3.050000000000000        2.6082680702123056E-003
    3.055000000000000        3.2573386067541890E-003
    3.060000000000000        3.7697368554861659E-003
    3.065000000000000        4.1384415728571220E-003
    3.070000000000000        4.3580949635694335E-003
    3.075000000000000        4.4250754031929134E-003
    3.080000000000000        4.3375807023717519E-003
    3.085000000000000        4.0957250069657283E-003
    3.090000000000000        3.7016403539427389E-003
    3.095000000000000        3.1595646400324222E-003
    3.100000000000000        2.4759012025409088E-003
    3.105000000000000        1.6592315675964580E-003
    3.110000000000000        7.2026924939691703E-004
    3.115000000000000       -3.2824549029244254E-004
    3.120000000000000       -1.4717070551202616E-003
    3.125000000000000       -2.6938599259725962E-003
    3.130000000000000       -3.9770676077192082E-003
    3.135000000000000       -5.3026346721480451E-003
    3.140000000000000       -6.6511742167659538E-003
    3.145000000000000       -8.0030003584484248E-003
    3.150000000000000       -9.3385256202516977E-003
    3.155000000000000       -1.0638652535629713E-002
    3.160000000000000       -1.1885143724310527E-002
    3.165000000000000       -1.3060961807107527E-002
    3.170000000000000       -1.4150575061863084E-002
    3.175000000000000       -1.5140220632922972E-002
    3.180000000000000       -1.6018118155275987E-002
    3.185000000000000       -1.6774632070329640E-002
    3.190000000000000       -1.7402371691094345E-002
    3.195000000000000       -1.7896222908462529E-002
    3.200000000000000       -1.8253311919054159E-002
    3.205000000000000       -1.8472898538570345E-002
    3.210000000000000       -1.8556203767246341E-002
    3.215000000000000       -1.8506182499654178E-002
    3.220000000000000       -1.8327273234215136E-002
    3.225000000000000       -1.8025145960801181E-002
    3.230000000000000       -1.7606462630632840E-002
    3.235000000000000       -1.7078658011552950E-002
    3.240000000000000       -1.6449736596188509E-002
    3.245000000000000       -1.5728086353547733E-002
    3.250000000000000       -1.4922305447761639E-002
    3.255000000000000       -1.4041058567374738E-002
    3.260000000000000       -1.3092979120189729E-002
    3.265000000000000       -1.2086618166869649E-002
    3.270000000000000       -1.1030440831352566E-002
    3.275000000000000       -9.9328570426979450E-003
    3.280000000000000       -8.8022658018895470E-003
    3.285000000000000       -7.6470928489524077E-003
    3.290000000000000       -6.4758066562449894E-003
    3.295000000000000       -5.2969086778243106E-003
    3.300000000000000       -4.1188957377278568E-003
    3.305000000000000       -2.9502011798758815E-003
    3.310000000000000       -1.7991302565141519E-003
    3.315000000000000       -6.7379181515652631E-004
    3.320000000000000        4.1797121558375050E-004
    3.325000000000000        1.4686408177020615E-003
    3.330000000000000        2.4710755994665505E-003
    3.335000000000000        3.4185526240876958E-003
    3.340000000000000        4.3047977881393305E-003
    3.345000000000000        5.1240114792377733E-003
    3.350000000000000        5.8708924198705850E-003
    3.355000000000000        6.5406649695107797E-003
    3.360000000000000        7.1291147838723550E-003
    3.365000000000000        7.6326423489516575E-003
    3.370000000000000        8.0483455964778123E-003
    3.375000000000000        8.3741377793435028E-003
    3.380000000000000        8.6088860521080903E-003
    3.385000000000000        8.7525431142738555E-003
    3.390000000000000        8.8062433335864156E-003
    3.395000000000000        8.7723355845504258E-003
    3.400000000000000        8.6543381066930714E-003
    3.405000000000000        8.4568116237134223E-003
    3.410000000000000        8.1851599450948207E-003
    3.415000000000000        7.8453799903277188E-003
    3.420000000000000        7.4437897223526424E-003
    3.425000000000000        6.9867628378436759E-003
    3.430000000000000        6.4804976905435305E-003
    3.435000000000000        5.9308452304429728E-003
    3.440000000000000        5.3432098604226788E-003
    3.445000000000000        4.7225240131384734E-003
    3.450000000000000        4.0732789424740625E-003
    3.455000000000000        3.3995956668551797E-003
    3.460000000000000        2.7053212677284773E-003
    3.465000000000000        1.9941324081801074E-003
    3.470000000000000        1.2696382024291644E-003
    3.475000000000000        5.3548109443997181E-004
    3.480000000000000       -2.0456852607587788E-004
    3.485000000000000       -9.4652721526678754E-004
    3.490000000000000       -1.6861137842742404E-003
    3.495000000000000       -2.4186645087372964E-003
    3.500000000000000       -3.1390482441361147E-003
    3.505000000000000       -3.8415772848810349E-003
    3.510000000000000       -4.5199241440280398E-003
    3.515000000000000       -5.1670685502853084E-003
    3.520000000000000       -5.7753064366678108E-003
    3.525000000000000       -6.3363381758845474E-003
    3.530000000000000       -6.8414430006160742E-003
    3.535000000000000       -7.2817379950099239E-003
    3.540000000000000       -7.6485128366438069E-003
    3.545000000000000       -7.9336243301194376E-003
    3.550000000000000       -8.1299310259293485E-003
    3.555000000000000       -8.2317279197878239E-003
    3.560000000000000       -8.2351347106175581E-003
    3.565000000000000       -8.1383977427548331E-003
    3.570000000000000       -7.9420766329224985E-003
    3.575000000000000       -7.6491082684095684E-003
    3.580000000000000       -7.2647517538310122E-003
    3.585000000000000       -6.7964275297474934E-003
    3.590000000000000       -6.2534673874512166E-003
    3.595000000000000       -5.6468018631147965E-003
    3.600000000000000       -4.9886080900561769E-003
    3.605000000000000       -4.2919466906279684E-003
    3.610000000000000       -3.5704117309839294E-003
    3.615000000000000       -2.8378051159891577E-003
    3.620000000000000       -2.1078412099410664E-003
    3.625000000000000       -1.3938767797262130E-003
    3.630000000000000       -7.0866660649355513E-004
    3.635000000000000       -6.4148813954156489E-005
    3.640000000000000        5.2873616183914640E-004
    3.645000000000000        1.0601855074704822E-003
    3.650000000000000        1.5216376220861600E-003
    3.655000000000000        1.9058542396298252E-003
    3.660000000000000        2.2069917837824109E-003
    3.665000000000000        2.4206669142646797E-003
    3.670000000000000        2.5440091063270893E-003
    3.675000000000000        2.5756880993283060E-003
    3.680000000000000        2.5159121698359077E-003
    3.685000000000000        2.3663949996780596E-003
    3.690000000000000        2.1302927019188655E-003
    3.695000000000000        1.8121132786708012E-003
    3.700000000000000        1.4175952728863461E-003
    3.705000000000000        9.5355227607558675E-004
    3.710000000000000        4.2769490104383969E-004
    3.715000000000000       -1.5155152670980820E-004
    3.720000000000000       -7.7521381290443969E-004
    3.725000000000000       -1.4339024323202172E-003
    3.730000000000000       -2.1179118550147447E-003
    3.735000000000000       -2.8173059309928714E-003
    3.740000000000000       -3.5220065316097138E-003
    3.745000000000000       -4.2219011444399035E-003
    3.750000000000000       -4.9069730909349767E-003
    3.755000000000000       -5.5674479839179121E-003
    3.760000000000000       -6.1939476640195856E-003
    3.765000000000000       -6.7776490722427400E-003
    3.770000000000000       -7.3104358768485547E-003
    3.775000000000000       -7.7850350637761414E-003
    3.780000000000000       -8.1951300933579709E-003
    3.785000000000000       -8.5354451356845829E-003
    3.790000000000000       -8.8017983024170796E-003
    3.795000000000000       -8.9911171158722567E-003
    3.800000000000000       -9.1014221592261872E-003
    3.805000000000000       -9.1317914334142909E-003
    3.810000000000000       -9.0823146138880873E-003
    3.815000000000000       -8.9540493862589674E-003
    3.820000000000000       -8.7489911250887644E-003
    3.825000000000000       -8.4700588632499869E-003
    3.830000000000000       -8.1210981631124852E-003
    3.835000000000000       -7.7068893624104096E-003
    3.840000000000000       -7.2331401922443117E-003
    3.845000000000000       -6.7064452631248450E-003
    3.850000000000000       -6.1342007105496910E-003
    3.855000000000000       -5.5244723869579300E-003
    3.860000000000000       -4.8858428771808153E-003
    3.865000000000000       -4.2272687219620959E-003
    3.870000000000000       -3.5579649378164877E-003
    3.875000000000000       -2.8873166705081523E-003
    3.880000000000000       -2.2248072999305126E-003
    3.885000000000000       -1.5799486286040290E-003
    3.890000000000000       -9.6219425220835717E-004
    3.895000000000000       -3.8082439993996475E-004
    3.900000000000000        1.5520656206336183E-004
    3.905000000000000        6.3746574429368774E-004
    3.910000000000000        1.0582733802949826E-003
    3.915000000000000        1.4109531085835128E-003
    3.920000000000000        1.6900722120035350E-003
    3.925000000000000        1.8916419612814980E-003
    3.930000000000000        2.0132559741724734E-003
    3.935000000000000        2.0541544010088670E-003
    3.940000000000000        2.0152081898305751E-003
    3.945000000000000        1.8988297858113787E-003
    3.950000000000000        1.7088193169180688E-003
    3.955000000000000        1.4501586886944633E-003
    3.960000000000000        1.1287922017839735E-003
    3.965000000000000        7.5143342037514120E-004
    3.970000000000000        3.2541276065680522E-004
    3.975000000000000       -1.4144989761072344E-004
    3.980000000000000       -6.4095981230038657E-004
    3.985000000000000       -1.1646578647976555E-003
    3.990000000000000       -1.7039355331138193E-003
    3.995000000000000       -2.2501558160676116E-003
    4.000000000000000       -2.7947874741656653E-003
