    0.000000000000000         2.548816255543043     
   5.0000000000000000E-003    2.539526121997332     
   1.0000000000000000E-002    2.511850155578498     
   1.5000000000000000E-002    2.466421491157341     
   2.0000000000000000E-002    2.404255083899725     
   2.5000000000000000E-002    2.326692406589848     
   3.0000000000000000E-002    2.235333929777664     
   3.5000000000000004E-002    2.131966415990138     
   4.0000000000000000E-002    2.018491210230891     
   4.5000000000000000E-002    1.896858150168407     
   5.0000000000000000E-002    1.769007978316078     
   5.5000000000000000E-002    1.636824596982536     
   6.0000000000000000E-002    1.502097334726050     
   6.5000000000000000E-002    1.366492623127821     
   7.0000000000000009E-002    1.231534077016002     
   7.5000000000000000E-002    1.098589807610807     
   8.0000000000000000E-002   0.9688657958431053     
   8.5000000000000000E-002   0.8434042405874623     
   9.0000000000000000E-002   0.7230858705344534     
   9.5000000000000000E-002   0.6086353064516581     
   0.1000000000000000        0.5006286899561022     
   0.1050000000000000        0.3995029247413934     
   0.1100000000000000        0.3055660042219611     
   0.1150000000000000        0.2190080005287271     
   0.1200000000000000        0.1399123716723867     
   0.1250000000000000        6.8267319694751807E-002
   0.1300000000000000        3.9769917002251729E-003
   0.1350000000000000       -5.3127638930700787E-002
   0.1400000000000000       -0.1032783170703865     
   0.1450000000000000       -0.1467595535714724     
   0.1500000000000000       -0.1838992299170187     
   0.1550000000000000       -0.2150597835030231     
   0.1600000000000000       -0.2406299885487528     
   0.1650000000000000       -0.2610173433345336     
   0.1700000000000000       -0.2766410761445156     
   0.1750000000000000       -0.2879257828841509     
   0.1800000000000000       -0.2952957115197016     
   0.1850000000000000       -0.2991697077864655     
   0.1900000000000000       -0.2999568160309387     
   0.1950000000000000       -0.2980525131178668     
   0.2000000000000000       -0.2938355517801123     
   0.2050000000000000       -0.2876653719738809     
   0.2100000000000000       -0.2798800331342207     
   0.2150000000000000       -0.2707946216498007     
   0.2200000000000000       -0.2607000850119063     
   0.2250000000000000       -0.2498624499366507     
   0.2300000000000000       -0.2385223991121444     
   0.2350000000000000       -0.2268951925147595     
   0.2400000000000000       -0.2151709124692666     
   0.2450000000000000       -0.2035150174731669     
   0.2500000000000000       -0.1920691811999621     
   0.2550000000000000       -0.1809523866898562     
   0.2600000000000000       -0.1702622542143346     
   0.2650000000000000       -0.1600765599585870     
   0.2700000000000000       -0.1504548959044895     
   0.2750000000000000       -0.1414404211324304     
   0.2800000000000000       -0.1330616468259401     
   0.2850000000000001       -0.1253342002053237     
   0.2900000000000000       -0.1182625235893200     
   0.2950000000000000       -0.1118414734506108     
   0.3000000000000000       -0.1060577921852574     
   0.3050000000000000       -0.1008914371854973     
   0.3100000000000000       -9.6316765721393676E-002
   0.3150000000000000       -9.2303577298191719E-002
   0.3200000000000000       -8.8818027388746685E-002
   0.3250000000000000       -8.5823428671715707E-002
   0.3300000000000000       -8.3280961287477577E-002
   0.3350000000000000       -8.1150321189740922E-002
   0.3400000000000000       -7.9390323891751144E-002
   0.3450000000000000       -7.7959485384292453E-002
   0.3500000000000000       -7.6816582891022600E-002
   0.3550000000000000       -7.5921186974826060E-002
   0.3600000000000000       -7.5234156725010335E-002
   0.3650000000000000       -7.4718084312719855E-002
   0.3700000000000000       -7.4337683272704052E-002
   0.3750000000000000       -7.4060114470962004E-002
   0.3800000000000000       -7.3855245640768894E-002
   0.3850000000000000       -7.3695839262911731E-002
   0.3900000000000000       -7.3557669414478895E-002
   0.3950000000000000       -7.3419565546374148E-002
   0.4000000000000000       -7.3263374873116156E-002
   0.4050000000000001       -7.3073850220771686E-002
   0.4100000000000001       -7.2838481149691203E-002
   0.4150000000000000       -7.2547275478724433E-002
   0.4200000000000000       -7.2192506130083185E-002
   0.4250000000000000       -7.1768447269910451E-002
   0.4300000000000000       -7.1271111895812762E-002
   0.4350000000000000       -7.0697996703848700E-002
   0.4400000000000000       -7.0047836754664248E-002
   0.4450000000000000       -6.9320372973264028E-002
   0.4500000000000000       -6.8516138631336210E-002
   0.4550000000000000       -6.7636276631863073E-002
   0.4600000000000001       -6.6682399252273949E-002
   0.4650000000000000       -6.5656499594837996E-002
   0.4700000000000000       -6.4560911605697049E-002
   0.4750000000000000       -6.3398302510236988E-002
   0.4800000000000000       -6.2171670911442671E-002
   0.4850000000000000       -6.0884327256322717E-002
   0.4900000000000000       -5.9539845417660509E-002
   0.4950000000000000       -5.8141983557915893E-002
   0.5000000000000000       -5.6694583204127023E-002
   0.5050000000000000       -5.5201474271103042E-002
   0.5100000000000000       -5.3666413847577719E-002
   0.5150000000000000       -5.2093070168149778E-002
   0.5200000000000000       -5.0485063039311768E-002
   0.5250000000000000       -4.8846056715294575E-002
   0.5300000000000001       -4.7179887731222330E-002
   0.5350000000000001       -4.5490715932690593E-002
   0.5400000000000000       -4.3783173278827974E-002
   0.5450000000000000       -4.2062483057256159E-002
   0.5500000000000000       -4.0334536360140563E-002
   0.5550000000000001       -3.8605910033292496E-002
   0.5600000000000001       -3.6883821537511685E-002
   0.5650000000000000       -3.5176025602314027E-002
   0.5700000000000001       -3.3490666570609831E-002
   0.5750000000000001       -3.1836102689129575E-002
   0.5800000000000000       -3.0220714191963456E-002
   0.5850000000000000       -2.8652713548732290E-002
   0.5899999999999999       -2.7139972276406290E-002
   0.5949999999999999       -2.5689872507689868E-002
   0.6000000000000000       -2.4309187853761820E-002
   0.6050000000000000       -2.3003986790183424E-002
   0.6100000000000000       -2.1779543072181400E-002
   0.6150000000000000       -2.0640236865867445E-002
   0.6200000000000000       -1.9589435543164960E-002
   0.6250000000000000       -1.8629355845015878E-002
   0.6300000000000000       -1.7760919005504780E-002
   0.6350000000000000       -1.6983615122532840E-002
   0.6400000000000000       -1.6295392491050191E-002
   0.6450000000000000       -1.5692598857822302E-002
   0.6500000000000000       -1.5169995675505255E-002
   0.6550000000000001       -1.4720860182321420E-002
   0.6600000000000001       -1.4337186830718296E-002
   0.6650000000000000       -1.4009984298415132E-002
   0.6700000000000000       -1.3729646530473893E-002
   0.6750000000000000       -1.3486369431926073E-002
   0.6800000000000001       -1.3270577071074112E-002
   0.6850000000000001       -1.3073310505435489E-002
   0.6900000000000000       -1.2886542815896160E-002
   0.6950000000000001       -1.2703391396595065E-002
   0.7000000000000001       -1.2518220384830627E-002
   0.7050000000000000       -1.2326647355818905E-002
   0.7100000000000000       -1.2125477463788221E-002
   0.7149999999999999       -1.1912605533333636E-002
   0.7199999999999999       -1.1686918409035594E-002
   0.7250000000000000       -1.1448214270699366E-002
   0.7300000000000000       -1.1197135919394094E-002
   0.7350000000000000       -1.0935100130301396E-002
   0.7400000000000000       -1.0664224812570371E-002
   0.7450000000000000       -1.0387250775752626E-002
   0.7500000000000000       -1.0107459704980173E-002
   0.7550000000000000       -9.8286009093519624E-003
   0.7600000000000000       -9.5548107942371789E-003
   0.7650000000000000       -9.2905071765699976E-003
   0.7700000000000000       -9.0402521307487156E-003
   0.7750000000000000       -8.8085901888506744E-003
   0.7800000000000001       -8.5998821611272511E-003
   0.7850000000000001       -8.4181506395264432E-003
   0.7900000000000000       -8.2669599349549383E-003
   0.7950000000000000       -8.1493394298783137E-003
   0.8000000000000000       -8.0677453663198779E-003
   0.8050000000000001       -8.0240496731664361E-003
   0.8100000000000001       -8.0195350325305910E-003
   0.8150000000000000       -8.0548749673349587E-003
   0.8200000000000001       -8.1300908846024313E-003
   0.8250000000000000       -8.2444845198566874E-003
   0.8300000000000001       -8.3965535728649101E-003
   0.8350000000000000       -8.5839143366283608E-003
   0.8400000000000000       -8.8032464216126218E-003
   0.8449999999999999       -9.0502706099771775E-003
   0.8500000000000000       -9.3197700841913900E-003
   0.8550000000000001       -9.6056582824596166E-003
   0.8600000000000000       -9.9010925254724853E-003
   0.8650000000000000       -1.0198631571232053E-002
   0.8699999999999999       -1.0490429489810509E-002
   0.8750000000000000       -1.0768454085909442E-002
   0.8800000000000001       -1.1024721957342811E-002
   0.8850000000000000       -1.1251544801848568E-002
   0.8900000000000000       -1.1441779451072440E-002
   0.8949999999999999       -1.1589064059279275E-002
   0.9000000000000000       -1.1688031823259539E-002
   0.9050000000000001       -1.1734490543071077E-002
   0.9100000000000000       -1.1725555212926837E-002
   0.9150000000000000       -1.1659735553822150E-002
   0.9200000000000001       -1.1536977348317390E-002
   0.9250000000000000       -1.1358657547260529E-002
   0.9300000000000001       -1.1127541146312983E-002
   0.9350000000000001       -1.0847710332642619E-002
   0.9400000000000000       -1.0524469216780790E-002
   0.9450000000000001       -1.0164224352476905E-002
   0.9500000000000000       -9.7743365528248702E-003
   0.9550000000000001       -9.3629423639618246E-003
   0.9600000000000000       -8.9387491599412954E-003
   0.9650000000000000       -8.5108130520166867E-003
   0.9699999999999999       -8.0883016072391669E-003
   0.9750000000000000       -7.6802424902703814E-003
   0.9800000000000001       -7.2952606141077725E-003
   0.9850000000000000       -6.9413022148515253E-003
   0.9900000000000000       -6.6253447073151452E-003
   0.9949999999999999       -6.3531050401999618E-003
    1.000000000000000       -6.1287643680414003E-003
    1.005000000000000       -5.9547316392779939E-003
    1.010000000000000       -5.8314825987227925E-003
    1.015000000000000       -5.7574901304977457E-003
    1.020000000000000       -5.7292591596007982E-003
    1.025000000000000       -5.7414716718600172E-003
    1.030000000000000       -5.7872239607795928E-003
    1.035000000000000       -5.8583385928527756E-003
    1.040000000000000       -5.9457288057212079E-003
    1.045000000000000       -6.0397848558009182E-003
    1.050000000000000       -6.1307621988178536E-003
    1.055000000000000       -6.2091564839759243E-003
    1.060000000000000       -6.2660534562129397E-003
    1.065000000000000       -6.2934491547579894E-003
    1.070000000000000       -6.2845319758757245E-003
    1.075000000000000       -6.2339101054350134E-003
    1.080000000000000       -6.1377609305579286E-003
    1.085000000000000       -5.9938882013309369E-003
    1.090000000000000       -5.8016865403590021E-003
    1.095000000000000       -5.5620190376649870E-003
    1.100000000000000       -5.2770228947771436E-003
    1.105000000000000       -4.9498681666307176E-003
    1.110000000000000       -4.5845004741238320E-003
    1.115000000000000       -4.1854016967975687E-003
    1.120000000000000       -3.7573879199098044E-003
    1.125000000000000       -3.3054413504741760E-003
    1.130000000000000       -2.8345676948119101E-003
    1.135000000000000       -2.3496636206432804E-003
    1.140000000000000       -1.8553853304441901E-003
    1.145000000000000       -1.3560257730094101E-003
    1.150000000000000       -8.5541094596498120E-004
    1.155000000000000       -3.5682846453477279E-004
    1.160000000000000        1.3700663613625634E-004
    1.165000000000000        6.2394731271523156E-004
    1.170000000000000        1.1023721110558742E-003
    1.175000000000000        1.5711145666413735E-003
    1.180000000000000        2.0293717116001457E-003
    1.185000000000000        2.4765906010901153E-003
    1.190000000000000        2.9123385814649861E-003
    1.195000000000000        3.3361615538246925E-003
    1.200000000000000        3.7474363828630319E-003
    1.205000000000000        4.1452283100299461E-003
    1.210000000000000        4.5281599168715037E-003
    1.215000000000000        4.8942958870895339E-003
    1.220000000000000        5.2410536819314313E-003
    1.225000000000000        5.5651508452634690E-003
    1.230000000000000        5.8625947050350424E-003
    1.235000000000000        6.1287249006117186E-003
    1.240000000000000        6.3583162463310412E-003
    1.245000000000000        6.5457464099378635E-003
    1.250000000000000        6.6852193793976831E-003
    1.255000000000000        6.7710268263633155E-003
    1.260000000000000        6.7978150648762430E-003
    1.265000000000000        6.7608305218803473E-003
    1.270000000000000        6.6561264703687053E-003
    1.275000000000000        6.4807207171519714E-003
    1.280000000000000        6.2327113835770289E-003
    1.285000000000000        5.9113615079874196E-003
    1.290000000000000        5.5171505596273018E-003
    1.295000000000000        5.0517881444661548E-003
    1.300000000000000        4.5181804061953814E-003
    1.305000000000000        3.9203393564503850E-003
    1.310000000000000        3.2632430462083550E-003
    1.315000000000000        2.5526550664355945E-003
    1.320000000000000        1.7949093706577280E-003
    1.325000000000000        9.9665808677864920E-004
    1.330000000000000        1.6459289583596060E-004
    1.335000000000000       -6.9483250850717146E-004
    1.340000000000000       -1.5756505132325471E-003
    1.345000000000000       -2.4725635643011645E-003
    1.350000000000000       -3.3810327300290610E-003
    1.355000000000000       -4.2972652178527504E-003
    1.360000000000000       -5.2181019422446049E-003
    1.365000000000000       -6.1408250209242867E-003
    1.370000000000000       -7.0629156900110885E-003
    1.375000000000000       -7.9817902746359408E-003
    1.380000000000000       -8.8945476156452443E-003
    1.385000000000000       -9.7977707750706795E-003
    1.390000000000000       -1.0687422726542080E-002
    1.395000000000000       -1.1558850781075150E-002
    1.400000000000000       -1.2406900198018966E-002
    1.405000000000000       -1.3226107631315442E-002
    1.410000000000000       -1.4010940755027259E-002
    1.415000000000000       -1.4756053723021500E-002
    1.420000000000000       -1.5456537215440100E-002
    1.425000000000000       -1.6108141414546875E-002
    1.430000000000000       -1.6707455132212212E-002
    1.435000000000000       -1.7252036855708184E-002
    1.440000000000000       -1.7740484613653987E-002
    1.445000000000000       -1.8172442843821335E-002
    1.450000000000000       -1.8548551126893372E-002
    1.455000000000000       -1.8870342426397180E-002
    1.460000000000000       -1.9140108357880896E-002
    1.465000000000000       -1.9360743343677145E-002
    1.470000000000000       -1.9535582999441271E-002
    1.475000000000000       -1.9668251165180505E-002
    1.480000000000000       -1.9762523138098459E-002
    1.485000000000000       -1.9822207383792254E-002
    1.490000000000000       -1.9851033434055998E-002
    1.495000000000000       -1.9852538932483625E-002
    1.500000000000000       -1.9829958305880631E-002
    1.505000000000000       -1.9786118866420148E-002
    1.510000000000000       -1.9723361150997121E-002
    1.515000000000000       -1.9643492024233222E-002
    1.520000000000000       -1.9547770634324873E-002
    1.525000000000000       -1.9436921564701258E-002
    1.530000000000000       -1.9311164192778079E-002
    1.535000000000000       -1.9170256703298339E-002
    1.540000000000000       -1.9013552408234279E-002
    1.545000000000000       -1.8840064163566861E-002
    1.550000000000000       -1.8648542745326594E-002
    1.555000000000000       -1.8437565585149830E-002
    1.560000000000000       -1.8205624687056224E-002
    1.565000000000000       -1.7951213494481577E-002
    1.570000000000000       -1.7672904991996450E-002
    1.575000000000000       -1.7369406894384374E-002
    1.580000000000000       -1.7039598965192608E-002
    1.585000000000000       -1.6682560544695617E-002
    1.590000000000000       -1.6297587710278911E-002
    1.595000000000000       -1.5884211030645076E-002
    1.600000000000000       -1.5442231844567919E-002
    1.605000000000000       -1.4971777794601477E-002
    1.610000000000000       -1.4473375210911836E-002
    1.615000000000000       -1.3948034463937455E-002
    1.620000000000000       -1.3397332109796540E-002
    1.625000000000000       -1.2823476439739241E-002
    1.630000000000000       -1.2229339630246479E-002
    1.635000000000000       -1.1618441589652930E-002
    1.640000000000000       -1.0994876377459815E-002
    1.645000000000000       -1.0363180758641908E-002
    1.650000000000000       -9.7281547981761403E-003
    1.655000000000000       -9.0946565531613626E-003
    1.660000000000000       -8.4673919631667243E-003
    1.665000000000000       -7.8507246310804852E-003
    1.670000000000000       -7.2485234179454565E-003
    1.675000000000000       -6.6640417876769940E-003
    1.680000000000000       -6.0998185594713785E-003
    1.685000000000000       -5.5575994261244999E-003
    1.690000000000000       -5.0382848245831386E-003
    1.695000000000000       -4.5419229100605367E-003
    1.700000000000000       -4.0677725915623473E-003
    1.705000000000000       -3.6144322470564383E-003
    1.710000000000000       -3.1800205365219112E-003
    1.715000000000000       -2.7623907576150404E-003
    1.720000000000000       -2.3593559120084402E-003
    1.725000000000000       -1.9689046411689517E-003
    1.730000000000000       -1.5893835579219806E-003
    1.735000000000000       -1.2196290852312108E-003
    1.740000000000000       -8.5904331799098088E-004
    1.745000000000000       -5.0761987141300953E-004
    1.750000000000000       -1.6592984134751562E-004
    1.755000000000000        1.6492526839295374E-004
    1.760000000000000        4.8339396135012302E-004
    1.765000000000000        7.8759034471368619E-004
    1.770000000000000        1.0754391881642258E-003
    1.775000000000000        1.3448383445065246E-003
    1.780000000000000        1.5938266328372062E-003
    1.785000000000000        1.8207402348451946E-003
    1.790000000000000        2.0243427365814561E-003
    1.795000000000000        2.2039234456466481E-003
    1.800000000000000        2.3593645906546783E-003
    1.805000000000000        2.4911781089629588E-003
    1.810000000000000        2.6005074923173921E-003
    1.815000000000000        2.6890820123952643E-003
    1.820000000000000        2.7591217992011261E-003
    1.825000000000000        2.8132194995605033E-003
    1.830000000000000        2.8542175580296254E-003
    1.835000000000000        2.8850881604240675E-003
    1.840000000000000        2.9088098950703095E-003
    1.845000000000000        2.9282247103774672E-003
    1.850000000000000        2.9458927739670058E-003
    1.855000000000000        2.9639822831800707E-003
    1.860000000000000        2.9842206114970772E-003
    1.865000000000000        3.0079194513909480E-003
    1.870000000000000        3.0360681572174353E-003
    1.875000000000000        3.0694706570793731E-003
    1.880000000000000        3.1088929216999461E-003
    1.885000000000000        3.1551844864253193E-003
    1.890000000000000        3.2093452287608120E-003
    1.895000000000000        3.2725277085834215E-003
    1.900000000000000        3.3459733405715202E-003
    1.905000000000000        3.4308924809217789E-003
    1.910000000000000        3.5283050516106496E-003
    1.915000000000000        3.6388682274610806E-003
    1.920000000000000        3.7627270650512754E-003
    1.925000000000000        3.8994106131757436E-003
    1.930000000000000        4.0477822363440472E-003
    1.935000000000000        4.2060365708323664E-003
    1.940000000000000        4.3717260049889486E-003
    1.945000000000000        4.5417998858761894E-003
    1.950000000000000        4.7126440567579921E-003
    1.955000000000000        4.8801195561305990E-003
    1.960000000000000        5.0396054759412188E-003
    1.965000000000000        5.1860564277137913E-003
    1.970000000000000        5.3140860534876397E-003
    1.975000000000000        5.4180825623607287E-003
    1.980000000000000        5.4923637504700000E-003
    1.985000000000000        5.5313669199839222E-003
    1.990000000000000        5.5298572103975205E-003
    1.995000000000000        5.4831404733681541E-003
    2.000000000000000        5.3872699305617120E-003
    2.005000000000000        5.2392259668109649E-003
    2.010000000000000        5.0370541874722106E-003
    2.015000000000000        4.7799557192523370E-003
    2.020000000000000        4.4683214377069991E-003
    2.025000000000000        4.1037180370821984E-003
    2.030000000000000        3.6888430880049223E-003
    2.035000000000000        3.2274656952263103E-003
    2.040000000000000        2.7243597117664162E-003
    2.045000000000000        2.1852316540099528E-003
    2.050000000000000        1.6166471351302548E-003
    2.055000000000000        1.0259466961090153E-003
    2.060000000000000        4.2113550659876751E-004
    2.065000000000000       -1.8926039164841548E-004
    2.070000000000000       -7.9637377935591029E-004
    2.075000000000000       -1.3912078338872127E-003
    2.080000000000000       -1.9648735629758246E-003
    2.085000000000000       -2.5088374035348950E-003
    2.090000000000000       -3.0151524007857002E-003
    2.095000000000000       -3.4766565364477833E-003
    2.100000000000000       -3.8871394347951140E-003
    2.105000000000000       -4.2414857359039111E-003
    2.110000000000000       -4.5357894817005642E-003
    2.115000000000000       -4.7674229956823826E-003
    2.120000000000000       -4.9350487670611951E-003
    2.125000000000000       -5.0385668088787234E-003
    2.130000000000000       -5.0789980008992206E-003
    2.135000000000000       -5.0583173663017771E-003
    2.140000000000000       -4.9792560528645140E-003
    2.145000000000000       -4.8450869247134740E-003
    2.150000000000000       -4.6594127789821265E-003
    2.155000000000000       -4.4259774773235812E-003
    2.160000000000000       -4.1485183931172225E-003
    2.165000000000000       -3.8306677037832939E-003
    2.170000000000000       -3.4759059581954221E-003
    2.175000000000000       -3.0875731468467609E-003
    2.180000000000000       -2.6689269602234567E-003
    2.185000000000000       -2.2232264839495279E-003
    2.190000000000000       -1.7538245551953269E-003
    2.195000000000000       -1.2642534900564417E-003
    2.200000000000000       -7.5828680076422570E-004
    2.205000000000000       -2.3997718204930782E-004
    2.210000000000000        2.8632942623147422E-004
    2.215000000000000        8.1600346331226277E-004
    2.220000000000000        1.3441617573715297E-003
    2.225000000000000        1.8657214202248941E-003
    2.230000000000000        2.3754755761215383E-003
    2.235000000000000        2.8681912910916797E-003
    2.240000000000000        3.3387263542961798E-003
    2.245000000000000        3.7821519301221995E-003
    2.250000000000000        4.1938733311032070E-003
    2.255000000000000        4.5697342820168778E-003
    2.260000000000000        4.9060940503269261E-003
    2.265000000000000        5.1998732706182773E-003
    2.270000000000000        5.4485636019216610E-003
    2.275000000000000        5.6502001175736396E-003
    2.280000000000000        5.8033054433024089E-003
    2.285000000000000        5.9068237426196006E-003
    2.290000000000000        5.9600607872126554E-003
    2.295000000000000        5.9626532760213280E-003
    2.300000000000000        5.9145805606407551E-003
    2.305000000000000        5.8162145962886704E-003
    2.310000000000000        5.6683848807765811E-003
    2.315000000000000        5.4724249977720083E-003
    2.320000000000000        5.2301869737702606E-003
    2.325000000000000        4.9440265236273104E-003
    2.330000000000000        4.6167730598203649E-003
    2.335000000000000        4.2517063008785811E-003
    2.340000000000000        3.8525482005108991E-003
    2.345000000000000        3.4234627987642123E-003
    2.350000000000000        2.9690333646766085E-003
    2.355000000000000        2.4941917937445006E-003
    2.360000000000000        2.0041034709905459E-003
    2.365000000000000        1.5040154627361528E-003
    2.370000000000000        9.9910179508561381E-004
    2.375000000000000        4.9432691306349055E-004
    2.380000000000000       -5.6651538875151068E-006
    2.385000000000000       -4.9662210694674318E-004
    2.390000000000000       -9.7472073422889345E-004
    2.395000000000000       -1.4365708729508329E-003
    2.400000000000000       -1.8791851524025336E-003
    2.405000000000000       -2.2999297672916135E-003
    2.410000000000000       -2.6964686840065415E-003
    2.415000000000000       -3.0667102048716592E-003
    2.420000000000000       -3.4087701313442507E-003
    2.425000000000000       -3.7209548825404601E-003
    2.430000000000000       -4.0017602639245453E-003
    2.435000000000000       -4.2498703207246171E-003
    2.440000000000000       -4.4641456108051045E-003
    2.445000000000000       -4.6435981758158302E-003
    2.450000000000000       -4.7873483897246967E-003
    2.455000000000000       -4.8945700355797541E-003
    2.460000000000000       -4.9644312768235768E-003
    2.465000000000000       -4.9960387315374390E-003
    2.470000000000000       -4.9883943699334576E-003
    2.475000000000000       -4.9403661162277501E-003
    2.480000000000000       -4.8506685699679783E-003
    2.485000000000000       -4.7178538493884137E-003
    2.490000000000000       -4.5403060414438157E-003
    2.495000000000000       -4.3162517416372594E-003
    2.500000000000000       -4.0437987488711435E-003
    2.505000000000000       -3.7210014875619524E-003
    2.510000000000000       -3.3459583612240746E-003
    2.515000000000000       -2.9169332360729658E-003
    2.520000000000000       -2.4324782813347707E-003
    2.525000000000000       -1.8915454639664572E-003
    2.530000000000000       -1.2935910549911447E-003
    2.535000000000000       -6.3868411023040084E-004
    2.540000000000000        7.2372513525336206E-005
    2.545000000000000        8.3791211044754199E-004
    2.550000000000000        1.6552768680968708E-003
    2.555000000000000        2.5207237648225291E-003
    2.560000000000000        3.4293987344993893E-003
    2.565000000000000        4.3753921024149980E-003
    2.570000000000000        5.3518614964253430E-003
    2.575000000000000        6.3512001288785385E-003
    2.580000000000000        7.3652150380110513E-003
    2.585000000000000        8.3852874848819106E-003
    2.590000000000000        9.4025138428910573E-003
    2.595000000000000        1.0407828153183347E-002
    2.600000000000000        1.1392111927771478E-002
    2.605000000000000        1.2346293766028125E-002
    2.610000000000000        1.3261439590983466E-002
    2.615000000000000        1.4128845388929627E-002
    2.620000000000000        1.4940145445811850E-002
    2.625000000000000        1.5687451747782388E-002
    2.630000000000000        1.6363531132186761E-002
    2.635000000000000        1.6962004921668827E-002
    2.640000000000000        1.7477545764639375E-002
    2.645000000000000        1.7906056502743035E-002
    2.650000000000000        1.8244819688948166E-002
    2.655000000000000        1.8492620796295597E-002
    2.660000000000000        1.8649842643117973E-002
    2.665000000000000        1.8718514437652500E-002
    2.670000000000000        1.8702300928082138E-002
    2.675000000000000        1.8606429939881796E-002
    2.680000000000000        1.8437549135336667E-002
    2.685000000000000        1.8203513325670217E-002
    2.690000000000000        1.7913118459238378E-002
    2.695000000000000        1.7575780693217746E-002
    2.700000000000000        1.7201186152146855E-002
    2.705000000000000        1.6798941786425869E-002
    2.710000000000000        1.6378244430622000E-002
    2.715000000000000        1.5947594562856102E-002
    2.720000000000000        1.5514573440545445E-002
    2.725000000000000        1.5085688198570788E-002
    2.730000000000000        1.4666277119627578E-002
    2.735000000000000        1.4260469574573644E-002
    2.740000000000000        1.3871191239381162E-002
    2.745000000000000        1.3500203570745983E-002
    2.750000000000000        1.3148175993802214E-002
    2.755000000000000        1.2814785392406081E-002
    2.760000000000000        1.2498842258489746E-002
    2.765000000000000        1.2198444308163885E-002
    2.770000000000000        1.1911159719591111E-002
    2.775000000000000        1.1634231595450537E-002
    2.780000000000000        1.1364787736280078E-002
    2.785000000000000        1.1100038709996187E-002
    2.790000000000000        1.0837448240590806E-002
    2.795000000000000        1.0574854150355200E-002
    2.800000000000000        1.0310526127596127E-002
    2.805000000000000        1.0043164603540076E-002
    2.810000000000000        9.7718486385198755E-003
    2.815000000000000        9.4959445349883627E-003
    2.820000000000000        9.2149909241617252E-003
    2.825000000000000        8.9285823143379552E-003
    2.830000000000000        8.6362661327106220E-003
    2.835000000000000        8.3374613708983372E-003
    2.840000000000000        8.0314076202296665E-003
    2.845000000000000        7.7171507095582914E-003
    2.850000000000000        7.3935643627669645E-003
    2.855000000000000        7.0594067462688725E-003
    2.860000000000000        6.7134006282611853E-003
    2.865000000000000        6.3543182602430317E-003
    2.870000000000000        5.9810608408622281E-003
    2.875000000000000        5.5927237253616706E-003
    2.880000000000000        5.1886485894792589E-003
    2.885000000000000        4.7684669718569879E-003
    2.890000000000000        4.3321365595152104E-003
    2.895000000000000        3.8799761678279676E-003
    2.900000000000000        3.4126907840264953E-003
    2.905000000000000        2.9313727449605569E-003
    2.910000000000000        2.4374740105673935E-003
    2.915000000000000        1.9327490471316411E-003
    2.920000000000000        1.4191808446851497E-003
    2.925000000000000        8.9889327496923936E-004
    2.930000000000000        3.7405712230733235E-004
    2.935000000000000       -1.5319425607257930E-004
    2.940000000000000       -6.8083338057470408E-004
    2.945000000000000       -1.2069842994055642E-003
    2.950000000000000       -1.7299438245931813E-003
    2.955000000000000       -2.2481860810858776E-003
    2.960000000000000       -2.7603509987354959E-003
    2.965000000000000       -3.2652031361268441E-003
    2.970000000000000       -3.7615475021816716E-003
    2.975000000000000       -4.2481035262652176E-003
    2.980000000000000       -4.7233770819338581E-003
    2.985000000000000       -5.1855748922017035E-003
    2.990000000000000       -5.6325830770898371E-003
    2.995000000000000       -6.0620162838699994E-003
    3.000000000000000       -6.4713151592204010E-003
    3.005000000000000       -6.8578671104580922E-003
    3.010000000000000       -7.2191351943352489E-003
    3.015000000000000       -7.5527749199948255E-003
    3.020000000000000       -7.8567303629400840E-003
    3.025000000000000       -8.1293073188116018E-003
    3.030000000000000       -8.3692149289509796E-003
    3.035000000000000       -8.5755823625364922E-003
    3.040000000000000       -8.7479508875074323E-003
    3.045000000000000       -8.8862438525219307E-003
    3.050000000000000       -8.9907308947339164E-003
    3.055000000000000       -9.0619913807985668E-003
    3.060000000000000       -9.1008894190252363E-003
    3.065000000000000       -9.1085685123221065E-003
    3.070000000000000       -9.0864690928883824E-003
    3.075000000000000       -9.0363615417356051E-003
    3.080000000000000       -8.9603831029109404E-003
    3.085000000000000       -8.8610671859452435E-003
    3.090000000000000       -8.7413457024812509E-003
    3.095000000000000       -8.6045100438682613E-003
    3.100000000000000       -8.4541210655082306E-003
    3.105000000000000       -8.2938682770587864E-003
    3.110000000000000       -8.1273873333697502E-003
    3.115000000000000       -7.9580562223198781E-003
    3.120000000000000       -7.7887919754983397E-003
    3.125000000000000       -7.6218719255710399E-003
    3.130000000000000       -7.4588016548886085E-003
    3.135000000000000       -7.3002370764885081E-003
    3.140000000000000       -7.1459619456415702E-003
    3.145000000000000       -6.9949243206508305E-003
    3.150000000000000       -6.8453278650634104E-003
    3.155000000000000       -6.6947706517726413E-003
    3.160000000000000       -6.5404269565862219E-003
    3.165000000000000       -6.3792567591093539E-003
    3.170000000000000       -6.2082244672169491E-003
    3.175000000000000       -6.0245158588465086E-003
    3.180000000000000       -5.8257368104241110E-003
    3.185000000000000       -5.6100759503945943E-003
    3.190000000000000       -5.3764230320190274E-003
    3.195000000000000       -5.1244260621904134E-003
    3.200000000000000       -4.8544817654202452E-003
    3.205000000000000       -4.5676784828855119E-003
    3.210000000000000       -4.2657305871308200E-003
    3.215000000000000       -3.9509358930280577E-003
    3.220000000000000       -3.6261553996479403E-003
    3.225000000000000       -3.2947915148055005E-003
    3.230000000000000       -2.9607351838127141E-003
    3.235000000000000       -2.6282810740247120E-003
    3.240000000000000       -2.3020179867129089E-003
    3.245000000000000       -1.9867085077770636E-003
    3.250000000000000       -1.6871839295480253E-003
    3.255000000000000       -1.4082630827655946E-003
    3.260000000000000       -1.1546954531484965E-003
    3.265000000000000       -9.3112461604275349E-004
    3.270000000000000       -7.4205532695827348E-004
    3.275000000000000       -5.9181097842260852E-004
    3.280000000000000       -4.8446763009370573E-004
    3.285000000000000       -4.2375742094521662E-004
    3.290000000000000       -4.1294876341933806E-004
    3.295000000000000       -4.5472197668394134E-004
    3.300000000000000       -5.5105334539610027E-004
    3.305000000000000       -7.0311462226899968E-004
    3.310000000000000       -9.1119771375908414E-004
    3.315000000000000       -1.1746623237940998E-003
    3.320000000000000       -1.4919070862193806E-003
    3.325000000000000       -1.8603699110383886E-003
    3.330000000000000       -2.2765552513745564E-003
    3.335000000000000       -2.7360771478974462E-003
    3.340000000000000       -3.2337073269695678E-003
    3.345000000000000       -3.7634246543344387E-003
    3.350000000000000       -4.3184700288069280E-003
    3.355000000000000       -4.8914163715039614E-003
    3.360000000000000       -5.4742669139251454E-003
    3.365000000000000       -6.0585843261727277E-003
    3.370000000000000       -6.6356429064785161E-003
    3.375000000000000       -7.1966007688375342E-003
    3.380000000000000       -7.7326884947313754E-003
    3.385000000000000       -8.2354094676418974E-003
    3.390000000000000       -8.6967416705741947E-003
    3.395000000000000       -9.1093319411971532E-003
    3.400000000000000       -9.4666751690891680E-003
    3.405000000000000       -9.7632761849016205E-003
    3.410000000000000       -9.9947897097583827E-003
    3.415000000000000       -1.0158130790164419E-002
    3.420000000000000       -1.0251539327017447E-002
    3.425000000000000       -1.0274587582125032E-002
    3.430000000000000       -1.0228129422486323E-002
    3.435000000000000       -1.0114186615322971E-002
    3.440000000000000       -9.9357747538319696E-003
    3.445000000000000       -9.6966813564476180E-003
    3.450000000000000       -9.4012196996779025E-003
    3.455000000000000       -9.0539837615579621E-003
    3.460000000000000       -8.6596336834615784E-003
    3.465000000000000       -8.2227339199030958E-003
    3.470000000000000       -7.7476535819553032E-003
    3.475000000000000       -7.2385341016155245E-003
    3.480000000000000       -6.6993152913591434E-003
    3.485000000000000       -6.1338105020079841E-003
    3.490000000000000       -5.5458196336629246E-003
    3.495000000000000       -4.9392597045899862E-003
    3.500000000000000       -4.3182904579988923E-003
    3.505000000000000       -3.6874158643070611E-003
    3.510000000000000       -3.0515583293164101E-003
    3.515000000000000       -2.4161040111668819E-003
    3.520000000000000       -1.7869132734604499E-003
    3.525000000000000       -1.1702938694985179E-003
    3.530000000000000       -5.7293228282834621E-004
    3.535000000000000       -1.7818136261178299E-006
    3.540000000000000        5.3608681918445455E-004
    3.545000000000000        1.0336657091460555E-003
    3.550000000000000        1.4842130552030701E-003
    3.555000000000000        1.8814570062949896E-003
    3.560000000000000        2.2197899352803221E-003
    3.565000000000000        2.4944485766012470E-003
    3.570000000000000        2.7016633221225765E-003
    3.575000000000000        2.8387765089854501E-003
    3.580000000000000        2.9043298537644002E-003
    3.585000000000000        2.8981207140343015E-003
    3.590000000000000        2.8212260232661347E-003
    3.595000000000000        2.6759956005676813E-003
    3.600000000000000        2.4660142653930990E-003
    3.605000000000000        2.1960289905669934E-003
    3.610000000000000        1.8718364126685598E-003
    3.615000000000000        1.5001243924851013E-003
    3.620000000000000        1.0882674947607649E-003
    3.625000000000000        6.4408637656304979E-004
    3.630000000000000        1.7559245456808005E-004
    3.635000000000000       -3.0926061473203008E-004
    3.640000000000000       -8.0280195245030335E-004
    3.645000000000000       -1.2978254062322416E-003
    3.650000000000000       -1.7877198908590433E-003
    3.655000000000000       -2.2665450755012544E-003
    3.660000000000000       -2.7290532895622803E-003
    3.665000000000000       -3.1706669966040213E-003
    3.670000000000000       -3.5874115384831828E-003
    3.675000000000000       -3.9758064681758034E-003
    3.680000000000000       -4.3327314439119080E-003
    3.685000000000000       -4.6552867371032285E-003
    3.690000000000000       -4.9406652189108389E-003
    3.695000000000000       -5.1860506655127558E-003
    3.700000000000000       -5.3885581539568994E-003
    3.705000000000000       -5.5452244816448957E-003
    3.710000000000000       -5.6530538127469825E-003
    3.715000000000000       -5.7091152133884036E-003
    3.720000000000000       -5.7106809006088763E-003
    3.725000000000000       -5.6553905616270956E-003
    3.730000000000000       -5.5414138609493317E-003
    3.735000000000000       -5.3675813462846911E-003
    3.740000000000000       -5.1334667291521274E-003
    3.745000000000000       -4.8394107173819725E-003
    3.750000000000000       -4.4864959539370624E-003
    3.755000000000000       -4.0764959173208766E-003
    3.760000000000000       -3.6118133962212413E-003
    3.765000000000000       -3.0954214904822015E-003
    3.770000000000000       -2.5308003728560342E-003
    3.775000000000000       -1.9218668503196374E-003
    3.780000000000000       -1.2729066362469950E-003
    3.785000000000000       -5.8850637980602798E-004
    3.790000000000000        1.2651592959776747E-004
    3.795000000000000        8.6717933849181250E-004
    3.800000000000000        1.6284060411976277E-003
    3.805000000000000        2.4050831450519556E-003
    3.810000000000000        3.1921173717627149E-003
    3.815000000000000        3.9844699650134775E-003
    3.820000000000000        4.7771677748467232E-003
    3.825000000000000        5.5652939195474138E-003
    3.830000000000000        6.3439587470816221E-003
    3.835000000000000        7.1082586646843628E-003
    3.840000000000000        7.8532260482064569E-003
    3.845000000000000        8.5737758064598566E-003
    3.850000000000000        9.2646568450351445E-003
    3.855000000000000        9.9204169274547382E-003
    3.860000000000000        1.0535388889260746E-002
    3.865000000000000        1.1103696303001851E-002
    3.870000000000000        1.1619282140316467E-002
    3.875000000000000        1.2075962912209153E-002
    3.880000000000000        1.2467506145746046E-002
    3.885000000000000        1.2787734178987398E-002
    3.890000000000000        1.3030654363866274E-002
    3.895000000000000        1.3190605179843760E-002
    3.900000000000000        1.3262408642573573E-002
    3.905000000000000        1.3241524856145555E-002
    3.910000000000000        1.3124198660378619E-002
    3.915000000000000        1.2907588437034567E-002
    3.920000000000000        1.2589871834647273E-002
    3.925000000000000        1.2170318258588726E-002
    3.930000000000000        1.1649315999387504E-002
    3.935000000000000        1.1028353271117262E-002
    3.940000000000000        1.0309967272557057E-002
    3.945000000000000        9.4976765848265892E-003
    3.950000000000000        8.5959106221601189E-003
    3.955000000000000        7.6099520935425327E-003
    3.960000000000000        6.5458903688866847E-003
    3.965000000000000        5.4105834283946557E-003
    3.970000000000000        4.2116162820341474E-003
    3.975000000000000        2.9572341967908837E-003
    3.980000000000000        1.6562483142194473E-003
    3.985000000000000        3.1791304100949347E-004
    3.990000000000000       -1.0482174921221634E-003
    3.995000000000000       -2.4324367429425302E-003
    4.000000000000000       -3.8250224026500419E-003
