    0.000000000000000         2.535571987450185     
   5.0000000000000000E-003    2.526256400667171     
   1.0000000000000000E-002    2.498513564306297     
   1.5000000000000000E-002    2.452978483496672     
   2.0000000000000000E-002    2.390669077243938     
   2.5000000000000000E-002    2.312931049780600     
   3.0000000000000000E-002    2.221370522675386     
   3.5000000000000004E-002    2.117781403497947     
   4.0000000000000000E-002    2.004073626824749     
   4.5000000000000000E-002    1.882206879742480     
   5.0000000000000000E-002    1.754132704099501     
   5.5000000000000000E-002    1.621746344641579     
   6.0000000000000000E-002    1.486848546695730     
   6.5000000000000000E-002    1.351116746043114     
   7.0000000000000009E-002    1.216084679052568     
   7.5000000000000000E-002    1.083129259881606     
   8.0000000000000000E-002   0.9534635395109675     
   8.5000000000000000E-002   0.8281346391191772     
   9.0000000000000000E-002   0.7080256932940832     
   9.5000000000000000E-002   0.5938609926463624     
   0.1000000000000000        0.4862136219542113     
   0.1050000000000000        0.3855149389132721     
   0.1100000000000000        0.2920652748951146     
   0.1150000000000000        0.2060453301026221     
   0.1200000000000000        0.1275278787341956     
   0.1250000000000000        5.6489501820082388E-002
   0.1300000000000000       -7.1778704280663188E-003
   0.1350000000000000       -6.3655772696896555E-002
   0.1400000000000000       -0.1131884990227916     
   0.1450000000000000       -0.1560729558460782     
   0.1500000000000000       -0.1926491119059067     
   0.1550000000000000       -0.2232910662509875     
   0.1600000000000000       -0.2483987491542996     
   0.1650000000000000       -0.2683902773109503     
   0.1700000000000000       -0.2836949757802033     
   0.1750000000000000       -0.2947470461251763     
   0.1800000000000000       -0.3019798390101720     
   0.1850000000000000       -0.3058207008401666     
   0.1900000000000000       -0.3066863877953380     
   0.1950000000000000       -0.3049790558164557     
   0.2000000000000000       -0.3010828267414114     
   0.2050000000000000       -0.2953609155353263     
   0.2100000000000000       -0.2881533027091133     
   0.2150000000000000       -0.2797749313533711     
   0.2200000000000000       -0.2705144093391806     
   0.2250000000000000       -0.2606331942791198     
   0.2300000000000000       -0.2503652407844339     
   0.2350000000000000       -0.2399170737109608     
   0.2400000000000000       -0.2294682357675787     
   0.2450000000000000       -0.2191720589718610     
   0.2500000000000000       -0.2091567075558245     
   0.2550000000000000       -0.1995264476362806     
   0.2600000000000000       -0.1903631000395126     
   0.2650000000000000       -0.1817276429694099     
   0.2700000000000000       -0.1736619293230691     
   0.2750000000000000       -0.1661904798627378     
   0.2800000000000000       -0.1593223204274763     
   0.2850000000000001       -0.1530528445929437     
   0.2900000000000000       -0.1473656883559499     
   0.2950000000000000       -0.1422346051609510     
   0.3000000000000000       -0.1376253267134108     
   0.3050000000000000       -0.1334973745691159     
   0.3100000000000000       -0.1298057855644883     
   0.3150000000000000       -0.1265027143401488     
   0.3200000000000000       -0.1235388812502739     
   0.3250000000000000       -0.1208648547949865     
   0.3300000000000000       -0.1184321650453382     
   0.3350000000000000       -0.1161942414410662     
   0.3400000000000000       -0.1141071725955364     
   0.3450000000000000       -0.1121302885460892     
   0.3500000000000000       -0.1102265781270850     
   0.3550000000000000       -0.1083629626088813     
   0.3600000000000000       -0.1065104573557016     
   0.3650000000000000       -0.1046442568426237     
   0.3700000000000000       -0.1027437640884751     
   0.3750000000000000       -0.1007925713797595     
   0.3800000000000000       -9.8778383367031672E-002
   0.3850000000000000       -9.6692865484523178E-002
   0.3900000000000000       -9.4531406838131371E-002
   0.3950000000000000       -9.2292798725493270E-002
   0.4000000000000000       -8.9978855785954401E-002
   0.4050000000000001       -8.7594021313056700E-002
   0.4100000000000001       -8.5144977658968131E-002
   0.4150000000000000       -8.2640272869602462E-002
   0.4200000000000000       -8.0089969620213264E-002
   0.4250000000000000       -7.7505309416738344E-002
   0.4300000000000000       -7.4898390619124280E-002
   0.4350000000000000       -7.2281859051427535E-002
   0.4400000000000000       -6.9668613425451431E-002
   0.4450000000000000       -6.7071523940084798E-002
   0.4500000000000000       -6.4503156176862086E-002
   0.4550000000000000       -6.1975502465876815E-002
   0.4600000000000001       -5.9499726241080930E-002
   0.4650000000000000       -5.7085934071331570E-002
   0.4700000000000000       -5.4742989214812932E-002
   0.4750000000000000       -5.2478386032705249E-002
   0.4800000000000000       -5.0298192873689800E-002
   0.4850000000000000       -4.8207052730918054E-002
   0.4900000000000000       -4.6208226967454165E-002
   0.4950000000000000       -4.4303666601293124E-002
   0.5000000000000000       -4.2494101077975035E-002
   0.5050000000000000       -4.0779136480644382E-002
   0.5100000000000000       -3.9157362115968324E-002
   0.5150000000000000       -3.7626466297593506E-002
   0.5200000000000000       -3.6183346928638844E-002
   0.5250000000000000       -3.4824205935451240E-002
   0.5300000000000001       -3.3544631073734612E-002
   0.5350000000000001       -3.2339675877708225E-002
   0.5400000000000000       -3.1203958355901973E-002
   0.5450000000000000       -3.0131797363637580E-002
   0.5500000000000000       -2.9117388727034843E-002
   0.5550000000000001       -2.8155016791853299E-002
   0.5600000000000001       -2.7239281289656962E-002
   0.5650000000000000       -2.6365323697705167E-002
   0.5700000000000001       -2.5529044181214164E-002
   0.5750000000000001       -2.4727291946585082E-002
   0.5800000000000000       -2.3958020554267714E-002
   0.5850000000000000       -2.3220391651066414E-002
   0.5899999999999999       -2.2514816886519209E-002
   0.5949999999999999       -2.1842936135713344E-002
   0.6000000000000000       -2.1207533636067994E-002
   0.6050000000000000       -2.0612392429991950E-002
   0.6100000000000000       -2.0062086680992159E-002
   0.6150000000000000       -1.9561724308756235E-002
   0.6200000000000000       -1.9116648843285644E-002
   0.6250000000000000       -1.8732120930706323E-002
   0.6300000000000000       -1.8413012037141838E-002
   0.6350000000000000       -1.8163527402518493E-002
   0.6400000000000000       -1.7986967930746611E-002
   0.6450000000000000       -1.7885530822045769E-002
   0.6500000000000000       -1.7860152774811278E-002
   0.6550000000000001       -1.7910406759250326E-002
   0.6600000000000001       -1.8034460162971754E-002
   0.6650000000000000       -1.8229090573281484E-002
   0.6700000000000000       -1.8489742970384100E-002
   0.6750000000000000       -1.8810615394487817E-002
   0.6800000000000001       -1.9184761335392519E-002
   0.6850000000000001       -1.9604211134551083E-002
   0.6900000000000000       -2.0060124879986749E-002
   0.6950000000000001       -2.0542981929597688E-002
   0.7000000000000001       -2.1042807681648812E-002
   0.7050000000000000       -2.1549425598498235E-002
   0.7100000000000000       -2.2052719190696459E-002
   0.7149999999999999       -2.2542893044373531E-002
   0.7199999999999999       -2.3010719959499064E-002
   0.7250000000000000       -2.3447754220604122E-002
   0.7300000000000000       -2.3846491896656969E-002
   0.7350000000000000       -2.4200468528874004E-002
   0.7400000000000000       -2.4504305316636361E-002
   0.7450000000000000       -2.4753725224068228E-002
   0.7500000000000000       -2.4945547235304231E-002
   0.7550000000000000       -2.5077658805316529E-002
   0.7600000000000000       -2.5148961209984337E-002
   0.7650000000000000       -2.5159294948697171E-002
   0.7700000000000000       -2.5109353488940735E-002
   0.7750000000000000       -2.5000593006921963E-002
   0.7800000000000001       -2.4835160190591883E-002
   0.7850000000000001       -2.4615847940009905E-002
   0.7900000000000000       -2.4346082251094794E-002
   0.7950000000000000       -2.4029934929968952E-002
   0.8000000000000000       -2.3672144564468520E-002
   0.8050000000000001       -2.3278124540580603E-002
   0.8100000000000001       -2.2853944024696182E-002
   0.8150000000000000       -2.2406259439129079E-002
   0.8200000000000001       -2.1942185436002086E-002
   0.8250000000000000       -2.1469107548627853E-002
   0.8300000000000001       -2.0994442750116198E-002
   0.8350000000000000       -2.0525367564399528E-002
   0.8400000000000000       -2.0068537806163214E-002
   0.8449999999999999       -1.9629823541608808E-002
   0.8500000000000000       -1.9214075781530688E-002
   0.8550000000000001       -1.8824936922505099E-002
   0.8600000000000000       -1.8464702872260974E-002
   0.8650000000000000       -1.8134250160404342E-002
   0.8699999999999999       -1.7833051829866231E-002
   0.8750000000000000       -1.7559295350217507E-002
   0.8800000000000001       -1.7310099741276965E-002
   0.8850000000000000       -1.7081813537093087E-002
   0.8900000000000000       -1.6870350989513351E-002
   0.8949999999999999       -1.6671519675866646E-002
   0.9000000000000000       -1.6481306379894529E-002
   0.9050000000000001       -1.6296105377314256E-002
   0.9100000000000000       -1.6112882873464686E-002
   0.9150000000000000       -1.5929277818683165E-002
   0.9200000000000001       -1.5743643433713792E-002
   0.9250000000000000       -1.5555034541952999E-002
   0.9300000000000001       -1.5363157209638159E-002
   0.9350000000000001       -1.5168298804349418E-002
   0.9400000000000000       -1.4971253662365531E-002
   0.9450000000000001       -1.4773255242316297E-002
   0.9500000000000000       -1.4575918134614470E-002
   0.9550000000000001       -1.4381193735045350E-002
   0.9600000000000000       -1.4191336176404768E-002
   0.9650000000000000       -1.4008872140837743E-002
   0.9699999999999999       -1.3836568291899607E-002
   0.9750000000000000       -1.3677390608044906E-002
   0.9800000000000001       -1.3534447621254586E-002
   0.9850000000000000       -1.3410905120689376E-002
   0.9900000000000000       -1.3309865390486291E-002
   0.9949999999999999       -1.3234214382405238E-002
    1.000000000000000       -1.3186454391684375E-002
    1.005000000000000       -1.3168557275052148E-002
    1.010000000000000       -1.3181849739716844E-002
    1.015000000000000       -1.3226926961066137E-002
    1.020000000000000       -1.3303599154374597E-002
    1.025000000000000       -1.3410872178683972E-002
    1.030000000000000       -1.3546962762351309E-002
    1.035000000000000       -1.3709345604675718E-002
    1.040000000000000       -1.3894805908752794E-002
    1.045000000000000       -1.4099460310018072E-002
    1.050000000000000       -1.4318755385435651E-002
    1.055000000000000       -1.4547531582580739E-002
    1.060000000000000       -1.4780240948086732E-002
    1.065000000000000       -1.5011276498357653E-002
    1.070000000000000       -1.5235267610585139E-002
    1.075000000000000       -1.5447251592035434E-002
    1.080000000000000       -1.5642723500305604E-002
    1.085000000000000       -1.5817609793493177E-002
    1.090000000000000       -1.5968204454586088E-002
    1.095000000000000       -1.6091093206344014E-002
    1.100000000000000       -1.6183087140369567E-002
    1.105000000000000       -1.6241173547979852E-002
    1.110000000000000       -1.6262486240468411E-002
    1.115000000000000       -1.6244289816749835E-002
    1.120000000000000       -1.6183976542014308E-002
    1.125000000000000       -1.6079078208485809E-002
    1.130000000000000       -1.5927289583824957E-002
    1.135000000000000       -1.5726514181195750E-002
    1.140000000000000       -1.5474933269130577E-002
    1.145000000000000       -1.5171092132951385E-002
    1.150000000000000       -1.4814009520756521E-002
    1.155000000000000       -1.4403308742518117E-002
    1.160000000000000       -1.3939370229955665E-002
    1.165000000000000       -1.3423509120277410E-002
    1.170000000000000       -1.2858167950441066E-002
    1.175000000000000       -1.2247107938353397E-002
    1.180000000000000       -1.1595591646518313E-002
    1.185000000000000       -1.0910534669077849E-002
    1.190000000000000       -1.0200592629102554E-002
    1.195000000000000       -9.4761558344177761E-003
    1.200000000000000       -8.7492208141466214E-003
    1.205000000000000       -8.0331149821550412E-003
    1.210000000000000       -7.3420868728425512E-003
    1.215000000000000       -6.6908040806987668E-003
    1.220000000000000       -6.0938067315725117E-003
    1.225000000000000       -5.5649628282206498E-003
    1.230000000000000       -5.1169591223335633E-003
    1.235000000000000       -4.7608412721528746E-003
    1.240000000000000       -4.5056181634608663E-003
    1.245000000000000       -4.3579537929523449E-003
    1.250000000000000       -4.3219675515447840E-003
    1.255000000000000       -4.3991546807001152E-003
    1.260000000000000       -4.5884189919641187E-003
    1.265000000000000       -4.8861821052050534E-003
    1.270000000000000       -5.2865396473000708E-003
    1.275000000000000       -5.7814332037101632E-003
    1.280000000000000       -6.3608268617522494E-003
    1.285000000000000       -7.0128956178456754E-003
    1.290000000000000       -7.7242267045926987E-003
    1.295000000000000       -8.4800472301264485E-003
    1.300000000000000       -9.2644846631184823E-003
    1.305000000000000       -1.0060863674857525E-002
    1.310000000000000       -1.0852034864421343E-002
    1.315000000000000       -1.1620733311174223E-002
    1.320000000000000       -1.2349960599800731E-002
    1.325000000000000       -1.3023372708674157E-002
    1.330000000000000       -1.3625658964963130E-002
    1.335000000000000       -1.4142893267600707E-002
    1.340000000000000       -1.4562843015127315E-002
    1.345000000000000       -1.4875218982686129E-002
    1.350000000000000       -1.5071849733445219E-002
    1.355000000000000       -1.5146779837543924E-002
    1.360000000000000       -1.5096298590848072E-002
    1.365000000000000       -1.4918916151241188E-002
    1.370000000000000       -1.4615303894198206E-002
    1.375000000000000       -1.4188216289774250E-002
    1.380000000000000       -1.3642405014350429E-002
    1.385000000000000       -1.2984520297924589E-002
    1.390000000000000       -1.2222988433124571E-002
    1.395000000000000       -1.1367858379349836E-002
    1.400000000000000       -1.0430604326356958E-002
    1.405000000000000       -9.4238826632984090E-003
    1.410000000000000       -8.3612596762324554E-003
    1.415000000000000       -7.2569226051255793E-003
    1.420000000000000       -6.1253872369733404E-003
    1.425000000000000       -4.9812088531746355E-003
    1.430000000000000       -3.8387005677103069E-003
    1.435000000000000       -2.7116619412760179E-003
    1.440000000000000       -1.6131244497431306E-003
    1.445000000000000       -5.5512347500580761E-004
    1.450000000000000        4.5149440064463926E-004
    1.455000000000000        1.3972254361337204E-003
    1.460000000000000        2.2740198142818455E-003
    1.465000000000000        3.0753439944326804E-003
    1.470000000000000        3.7961995802586501E-003
    1.475000000000000        4.4331037217227447E-003
    1.480000000000000        4.9840428894337627E-003
    1.485000000000000        5.4484071693072131E-003
    1.490000000000000        5.8269096969471263E-003
    1.495000000000000        6.1214987292160270E-003
    1.500000000000000        6.3352645305132320E-003
    1.505000000000000        6.4723396303460206E-003
    1.510000000000000        6.5377861869746701E-003
    1.515000000000000        6.5374598224910718E-003
    1.520000000000000        6.4778490184814475E-003
    1.525000000000000        6.3658925852892025E-003
    1.530000000000000        6.2087826686247825E-003
    1.535000000000000        6.0137771162621334E-003
    1.540000000000000        5.7880368636297757E-003
    1.545000000000000        5.5384891289279352E-003
    1.550000000000000        5.2717139324765032E-003
    1.555000000000000        4.9938461952313826E-003
    1.560000000000000        4.7104832221037816E-003
    1.565000000000000        4.4265991291403894E-003
    1.570000000000000        4.1464660915128437E-003
    1.575000000000000        3.8735908895999138E-003
    1.580000000000000        3.6106696201818060E-003
    1.585000000000000        3.3595640911751889E-003
    1.590000000000000        3.1213002322358556E-003
    1.595000000000000        2.8960786631122835E-003
    1.600000000000000        2.6832942866384553E-003
    1.605000000000000        2.4815664063894891E-003
    1.610000000000000        2.2887890794597823E-003
    1.615000000000000        2.1022188311419292E-003
    1.620000000000000        1.9186200934037744E-003
    1.625000000000000        1.7344657787405491E-003
    1.630000000000000        1.5461800872162250E-003
    1.635000000000000        1.3504029849921786E-003
    1.640000000000000        1.1442480061144624E-003
    1.645000000000000        9.2553172746286485E-004
    1.650000000000000        6.9296058734192929E-004
    1.655000000000000        4.4627144358457329E-004
    1.660000000000000        1.8631492090863912E-004
    1.665000000000000       -8.4920204495697895E-005
    1.670000000000000       -3.6433602398176950E-004
    1.675000000000000       -6.4781000257684429E-004
    1.680000000000000       -9.3032878346826706E-004
    1.685000000000000       -1.2061568278961274E-003
    1.690000000000000       -1.4690231870219536E-003
    1.695000000000000       -1.7123179078038686E-003
    1.700000000000000       -1.9292891633349763E-003
    1.705000000000000       -2.1132351589839646E-003
    1.710000000000000       -2.2576922593590552E-003
    1.715000000000000       -2.3566207274934854E-003
    1.720000000000000       -2.4045862909052227E-003
    1.725000000000000       -2.3969352016689927E-003
    1.730000000000000       -2.3299528206590772E-003
    1.735000000000000       -2.2009973240982745E-003
    1.740000000000000       -2.0086153739901440E-003
    1.745000000000000       -1.7526355251788743E-003
    1.750000000000000       -1.4342400795015074E-003
    1.755000000000000       -1.0560078108592041E-003
    1.760000000000000       -6.2191113948889765E-004
    1.765000000000000       -1.3726188018273562E-004
    1.770000000000000        3.9140131258632799E-004
    1.775000000000000        9.5647807245062548E-004
    1.780000000000000        1.5495170016100348E-003
    1.785000000000000        2.1614571010190016E-003
    1.790000000000000        2.7828855627988092E-003
    1.795000000000000        3.4043049510230206E-003
    1.800000000000000        4.0163947337033878E-003
    1.805000000000000        4.6102458319091415E-003
    1.810000000000000        5.1775560806030878E-003
    1.815000000000000        5.7107860714646979E-003
    1.820000000000000        6.2032767696464655E-003
    1.825000000000000        6.6493429471607914E-003
    1.830000000000000        7.0443520197061904E-003
    1.835000000000000        7.3847883032871557E-003
    1.840000000000000        7.6682985473610401E-003
    1.845000000000000        7.8937105913487819E-003
    1.850000000000000        8.0610133923992517E-003
    1.855000000000000        8.1712853257602909E-003
    1.860000000000000        8.2265750407694114E-003
    1.865000000000000        8.2297408892630095E-003
    1.870000000000000        8.1842657199158815E-003
    1.875000000000000        8.0940716684628491E-003
    1.880000000000000        7.9633525131016398E-003
    1.885000000000000        7.7964374860319658E-003
    1.890000000000000        7.5976982512102254E-003
    1.895000000000000        7.3715056247868560E-003
    1.900000000000000        7.1222350912877443E-003
    1.905000000000000        6.8543105935176456E-003
    1.910000000000000        6.5722614534395252E-003
    1.915000000000000        6.2807694766444877E-003
    1.920000000000000        5.9846815741233037E-003
    1.925000000000000        5.6889772906228071E-003
    1.930000000000000        5.3987025348304032E-003
    1.935000000000000        5.1188795402484395E-003
    1.940000000000000        4.8544007095607800E-003
    1.945000000000000        4.6099182711116802E-003
    1.950000000000000        4.3897382580874931E-003
    1.955000000000000        4.1977224632099910E-003
    1.960000000000000        4.0372029642815157E-003
    1.965000000000000        3.9109136338521196E-003
    1.970000000000000        3.8209436176587385E-003
    1.975000000000000        3.7687177705467341E-003
    1.980000000000000        3.7550030125081850E-003
    1.985000000000000        3.7799397829762444E-003
    1.990000000000000        3.8430978695973629E-003
    1.995000000000000        3.9435541741429908E-003
    2.000000000000000        4.0799840274883925E-003
    2.005000000000000        4.2507621975476422E-003
    2.010000000000000        4.4540654080605915E-003
    2.015000000000000        4.6879648458575911E-003
    2.020000000000000        4.9504958969965438E-003
    2.025000000000000        5.2396938852535921E-003
    2.030000000000000        5.5535955151957346E-003
    2.035000000000000        5.8902085328652589E-003
    2.040000000000000        6.2474630575206174E-003
    2.045000000000000        6.6231545162390919E-003
    2.050000000000000        7.0148878385494982E-003
    2.055000000000000        7.4200316792886589E-003
    2.060000000000000        7.8356917419507326E-003
    2.065000000000000        8.2587085482719154E-003
    2.070000000000000        8.6856780194813847E-003
    2.075000000000000        9.1129945867561410E-003
    2.080000000000000        9.5369123958629132E-003
    2.085000000000000        9.9536222400817493E-003
    2.090000000000000        1.0359335758292585E-002
    2.095000000000000        1.0750365563322608E-002
    2.100000000000000        1.1123178491130006E-002
    2.105000000000000        1.1474406136336621E-002
    2.110000000000000        1.1800810941801578E-002
    2.115000000000000        1.2099215357440409E-002
    2.120000000000000        1.2366420563520628E-002
    2.125000000000000        1.2599132872805172E-002
    2.130000000000000        1.2793907504283097E-002
    2.135000000000000        1.2947124581002978E-002
    2.140000000000000        1.3055004854968284E-002
    2.145000000000000        1.3113668089729251E-002
    2.150000000000000        1.3119240474947533E-002
    2.155000000000000        1.3068003812661777E-002
    2.160000000000000        1.2956570128874634E-002
    2.165000000000000        1.2782067059602555E-002
    2.170000000000000        1.2542316729051737E-002
    2.175000000000000        1.2235992419468287E-002
    2.180000000000000        1.1862734124946286E-002
    2.185000000000000        1.1423215931404205E-002
    2.190000000000000        1.0919174335239916E-002
    2.195000000000000        1.0353399669219276E-002
    2.200000000000000        9.7297013199281626E-003
    2.205000000000000        9.0528615449236298E-003
    2.210000000000000        8.3285773923502724E-003
    2.215000000000000        7.5633957988939002E-003
    2.220000000000000        6.7646413951220232E-003
    2.225000000000000        5.9403313218437015E-003
    2.230000000000000        5.0990775025578197E-003
    2.235000000000000        4.2499651853540152E-003
    2.240000000000000        3.4024014460418539E-003
    2.245000000000000        2.5659388498632496E-003
    2.250000000000000        1.7500821878386765E-003
    2.255000000000000        9.6408418011939769E-004
    2.260000000000000        2.1673574781502709E-004
    2.265000000000000       -4.8384421928189028E-004
    2.270000000000000       -1.1304204383619640E-003
    2.275000000000000       -1.7168515607254353E-003
    2.280000000000000       -2.2382961864213198E-003
    2.285000000000000       -2.6914044117461691E-003
    2.290000000000000       -3.0744713047278891E-003
    2.295000000000000       -3.3875280437926083E-003
    2.300000000000000       -3.6323500046656418E-003
    2.305000000000000       -3.8123700672949500E-003
    2.310000000000000       -3.9324962525836010E-003
    2.315000000000000       -3.9988596358377194E-003
    2.320000000000000       -4.0185243885665809E-003
    2.325000000000000       -3.9991905422027125E-003
    2.330000000000000       -3.9489189516741604E-003
    2.335000000000000       -3.8759005327100216E-003
    2.340000000000000       -3.7882767648069473E-003
    2.345000000000000       -3.6940033059071258E-003
    2.350000000000000       -3.6007483247689431E-003
    2.355000000000000       -3.5158115644018482E-003
    2.360000000000000       -3.4460474630280897E-003
    2.365000000000000       -3.3977824414283484E-003
    2.370000000000000       -3.3767141529023665E-003
    2.375000000000000       -3.3877917471302910E-003
    2.380000000000000       -3.4350907875081211E-003
    2.385000000000000       -3.5217041449307769E-003
    2.390000000000000       -3.6496716079891294E-003
    2.395000000000000       -3.8199648886519881E-003
    2.400000000000000       -4.0325419248852414E-003
    2.405000000000000       -4.2864624777447240E-003
    2.410000000000000       -4.5800501582617557E-003
    2.415000000000000       -4.9110846610609613E-003
    2.420000000000000       -5.2769924366633836E-003
    2.425000000000000       -5.6750079938308060E-003
    2.430000000000000       -6.1022911450163004E-003
    2.435000000000000       -6.5559944989303229E-003
    2.440000000000000       -7.0332968921259118E-003
    2.445000000000000       -7.5314120740948685E-003
    2.450000000000000       -8.0475818890053077E-003
    2.455000000000000       -8.5790704155798263E-003
    2.460000000000000       -9.1231534899475353E-003
    2.465000000000000       -9.6770962880191913E-003
    2.470000000000000       -1.0238116004800977E-002
    2.475000000000000       -1.0803328530157557E-002
    2.480000000000000       -1.1369679861399584E-002
    2.485000000000000       -1.1933869698374742E-002
    2.490000000000000       -1.2492284770269726E-002
    2.495000000000000       -1.3040957504371176E-002
    2.500000000000000       -1.3575560588472002E-002
    2.505000000000000       -1.4091453104603127E-002
    2.510000000000000       -1.4583782631666566E-002
    2.515000000000000       -1.5047642130844543E-002
    2.520000000000000       -1.5478275776943027E-002
    2.525000000000000       -1.5871314739895253E-002
    2.530000000000000       -1.6223018628557792E-002
    2.535000000000000       -1.6530496318081096E-002
    2.540000000000000       -1.6791889382317446E-002
    2.545000000000000       -1.7006493021811631E-002
    2.550000000000000       -1.7174804798872067E-002
    2.555000000000000       -1.7298503538779335E-002
    2.560000000000000       -1.7380358730214533E-002
    2.565000000000000       -1.7424085605223349E-002
    2.570000000000000       -1.7434156624947860E-002
    2.575000000000000       -1.7415589049253781E-002
    2.580000000000000       -1.7373720697079484E-002
    2.585000000000000       -1.7313986459996644E-002
    2.590000000000000       -1.7241718813651952E-002
    2.595000000000000       -1.7161976612131912E-002
    2.600000000000000       -1.7079404028003942E-002
    2.605000000000000       -1.6998116560178027E-002
    2.610000000000000       -1.6921613660490595E-002
    2.615000000000000       -1.6852726131341700E-002
    2.620000000000000       -1.6793604943775586E-002
    2.625000000000000       -1.6745752234965783E-002
    2.630000000000000       -1.6710081694993510E-002
    2.635000000000000       -1.6686989730822481E-002
    2.640000000000000       -1.6676421912728894E-002
    2.645000000000000       -1.6677921836567355E-002
    2.650000000000000       -1.6690664776138428E-002
    2.655000000000000       -1.6713482435603662E-002
    2.660000000000000       -1.6744879050056714E-002
    2.665000000000000       -1.6783044894409387E-002
    2.670000000000000       -1.6825873548268397E-002
    2.675000000000000       -1.6870977181081878E-002
    2.680000000000000       -1.6915703202290741E-002
    2.685000000000000       -1.6957159819248862E-002
    2.690000000000000       -1.6992249095021174E-002
    2.695000000000000       -1.7017711352780949E-002
    2.700000000000000       -1.7030183489743989E-002
    2.705000000000000       -1.7026267626418479E-002
    2.710000000000000       -1.7002614448882280E-002
    2.715000000000000       -1.6956015791131573E-002
    2.720000000000000       -1.6883493396562090E-002
    2.725000000000000       -1.6782372998528001E-002
    2.730000000000000       -1.6650332533695678E-002
    2.735000000000000       -1.6485421221889032E-002
    2.740000000000000       -1.6286048980992105E-002
    2.745000000000000       -1.6050955889850657E-002
    2.750000000000000       -1.5779172236366472E-002
    2.755000000000000       -1.5469984279525857E-002
    2.760000000000000       -1.5122922441533362E-002
    2.765000000000000       -1.4737780021485238E-002
    2.770000000000000       -1.4314674253242101E-002
    2.775000000000000       -1.3854150541808530E-002
    2.780000000000000       -1.3357314659206065E-002
    2.785000000000000       -1.2825970543462595E-002
    2.790000000000000       -1.2262737455566441E-002
    2.795000000000000       -1.1671119460949058E-002
    2.800000000000000       -1.1055508713582456E-002
    2.805000000000000       -1.0421120336729164E-002
    2.810000000000000       -9.7738604317615074E-003
    2.815000000000000       -9.1201498883181280E-003
    2.820000000000000       -8.4667320054643902E-003
    2.825000000000000       -7.8204889923130683E-003
    2.830000000000000       -7.1882799512313413E-003
    2.835000000000000       -6.5767985567207479E-003
    2.840000000000000       -5.9924415470400501E-003
    2.845000000000000       -5.4411700073241045E-003
    2.850000000000000       -4.9283602641805206E-003
    2.855000000000000       -4.4586488631711338E-003
    2.860000000000000       -4.0357770953327252E-003
    2.865000000000000       -3.6624441363018505E-003
    2.870000000000000       -3.3401776643105503E-003
    2.875000000000000       -3.0692377398879862E-003
    2.880000000000000       -2.8485633769193139E-003
    2.885000000000000       -2.6757726201713732E-003
    2.890000000000000       -2.5472337141339234E-003
    2.895000000000000       -2.4582084987001234E-003
    2.900000000000000       -2.4030632656684814E-003
    2.905000000000000       -2.3755396926327705E-003
    2.910000000000000       -2.3690622501543004E-003
    2.915000000000000       -2.3770586107923264E-003
    2.920000000000000       -2.3932752035792677E-003
    2.925000000000000       -2.4120665578397831E-003
    2.930000000000000       -2.4286503988016337E-003
    2.935000000000000       -2.4393143614564265E-003
    2.940000000000000       -2.4415580686427183E-003
    2.945000000000000       -2.4341629059020864E-003
    2.950000000000000       -2.4171804169132938E-003
    2.955000000000000       -2.3918332797088033E-003
    2.960000000000000       -2.3603337018147394E-003
    2.965000000000000       -2.3256247574405471E-003
    2.970000000000000       -2.2910651221425238E-003
    2.975000000000000       -2.2600932132779596E-003
    2.980000000000000       -2.2358975567393462E-003
    2.985000000000000       -2.2211251555223162E-003
    2.990000000000000       -2.2176514970069485E-003
    2.995000000000000       -2.2264217823117107E-003
    3.000000000000000       -2.2473766905139363E-003
    3.005000000000000       -2.2794721744989115E-003
    3.010000000000000       -2.3207907540105972E-003
    3.015000000000000       -2.3687306148502536E-003
    3.020000000000000       -2.4202472298508320E-003
    3.025000000000000       -2.4721106506263215E-003
    3.030000000000000       -2.5211485312306929E-003
    3.035000000000000       -2.5644512923585534E-003
    3.040000000000000       -2.5995177914595322E-003
    3.045000000000000       -2.6243410606909863E-003
    3.050000000000000       -2.6374324475950912E-003
    3.055000000000000       -2.6377906550408414E-003
    3.060000000000000       -2.6248382589567805E-003
    3.065000000000000       -2.5983447860105500E-003
    3.070000000000000       -2.5583583749061978E-003
    3.075000000000000       -2.5051622568230991E-003
    3.080000000000000       -2.4392470017664380E-003
    3.085000000000000       -2.3612678199897568E-003
    3.090000000000000       -2.2719717264920587E-003
    3.095000000000000       -2.1720942569363046E-003
    3.100000000000000       -2.0622342565077734E-003
    3.105000000000000       -1.9427175804103168E-003
    3.110000000000000       -1.8134591471526761E-003
    3.115000000000000       -1.6738265329541702E-003
    3.120000000000000       -1.5225167573505867E-003
    3.125000000000000       -1.3574664075990970E-003
    3.130000000000000       -1.1758052529927974E-003
    3.135000000000000       -9.7386518377426707E-004
    3.140000000000000       -7.4725304117432403E-004
    3.145000000000000       -4.9099036019231814E-004
    3.150000000000000       -1.9970841938343675E-004
    3.155000000000000        1.3210807795539163E-004
    3.160000000000000        5.0984223621240670E-004
    3.165000000000000        9.3844776805136636E-004
    3.170000000000000        1.4221450944837151E-003
    3.175000000000000        1.9641198193438916E-003
    3.180000000000000        2.5662284670565958E-003
    3.185000000000000        3.2287155647680970E-003
    3.190000000000000        3.9499456300445534E-003
    3.195000000000000        4.7261782600773330E-003
    3.200000000000000        5.5514306546607939E-003
    3.205000000000000        6.4174701467437698E-003
    3.210000000000000        7.3139472695588461E-003
    3.215000000000000        8.2286605328137803E-003
    3.220000000000000        9.1479263712304615E-003
    3.225000000000000        1.0057014943251552E-002
    3.230000000000000        1.0940611779584033E-002
    3.235000000000000        1.1783265958901903E-002
    3.240000000000000        1.2569805928928286E-002
    3.245000000000000        1.3285703590820086E-002
    3.250000000000000        1.3917374039202715E-002
    3.255000000000000        1.4452415041929130E-002
    3.260000000000000        1.4879790596618705E-002
    3.265000000000000        1.5189964250498051E-002
    3.270000000000000        1.5374992497166056E-002
    3.275000000000000        1.5428599369566973E-002
    3.280000000000000        1.5346250923814679E-002
    3.285000000000000        1.5125239079156301E-002
    3.290000000000000        1.4764771794982785E-002
    3.295000000000000        1.4266060702614192E-002
    3.300000000000000        1.3632394083303661E-002
    3.305000000000000        1.2869182855238908E-002
    3.310000000000000        1.1983970895902369E-002
    3.315000000000000        1.0986399065238808E-002
    3.320000000000000        9.8881194339659011E-003
    3.325000000000000        8.7026536162935493E-003
    3.330000000000000        7.4451861097963636E-003
    3.335000000000000        6.1322841218174808E-003
    3.340000000000000        4.7815328515030897E-003
    3.345000000000000        3.4110911244165152E-003
    3.350000000000000        2.0391953087079910E-003
    3.355000000000000        6.8364245984042880E-004
    3.360000000000000       -6.3871139810413187E-004
    3.365000000000000       -1.9123984448383741E-003
    3.370000000000000       -3.1237044406229879E-003
    3.375000000000000       -4.2609300753627242E-003
    3.380000000000000       -5.3145400524897637E-003
    3.385000000000000       -6.2772010597674113E-003
    3.390000000000000       -7.1437193697835175E-003
    3.395000000000000       -7.9109003448401340E-003
    3.400000000000000       -8.5773517198247298E-003
    3.405000000000000       -9.1432555419076902E-003
    3.410000000000000       -9.6101304892637689E-003
    3.415000000000000       -9.9805992015409863E-003
    3.420000000000000       -1.0258166475534352E-002
    3.425000000000000       -1.0447013963325960E-002
    3.430000000000000       -1.0551818245674842E-002
    3.435000000000000       -1.0577592360700230E-002
    3.440000000000000       -1.0529553536228557E-002
    3.445000000000000       -1.0413021793995079E-002
    3.450000000000000       -1.0233347984740329E-002
    3.455000000000000       -9.9958706781154021E-003
    3.460000000000000       -9.7059031762983974E-003
    3.465000000000000       -9.3687439465988547E-003
    3.470000000000000       -8.9897004482948155E-003
    3.475000000000000       -8.5741137326880601E-003
    3.480000000000000       -8.1273621665353559E-003
    3.485000000000000       -7.6548252219720370E-003
    3.490000000000000       -7.1618025541567709E-003
    3.495000000000000       -6.6533955636194815E-003
    3.500000000000000       -6.1343622103458042E-003
    3.505000000000000       -5.6089685286781528E-003
    3.510000000000000       -5.0808532066870002E-003
    3.515000000000000       -4.5529182675164623E-003
    3.520000000000000       -4.0272595098133221E-003
    3.525000000000000       -3.5051358334154799E-003
    3.530000000000000       -2.9869779496164384E-003
    3.535000000000000       -2.4724397211622406E-003
    3.540000000000000       -1.9604812004911881E-003
    3.545000000000000       -1.4494744465653913E-003
    3.550000000000000       -9.3733053204901893E-004
    3.555000000000000       -4.2164082025473313E-004
    3.560000000000000        1.0017557062011297E-004
    3.565000000000000        6.3072398804106369E-004
    3.570000000000000        1.1724952630180203E-003
    3.575000000000000        1.7277335969239842E-003
    3.580000000000000        2.2983056132769542E-003
    3.585000000000000        2.8855699657216078E-003
    3.590000000000000        3.4902534231932969E-003
    3.595000000000000        4.1123465020594550E-003
    3.600000000000000        4.7510284209744498E-003
    3.605000000000000        5.4046234968714923E-003
    3.610000000000000        6.0705814293673379E-003
    3.615000000000000        6.7454768384972716E-003
    3.620000000000000        7.4250171672720349E-003
    3.625000000000000        8.1040524074637084E-003
    3.630000000000000        8.7765928952346464E-003
    3.635000000000000        9.4358475096925627E-003
    3.640000000000000        1.0074293402581862E-002
    3.645000000000000        1.0683792537508174E-002
    3.650000000000000        1.1255761789853937E-002
    3.655000000000000        1.1781394151068063E-002
    3.660000000000000        1.2251922785790283E-002
    3.665000000000000        1.2658909808521104E-002
    3.670000000000000        1.2994543248639521E-002
    3.675000000000000        1.3251925328469021E-002
    3.680000000000000        1.3425336198282487E-002
    3.685000000000000        1.3510462502896496E-002
    3.690000000000000        1.3504578838670369E-002
    3.695000000000000        1.3406675256789629E-002
    3.700000000000000        1.3217526678867260E-002
    3.705000000000000        1.2939702946314715E-002
    3.710000000000000        1.2577519929437799E-002
    3.715000000000000        1.2136930159300134E-002
    3.720000000000000        1.1625360802564295E-002
    3.725000000000000        1.1051509435185778E-002
    3.730000000000000        1.0425105034464890E-002
    3.735000000000000        9.7566412035480354E-003
    3.740000000000000        9.0570861455454903E-003
    3.745000000000000        8.3375755201423711E-003
    3.750000000000000        7.6090984705316327E-003
    3.755000000000000        6.8821933758597922E-003
    3.760000000000000        6.1666735602462417E-003
    3.765000000000000        5.4713891466001563E-003
    3.770000000000000        4.8040354840417248E-003
    3.775000000000000        4.1710075380454290E-003
    3.780000000000000        3.5772982282301822E-003
    3.785000000000000        3.0264492419135172E-003
    3.790000000000000        2.5205624245851261E-003
    3.795000000000000        2.0603743284300129E-003
    3.800000000000000        1.6453862839572908E-003
    3.805000000000000        1.2740434158966971E-003
    3.810000000000000        9.4394477104516703E-004
    3.815000000000000        6.5205565915292096E-004
    3.820000000000000        3.9489518787982526E-004
    3.825000000000000        1.6868908489435261E-004
    3.830000000000000       -3.0513987003616894E-005
    3.835000000000000       -2.0675523209897575E-004
    3.840000000000000       -3.6409496406923845E-004
    3.845000000000000       -5.0654118373042056E-004
    3.850000000000000       -6.3796165706011010E-004
    3.855000000000000       -7.6196711403559281E-004
    3.860000000000000       -8.8177206351033668E-004
    3.865000000000000       -1.0000528813810607E-003
    3.870000000000000       -1.1188080766662574E-003
    3.875000000000000       -1.2392434533280188E-003
    3.880000000000000       -1.3617005466952492E-003
    3.885000000000000       -1.4856359223208482E-003
    3.890000000000000       -1.6096495751858391E-003
    3.895000000000000       -1.7315547678244183E-003
    3.900000000000000       -1.8484773257112783E-003
    3.905000000000000       -1.9569674640050675E-003
    3.910000000000000       -2.0531259362882865E-003
    3.915000000000000       -2.1327403121526851E-003
    3.920000000000000       -2.1914269500875925E-003
    3.925000000000000       -2.2247775455761754E-003
    3.930000000000000       -2.2285008669619288E-003
    3.935000000000000       -2.1985537541453892E-003
    3.940000000000000       -2.1312603700774782E-003
    3.945000000000000       -2.0234185880599358E-003
    3.950000000000000       -1.8723920906562109E-003
    3.955000000000000       -1.6761920246775277E-003
    3.960000000000000       -1.4335557997412089E-003
    3.965000000000000       -1.1440203809881977E-003
    3.970000000000000       -8.0797589650015134E-004
    3.975000000000000       -4.2669545354043139E-004
    3.980000000000000       -2.3361595670113573E-006
    3.985000000000000        4.6210084134781901E-004
    3.990000000000000        9.6284830687886274E-004
    3.995000000000000        1.4954789872429539E-003
    4.000000000000000        2.0550297513450078E-003
