    0.000000000000000         2.551921729582203     
   5.0000000000000000E-003    2.542521821878789     
   1.0000000000000000E-002    2.514581305918877     
   1.5000000000000000E-002    2.468739016790452     
   2.0000000000000000E-002    2.406018795008475     
   2.5000000000000000E-002    2.327773811883967     
   3.0000000000000000E-002    2.235618601968946     
   3.5000000000000004E-002    2.131355871010831     
   4.0000000000000000E-002    2.016904280439653     
   4.5000000000000000E-002    1.894231839623984     
   5.0000000000000000E-002    1.765297797266483     
   5.5000000000000000E-002    1.632004395071072     
   6.0000000000000000E-002    1.496158680343754     
   6.5000000000000000E-002    1.359443804466871     
   7.0000000000000009E-002    1.223398830392527     
   7.5000000000000000E-002    1.089405880898098     
   8.0000000000000000E-002   0.9586834398354831     
   8.5000000000000000E-002   0.8322846783267629     
   9.0000000000000000E-002   0.7110997645339268     
   9.5000000000000000E-002   0.5958612442801447     
   0.1000000000000000        0.4871517036566203     
   0.1050000000000000        0.3854130617396695     
   0.1100000000000000        0.2909569632688604     
   0.1150000000000000        0.2039758362798270     
   0.1200000000000000        0.1245542645679320     
   0.1250000000000000        5.2680413376872188E-002
   0.1300000000000000       -1.1742680630780666E-002
   0.1350000000000000       -6.8886095758598929E-002
   0.1400000000000000       -0.1189843920922037     
   0.1450000000000000       -0.1623254625291601     
   0.1500000000000000       -0.1992409694252860     
   0.1550000000000000       -0.2300974329847576     
   0.1600000000000000       -0.2552879937902988     
   0.1650000000000000       -0.2752248368678280     
   0.1700000000000000       -0.2903322637773212     
   0.1750000000000000       -0.3010404268036694     
   0.1800000000000000       -0.3077797231827839     
   0.1850000000000000       -0.3109758410112045     
   0.1900000000000000       -0.3110454409179402     
   0.1950000000000000       -0.3083924335044855     
   0.2000000000000000       -0.3034048209391405     
   0.2050000000000000       -0.2964520651750325     
   0.2100000000000000       -0.2878829362593953     
   0.2150000000000000       -0.2780238155727282     
   0.2200000000000000       -0.2671774262456492     
   0.2250000000000000       -0.2556219487284308     
   0.2300000000000000       -0.2436104947875040     
   0.2350000000000000       -0.2313709036968804     
   0.2400000000000000       -0.2191058111844110     
   0.2450000000000000       -0.2069929481312080     
   0.2500000000000000       -0.1951856476587784     
   0.2550000000000000       -0.1838135404942956     
   0.2600000000000000       -0.1729834174412730     
   0.2650000000000000       -0.1627802577439812     
   0.2700000000000000       -0.1532684138315645     
   0.2750000000000000       -0.1444929474962050     
   0.2800000000000000       -0.1364811082634307     
   0.2850000000000001       -0.1292439362848995     
   0.2900000000000000       -0.1227779709779626     
   0.2950000000000000       -0.1170670347450761     
   0.3000000000000000       -0.1120840592825530     
   0.3050000000000000       -0.1077929038854984     
   0.3100000000000000       -0.1041501218464565     
   0.3150000000000000       -0.1011066371395591     
   0.3200000000000000       -9.8609300410043179E-002
   0.3250000000000000       -9.6602304429283983E-002
   0.3300000000000000       -9.5028440437822521E-002
   0.3350000000000000       -9.3830193763874092E-002
   0.3400000000000000       -9.2950683761755286E-002
   0.3450000000000000       -9.2334456352477599E-002
   0.3500000000000000       -9.1928152477257008E-002
   0.3550000000000000       -9.1681073304583975E-002
   0.3600000000000000       -9.1545658021955667E-002
   0.3650000000000000       -9.1477877998681336E-002
   0.3700000000000000       -9.1437542697452265E-002
   0.3750000000000000       -9.1388521680657799E-002
   0.3800000000000000       -9.1298882911383945E-002
   0.3850000000000000       -9.1140951484692359E-002
   0.3900000000000000       -9.0891294247413512E-002
   0.3950000000000000       -9.0530647752224542E-002
   0.4000000000000000       -9.0043804996276435E-002
   0.4050000000000001       -8.9419470780720935E-002
   0.4100000000000001       -8.8650093248183577E-002
   0.4150000000000000       -8.7731673386014268E-002
   0.4200000000000000       -8.6663539678151107E-002
   0.4250000000000000       -8.5448070478636122E-002
   0.4300000000000000       -8.4090356142483902E-002
   0.4350000000000000       -8.2597799753958832E-002
   0.4400000000000000       -8.0979674335380132E-002
   0.4450000000000000       -7.9246670699369322E-002
   0.4500000000000000       -7.7410472943375126E-002
   0.4550000000000000       -7.5483389357388191E-002
   0.4600000000000001       -7.3478049923639261E-002
   0.4650000000000000       -7.1407170617348186E-002
   0.4700000000000000       -6.9283384008854014E-002
   0.4750000000000000       -6.7119126361681545E-002
   0.4800000000000000       -6.4926571298717288E-002
   0.4850000000000000       -6.2717603151640571E-002
   0.4900000000000000       -6.0503828183184085E-002
   0.4950000000000000       -5.8296617972268026E-002
   0.5000000000000000       -5.6107172831797172E-002
   0.5050000000000000       -5.3946574623670642E-002
   0.5100000000000000       -5.1825779036513984E-002
   0.5150000000000000       -4.9755513713432826E-002
   0.5200000000000000       -4.7746092324687570E-002
   0.5250000000000000       -4.5807183504817859E-002
   0.5300000000000001       -4.3947570889201213E-002
   0.5350000000000001       -4.2174929453545671E-002
   0.5400000000000000       -4.0495634605241353E-002
   0.5450000000000000       -3.8914620495316154E-002
   0.5500000000000000       -3.7435299202900243E-002
   0.5550000000000001       -3.6059549509323880E-002
   0.5600000000000001       -3.4787779129091301E-002
   0.5650000000000000       -3.3619041964251259E-002
   0.5700000000000001       -3.2551182626548538E-002
   0.5750000000000001       -3.1580988032717574E-002
   0.5800000000000000       -3.0704343714336506E-002
   0.5850000000000000       -2.9916393535999886E-002
   0.5899999999999999       -2.9211703167415770E-002
   0.5949999999999999       -2.8584419858869792E-002
   0.6000000000000000       -2.8028411784758230E-002
   0.6050000000000000       -2.7537375531347474E-002
   0.6100000000000000       -2.7104899478764857E-002
   0.6150000000000000       -2.6724485483639153E-002
   0.6200000000000000       -2.6389539922365883E-002
   0.6250000000000000       -2.6093354152589274E-002
   0.6300000000000000       -2.5829096016412780E-002
   0.6350000000000000       -2.5589829379499838E-002
   0.6400000000000000       -2.5368576027744663E-002
   0.6450000000000000       -2.5158425680080665E-002
   0.6500000000000000       -2.4952686969073405E-002
   0.6550000000000001       -2.4745065560498984E-002
   0.6600000000000001       -2.4529859029452070E-002
   0.6650000000000000       -2.4302152566045048E-002
   0.6700000000000000       -2.4058001464165635E-002
   0.6750000000000000       -2.3794594731515870E-002
   0.6800000000000001       -2.3510379716610745E-002
   0.6850000000000001       -2.3205126739310575E-002
   0.6900000000000000       -2.2879918602903531E-002
   0.6950000000000001       -2.2537050469297468E-002
   0.7000000000000001       -2.2179839996299453E-002
   0.7050000000000000       -2.1812373729901564E-002
   0.7100000000000000       -2.1439232040329435E-002
   0.7149999999999999       -2.1065228604202266E-002
   0.7199999999999999       -2.0695197698205177E-002
   0.7250000000000000       -2.0333833962704064E-002
   0.7300000000000000       -1.9985565684990034E-002
   0.7350000000000000       -1.9654456530116612E-002
   0.7400000000000000       -1.9344124909443590E-002
   0.7450000000000000       -1.9057669118501222E-002
   0.7500000000000000       -1.8797598065563070E-002
   0.7550000000000000       -1.8565758534295373E-002
   0.7600000000000000       -1.8363253526566137E-002
   0.7650000000000000       -1.8190353789009562E-002
   0.7700000000000000       -1.8046407271466414E-002
   0.7750000000000000       -1.7929765593491663E-002
   0.7800000000000001       -1.7837742765405391E-002
   0.7850000000000001       -1.7766612637442569E-002
   0.7900000000000000       -1.7711658694143384E-002
   0.7950000000000000       -1.7667274559534693E-002
   0.8000000000000000       -1.7627109498241520E-002
   0.8050000000000001       -1.7584263887725369E-002
   0.8100000000000001       -1.7531524508547984E-002
   0.8150000000000000       -1.7461634414576956E-002
   0.8200000000000001       -1.7367585962370260E-002
   0.8250000000000000       -1.7242917205566178E-002
   0.8300000000000001       -1.7081992589881465E-002
   0.8350000000000000       -1.6880239909748475E-002
   0.8400000000000000       -1.6634324953592461E-002
   0.8449999999999999       -1.6342256933586992E-002
   0.8500000000000000       -1.6003429671971534E-002
   0.8550000000000001       -1.5618619991001424E-002
   0.8600000000000000       -1.5189955817041854E-002
   0.8650000000000000       -1.4720856096264749E-002
   0.8699999999999999       -1.4215939107188826E-002
   0.8750000000000000       -1.3680890655398921E-002
   0.8800000000000001       -1.3122299126442698E-002
   0.8850000000000000       -1.2547465995277420E-002
   0.8900000000000000       -1.1964192298396306E-002
   0.8949999999999999       -1.1380546253304900E-002
   0.9000000000000000       -1.0804618682051601E-002
   0.9050000000000001       -1.0244283516318995E-002
   0.9100000000000000       -9.7069737638446458E-003
   0.9150000000000000       -9.1994784508559828E-003
   0.9200000000000001       -8.7277668453926651E-003
   0.9250000000000000       -8.2968400469113135E-003
   0.9300000000000001       -7.9106177804472990E-003
   0.9350000000000001       -7.5718679348948550E-003
   0.9400000000000000       -7.2821769478131753E-003
   0.9450000000000001       -7.0419545507601828E-003
   0.9500000000000000       -6.8504661971726764E-003
   0.9550000000000001       -6.7058813814676750E-003
   0.9600000000000000       -6.6053352432102361E-003
   0.9650000000000000       -6.5449978610019617E-003
   0.9699999999999999       -6.5201519145280091E-003
   0.9750000000000000       -6.5252910078447135E-003
   0.9800000000000001       -6.5542380688707214E-003
   0.9850000000000000       -6.6002831623224720E-003
   0.9900000000000000       -6.6563391496269038E-003
   0.9949999999999999       -6.7151134003853628E-003
    1.000000000000000       -6.7692987780063172E-003
    1.005000000000000       -6.8117828920827650E-003
    1.010000000000000       -6.8358686780630116E-003
    1.015000000000000       -6.8354821056328294E-003
    1.020000000000000       -6.8053438134688555E-003
    1.025000000000000       -6.7410966342853396E-003
    1.030000000000000       -6.6393875225060643E-003
    1.035000000000000       -6.4979087560657200E-003
    1.040000000000000       -6.3154052911575320E-003
    1.045000000000000       -6.0916515810609919E-003
    1.050000000000000       -5.8273971756235543E-003
    1.055000000000000       -5.5242948672697478E-003
    1.060000000000000       -5.1848194074307274E-003
    1.065000000000000       -4.8121847079860700E-003
    1.070000000000000       -4.4102665372910801E-003
    1.075000000000000       -3.9835195333753060E-003
    1.080000000000000       -3.5368885665729044E-003
    1.085000000000000       -3.0757188285407833E-003
    1.090000000000000       -2.6056706776727214E-003
    1.095000000000000       -2.1326359278052012E-003
    1.100000000000000       -1.6626492779161910E-003
    1.105000000000000       -1.2017851403234614E-003
    1.110000000000000       -7.5603063770894678E-004
    1.115000000000000       -3.3115014402425897E-004
    1.120000000000000        6.7434691892940277E-005
    1.125000000000000        4.3473791517479885E-004
    1.130000000000000        7.6628030266996214E-004
    1.135000000000000        1.0581487515306240E-003
    1.140000000000000        1.3070379955902429E-003
    1.145000000000000        1.5102676143206719E-003
    1.150000000000000        1.6657673278734135E-003
    1.155000000000000        1.7720295596584956E-003
    1.160000000000000        1.8280529961397951E-003
    1.165000000000000        1.8332912620715485E-003
    1.170000000000000        1.7876212589535743E-003
    1.175000000000000        1.6913361109494200E-003
    1.180000000000000        1.5451600055427011E-003
    1.185000000000000        1.3502860952212692E-003
    1.190000000000000        1.1084234248926841E-003
    1.195000000000000        8.2184375164321537E-004
    1.200000000000000        4.9341837746780151E-004
    1.205000000000000        1.2663918216039451E-004
    1.210000000000000       -2.7438108453584533E-004
    1.215000000000000       -7.0493969663171825E-004
    1.220000000000000       -1.1598048258301961E-003
    1.225000000000000       -1.6333018791342802E-003
    1.230000000000000       -2.1194198997565334E-003
    1.235000000000000       -2.6119315658990589E-003
    1.240000000000000       -3.1045179073891176E-003
    1.245000000000000       -3.5908943411404728E-003
    1.250000000000000       -4.0649382527055522E-003
    1.255000000000000       -4.5208124680722896E-003
    1.260000000000000       -4.9530772941643315E-003
    1.265000000000000       -5.3567835843415388E-003
    1.270000000000000       -5.7275410443345285E-003
    1.275000000000000       -6.0615606087770733E-003
    1.280000000000000       -6.3556770518058165E-003
    1.285000000000000       -6.6073562489735878E-003
    1.290000000000000       -6.8146973103694020E-003
    1.295000000000000       -6.9764421197327389E-003
    1.300000000000000       -7.0920015394474945E-003
    1.305000000000000       -7.1615024452220748E-003
    1.310000000000000       -7.1858468587100042E-003
    1.315000000000000       -7.1667729348993401E-003
    1.320000000000000       -7.1069036537209032E-003
    1.325000000000000       -7.0097666542674739E-003
    1.330000000000000       -6.8797667847514230E-003
    1.335000000000000       -6.7221027169977789E-003
    1.340000000000000       -6.5426300330634914E-003
    1.345000000000000       -6.3476736435524472E-003
    1.350000000000000       -6.1438016180773225E-003
    1.355000000000000       -5.9375804790778712E-003
    1.360000000000000       -5.7353305826536873E-003
    1.365000000000000       -5.5428953803483427E-003
    1.370000000000000       -5.3654392835168352E-003
    1.375000000000000       -5.2072865425873385E-003
    1.380000000000000       -5.0718063377423528E-003
    1.385000000000000       -4.9613456356193142E-003
    1.390000000000000       -4.8772144990283923E-003
    1.395000000000000       -4.8197158240184956E-003
    1.400000000000000       -4.7882078301994930E-003
    1.405000000000000       -4.7811883468102048E-003
    1.410000000000000       -4.7963818320369800E-003
    1.415000000000000       -4.8308210399821148E-003
    1.420000000000000       -4.8809228176782069E-003
    1.425000000000000       -4.9425542043944857E-003
    1.430000000000000       -5.0110938393545554E-003
    1.435000000000000       -5.0814983000876870E-003
    1.440000000000000       -5.1483759117650694E-003
    1.445000000000000       -5.2060665242832993E-003
    1.450000000000000       -5.2487205085113757E-003
    1.455000000000000       -5.2703791304855212E-003
    1.460000000000000       -5.2650711875627181E-003
    1.465000000000000       -5.2269414784379027E-003
    1.470000000000000       -5.1504285420807623E-003
    1.475000000000000       -5.0304873350443362E-003
    1.480000000000000       -4.8628367208188248E-003
    1.485000000000000       -4.6442156081733525E-003
    1.490000000000000       -4.3726165930249827E-003
    1.495000000000000       -4.0474823925107781E-003
    1.500000000000000       -3.6698421219677586E-003
    1.505000000000000       -3.2423698679459374E-003
    1.510000000000000       -2.7693635031909078E-003
    1.515000000000000       -2.2566398669513079E-003
    1.520000000000000       -1.7113555137077636E-003
    1.525000000000000       -1.1417649775815435E-003
    1.530000000000000       -5.5693094854871354E-004
    1.535000000000000        3.3597686587904319E-005
    1.540000000000000        6.2011795044448341E-004
    1.545000000000000        1.1930970621392407E-003
    1.550000000000000        1.7434731353746377E-003
    1.555000000000000        2.2629169426232765E-003
    1.560000000000000        2.7440433367731254E-003
    1.565000000000000        3.1805674339855763E-003
    1.570000000000000        3.5673952774727011E-003
    1.575000000000000        3.9006525184684673E-003
    1.580000000000000        4.1776630504944370E-003
    1.585000000000000        4.3968774601096490E-003
    1.590000000000000        4.5577612547097948E-003
    1.595000000000000        4.6606640532421455E-003
    1.600000000000000        4.7066792120219887E-003
    1.605000000000000        4.6974960932337249E-003
    1.610000000000000        4.6352510491797085E-003
    1.615000000000000        4.5223803452451889E-003
    1.620000000000000        4.3614801290653595E-003
    1.625000000000000        4.1551873627658082E-003
    1.630000000000000        3.9061042118075150E-003
    1.635000000000000        3.6167779743873698E-003
    1.640000000000000        3.2897329798966268E-003
    1.645000000000000        2.9275350378091659E-003
    1.650000000000000        2.5328657751337795E-003
    1.655000000000000        2.1085925694846313E-003
    1.660000000000000        1.6578364995865598E-003
    1.665000000000000        1.1840350272233178E-003
    1.670000000000000        6.9099012432738585E-004
    1.675000000000000        1.8289463854975931E-004
    1.680000000000000       -3.3567578385816983E-004
    1.685000000000000       -8.5979709085128615E-004
    1.690000000000000       -1.3842473343311585E-003
    1.695000000000000       -1.9035699434592523E-003
    1.700000000000000       -2.4121433140410726E-003
    1.705000000000000       -2.9042565981638809E-003
    1.710000000000000       -3.3741863623333455E-003
    1.715000000000000       -3.8162578511902598E-003
    1.720000000000000       -4.2248826469375249E-003
    1.725000000000000       -4.5945702165398066E-003
    1.730000000000000       -4.9199216479691223E-003
    1.735000000000000       -5.1956263684838504E-003
    1.740000000000000       -5.4164819325768772E-003
    1.745000000000000       -5.5774442146284686E-003
    1.750000000000000       -5.6737018223496012E-003
    1.755000000000000       -5.7007663143504868E-003
    1.760000000000000       -5.6545740834676312E-003
    1.765000000000000       -5.5315959701648048E-003
    1.770000000000000       -5.3289553830653249E-003
    1.775000000000000       -5.0445554953342455E-003
    1.780000000000000       -4.6772132961219324E-003
    1.785000000000000       -4.2267974198295564E-003
    1.790000000000000       -3.6943650414350522E-003
    1.795000000000000       -3.0822915017649253E-003
    1.800000000000000       -2.3943845875227314E-003
    1.805000000000000       -1.6359729573200030E-003
    1.810000000000000       -8.1394911237516681E-004
    1.815000000000000        6.3251430320354753E-005
    1.820000000000000        9.8574571464706491E-004
    1.825000000000000        1.9423887712406252E-003
    1.830000000000000        2.9210490338523236E-003
    1.835000000000000        3.9089615948936265E-003
    1.840000000000000        4.8931406206600716E-003
    1.845000000000000        5.8608239018012753E-003
    1.850000000000000        6.7999267462356254E-003
    1.855000000000000        7.6994703770610462E-003
    1.860000000000000        8.5499442023231698E-003
    1.865000000000000        9.3435739451087834E-003
    1.870000000000000        1.0074473283275549E-002
    1.875000000000000        1.0738676789829906E-002
    1.880000000000000        1.1334061412274381E-002
    1.885000000000000        1.1860176847872703E-002
    1.890000000000000        1.2318011656521319E-002
    1.895000000000000        1.2709724418100139E-002
    1.900000000000000        1.3038366527627396E-002
    1.905000000000000        1.3307617181128129E-002
    1.910000000000000        1.3521550548322925E-002
    1.915000000000000        1.3684439967792372E-002
    1.920000000000000        1.3800609871216343E-002
    1.925000000000000        1.3874323652145168E-002
    1.930000000000000        1.3909700220145291E-002
    1.935000000000000        1.3910658334714929E-002
    1.940000000000000        1.3880881430025553E-002
    1.945000000000000        1.3823804523136907E-002
    1.950000000000000        1.3742625321706616E-002
    1.955000000000000        1.3640333992745886E-002
    1.960000000000000        1.3519755239846332E-002
    1.965000000000000        1.3383591149539837E-002
    1.970000000000000        1.3234445609322019E-002
    1.975000000000000        1.3074824765970896E-002
    1.980000000000000        1.2907109111152728E-002
    1.985000000000000        1.2733494403877454E-002
    1.990000000000000        1.2555910072639813E-002
    1.995000000000000        1.2375928065219850E-002
    2.000000000000000        1.2194677385426997E-002
    2.005000000000000        1.2012771765243078E-002
    2.010000000000000        1.1830256657815259E-002
    2.015000000000000        1.1646586722520071E-002
    2.020000000000000        1.1460638516938668E-002
    2.025000000000000        1.1270754125206821E-002
    2.030000000000000        1.1074805907762892E-002
    2.035000000000000        1.0870268979041766E-002
    2.040000000000000        1.0654287265755120E-002
    2.045000000000000        1.0423735684595443E-002
    2.050000000000000        1.0175277084103111E-002
    2.055000000000000        9.9054152562493769E-003
    2.060000000000000        9.6105472162773218E-003
    2.065000000000000        9.2870111669722188E-003
    2.070000000000000        8.9311388102420093E-003
    2.075000000000000        8.5393107578331637E-003
    2.080000000000000        8.1080160644938779E-003
    2.085000000000000        7.6339231798285834E-003
    2.090000000000000        7.1139681607943537E-003
    2.095000000000000        6.5454676528655673E-003
    2.100000000000000        5.9262548711109080E-003
    2.105000000000000        5.2548357732740234E-003
    2.110000000000000        4.5305555442822785E-003
    2.115000000000000        3.7537553434194946E-003
    2.120000000000000        2.9259079739373393E-003
    2.125000000000000        2.0497167224255075E-003
    2.130000000000000        1.1291668426088082E-003
    2.135000000000000        1.6953452303175709E-004
    2.140000000000000       -8.2264394632245512E-004
    2.145000000000000       -1.8396416098918653E-003
    2.150000000000000       -2.8726434634831755E-003
    2.155000000000000       -3.9118865844050674E-003
    2.160000000000000       -4.9468355529790493E-003
    2.165000000000000       -5.9663862898508491E-003
    2.170000000000000       -6.9591038856500376E-003
    2.175000000000000       -7.9134895987462173E-003
    2.180000000000000       -8.8182688051805869E-003
    2.185000000000000       -9.6626787408714581E-003
    2.190000000000000       -1.0436736011959589E-002
    2.195000000000000       -1.1131464072630557E-002
    2.200000000000000       -1.1739064001307868E-002
    2.205000000000000       -1.2253023322644727E-002
    2.210000000000000       -1.2668163611295322E-002
    2.215000000000000       -1.2980645560994795E-002
    2.220000000000000       -1.3187946026765098E-002
    2.225000000000000       -1.3288831608162233E-002
    2.230000000000000       -1.3283354599146664E-002
    2.235000000000000       -1.3172876535202405E-002
    2.240000000000000       -1.2960122283263180E-002
    2.245000000000000       -1.2649245509502614E-002
    2.250000000000000       -1.2245882882027022E-002
    2.255000000000000       -1.1757167763181260E-002
    2.260000000000000       -1.1191672448011645E-002
    2.265000000000000       -1.0559269005405538E-002
    2.270000000000000       -9.8709080456547476E-003
    2.275000000000000       -9.1383258057610490E-003
    2.280000000000000       -8.3737010809125572E-003
    2.285000000000000       -7.5892781962214473E-003
    2.290000000000000       -6.7969829923930094E-003
    2.295000000000000       -6.0080593612288355E-003
    2.300000000000000       -5.2327459461481389E-003
    2.305000000000000       -4.4800097443886644E-003
    2.310000000000000       -3.7573483573319995E-003
    2.315000000000000       -3.0706662476081794E-003
    2.320000000000000       -2.4242307032206738E-003
    2.325000000000000       -1.8207085099471689E-003
    2.330000000000000       -1.2612607516420145E-003
    2.335000000000000       -7.4567742815584523E-004
    2.340000000000000       -2.7253442405486350E-004
    2.345000000000000        1.6064196059390685E-004
    2.350000000000000        5.5720409691179889E-004
    2.355000000000000        9.2121332792663377E-004
    2.360000000000000        1.2572751858454789E-003
    2.365000000000000        1.5703716573793165E-003
    2.370000000000000        1.8657099647705504E-003
    2.375000000000000        2.1486005608602614E-003
    2.380000000000000        2.4243599209982283E-003
    2.385000000000000        2.6982445331877978E-003
    2.390000000000000        2.9754169855999194E-003
    2.395000000000000        3.2609259081416009E-003
    2.400000000000000        3.5596836230174231E-003
    2.405000000000000        3.8764289454672021E-003
    2.410000000000000        4.2156622585902310E-003
    2.415000000000000        4.5815435549929697E-003
    2.420000000000000        4.9777569561530557E-003
    2.425000000000000        5.4073581100754673E-003
    2.430000000000000        5.8726167797220930E-003
    2.435000000000000        6.3748698247253639E-003
    2.440000000000000        6.9143964341764175E-003
    2.445000000000000        7.4903186428310260E-003
    2.450000000000000        8.1005251835440166E-003
    2.455000000000000        8.7416147981602581E-003
    2.460000000000000        9.4088622503746073E-003
    2.465000000000000        1.0096212866095937E-002
    2.470000000000000        1.0796323189872858E-002
    2.475000000000000        1.1500662902948620E-002
    2.480000000000000        1.2199692878086394E-002
    2.485000000000000        1.2883123664269038E-002
    2.490000000000000        1.3540238656528052E-002
    2.495000000000000        1.4160269420376972E-002
    2.500000000000000        1.4732808772677224E-002
    2.505000000000000        1.5248239251648299E-002
    2.510000000000000        1.5698146100574020E-002
    2.515000000000000        1.6075676191465842E-002
    2.520000000000000        1.6375810131501436E-002
    2.525000000000000        1.6595518531643981E-002
    2.530000000000000        1.6733779627133549E-002
    2.535000000000000        1.6791462820406124E-002
    2.540000000000000        1.6771088208470541E-002
    2.545000000000000        1.6676490258751608E-002
    2.550000000000000        1.6512434082116004E-002
    2.555000000000000        1.6284228927588906E-002
    2.560000000000000        1.5997372265807832E-002
    2.565000000000000        1.5657247173852095E-002
    2.570000000000000        1.5268882644810811E-002
    2.575000000000000        1.4836785819602659E-002
    2.580000000000000        1.4364845583206778E-002
    2.585000000000000        1.3856309791786090E-002
    2.590000000000000        1.3313827202634709E-002
    2.595000000000000        1.2739526318356753E-002
    2.600000000000000        1.2135103657124593E-002
    2.605000000000000        1.1501909590994843E-002
    2.610000000000000        1.0841041537162253E-002
    2.615000000000000        1.0153450526376813E-002
    2.620000000000000        9.4400723867283283E-003
    2.625000000000000        8.7019804188030125E-003
    2.630000000000000        7.9405442412151919E-003
    2.635000000000000        7.1575749077432711E-003
    2.640000000000000        6.3554362144486163E-003
    2.645000000000000        5.5371073484628450E-003
    2.650000000000000        4.7061928037353589E-003
    2.655000000000000        3.8668839587655658E-003
    2.660000000000000        3.0238725606937544E-003
    2.665000000000000        2.1822188671078275E-003
    2.670000000000000        1.3471944076295730E-003
    2.675000000000000        5.2411665892051493E-004
    2.680000000000000       -2.8180844037558330E-004
    2.685000000000000       -1.0656190768929985E-003
    2.690000000000000       -1.8227078296267152E-003
    2.695000000000000       -2.5489141898016001E-003
    2.700000000000000       -3.2406072308245850E-003
    2.705000000000000       -3.8947627271852490E-003
    2.710000000000000       -4.5090279312163943E-003
    2.715000000000000       -5.0817681863913915E-003
    2.720000000000000       -5.6120817783088324E-003
    2.725000000000000       -6.0997685147709433E-003
    2.730000000000000       -6.5452515675529241E-003
    2.735000000000000       -6.9494577904299204E-003
    2.740000000000000       -7.3136683189386096E-003
    2.745000000000000       -7.6393668339693832E-003
    2.750000000000000       -7.9281103127308690E-003
    2.755000000000000       -8.1814446130896794E-003
    2.760000000000000       -8.4008751654092286E-003
    2.765000000000000       -8.5878838967249216E-003
    2.770000000000000       -8.7439825165012266E-003
    2.775000000000000       -8.8707798524253043E-003
    2.780000000000000       -8.9700421389295109E-003
    2.785000000000000       -9.0437269099041213E-003
    2.790000000000000       -9.0939642096037971E-003
    2.795000000000000       -9.1229625667452154E-003
    2.800000000000000       -9.1328526677219006E-003
    2.805000000000000       -9.1255136142641202E-003
    2.810000000000000       -9.1024135907394470E-003
    2.815000000000000       -9.0645090622356843E-003
    2.820000000000000       -9.0122292045895378E-003
    2.825000000000000       -8.9455335298150445E-003
    2.830000000000000       -8.8640391499621281E-003
    2.835000000000000       -8.7671977562008419E-003
    2.840000000000000       -8.6544867682716227E-003
    2.845000000000000       -8.5255920745226117E-003
    2.850000000000000       -8.3805677967211363E-003
    2.855000000000000       -8.2199687073038543E-003
    2.860000000000000       -8.0449548287191703E-003
    2.865000000000000       -7.8573686847884847E-003
    2.870000000000000       -7.6597822058410268E-003
    2.875000000000000       -7.4555128060804972E-003
    2.880000000000000       -7.2485991173256803E-003
    2.885000000000000       -7.0437248865802546E-003
    2.890000000000000       -6.8460933743456840E-003
    2.895000000000000       -6.6612576145537439E-003
    2.900000000000000       -6.4949239404064496E-003
    2.905000000000000       -6.3527478601534071E-003
    2.910000000000000       -6.2401395476183481E-003
    2.915000000000000       -6.1620916294372430E-003
    2.920000000000000       -6.1230275086839558E-003
    2.925000000000000       -6.1266678663897540E-003
    2.930000000000000       -6.1759232299101861E-003
    2.935000000000000       -6.2728121675352488E-003
    2.940000000000000       -6.4184049385354003E-003
    2.945000000000000       -6.6127993201874187E-003
    2.950000000000000       -6.8551257794316918E-003
    2.955000000000000       -7.1435754499053346E-003
    2.960000000000000       -7.4754380989249123E-003
    2.965000000000000       -7.8471366817819099E-003
    2.970000000000000       -8.2542550929093839E-003
    2.975000000000000       -8.6915620590452551E-003
    2.980000000000000       -9.1530441813136836E-003
    2.985000000000000       -9.6319655602075986E-003
    2.990000000000000       -1.0120964670263630E-002
    2.995000000000000       -1.0612188475902236E-002
    3.000000000000000       -1.1097455593279855E-002
    3.005000000000000       -1.1568433788313133E-002
    3.010000000000000       -1.2016821191852032E-002
    3.015000000000000       -1.2434517571247270E-002
    3.020000000000000       -1.2813771644854008E-002
    3.025000000000000       -1.3147305017483404E-002
    3.030000000000000       -1.3428425462278679E-002
    3.035000000000000       -1.3651141799481892E-002
    3.040000000000000       -1.3810279063547859E-002
    3.045000000000000       -1.3901604717885525E-002
    3.050000000000000       -1.3921972644658061E-002
    3.055000000000000       -1.3869470936496862E-002
    3.060000000000000       -1.3743563525498812E-002
    3.065000000000000       -1.3545208043123917E-002
    3.070000000000000       -1.3276929273223499E-002
    3.075000000000000       -1.2942827470608802E-002
    3.080000000000000       -1.2548512219692238E-002
    3.085000000000000       -1.2100959858112268E-002
    3.090000000000000       -1.1608296902188417E-002
    3.095000000000000       -1.1079534898361636E-002
    3.100000000000000       -1.0524273734013612E-002
    3.105000000000000       -9.9523914881987743E-003
    3.110000000000000       -9.3737446602881551E-003
    3.115000000000000       -8.7978949851861294E-003
    3.120000000000000       -8.2338704815567496E-003
    3.125000000000000       -7.6899674310771786E-003
    3.130000000000000       -7.1735945094665521E-003
    3.135000000000000       -6.6911523232682804E-003
    3.140000000000000       -6.2479358570515178E-003
    3.145000000000000       -5.8480446786986811E-003
    3.150000000000000       -5.4942992148391800E-003
    3.155000000000000       -5.1881704669116360E-003
    3.160000000000000       -4.9297331411227567E-003
    3.165000000000000       -4.7176481153462841E-003
    3.170000000000000       -4.5491887414201742E-003
    3.175000000000000       -4.4203142105586473E-003
    3.180000000000000       -4.3257916062264670E-003
    3.185000000000000       -4.2593737550829172E-003
    3.190000000000000       -4.2140276189252255E-003
    3.195000000000000       -4.1822124039283084E-003
    3.200000000000000       -4.1562001068506991E-003
    3.205000000000000       -4.1284200789389978E-003
    3.210000000000000       -4.0917990338968115E-003
    3.215000000000000       -4.0400726480830658E-003
    3.220000000000000       -3.9680580429111426E-003
    3.225000000000000       -3.8718823577828744E-003
    3.230000000000000       -3.7491806389339306E-003
    3.235000000000000       -3.5992600130081529E-003
    3.240000000000000       -3.4232074122185074E-003
    3.245000000000000       -3.2239239063585323E-003
    3.250000000000000       -3.0060675663815442E-003
    3.255000000000000       -2.7758975836034288E-003
    3.260000000000000       -2.5410282904484767E-003
    3.265000000000000       -2.3101102855596323E-003
    3.270000000000000       -2.0924552211494869E-003
    3.275000000000000       -1.8976315171910530E-003
    3.280000000000000       -1.7350485227313275E-003
    3.285000000000000       -1.6135550818229570E-003
    3.290000000000000       -1.5410805171601229E-003
    3.295000000000000       -1.5243356828788501E-003
    3.300000000000000       -1.5685943370842268E-003
    3.305000000000000       -1.6775393138171664E-003
    3.310000000000000       -1.8531542303321189E-003
    3.315000000000000       -2.0956575640849433E-003
    3.320000000000000       -2.4034727167633263E-003
    3.325000000000000       -2.7732446240773183E-003
    3.330000000000000       -3.1999184629067816E-003
    3.335000000000000       -3.6768753022158203E-003
    3.340000000000000       -4.1961205638278072E-003
    3.345000000000000       -4.7485202274454519E-003
    3.350000000000000       -5.3240834594967961E-003
    3.355000000000000       -5.9122972296537828E-003
    3.360000000000000       -6.5025106601770695E-003
    3.365000000000000       -7.0843471327760899E-003
    3.370000000000000       -7.6480983949137737E-003
    3.375000000000000       -8.1850573730308351E-003
    3.380000000000000       -8.6877668979304392E-003
    3.385000000000000       -9.1501695222580075E-003
    3.390000000000000       -9.5676599568620411E-003
    3.395000000000000       -9.9370538313197301E-003
    3.400000000000000       -1.0256483624605135E-002
    3.405000000000000       -1.0525240887164919E-002
    3.410000000000000       -1.0743590942056156E-002
    3.415000000000000       -1.0912579918285386E-002
    3.420000000000000       -1.1033844180396026E-002
    3.425000000000000       -1.1109427557898321E-002
    3.430000000000000       -1.1141610586131794E-002
    3.435000000000000       -1.1132755572794570E-002
    3.440000000000000       -1.1085171731546479E-002
    3.445000000000000       -1.1001008203354143E-002
    3.450000000000000       -1.0882177233468804E-002
    3.455000000000000       -1.0730312060526255E-002
    3.460000000000000       -1.0546762309237880E-002
    3.465000000000000       -1.0332624651688014E-002
    3.470000000000000       -1.0088813784318258E-002
    3.475000000000000       -9.8161740705923215E-003
    3.480000000000000       -9.5156227232467483E-003
    3.485000000000000       -9.1883074217503058E-003
    3.490000000000000       -8.8357609251820008E-003
    3.495000000000000       -8.4600382287563889E-003
    3.500000000000000       -8.0638167518015731E-003
    3.505000000000000       -7.6504572740507122E-003
    3.510000000000000       -7.2240201118061638E-003
    3.515000000000000       -6.7892270863092063E-003
    3.520000000000000       -6.3513716269217602E-003
    3.525000000000000       -5.9161840993622654E-003
    3.530000000000000       -5.4896613351702488E-003
    3.535000000000000       -5.0778739516483782E-003
    3.540000000000000       -4.6867691414841754E-003
    3.545000000000000       -4.3219803817391291E-003
    3.550000000000000       -3.9886574986868180E-003
    3.555000000000000       -3.6913179040299888E-003
    3.560000000000000       -3.4337203871492408E-003
    3.565000000000000       -3.2187583076127373E-003
    3.570000000000000       -3.0483742730079011E-003
    3.575000000000000       -2.9235095758643762E-003
    3.580000000000000       -2.8440978376851840E-003
    3.585000000000000       -2.8091134909594979E-003
    3.590000000000000       -2.8166712269228199E-003
    3.595000000000000       -2.8641567899192975E-003
    3.600000000000000       -2.9483777517878034E-003
    3.605000000000000       -3.0657153832682775E-003
    3.610000000000000       -3.2122657609603449E-003
    3.615000000000000       -3.3839698081435525E-003
    3.620000000000000       -3.5767222112939763E-003
    3.625000000000000       -3.7864527509551094E-003
    3.630000000000000       -4.0091855251370427E-003
    3.635000000000000       -4.2410798019817504E-003
    3.640000000000000       -4.4784555202464906E-003
    3.645000000000000       -4.7178237935876339E-003
    3.650000000000000       -4.9559287978558020E-003
    3.655000000000000       -5.1898023854550850E-003
    3.660000000000000       -5.4168286915553976E-003
    3.665000000000000       -5.6348045347373947E-003
    3.670000000000000       -5.8419893414448012E-003
    3.675000000000000       -6.0371341384053858E-003
    3.680000000000000       -6.2194818098022324E-003
    3.685000000000000       -6.3887437796685429E-003
    3.690000000000000       -6.5450538518573147E-003
    3.695000000000000       -6.6889046347797816E-003
    3.700000000000000       -6.8210811779174314E-003
    3.705000000000000       -6.9425983986453925E-003
    3.710000000000000       -7.0546438639199653E-003
    3.715000000000000       -7.1585306996533582E-003
    3.720000000000000       -7.2556609074080844E-003
    3.725000000000000       -7.3474942565924675E-003
    3.730000000000000       -7.4355243823817352E-003
    3.735000000000000       -7.5212537986985994E-003
    3.740000000000000       -7.6061597097796865E-003
    3.745000000000000       -7.6916384790569321E-003
    3.750000000000000       -7.7789265790929365E-003
    3.755000000000000       -7.8689970506328821E-003
    3.760000000000000       -7.9624293604107343E-003
    3.765000000000000       -8.0592840509171051E-003
    3.770000000000000       -8.1590101676009432E-003
    3.775000000000000       -8.2604045589523398E-003
    3.780000000000000       -8.3616272833319840E-003
    3.785000000000000       -8.4602568847573085E-003
    3.790000000000000       -8.5533661716444183E-003
    3.795000000000000       -8.6376164056641365E-003
    3.800000000000000       -8.7093777333070737E-003
    3.805000000000000       -8.7648694770546545E-003
    3.810000000000000       -8.8002985418217694E-003
    3.815000000000000       -8.8119805796388757E-003
    3.820000000000000       -8.7964390210058507E-003
    3.825000000000000       -8.7505026283818896E-003
    3.830000000000000       -8.6714207814803430E-003
    3.835000000000000       -8.5569826185906912E-003
    3.840000000000000       -8.4056154338921090E-003
    3.845000000000000       -8.2164384807966115E-003
    3.850000000000000       -7.9892624381401998E-003
    3.855000000000000       -7.7245412070720842E-003
    3.860000000000000       -7.4232827293693058E-003
    3.865000000000000       -7.0869371284900726E-003
    3.870000000000000       -6.7172949546425560E-003
    3.875000000000000       -6.3164241749846681E-003
    3.880000000000000       -5.8866412916041098E-003
    3.885000000000000       -5.4304810430666919E-003
    3.890000000000000       -4.9506299532942108E-003
    3.895000000000000       -4.4498097760050284E-003
    3.900000000000000       -3.9306275842899097E-003
    3.905000000000000       -3.3954359113952517E-003
    3.910000000000000       -2.8462439427763361E-003
    3.915000000000000       -2.2847084044622834E-003
    3.920000000000000       -1.7122182110776285E-003
    3.925000000000000       -1.1300579582765564E-003
    3.930000000000000       -5.3961664212175533E-004
    3.935000000000000        5.7401183947852266E-005
    3.940000000000000        6.5879814267541423E-004
    3.945000000000000        1.2617735739332931E-003
    3.950000000000000        1.8628951436205913E-003
    3.955000000000000        2.4581538709737751E-003
    3.960000000000000        3.0430898052901285E-003
    3.965000000000000        3.6129647811982495E-003
    3.970000000000000        4.1629583503540069E-003
    3.975000000000000        4.6883595411318195E-003
    3.980000000000000        5.1847381421155951E-003
    3.985000000000000        5.6480864202088217E-003
    3.990000000000000        6.0749277664806005E-003
    3.995000000000000        6.4624022531466920E-003
    4.000000000000000        6.8083298513628590E-003
