    0.000000000000000         2.547309645633672     
   5.0000000000000000E-003    2.538053526703263     
   1.0000000000000000E-002    2.510505087605259     
   1.5000000000000000E-002    2.465285875501195     
   2.0000000000000000E-002    2.403392646453868     
   2.5000000000000000E-002    2.326143948405738     
   3.0000000000000000E-002    2.235114748885840     
   3.5000000000000004E-002    2.132065821304509     
   4.0000000000000000E-002    2.018873847807232     
   4.5000000000000000E-002    1.897466741796109     
   5.0000000000000000E-002    1.769767047160992     
   5.5000000000000000E-002    1.637644776718679     
   6.0000000000000000E-002    1.502879910391644     
   6.5000000000000000E-002    1.367134027868974     
   7.0000000000000009E-002    1.231930141507467     
   7.5000000000000000E-002    1.098639605826457     
   8.0000000000000000E-002   0.9684749717245268     
   8.5000000000000000E-002   0.8424877332157493     
   9.0000000000000000E-002   0.7215700087426206     
   9.5000000000000000E-002   0.6064593080414136     
   0.1000000000000000        0.4977456468746266     
   0.1050000000000000        0.3958803747247476     
   0.1100000000000000        0.3011861663983003     
   0.1150000000000000        0.2138677377553141     
   0.1200000000000000        0.1340229246222677     
   0.1250000000000000        6.1653833027518843E-002
   0.1300000000000000       -3.3221520157531907E-003
   0.1350000000000000       -6.1061669348478889E-002
   0.1400000000000000       -0.1117851282016125     
   0.1450000000000000       -0.1557669882161694     
   0.1500000000000000       -0.1933266297206102     
   0.1550000000000000       -0.2248198322695511     
   0.1600000000000000       -0.2506308556456454     
   0.1650000000000000       -0.2711651082336041     
   0.1700000000000000       -0.2868423786772261     
   0.1750000000000000       -0.2980906094029899     
   0.1800000000000000       -0.3053402050628069     
   0.1850000000000000       -0.3090188650988167     
   0.1900000000000000       -0.3095469329084061     
   0.1950000000000000       -0.3073332649736583     
   0.2000000000000000       -0.3027716218713388     
   0.2050000000000000       -0.2962375709732123     
   0.2100000000000000       -0.2880858966515126     
   0.2150000000000000       -0.2786485098143275     
   0.2200000000000000       -0.2682328377604159     
   0.2250000000000000       -0.2571206684363268     
   0.2300000000000000       -0.2455674138819032     
   0.2350000000000000       -0.2338017607784384     
   0.2400000000000000       -0.2220256743051322     
   0.2450000000000000       -0.2104147297914988     
   0.2500000000000000       -0.1991187403390246     
   0.2550000000000000       -0.1882626489665925     
   0.2600000000000000       -0.1779476574957389     
   0.2650000000000000       -0.1682525604100406     
   0.2700000000000000       -0.1592352551213100     
   0.2750000000000000       -0.1509343907580880     
   0.2800000000000000       -0.1433711185509921     
   0.2850000000000001       -0.1365509063585879     
   0.2900000000000000       -0.1304653763942806     
   0.2950000000000000       -0.1250941402033919     
   0.3000000000000000       -0.1204066058146350     
   0.3050000000000000       -0.1163637298118126     
   0.3100000000000000       -0.1129196903458971     
   0.3150000000000000       -0.1100234546088532     
   0.3200000000000000       -0.1076202349932196     
   0.3250000000000000       -0.1056528373022470     
   0.3300000000000000       -0.1040628985185326     
   0.3350000000000000       -0.1027920210969962     
   0.3400000000000000       -0.1017827978014001     
   0.3450000000000000       -0.1009797181074783     
   0.3500000000000000       -0.1003299552014367     
   0.3550000000000000       -9.9784022583435732E-002
   0.3600000000000000       -9.9296290205576732E-002
   0.3650000000000000       -9.8825358126875145E-002
   0.3700000000000000       -9.8334287960639895E-002
   0.3750000000000000       -9.7790703907108210E-002
   0.3800000000000000       -9.7166789409248171E-002
   0.3850000000000000       -9.6439211504567162E-002
   0.3900000000000000       -9.5589004225081453E-002
   0.3950000000000000       -9.4601435535657252E-002
   0.4000000000000000       -9.3465864214442753E-002
   0.4050000000000001       -9.2175572931122058E-002
   0.4100000000000001       -9.0727570643047581E-002
   0.4150000000000000       -8.9122364910263805E-002
   0.4200000000000000       -8.7363705769156379E-002
   0.4250000000000000       -8.5458321734643530E-002
   0.4300000000000000       -8.3415667248961949E-002
   0.4350000000000000       -8.1247677001400813E-002
   0.4400000000000000       -7.8968515070439445E-002
   0.4450000000000000       -7.6594305804611373E-002
   0.4500000000000000       -7.4142827291936610E-002
   0.4550000000000000       -7.1633163469305767E-002
   0.4600000000000001       -6.9085326242081742E-002
   0.4650000000000000       -6.6519862323359593E-002
   0.4700000000000000       -6.3957451926050899E-002
   0.4750000000000000       -6.1418507067637709E-002
   0.4800000000000000       -5.8922772448869756E-002
   0.4850000000000000       -5.6488935082516090E-002
   0.4900000000000000       -5.4134262789670151E-002
   0.4950000000000000       -5.1874287159032288E-002
   0.5000000000000000       -4.9722538148185365E-002
   0.5050000000000000       -4.7690331618304258E-002
   0.5100000000000000       -4.5786611693668249E-002
   0.5150000000000000       -4.4017844391047953E-002
   0.5200000000000000       -4.2387960732185981E-002
   0.5250000000000000       -4.0898345840756054E-002
   0.5300000000000001       -3.9547869200153709E-002
   0.5350000000000001       -3.8332948822684427E-002
   0.5400000000000000       -3.7247653433784893E-002
   0.5450000000000000       -3.6283848306980659E-002
   0.5500000000000000       -3.5431392946447557E-002
   0.5550000000000001       -3.4678398886104214E-002
   0.5600000000000001       -3.4011552370470000E-002
   0.5650000000000000       -3.3416495206793013E-002
   0.5700000000000001       -3.2878247070456417E-002
   0.5750000000000001       -3.2381657646265030E-002
   0.5800000000000000       -3.1911865502694452E-002
   0.5850000000000000       -3.1454747698846397E-002
   0.5899999999999999       -3.0997346616858912E-002
   0.5949999999999999       -3.0528259817829118E-002
   0.6000000000000000       -3.0037982742563769E-002
   0.6050000000000000       -2.9519177141772413E-002
   0.6100000000000000       -2.8966848659191600E-002
   0.6150000000000000       -2.8378417645043639E-002
   0.6200000000000000       -2.7753667134038169E-002
   0.6250000000000000       -2.7094573441829710E-002
   0.6300000000000000       -2.6405028214368897E-002
   0.6350000000000000       -2.5690479746314079E-002
   0.6400000000000000       -2.4957529204979649E-002
   0.6450000000000000       -2.4213516346634014E-002
   0.6500000000000000       -2.3466125238295428E-002
   0.6550000000000001       -2.2723019799316106E-002
   0.6600000000000001       -2.1991508912218398E-002
   0.6650000000000000       -2.1278255142657017E-002
   0.6700000000000000       -2.0589042049239117E-002
   0.6750000000000000       -1.9928617906425680E-002
   0.6800000000000001       -1.9300617688332039E-002
   0.6850000000000001       -1.8707552393249948E-002
   0.6900000000000000       -1.8150841832403124E-002
   0.6950000000000001       -1.7630858024046958E-002
   0.7000000000000001       -1.7146967945686253E-002
   0.7050000000000000       -1.6697575935649818E-002
   0.7100000000000000       -1.6280173391895354E-002
   0.7149999999999999       -1.5891405917336301E-002
   0.7199999999999999       -1.5527170297008528E-002
   0.7250000000000000       -1.5182742886766003E-002
   0.7300000000000000       -1.4852936028998438E-002
   0.7350000000000000       -1.4532278125849758E-002
   0.7400000000000000       -1.4215213545785530E-002
   0.7450000000000000       -1.3896312842181375E-002
   0.7500000000000000       -1.3570487862346230E-002
   0.7550000000000000       -1.3233210911960422E-002
   0.7600000000000000       -1.2880732489095661E-002
   0.7650000000000000       -1.2510283070505035E-002
   0.7700000000000000       -1.2120236004066220E-002
   0.7750000000000000       -1.1710215446327421E-002
   0.7800000000000001       -1.1281133134036752E-002
   0.7850000000000001       -1.0835147974112460E-002
   0.7900000000000000       -1.0375544393832501E-002
   0.7950000000000000       -9.9065411776002872E-003
   0.8000000000000000       -9.4330528067220367E-003
   0.8050000000000001       -8.9604158406171752E-003
   0.8100000000000001       -8.4941026948222085E-003
   0.8150000000000000       -8.0394405658231349E-003
   0.8200000000000001       -7.6013465283959913E-003
   0.8250000000000000       -7.1840857310766619E-003
   0.8300000000000001       -6.7910653506345495E-003
   0.8350000000000000       -6.4246747148707106E-003
   0.8400000000000000       -6.0861834625006761E-003
   0.8449999999999999       -5.7757205451385865E-003
   0.8500000000000000       -5.4923479310680987E-003
   0.8550000000000001       -5.2342334694180614E-003
   0.8600000000000000       -4.9989090379717558E-003
   0.8650000000000000       -4.7835827674730593E-003
   0.8699999999999999       -4.5854580378519207E-003
   0.8750000000000000       -4.4020173172635122E-003
   0.8800000000000001       -4.2312470768440402E-003
   0.8850000000000000       -4.0717888324743781E-003
   0.8900000000000000       -3.9230165030608010E-003
   0.8949999999999999       -3.7850553838842984E-003
   0.9000000000000000       -3.6587571622553545E-003
   0.9050000000000001       -3.5456458217488942E-003
   0.9100000000000000       -3.4478445601800272E-003
   0.9150000000000000       -3.3679911372585392E-003
   0.9200000000000001       -3.3091458945464334E-003
   0.9250000000000000       -3.2746933807637020E-003
   0.9300000000000001       -3.2682458186796626E-003
   0.9350000000000001       -3.2935506413371223E-003
   0.9400000000000000       -3.3544020176320144E-003
   0.9450000000000001       -3.4545583515269063E-003
   0.9500000000000000       -3.5976549264846476E-003
   0.9550000000000001       -3.7871010429456735E-003
   0.9600000000000000       -4.0259585666511866E-003
   0.9650000000000000       -4.3167917145256993E-003
   0.9699999999999999       -4.6614950344051174E-003
   0.9750000000000000       -5.0611162672092247E-003
   0.9800000000000001       -5.5156927006469001E-003
   0.9850000000000000       -6.0241189180217081E-003
   0.9900000000000000       -6.5840565042380517E-003
   0.9949999999999999       -7.1918927761220104E-003
    1.000000000000000       -7.8427481152340288E-003
    1.005000000000000       -8.5305246566581179E-003
    1.010000000000000       -9.2479871666645348E-003
    1.015000000000000       -9.9868738422307430E-003
    1.020000000000000       -1.0738040151838946E-002
    1.025000000000000       -1.1491633617505144E-002
    1.030000000000000       -1.2237294572841699E-002
    1.035000000000000       -1.2964378967113019E-002
    1.040000000000000       -1.3662195989043844E-002
    1.045000000000000       -1.4320248768295829E-002
    1.050000000000000       -1.4928469737535712E-002
    1.055000000000000       -1.5477445980258322E-002
    1.060000000000000       -1.5958621358186513E-002
    1.065000000000000       -1.6364476108533021E-002
    1.070000000000000       -1.6688686721941124E-002
    1.075000000000000       -1.6926258751274337E-002
    1.080000000000000       -1.7073628570361697E-002
    1.085000000000000       -1.7128732885115181E-002
    1.090000000000000       -1.7091037803496056E-002
    1.095000000000000       -1.6961517386717803E-002
    1.100000000000000       -1.6742583551303412E-002
    1.105000000000000       -1.6437960561751868E-002
    1.110000000000000       -1.6052506080009077E-002
    1.115000000000000       -1.5591990850923536E-002
    1.120000000000000       -1.5062857126499686E-002
    1.125000000000000       -1.4471981885956417E-002
    1.130000000000000       -1.3826456812048649E-002
    1.135000000000000       -1.3133396088148630E-002
    1.140000000000000       -1.2399772404227902E-002
    1.145000000000000       -1.1632271643945848E-002
    1.150000000000000       -1.0837173418210708E-002
    1.155000000000000       -1.0020268862189003E-002
    1.160000000000000       -9.1868295287698807E-003
    1.165000000000000       -8.3416444705984016E-003
    1.170000000000000       -7.4891216514197954E-003
    1.175000000000000       -6.6334354642890601E-003
    1.180000000000000       -5.7786963147760346E-003
    1.185000000000000       -4.9291158128205117E-003
    1.190000000000000       -4.0891415497182457E-003
    1.195000000000000       -3.2635457666475798E-003
    1.200000000000000       -2.4574571839352206E-003
    1.205000000000000       -1.6763286830603925E-003
    1.210000000000000       -9.2585232870189618E-004
    1.215000000000000       -2.1183534913969164E-004
    1.220000000000000        4.5994178851558427E-004
    1.225000000000000        1.0838674434513276E-003
    1.230000000000000        1.6546331041838616E-003
    1.235000000000000        2.1673489075230097E-003
    1.240000000000000        2.6176470679380759E-003
    1.245000000000000        3.0017817191790690E-003
    1.250000000000000        3.3167237700642724E-003
    1.255000000000000        3.5602494652656547E-003
    1.260000000000000        3.7310065888908444E-003
    1.265000000000000        3.8285476905009705E-003
    1.270000000000000        3.8533253040823713E-003
    1.275000000000000        3.8066495743477869E-003
    1.280000000000000        3.6906257932251387E-003
    1.285000000000000        3.5080899122116795E-003
    1.290000000000000        3.2625646380348376E-003
    1.295000000000000        2.9582468669441703E-003
    1.300000000000000        2.6000289970116608E-003
    1.305000000000000        2.1935430588752522E-003
    1.310000000000000        1.7451969580357058E-003
    1.315000000000000        1.2621847624675593E-003
    1.320000000000000        7.5245915863131945E-004
    1.325000000000000        2.2465898792017609E-004
    1.330000000000000       -3.1201360552068436E-004
    1.335000000000000       -8.4797467467683667E-004
    1.340000000000000       -1.3735007643155617E-003
    1.345000000000000       -1.8790209713265027E-003
    1.350000000000000       -2.3554271306175325E-003
    1.355000000000000       -2.7943642100363979E-003
    1.360000000000000       -3.1884809577404467E-003
    1.365000000000000       -3.5316364043977231E-003
    1.370000000000000       -3.8190602149480473E-003
    1.375000000000000       -4.0474632636987344E-003
    1.380000000000000       -4.2150897726463334E-003
    1.385000000000000       -4.3217022218835659E-003
    1.390000000000000       -4.3685039896889659E-003
    1.395000000000000       -4.3580080948205895E-003
    1.400000000000000       -4.2938608513781329E-003
    1.405000000000000       -4.1806366225889802E-003
    1.410000000000000       -4.0236146145530327E-003
    1.415000000000000       -3.8285524020913106E-003
    1.420000000000000       -3.6014709069071564E-003
    1.425000000000000       -3.3484601622171972E-003
    1.430000000000000       -3.0755111972109122E-003
    1.435000000000000       -2.7883828950354657E-003
    1.440000000000000       -2.4925134286127832E-003
    1.445000000000000       -2.1929689526865945E-003
    1.450000000000000       -1.8944247821687622E-003
    1.455000000000000       -1.6011701154018376E-003
    1.460000000000000       -1.3171180139331982E-003
    1.465000000000000       -1.0458090795010673E-003
    1.470000000000000       -7.9039830361450560E-004
    1.475000000000000       -5.5362298070160332E-004
    1.480000000000000       -3.3775609692181070E-004
    1.485000000000000       -1.4455072724369666E-004
    1.490000000000000        2.4819289482033495E-005
    1.495000000000000        1.6981944975052552E-004
    1.500000000000000        2.9061224957762470E-004
    1.505000000000000        3.8810695053818769E-004
    1.510000000000000        4.6399504607084783E-004
    1.515000000000000        5.2075542005314208E-004
    1.520000000000000        5.6161082204482504E-004
    1.525000000000000        5.9042123751450397E-004
    1.530000000000000        6.1151299857137893E-004
    1.535000000000000        6.2944967967350172E-004
    1.540000000000000        6.4876531001215270E-004
    1.545000000000000        6.7369268113102487E-004
    1.550000000000000        7.0791277770426397E-004
    1.555000000000000        7.5435262576360991E-004
    1.560000000000000        8.1505470008505938E-004
    1.565000000000000        8.9112901368953317E-004
    1.570000000000000        9.8279048931646642E-004
    1.575000000000000        1.0894671564049088E-003
    1.580000000000000        1.2099581896018154E-003
    1.585000000000000        1.3426164207593041E-003
    1.590000000000000        1.4855248678252564E-003
    1.595000000000000        1.6366585354128826E-003
    1.600000000000000        1.7940292847493380E-003
    1.605000000000000        1.9558126061575186E-003
    1.610000000000000        2.1204522830051449E-003
    1.615000000000000        2.2867409773085043E-003
    1.620000000000000        2.4538736377532762E-003
    1.625000000000000        2.6214678336071318E-003
    1.630000000000000        2.7895474322989875E-003
    1.635000000000000        2.9584820307796758E-003
    1.640000000000000        3.1288878607076676E-003
    1.645000000000000        3.3014969624658264E-003
    1.650000000000000        3.4769985022690451E-003
    1.655000000000000        3.6558709046403304E-003
    1.660000000000000        3.8382325581255419E-003
    1.665000000000000        4.0237349381894543E-003
    1.670000000000000        4.2115064712445021E-003
    1.675000000000000        4.4001552694296731E-003
    1.680000000000000        4.5878326209906275E-003
    1.685000000000000        4.7723464563997844E-003
    1.690000000000000        4.9513167551611286E-003
    1.695000000000000        5.1223474846939476E-003
    1.700000000000000        5.2831887393209866E-003
    1.705000000000000        5.4318660816532756E-003
    1.710000000000000        5.5667543742284122E-003
    1.715000000000000        5.6866026256138271E-003
    1.720000000000000        5.7905207421483631E-003
    1.725000000000000        5.8779480337492096E-003
    1.730000000000000        5.9486241035070675E-003
    1.735000000000000        6.0025705902039714E-003
    1.740000000000000        6.0400908981868282E-003
    1.745000000000000        6.0617746067728913E-003
    1.750000000000000        6.0684978797138385E-003
    1.755000000000000        6.0614144085145050E-003
    1.760000000000000        6.0419257477827824E-003
    1.765000000000000        6.0116312716817593E-003
    1.770000000000000        5.9722693356726930E-003
    1.775000000000000        5.9256667830923382E-003
    1.780000000000000        5.8737043618942391E-003
    1.785000000000000        5.8182990796784342E-003
    1.790000000000000        5.7614021023269570E-003
    1.795000000000000        5.7049975976453657E-003
    1.800000000000000        5.6510922039505820E-003
    1.805000000000000        5.6016892836457401E-003
    1.810000000000000        5.5587408565723093E-003
    1.815000000000000        5.5240816589891928E-003
    1.820000000000000        5.4993438089198801E-003
    1.825000000000000        5.4858588718497101E-003
    1.830000000000000        5.4845559006641942E-003
    1.835000000000000        5.4958505872905867E-003
    1.840000000000000        5.5195372295199387E-003
    1.845000000000000        5.5546943160710676E-003
    1.850000000000000        5.5995968679828954E-003
    1.855000000000000        5.6516386230290072E-003
    1.860000000000000        5.7072741459592944E-003
    1.865000000000000        5.7619895178710587E-003
    1.870000000000000        5.8103170365751549E-003
    1.875000000000000        5.8459106065244013E-003
    1.880000000000000        5.8616916955681919E-003
    1.885000000000000        5.8500549366661563E-003
    1.890000000000000        5.8031191685956509E-003
    1.895000000000000        5.7130067225253622E-003
    1.900000000000000        5.5721291080417279E-003
    1.905000000000000        5.3734630160558838E-003
    1.910000000000000        5.1108016525949864E-003
    1.915000000000000        4.7789732706740038E-003
    1.920000000000000        4.3740269006982162E-003
    1.925000000000000        3.8933844325844600E-003
    1.930000000000000        3.3359674199218547E-003
    1.935000000000000        2.7023125825605736E-003
    1.940000000000000        1.9946822981959500E-003
    1.945000000000000        1.2171687670537708E-003
    1.950000000000000        3.7577540226462949E-004
    1.955000000000000       -5.2155725985933818E-004
    1.960000000000000       -1.4650055450166388E-003
    1.965000000000000       -2.4429959874086213E-003
    1.970000000000000       -3.4424099664979306E-003
    1.975000000000000       -4.4488513606751745E-003
    1.980000000000000       -5.4469669061457680E-003
    1.985000000000000       -6.4208155865212753E-003
    1.990000000000000       -7.3542871549039770E-003
    1.995000000000000       -8.2315676116759171E-003
    2.000000000000000       -9.0376359923152343E-003
    2.005000000000000       -9.7587667820150372E-003
    2.010000000000000       -1.0383001854483913E-002
    2.015000000000000       -1.0900555378214740E-002
    2.020000000000000       -1.1304119288419829E-002
    2.025000000000000       -1.1589048525869643E-002
    2.030000000000000       -1.1753430089896846E-002
    2.035000000000000       -1.1798037161361141E-002
    2.040000000000000       -1.1726177052794053E-002
    2.045000000000000       -1.1543450490863836E-002
    2.050000000000000       -1.1257444009675903E-002
    2.055000000000000       -1.0877369863990833E-002
    2.060000000000000       -1.0413669550345803E-002
    2.065000000000000       -9.8776022911745613E-003
    2.070000000000000       -9.2808359577584429E-003
    2.075000000000000       -8.6350677724205518E-003
    2.080000000000000       -7.9516987849771814E-003
    2.085000000000000       -7.2415716323195758E-003
    2.090000000000000       -6.5147825644497459E-003
    2.095000000000000       -5.7805672988611034E-003
    2.100000000000000       -5.0472475933110648E-003
    2.105000000000000       -4.3222262269347969E-003
    2.110000000000000       -3.6120165418924870E-003
    2.115000000000000       -2.9222928456735637E-003
    2.120000000000000       -2.2579486081328897E-003
    2.125000000000000       -1.6231517932551358E-003
    2.130000000000000       -1.0213923236846880E-003
    2.135000000000000       -4.5552009534789608E-004
    2.140000000000000        7.2229249084259148E-005
    2.145000000000000        5.6021188580582004E-004
    2.150000000000000        1.0073375113383742E-003
    2.155000000000000        1.4130045395744506E-003
    2.160000000000000        1.7769972924235098E-003
    2.165000000000000        2.0993412323819487E-003
    2.170000000000000        2.3801418307920299E-003
    2.175000000000000        2.6194221536875908E-003
    2.180000000000000        2.8169866920573039E-003
    2.185000000000000        2.9723444100661606E-003
    2.190000000000000        3.0847022300711373E-003
    2.195000000000000        3.1530282978064812E-003
    2.200000000000000        3.1761713853738751E-003
    2.205000000000000        3.1530213697911567E-003
    2.210000000000000        3.0826912534294602E-003
    2.215000000000000        2.9647032278711771E-003
    2.220000000000000        2.7991569048395055E-003
    2.225000000000000        2.5868668277707014E-003
    2.230000000000000        2.3294524769598124E-003
    2.235000000000000        2.0293707839355148E-003
    2.240000000000000        1.6898930484326562E-003
    2.245000000000000        1.3150250183427135E-003
    2.250000000000000        9.0938043698857438E-004
    2.255000000000000        4.7802792387179673E-004
    2.260000000000000        2.6327623309370427E-005
    2.265000000000000       -4.4021888160846565E-004
    2.270000000000000       -9.1609114385653285E-004
    2.275000000000000       -1.3958414827615786E-003
    2.280000000000000       -1.8741500783822925E-003
    2.285000000000000       -2.3458523042643575E-003
    2.290000000000000       -2.8059501299456588E-003
    2.295000000000000       -3.2496202419865443E-003
    2.300000000000000       -3.6722343967982809E-003
    2.305000000000000       -4.0694001438079299E-003
    2.310000000000000       -4.4370206701540047E-003
    2.315000000000000       -4.7713704494297673E-003
    2.320000000000000       -5.0691816147434290E-003
    2.325000000000000       -5.3277282176168868E-003
    2.330000000000000       -5.5449167368072416E-003
    2.335000000000000       -5.7193888782587488E-003
    2.340000000000000       -5.8506299252195095E-003
    2.345000000000000       -5.9390826558136283E-003
    2.350000000000000       -5.9862404007245065E-003
    2.355000000000000       -5.9946825586218244E-003
    2.360000000000000       -5.9680359493957873E-003
    2.365000000000000       -5.9108670290184477E-003
    2.370000000000000       -5.8285272682523726E-003
    2.375000000000000       -5.7269675011347507E-003
    2.380000000000000       -5.6125330217829301E-003
    2.385000000000000       -5.4917399191428977E-003
    2.390000000000000       -5.3710305734799171E-003
    2.395000000000000       -5.2565254761767903E-003
    2.400000000000000       -5.1537924551087366E-003
    2.405000000000000       -5.0676534282252934E-003
    2.410000000000000       -5.0020373001516454E-003
    2.415000000000000       -4.9598784760898882E-003
    2.420000000000000       -4.9430559494436359E-003
    2.425000000000000       -4.9523687516897441E-003
    2.430000000000000       -4.9875395680053334E-003
    2.435000000000000       -5.0472448862530808E-003
    2.440000000000000       -5.1291627990263065E-003
    2.445000000000000       -5.2300367961990277E-003
    2.450000000000000       -5.3457611943305237E-003
    2.455000000000000       -5.4714843492366345E-003
    2.460000000000000       -5.6017400866694489E-003
    2.465000000000000       -5.7306046694930854E-003
    2.470000000000000       -5.8518726846076223E-003
    2.475000000000000       -5.9592551759448007E-003
    2.480000000000000       -6.0465978666650164E-003
    2.485000000000000       -6.1081158723016724E-003
    2.490000000000000       -6.1386384651605184E-003
    2.495000000000000       -6.1338547001768173E-003
    2.500000000000000       -6.0905367456668760E-003
    2.505000000000000       -6.0067118088436855E-003
    2.510000000000000       -5.8817617293759437E-003
    2.515000000000000       -5.7164430933200432E-003
    2.520000000000000       -5.5128334294601515E-003
    2.525000000000000       -5.2742241132118783E-003
    2.530000000000000       -5.0049789718582050E-003
    2.535000000000000       -4.7103629984815658E-003
    2.540000000000000       -4.3963524236150491E-003
    2.545000000000000       -4.0694383631239459E-003
    2.550000000000000       -3.7364315371163133E-003
    2.555000000000000       -3.4042738294022046E-003
    2.560000000000000       -3.0798608777527416E-003
    2.565000000000000       -2.7698728483818149E-003
    2.570000000000000       -2.4806203559428681E-003
    2.575000000000000       -2.2179008119797854E-003
    2.580000000000000       -1.9868642479076733E-003
    2.585000000000000       -1.7919000483742131E-003
    2.590000000000000       -1.6365458560749360E-003
    2.595000000000000       -1.5234153915129394E-003
    2.600000000000000       -1.4541468090248069E-003
    2.605000000000000       -1.4293714818833201E-003
    2.610000000000000       -1.4487009323982083E-003
    2.615000000000000       -1.5107361355561180E-003
    2.620000000000000       -1.6131035701481455E-003
    2.625000000000000       -1.7525375320672179E-003
    2.630000000000000       -1.9250189483734875E-003
    2.635000000000000       -2.1259703850117377E-003
    2.640000000000000       -2.3504970558427560E-003
    2.645000000000000       -2.5936552453407531E-003
    2.650000000000000       -2.8507077537717107E-003
    2.655000000000000       -3.1173373442618142E-003
    2.660000000000000       -3.3897978370424555E-003
    2.665000000000000       -3.6649929889613411E-003
    2.670000000000000       -3.9404940132005120E-003
    2.675000000000000       -4.2144985046289021E-003
    2.680000000000000       -4.4857452267926039E-003
    2.685000000000000       -4.7533834527433818E-003
    2.690000000000000       -5.0167934504340463E-003
    2.695000000000000       -5.2753797535973330E-003
    2.700000000000000       -5.5283570556785788E-003
    2.705000000000000       -5.7745512560386274E-003
    2.710000000000000       -6.0122363550736555E-003
    2.715000000000000       -6.2390173803399662E-003
    2.720000000000000       -6.4517665737208940E-003
    2.725000000000000       -6.6466153963171521E-003
    2.730000000000000       -6.8189983190070453E-003
    2.735000000000000       -6.9637443155184267E-003
    2.740000000000000       -7.0752057198557994E-003
    2.745000000000000       -7.1474015716639974E-003
    2.750000000000000       -7.1741694510633902E-003
    2.755000000000000       -7.1493199896018886E-003
    2.760000000000000       -7.0667876333608834E-003
    2.765000000000000       -6.9207820535593783E-003
    2.770000000000000       -6.7059541226045507E-003
    2.775000000000000       -6.4175830455014875E-003
    2.780000000000000       -6.0517885091562187E-003
    2.785000000000000       -5.6057668688311404E-003
    2.790000000000000       -5.0780251010449815E-003
    2.795000000000000       -4.4685986475505146E-003
    2.800000000000000       -3.7792390303516084E-003
    2.805000000000000       -3.0135608444052799E-003
    2.810000000000000       -2.1771335189160572E-003
    2.815000000000000       -1.2774980327049059E-003
    2.820000000000000       -3.2409115561790047E-004
    2.825000000000000        6.7193105530559656E-004
    2.830000000000000        1.6979633721821092E-003
    2.835000000000000        2.7403115984440074E-003
    2.840000000000000        3.7846171719976280E-003
    2.845000000000000        4.8163080345495386E-003
    2.850000000000000        5.8210334997554334E-003
    2.855000000000000        6.7850511259789927E-003
    2.860000000000000        7.6955436186314854E-003
    2.865000000000000        8.5408573054417012E-003
    2.870000000000000        9.3106710890853037E-003
    2.875000000000000        9.9961077517893049E-003
    2.880000000000000        1.0589798034133520E-002
    2.885000000000000        1.1085912486842453E-002
    2.890000000000000        1.1480168384409484E-002
    2.895000000000000        1.1769810658158393E-002
    2.900000000000000        1.1953567630408508E-002
    2.905000000000000        1.2031578630340072E-002
    2.910000000000000        1.2005291728071805E-002
    2.915000000000000        1.1877335380627239E-002
    2.920000000000000        1.1651374105615508E-002
    2.925000000000000        1.1331961470824117E-002
    2.930000000000000        1.0924406393453676E-002
    2.935000000000000        1.0434657466527690E-002
    2.940000000000000        9.8692086328928870E-003
    2.945000000000000        9.2350249425426583E-003
    2.950000000000000        8.5394818063601292E-003
    2.955000000000000        7.7903166849873875E-003
    2.960000000000000        6.9955861426685297E-003
    2.965000000000000        6.1636291007310060E-003
    2.970000000000000        5.3030313857373095E-003
    2.975000000000000        4.4225761920721922E-003
    2.980000000000000        3.5311628608963130E-003
    2.985000000000000        2.6376890995873170E-003
    2.990000000000000        1.7509058468121605E-003
    2.995000000000000        8.7925885219874562E-004
    3.000000000000000        3.0741804337883378E-005
    3.005000000000000       -7.8722474571399488E-004
    3.010000000000000       -1.5678829012586593E-003
    3.015000000000000       -2.3051869659942876E-003
    3.020000000000000       -2.9938210087250798E-003
    3.025000000000000       -3.6291951169753354E-003
    3.030000000000000       -4.2074309865897224E-003
    3.035000000000000       -4.7253441537456204E-003
    3.040000000000000       -5.1804208827021636E-003
    3.045000000000000       -5.5707903116991941E-003
    3.050000000000000       -5.8951897809337765E-003
    3.055000000000000       -6.1529209832879292E-003
    3.060000000000000       -6.3437855696582401E-003
    3.065000000000000       -6.4679956516194759E-003
    3.070000000000000       -6.5260725744989534E-003
    3.075000000000000       -6.5187483663017076E-003
    3.080000000000000       -6.4468923153738604E-003
    3.085000000000000       -6.3114682603171719E-003
    3.090000000000000       -6.1135144117288327E-003
    3.095000000000000       -5.8541393911832511E-003
    3.100000000000000       -5.5345283971375530E-003
    3.105000000000000       -5.1559601765869640E-003
    3.110000000000000       -4.7198379803703254E-003
    3.115000000000000       -4.2277453232572970E-003
    3.120000000000000       -3.6815229807240080E-003
    3.125000000000000       -3.0833667904327591E-003
    3.130000000000000       -2.4359417397993797E-003
    3.135000000000000       -1.7425001321786007E-003
    3.140000000000000       -1.0069839597843964E-003
    3.145000000000000       -2.3409217701358340E-004
    3.150000000000000        5.7068869857633953E-004
    3.155000000000000        1.4010829275414642E-003
    3.160000000000000        2.2500422489031031E-003
    3.165000000000000        3.1097877405615981E-003
    3.170000000000000        3.9718859819810447E-003
    3.175000000000000        4.8273597071212082E-003
    3.180000000000000        5.6668367926510355E-003
    3.185000000000000        6.4807276563957146E-003
    3.190000000000000        7.2594230885071767E-003
    3.195000000000000        7.9935115151306801E-003
    3.200000000000000        8.6740134042561188E-003
    3.205000000000000        9.2926355004518246E-003
    3.210000000000000        9.8420312477578218E-003
    3.215000000000000        1.0316051048470629E-002
    3.220000000000000        1.0709968538963284E-002
    3.225000000000000        1.1020664411048569E-002
    3.230000000000000        1.1246761007496142E-002
    3.235000000000000        1.1388701230798421E-002
    3.240000000000000        1.1448759967358013E-002
    3.245000000000000        1.1430981813492123E-002
    3.250000000000000        1.1341045425399048E-002
    3.255000000000000        1.1186052577021757E-002
    3.260000000000000        1.0974248749135014E-002
    3.265000000000000        1.0714696482526775E-002
    3.270000000000000        1.0416922480526856E-002
    3.275000000000000        1.0090550878339095E-002
    3.280000000000000        9.7449542435053758E-003
    3.285000000000000        9.3889570323391283E-003
    3.290000000000000        9.0306260041911894E-003
    3.295000000000000        8.6771645202930401E-003
    3.300000000000000        8.3348445950189447E-003
    3.305000000000000        8.0088814329393738E-003
    3.310000000000000        7.7032459091182588E-003
    3.315000000000000        7.4205147226026869E-003
    3.320000000000000        7.1618375541715240E-003
    3.325000000000000        6.9270248037004878E-003
    3.330000000000000        6.7147210340586501E-003
    3.335000000000000        6.5226268293840794E-003
    3.340000000000000        6.3477406594403387E-003
    3.345000000000000        6.1865902962455070E-003
    3.350000000000000        6.0354383623469365E-003
    3.355000000000000        5.8904538875931429E-003
    3.360000000000000        5.7478362258633906E-003
    3.365000000000000        5.6038920924041040E-003
    3.370000000000000        5.4550764641849812E-003
    3.375000000000000        5.2980164512824546E-003
    3.380000000000000        5.1295366961183761E-003
    3.385000000000000        4.9466901136825143E-003
    3.390000000000000        4.7467953087937529E-003
    3.395000000000000        4.5274747112313038E-003
    3.400000000000000        4.2866799376272242E-003
    3.405000000000000        4.0227022085535014E-003
    3.410000000000000        3.7341707525673948E-003
    3.415000000000000        3.4200442658925958E-003
    3.420000000000000        3.0796106812380457E-003
    3.425000000000000        2.7125140718143048E-003
    3.430000000000000        2.3188156448504555E-003
    3.435000000000000        1.8990852401093377E-003
    3.440000000000000        1.4545079175264615E-003
    3.445000000000000        9.8698898312931718E-004
    3.450000000000000        4.9922939639778647E-004
    3.455000000000000       -5.2539842306256732E-006
    3.460000000000000       -5.2217339892383663E-004
    3.465000000000000       -1.0465779696697988E-003
    3.470000000000000       -1.5729892494021083E-003
    3.475000000000000       -2.0955344102855742E-003
    3.480000000000000       -2.6080700257123257E-003
    3.485000000000000       -3.1043040192001872E-003
    3.490000000000000       -3.5779351536433737E-003
    3.495000000000000       -4.0228107534990567E-003
    3.500000000000000       -4.4330894048893841E-003
    3.505000000000000       -4.8033839330323511E-003
    3.510000000000000       -5.1288649924586966E-003
    3.515000000000000       -5.4053296357561074E-003
    3.520000000000000       -5.6292367510312875E-003
    3.525000000000000       -5.7977171313780582E-003
    3.530000000000000       -5.9085718682992638E-003
    3.535000000000000       -5.9602666814849981E-003
    3.540000000000000       -5.9519263589632834E-003
    3.545000000000000       -5.8833393512602248E-003
    3.550000000000000       -5.7549689184659059E-003
    3.555000000000000       -5.5679645406675329E-003
    3.560000000000000       -5.3241638451372619E-003
    3.565000000000000       -5.0260795208438704E-003
    3.570000000000000       -4.6768777218115130E-003
    3.575000000000000       -4.2803506040313906E-003
    3.580000000000000       -3.8408887354692528E-003
    3.585000000000000       -3.3634573458058705E-003
    3.590000000000000       -2.8535727134772912E-003
    3.595000000000000       -2.3172654995417341E-003
    3.600000000000000       -1.7610270420106935E-003
    3.605000000000000       -1.1917311776211710E-003
    3.610000000000000       -6.1651899173126257E-004
    3.615000000000000       -4.2641754164546954E-005
    3.620000000000000        5.2273784955449951E-004
    3.625000000000000        1.0727840057096647E-003
    3.630000000000000        1.6012598155213182E-003
    3.635000000000000        2.1028216356939691E-003
    3.640000000000000        2.5733153266390305E-003
    3.645000000000000        3.0100495610275275E-003
    3.650000000000000        3.4120147873364171E-003
    3.655000000000000        3.7800229341889873E-003
    3.660000000000000        4.1167442043394278E-003
    3.665000000000000        4.4266230374690432E-003
    3.670000000000000        4.7156774065138860E-003
    3.675000000000000        4.9911858999454299E-003
    3.680000000000000        5.2612836107533383E-003
    3.685000000000000        5.5345035750122298E-003
    3.690000000000000        5.8192962924974321E-003
    3.695000000000000        6.1235558855427916E-003
    3.700000000000000        6.4541735098114188E-003
    3.705000000000000        6.8166338648587130E-003
    3.710000000000000        7.2146764233685845E-003
    3.715000000000000        7.6500439366346917E-003
    3.720000000000000        8.1223401553947490E-003
    3.725000000000000        8.6290060810340847E-003
    3.730000000000000        9.1654102755683589E-003
    3.735000000000000        9.7250449511244454E-003
    3.740000000000000        1.0299810495852548E-002
    3.745000000000000        1.0880359956822059E-002
    3.750000000000000        1.1456484846112351E-002
    3.755000000000000        1.2017524936483044E-002
    3.760000000000000        1.2552776051467305E-002
    3.765000000000000        1.3051883109864377E-002
    3.770000000000000        1.3505208485487554E-002
    3.775000000000000        1.3904168039980442E-002
    3.780000000000000        1.4241529766755061E-002
    3.785000000000000        1.4511663295682706E-002
    3.790000000000000        1.4710727609692169E-002
    3.795000000000000        1.4836781428972299E-002
    3.800000000000000        1.4889801152567637E-002
    3.805000000000000        1.4871604701293320E-002
    3.810000000000000        1.4785693604278678E-002
    3.815000000000000        1.4637042249759949E-002
    3.820000000000000        1.4431862576126626E-002
    3.825000000000000        1.4177366885911713E-002
    3.830000000000000        1.3881545437296217E-002
    3.835000000000000        1.3552959316965598E-002
    3.840000000000000        1.3200547966187086E-002
    3.845000000000000        1.2833435438235463E-002
    3.850000000000000        1.2460716662202795E-002
    3.855000000000000        1.2091219310218129E-002
    3.860000000000000        1.1733238119924081E-002
    3.865000000000000        1.1394253213617391E-002
    3.870000000000000        1.1080651547361158E-002
    3.875000000000000        1.0797475354714425E-002
    3.880000000000000        1.0548218982742443E-002
    3.885000000000000        1.0334691413481831E-002
    3.890000000000000        1.0156958816734605E-002
    3.895000000000000        1.0013368092273864E-002
    3.900000000000000        9.9006460194946992E-003
    3.905000000000000        9.8140628522148976E-003
    3.910000000000000        9.7476473471009459E-003
    3.915000000000000        9.6944358870288116E-003
    3.920000000000000        9.6467415734213251E-003
    3.925000000000000        9.5964345950444940E-003
    3.930000000000000        9.5352139355807868E-003
    3.935000000000000        9.4548533816763207E-003
    3.940000000000000        9.3474120258238180E-003
    3.945000000000000        9.2054043674508907E-003
    3.950000000000000        9.0219281105095188E-003
    3.955000000000000        8.7907598277405583E-003
    3.960000000000000        8.5064350535778086E-003
    3.965000000000000        8.1643143311277129E-003
    3.970000000000000        7.7606441248052214E-003
    3.975000000000000        7.2926149723035172E-003
    3.980000000000000        6.7584103652647576E-003
    3.985000000000000        6.1572550173324530E-003
    3.990000000000000        5.4894575114036233E-003
    3.995000000000000        4.7564467828617243E-003
    4.000000000000000        3.9608108072728978E-003
