    0.000000000000000         2.551042911255421     
   5.0000000000000000E-003    2.541748814799788     
   1.0000000000000000E-002    2.514119920582103     
   1.5000000000000000E-002    2.468784879319062     
   2.0000000000000000E-002    2.406751605828938     
   2.5000000000000000E-002    2.329352827507198     
   3.0000000000000000E-002    2.238179550949648     
   3.5000000000000004E-002    2.135009349850295     
   4.0000000000000000E-002    2.021735534860910     
   4.5000000000000000E-002    1.900301761318926     
   5.0000000000000000E-002    1.772644915548080     
   5.5000000000000000E-002    1.640647598331236     
   6.0000000000000000E-002    1.506100378723809     
   6.5000000000000000E-002    1.370673241593237     
   7.0000000000000009E-002    1.235895265151829     
   7.5000000000000000E-002    1.103141410518999     
   8.0000000000000000E-002   0.9736252951346309     
   8.5000000000000000E-002   0.8483968825313305     
   9.0000000000000000E-002   0.7283441139767443     
   9.5000000000000000E-002   0.6141976388414427     
   0.1000000000000000        0.5065379229494779     
   0.1050000000000000        0.4058041234384061     
   0.1100000000000000        0.3123042093725139     
   0.1150000000000000        0.2262258926667779     
   0.1200000000000000        0.1476480131143784     
   0.1250000000000000        7.6552087003701512E-002
   0.1300000000000000        1.2833788085923117E-002
   0.1350000000000000       -4.3685815540431019E-002
   0.1400000000000000       -9.3249400857919387E-002
   0.1450000000000000       -0.1361530178390377     
   0.1500000000000000       -0.1727362921031907     
   0.1550000000000000       -0.2033732580487389     
   0.1600000000000000       -0.2284638717746430     
   0.1650000000000000       -0.2484262230078756     
   0.1700000000000000       -0.2636894403881112     
   0.1750000000000000       -0.2746872823638510     
   0.1800000000000000       -0.2818523873689285     
   0.1850000000000000       -0.2856111439812081     
   0.1900000000000000       -0.2863791578974944     
   0.1950000000000000       -0.2845573055601958     
   0.2000000000000000       -0.2805283523475032     
   0.2050000000000000       -0.2746541276973762     
   0.2100000000000000       -0.2672732491574010     
   0.2150000000000000       -0.2586993799820668     
   0.2200000000000000       -0.2492200108698460     
   0.2250000000000000       -0.2390957464002440     
   0.2300000000000000       -0.2285600718120723     
   0.2350000000000000       -0.2178195613759893     
   0.2400000000000000       -0.2070544781590918     
   0.2450000000000000       -0.1964197041926712     
   0.2500000000000000       -0.1860459317472642     
   0.2550000000000000       -0.1760410451031540     
   0.2600000000000000       -0.1664916238418278     
   0.2650000000000000       -0.1574645219864123     
   0.2700000000000000       -0.1490084885449648     
   0.2750000000000000       -0.1411558078012198     
   0.2800000000000000       -0.1339239542618819     
   0.2850000000000001       -0.1273172459423248     
   0.2900000000000000       -0.1213284804059010     
   0.2950000000000000       -0.1159405349539204     
   0.3000000000000000       -0.1111279047921096     
   0.3050000000000000       -0.1068581577807420     
   0.3100000000000000       -0.1030933004021264     
   0.3150000000000000       -9.9791051110066462E-002
   0.3200000000000000       -9.6906021278989307E-002
   0.3250000000000000       -9.4390813489145931E-002
   0.3300000000000000       -9.2197036516813906E-002
   0.3350000000000000       -9.0276245012657910E-002
   0.3400000000000000       -8.8580799680906743E-002
   0.3450000000000000       -8.7064636370859567E-002
   0.3500000000000000       -8.5683949969692037E-002
   0.3550000000000000       -8.4397795232408725E-002
   0.3600000000000000       -8.3168599977686259E-002
   0.3650000000000000       -8.1962586876489709E-002
   0.3700000000000000       -8.0750097583412543E-002
   0.3750000000000000       -7.9505814657289449E-002
   0.3800000000000000       -7.8208882970820168E-002
   0.3850000000000000       -7.6842938712689710E-002
   0.3900000000000000       -7.5396065958269904E-002
   0.3950000000000000       -7.3860693993374236E-002
   0.4000000000000000       -7.2233441894753350E-002
   0.4050000000000001       -7.0514915206959126E-002
   0.4100000000000001       -6.8709442536777114E-002
   0.4150000000000000       -6.6824738846060905E-002
   0.4200000000000000       -6.4871484916958053E-002
   0.4250000000000000       -6.2862826441143147E-002
   0.4300000000000000       -6.0813811198150436E-002
   0.4350000000000000       -5.8740785179176411E-002
   0.4400000000000000       -5.6660778103461578E-002
   0.4450000000000000       -5.4590914513394120E-002
   0.4500000000000000       -5.2547870691115968E-002
   0.4550000000000000       -5.0547395500223455E-002
   0.4600000000000001       -4.8603908237671272E-002
   0.4650000000000000       -4.6730168868241693E-002
   0.4700000000000000       -4.4937018518600427E-002
   0.4750000000000000       -4.3233191565845335E-002
   0.4800000000000000       -4.1625212997060599E-002
   0.4850000000000000       -4.0117384807154677E-002
   0.4900000000000000       -3.8711860302624830E-002
   0.4950000000000000       -3.7408787869990014E-002
   0.5000000000000000       -3.6206490677820522E-002
   0.5050000000000000       -3.5101677528134982E-002
   0.5100000000000000       -3.4089671709647309E-002
   0.5150000000000000       -3.3164662509248406E-002
   0.5200000000000000       -3.2319987536769728E-002
   0.5250000000000000       -3.1548433370725393E-002
   0.5300000000000001       -3.0842551681044994E-002
   0.5350000000000001       -3.0194972565455176E-002
   0.5400000000000000       -2.9598693498775667E-002
   0.5450000000000000       -2.9047326236667011E-002
   0.5500000000000000       -2.8535286395538453E-002
   0.5550000000000001       -2.8057915518188437E-002
   0.5600000000000001       -2.7611529008182210E-002
   0.5650000000000000       -2.7193393128456740E-002
   0.5700000000000001       -2.6801640387084209E-002
   0.5750000000000001       -2.6435137276065386E-002
   0.5800000000000000       -2.6093311326601714E-002
   0.5850000000000000       -2.5775953267932912E-002
   0.5899999999999999       -2.5483012773679468E-002
   0.5949999999999999       -2.5214403554975751E-002
   0.6000000000000000       -2.4969829645053312E-002
   0.6050000000000000       -2.4748642229876867E-002
   0.6100000000000000       -2.4549732292504967E-002
   0.6150000000000000       -2.4371459319891109E-002
   0.6200000000000000       -2.4211625405096582E-002
   0.6250000000000000       -2.4067491344879595E-002
   0.6300000000000000       -2.3935838967956635E-002
   0.6350000000000000       -2.3813080595659026E-002
   0.6400000000000000       -2.3695406721002064E-002
   0.6450000000000000       -2.3578956195349172E-002
   0.6500000000000000       -2.3459980922887942E-002
   0.6550000000000001       -2.3334983546602466E-002
   0.6600000000000001       -2.3200817193968630E-002
   0.6650000000000000       -2.3054739063302025E-002
   0.6700000000000000       -2.2894426805818675E-002
   0.6750000000000000       -2.2717972903400692E-002
   0.6800000000000001       -2.2523862087066076E-002
   0.6850000000000001       -2.2310941383765819E-002
   0.6900000000000000       -2.2078388531036497E-002
   0.6950000000000001       -2.1825692690594538E-002
   0.7000000000000001       -2.1552661763370304E-002
   0.7050000000000000       -2.1259461553285277E-002
   0.7100000000000000       -2.0946676429639082E-002
   0.7149999999999999       -2.0615366315493100E-002
   0.7199999999999999       -2.0267097728578887E-002
   0.7250000000000000       -1.9903954044449168E-002
   0.7300000000000000       -1.9528543675712804E-002
   0.7350000000000000       -1.9144016806904119E-002
   0.7400000000000000       -1.8754075256588703E-002
   0.7450000000000000       -1.8362926167243254E-002
   0.7500000000000000       -1.7975146779160644E-002
   0.7550000000000000       -1.7595452804545384E-002
   0.7600000000000000       -1.7228394943532452E-002
   0.7650000000000000       -1.6878026585465133E-002
   0.7700000000000000       -1.6547586052563146E-002
   0.7750000000000000       -1.6239240120683453E-002
   0.7800000000000001       -1.5953924621465829E-002
   0.7850000000000001       -1.5691312694500121E-002
   0.7900000000000000       -1.5449916143133202E-002
   0.7950000000000000       -1.5227296640364639E-002
   0.8000000000000000       -1.5020353657956487E-002
   0.8050000000000001       -1.4825643402717992E-002
   0.8100000000000001       -1.4639685936862124E-002
   0.8150000000000000       -1.4459220487648759E-002
   0.8200000000000001       -1.4281386155212603E-002
   0.8250000000000000       -1.4103818072752481E-002
   0.8300000000000001       -1.3924660600709817E-002
   0.8350000000000000       -1.3742505198122084E-002
   0.8400000000000000       -1.3556258362706073E-002
   0.8449999999999999       -1.3364956027658175E-002
   0.8500000000000000       -1.3167547935960435E-002
   0.8550000000000001       -1.2962681369683504E-002
   0.8600000000000000       -1.2748520158920928E-002
   0.8650000000000000       -1.2522630110897015E-002
   0.8699999999999999       -1.2281953589587589E-002
   0.8750000000000000       -1.2022887556663522E-002
   0.8800000000000001       -1.1741454667752591E-002
   0.8850000000000000       -1.1433548023040889E-002
   0.8900000000000000       -1.1095215540212124E-002
   0.8949999999999999       -1.0722948743900722E-002
   0.9000000000000000       -1.0313945323850748E-002
   0.9050000000000001       -9.8663245933043822E-003
   0.9100000000000000       -9.3792945696664969E-003
   0.9150000000000000       -8.8532691427389754E-003
   0.9200000000000001       -8.2899399942420597E-003
   0.9250000000000000       -7.6923044026178609E-003
   0.9300000000000001       -7.0646378938014189E-003
   0.9350000000000001       -6.4124109008582684E-003
   0.9400000000000000       -5.7421550991454753E-003
   0.9450000000000001       -5.0612884273732162E-003
   0.9500000000000000       -4.3779130614137447E-003
   0.9550000000000001       -3.7005963166668376E-003
   0.9600000000000000       -3.0381399111750440E-003
   0.9650000000000000       -2.3993434887401461E-003
   0.9699999999999999       -1.7927684543327560E-003
   0.9750000000000000       -1.2265086309497222E-003
   0.9800000000000001       -7.0798213049417633E-004
   0.9850000000000000       -2.4376122878237245E-004
   0.9900000000000000        1.6054671926936774E-004
   0.9949999999999999        5.0036259552955853E-004
    1.000000000000000        7.7214611967509956E-004
    1.005000000000000        9.7336591692324514E-004
    1.010000000000000        1.1024524278992600E-003
    1.015000000000000        1.1587540040751330E-003
    1.020000000000000        1.1425122859494441E-003
    1.025000000000000        1.0548623485998603E-003
    1.030000000000000        8.9785355089325236E-004
    1.035000000000000        6.7448635814289659E-004
    1.040000000000000        3.8875003226765861E-004
    1.045000000000000        4.5648498797351804E-005
    1.050000000000000       -3.4879013208155696E-004
    1.055000000000000       -7.8752766072351843E-004
    1.060000000000000       -1.2625567367796431E-003
    1.065000000000000       -1.7649723856757489E-003
    1.070000000000000       -2.2850855483757715E-003
    1.075000000000000       -2.8125882034748830E-003
    1.080000000000000       -3.3367720129783152E-003
    1.085000000000000       -3.8467880669491890E-003
    1.090000000000000       -4.3319373878296332E-003
    1.095000000000000       -4.7819746773694636E-003
    1.100000000000000       -5.1873992083266440E-003
    1.105000000000000       -5.5397281684614255E-003
    1.110000000000000       -5.8317380603545752E-003
    1.115000000000000       -6.0576612029791699E-003
    1.120000000000000       -6.2133302643837895E-003
    1.125000000000000       -6.2962627085566876E-003
    1.130000000000000       -6.3056798720191534E-003
    1.135000000000000       -6.2424578865319074E-003
    1.140000000000000       -6.1090263032963783E-003
    1.145000000000000       -5.9092176395938836E-003
    1.150000000000000       -5.6480826695379367E-003
    1.155000000000000       -5.3316830423502317E-003
    1.160000000000000       -4.9668697515062785E-003
    1.165000000000000       -4.5610595356521202E-003
    1.170000000000000       -4.1220160096650318E-003
    1.175000000000000       -3.6576438256515971E-003
    1.180000000000000       -3.1757875149297727E-003
    1.185000000000000       -2.6840397139948258E-003
    1.190000000000000       -2.1895691978603677E-003
    1.195000000000000       -1.6989826518050415E-003
    1.200000000000000       -1.2182365329514258E-003
    1.205000000000000       -7.5261119492383450E-004
    1.210000000000000       -3.0674966078252659E-004
    1.215000000000000        1.1525888234943882E-004
    1.220000000000000        5.0977503437867489E-004
    1.225000000000000        8.7350881456672891E-004
    1.230000000000000        1.2034475071317048E-003
    1.235000000000000        1.4968280134047722E-003
    1.240000000000000        1.7511585510746768E-003
    1.245000000000000        1.9642886297025832E-003
    1.250000000000000        2.1345134980632343E-003
    1.255000000000000        2.2606849984305559E-003
    1.260000000000000        2.3423069006342616E-003
    1.265000000000000        2.3795966682610188E-003
    1.270000000000000        2.3735036855403866E-003
    1.275000000000000        2.3256829086229946E-003
    1.280000000000000        2.2384322768645228E-003
    1.285000000000000        2.1146106339049893E-003
    1.290000000000000        1.9575522611824505E-003
    1.295000000000000        1.7709871802466455E-003
    1.300000000000000        1.5589762432665331E-003
    1.305000000000000        1.3258603047350896E-003
    1.310000000000000        1.0762146028768862E-003
    1.315000000000000        8.1480230559742424E-004
    1.320000000000000        5.4651453707555975E-004
    1.325000000000000        2.7628594445116148E-004
    1.330000000000000        8.9855953674624462E-006
    1.335000000000000       -2.5071444338292674E-004
    1.340000000000000       -4.9848544001757285E-004
    1.345000000000000       -7.3048798302610738E-004
    1.350000000000000       -9.4350517641421323E-004
    1.355000000000000       -1.1350459245726869E-003
    1.360000000000000       -1.3034140777227530E-003
    1.365000000000000       -1.4477370051504694E-003
    1.370000000000000       -1.5679515621765252E-003
    1.375000000000000       -1.6647583078420281E-003
    1.380000000000000       -1.7395383465280436E-003
    1.385000000000000       -1.7942344792424914E-003
    1.390000000000000       -1.8312024039048413E-003
    1.395000000000000       -1.8530419881707822E-003
    1.400000000000000       -1.8624235481173789E-003
    1.405000000000000       -1.8619259573604271E-003
    1.410000000000000       -1.8539027193043211E-003
    1.415000000000000       -1.8403858001145185E-003
    1.420000000000000       -1.8230320355626187E-003
    1.425000000000000       -1.8031134018073002E-003
    1.430000000000000       -1.7815446771366639E-003
    1.435000000000000       -1.7589341978517059E-003
    1.440000000000000       -1.7356456065536601E-003
    1.445000000000000       -1.7118580304364635E-003
    1.450000000000000       -1.6876122379830636E-003
    1.455000000000000       -1.6628387126847278E-003
    1.460000000000000       -1.6373659800088856E-003
    1.465000000000000       -1.6109075565637183E-003
    1.470000000000000       -1.5830265659084519E-003
    1.475000000000000       -1.5530835338668814E-003
    1.480000000000000       -1.5201816355263434E-003
    1.485000000000000       -1.4831199031323972E-003
    1.490000000000000       -1.4403709986743838E-003
    1.495000000000000       -1.3900941737275381E-003
    1.500000000000000       -1.3301846069897485E-003
    1.505000000000000       -1.2583558047408971E-003
    1.510000000000000       -1.1722412547944574E-003
    1.515000000000000       -1.0695054921578859E-003
    1.520000000000000       -9.4795932618296437E-004
    1.525000000000000       -8.0567491633966153E-004
    1.530000000000000       -6.4110603403891018E-004
    1.535000000000000       -4.5320608807402936E-004
    1.540000000000000       -2.4153020399741170E-004
    1.545000000000000       -6.3103559034005450E-006
    1.550000000000000        2.5150571541055378E-004
    1.555000000000000        5.3025239726276032E-004
    1.560000000000000        8.2756942651139838E-004
    1.565000000000000        1.1404415500084779E-003
    1.570000000000000        1.4652563871692763E-003
    1.575000000000000        1.7978819063189770E-003
    1.580000000000000        2.1337683858779140E-003
    1.585000000000000        2.4680864774125375E-003
    1.590000000000000        2.7959075494489252E-003
    1.595000000000000        3.1124229708536029E-003
    1.600000000000000        3.4131858935158443E-003
    1.605000000000000        3.6943553625127357E-003
    1.610000000000000        3.9529181172710750E-003
    1.615000000000000        4.1868614628408221E-003
    1.620000000000000        4.3952762558335827E-003
    1.625000000000000        4.5783690988008967E-003
    1.630000000000000        4.7373839491003293E-003
    1.635000000000000        4.8744484199556677E-003
    1.640000000000000        4.9923644237581124E-003
    1.645000000000000        5.0943685856340366E-003
    1.650000000000000        5.1838895136771548E-003
    1.655000000000000        5.2643128193226341E-003
    1.660000000000000        5.3387547711232983E-003
    1.665000000000000        5.4098551949362452E-003
    1.670000000000000        5.4795891206024301E-003
    1.675000000000000        5.5491013314464466E-003
    1.680000000000000        5.6185806840641401E-003
    1.685000000000000        5.6871838857834520E-003
    1.690000000000000        5.7530290641441475E-003
    1.695000000000000        5.8132710180991900E-003
    1.700000000000000        5.8642478487069063E-003
    1.705000000000000        5.9016877772254279E-003
    1.710000000000000        5.9209618611804942E-003
    1.715000000000000        5.9173589906249475E-003
    1.720000000000000        5.8863587907156010E-003
    1.725000000000000        5.8238797000605169E-003
    1.730000000000000        5.7264810961066210E-003
    1.735000000000000        5.5915070292603293E-003
    1.740000000000000        5.4171594406522763E-003
    1.745000000000000        5.2025021151300628E-003
    1.750000000000000        4.9474163316121675E-003
    1.755000000000000        4.6525301145569014E-003
    1.760000000000000        4.3191503311814792E-003
    1.765000000000000        3.9492176938176859E-003
    1.770000000000000        3.5452753810826199E-003
    1.775000000000000        3.1104382981134049E-003
    1.780000000000000        2.6483589024881593E-003
    1.785000000000000        2.1631788870052042E-003
    1.790000000000000        1.6594693257089544E-003
    1.795000000000000        1.1421526815896257E-003
    1.800000000000000        6.1640731279701066E-004
    1.805000000000000        8.7564521759707521E-005
    1.810000000000000       -4.3899315435587365E-004
    1.815000000000000       -9.5793084069720535E-004
    1.820000000000000       -1.4640589485365108E-003
    1.825000000000000       -1.9524126492539063E-003
    1.830000000000000       -2.4183068791229854E-003
    1.835000000000000       -2.8573561674789003E-003
    1.840000000000000       -3.2654468105301975E-003
    1.845000000000000       -3.6386687577796568E-003
    1.850000000000000       -3.9732294871047502E-003
    1.855000000000000       -4.2653839303711925E-003
    1.860000000000000       -4.5114128674441334E-003
    1.865000000000000       -4.7076655240266216E-003
    1.870000000000000       -4.8506663535923886E-003
    1.875000000000000       -4.9372638599389722E-003
    1.880000000000000       -4.9647931379306343E-003
    1.885000000000000       -4.9312254521331766E-003
    1.890000000000000       -4.8352895622574170E-003
    1.895000000000000       -4.6765592748982590E-003
    1.900000000000000       -4.4555068937361719E-003
    1.905000000000000       -4.1735223354660906E-003
    1.910000000000000       -3.8329008581442835E-003
    1.915000000000000       -3.4368019827822494E-003
    1.920000000000000       -2.9891862312497910E-003
    1.925000000000000       -2.4947265632368056E-003
    1.930000000000000       -1.9587011179633457E-003
    1.935000000000000       -1.3868818272081165E-003
    1.940000000000000       -7.8542453756963537E-004
    1.945000000000000       -1.6076490456439245E-004
    1.950000000000000        4.8050571551026353E-004
    1.955000000000000        1.1317979589345621E-003
    1.960000000000000        1.7867057518833112E-003
    1.965000000000000        2.4391756465403684E-003
    1.970000000000000        3.0836288535394485E-003
    1.975000000000000        3.7150161303642770E-003
    1.980000000000000        4.3288031585478439E-003
    1.985000000000000        4.9209080570746861E-003
    1.990000000000000        5.4876229979298605E-003
    1.995000000000000        6.0255512356612373E-003
    2.000000000000000        6.5315687143429182E-003
    2.005000000000000        7.0028143545212709E-003
    2.010000000000000        7.4367028074974995E-003
    2.015000000000000        7.8309365096802974E-003
    2.020000000000000        8.1835089631306150E-003
    2.025000000000000        8.4926934737930342E-003
    2.030000000000000        8.7570179255689578E-003
    2.035000000000000        8.9752380289275600E-003
    2.040000000000000        9.1463245256665147E-003
    2.045000000000000        9.2694788299979134E-003
    2.050000000000000        9.3441706583872488E-003
    2.055000000000000        9.3701877049561570E-003
    2.060000000000000        9.3476871790556402E-003
    2.065000000000000        9.2772565156296061E-003
    2.070000000000000        9.1599834725754228E-003
    2.075000000000000        8.9975219639784836E-003
    2.080000000000000        8.7921463334348271E-003
    2.085000000000000        8.5467819694587508E-003
    2.090000000000000        8.2650107591931317E-003
    2.095000000000000        7.9510577474429125E-003
    2.100000000000000        7.6097615694577119E-003
    2.105000000000000        7.2465277076212686E-003
    2.110000000000000        6.8672675870357196E-003
    2.115000000000000        6.4783188657630353E-003
    2.120000000000000        6.0863426723572740E-003
    2.125000000000000        5.6981905484025210E-003
    2.130000000000000        5.3207432138563053E-003
    2.135000000000000        4.9607279563729998E-003
    2.140000000000000        4.6245258827770188E-003
    2.145000000000000        4.3179885065729700E-003
    2.150000000000000        4.0462752633603225E-003
    2.155000000000000        3.8137237991028080E-003
    2.160000000000000        3.6237542821791324E-003
    2.165000000000000        3.4788046118806952E-003
    2.170000000000000        3.3802899002298235E-003
    2.175000000000000        3.3285840326149456E-003
    2.180000000000000        3.3230216414962443E-003
    2.185000000000000        3.3619205865269617E-003
    2.190000000000000        3.4426348678601388E-003
    2.195000000000000        3.5616470228401647E-003
    2.200000000000000        3.7146982547226264E-003
    2.205000000000000        3.8969485553599089E-003
    2.210000000000000        4.1031525618525224E-003
    2.215000000000000        4.3278263164072142E-003
    2.220000000000000        4.5653904819151316E-003
    2.225000000000000        4.8102799932134035E-003
    2.230000000000000        5.0570169000549754E-003
    2.235000000000000        5.3002507819864206E-003
    2.240000000000000        5.5347770477758367E-003
    2.245000000000000        5.7555523522511711E-003
    2.250000000000000        5.9577247961655688E-003
    2.255000000000000        6.1366913341228582E-003
    2.260000000000000        6.2881785270594071E-003
    2.265000000000000        6.4083418794184084E-003
    2.270000000000000        6.4938703026260232E-003
    2.275000000000000        6.5420824302515044E-003
    2.280000000000000        6.5509960588892131E-003
    2.285000000000000        6.5193584664888951E-003
    2.290000000000000        6.4466351825143722E-003
    2.295000000000000        6.3329441249565468E-003
    2.300000000000000        6.1789393167846685E-003
    2.305000000000000        5.9856523746241344E-003
    2.310000000000000        5.7543001887662726E-003
    2.315000000000000        5.4860939813121927E-003
    2.320000000000000        5.1820957817555815E-003
    2.325000000000000        4.8431553679536901E-003
    2.330000000000000        4.4699420587101679E-003
    2.335000000000000        4.0630544330686886E-003
    2.340000000000000        3.6231677610962199E-003
    2.345000000000000        3.1511767893780549E-003
    2.350000000000000        2.6483092443793090E-003
    2.355000000000000        2.1162029740214190E-003
    2.360000000000000        1.5569383249977640E-003
    2.365000000000000        9.7303045000563557E-004
    2.370000000000000        3.6739392072757364E-004
    2.375000000000000       -2.5670863258717578E-004
    2.380000000000000       -8.9572202267174603E-004
    2.385000000000000       -1.5458526876158483E-003
    2.390000000000000       -2.2031114635758797E-003
    2.395000000000000       -2.8633394516148281E-003
    2.400000000000000       -3.5222175591843721E-003
    2.405000000000000       -4.1752687697008293E-003
    2.410000000000000       -4.8178554410549381E-003
    2.415000000000000       -5.4451745688255171E-003
    2.420000000000000       -6.0522714696641522E-003
    2.425000000000000       -6.6340680034430735E-003
    2.430000000000000       -7.1854011504444486E-003
    2.435000000000000       -7.7010770616719899E-003
    2.440000000000000       -8.1759464565644215E-003
    2.445000000000000       -8.6050140937065951E-003
    2.450000000000000       -8.9835951820098732E-003
    2.455000000000000       -9.3075250009508821E-003
    2.460000000000000       -9.5734054332297447E-003
    2.465000000000000       -9.7788645059359798E-003
    2.470000000000000       -9.9227947008860831E-003
    2.475000000000000       -1.0005534872670871E-002
    2.480000000000000       -1.0028976206072291E-002
    2.485000000000000       -9.9965806439133598E-003
    2.490000000000000       -9.9133119145922723E-003
    2.495000000000000       -9.7854970491217514E-003
    2.500000000000000       -9.6206349769447357E-003
    2.505000000000000       -9.4271680315576170E-003
    2.510000000000000       -9.2142211073431071E-003
    2.515000000000000       -8.9913094015214607E-003
    2.520000000000000       -8.7680278939557805E-003
    2.525000000000000       -8.5537323008196804E-003
    2.530000000000000       -8.3572316040098098E-003
    2.535000000000000       -8.1865169772378117E-003
    2.540000000000000       -8.0485320695513547E-003
    2.545000000000000       -7.9489853703571134E-003
    2.550000000000000       -7.8922065242691133E-003
    2.555000000000000       -7.8810499637442817E-003
    2.560000000000000       -7.9168543214566212E-003
    2.565000000000000       -7.9994555872512931E-003
    2.570000000000000       -8.1272435580939231E-003
    2.575000000000000       -8.2972466853891156E-003
    2.580000000000000       -8.5052400931038878E-003
    2.585000000000000       -8.7458893026958719E-003
    2.590000000000000       -9.0129257278423687E-003
    2.595000000000000       -9.2993557139110070E-003
    2.600000000000000       -9.5976987641864682E-003
    2.605000000000000       -9.9002280258035711E-003
    2.610000000000000       -1.0199199163838877E-002
    2.615000000000000       -1.0487048743030267E-002
    2.620000000000000       -1.0756545650256357E-002
    2.625000000000000       -1.1000895445268970E-002
    2.630000000000000       -1.1213797192938022E-002
    2.635000000000000       -1.1389466069591991E-002
    2.640000000000000       -1.1522643966216255E-002
    2.645000000000000       -1.1608617585397423E-002
    2.650000000000000       -1.1643259702828614E-002
    2.655000000000000       -1.1623100780100508E-002
    2.660000000000000       -1.1545433107336238E-002
    2.665000000000000       -1.1408436945270395E-002
    2.670000000000000       -1.1211310609139111E-002
    2.675000000000000       -1.0954380161448578E-002
    2.680000000000000       -1.0639166419748984E-002
    2.685000000000000       -1.0268393192962690E-002
    2.690000000000000       -9.8459297811489126E-003
    2.695000000000000       -9.3766719754901828E-003
    2.700000000000000       -8.8663678297342798E-003
    2.705000000000000       -8.3213990463881853E-003
    2.710000000000000       -7.7485363276875336E-003
    2.715000000000000       -7.1546822757422657E-003
    2.720000000000000       -6.5466205484597406E-003
    2.725000000000000       -5.9307867103838987E-003
    2.730000000000000       -5.3130709386163470E-003
    2.735000000000000       -4.6986679993413745E-003
    2.740000000000000       -4.0919852407835355E-003
    2.745000000000000       -3.4966090394011449E-003
    2.750000000000000       -2.9153287883573050E-003
    2.755000000000000       -2.3502115234093783E-003
    2.760000000000000       -1.8027081641502921E-003
    2.765000000000000       -1.2737720689188663E-003
    2.770000000000000       -7.6397442148768580E-004
    2.775000000000000       -2.7360605384120045E-004
    2.780000000000000        1.9723491129441225E-004
    2.785000000000000        6.4856226179118783E-004
    2.790000000000000        1.0804181360594081E-003
    2.795000000000000        1.4927866797869953E-003
    2.800000000000000        1.8855163863075733E-003
    2.805000000000000        2.2582610942485504E-003
    2.810000000000000        2.6104420128713848E-003
    2.815000000000000        2.9412203718316761E-003
    2.820000000000000        3.2494869614765753E-003
    2.825000000000000        3.5338869719315498E-003
    2.830000000000000        3.7928976855987622E-003
    2.835000000000000        4.0249651951360264E-003
    2.840000000000000        4.2286838848418888E-003
    2.845000000000000        4.4029974334759272E-003
    2.850000000000000        4.5473959542453004E-003
    2.855000000000000        4.6620784298375000E-003
    2.860000000000000        4.7480548834964509E-003
    2.865000000000000        4.8071751173806074E-003
    2.870000000000000        4.8420744849604267E-003
    2.875000000000000        4.8560371217405409E-003
    2.880000000000000        4.8527929623707102E-003
    2.885000000000000        4.8362757392628541E-003
    2.890000000000000        4.8103676544257121E-003
    2.895000000000000        4.7786606094909923E-003
    2.900000000000000        4.7442595934020675E-003
    2.905000000000000        4.7096493805151196E-003
    2.910000000000000        4.6766362275094240E-003
    2.915000000000000        4.6463579580327590E-003
    2.920000000000000        4.6193530081761311E-003
    2.925000000000000        4.5956747972810739E-003
    2.930000000000000        4.5750384394209673E-003
    2.935000000000000        4.5569791370543244E-003
    2.940000000000000        4.5410061308774097E-003
    2.945000000000000        4.5267439249905914E-003
    2.950000000000000        4.5140565586186403E-003
    2.955000000000000        4.5031490640809579E-003
    2.960000000000000        4.4946470058465184E-003
    2.965000000000000        4.4896514764392244E-003
    2.970000000000000        4.4897661185191486E-003
    2.975000000000000        4.4970901875402012E-003
    2.980000000000000        4.5141684222849356E-003
    2.985000000000000        4.5438899893413733E-003
    2.990000000000000        4.5893396025221280E-003
    2.995000000000000        4.6536062155902966E-003
    3.000000000000000        4.7395577455923306E-003
    3.005000000000000        4.8496014480873360E-003
    3.010000000000000        4.9854401831155428E-003
    3.015000000000000        5.1478455581241924E-003
    3.020000000000000        5.3364643749722322E-003
    3.025000000000000        5.5496660361608097E-003
    3.030000000000000        5.7844489640222205E-003
    3.035000000000000        6.0364207426068255E-003
    3.040000000000000        6.2998679578965486E-003
    3.045000000000000        6.5679294160361739E-003
    3.050000000000000        6.8328661990549611E-003
    3.055000000000000        7.0864153429413745E-003
    3.060000000000000        7.3201935144541039E-003
    3.065000000000000        7.5261148843748664E-003
    3.070000000000000        7.6967833709832263E-003
    3.075000000000000        7.8258170728340133E-003
    3.080000000000000        7.9080810962912977E-003
    3.085000000000000        7.9398109135186061E-003
    3.090000000000000        7.9186238393496655E-003
    3.095000000000000        7.8434374727124450E-003
    3.100000000000000        7.7143202229730310E-003
    3.105000000000000        7.5323006881520262E-003
    3.110000000000000        7.2991607902303581E-003
    3.115000000000000        7.0172324774498795E-003
    3.120000000000000        6.6892002223947973E-003
    3.125000000000000        6.3179140594368297E-003
    3.130000000000000        5.9062225564579576E-003
    3.135000000000000        5.4568226293204489E-003
    3.140000000000000        4.9721303516146600E-003
    3.145000000000000        4.4541742173586201E-003
    3.150000000000000        3.9045142840629318E-003
    3.155000000000000        3.3241955037117252E-003
    3.160000000000000        2.7137426204031891E-003
    3.165000000000000        2.0732069204472232E-003
    3.170000000000000        1.4022674534910440E-003
    3.175000000000000        7.0037978449975222E-004
    3.180000000000000       -3.3040831525897763E-005
    3.185000000000000       -7.9841097156912149E-004
    3.190000000000000       -1.5957655688910872E-003
    3.195000000000000       -2.4245619871154038E-003
    3.200000000000000       -3.2835110410020603E-003
    3.205000000000000       -4.1704498308580771E-003
    3.210000000000000       -5.0822681695433003E-003
    3.215000000000000       -6.0148872508734748E-003
    3.220000000000000       -6.9632881786690461E-003
    3.225000000000000       -7.9215957636050183E-003
    3.230000000000000       -8.8832115349456622E-003
    3.235000000000000       -9.8409843800962413E-003
    3.240000000000000       -1.0787404458503878E-002
    3.245000000000000       -1.1714813626336278E-002
    3.250000000000000       -1.2615626696607638E-002
    3.255000000000000       -1.3482548328176833E-002
    3.260000000000000       -1.4308773481214798E-002
    3.265000000000000       -1.5088160543531774E-002
    3.270000000000000       -1.5815364189648918E-002
    3.275000000000000       -1.6485924569001876E-002
    3.280000000000000       -1.7096307423513384E-002
    3.285000000000000       -1.7643890572619796E-002
    3.290000000000000       -1.8126902849375803E-002
    3.295000000000000       -1.8544319667182060E-002
    3.300000000000000       -1.8895723056455347E-002
    3.305000000000000       -1.9181139235435952E-002
    3.310000000000000       -1.9400876952470302E-002
    3.315000000000000       -1.9555385915348108E-002
    3.320000000000000       -1.9645154963660005E-002
    3.325000000000000       -1.9670668474882705E-002
    3.330000000000000       -1.9632422904896277E-002
    3.335000000000000       -1.9530991201965140E-002
    3.340000000000000       -1.9367128095015108E-002
    3.345000000000000       -1.9141892681587825E-002
    3.350000000000000       -1.8856749666439780E-002
    3.355000000000000       -1.8513631496527228E-002
    3.360000000000000       -1.8114948786867535E-002
    3.365000000000000       -1.7663555352452764E-002
    3.370000000000000       -1.7162692069898862E-002
    3.375000000000000       -1.6615928139065403E-002
    3.380000000000000       -1.6027107779394676E-002
    3.385000000000000       -1.5400301837876964E-002
    3.390000000000000       -1.4739764835518838E-002
    3.395000000000000       -1.4049889009828400E-002
    3.400000000000000       -1.3335153852232402E-002
    3.405000000000000       -1.2600072006767971E-002
    3.410000000000000       -1.1849133946271435E-002
    3.415000000000000       -1.1086752228988264E-002
    3.420000000000000       -1.0317197008050332E-002
    3.425000000000000       -9.5445231428958675E-003
    3.430000000000000       -8.7725069339645696E-003
    3.435000000000000       -8.0046223360206916E-003
    3.440000000000000       -7.2440621076445559E-003
    3.445000000000000       -6.4937837145327322E-003
    3.450000000000000       -5.7565485998706700E-003
    3.455000000000000       -5.0349228445208087E-003
    3.460000000000000       -4.3312380098862766E-003
    3.465000000000000       -3.6475292075268886E-003
    3.470000000000000       -2.9854631005268239E-003
    3.475000000000000       -2.3462738693294183E-003
    3.480000000000000       -1.7307266101027510E-003
    3.485000000000000       -1.1391220392103580E-003
    3.490000000000000       -5.7134720423173810E-004
    3.495000000000000       -2.6960679327520092E-005
    3.500000000000000        4.9470524845249493E-004
    3.505000000000000        9.9443569799278730E-004
    3.510000000000000        1.4730388486443613E-003
    3.515000000000000        1.9312846370098944E-003
    3.520000000000000        2.3698729503951603E-003
    3.525000000000000        2.7894356707363501E-003
    3.530000000000000        3.1905654370035452E-003
    3.535000000000000        3.5738526852943666E-003
    3.540000000000000        3.9399235575493696E-003
    3.545000000000000        4.2894670149114011E-003
    3.550000000000000        4.6232497500973881E-003
    3.555000000000000        4.9421186686879448E-003
    3.560000000000000        5.2469963685439778E-003
    3.565000000000000        5.5388743643496685E-003
    3.570000000000000        5.8188036219489971E-003
    3.575000000000000        6.0878851403977912E-003
    3.580000000000000        6.3472528491817526E-003
    3.585000000000000        6.5980411687652456E-003
    3.590000000000000        6.8413332515446328E-003
    3.595000000000000        7.0780827532948454E-003
    3.600000000000000        7.3090158261863909E-003
    3.605000000000000        7.5345303423941417E-003
    3.610000000000000        7.7546051137692302E-003
    3.615000000000000        7.9687380714984224E-003
    3.620000000000000        8.1759145435350682E-003
    3.625000000000000        8.3745994299849311E-003
    3.630000000000000        8.5627528258102856E-003
    3.635000000000000        8.7378602743478524E-003
    3.640000000000000        8.8969793060394320E-003
    3.645000000000000        9.0368140843216764E-003
    3.650000000000000        9.1538318467076714E-003
    3.655000000000000        9.2444231563644319E-003
    3.660000000000000        9.3050891375193743E-003
    3.665000000000000        9.3326375908460655E-003
    3.670000000000000        9.3243716346012224E-003
    3.675000000000000        9.2782513429114655E-003
    3.680000000000000        9.1930140561829070E-003
    3.685000000000000        9.0682464685241104E-003
    3.690000000000000        8.9044017783837219E-003
    3.695000000000000        8.7027592891607952E-003
    3.700000000000000        8.4653300334111385E-003
    3.705000000000000        8.1947118693117282E-003
    3.710000000000000        7.8939037659375098E-003
    3.715000000000000        7.5661097959872912E-003
    3.720000000000000        7.2145686290503885E-003
    3.725000000000000        6.8424294642152885E-003
    3.730000000000000        6.4526903542507110E-003
    3.735000000000000        6.0481953116901979E-003
    3.740000000000000        5.6316733524819842E-003
    3.745000000000000        5.2057941023643490E-003
    3.750000000000000        4.7732170069540327E-003
    3.755000000000000        4.3366244426615772E-003
    3.760000000000000        3.8987317402476162E-003
    3.765000000000000        3.4622732417205038E-003
    3.770000000000000        3.0299726116918935E-003
    3.775000000000000        2.6045055528572636E-003
    3.780000000000000        2.1884751954261632E-003
    3.785000000000000        1.7844067491654902E-003
    3.790000000000000        1.3947503832582235E-003
    3.795000000000000        1.0218766303961817E-003
    3.800000000000000        6.6804015985631633E-004
    3.805000000000000        3.3530888223358035E-004
    3.810000000000000        2.5466705852520057E-005
    3.815000000000000       -2.6009098099769865E-004
    3.820000000000000       -5.2045625140754037E-004
    3.825000000000000       -7.5529607063995430E-004
    3.830000000000000       -9.6492849557489713E-004
    3.835000000000000       -1.1503917983666290E-003
    3.840000000000000       -1.3135071980481514E-003
    3.845000000000000       -1.4569223390714532E-003
    3.850000000000000       -1.5841225205068355E-003
    3.855000000000000       -1.6994102956491206E-003
    3.860000000000000       -1.8078621489939080E-003
    3.865000000000000       -1.9152810665193364E-003
    3.870000000000000       -2.0281467468399006E-003
    3.875000000000000       -2.1535329809199646E-003
    3.880000000000000       -2.2989356145099373E-003
    3.885000000000000       -2.4719868158804372E-003
    3.890000000000000       -2.6800962359758493E-003
    3.895000000000000       -2.9300885827197831E-003
    3.900000000000000       -3.2278882374977824E-003
    3.905000000000000       -3.5782736732978835E-003
    3.910000000000000       -3.9847069605635301E-003
    3.915000000000000       -4.4492298409833477E-003
    3.920000000000000       -4.9724169775126885E-003
    3.925000000000000       -5.5533779392643634E-003
    3.930000000000000       -6.1897965758879190E-003
    3.935000000000000       -6.8779982268165671E-003
    3.940000000000000       -7.6130328599215886E-003
    3.945000000000000       -8.3887634974413601E-003
    3.950000000000000       -9.1979461590279783E-003
    3.955000000000000       -1.0032294684473861E-002
    3.960000000000000       -1.0882531612743051E-002
    3.965000000000000       -1.1738426361668342E-002
    3.970000000000000       -1.2588844274065469E-002
    3.975000000000000       -1.3421825094796025E-002
    3.980000000000000       -1.4224703893459654E-002
    3.985000000000000       -1.4984289170465925E-002
    3.990000000000000       -1.5687102980522660E-002
    3.995000000000000       -1.6319681780138442E-002
    4.000000000000000       -1.6868927500051454E-002
