    0.000000000000000         2.549062825218730     
   5.0000000000000000E-003    2.539793084591028     
   1.0000000000000000E-002    2.512197774456608     
   1.5000000000000000E-002    2.466908136040982     
   2.0000000000000000E-002    2.404935911477147     
   2.5000000000000000E-002    2.327618197403310     
   3.0000000000000000E-002    2.236550129214192     
   3.5000000000000004E-002    2.133512382939269     
   4.0000000000000000E-002    2.020399655185129     
   4.5000000000000000E-002    1.899154780116246     
   5.0000000000000000E-002    1.771711399434053     
   5.5000000000000000E-002    1.639946486665228     
   6.0000000000000000E-002    1.505642836813295     
   6.5000000000000000E-002    1.370460897702859     
   7.0000000000000009E-002    1.235918939899348     
   7.5000000000000000E-002    1.103380415912905     
   8.0000000000000000E-002   0.9740473343363034     
   8.5000000000000000E-002   0.8489585426776168     
   9.0000000000000000E-002   0.7289919249020398     
   9.5000000000000000E-002   0.6148696452228260     
   0.1000000000000000        0.5071656926720508     
   0.1050000000000000        0.4063150848437012     
   0.1100000000000000        0.3126241984538976     
   0.1150000000000000        0.2262817984579455     
   0.1200000000000000        0.1473704093129165     
   0.1250000000000000        7.5877743148716048E-002
   0.1300000000000000        1.1707954268338083E-002
   0.1350000000000000       -4.5307462893532735E-002
   0.1400000000000000       -9.5399261105418827E-002
   0.1450000000000000       -0.1388506046539054     
   0.1500000000000000       -0.1759878594616371     
   0.1550000000000000       -0.2071720221489800     
   0.1600000000000000       -0.2327907870783961     
   0.1650000000000000       -0.2532512339745064     
   0.1700000000000000       -0.2689731051863540     
   0.1750000000000000       -0.2803826437349096     
   0.1800000000000000       -0.2879069708282729     
   0.1850000000000000       -0.2919689962691151     
   0.1900000000000000       -0.2929828693341495     
   0.1950000000000000       -0.2913499784410790     
   0.2000000000000000       -0.2874554972114700     
   0.2050000000000000       -0.2816654609661371     
   0.2100000000000000       -0.2743243426937068     
   0.2150000000000000       -0.2657531013400586     
   0.2200000000000000       -0.2562476872740103     
   0.2250000000000000       -0.2460779881794052     
   0.2300000000000000       -0.2354871989803974     
   0.2350000000000000       -0.2246916004518715     
   0.2400000000000000       -0.2138807232900878     
   0.2450000000000000       -0.2032178692130675     
   0.2500000000000000       -0.1928409497751555     
   0.2550000000000000       -0.1828636066294088     
   0.2600000000000000       -0.1733765630902730     
   0.2650000000000000       -0.1644491579777695     
   0.2700000000000000       -0.1561310267759187     
   0.2750000000000000       -0.1484538988254554     
   0.2800000000000000       -0.1414334853030883     
   0.2850000000000001       -0.1350714165178184     
   0.2900000000000000       -0.1293571850967797     
   0.2950000000000000       -0.1242700478171388     
   0.3000000000000000       -0.1197808448972986     
   0.3050000000000000       -0.1158537009570280     
   0.3100000000000000       -0.1124475783908685     
   0.3150000000000000       -0.1095176650079337     
   0.3200000000000000       -0.1070165979335095     
   0.3250000000000000       -0.1048955404276703     
   0.3300000000000000       -0.1031051318996848     
   0.3350000000000000       -0.1015963299892129     
   0.3400000000000000       -0.1003211529744880     
   0.3450000000000000       -9.9233322927722405E-002
   0.3500000000000000       -9.8288808068596509E-002
   0.3550000000000000       -9.7446268243931620E-002
   0.3600000000000000       -9.6667419209397814E-002
   0.3650000000000000       -9.5917330368954659E-002
   0.3700000000000000       -9.5164666714526476E-002
   0.3750000000000000       -9.4381878746393681E-002
   0.3800000000000000       -9.3545331655924375E-002
   0.3850000000000000       -9.2635367947993164E-002
   0.3900000000000000       -9.1636293269962170E-002
   0.3950000000000000       -9.0536279889454825E-002
   0.4000000000000000       -8.9327186290780283E-002
   0.4050000000000001       -8.8004293870580490E-002
   0.4100000000000001       -8.6565980580492301E-002
   0.4150000000000000       -8.5013351634306495E-002
   0.4200000000000000       -8.3349848388194445E-002
   0.4250000000000000       -8.1580856191892455E-002
   0.4300000000000000       -7.9713326475989437E-002
   0.4350000000000000       -7.7755423470254055E-002
   0.4400000000000000       -7.5716204448730533E-002
   0.4450000000000000       -7.3605337232179231E-002
   0.4500000000000000       -7.1432853914554126E-002
   0.4550000000000000       -6.9208950956609616E-002
   0.4600000000000001       -6.6943836636089626E-002
   0.4650000000000000       -6.4647623488806270E-002
   0.4700000000000000       -6.2330254567184955E-002
   0.4750000000000000       -6.0001445211318227E-002
   0.4800000000000000       -5.7670633761880286E-002
   0.4850000000000000       -5.5346929652271406E-002
   0.4900000000000000       -5.3039049682219188E-002
   0.4950000000000000       -5.0755241431366160E-002
   0.5000000000000000       -4.8503202221619564E-002
   0.5050000000000000       -4.6290000982493549E-002
   0.5100000000000000       -4.4122008420920507E-002
   0.5150000000000000       -4.2004844979874942E-002
   0.5200000000000000       -3.9943346310989094E-002
   0.5250000000000000       -3.7941549632257443E-002
   0.5300000000000001       -3.6002697917598061E-002
   0.5350000000000001       -3.4129257239484518E-002
   0.5400000000000000       -3.2322947495319134E-002
   0.5450000000000000       -3.0584786185226678E-002
   0.5500000000000000       -2.8915143379837707E-002
   0.5550000000000001       -2.7313817173426740E-002
   0.5600000000000001       -2.5780140769394801E-002
   0.5650000000000000       -2.4313117526386856E-002
   0.5700000000000001       -2.2911585175863864E-002
   0.5750000000000001       -2.1574395460314761E-002
   0.5800000000000000       -2.0300591713794556E-002
   0.5850000000000000       -1.9089570129785475E-002
   0.5899999999999999       -1.7941204557364951E-002
   0.5949999999999999       -1.6855923461487095E-002
   0.6000000000000000       -1.5834733147105304E-002
   0.6050000000000000       -1.4879188737066209E-002
   0.6100000000000000       -1.3991321404097330E-002
   0.6150000000000000       -1.3173533277993883E-002
   0.6200000000000000       -1.2428476938518445E-002
   0.6250000000000000       -1.1758927069598197E-002
   0.6300000000000000       -1.1167647363156286E-002
   0.6350000000000000       -1.0657257598705443E-002
   0.6400000000000000       -1.0230103072063015E-002
   0.6450000000000000       -9.8881253637933249E-003
   0.6500000000000000       -9.6327393849903800E-003
   0.6550000000000001       -9.4647224098865443E-003
   0.6600000000000001       -9.3841226628044296E-003
   0.6650000000000000       -9.3902043579611529E-003
   0.6700000000000000       -9.4814382199527305E-003
   0.6750000000000000       -9.6555381168783363E-003
   0.6800000000000001       -9.9095343799289726E-003
   0.6850000000000001       -1.0239859827655151E-002
   0.6900000000000000       -1.0642416407393955E-002
   0.6950000000000001       -1.1112607703599391E-002
   0.7000000000000001       -1.1645327995318024E-002
   0.7050000000000000       -1.2234901946745422E-002
   0.7100000000000000       -1.2874988382012580E-002
   0.7149999999999999       -1.3558466059898235E-002
   0.7199999999999999       -1.4277329651262274E-002
   0.7250000000000000       -1.5022623409364710E-002
   0.7300000000000000       -1.5784429380477503E-002
   0.7350000000000000       -1.6551921254144326E-002
   0.7400000000000000       -1.7313490478894565E-002
   0.7450000000000000       -1.8056940609244494E-002
   0.7500000000000000       -1.8769733537100226E-002
   0.7550000000000000       -1.9439268534085263E-002
   0.7600000000000000       -2.0053173754098594E-002
   0.7650000000000000       -2.0599594783928237E-002
   0.7700000000000000       -2.1067464142330667E-002
   0.7750000000000000       -2.1446740620165685E-002
   0.7800000000000001       -2.1728616642358798E-002
   0.7850000000000001       -2.1905695385790516E-002
   0.7900000000000000       -2.1972137557876121E-002
   0.7950000000000000       -2.1923780833720210E-002
   0.8000000000000000       -2.1758236721585069E-002
   0.8050000000000001       -2.1474961448758743E-002
   0.8100000000000001       -2.1075294074064868E-002
   0.8150000000000000       -2.0562444404826459E-002
   0.8200000000000001       -1.9941422622774706E-002
   0.8250000000000000       -1.9218920651309546E-002
   0.8300000000000001       -1.8403153848733799E-002
   0.8350000000000000       -1.7503676623079444E-002
   0.8400000000000000       -1.6531169240238581E-002
   0.8449999999999999       -1.5497187055628086E-002
   0.8500000000000000       -1.4413878570113001E-002
   0.8550000000000001       -1.3293675486914800E-002
   0.8600000000000000       -1.2148986722478834E-002
   0.8650000000000000       -1.0991935736646758E-002
   0.8699999999999999       -9.8341652621867066E-003
   0.8750000000000000       -8.6867156120170321E-003
   0.8800000000000001       -7.5599632141801543E-003
   0.8850000000000000       -6.4635980218153470E-003
   0.8900000000000000       -5.4066096776615868E-003
   0.8949999999999999       -4.3972516224182527E-003
   0.9000000000000000       -3.4429670019176606E-003
   0.9050000000000001       -2.5502847817119267E-003
   0.9100000000000000       -1.7246973113978852E-003
   0.9150000000000000       -9.7054569106666797E-004
   0.9200000000000001       -2.9094757142765509E-004
   0.9250000000000000        3.1221647144343567E-004
   0.9300000000000001        8.3826313933269887E-004
   0.9350000000000001        1.2876415756407278E-003
   0.9400000000000000        1.6618705256574038E-003
   0.9450000000000001        1.9634846384209650E-003
   0.9500000000000000        2.1959773678938048E-003
   0.9550000000000001        2.3637155636759468E-003
   0.9600000000000000        2.4718110884953677E-003
   0.9650000000000000        2.5259577564423017E-003
   0.9699999999999999        2.5322580706082332E-003
   0.9750000000000000        2.4970539106264176E-003
   0.9800000000000001        2.4267751469202405E-003
   0.9850000000000000        2.3278179350785471E-003
   0.9900000000000000        2.2064412808020184E-003
   0.9949999999999999        2.0686651080572016E-003
    1.000000000000000        1.9201642101026925E-003
    1.005000000000000        1.7661570256737864E-003
    1.010000000000000        1.6112911684786544E-003
    1.015000000000000        1.4595359645877681E-003
    1.020000000000000        1.3140966602455892E-003
    1.025000000000000        1.1773636810225199E-003
    1.030000000000000        1.0509088480558391E-003
    1.035000000000000        9.3554135874977078E-004
    1.040000000000000        8.3142826613390888E-004
    1.045000000000000        7.3827098670141602E-004
    1.050000000000000        6.5552289243634076E-004
    1.055000000000000        5.8262421720422513E-004
    1.060000000000000        5.1922919497642352E-004
    1.065000000000000        4.6540325522756376E-004
    1.070000000000000        4.2176759589729471E-004
    1.075000000000000        3.8957556434173233E-004
    1.080000000000000        3.7071478906690407E-004
    1.085000000000000        3.6764103185494363E-004
    1.090000000000000        3.8325871669575747E-004
    1.095000000000000        4.2075765068314217E-004
    1.100000000000000        4.8341633075466435E-004
    1.105000000000000        5.7438900164381295E-004
    1.110000000000000        6.9649585185940470E-004
    1.115000000000000        8.5203638024508148E-004
    1.120000000000000        1.0426401301362429E-003
    1.125000000000000        1.2691619059840904E-003
    1.130000000000000        1.5316159846228254E-003
    1.135000000000000        1.8291381315347861E-003
    1.140000000000000        2.1599658975070612E-003
    1.145000000000000        2.5214420480211936E-003
    1.150000000000000        2.9100598619330125E-003
    1.155000000000000        3.3215615670628358E-003
    1.160000000000000        3.7510966343138872E-003
    1.165000000000000        4.1934253330288751E-003
    1.170000000000000        4.6431350911817013E-003
    1.175000000000000        5.0948460528664654E-003
    1.180000000000000        5.5433804924103658E-003
    1.185000000000000        5.9838799428030747E-003
    1.190000000000000        6.4118638439846958E-003
    1.195000000000000        6.8232332132467919E-003
    1.200000000000000        7.2142338957331811E-003
    1.205000000000000        7.5813893751566610E-003
    1.210000000000000        7.9214193431988447E-003
    1.215000000000000        8.2311605892864623E-003
    1.220000000000000        8.5074950696566543E-003
    1.225000000000000        8.7472942988933937E-003
    1.230000000000000        8.9473867985334348E-003
    1.235000000000000        9.1045529535336502E-003
    1.240000000000000        9.2155404215214602E-003
    1.245000000000000        9.2771051504494135E-003
    1.250000000000000        9.2860795209109011E-003
    1.255000000000000        9.2394682911401667E-003
    1.260000000000000        9.1345773702917015E-003
    1.265000000000000        8.9691737375738310E-003
    1.270000000000000        8.7416723104151863E-003
    1.275000000000000        8.4513343541609771E-003
    1.280000000000000        8.0984644557744812E-003
    1.285000000000000        7.6845745671915555E-003
    1.290000000000000        7.2124984907092937E-003
    1.295000000000000        6.6864451547637209E-003
    1.300000000000000        6.1119846254811971E-003
    1.305000000000000        5.4959667690684793E-003
    1.310000000000000        4.8463761793236451E-003
    1.315000000000000        4.1721308411627849E-003
    1.320000000000000        3.4828364486872538E-003
    1.325000000000000        2.7885234149687999E-003
    1.330000000000000        2.0993908014558178E-003
    1.335000000000000        1.4255820487394315E-003
    1.340000000000000        7.7699950598305190E-004
    1.345000000000000        1.6315436698583055E-004
    1.350000000000000       -4.0695662159140804E-004
    1.355000000000000       -9.2495859562688736E-004
    1.360000000000000       -1.3831916836933575E-003
    1.365000000000000       -1.7747922022403411E-003
    1.370000000000000       -2.0937613718910772E-003
    1.375000000000000       -2.3350214702026109E-003
    1.380000000000000       -2.4944685239835356E-003
    1.385000000000000       -2.5690304240793931E-003
    1.390000000000000       -2.5567325586533620E-003
    1.395000000000000       -2.4567711589449894E-003
    1.400000000000000       -2.2695923710922576E-003
    1.405000000000000       -1.9969620501575317E-003
    1.410000000000000       -1.6420070255583397E-003
    1.415000000000000       -1.2092168154899245E-003
    1.420000000000000       -7.0439374791943905E-004
    1.425000000000000       -1.3454472735441132E-004
    1.430000000000000        4.9227990877410086E-004
    1.435000000000000        1.1671923480385571E-003
    1.440000000000000        1.8807117497310912E-003
    1.445000000000000        2.6230381877279942E-003
    1.450000000000000        3.3843359101699910E-003
    1.455000000000000        4.1550089434349857E-003
    1.460000000000000        4.9259457120388142E-003
    1.465000000000000        5.6887111079957586E-003
    1.470000000000000        6.4356728923885598E-003
    1.475000000000000        7.1600453525352332E-003
    1.480000000000000        7.8558532992931198E-003
    1.485000000000000        8.5178287997989877E-003
    1.490000000000000        9.1412563167515177E-003
    1.495000000000000        9.7217981565277931E-003
    1.500000000000000        1.0255323962271841E-002
    1.505000000000000        1.0737764696401624E-002
    1.510000000000000        1.1165011883016003E-002
    1.515000000000000        1.1532876779884234E-002
    1.520000000000000        1.1837126588716909E-002
    1.525000000000000        1.2073596938537752E-002
    1.530000000000000        1.2238365209528181E-002
    1.535000000000000        1.2327961467407460E-002
    1.540000000000000        1.2339579281111288E-002
    1.545000000000000        1.2271253995630005E-002
    1.550000000000000        1.2121985084452702E-002
    1.555000000000000        1.1891787125179585E-002
    1.560000000000000        1.1581669594080448E-002
    1.565000000000000        1.1193564968382113E-002
    1.570000000000000        1.0730229872132540E-002
    1.575000000000000        1.0195139735372123E-002
    1.580000000000000        9.5923972488688989E-003
    1.585000000000000        8.9266635815272508E-003
    1.590000000000000        8.2031087076031799E-003
    1.595000000000000        7.4273566845909755E-003
    1.600000000000000        6.6054140073371235E-003
    1.605000000000000        5.7435726950024089E-003
    1.610000000000000        4.8482842659473082E-003
    1.615000000000000        3.9260185192736774E-003
    1.620000000000000        2.9831195897243695E-003
    1.625000000000000        2.0256787308766016E-003
    1.630000000000000        1.0594364060005983E-003
    1.635000000000000        8.9702798161090929E-005
    1.640000000000000       -8.7871341167297388E-004
    1.645000000000000       -1.8415659321857113E-003
    1.650000000000000       -2.7952085748880928E-003
    1.655000000000000       -3.7365911352399284E-003
    1.660000000000000       -4.6632031057204726E-003
    1.665000000000000       -5.5729665760734921E-003
    1.670000000000000       -6.4640954727632298E-003
    1.675000000000000       -7.3349351747822062E-003
    1.680000000000000       -8.1837977207984256E-003
    1.685000000000000       -9.0088176748896451E-003
    1.690000000000000       -9.8078496166031375E-003
    1.695000000000000       -1.0578420736222971E-002
    1.700000000000000       -1.1317735520848204E-002
    1.705000000000000       -1.2022719055613782E-002
    1.710000000000000       -1.2690103953347653E-002
    1.715000000000000       -1.3316562849820035E-002
    1.720000000000000       -1.3898869463152850E-002
    1.725000000000000       -1.4434047158820238E-002
    1.730000000000000       -1.4919459683289196E-002
    1.735000000000000       -1.5352854377728424E-002
    1.740000000000000       -1.5732412033297363E-002
    1.745000000000000       -1.6056838839238807E-002
    1.750000000000000       -1.6325488395079779E-002
    1.755000000000000       -1.6538475492131752E-002
    1.760000000000000       -1.6696746261994599E-002
    1.765000000000000       -1.6802086522623627E-002
    1.770000000000000       -1.6857064834366793E-002
    1.775000000000000       -1.6864919014975137E-002
    1.780000000000000       -1.6829398232981577E-002
    1.785000000000000       -1.6754578125019850E-002
    1.790000000000000       -1.6644665016290108E-002
    1.795000000000000       -1.6503807515098357E-002
    1.800000000000000       -1.6335933004665706E-002
    1.805000000000000       -1.6144612663356921E-002
    1.810000000000000       -1.5932962875464147E-002
    1.815000000000000       -1.5703581876927455E-002
    1.820000000000000       -1.5458508554751731E-002
    1.825000000000000       -1.5199206811888686E-002
    1.830000000000000       -1.4926574120680627E-002
    1.835000000000000       -1.4640973589847784E-002
    1.840000000000000       -1.4342292835705994E-002
    1.845000000000000       -1.4030023878926537E-002
    1.850000000000000       -1.3703361342671252E-002
    1.855000000000000       -1.3361309582610912E-002
    1.860000000000000       -1.3002787437490118E-002
    1.865000000000000       -1.2626725605007856E-002
    1.870000000000000       -1.2232156937890730E-002
    1.875000000000000       -1.1818298028600185E-002
    1.880000000000000       -1.1384631257372617E-002
    1.885000000000000       -1.0930994434361114E-002
    1.890000000000000       -1.0457682081022450E-002
    1.895000000000000       -9.9655650004357508E-003
    1.900000000000000       -9.4562192168405801E-003
    1.905000000000000       -8.9320534912505902E-003
    1.910000000000000       -8.3964081074358567E-003
    1.915000000000000       -7.8535945613194613E-003
    1.920000000000000       -7.3088567780483427E-003
    1.925000000000000       -6.7682347918649715E-003
    1.930000000000000       -6.2383389748360729E-003
    1.935000000000000       -5.7260623292470552E-003
    1.940000000000000       -5.2382667957091389E-003
    1.945000000000000       -4.7814664542673748E-003
    1.950000000000000       -4.3615244231518417E-003
    1.955000000000000       -3.9833844210545895E-003
    1.960000000000000       -3.6508484999425894E-003
    1.965000000000000       -3.3664149278244486E-003
    1.970000000000000       -3.1311901151479282E-003
    1.975000000000000       -2.9448729507893692E-003
    1.980000000000000       -2.8058087889434518E-003
    1.985000000000000       -2.7111174554108715E-003
    1.990000000000000       -2.6568959863748427E-003
    1.995000000000000       -2.6384877208708990E-003
    2.000000000000000       -2.6507803648177886E-003
    2.005000000000000       -2.6884835160306038E-003
    2.010000000000000       -2.7463474602344351E-003
    2.015000000000000       -2.8193109820139540E-003
    2.020000000000000       -2.9025823395723940E-003
    2.025000000000000       -2.9916580373265198E-003
    2.030000000000000       -3.0822994032251576E-003
    2.035000000000000       -3.1704865139572069E-003
    2.040000000000000       -3.2523737784669060E-003
    2.045000000000000       -3.3242659525243914E-003
    2.050000000000000       -3.3826165561580579E-003
    2.055000000000000       -3.4240624445269789E-003
    2.060000000000000       -3.4454951057407586E-003
    2.065000000000000       -3.4441588719157816E-003
    2.070000000000000       -3.4177627903341570E-003
    2.075000000000000       -3.3645924658775979E-003
    2.080000000000000       -3.2836005533553267E-003
    2.085000000000000       -3.1744501311514139E-003
    2.090000000000000       -3.0375055548249934E-003
    2.095000000000000       -2.8737701782859295E-003
    2.100000000000000       -2.6847830064092588E-003
    2.105000000000000       -2.4725011296882711E-003
    2.110000000000000       -2.2391965085357990E-003
    2.115000000000000       -1.9873840500221341E-003
    2.120000000000000       -1.7197835692645853E-003
    2.125000000000000       -1.4393098038800640E-003
    2.130000000000000       -1.1490803731332737E-003
    2.135000000000000       -8.5242065259877080E-004
    2.140000000000000       -5.5286553407312686E-004
    2.145000000000000       -2.5416334592874739E-004
    2.150000000000000        3.9723218745614366E-005
    2.155000000000000        3.2463143649319495E-004
    2.160000000000000        5.9624245905306896E-004
    2.165000000000000        8.5015224215970431E-004
    2.170000000000000        1.0819733818921171E-003
    2.175000000000000        1.2874578727601556E-003
    2.180000000000000        1.4626257132483942E-003
    2.185000000000000        1.6038899933462972E-003
    2.190000000000000        1.7081739815634711E-003
    2.195000000000000        1.7730303362459376E-003
    2.200000000000000        1.7967588608288865E-003
    2.205000000000000        1.7785148373623338E-003
    2.210000000000000        1.7183918075563285E-003
    2.215000000000000        1.6174513526641832E-003
    2.220000000000000        1.4776899022372625E-003
    2.225000000000000        1.3019428757774143E-003
    2.230000000000000        1.0937413621098393E-003
    2.235000000000000        8.5714445258275056E-004
    2.240000000000000        5.9656824917286801E-004
    2.245000000000000        3.1662785476419417E-004
    2.250000000000000        2.2003193721194996E-005
    2.255000000000000       -2.8266062613130716E-004
    2.260000000000000       -5.9281749596197990E-004
    2.265000000000000       -9.0405522965290359E-004
    2.270000000000000       -1.2121107229611807E-003
    2.275000000000000       -1.5128757336873219E-003
    2.280000000000000       -1.8024074552994085E-003
    2.285000000000000       -2.0769496676822081E-003
    2.290000000000000       -2.3329513217425406E-003
    2.295000000000000       -2.5670681960806991E-003
    2.300000000000000       -2.7761378304577655E-003
    2.305000000000000       -2.9571299632655377E-003
    2.310000000000000       -3.1070819534625409E-003
    2.315000000000000       -3.2230328396156560E-003
    2.320000000000000       -3.3019706965795659E-003
    2.325000000000000       -3.3408108412045863E-003
    2.330000000000000       -3.3364094075867556E-003
    2.335000000000000       -3.2856051676420139E-003
    2.340000000000000       -3.1853034966025624E-003
    2.345000000000000       -3.0325980929937613E-003
    2.350000000000000       -2.8249185010949747E-003
    2.355000000000000       -2.5601991816316714E-003
    2.360000000000000       -2.2370562471301785E-003
    2.365000000000000       -1.8549687634508194E-003
    2.370000000000000       -1.4144593261222815E-003
    2.375000000000000       -9.1725713211822484E-004
    2.380000000000000       -3.6642491459776605E-004
    2.385000000000000        2.3355949141350587E-004
    2.390000000000000        8.7678588240888207E-004
    2.395000000000000        1.5559737241458800E-003
    2.400000000000000        2.2626049839233149E-003
    2.405000000000000        2.9871219260994341E-003
    2.410000000000000        3.7191797578409487E-003
    2.415000000000000        4.4479372073642152E-003
    2.420000000000000        5.1623666060392539E-003
    2.425000000000000        5.8515656052688412E-003
    2.430000000000000        6.5050514364783254E-003
    2.435000000000000        7.1130114547011480E-003
    2.440000000000000        7.6664934912717397E-003
    2.445000000000000        8.1575295019419070E-003
    2.450000000000000        8.5792030215061370E-003
    2.455000000000000        8.9256767574682101E-003
    2.460000000000000        9.1921907432596868E-003
    2.465000000000000        9.3750450931783931E-003
    2.470000000000000        9.4715842548728126E-003
    2.475000000000000        9.4801879613820734E-003
    2.480000000000000        9.4002637009712586E-003
    2.485000000000000        9.2322422200850198E-003
    2.490000000000000        8.9775758367079419E-003
    2.495000000000000        8.6387387131671218E-003
    2.500000000000000        8.2192220108320377E-003
    2.505000000000000        7.7235183654948392E-003
    2.510000000000000        7.1570874772099602E-003
    2.515000000000000        6.5262924779463249E-003
    2.520000000000000        5.8382974875067095E-003
    2.525000000000000        5.1009169110141137E-003
    2.530000000000000        4.3224205411891452E-003
    2.535000000000000        3.5112993566451456E-003
    2.540000000000000        2.6760068288378824E-003
    2.545000000000000        1.8246985974673100E-003
    2.550000000000000        9.6498834415338113E-004
    2.555000000000000        1.0373863811797939E-004
    2.560000000000000       -7.5309955249950011E-004
    2.565000000000000       -1.6005812166759434E-003
    2.570000000000000       -2.4347781688281862E-003
    2.575000000000000       -3.2527026202184146E-003
    2.580000000000000       -4.0521491139380386E-003
    2.585000000000000       -4.8314739213966940E-003
    2.590000000000000       -5.5893512517168613E-003
    2.595000000000000       -6.3245489207436165E-003
    2.600000000000000       -7.0357500771089985E-003
    2.605000000000000       -7.7214358636056213E-003
    2.610000000000000       -8.3798302487960932E-003
    2.615000000000000       -9.0088946705325661E-003
    2.620000000000000       -9.6063571612802203E-003
    2.625000000000000       -1.0169773945914526E-002
    2.630000000000000       -1.0696614694116895E-002
    2.635000000000000       -1.1184355450142207E-002
    2.640000000000000       -1.1630576245602540E-002
    2.645000000000000       -1.2033060088423331E-002
    2.650000000000000       -1.2389891704639113E-002
    2.655000000000000       -1.2699549644174919E-002
    2.660000000000000       -1.2960992855176212E-002
    2.665000000000000       -1.3173740377982803E-002
    2.670000000000000       -1.3337935312697287E-002
    2.675000000000000       -1.3454390545651542E-002
    2.680000000000000       -1.3524602082200459E-002
    2.685000000000000       -1.3550719037981682E-002
    2.690000000000000       -1.3535460265053176E-002
    2.695000000000000       -1.3481969636391207E-002
    2.700000000000000       -1.3393620051657980E-002
    2.705000000000000       -1.3273786988216023E-002
    2.710000000000000       -1.3125620042840218E-002
    2.715000000000000       -1.2951849895084226E-002
    2.720000000000000       -1.2754658655480515E-002
    2.725000000000000       -1.2535627760775867E-002
    2.730000000000000       -1.2295765931884342E-002
    2.735000000000000       -1.2035602931585510E-002
    2.740000000000000       -1.1755335898825423E-002
    2.745000000000000       -1.1455015476522419E-002
    2.750000000000000       -1.1134747866213155E-002
    2.755000000000000       -1.0794889327761406E-002
    2.760000000000000       -1.0436207792563410E-002
    2.765000000000000       -1.0059988906387372E-002
    2.770000000000000       -9.6680714881585050E-003
    2.775000000000000       -9.2628074673832472E-003
    2.780000000000000       -8.8469534817275211E-003
    2.785000000000000       -8.4235129886823366E-003
    2.790000000000000       -7.9955530693109615E-003
    2.795000000000000       -7.5660177322202085E-003
    2.800000000000000       -7.1375556751365989E-003
    2.805000000000000       -6.7123808261599738E-003
    2.810000000000000       -6.2921702371392216E-003
    2.815000000000000       -5.8780008690675354E-003
    2.820000000000000       -5.4703361290351973E-003
    2.825000000000000       -5.0690679279161515E-003
    2.830000000000000       -4.6736245519839290E-003
    2.835000000000000       -4.2831505644315380E-003
    2.840000000000000       -3.8967553585579759E-003
    2.845000000000000       -3.5138148294117579E-003
    2.850000000000000       -3.1342921246661000E-003
    2.855000000000000       -2.7590274080625066E-003
    2.860000000000000       -2.3899594417009293E-003
    2.865000000000000       -2.0302509159742965E-003
    2.870000000000000       -1.6843037291058696E-003
    2.875000000000000       -1.3576649034621970E-003
    2.880000000000000       -1.0568303707054383E-003
    2.885000000000000       -7.8896150504236395E-004
    2.890000000000000       -5.6153497343438685E-004
    2.895000000000000       -3.8195279005423854E-004
    2.900000000000000       -2.5713566677312971E-004
    2.905000000000000       -1.9313412595998212E-004
    2.910000000000000       -1.9478891676929342E-004
    2.915000000000000       -2.6545407127447183E-004
    2.920000000000000       -4.0679542272160329E-004
    2.925000000000000       -6.1866276804478426E-004
    2.930000000000000       -8.9902709306577115E-004
    2.935000000000000       -1.2439792443389108E-003
    2.940000000000000       -1.6477860157731117E-003
    2.945000000000000       -2.1029981154978574E-003
    2.950000000000000       -2.6006113062173455E-003
    2.955000000000000       -3.1302815317613031E-003
    2.960000000000000       -3.6805858647806251E-003
    2.965000000000000       -4.2393320785045869E-003
    2.970000000000000       -4.7939031000830967E-003
    2.975000000000000       -5.3316185651049510E-003
    2.980000000000000       -5.8400933454493202E-003
    2.985000000000000       -6.3075695485726060E-003
    2.990000000000000       -6.7232051718448531E-003
    2.995000000000000       -7.0772992575108837E-003
    3.000000000000000       -7.3614528899424503E-003
    3.005000000000000       -7.5686734857197457E-003
    3.010000000000000       -7.6934304985024173E-003
    3.015000000000000       -7.7316771587928210E-003
    3.020000000000000       -7.6808536660638378E-003
    3.025000000000000       -7.5398840290432538E-003
    3.030000000000000       -7.3091697434390968E-003
    3.035000000000000       -6.9905782597151749E-003
    3.040000000000000       -6.5874113775412138E-003
    3.045000000000000       -6.1043418086993011E-003
    3.050000000000000       -5.5473146975893863E-003
    3.055000000000000       -4.9234188812894111E-003
    3.060000000000000       -4.2407392759206726E-003
    3.065000000000000       -3.5081964821207507E-003
    3.070000000000000       -2.7353886613428258E-003
    3.075000000000000       -1.9324373296138448E-003
    3.080000000000000       -1.1098242304882657E-003
    3.085000000000000       -2.7820685983571938E-004
    3.090000000000000        5.5179145979931032E-004
    3.095000000000000        1.3698130271416264E-003
    3.100000000000000        2.1660171608615615E-003
    3.105000000000000        2.9313273876391017E-003
    3.110000000000000        3.6576413668036869E-003
    3.115000000000000        4.3379903491096403E-003
    3.120000000000000        4.9666354857149306E-003
    3.125000000000000        5.5390974330768188E-003
    3.130000000000000        6.0521287198090388E-003
    3.135000000000000        6.5036357832195213E-003
    3.140000000000000        6.8925571851797525E-003
    3.145000000000000        7.2187101690275473E-003
    3.150000000000000        7.4826204736805000E-003
    3.155000000000000        7.6853505446837422E-003
    3.160000000000000        7.8283516087041267E-003
    3.165000000000000        7.9133510140251442E-003
    3.170000000000000        7.9422653559039711E-003
    3.175000000000000        7.9171429074481114E-003
    3.180000000000000        7.8401410463754200E-003
    3.185000000000000        7.7135281311927244E-003
    3.190000000000000        7.5396984985047641E-003
    3.195000000000000        7.3211892469908912E-003
    3.200000000000000        7.0606852449919462E-003
    3.205000000000000        6.7610143423371376E-003
    3.210000000000000        6.4251473745384891E-003
    3.215000000000000        6.0562152564662046E-003
    3.220000000000000        5.6575552672623974E-003
    3.225000000000000        5.2327840384167850E-003
    3.230000000000000        4.7858735412081659E-003
    3.235000000000000        4.3212105209776466E-003
    3.240000000000000        3.8436233848662535E-003
    3.245000000000000        3.3583667140522646E-003
    3.250000000000000        2.8710633551994590E-003
    3.255000000000000        2.3876132637155023E-003
    3.260000000000000        1.9140884101290450E-003
    3.265000000000000        1.4566344064466373E-003
    3.270000000000000        1.0213867163496844E-003
    3.275000000000000        6.1438822817899421E-004
    3.280000000000000        2.4149582208214793E-004
    3.285000000000000       -9.1726837479549008E-005
    3.290000000000000       -3.8012939760656806E-004
    3.295000000000000       -6.1911138506592422E-004
    3.300000000000000       -8.0477246657541635E-004
    3.305000000000000       -9.3406914411492412E-004
    3.310000000000000       -1.0049751837253700E-003
    3.315000000000000       -1.0166291229404223E-003
    3.320000000000000       -9.6945506303417854E-004
    3.325000000000000       -8.6524468752050243E-004
    3.330000000000000       -7.0719060834827978E-004
    3.335000000000000       -4.9986381118217738E-004
    3.340000000000000       -2.4913122665022813E-004
    3.345000000000000        3.7981413289024166E-005
    3.350000000000000        3.5348123775856122E-004
    3.355000000000000        6.8864121567263235E-004
    3.360000000000000        1.0342614116872439E-003
    3.365000000000000        1.3809423143950021E-003
    3.370000000000000        1.7193593358946790E-003
    3.375000000000000        2.0405366939065681E-003
    3.380000000000000        2.3361088641513290E-003
    3.385000000000000        2.5985648064379148E-003
    3.390000000000000        2.8214620118084405E-003
    3.395000000000000        2.9995852029530417E-003
    3.400000000000000        3.1290389487570036E-003
    3.405000000000000        3.2072703045607032E-003
    3.410000000000000        3.2330180926731780E-003
    3.415000000000000        3.2062106718462102E-003
    3.420000000000000        3.1278317289826929E-003
    3.425000000000000        2.9997701210706209E-003
    3.430000000000000        2.8246803075968563E-003
    3.435000000000000        2.6058643689058600E-003
    3.440000000000000        2.3471727518757697E-003
    3.445000000000000        2.0529212081874899E-003
    3.450000000000000        1.7278220819678591E-003
    3.455000000000000        1.3769232258644735E-003
    3.460000000000000        1.0055434132927781E-003
    3.465000000000000        6.1919746753648539E-004
    3.470000000000000        2.2352008662222653E-004
    3.475000000000000       -1.7581747159547150E-004
    3.480000000000000       -5.7319457128801226E-004
    3.485000000000000       -9.6312506620469911E-004
    3.490000000000000       -1.3403384199844663E-003
    3.495000000000000       -1.6998485197911153E-003
    3.500000000000000       -2.0370135260237427E-003
    3.505000000000000       -2.3475848079314798E-003
    3.510000000000000       -2.6277370763900643E-003
    3.515000000000000       -2.8740748248042532E-003
    3.520000000000000       -3.0836096896927696E-003
    3.525000000000000       -3.2537153509872048E-003
    3.530000000000000       -3.3820796636943373E-003
    3.535000000000000       -3.4666837860440842E-003
    3.540000000000000       -3.5058290509857546E-003
    3.545000000000000       -3.4982033071929513E-003
    3.550000000000000       -3.4429557910938713E-003
    3.555000000000000       -3.3397543199108668E-003
    3.560000000000000       -3.1888138526806671E-003
    3.565000000000000       -2.9908922145124777E-003
    3.570000000000000       -2.7472608318392489E-003
    3.575000000000000       -2.4596577391766767E-003
    3.580000000000000       -2.1302310144279635E-003
    3.585000000000000       -1.7614814991755523E-003
    3.590000000000000       -1.3562092991722916E-003
    3.595000000000000       -9.1746349748637854E-004
    3.600000000000000       -4.4849335363836254E-004
    3.605000000000000        4.7301580850571066E-005
    3.610000000000000        5.6641784342044490E-004
    3.615000000000000        1.1052850676005757E-003
    3.620000000000000        1.6602859905958931E-003
    3.625000000000000        2.2277499156238632E-003
    3.630000000000000        2.8039166337443904E-003
    3.635000000000000        3.3848703309293118E-003
    3.640000000000000        3.9664592179705306E-003
    3.645000000000000        4.5442186564051354E-003
    3.650000000000000        5.1133074160802749E-003
    3.655000000000000        5.6684673301349502E-003
    3.660000000000000        6.2040180381110552E-003
    3.665000000000000        6.7138952701598171E-003
    3.670000000000000        7.1917346151728729E-003
    3.675000000000000        7.6310007147287777E-003
    3.680000000000000        8.0251560590111239E-003
    3.685000000000000        8.3678609341450017E-003
    3.690000000000000        8.6531962819219324E-003
    3.695000000000000        8.8758930061873453E-003
    3.700000000000000        9.0315506667603920E-003
    3.705000000000000        9.1168304064158452E-003
    3.710000000000000        9.1296047987575353E-003
    3.715000000000000        9.0690529970196501E-003
    3.720000000000000        8.9356961341816312E-003
    3.725000000000000        8.7313713272584081E-003
    3.730000000000000        8.4591500747020092E-003
    3.735000000000000        8.1232225950154007E-003
    3.740000000000000        7.7287691662785276E-003
    3.745000000000000        7.2818263220292128E-003
    3.750000000000000        6.7891486175614784E-003
    3.755000000000000        6.2580668214891517E-003
    3.760000000000000        5.6963388540158721E-003
    3.765000000000000        5.1119996528915941E-003
    3.770000000000000        4.5132153567852447E-003
    3.775000000000000        3.9081509303555242E-003
    3.780000000000000        3.3048628912292486E-003
    3.785000000000000        2.7112155471833850E-003
    3.790000000000000        2.1348214227637929E-003
    3.795000000000000        1.5829962107350553E-003
    3.800000000000000        1.0627162345026706E-003
    3.805000000000000        5.8057330611894375E-004
    3.810000000000000        1.4272211027621386E-004
    3.815000000000000       -2.4518648359583368E-004
    3.820000000000000       -5.7808973011884319E-004
    3.825000000000000       -8.5161165618290529E-004
    3.830000000000000       -1.0621663428736896E-003
    3.835000000000000       -1.2070536192917769E-003
    3.840000000000000       -1.2845342854830488E-003
    3.845000000000000       -1.2938778709925436E-003
    3.850000000000000       -1.2353740452594502E-003
    3.855000000000000       -1.1103023855034733E-003
    3.860000000000000       -9.2087621707205365E-004
    3.865000000000000       -6.7017566450907298E-004
    3.870000000000000       -3.6208632904680762E-004
    3.875000000000000       -1.2617189974835483E-006
    3.880000000000000        4.0688830670286880E-004
    3.885000000000000        8.5619087749153326E-004
    3.890000000000000        1.3397057255324449E-003
    3.895000000000000        1.8497453620705745E-003
    3.900000000000000        2.3779382657221864E-003
    3.905000000000000        2.9153460912515538E-003
    3.910000000000000        3.4526335716529011E-003
    3.915000000000000        3.9802819718350690E-003
    3.920000000000000        4.4888254042507212E-003
    3.925000000000000        4.9690988320295730E-003
    3.930000000000000        5.4124839134957190E-003
    3.935000000000000        5.8111427434745302E-003
    3.940000000000000        6.1582328308449652E-003
    3.945000000000000        6.4480921256412893E-003
    3.950000000000000        6.6763853675175628E-003
    3.955000000000000        6.8402060822486588E-003
    3.960000000000000        6.9381379506147969E-003
    3.965000000000000        6.9702658749077600E-003
    3.970000000000000        6.9381402554143179E-003
    3.975000000000000        6.8447030170419296E-003
    3.980000000000000        6.6941793565656873E-003
    3.985000000000000        6.4919458553691465E-003
    3.990000000000000        6.2443791324668556E-003
    3.995000000000000        5.9586877758184000E-003
    4.000000000000000        5.6427271677419473E-003
