    0.000000000000000         2.541759432883572     
   5.0000000000000000E-003    2.532389995581462     
   1.0000000000000000E-002    2.504508460150489     
   1.5000000000000000E-002    2.458750292542832     
   2.0000000000000000E-002    2.396134041837734     
   2.5000000000000000E-002    2.318006422103175     
   3.0000000000000000E-002    2.225975173303713     
   3.5000000000000004E-002    2.121836624228485     
   4.0000000000000000E-002    2.007504068377891     
   4.5000000000000000E-002    1.884941557556809     
   5.0000000000000000E-002    1.756106031559889     
   5.5000000000000000E-002    1.622899167295870     
   6.0000000000000000E-002    1.487129157965671     
   6.5000000000000000E-002    1.350481872329215     
   7.0000000000000009E-002    1.214500421201819     
   7.5000000000000000E-002    1.080571990973893     
   8.0000000000000000E-002   0.9499207819592424     
   8.5000000000000000E-002   0.8236059242101401     
   9.0000000000000000E-002   0.7025233435401283     
   9.5000000000000000E-002   0.5874106856958170     
   0.1000000000000000        0.4788545420951910     
   0.1050000000000000        0.3772993664061294     
   0.1100000000000000        0.2830575925177905     
   0.1150000000000000        0.1963205515698121     
   0.1200000000000000        0.1171698572868449     
   0.1250000000000000        4.5588984977659166E-002
   0.1300000000000000       -1.8525172342937296E-002
   0.1350000000000000       -7.5350959378190971E-002
   0.1400000000000000       -0.1251309835241804     
   0.1450000000000000       -0.1681616273461697     
   0.1500000000000000       -0.2047831499030149     
   0.1550000000000000       -0.2353704522481253     
   0.1600000000000000       -0.2603245496527408     
   0.1650000000000000       -0.2800647662375491     
   0.1700000000000000       -0.2950216562227809     
   0.1750000000000000       -0.3056306346172494     
   0.1800000000000000       -0.3123262869344811     
   0.1850000000000000       -0.3155373318131000     
   0.1900000000000000       -0.3156822110109536     
   0.1950000000000000       -0.3131652833795932     
   0.2000000000000000       -0.3083735922149105     
   0.2050000000000000       -0.3016741755446212     
   0.2100000000000000       -0.2934119018193583     
   0.2150000000000000       -0.2839078003732141     
   0.2200000000000000       -0.2734578500355526     
   0.2250000000000000       -0.2623321900430776     
   0.2300000000000000       -0.2507747154642304     
   0.2350000000000000       -0.2390030221592038     
   0.2400000000000000       -0.2272086653862563     
   0.2450000000000000       -0.2155577096597118     
   0.2500000000000000       -0.2041915356001729     
   0.2550000000000000       -0.1932278789087601     
   0.2600000000000000       -0.1827620669850351     
   0.2650000000000000       -0.1728684135000101     
   0.2700000000000000       -0.1636017433918242     
   0.2750000000000000       -0.1549990159606380     
   0.2800000000000000       -0.1470810227371679     
   0.2850000000000001       -0.1398541373892144     
   0.2900000000000000       -0.1333121020842363     
   0.2950000000000000       -0.1274378249993209     
   0.3000000000000000       -0.1222051627828319     
   0.3050000000000000       -0.1175806625067244     
   0.3100000000000000       -0.1135252352381400     
   0.3150000000000000       -0.1099957300904643     
   0.3200000000000000       -0.1069463738690953     
   0.3250000000000000       -0.1043300440819824     
   0.3300000000000000       -0.1020993450702764     
   0.3350000000000000       -0.1002074800486018     
   0.3400000000000000       -9.8608947938259419E-002
   0.3450000000000000       -9.7260093546664148E-002
   0.3500000000000000       -9.6119523681147072E-002
   0.3550000000000000       -9.5148402387265190E-002
   0.3600000000000000       -9.4310632865694792E-002
   0.3650000000000000       -9.3572941792786324E-002
   0.3700000000000000       -9.2904897307099858E-002
   0.3750000000000000       -9.2278885968262276E-002
   0.3800000000000000       -9.1670069828373251E-002
   0.3850000000000000       -9.1056336305981080E-002
   0.3900000000000000       -9.0418231216523264E-002
   0.3950000000000000       -8.9738855363007826E-002
   0.4000000000000000       -8.9003712885413151E-002
   0.4050000000000001       -8.8200513357023205E-002
   0.4100000000000001       -8.7318953387829428E-002
   0.4150000000000000       -8.6350505787431704E-002
   0.4200000000000000       -8.5288232413097980E-002
   0.4250000000000000       -8.4126635904972993E-002
   0.4300000000000000       -8.2861557432434889E-002
   0.4350000000000000       -8.1490124173220551E-002
   0.4400000000000000       -8.0010742467395417E-002
   0.4450000000000000       -7.8423120278735858E-002
   0.4500000000000000       -7.6728304388854083E-002
   0.4550000000000000       -7.4928720953844996E-002
   0.4600000000000001       -7.3028213594083793E-002
   0.4650000000000000       -7.1032074272581758E-002
   0.4700000000000000       -6.8947060763323353E-002
   0.4750000000000000       -6.6781389375920703E-002
   0.4800000000000000       -6.4544688867385798E-002
   0.4850000000000000       -6.2247897813343291E-002
   0.4900000000000000       -5.9903093131872378E-002
   0.4950000000000000       -5.7523258930427499E-002
   0.5000000000000000       -5.5122005330404242E-002
   0.5050000000000000       -5.2713250698465348E-002
   0.5100000000000000       -5.0310886088457343E-002
   0.5150000000000000       -4.7928439365646920E-002
   0.5200000000000000       -4.5578759869278089E-002
   0.5250000000000000       -4.3273742940209772E-002
   0.5300000000000001       -4.1024102512237013E-002
   0.5350000000000001       -3.8839197698892542E-002
   0.5400000000000000       -3.6726916973484212E-002
   0.5450000000000000       -3.4693622097792027E-002
   0.5500000000000000       -3.2744151785931437E-002
   0.5550000000000001       -3.0881886067486604E-002
   0.5600000000000001       -2.9108861503042988E-002
   0.5650000000000000       -2.7425928826588559E-002
   0.5700000000000001       -2.5832947492048475E-002
   0.5750000000000001       -2.4329002186105431E-002
   0.5800000000000000       -2.2912630077158846E-002
   0.5850000000000000       -2.1582042193231206E-002
   0.5899999999999999       -2.0335318943098732E-002
   0.5949999999999999       -1.9170564032204187E-002
   0.6000000000000000       -1.8086009571985551E-002
   0.6050000000000000       -1.7080066220459170E-002
   0.6100000000000000       -1.6151324038985237E-002
   0.6150000000000000       -1.5298510751864911E-002
   0.6200000000000000       -1.4520424032420795E-002
   0.6250000000000000       -1.3815861795789801E-002
   0.6300000000000000       -1.3183550277563114E-002
   0.6350000000000000       -1.2622069777980132E-002
   0.6400000000000000       -1.2129778440355656E-002
   0.6450000000000000       -1.1704734836356920E-002
   0.6500000000000000       -1.1344624874027800E-002
   0.6550000000000001       -1.1046706593119751E-002
   0.6600000000000001       -1.0807782657908118E-002
   0.6650000000000000       -1.0624195621785586E-002
   0.6700000000000000       -1.0491845723741287E-002
   0.6750000000000000       -1.0406233657056276E-002
   0.6800000000000001       -1.0362534405539146E-002
   0.6850000000000001       -1.0355708555603380E-002
   0.6900000000000000       -1.0380643108250127E-002
   0.6950000000000001       -1.0432309399542312E-002
   0.7000000000000001       -1.0505918301815544E-002
   0.7050000000000000       -1.0597053012263853E-002
   0.7100000000000000       -1.0701763143866285E-002
   0.7149999999999999       -1.0816613511360429E-002
   0.7199999999999999       -1.0938682537102597E-002
   0.7250000000000000       -1.1065504207385319E-002
   0.7300000000000000       -1.1194969462475060E-002
   0.7350000000000000       -1.1325193033466643E-002
   0.7400000000000000       -1.1454361173669383E-002
   0.7450000000000000       -1.1580587735803740E-002
   0.7500000000000000       -1.1701795453669832E-002
   0.7550000000000000       -1.1815636353791781E-002
   0.7600000000000000       -1.1919461267466527E-002
   0.7650000000000000       -1.2010342170561641E-002
   0.7700000000000000       -1.2085144095208180E-002
   0.7750000000000000       -1.2140647186506028E-002
   0.7800000000000001       -1.2173713729935940E-002
   0.7850000000000001       -1.2181487847757304E-002
   0.7900000000000000       -1.2161616337165795E-002
   0.7950000000000000       -1.2112476799760894E-002
   0.8000000000000000       -1.2033395738733934E-002
   0.8050000000000001       -1.1924841206424384E-002
   0.8100000000000001       -1.1788577279081183E-002
   0.8150000000000000       -1.1627763645554392E-002
   0.8200000000000001       -1.1446974945872399E-002
   0.8250000000000000       -1.1252129599499288E-002
   0.8300000000000001       -1.1050325870503510E-002
   0.8350000000000000       -1.0849582492501098E-002
   0.8400000000000000       -1.0658492627325344E-002
   0.8449999999999999       -1.0485793344367547E-002
   0.8500000000000000       -1.0339879491933175E-002
   0.8550000000000001       -1.0228317430681098E-002
   0.8600000000000000       -1.0157414835439951E-002
   0.8650000000000000       -1.0131908690760794E-002
   0.8699999999999999       -1.0154791700597621E-002
   0.8750000000000000       -1.0227266664519421E-002
   0.8800000000000001       -1.0348808504560751E-002
   0.8850000000000000       -1.0517305144475639E-002
   0.8900000000000000       -1.0729260310058324E-002
   0.8949999999999999       -1.0980037850585564E-002
   0.9000000000000000       -1.1264139208440085E-002
   0.9050000000000001       -1.1575503824255415E-002
   0.9100000000000000       -1.1907816589066602E-002
   0.9150000000000000       -1.2254808368864787E-002
   0.9200000000000001       -1.2610530028500408E-002
   0.9250000000000000       -1.2969581931165242E-002
   0.9300000000000001       -1.3327272590041930E-002
   0.9350000000000001       -1.3679684486949162E-002
   0.9400000000000000       -1.4023654582872713E-002
   0.9450000000000001       -1.4356683654715980E-002
   0.9500000000000000       -1.4676792229082336E-002
   0.9550000000000001       -1.4982344023524972E-002
   0.9600000000000000       -1.5271853472925326E-002
   0.9650000000000000       -1.5543794922981196E-002
   0.9699999999999999       -1.5796425470974822E-002
   0.9750000000000000       -1.6027650206485820E-002
   0.9800000000000001       -1.6234948172154646E-002
   0.9850000000000000       -1.6415365526017012E-002
   0.9900000000000000       -1.6565581749471347E-002
   0.9949999999999999       -1.6682032447783124E-002
    1.000000000000000       -1.6761063647462295E-002
    1.005000000000000       -1.6799089933013103E-002
    1.010000000000000       -1.6792734393992859E-002
    1.015000000000000       -1.6738933768588550E-002
    1.020000000000000       -1.6634997499038744E-002
    1.025000000000000       -1.6478621835411542E-002
    1.030000000000000       -1.6267874220737831E-002
    1.035000000000000       -1.6001165058992424E-002
    1.040000000000000       -1.5677232846771276E-002
    1.045000000000000       -1.5295156872679073E-002
    1.050000000000000       -1.4854400827702198E-002
    1.055000000000000       -1.4354893203313354E-002
    1.060000000000000       -1.3797125681945115E-002
    1.065000000000000       -1.3182243961172799E-002
    1.070000000000000       -1.2512119293936612E-002
    1.075000000000000       -1.1789387084256204E-002
    1.080000000000000       -1.1017439404537435E-002
    1.085000000000000       -1.0200368853893025E-002
    1.090000000000000       -9.3428628185460738E-003
    1.095000000000000       -8.4500549087833274E-003
    1.100000000000000       -7.5273472834320714E-003
    1.105000000000000       -6.5802194247490444E-003
    1.110000000000000       -5.6140390281757337E-003
    1.115000000000000       -4.6338938030215591E-003
    1.120000000000000       -3.6444609226944973E-003
    1.125000000000000       -2.6499244771700075E-003
    1.130000000000000       -1.6539475835973554E-003
    1.135000000000000       -6.5970033708038773E-004
    1.140000000000000        3.3005723906522610E-004
    1.145000000000000        1.3128460521297403E-003
    1.150000000000000        2.2863003964589463E-003
    1.155000000000000        3.2479758116023079E-003
    1.160000000000000        4.1951461059105331E-003
    1.165000000000000        5.1245987867788179E-003
    1.170000000000000        6.0324459840243900E-003
    1.175000000000000        6.9139654585759303E-003
    1.180000000000000        7.7634909825330709E-003
    1.185000000000000        8.5743721212940098E-003
    1.190000000000000        9.3390137682896412E-003
    1.195000000000000        1.0048996768092100E-002
    1.200000000000000        1.0695279016282950E-002
    1.205000000000000        1.1268463303103200E-002
    1.210000000000000        1.1759105041356404E-002
    1.215000000000000        1.2158034921898604E-002
    1.220000000000000        1.2456667350402468E-002
    1.225000000000000        1.2647272996448369E-002
    1.230000000000000        1.2723211021291083E-002
    1.235000000000000        1.2679125370881721E-002
    1.240000000000000        1.2511117124640012E-002
    1.245000000000000        1.2216894935852514E-002
    1.250000000000000        1.1795898466767705E-002
    1.255000000000000        1.1249392326066499E-002
    1.260000000000000        1.0580521149764790E-002
    1.265000000000000        9.7943206201899997E-003
    1.270000000000000        8.8976848108235522E-003
    1.275000000000000        7.8992817202775312E-003
    1.280000000000000        6.8094192489388528E-003
    1.285000000000000        5.6398875556442194E-003
    1.290000000000000        4.4038127243262730E-003
    1.295000000000000        3.1155426501399637E-003
    1.300000000000000        1.7905384397118720E-003
    1.305000000000000        4.4523396676393956E-004
    1.310000000000000       -9.0316096209356402E-004
    1.315000000000000       -2.2369251149110916E-003
    1.320000000000000       -3.5381533499602469E-003
    1.325000000000000       -4.7891418597658184E-003
    1.330000000000000       -5.9728124621280383E-003
    1.335000000000000       -7.0731533562656255E-003
    1.340000000000000       -8.0756516908698579E-003
    1.345000000000000       -8.9676914456549230E-003
    1.350000000000000       -9.7388894415947682E-003
    1.355000000000000       -1.0381337207675203E-002
    1.360000000000000       -1.0889721519306170E-002
    1.365000000000000       -1.1261313817199776E-002
    1.370000000000000       -1.1495835243442962E-002
    1.375000000000000       -1.1595224076980513E-002
    1.380000000000000       -1.1563341911327725E-002
    1.385000000000000       -1.1405648862366342E-002
    1.390000000000000       -1.1128873988848187E-002
    1.395000000000000       -1.0740700446357945E-002
    1.400000000000000       -1.0249485888140464E-002
    1.405000000000000       -9.6640319155329379E-003
    1.410000000000000       -8.9934063623399787E-003
    1.415000000000000       -8.2468281248364246E-003
    1.420000000000000       -7.4336181482232142E-003
    1.425000000000000       -6.5632088376148037E-003
    1.430000000000000       -5.6452002247121786E-003
    1.435000000000000       -4.6894393428457279E-003
    1.440000000000000       -3.7060965820803169E-003
    1.445000000000000       -2.7057238015211582E-003
    1.450000000000000       -1.6992784756695878E-003
    1.455000000000000       -6.9810850516296341E-004
    1.460000000000000        2.8610527330531452E-004
    1.465000000000000        1.2414563347991319E-003
    1.470000000000000        2.1559674237505475E-003
    1.475000000000000        3.0177876607699812E-003
    1.480000000000000        3.8154238913641848E-003
    1.485000000000000        4.5379995654438243E-003
    1.490000000000000        5.1755259235697828E-003
    1.495000000000000        5.7191660534098654E-003
    1.500000000000000        6.1614831160595323E-003
    1.505000000000000        6.4966656901637521E-003
    1.510000000000000        6.7207176021309420E-003
    1.515000000000000        6.8316145309672400E-003
    1.520000000000000        6.8294269313900262E-003
    1.525000000000000        6.7163943201693890E-003
    1.530000000000000        6.4969523686353847E-003
    1.535000000000000        6.1777101206890697E-003
    1.540000000000000        5.7673633807821423E-003
    1.545000000000000        5.2765425370360468E-003
    1.550000000000000        4.7175934553215351E-003
    1.555000000000000        4.1042935425900868E-003
    1.560000000000000        3.4515115228950282E-003
    1.565000000000000        2.7748150006148693E-003
    1.570000000000000        2.0900421203333845E-003
    1.575000000000000        1.4128541744066771E-003
    1.580000000000000        7.5828993705224024E-004
    1.585000000000000        1.4035333808921166E-004
    1.590000000000000       -4.2834121645823062E-004
    1.595000000000000       -9.3683949258761690E-004
    1.600000000000000       -1.3760135913253315E-003
    1.605000000000000       -1.7386262131198416E-003
    1.610000000000000       -2.0193042803671464E-003
    1.615000000000000       -2.2144420598335155E-003
    1.620000000000000       -2.3220676398072881E-003
    1.625000000000000       -2.3416978281532748E-003
    1.630000000000000       -2.2742013673787760E-003
    1.635000000000000       -2.1216928064426170E-003
    1.640000000000000       -1.8874582494747274E-003
    1.645000000000000       -1.5759083855188671E-003
    1.650000000000000       -1.1925549394529840E-003
    1.655000000000000       -7.4398949533716285E-004
    1.660000000000000       -2.3784536174592286E-004
    1.665000000000000        3.1727335825973224E-004
    1.670000000000000        9.1191263271768079E-004
    1.675000000000000        1.5359420772421348E-003
    1.680000000000000        2.1787731893490014E-003
    1.685000000000000        2.8296132491660298E-003
    1.690000000000000        3.4777321424013774E-003
    1.695000000000000        4.1127193564646918E-003
    1.700000000000000        4.7247134791351595E-003
    1.705000000000000        5.3045865089478630E-003
    1.710000000000000        5.8440662546614019E-003
    1.715000000000000        6.3357961941182825E-003
    1.720000000000000        6.7733389128504058E-003
    1.725000000000000        7.1511237333819828E-003
    1.730000000000000        7.4643499804252418E-003
    1.735000000000000        7.7088632387858151E-003
    1.740000000000000        7.8810311284568861E-003
    1.745000000000000        7.9776462042979972E-003
    1.750000000000000        7.9958808999345958E-003
    1.755000000000000        7.9333037304644982E-003
    1.760000000000000        7.7879514591803298E-003
    1.765000000000000        7.5584475334956451E-003
    1.770000000000000        7.2441573739911611E-003
    1.775000000000000        6.8453645349950589E-003
    1.780000000000000        6.3634421539325032E-003
    1.785000000000000        5.8010074095281530E-003
    1.790000000000000        5.1620410596386090E-003
    1.795000000000000        4.4519586118135512E-003
    1.800000000000000        3.6776279812817481E-003
    1.805000000000000        2.8473269373813430E-003
    1.810000000000000        1.9706445976550715E-003
    1.815000000000000        1.0583325549952258E-003
    1.820000000000000        1.2210895666091106E-004
    1.825000000000000       -8.2557552366262108E-004
    1.830000000000000       -1.7717991618461559E-003
    1.835000000000000       -2.7034479617527762E-003
    1.840000000000000       -3.6074995532319996E-003
    1.845000000000000       -4.4713004988420497E-003
    1.850000000000000       -5.2828219534833201E-003
    1.855000000000000       -6.0308850039650981E-003
    1.860000000000000       -6.7053544238265843E-003
    1.865000000000000       -7.2973157051135171E-003
    1.870000000000000       -7.7992365657273144E-003
    1.875000000000000       -8.2051064270736003E-003
    1.880000000000000       -8.5105511351164420E-003
    1.885000000000000       -8.7129081137617881E-003
    1.890000000000000       -8.8112543548054987E-003
    1.895000000000000       -8.8063864553299531E-003
    1.900000000000000       -8.7007531933238766E-003
    1.905000000000000       -8.4983503186173976E-003
    1.910000000000000       -8.2045892340599877E-003
    1.915000000000000       -7.8261384869816943E-003
    1.920000000000000       -7.3707539573840251E-003
    1.925000000000000       -6.8471119396569691E-003
    1.930000000000000       -6.2646436534689842E-003
    1.935000000000000       -5.6333809024870884E-003
    1.940000000000000       -4.9638118510518598E-003
    1.945000000000000       -4.2667370848324255E-003
    1.950000000000000       -3.5531222385599950E-003
    1.955000000000000       -2.8339380456248065E-003
    1.960000000000000       -2.1199893458199242E-003
    1.965000000000000       -1.4217380199307119E-003
    1.970000000000000       -7.4912776996704373E-004
    1.975000000000000       -1.1142226161719464E-004
    1.980000000000000        4.8293892758701551E-004
    1.985000000000000        1.0264642670160560E-003
    1.990000000000000        1.5127216284975664E-003
    1.995000000000000        1.9364441689348201E-003
    2.000000000000000        2.2936378066178036E-003
    2.005000000000000        2.5816895250206393E-003
    2.010000000000000        2.7994729766110149E-003
    2.015000000000000        2.9474403845376091E-003
    2.020000000000000        3.0276766252005327E-003
    2.025000000000000        3.0438963380363377E-003
    2.030000000000000        3.0013740668229572E-003
    2.035000000000000        2.9068011866693851E-003
    2.040000000000000        2.7680688493423595E-003
    2.045000000000000        2.5939863354107051E-003
    2.050000000000000        2.3939540701917865E-003
    2.055000000000000        2.1776128618931279E-003
    2.060000000000000        1.9544933324800329E-003
    2.065000000000000        1.7336860199285320E-003
    2.070000000000000        1.5235367228172203E-003
    2.075000000000000        1.3313767046482827E-003
    2.080000000000000        1.1632966310986426E-003
    2.085000000000000        1.0239714950578622E-003
    2.090000000000000        9.1654834626855024E-004
    2.095000000000000        8.4260180601192012E-004
    2.100000000000000        8.0214694919127698E-004
    2.105000000000000        7.9369797284545127E-004
    2.110000000000000        8.1436517358792422E-004
    2.115000000000000        8.5998175540945159E-004
    2.120000000000000        9.2526276355920452E-004
    2.125000000000000        1.0039969230879477E-003
    2.130000000000000        1.0892713973195913E-003
    2.135000000000000        1.1737420663810627E-003
    2.140000000000000        1.2499598342746805E-003
    2.145000000000000        1.3107460264545394E-003
    2.150000000000000        1.3495926293272407E-003
    2.155000000000000        1.3610548132805427E-003
    2.160000000000000        1.3411049198721114E-003
    2.165000000000000        1.2874119295800959E-003
    2.170000000000000        1.1995198943470238E-003
    2.175000000000000        1.0789088823307382E-003
    2.180000000000000        9.2892315963431358E-004
    2.185000000000000        7.5455803747204611E-004
    2.190000000000000        5.6211660017388407E-004
    2.195000000000000        3.5876632304002500E-004
    2.200000000000000        1.5203490156547113E-004
    2.205000000000000       -5.0713528758251094E-005
    2.210000000000000       -2.4278762277834547E-004
    2.215000000000000       -4.1862068420562384E-004
    2.220000000000000       -5.7413856515479296E-004
    2.225000000000000       -7.0702041411993903E-004
    2.230000000000000       -8.1684134796364400E-004
    2.235000000000000       -9.0510209741413448E-004
    2.240000000000000       -9.7514629581788697E-004
    2.245000000000000       -1.0319799227796835E-003
    2.250000000000000       -1.0820141714166924E-003
    2.255000000000000       -1.1327491773578402E-003
    2.260000000000000       -1.1924090995972283E-003
    2.265000000000000       -1.2695386456718420E-003
    2.270000000000000       -1.3725733222931575E-003
    2.275000000000000       -1.5093885956174837E-003
    2.280000000000000       -1.6868535700979194E-003
    2.285000000000000       -1.9104178179189102E-003
    2.290000000000000       -2.1837496998116537E-003
    2.295000000000000       -2.5084501228268259E-003
    2.300000000000000       -2.8838649248737500E-003
    2.305000000000000       -3.3070105895069304E-003
    2.310000000000000       -3.7726111316129174E-003
    2.315000000000000       -4.2732306067978518E-003
    2.320000000000000       -4.7994910024401527E-003
    2.325000000000000       -5.3403596942125038E-003
    2.330000000000000       -5.8834858033943673E-003
    2.335000000000000       -6.4155766925259190E-003
    2.340000000000000       -6.9228017803738942E-003
    2.345000000000000       -7.3912189241704969E-003
    2.350000000000000       -7.8072080963172432E-003
    2.355000000000000       -8.1578930352659675E-003
    2.360000000000000       -8.4315404074547828E-003
    2.365000000000000       -8.6179241587210846E-003
    2.370000000000000       -8.7086416351586102E-003
    2.375000000000000       -8.6973734693812581E-003
    2.380000000000000       -8.5800774217809082E-003
    2.385000000000000       -8.3551061979630639E-003
    2.390000000000000       -8.0232494190607611E-003
    2.395000000000000       -7.5876954459189241E-003
    2.400000000000000       -7.0539110909926812E-003
    2.405000000000000       -6.4294538181783896E-003
    2.410000000000000       -5.7237268656123375E-003
    2.415000000000000       -4.9476910860013703E-003
    2.420000000000000       -4.1135503889099532E-003
    2.425000000000000       -3.2344153670525024E-003
    2.430000000000000       -2.3239515216503066E-003
    2.435000000000000       -1.3960125826817675E-003
    2.440000000000000       -4.6426521106019800E-004
    2.445000000000000        4.5817017244671661E-004
    2.450000000000000        1.3590409595685267E-003
    2.455000000000000        2.2272328841164288E-003
    2.460000000000000        3.0529752838730673E-003
    2.465000000000000        3.8279653602673962E-003
    2.470000000000000        4.5453963391307175E-003
    2.475000000000000        5.1998921473578221E-003
    2.480000000000000        5.7873622019865323E-003
    2.485000000000000        6.3047997916170830E-003
    2.490000000000000        6.7500610267721264E-003
    2.495000000000000        7.1216530309902986E-003
    2.500000000000000        7.4185517050959682E-003
    2.505000000000000        7.6400517341490657E-003
    2.510000000000000        7.7856317759621332E-003
    2.515000000000000        7.8548262686284129E-003
    2.520000000000000        7.8471062771636744E-003
    2.525000000000000        7.7617777109247115E-003
    2.530000000000000        7.5979060302523003E-003
    2.535000000000000        7.3542806312523625E-003
    2.540000000000000        7.0294296772403744E-003
    2.545000000000000        6.6216992156576477E-003
    2.550000000000000        6.1294092754336997E-003
    2.555000000000000        5.5510783267800301E-003
    2.560000000000000        4.8857097422224740E-003
    2.565000000000000        4.1331130863332453E-003
    2.570000000000000        3.2942280159443755E-003
    2.575000000000000        2.3714204865170929E-003
    2.580000000000000        1.3687159799455757E-003
    2.585000000000000        2.9195371527056754E-004
    2.590000000000000       -8.5114693964004005E-004
    2.595000000000000       -2.0510032894706804E-003
    2.600000000000000       -3.2962674330647221E-003
    2.605000000000000       -4.5739965712385082E-003
    2.610000000000000       -5.8698757944281876E-003
    2.615000000000000       -7.1684842091190610E-003
    2.620000000000000       -8.4535879708361161E-003
    2.625000000000000       -9.7084583054718259E-003
    2.630000000000000       -1.0916223159332563E-002
    2.635000000000000       -1.2060249452954004E-002
    2.640000000000000       -1.3124544522371902E-002
    2.645000000000000       -1.4094157263626384E-002
    2.650000000000000       -1.4955561063809704E-002
    2.655000000000000       -1.5696999000664595E-002
    2.660000000000000       -1.6308785123810985E-002
    2.665000000000000       -1.6783554842373563E-002
    2.670000000000000       -1.7116457842645398E-002
    2.675000000000000       -1.7305285634549157E-002
    2.680000000000000       -1.7350514779677702E-002
    2.685000000000000       -1.7255257449825852E-002
    2.690000000000000       -1.7025117358657220E-002
    2.695000000000000       -1.6667964834632958E-002
    2.700000000000000       -1.6193660633290785E-002
    2.705000000000000       -1.5613748200085671E-002
    2.710000000000000       -1.4941128018712457E-002
    2.715000000000000       -1.4189719569020809E-002
    2.720000000000000       -1.3374118308750966E-002
    2.725000000000000       -1.2509263857105257E-002
    2.730000000000000       -1.1610130130756526E-002
    2.735000000000000       -1.0691456861880195E-002
    2.740000000000000       -9.7675369866145338E-003
    2.745000000000000       -8.8520627351288201E-003
    2.750000000000000       -7.9580292204223255E-003
    2.755000000000000       -7.0976690927229571E-003
    2.760000000000000       -6.2823888295152672E-003
    2.765000000000000       -5.5226771411684723E-003
    2.770000000000000       -4.8279559169273973E-003
    2.775000000000000       -4.2063781957738424E-003
    2.780000000000000       -3.6646005099554562E-003
    2.785000000000000       -3.2075667560330468E-003
    2.790000000000000       -2.8383373464049001E-003
    2.795000000000000       -2.5579904215918687E-003
    2.800000000000000       -2.3656143144697994E-003
    2.805000000000000       -2.2583943177892625E-003
    2.810000000000000       -2.2317843604660412E-003
    2.815000000000000       -2.2797607140703193E-003
    2.820000000000000       -2.3951559359794619E-003
    2.825000000000000       -2.5700557546980414E-003
    2.830000000000000       -2.7962255480875742E-003
    2.835000000000000       -3.0655086054077980E-003
    2.840000000000000       -3.3701529198594065E-003
    2.845000000000000       -3.7030584566742810E-003
    2.850000000000000       -4.0579480181932306E-003
    2.855000000000000       -4.4294687725401207E-003
    2.860000000000000       -4.8132228740079119E-003
    2.865000000000000       -5.2057250826927390E-003
    2.870000000000000       -5.6042869682789922E-003
    2.875000000000000       -6.0068282791055427E-003
    2.880000000000000       -6.4116354019549116E-003
    2.885000000000000       -6.8171047445512940E-003
    2.890000000000000       -7.2215137212042286E-003
    2.895000000000000       -7.6228541976048492E-003
    2.900000000000000       -8.0187444950975646E-003
    2.905000000000000       -8.4064170822548760E-003
    2.910000000000000       -8.7827761166239640E-003
    2.915000000000000       -9.1445121259641322E-003
    2.920000000000000       -9.4882618205054783E-003
    2.925000000000000       -9.8107935152882622E-003
    2.930000000000000       -1.0109190466598346E-002
    2.935000000000000       -1.0381011681395136E-002
    2.940000000000000       -1.0624412496206179E-002
    2.945000000000000       -1.0838215248023459E-002
    2.950000000000000       -1.1021926666395676E-002
    2.955000000000000       -1.1175707600344753E-002
    2.960000000000000       -1.1300298036147405E-002
    2.965000000000000       -1.1396905223998042E-002
    2.970000000000000       -1.1467064053124796E-002
    2.975000000000000       -1.1512484113036305E-002
    2.980000000000000       -1.1534897448935244E-002
    2.985000000000000       -1.1535901316596213E-002
    2.990000000000000       -1.1516785880260381E-002
    2.995000000000000       -1.1478343080924533E-002
    3.000000000000000       -1.1420674790859084E-002
    3.005000000000000       -1.1343040012691450E-002
    3.010000000000000       -1.1243780031718931E-002
    3.015000000000000       -1.1120343049819006E-002
    3.020000000000000       -1.0969406903071846E-002
    3.025000000000000       -1.0787091207605433E-002
    3.030000000000000       -1.0569248017422663E-002
    3.035000000000000       -1.0311806710548752E-002
    3.040000000000000       -1.0011139787555703E-002
    3.045000000000000       -9.6644209484495249E-003
    3.050000000000000       -9.2699394785632663E-003
    3.055000000000000       -8.8273306686008652E-003
    3.060000000000000       -8.3376919221096006E-003
    3.065000000000000       -7.8035705118012144E-003
    3.070000000000000       -7.2288236638815189E-003
    3.075000000000000       -6.6183732334637853E-003
    3.080000000000000       -5.9778977879128483E-003
    3.085000000000000       -5.3134945588238054E-003
    3.090000000000000       -4.6313436708023623E-003
    3.095000000000000       -3.9374017940742686E-003
    3.100000000000000       -3.2371455187719063E-003
    3.105000000000000       -2.5353885394377862E-003
    3.110000000000000       -1.8361806272823934E-003
    3.115000000000000       -1.1427830587445946E-003
    3.120000000000000       -4.5771136045020944E-004
    3.125000000000000        2.1716927480205830E-004
    3.130000000000000        8.8051215941635590E-004
    3.135000000000000        1.5313322184049214E-003
    3.140000000000000        2.1688320724693400E-003
    3.145000000000000        2.7922258071623363E-003
    3.150000000000000        3.4005797390256527E-003
    3.155000000000000        3.9926809765492424E-003
    3.160000000000000        4.5669427692806561E-003
    3.165000000000000        5.1213613118799008E-003
    3.170000000000000        5.6535257908149994E-003
    3.175000000000000        6.1606761788981821E-003
    3.180000000000000        6.6397919091856128E-003
    3.185000000000000        7.0876962897858302E-003
    3.190000000000000        7.5011724359805161E-003
    3.195000000000000        7.8770767353512046E-003
    3.200000000000000        8.2124461706370795E-003
    3.205000000000000        8.5046006340127036E-003
    3.210000000000000        8.7512322930944002E-003
    3.215000000000000        8.9504784603734731E-003
    3.220000000000000        9.1009694984858100E-003
    3.225000000000000        9.2018480698260809E-003
    3.230000000000000        9.2527666478092314E-003
    3.235000000000000        9.2538768350650749E-003
    3.240000000000000        9.2058238873953275E-003
    3.245000000000000        9.1097438281873302E-003
    3.250000000000000        8.9672609984747726E-003
    3.255000000000000        8.7804744635011378E-003
    3.260000000000000        8.5519246609217348E-003
    3.265000000000000        8.2845366432943059E-003
    3.270000000000000        7.9815364038321190E-003
    3.275000000000000        7.6463409695292475E-003
    3.280000000000000        7.2824281948732983E-003
    3.285000000000000        6.8931987668165151E-003
    3.290000000000000        6.4818551822736827E-003
    3.295000000000000        6.0513166598659254E-003
    3.300000000000000        5.6041737128239699E-003
    3.305000000000000        5.1426827076432966E-003
    3.310000000000000        4.6687762283800707E-003
    3.315000000000000        4.1840727519591203E-003
    3.320000000000000        3.6898893675769457E-003
    3.325000000000000        3.1872654426323428E-003
    3.330000000000000        2.6770033775134050E-003
    3.335000000000000        2.1597329892258408E-003
    3.340000000000000        1.6359987647128489E-003
    3.345000000000000        1.1063615796652666E-003
    3.350000000000000        5.7150747386276812E-004
    3.355000000000000        3.2349280118941728E-005
    3.360000000000000       -5.0988363780144494E-004
    3.365000000000000       -1.0535724645543747E-003
    3.370000000000000       -1.5966606344896396E-003
    3.375000000000000       -2.1366242887759901E-003
    3.380000000000000       -2.6704635705947295E-003
    3.385000000000000       -3.1947202313161727E-003
    3.390000000000000       -3.7055164634624971E-003
    3.395000000000000       -4.1986181469333106E-003
    3.400000000000000       -4.6695296078215689E-003
    3.405000000000000       -5.1136195218028710E-003
    3.410000000000000       -5.5262798497999661E-003
    3.415000000000000       -5.9031188082560204E-003
    3.420000000000000       -6.2401799312261206E-003
    3.425000000000000       -6.5341661444723371E-003
    3.430000000000000       -6.7826417401958654E-003
    3.435000000000000       -6.9841909837768368E-003
    3.440000000000000       -7.1385171922599833E-003
    3.445000000000000       -7.2464844788409888E-003
    3.450000000000000       -7.3101013705161986E-003
    3.455000000000000       -7.3324505550533097E-003
    3.460000000000000       -7.3175631483359478E-003
    3.465000000000000       -7.2702365787317538E-003
    3.470000000000000       -7.1958079442595810E-003
    3.475000000000000       -7.0998773208824018E-003
    3.480000000000000       -6.9879938771466277E-003
    3.485000000000000       -6.8653422459315072E-003
    3.490000000000000       -6.7364997120953918E-003
    3.495000000000000       -6.6053303228467906E-003
    3.500000000000000       -6.4750082017805610E-003
    3.505000000000000       -6.3480961443680650E-003
    3.510000000000000       -6.2266221260075385E-003
    3.515000000000000       -6.1121300624268704E-003
    3.520000000000000       -6.0057092825715266E-003
    3.525000000000000       -5.9080190107284700E-003
    3.530000000000000       -5.8193168797638517E-003
    3.535000000000000       -5.7394958209991884E-003
    3.540000000000000       -5.6681225141234846E-003
    3.545000000000000       -5.6044703237498901E-003
    3.550000000000000       -5.5475400950609171E-003
    3.555000000000000       -5.4960560110507295E-003
    3.560000000000000       -5.4484358579773957E-003
    3.565000000000000       -5.4027467696017064E-003
    3.570000000000000       -5.3566567692904457E-003
    3.575000000000000       -5.3074040933966256E-003
    3.580000000000000       -5.2517976533149664E-003
    3.585000000000000       -5.1862545704051151E-003
    3.590000000000000       -5.1068860910843936E-003
    3.595000000000000       -5.0096254396935302E-003
    3.600000000000000       -4.8903824211122968E-003
    3.605000000000000       -4.7452216360619923E-003
    3.610000000000000       -4.5705485406885860E-003
    3.615000000000000       -4.3632862578243916E-003
    3.620000000000000       -4.1210336100204970E-003
    3.625000000000000       -3.8421941564981598E-003
    3.630000000000000       -3.5260729013671446E-003
    3.635000000000000       -3.1729388011007282E-003
    3.640000000000000       -2.7840552529496430E-003
    3.645000000000000       -2.3616709457504297E-003
    3.650000000000000       -1.9089690108523744E-003
    3.655000000000000       -1.4299808221184658E-003
    3.660000000000000       -9.2947062424559164E-004
    3.665000000000000       -4.1280587171676979E-004
    3.670000000000000        1.1416925632985735E-004
    3.675000000000000        6.4523988310470077E-004
    3.680000000000000        1.1739092851609469E-003
    3.685000000000000        1.6934834864874537E-003
    3.690000000000000        2.1971571136748538E-003
    3.695000000000000        2.6781106823054635E-003
    3.700000000000000        3.1296205194925659E-003
    3.705000000000000        3.5451738383273308E-003
    3.710000000000000        3.9185896216234308E-003
    3.715000000000000        4.2441420742944560E-003
    3.720000000000000        4.5166869155871510E-003
    3.725000000000000        4.7317758698293702E-003
    3.730000000000000        4.8857471555754453E-003
    3.735000000000000        4.9757846222834514E-003
    3.740000000000000        4.9999487230260868E-003
    3.745000000000000        4.9572071943585376E-003
    3.750000000000000        4.8474794560681218E-003
    3.755000000000000        4.6716975165346994E-003
    3.760000000000000        4.4318750183130371E-003
    3.765000000000000        4.1311674380425627E-003
    3.770000000000000        3.7739117572080252E-003
    3.775000000000000        3.3656057180753258E-003
    3.780000000000000        2.9127899660519860E-003
    3.785000000000000        2.4228521862464492E-003
    3.790000000000000        1.9038096470242516E-003
    3.795000000000000        1.3641260633883265E-003
    3.800000000000000        8.1259184991083639E-004
    3.805000000000000        2.5825380419192365E-004
    3.810000000000000       -2.8963614254681449E-004
    3.815000000000000       -8.2167245544729877E-004
    3.820000000000000       -1.3283706557457484E-003
    3.825000000000000       -1.8002681034701125E-003
    3.830000000000000       -2.2280433153224219E-003
    3.835000000000000       -2.6026516402598130E-003
    3.840000000000000       -2.9154665055491066E-003
    3.845000000000000       -3.1584186230091227E-003
    3.850000000000000       -3.3241300270588519E-003
    3.855000000000000       -3.4060437080967718E-003
    3.860000000000000       -3.3985550110994609E-003
    3.865000000000000       -3.2971484128875006E-003
    3.870000000000000       -3.0985365502076565E-003
    3.875000000000000       -2.8007878733706665E-003
    3.880000000000000       -2.4034269041275733E-003
    3.885000000000000       -1.9075053112592348E-003
    3.890000000000000       -1.3156411425874628E-003
    3.895000000000000       -6.3202705599405835E-004
    3.900000000000000        1.3759183069238405E-004
    3.905000000000000        9.8598206926805183E-004
    3.910000000000000        1.9045260321504390E-003
    3.915000000000000        2.8833683416601863E-003
    3.920000000000000        3.9116058810920284E-003
    3.925000000000000        4.9775138171689361E-003
    3.930000000000000        6.0687991921477993E-003
    3.935000000000000        7.1728679258200865E-003
    3.940000000000000        8.2770953516757277E-003
    3.945000000000000        9.3690878697145834E-003
    3.950000000000000        1.0436932426045784E-002
    3.955000000000000        1.1469430306759285E-002
    3.960000000000000        1.2456295328331430E-002
    3.965000000000000        1.3388303025441179E-002
    3.970000000000000        1.4257380174769216E-002
    3.975000000000000        1.5056624055512344E-002
    3.980000000000000        1.5780261207424329E-002
    3.985000000000000        1.6423559213604548E-002
    3.990000000000000        1.6982714160444412E-002
    3.995000000000000        1.7454731652556124E-002
    4.000000000000000        1.7837303178181165E-002
