    0.000000000000000         2.547670988284222     
   5.0000000000000000E-003    2.538261257700900     
   1.0000000000000000E-002    2.510300011093495     
   1.5000000000000000E-002    2.464427741912644     
   2.0000000000000000E-002    2.401671180414481     
   2.5000000000000000E-002    2.323387506291388     
   3.0000000000000000E-002    2.231196230712028     
   3.5000000000000004E-002    2.126905815532666     
   4.0000000000000000E-002    2.012441226419392     
   4.5000000000000000E-002    1.889777058941681     
   5.0000000000000000E-002    1.760879170152882     
   5.5000000000000000E-002    1.627656215399292     
   6.0000000000000000E-002    1.491921315467092     
   6.5000000000000000E-002    1.355363276681211     
   7.0000000000000009E-002    1.219526335211143     
   7.5000000000000000E-002    1.085797213033112     
   8.0000000000000000E-002   0.9553982799061128     
   8.5000000000000000E-002   0.8293856960958477     
   9.0000000000000000E-002   0.7086515205356419     
   9.5000000000000000E-002   0.5939288894493929     
   0.1000000000000000        0.4857994991866871     
   0.1050000000000000        0.3847027650329009     
   0.1100000000000000        0.2909461477300112     
   0.1150000000000000        0.2047162415227531     
   0.1200000000000000        0.1260902895359381     
   0.1250000000000000        5.5047859685758045E-002
   0.1300000000000000       -8.5175542758358702E-003
   0.1350000000000000       -6.4787196926695048E-002
   0.1400000000000000       -0.1140061237419417     
   0.1450000000000000       -0.1564727965518986     
   0.1500000000000000       -0.1925292812478080     
   0.1550000000000000       -0.2225520927123909     
   0.1600000000000000       -0.2469437213617390     
   0.1650000000000000       -0.2661248666924098     
   0.1700000000000000       -0.2805273837516280     
   0.1750000000000000       -0.2905879432557499     
   0.1800000000000000       -0.2967423918579114     
   0.1850000000000000       -0.2994207876579684     
   0.1900000000000000       -0.2990430765857423     
   0.1950000000000000       -0.2960153653290743     
   0.2000000000000000       -0.2907267467170218     
   0.2050000000000000       -0.2835466345812315     
   0.2100000000000000       -0.2748225735697292     
   0.2150000000000000       -0.2648785018903043     
   0.2200000000000000       -0.2540134545641396     
   0.2250000000000000       -0.2425007043251957     
   0.2300000000000000       -0.2305873297948908     
   0.2350000000000000       -0.2184941810046502     
   0.2400000000000000       -0.2064161967687864     
   0.2450000000000000       -0.1945230224830721     
   0.2500000000000000       -0.1829598795054315     
   0.2550000000000000       -0.1718486446777288     
   0.2600000000000000       -0.1612891121044468     
   0.2650000000000000       -0.1513604014697805     
   0.2700000000000000       -0.1421224739475404     
   0.2750000000000000       -0.1336177008886407     
   0.2800000000000000       -0.1258724256637199     
   0.2850000000000001       -0.1188984772464318     
   0.2900000000000000       -0.1126946144565276     
   0.2950000000000000       -0.1072479173964613     
   0.3000000000000000       -0.1025351554610245     
   0.3050000000000000       -9.8524147158340831E-002
   0.3100000000000000       -9.5175112808786171E-002
   0.3150000000000000       -9.2442005206432825E-002
   0.3200000000000000       -9.0273798173896864E-002
   0.3250000000000000       -8.8615716189079308E-002
   0.3300000000000000       -8.7410390306722814E-002
   0.3350000000000000       -8.6598933048156042E-002
   0.3400000000000000       -8.6121920778196639E-002
   0.3450000000000000       -8.5920274221752884E-002
   0.3500000000000000       -8.5936044562899205E-002
   0.3550000000000000       -8.6113123784651098E-002
   0.3600000000000000       -8.6397898254544252E-002
   0.3650000000000000       -8.6739863254647869E-002
   0.3700000000000000       -8.7092194762061776E-002
   0.3750000000000000       -8.7412255271785142E-002
   0.3800000000000000       -8.7662015354467719E-002
   0.3850000000000000       -8.7808372456511545E-002
   0.3900000000000000       -8.7823359708784245E-002
   0.3950000000000000       -8.7684248575927466E-002
   0.4000000000000000       -8.7373552838884105E-002
   0.4050000000000001       -8.6878952575450867E-002
   0.4100000000000001       -8.6193151738233897E-002
   0.4150000000000000       -8.5313671292278705E-002
   0.4200000000000000       -8.4242567729181097E-002
   0.4250000000000000       -8.2986079865248321E-002
   0.4300000000000000       -8.1554212477234795E-002
   0.4350000000000000       -7.9960264592796388E-002
   0.4400000000000000       -7.8220312211369212E-002
   0.4450000000000000       -7.6352653802135304E-002
   0.4500000000000000       -7.4377218333955719E-002
   0.4550000000000000       -7.2314931056645557E-002
   0.4600000000000001       -7.0187050899573720E-002
   0.4650000000000000       -6.8014507794337593E-002
   0.4700000000000000       -6.5817279769145243E-002
   0.4750000000000000       -6.3613858440724069E-002
   0.4800000000000000       -6.1420849112611631E-002
   0.4850000000000000       -5.9252747537183428E-002
   0.4900000000000000       -5.7121910607055657E-002
   0.4950000000000000       -5.5038701833862325E-002
   0.5000000000000000       -5.3011766722345985E-002
   0.5050000000000000       -5.1048370203610096E-002
   0.5100000000000000       -4.9154734673441176E-002
   0.5150000000000000       -4.7336319430402085E-002
   0.5200000000000000       -4.5598001201646738E-002
   0.5250000000000000       -4.3944151477812250E-002
   0.5300000000000001       -4.2378621762454562E-002
   0.5350000000000001       -4.0904661735680143E-002
   0.5400000000000000       -3.9524808579151461E-002
   0.5450000000000000       -3.8240773581794540E-002
   0.5500000000000000       -3.7053349618171798E-002
   0.5550000000000001       -3.5962348557591550E-002
   0.5600000000000001       -3.4966574620786020E-002
   0.5650000000000000       -3.4063840570127302E-002
   0.5700000000000001       -3.3251022946062774E-002
   0.5750000000000001       -3.2524155418552581E-002
   0.5800000000000000       -3.1878557044162594E-002
   0.5850000000000000       -3.1308975308339422E-002
   0.5899999999999999       -3.0809724320412313E-002
   0.5949999999999999       -3.0374806697241254E-002
   0.6000000000000000       -2.9998000789966262E-002
   0.6050000000000000       -2.9672911406895288E-002
   0.6100000000000000       -2.9392989444306208E-002
   0.6150000000000000       -2.9151533452592853E-002
   0.6200000000000000       -2.8941688314864331E-002
   0.6250000000000000       -2.8756447071764327E-002
   0.6300000000000000       -2.8588662590798201E-002
   0.6350000000000000       -2.8431072940861180E-002
   0.6400000000000000       -2.8276345797890858E-002
   0.6450000000000000       -2.8117149032662656E-002
   0.6500000000000000       -2.7946253790642146E-002
   0.6550000000000001       -2.7756676148057497E-002
   0.6600000000000001       -2.7541850118592377E-002
   0.6650000000000000       -2.7295828812584628E-002
   0.6700000000000000       -2.7013498512875107E-002
   0.6750000000000000       -2.6690787559580844E-002
   0.6800000000000001       -2.6324843124718118E-002
   0.6850000000000001       -2.5914154044324951E-002
   0.6900000000000000       -2.5458612810173853E-002
   0.6950000000000001       -2.4959513815670515E-002
   0.7000000000000001       -2.4419489417667322E-002
   0.7050000000000000       -2.3842385808546913E-002
   0.7100000000000000       -2.3233088581733430E-002
   0.7149999999999999       -2.2597296629438062E-002
   0.7199999999999999       -2.1941259539445608E-002
   0.7250000000000000       -2.1271505063236842E-002
   0.7300000000000000       -2.0594575439715319E-002
   0.7350000000000000       -1.9916788053444749E-002
   0.7400000000000000       -1.9244020026797624E-002
   0.7450000000000000       -1.8581518191233242E-002
   0.7500000000000000       -1.7933736584221949E-002
   0.7550000000000000       -1.7304198983428751E-002
   0.7600000000000000       -1.6695376471881169E-002
   0.7650000000000000       -1.6108573905805543E-002
   0.7700000000000000       -1.5543830201014290E-002
   0.7750000000000000       -1.4999844323676403E-002
   0.7800000000000001       -1.4473953744116155E-002
   0.7850000000000001       -1.3962185163906635E-002
   0.7900000000000000       -1.3459384360563371E-002
   0.7950000000000000       -1.2959422648608618E-002
   0.8000000000000000       -1.2455470514098228E-002
   0.8050000000000001       -1.1940330833122115E-002
   0.8100000000000001       -1.1406819995643844E-002
   0.8150000000000000       -1.0848174691445216E-002
   0.8200000000000001       -1.0258460553222573E-002
   0.8250000000000000       -9.6329583327947361E-003
   0.8300000000000001       -8.9684943526086371E-003
   0.8350000000000000       -8.2636900071666251E-003
   0.8400000000000000       -7.5191182498599929E-003
   0.8449999999999999       -6.7373564370146743E-003
   0.8500000000000000       -5.9229356185649689E-003
   0.8550000000000001       -5.0821969924611130E-003
   0.8600000000000000       -4.2230639391816158E-003
   0.8650000000000000       -3.3547427037769362E-003
   0.8699999999999999       -2.4873714482129876E-003
   0.8750000000000000       -1.6316346636828865E-003
   0.8800000000000001       -7.9836276001722055E-004
   0.8850000000000000        1.8539483277226962E-006
   0.8900000000000000        7.5901379196002541E-004
   0.8949999999999999        1.4640000296255417E-003
   0.9000000000000000        2.1088104044816158E-003
   0.9050000000000001        2.6867139568042289E-003
   0.9100000000000000        3.1923351191118607E-003
   0.9150000000000000        3.6216737443163636E-003
   0.9200000000000001        3.9720681934783730E-003
   0.9250000000000000        4.2421233958511992E-003
   0.9300000000000001        4.4316258469519472E-003
   0.9350000000000001        4.5414647670227177E-003
   0.9400000000000000        4.5735700192152615E-003
   0.9450000000000001        4.5308621658203068E-003
   0.9500000000000000        4.4172034345252467E-003
   0.9550000000000001        4.2373367269944442E-003
   0.9600000000000000        3.9967989369972532E-003
   0.9650000000000000        3.7017881799686139E-003
   0.9699999999999999        3.3589845671631400E-003
   0.9750000000000000        2.9753322816627325E-003
   0.9800000000000001        2.5578019949769972E-003
   0.9850000000000000        2.1131679452447303E-003
   0.9900000000000000        1.6478295828991185E-003
   0.9949999999999999        1.1677006263171861E-003
    1.000000000000000        6.7817160690154799E-004
    1.005000000000000        1.8413573264851300E-004
    1.010000000000000       -3.0994401095038739E-004
    1.015000000000000       -7.9995555093426729E-004
    1.020000000000000       -1.2820712426394358E-003
    1.025000000000000       -1.7526999504803045E-003
    1.030000000000000       -2.2084592918566406E-003
    1.035000000000000       -2.6461634012049484E-003
    1.040000000000000       -3.0628215219636594E-003
    1.045000000000000       -3.4556511086953465E-003
    1.050000000000000       -3.8220978539742827E-003
    1.055000000000000       -4.1598612270602606E-003
    1.060000000000000       -4.4669197848083737E-003
    1.065000000000000       -4.7415500687162080E-003
    1.070000000000000       -4.9823276573993356E-003
    1.075000000000000       -5.1881030625474427E-003
    1.080000000000000       -5.3579549323137341E-003
    1.085000000000000       -5.4911241052266844E-003
    1.090000000000000       -5.5869465031303314E-003
    1.095000000000000       -5.6447962227696848E-003
    1.100000000000000       -5.6640508366727254E-003
    1.105000000000000       -5.6440897201356481E-003
    1.110000000000000       -5.5843242975469956E-003
    1.115000000000000       -5.4842529263428705E-003
    1.120000000000000       -5.3435232719815229E-003
    1.125000000000000       -5.1619927023667440E-003
    1.130000000000000       -4.9397843208719161E-003
    1.135000000000000       -4.6773416410459498E-003
    1.140000000000000       -4.3754843285784064E-003
    1.145000000000000       -4.0354567543203572E-003
    1.150000000000000       -3.6589540016118334E-003
    1.155000000000000       -3.2481201443675971E-003
    1.160000000000000       -2.8055217505805864E-003
    1.165000000000000       -2.3340984736296284E-003
    1.170000000000000       -1.8371042783347256E-003
    1.175000000000000       -1.3180550668383511E-003
    1.180000000000000       -7.8068564814850578E-004
    1.185000000000000       -2.2891842667241824E-004
    1.190000000000000        3.3314288160515289E-004
    1.195000000000000        9.0119542331527587E-004
    1.200000000000000        1.4707072615219245E-003
    1.205000000000000        2.0368886281181036E-003
    1.210000000000000        2.5946813485554410E-003
    1.215000000000000        3.1387863504805109E-003
    1.220000000000000        3.6637428687994387E-003
    1.225000000000000        4.1640553030799499E-003
    1.230000000000000        4.6343649647167693E-003
    1.235000000000000        5.0696643782126110E-003
    1.240000000000000        5.4655343286705325E-003
    1.245000000000000        5.8183809959080257E-003
    1.250000000000000        6.1256628798793873E-003
    1.255000000000000        6.3860819744654300E-003
    1.260000000000000        6.5997157973408660E-003
    1.265000000000000        6.7680764457287879E-003
    1.270000000000000        6.8940845983012542E-003
    1.275000000000000        6.9819613052758855E-003
    1.280000000000000        7.0370518484781606E-003
    1.285000000000000        7.0655982352299551E-003
    1.290000000000000        7.0744715867744912E-003
    1.295000000000000        7.0708782483555597E-003
    1.300000000000000        7.0620485877776815E-003
    1.305000000000000        7.0549312349915185E-003
    1.310000000000000        7.0559042551824200E-003
    1.315000000000000        7.0705158849376541E-003
    1.320000000000000        7.1032700751995073E-003
    1.325000000000000        7.1574571426883482E-003
    1.330000000000000        7.2350306949213197E-003
    1.335000000000000        7.3365257887133764E-003
    1.340000000000000        7.4610145948726059E-003
    1.345000000000000        7.6061093094366417E-003
    1.350000000000000        7.7680219144772895E-003
    1.355000000000000        7.9416790060446507E-003
    1.360000000000000        8.1208933353862580E-003
    1.365000000000000        8.2985907380661939E-003
    1.370000000000000        8.4670797925553494E-003
    1.375000000000000        8.6183389068582041E-003
    1.380000000000000        8.7442942330926545E-003
    1.385000000000000        8.8370666133753915E-003
    1.390000000000000        8.8891743590316317E-003
    1.395000000000000        8.8936849372705939E-003
    1.400000000000000        8.8443269991967792E-003
    1.405000000000000        8.7355683288523966E-003
    1.410000000000000        8.5626672504001853E-003
    1.415000000000000        8.3217066119062224E-003
    1.420000000000000        8.0096120749279933E-003
    1.425000000000000        7.6241596893203081E-003
    1.430000000000000        7.1639834927547117E-003
    1.435000000000000        6.6285978184244971E-003
    1.440000000000000        6.0184365006721308E-003
    1.445000000000000        5.3349038244544502E-003
    1.450000000000000        4.5804378424877692E-003
    1.455000000000000        3.7585817446338252E-003
    1.460000000000000        2.8740443514070062E-003
    1.465000000000000        1.9327362947940223E-003
    1.470000000000000        9.4177198186810749E-004
    1.475000000000000       -9.0570650155821610E-005
    1.480000000000000       -1.1549352691100025E-003
    1.485000000000000       -2.2410080624957551E-003
    1.490000000000000       -3.3376735847992931E-003
    1.495000000000000       -4.4332062344776961E-003
    1.500000000000000       -5.5154912055142704E-003
    1.505000000000000       -6.5722717501616650E-003
    1.510000000000000       -7.5914153290467397E-003
    1.515000000000000       -8.5611910012050654E-003
    1.520000000000000       -9.4705568807075622E-003
    1.525000000000000       -1.0309459736004851E-002
    1.530000000000000       -1.1069139368497227E-002
    1.535000000000000       -1.1742420228071953E-002
    1.540000000000000       -1.2323959373409927E-002
    1.545000000000000       -1.2810409768156910E-002
    1.550000000000000       -1.3200470523566488E-002
    1.555000000000000       -1.3494820134598555E-002
    1.560000000000000       -1.3695946684985705E-002
    1.565000000000000       -1.3807899322184580E-002
    1.570000000000000       -1.3835983016916580E-002
    1.575000000000000       -1.3786422419661639E-002
    1.580000000000000       -1.3666020517071307E-002
    1.585000000000000       -1.3481836088976094E-002
    1.590000000000000       -1.3240901833389804E-002
    1.595000000000000       -1.2949987893196668E-002
    1.600000000000000       -1.2615406213036420E-002
    1.605000000000000       -1.2242854168786586E-002
    1.610000000000000       -1.1837299078388250E-002
    1.615000000000000       -1.1402916833394143E-002
    1.620000000000000       -1.0943105866014464E-002
    1.625000000000000       -1.0460592795580970E-002
    1.630000000000000       -9.9576014742178067E-003
    1.635000000000000       -9.4360351377711709E-003
    1.640000000000000       -8.8976336013377182E-003
    1.645000000000000       -8.3440810275050019E-003
    1.650000000000000       -7.7770675912302885E-003
    1.655000000000000       -7.1983074044933737E-003
    1.660000000000000       -6.6095187376404620E-003
    1.665000000000000       -6.0123742777587461E-003
    1.670000000000000       -5.4084301949248932E-003
    1.675000000000000       -4.7990452176033820E-003
    1.680000000000000       -4.1853103824679740E-003
    1.685000000000000       -3.5680130565087738E-003
    1.690000000000000       -2.9476522118040380E-003
    1.695000000000000       -2.3245059275139761E-003
    1.700000000000000       -1.6987435016758925E-003
    1.705000000000000       -1.0705640218838688E-003
    1.710000000000000       -4.4033611232435890E-004
    1.715000000000000        1.9127348675573998E-004
    1.720000000000000        8.2319672594583473E-004
    1.725000000000000        1.4538970771276922E-003
    1.730000000000000        2.0813398182460556E-003
    1.735000000000000        2.7030015046307536E-003
    1.740000000000000        3.3159184558790722E-003
    1.745000000000000        3.9167701345500250E-003
    1.750000000000000        4.5019951975964094E-003
    1.755000000000000        5.0679312317639180E-003
    1.760000000000000        5.6109671500434244E-003
    1.765000000000000        6.1276973732821762E-003
    1.770000000000000        6.6150666309775552E-003
    1.775000000000000        7.0704853589387113E-003
    1.780000000000000        7.4919132860403979E-003
    1.785000000000000        7.8779056582170979E-003
    1.790000000000000        8.2276213067186479E-003
    1.795000000000000        8.5408070197681702E-003
    1.800000000000000        8.8177545345688895E-003
    1.805000000000000        9.0592332581264916E-003
    1.810000000000000        9.2663983169445494E-003
    1.815000000000000        9.4406748781870267E-003
    1.820000000000000        9.5836285073181884E-003
    1.825000000000000        9.6968357775098095E-003
    1.830000000000000        9.7817672692243711E-003
    1.835000000000000        9.8396888069660680E-003
    1.840000000000000        9.8715863542290023E-003
    1.845000000000000        9.8781265283379298E-003
    1.850000000000000        9.8596526621904328E-003
    1.855000000000000        9.8162139813397253E-003
    1.860000000000000        9.7476333613908945E-003
    1.865000000000000        9.6536063502155809E-003
    1.870000000000000        9.5338174788996621E-003
    1.875000000000000        9.3880568599105008E-003
    1.880000000000000        9.2163100614673166E-003
    1.885000000000000        9.0187951695097510E-003
    1.890000000000000        8.7959526947154014E-003
    1.895000000000000        8.5484044358174884E-003
    1.900000000000000        8.2768963350647269E-003
    1.905000000000000        7.9822409382833381E-003
    1.910000000000000        7.6652582797342195E-003
    1.915000000000000        7.3267184356663995E-003
    1.920000000000000        6.9672940672586048E-003
    1.925000000000000        6.5875266892103710E-003
    1.930000000000000        6.1878125694274635E-003
    1.935000000000000        5.7684145965931197E-003
    1.940000000000000        5.3295031673514526E-003
    1.945000000000000        4.8712234756926449E-003
    1.950000000000000        4.3937821639269483E-003
    1.955000000000000        3.8975490859259470E-003
    1.960000000000000        3.3831567116065351E-003
    1.965000000000000        2.8515781318127988E-003
    1.970000000000000        2.3041744661751484E-003
    1.975000000000000        1.7427038936558894E-003
    1.980000000000000        1.1692980443649139E-003
    1.985000000000000        5.8641296121341577E-004
    1.990000000000000       -3.2358016762987911E-006
    1.995000000000000       -5.9673837047647460E-004
    2.000000000000000       -1.1910425111862355E-003
    2.005000000000000       -1.7829803375004740E-003
    2.010000000000000       -2.3692690483782202E-003
    2.015000000000000       -2.9464901068360771E-003
    2.020000000000000       -3.5110434710319316E-003
    2.025000000000000       -4.0590903709171036E-003
    2.030000000000000       -4.5864964106301844E-003
    2.035000000000000       -5.0887776128868545E-003
    2.040000000000000       -5.5610694398948528E-003
    2.045000000000000       -5.9981393763158071E-003
    2.050000000000000       -6.3944519085345606E-003
    2.055000000000000       -6.7442936727814136E-003
    2.060000000000000       -7.0419577611842268E-003
    2.065000000000000       -7.2819721546084635E-003
    2.070000000000000       -7.4593582269815961E-003
    2.075000000000000       -7.5698982267351278E-003
    2.080000000000000       -7.6103940582578762E-003
    2.085000000000000       -7.5788954686052525E-003
    2.090000000000000       -7.4748725303706731E-003
    2.095000000000000       -7.2993102739702405E-003
    2.100000000000000       -7.0547075983144065E-003
    2.105000000000000       -6.7449827732454981E-003
    2.110000000000000       -6.3752975116047486E-003
    2.115000000000000       -5.9518204728381789E-003
    2.120000000000000       -5.4814628173134592E-003
    2.125000000000000       -4.9716136820064563E-003
    2.130000000000000       -4.4298926823230493E-003
    2.135000000000000       -3.8639410704598752E-003
    2.140000000000000       -3.2812523969224627E-003
    2.145000000000000       -2.6890392352553421E-003
    2.150000000000000       -2.0941290159230332E-003
    2.155000000000000       -1.5028671826663132E-003
    2.160000000000000       -9.2102795049382138E-004
    2.165000000000000       -3.5372922301923015E-004
    2.170000000000000        1.9464905996368858E-004
    2.175000000000000        7.2053152454059575E-004
    2.180000000000000        1.2211821662514029E-003
    2.185000000000000        1.6946906135358049E-003
    2.190000000000000        2.1398970770563173E-003
    2.195000000000000        2.5562484871311071E-003
    2.200000000000000        2.9435985367733991E-003
    2.205000000000000        3.3019754783790112E-003
    2.210000000000000        3.6313568892708248E-003
    2.215000000000000        3.9314987259283116E-003
    2.220000000000000        4.2018622689956588E-003
    2.225000000000000        4.4416601715982207E-003
    2.230000000000000        4.6500119263861359E-003
    2.235000000000000        4.8261713369026547E-003
    2.240000000000000        4.9697714126557555E-003
    2.245000000000000        5.0810431978759807E-003
    2.250000000000000        5.1609803970206967E-003
    2.255000000000000        5.2114366890888135E-003
    2.260000000000000        5.2351592336898793E-003
    2.265000000000000        5.2357655814179775E-003
    2.270000000000000        5.2176705185024073E-003
    2.275000000000000        5.1859659190715979E-003
    2.280000000000000        5.1462499623932416E-003
    2.285000000000000        5.1044083440475019E-003
    2.290000000000000        5.0663590279517905E-003
    2.295000000000000        5.0377698998674099E-003
    2.300000000000000        5.0237590298973265E-003
    2.305000000000000        5.0285966958540982E-003
    2.310000000000000        5.0554300940596448E-003
    2.315000000000000        5.1060620221862463E-003
    2.320000000000000        5.1808148485286756E-003
    2.325000000000000        5.2784939159747921E-003
    2.330000000000000        5.3964544352057260E-003
    2.335000000000000        5.5307625625318781E-003
    2.340000000000000        5.6764340059058940E-003
    2.345000000000000        5.8277301706027558E-003
    2.350000000000000        5.9784888637173932E-003
    2.355000000000000        6.1224713389495520E-003
    2.360000000000000        6.2537083961926569E-003
    2.365000000000000        6.3668155751887063E-003
    2.370000000000000        6.4572535004280045E-003
    2.375000000000000        6.5215173578585537E-003
    2.380000000000000        6.5572455304200661E-003
    2.385000000000000        6.5632564232167230E-003
    2.390000000000000        6.5395192321690168E-003
    2.395000000000000        6.4870651039156897E-003
    2.400000000000000        6.4078453563879396E-003
    2.405000000000000        6.3045457334244714E-003
    2.410000000000000        6.1803738728647906E-003
    2.415000000000000        6.0388382179482161E-003
    2.420000000000000        5.8835354907372377E-003
    2.425000000000000        5.7179650362176195E-003
    2.430000000000000        5.5453810622069639E-003
    2.435000000000000        5.3686794153992432E-003
    2.440000000000000        5.1903179166439539E-003
    2.445000000000000        5.0122657683631564E-003
    2.450000000000000        4.8359642084091323E-003
    2.455000000000000        4.6622851386896098E-003
    2.460000000000000        4.4914842289029622E-003
    2.465000000000000        4.3231486639562666E-003
    2.470000000000000        4.1561479323875687E-003
    2.475000000000000        3.9886040425470792E-003
    2.480000000000000        3.8178891974761214E-003
    2.485000000000000        3.6406531273785521E-003
    2.490000000000000        3.4528845581874368E-003
    2.495000000000000        3.2500160579184141E-003
    2.500000000000000        3.0270823756521290E-003
    2.505000000000000        2.7789276439936419E-003
    2.510000000000000        2.5004593454743644E-003
    2.515000000000000        2.1869353026653200E-003
    2.520000000000000        1.8342559763524818E-003
    2.525000000000000        1.4392374192203068E-003
    2.530000000000000        9.9984400251427115E-004
    2.535000000000000        5.1536763183447896E-004
    2.540000000000000       -1.3455540513935003E-005
    2.545000000000000       -5.8438715808768924E-004
    2.550000000000000       -1.1936835413566931E-003
    2.555000000000000       -1.8361401646601255E-003
    2.560000000000000       -2.5051784308489671E-003
    2.565000000000000       -3.1929792079973094E-003
    2.570000000000000       -3.8906535954559054E-003
    2.575000000000000       -4.5884398014889500E-003
    2.580000000000000       -5.2759170163693847E-003
    2.585000000000000       -5.9422191943371523E-003
    2.590000000000000       -6.5762362730499300E-003
    2.595000000000000       -7.1668019620137304E-003
    2.600000000000000       -7.7028628606226306E-003
    2.605000000000000       -8.1736373634648878E-003
    2.610000000000000       -8.5687761743056097E-003
    2.615000000000000       -8.8785313138158504E-003
    2.620000000000000       -9.0939475313600564E-003
    2.625000000000000       -9.2070769127726511E-003
    2.630000000000000       -9.2112120128096233E-003
    2.635000000000000       -9.1011255246058944E-003
    2.640000000000000       -8.8732959952606212E-003
    2.645000000000000       -8.5261035990678788E-003
    2.650000000000000       -8.0599935812665802E-003
    2.655000000000000       -7.4776028665378256E-003
    2.660000000000000       -6.7838368233746866E-003
    2.665000000000000       -5.9858924715175004E-003
    2.670000000000000       -5.0932219889894226E-003
    2.675000000000000       -4.1174368751297283E-003
    2.680000000000000       -3.0721520242259133E-003
    2.685000000000000       -1.9727667814516858E-003
    2.690000000000000       -8.3619347632508028E-004
    2.695000000000000        3.1946073755806492E-004
    2.700000000000000        1.4752561655142600E-003
    2.705000000000000        2.6118224131500507E-003
    2.710000000000000        3.7097916000424274E-003
    2.715000000000000        4.7502530495391575E-003
    2.720000000000000        5.7152158749251765E-003
    2.725000000000000        6.5880594507591823E-003
    2.730000000000000        7.3539526644816897E-003
    2.735000000000000        8.0002227115581768E-003
    2.740000000000000        8.5166626161157382E-003
    2.745000000000000        8.8957689286325810E-003
    2.750000000000000        9.1328972889101028E-003
    2.755000000000000        9.2263311379469926E-003
    2.760000000000000        9.1772642996137748E-003
    2.765000000000000        8.9897016494212671E-003
    2.770000000000000        8.6702850807231151E-003
    2.775000000000000        8.2280553499565467E-003
    2.780000000000000        7.6741624250756422E-003
    2.785000000000000        7.0215438303847453E-003
    2.790000000000000        6.2845955797024278E-003
    2.795000000000000        5.4788522044274384E-003
    2.800000000000000        4.6207000716509325E-003
    2.805000000000000        3.7271251935096612E-003
    2.810000000000000        2.8154622059619495E-003
    2.815000000000000        1.9031231825186435E-003
    2.820000000000000        1.0072922105742748E-003
    2.825000000000000        1.4458843319316104E-004
    2.830000000000000       -6.6928657806290914E-004
    2.835000000000000       -1.4199068300316071E-003
    2.840000000000000       -2.0944665742149877E-003
    2.845000000000000       -2.6820945404042797E-003
    2.850000000000000       -3.1741226148143986E-003
    2.855000000000000       -3.5642884849835212E-003
    2.860000000000000       -3.8488669418668877E-003
    2.865000000000000       -4.0267400288657491E-003
    2.870000000000000       -4.0994093587267457E-003
    2.875000000000000       -4.0709476964677140E-003
    2.880000000000000       -3.9478774180825372E-003
    2.885000000000000       -3.7389649641957079E-003
    2.890000000000000       -3.4549239618514891E-003
    2.895000000000000       -3.1080365312023455E-003
    2.900000000000000       -2.7117146486316535E-003
    2.905000000000000       -2.2800204937409223E-003
    2.910000000000000       -1.8271792678206783E-003
    2.915000000000000       -1.3671216384768645E-003
    2.920000000000000       -9.1309423626961550E-004
    2.925000000000000       -4.7736533017379132E-004
    2.930000000000000       -7.1032534169910182E-005
    2.935000000000000        2.9607672516059775E-004
    2.940000000000000        6.1543535277821988E-004
    2.945000000000000        8.7980468741216473E-004
    2.950000000000000        1.0831941782179475E-003
    2.955000000000000        1.2208077867661051E-003
    2.960000000000000        1.2889836561931673E-003
    2.965000000000000        1.2851285740100029E-003
    2.970000000000000        1.2076578013370760E-003
    2.975000000000000        1.0559446027177746E-003
    2.980000000000000        8.3028332499696340E-004
    2.985000000000000        5.3187846576401734E-004
    2.990000000000000        1.6286563623743808E-004
    2.995000000000000       -2.7364734086064244E-004
    3.000000000000000       -7.7354615882078495E-004
    3.005000000000000       -1.3317133133967995E-003
    3.010000000000000       -1.9420874826453520E-003
    3.015000000000000       -2.5977914797377983E-003
    3.020000000000000       -3.2913211253696293E-003
    3.025000000000000       -4.0147774749322105E-003
    3.030000000000000       -4.7601231636375010E-003
    3.035000000000000       -5.5194354361466562E-003
    3.040000000000000       -6.2851339943070670E-003
    3.045000000000000       -7.0501626397744026E-003
    3.050000000000000       -7.8081098491703882E-003
    3.055000000000000       -8.5532630665250426E-003
    3.060000000000000       -9.2805995993485517E-003
    3.065000000000000       -9.9857328497619182E-003
    3.070000000000000       -1.0664833425414217E-002
    3.075000000000000       -1.1314545602807291E-002
    3.080000000000000       -1.1931917286959690E-002
    3.085000000000000       -1.2514345549321082E-002
    3.090000000000000       -1.3059536254171866E-002
    3.095000000000000       -1.3565465013707589E-002
    3.100000000000000       -1.4030327258091284E-002
    3.105000000000000       -1.4452485437424052E-002
    3.110000000000000       -1.4830413813906298E-002
    3.115000000000000       -1.5162635866586191E-002
    3.120000000000000       -1.5447662453432520E-002
    3.125000000000000       -1.5683933305762472E-002
    3.130000000000000       -1.5869768527803673E-002
    3.135000000000000       -1.6003344847811225E-002
    3.140000000000000       -1.6082706645293494E-002
    3.145000000000000       -1.6105818189693935E-002
    3.150000000000000       -1.6070648176446223E-002
    3.155000000000000       -1.5975276911566427E-002
    3.160000000000000       -1.5818013204138561E-002
    3.165000000000000       -1.5597503439618672E-002
    3.170000000000000       -1.5312820042759556E-002
    3.175000000000000       -1.4963534191772272E-002
    3.180000000000000       -1.4549791851218807E-002
    3.185000000000000       -1.4072403669505085E-002
    3.190000000000000       -1.3532943994668356E-002
    3.195000000000000       -1.2933845918600761E-002
    3.200000000000000       -1.2278472481529024E-002
    3.205000000000000       -1.1571152643652396E-002
    3.210000000000000       -1.0817174282907558E-002
    3.215000000000000       -1.0022717282574438E-002
    3.220000000000000       -9.1947262856620746E-003
    3.225000000000000       -8.3407277068812853E-003
    3.230000000000000       -7.4685980353747494E-003
    3.235000000000000       -6.5863083028114078E-003
    3.240000000000000       -5.7016743400642884E-003
    3.245000000000000       -4.8221425304858228E-003
    3.250000000000000       -3.9546345463749883E-003
    3.255000000000000       -3.1054568796104620E-003
    3.260000000000000       -2.2802770617915398E-003
    3.265000000000000       -1.4841541601100882E-003
    3.270000000000000       -7.2160378685423403E-004
    3.275000000000000        3.3258729300211058E-006
    3.280000000000000        6.8699158484175022E-004
    3.285000000000000        1.3261068802748128E-003
    3.290000000000000        1.9176959599147700E-003
    3.295000000000000        2.4590386776832167E-003
    3.300000000000000        2.9475922682791307E-003
    3.305000000000000        3.3808961765560461E-003
    3.310000000000000        3.7564768525000485E-003
    3.315000000000000        4.0717741557995319E-003
    3.320000000000000        4.3241007825222786E-003
    3.325000000000000        4.5106371428828069E-003
    3.330000000000000        4.6284653595893568E-003
    3.335000000000000        4.6746347273837943E-003
    3.340000000000000        4.6462525159295218E-003
    3.345000000000000        4.5405971239877889E-003
    3.350000000000000        4.3552445575132337E-003
    3.355000000000000        4.0882003131767695E-003
    3.360000000000000        3.7380385116829351E-003
    3.365000000000000        3.3040406462652760E-003
    3.370000000000000        2.7863255426880946E-003
    3.375000000000000        2.1859644177074489E-003
    3.380000000000000        1.5050764933025023E-003
    3.385000000000000        7.4689835883904889E-004
    3.390000000000000       -8.4175417127956162E-005
    3.395000000000000       -9.8258285182909262E-004
    3.400000000000000       -1.9416199011441414E-003
    3.405000000000000       -2.9535046504301645E-003
    3.410000000000000       -4.0094799937634367E-003
    3.415000000000000       -5.0999563252022284E-003
    3.420000000000000       -6.2146974340413497E-003
    3.425000000000000       -7.3430399523777892E-003
    3.430000000000000       -8.4741347668712752E-003
    3.435000000000000       -9.5971926444094393E-003
    3.440000000000000       -1.0701726516793411E-002
    3.445000000000000       -1.1777776541559368E-002
    3.450000000000000       -1.2816107902297757E-002
    3.455000000000000       -1.3808373197615966E-002
    3.460000000000000       -1.4747216026950860E-002
    3.465000000000000       -1.5626303779244999E-002
    3.470000000000000       -1.6440283995741909E-002
    3.475000000000000       -1.7184670017158322E-002
    3.480000000000000       -1.7855674970458435E-002
    3.485000000000000       -1.8450021716766782E-002
    3.490000000000000       -1.8964759186934078E-002
    3.495000000000000       -1.9397113985176336E-002
    3.500000000000000       -1.9744394667307629E-002
    3.505000000000000       -2.0003956954326392E-002
    3.510000000000000       -2.0173232918601691E-002
    3.515000000000000       -2.0249813873956715E-002
    3.520000000000000       -2.0231575045633186E-002
    3.525000000000000       -2.0116824665979456E-002
    3.530000000000000       -1.9904460475502535E-002
    3.535000000000000       -1.9594126089275639E-002
    3.540000000000000       -1.9186363795844052E-002
    3.545000000000000       -1.8682754180847514E-002
    3.550000000000000       -1.8086030865590811E-002
    3.555000000000000       -1.7400163320750918E-002
    3.560000000000000       -1.6630396280860758E-002
    3.565000000000000       -1.5783237793382483E-002
    3.570000000000000       -1.4866390509625145E-002
    3.575000000000000       -1.3888627107151095E-002
    3.580000000000000       -1.2859616673556220E-002
    3.585000000000000       -1.1789710714838879E-002
    3.590000000000000       -1.0689701419481625E-002
    3.595000000000000       -9.5705663818807771E-003
    3.600000000000000       -8.4432146187928758E-003
    3.605000000000000       -7.3182464708245760E-003
    3.610000000000000       -6.2057389994722714E-003
    3.615000000000000       -5.1150627971636062E-003
    3.620000000000000       -4.0547327051500357E-003
    3.625000000000000       -3.0322906305718886E-003
    3.630000000000000       -2.0542188954842717E-003
    3.635000000000000       -1.1258770593953471E-003
    3.640000000000000       -2.5146969797543206E-004
    3.645000000000000        5.6594754365356650E-004
    3.650000000000000        1.3244323759308987E-003
    3.655000000000000        2.0230968149405353E-003
    3.660000000000000        2.6620358072103523E-003
    3.665000000000000        3.2422462194605197E-003
    3.670000000000000        3.7655407179249063E-003
    3.675000000000000        4.2344524983108913E-003
    3.680000000000000        4.6521201364681763E-003
    3.685000000000000        5.0221524617728894E-003
    3.690000000000000        5.3484743317583447E-003
    3.695000000000000        5.6351619994311575E-003
    3.700000000000000        5.8862748298201160E-003
    3.705000000000000        6.1056871617454629E-003
    3.710000000000000        6.2969265259173390E-003
    3.715000000000000        6.4630191075360921E-003
    3.720000000000000        6.6063526491470759E-003
    3.725000000000000        6.7285715911170874E-003
    3.730000000000000        6.8305158686236158E-003
    3.735000000000000        6.9122150003961336E-003
    3.740000000000000        6.9729439206678094E-003
    3.745000000000000        7.0113298889702254E-003
    3.750000000000000        7.0255057281674969E-003
    3.755000000000000        7.0133102055273593E-003
    3.760000000000000        6.9725169805880158E-003
    3.765000000000000        6.9010778158951354E-003
    3.770000000000000        6.7973561883720439E-003
    3.775000000000000        6.6603420616849229E-003
    3.780000000000000        6.4898424023907308E-003
    3.785000000000000        6.2866299013428240E-003
    3.790000000000000        6.0525425689013410E-003
    3.795000000000000        5.7905155192635585E-003
    3.800000000000000        5.5045240659146808E-003
    3.805000000000000        5.1994277301452154E-003
    3.810000000000000        4.8807368869264858E-003
    3.815000000000000        4.5543350943496872E-003
    3.820000000000000        4.2261808961869427E-003
    3.825000000000000        3.9020184855922810E-003
    3.830000000000000        3.5871167964549233E-003
    3.835000000000000        3.2860476952574915E-003
    3.840000000000000        3.0025173339105802E-003
    3.845000000000000        2.7392499006596429E-003
    3.850000000000000        2.4979243048679072E-003
    3.855000000000000        2.2791699223606479E-003
    3.860000000000000        2.0826159586514179E-003
    3.865000000000000        1.9069891866370591E-003
    3.870000000000000        1.7502382226449367E-003
    3.875000000000000        1.6096579928145259E-003
    3.880000000000000        1.4820114020894404E-003
    3.885000000000000        1.3636547890617661E-003
    3.890000000000000        1.2506704418732300E-003
    3.895000000000000        1.1390116080870025E-003
    3.900000000000000        1.0246544592207516E-003
    3.905000000000000        9.0373796414049856E-004
    3.910000000000000        7.7268335326456921E-004
    3.915000000000000        6.2828610940780489E-004
    3.920000000000000        4.6778288939023236E-004
    3.925000000000000        2.8889492319477746E-004
    3.930000000000000        8.9843335942403595E-005
    3.935000000000000       -1.3066260507192466E-004
    3.940000000000000       -3.7346065101201384E-004
    3.945000000000000       -6.3898105366308977E-004
    3.950000000000000       -9.2729567978384999E-004
    3.955000000000000       -1.2381615525651599E-003
    3.960000000000000       -1.5710482801037813E-003
    3.965000000000000       -1.9251492649158441E-003
    3.970000000000000       -2.2993848225635585E-003
    3.975000000000000       -2.6924092442389029E-003
    3.980000000000000       -3.1026235560971784E-003
    3.985000000000000       -3.5281928855828641E-003
    3.990000000000000       -3.9670570494752756E-003
    3.995000000000000       -4.4169155969197842E-003
    4.000000000000000       -4.8751865436311634E-003
