   1.0615152   0.00000000
   1.1025254   0.00000000
   1.1435355   0.00000000
   1.1845457   0.00000000
   1.2255558   0.00000000
   1.2665660   0.00000000
   1.3075761   0.00000000
   1.3485863   0.00000000
   1.3895964   0.00000000
   1.4306066   0.00000000
   1.4716167   0.00000000
   1.5126269   0.00000000
   1.5536370   0.00000000
   1.5946472   0.00000000
   1.6356573   0.00000000
   1.6766675   0.00000000
   1.7176776   0.00000000
   1.7586878   0.00000000
   1.7996979   0.00000000
   1.8407081   0.00000000
   1.8817182   0.00000000
   1.9227284   0.00000000
   1.9637385   0.00000000
   2.0047487   0.00000000
   2.0457588   0.00000000
   2.0867690   0.00000000
   2.1277791   0.00000000
   2.1687893   0.00000000
   2.2097994   0.00000000
   2.2508096   0.00000000
   2.2918197   0.00000000
   2.3328299   0.00000000
   2.3738400   0.00000000
   2.4148502   0.00000000
   2.4558603   0.00000000
   2.4968705   0.00431049
   2.5378806   0.02887240
   2.5788908   0.14578746
   2.6199009   0.44350990
   2.6609111   0.91272160
   2.7019212   1.52028508
   2.7429314   2.17410113
   2.7839415   2.59525964
   2.8249517   2.64936188
   2.8659618   2.62747917
   2.9069720   2.41292720
   2.9479821   2.15194569
   2.9889923   1.84219599
   3.0300024   1.64350259
   3.0710126   1.47156318
   3.1120227   1.31882272
   3.1530329   1.17618222
   3.1940430   1.09622961
   3.2350532   1.03276637
   3.2760633   1.00306570
   3.3170735   0.97616984
   3.3580836   0.95380756
   3.3990938   0.94135144
   3.4401039   0.95010607
   3.4811141   0.95038327
   3.5221242   0.99943459
   3.5631344   1.02329787
   3.6041445   1.01346630
   3.6451547   1.05866630
   3.6861648   1.08555569
   3.7271750   1.11905927
   3.7681851   1.14222484
   3.8091953   1.14102491
   3.8502054   1.15955777
   3.8912156   1.17109660
   3.9322257   1.19407028
   3.9732359   1.22933306
   4.0142460   1.23309456
   4.0552562   1.23043960
   4.0962663   1.23481832
   4.1372765   1.21636308
   4.1782866   1.19315725
   4.2192968   1.17647643
   4.2603069   1.13966268
   4.3013171   1.15765939
   4.3423272   1.09313985
   4.3833374   1.07429159
   4.4243475   1.02712097
   4.4653577   0.99578029
   4.5063678   0.95894724
   4.5473780   0.94479599
   4.5883881   0.90863171
   4.6293983   0.88111855
   4.6704084   0.85758135
   4.7114186   0.84581622
   4.7524287   0.81376699
   4.7934389   0.79550467
   4.8344490   0.81674437
   4.8754592   0.81536261
   4.9164693   0.80057172
   4.9574795   0.81196238
   4.9984896   0.81994736
   5.0394998   0.81495267
   5.0805099   0.83233392
   5.1215201   0.85954746
   5.1625302   0.88079337
   5.2035404   0.86954522
   5.2445505   0.88851522
   5.2855607   0.90017598
   5.3265708   0.91720828
   5.3675810   0.95063047
   5.4085911   0.97095794
   5.4496013   0.99929132
   5.4906114   1.00527881
   5.5316216   1.03462224
   5.5726317   1.02962719
   5.6136419   1.02971560
   5.6546520   1.05712563
   5.6956622   1.06813471
   5.7366723   1.06588520
   5.7776825   1.07228616
   5.8186926   1.08078263
   5.8597028   1.06830598
   5.9007129   1.07511918
   5.9417231   1.09199554
   5.9827332   1.10095182
   6.0237434   1.10233537
   6.0647535   1.10363940
   6.1057637   1.08130923
   6.1467738   1.10772709
   6.1877840   1.10286269
   6.2287941   1.11653778
   6.2698043   1.12656251
   6.3108144   1.11723165
   6.3518246   1.11606675
   6.3928347   1.10497617
   6.4338449   1.10417851
   6.4748550   1.10046623
   6.5158652   1.10911521
   6.5568753   1.09645981
   6.5978855   1.08837838
   6.6388956   1.06955919
   6.6799058   1.06152581
   6.7209159   1.05862951
   6.7619261   1.03395522
   6.8029362   1.03497533
   6.8439464   1.03635579
   6.8849565   1.03273180
   6.9259667   1.02123267
   6.9669768   1.01462692
   7.0079870   1.00606984
   7.0489971   1.00095260
   7.0900073   1.00593669
   7.1310174   0.99619662
   7.1720276   0.99438694
   7.2130377   0.99639684
   7.2540479   0.98463149
   7.2950580   0.96991594
   7.3360682   0.96954852
   7.3770783   0.96616644
   7.4180885   0.97213719
   7.4590986   0.96253960
   7.5001088   0.96559092
   7.5411189   0.96560815
   7.5821291   0.96842937
   7.6231392   0.96906240
   7.6641494   0.96766832
   7.7051595   0.97512092
   7.7461697   0.97858183
   7.7871798   0.98544355
   7.8281900   0.98923134
   7.8692001   0.98773121
   7.9102103   0.99844077
   7.9512204   1.01110476
   7.9922306   1.00635891
   8.0332407   1.01143489
   8.0742509   1.02006602
   8.1152610   1.02930390
   8.1562712   1.03824024
   8.1972813   1.04073970
   8.2382915   1.03753124
   8.2793016   1.04877821
   8.3203118   1.05498655
   8.3613219   1.05015223
   8.4023321   1.05399499
   8.4433422   1.06789173
   8.4843524   1.07189906
   8.5253625   1.07508492
   8.5663727   1.07096836
   8.6073828   1.07832908
   8.6483930   1.07739654
   8.6894031   1.06297989
   8.7304133   1.06688036
   8.7714234   1.07497883
   8.8124336   1.06973088
   8.8534437   1.06469837
   8.8944539   1.06624871
   8.9354640   1.06585439
   8.9764742   1.05108158
   9.0174843   1.05942909
   9.0584945   1.04426444
   9.0995046   1.05159420
   9.1405148   1.04732558
   9.1815249   1.04709504
   9.2225351   1.03578134
